
Before deleting alignment gaps
      9   1095

Dermochelys_coriacea            --- --- --- --- --- --- --- --- --- --- --- --- --- --- --- --- --- --- --- --- --- --- --- --- --- --- --- --- --- --- --- --- --- --- --- --- --- --- ATG TTT GAT GGA GGA GTT TTT AGT AAC --- --- --- --- --- --- --- --- --- --- --- --- --- --- --- --- --- --- --- --- --- --- --- --- --- --- --- --- --- ATC TTT CTA AAC AAT CTA TCT TTT TCA GCT AGG GCT --- --- --- --- --- --- --- --- --- --- --- TGC TTA GAA ACA AAA GAA GGA CGT AAA ATA ATT TCA CCT TCA TCT GAT CAT AAT GAG NNN GGA TTA TTA TTA AAT TTT AAA AAA ATA NNN ATT NNN GAA AGG ATA ACA GAA ACC ATT GTA NNN AAA GCC AAT AAC TCT TCA AGA AGT CAC ACA AGA ATT CCC CAC ACT TCT CTG ATG GCT GAA NNN CCT --- --- --- --- --- --- --- --- --- --- TTA GTT TGG GTG ATT TCA CTA GCA TAT GCA ATG CCA CAA TTT AAA NNN AAG CAC ACA ATA GAA NNN TAT GAT AAG TCA GTC TGT CAT GCA GTG TAT CCT TCA GAT CTC ACA GAA TTG GTT TTT AAA GTA CTC CAA ATG ACC CTT GGA TTC TTT ATC CCC ATG CTA ACC ATG ATT ATC TGC TAC TCA ATA ATT ATT AAA ACT TTA CTT CCT GCC AGG AGT TTC CAA AAA CAC AAA TCC NNN AAA ATA ATA TTT ACT ATA GTA GTG ATG TTC GTT CTT ACT CAG TTA CCC TAC AAT TTA TTG ATA CTC ATA CGC AAT ATA CAT GTG GAA TTC AAT CTG GAC TAC AAT TTT GAC TCA GCA GTG GTC ATA ACA GAA GCA ATT GCT TAT CTC CAT GGC TGT CTC AAC CCT GTT CTA TAT TTC TTT ACT GGA GTG AAG TTC AGG AAG AAC TTC CAG AAA ATC ATC AAG AAC ATC AGA TGT GTT AAG CGC CAA GGT ATC ATG AAG CAA TGG CAA ACC ACT GAA GAT GAG AGC TTG AAA ACT TGT ACT GCC TCG TCC AAT GTA GAA GCA ACA AGC ATG TAT CCA TTA 
Chelonoidis_abingdonii          ATG GAG CTT CCA GAA TGT TAT TAC CCA GAC CTT AAC CTC ACG TGC AAC GAT TAC AAT GAG AAT GAA CAT TTT CTC AAG GCC AGC AAA ATC TTT CTG CCC TGT ATG TAT GCA TTA GCT TTT GCC TTT GGG CTG ATA GGA AAT TCT TTG GTC CTT ATC ATA TAC ATT TTC TGT GAG AAA CTG AAG ACA CTG ACA GAT GTA TTT TTA GTG AGC TTG GCT ACA GCA GAC TTG CTT TTC CTT TCC ACC TTG CCA TTC TGG GCA TAT TCT GCT GCT CAC GAA TGG ATT TTT GGC TCC TTA ATG TGT --- --- --- --- --- --- --- AAA ATT ATA CGG GGC CTG TAC ACT TTG AAT CTG TAC ACT TCA ATG TTA ACG CTC ACT TGT ATA ACT ATT GAC AGG TTT ATT GCT ATT GCC CAA GCC ACA AAA GCC CAC --- --- --- --- --- --- --- --- --- --- --- --- --- --- ATG TGT CAA GCC AAA AGA ATG GTT TGG GGG AAA GTC ATC TGC ATT TTA GTT TGG GTG GTT TCA CTA GTA TTT GCA ATA CCA CAA TTT AAA TAC AGT --- ACA CAA TCG AAC TAC GAT AAG TCA GTC TGT CAT GCA GTA TAC CCT TCA CAG CTC ATA GAA TTG GCT TTT AAA GTA ATC CAA ATG ACC CTT GGA TTC TTT ATC CCC CTG CTA ACC ATG ATT ATC TGC TAC TCA ATA ATT ATC AAA ACT TTA CTT CAT GCC AGG AGT TTC CAA AAG CAC AAA TCC TTA AAA ATC ATA TTT TCC ATA GTA GTG GTG TTC ATT CTT ACT CAG TTA CCC TAC AAT TTA CTG ATA CTC ATA CGT AAT ATA CAT GTG GAA TTC AAC CTG GAC TAC AAT TTC GAC TCT GCG GTG GTC ATA ACA GAA GCA ATT GCT TAT CTC CAT GGC TGT CTC AAC CCC GTT CTG TAT TTC TTT ATT GGG GTG AAG TTC AGG AAG AAC TTC CAG AAA ATC ATT AAG AAC ATC ACA TGT GTT AAG CGC CAA GGT ATC GTG AAG CAA TGG CAA ACC ACT GAA GAG GAG GGC TCG AAA ACT TGT ACC GCC TCA CCC AAT GTA GAA GCA ACA AGC ATG TAT CCA TTA 
Gopherus_evgoodei               ATG GAG TTT TCA GAA TGT TAT TAC CCA GAC CTT AAC CTC ACC TGC AAC GAT TAC AGT GAG AAT GAA CAT TTT CTC AAG GCC AGC AAA ATC TTT CTG CCG TGT ATG TAT GCA TTA GCT TTT GCC TTT GGG CTG ATA GGA AAT TCT TTG GTC CTT ATC ATA TAC ATT TTC TGT GAG AAA CTG AAG ACA CTG ACA GAC GTA TTT TTA GTG AGC TTG GCT TCA GCA GAC TTG CTT TTC CTT TCC ACC TTG CCA TTC TGG GCA TAT TCT GCT GCA CAC GAG TGG ATT TTT GGC TCC TTA ATG TGT --- --- --- --- --- --- --- AAA ATT ATA CGG GGC CTG TAC ACT TTG AAT CTG TAC ACT TCA ATG TTA ACG CTC ACT TGT ATA ACT ATT GAC AGG TTT ATT GCT ATT GCC CAA GCC ACA AAA GCC CAC --- --- --- --- --- --- --- --- --- --- --- --- --- --- ATG TGT CAA GCC AAA AGA ATG GTT TGG GGG AAA GTC ATC TGC ATT TTA GTT TGG GTG GTT TCA CTA GCA TTT GCA ATA CCA CAA TTT AAA TAC AGT --- ACA CAA CTG AAT TAC GAT AAG TCA GTC TGT CAT GCA ATA TAC CCT TCA CAT CTC ATA GAA TTG GCT TTT AAA GTA TTC CAA ATG ACC CTT GGA TTC TTT ATT CCC ATG ATA ACC ATG ATT ATC TGC TAC TCA ATA ATT ATC AAA ACT TTA CTT CAT GCC AGG AGT TTC CAA AAG CAC AAA TCC TTA AAA ATC ATA TTT TCC ATA GTA GTG GTG TTC ATT CTT ACT CAG TTA CCC TAC AAT TTA CTG ATA CTC ATA CGC AAT ATA CAT GTG GAA TTC AAC CTG GAC TAC AAT TTC GAC TCT GCA GTG GTC ATA ACA GAA GCA ATT GCT TAT CTC CAT GGC TGT CTC AAC CCC GTT CTG TAT TTC TTT ATT GGG GTG AAG TTC AGG AAG AAC TTC CAG AAA ATC ATT AAG AAC ATC ACA TGT GTT AAG CGT CAA GGT ATT GTG AAG CAA TGG CAA ACC ACT GAA GAG GAG GGC TCG AAA ACT TAT ACC GCC TCA CCC AAT GTA GAA GCA ACA AGC ATG TAT CCA TTA 
Mauremys_reevesii               ATG GAG TTT CCA GAA TGT TAT TAC CCA GAC CTT AAC CTC ACC TGC AAC GAT TAC AGT GAG AAT GAA CAT TTT CTC AAG GCC AGC AAA ATC TTT CTG CCC TGT ATG TAT GCA TTA GCT TTT GCC TTT GGG CTG ATA GGA AAT TCT TTG GTC GTT ATC ATA TAC ATT TTC TGT GAG AAA CTG AAG ACA CTG ACA GAT GTA TTT TTA GTG AGC TTG GCT ACA GCA GAC TTG CTT TTC CTT TCC ACC TTG CCA TTC TGG GCA TAT TCT GCT GCT CAC GAG TGG ATT TTT GGA TCC TTA ATG TGT --- --- --- --- --- --- --- AAA ATT ATA CGG GGC CTG TAC ACT TTG AAT CTG TAC ACT TCA ATG TTA ACG CTC ACT TGT ATA ACT ATT GAC AGG TTT ATT GCT ATT GCC CAA GCC ACA AAA GCC CAC --- --- --- --- --- --- --- --- --- --- --- --- --- --- ATG TGT CAA GCC AAA AGA ATG GTT TGG GGG AAA CTC ATC TGC ATT TTA GTT TGG GTG GTT TCA CTA GCA TTT GCA ATA CCA CAA TTT AAA TAC AGT --- ACA CAA CTG AAC TAC GAT AAG TCA GTC TGT CAA TCA ATA TAC CCT TCA CAA CTC ATA GAA TTG GCT TTT ACA GTA TTC CAA ATG ACC CTT GGA TTC TTT ATC CCC ATG GTA ACC ATG ATT ATC TGC TAC TCA ATA ATT ATC AAA ACT TTA CTT CAT GCC AGG AGT TTC CAA AAG CAC AAA TCC TTA AAA ATC ATA TTT TCC ATA GTA GTG GTG TTC ATT CTT ACT CAG TTA CCC TAC AAT TTA CTG ATA CTC ATA CGC AAT ATA CAT GTG GAA TTC AAC CTG GAC TAC AAT TTC GAC TCT GCA GTG GTC ATA ACA GAA GCA ATT GCT TAT CTC CAT GGC TGT CTC AAC CCT GTT CTG TAT TTC TTT ATT GGG GTG AAG TTC AGG AAG AAC TTC CAG AAA ATC ATT AAG AAC ATC ACA TGT GTT AAG CGT CAA GGT ATC ATG AAG CCA TGG CAA ACC ACT GAA GAG GAT GGC TCG AAA ACT TGT ACC GCC TCA CCC AAT GTA GAA GCA ACA AGC ATG TAT CCA TTA 
Chrysemys_picta                 ATG GAG CTT CCA GAA TGT TAT TAC CCA GAC CTT AAC CTC ACG TGC AAC GAT TAC AAT GAA AAT GAA CAT TTT CTC CAG GCC AGC AAA ATC TTT CTG CCC TGT ATG TAT GCA TTA GCT TTC GCC TTT GGG CTG ATA GGA AAT TCT TTG GTC CTT ATC ATA TAC ATT TTC TGT GAG AAA CTG AAG ACA TTG ACG GAT GTA TTT TTA GTG AGC TTG GCT ACA GCA GAC TTG CTT TTC CTT TCC ACC TTG CCA TTC TGG GCA TAT TCT GCT GCT CAT GAG TGG ATT TTT GGC TCC TTG ATG TGT --- --- --- --- --- --- --- AAA ATT ATA CGG GGC CTG TAC ACT TTG AAT CTG TAC ACT TCA ATG TTA ACG CTC ACT TGT ATA ACT ATT GAC AGG TTT ATT GCT ATT GCC CAA GCC ACA AAA GCC CAC --- --- --- --- --- --- --- --- --- --- --- --- --- --- ATG TGT CAA GCC AAA AGA ATG GTT TGG GGG AAA GTC ATC TGC ATG TTA GTT TGG GTG ATT TCA CTA GCA TTT GCA ATG CCA CAA TTT AAA TAC AGT --- AGA CAA TCG AAC TAC GAT AAG TCA GTC TGT CAT GCA ATA TAC CCT TCA CAT CTC ATA GAG TTG GTT TTT AAA GTA CTC CAA ATG ACT CTT GGA TTC TTT ATC CCC ATG CTA ACC ATG ATT ATC TGC TAC TCA ATA ATT ATC AAA ACT TTA TTT CAT GCC AGG AGT TTC CAA AAG CAC AAA TCC TTA AAA ATA ATA TTT TCT ATA GTA GTG GTG TTC ATT CTT ACT CAG TTA CCC TAC AAT TTA TTG ATA CTC ATA CGC AAT ATA CAT GTG GAA TTC AAC CTG GAC TAC AAT TTC GAC TCT GCG GTG GTC ATA ACA GAA GCA ATT GCT TAT CTC CAT GGC TGT CTC AAC CCC GTT CTG TAT TTC TTT ATT GGG GTG AAG TTC AGG AAG AAC TTC CAG AAA ATC ATT AAG AAC ATC AGA TGT GTT AAG CGC CAA GGT ATC GTG AAG CAA TGG CAA ACC ACT GAA GAG GAG GGC TCG AAA ACT TGT ACT GCC TCA CCC AAT GTA GAA GCA ACA AGC ATG TAT CCA TTA 
Trachemys_scripta               ATG GAG CTT CCA GAA TGT TAT TAC CCA GAC CTT AAC CTC ACA TGC AAC GAT TAC AAT GAA AAT GAA CAT TTT CTC CAG GCC AGC AAA ATC TTT CTG CCC TGT ATG TAT GCA TTA GCT TTC GCC TTT GGG CTG ATA GGA AAT TCT TTG GTC CTT ATC ATA TAC ATT TTC TGT GAG AAA CTG AAG ACA TTG ACG GAT GTA TTT TTA GTG AGC TTG GCT ACA GCA GAC TTG CTT TTC CTT TCC ACC TTG CCA TTC TGG GCA TAT TCT GCT GCT CAT GAG TGG ATT TTT GGC TCC TTG ATG TGT --- --- --- --- --- --- --- AAA ATT ATA CGG GGC CTG TAT ACT TTG AAT CTG TAC ACT TCA ATG TTA ACG CTC ACT TGT ATA ACT ATT GAC AGG TTT ATT GCT ATT GCC CAA GCC ACA AAA GCC CAC --- --- --- --- --- --- --- --- --- --- --- --- --- --- ATG TGT CAA GCC AAA AGA ATG GTT TGG GGG AAA GTC ATC TGC ATG TTA GTT TGG GTG ATT TCA CTA GCA TTT GCA ATG CCA CAA TTT AAA TAC AGT --- AGA CAA TCG AAC TAC GAT AAG TCA GTC TGT CAT GCA ATA TAT CCT TCA CAT CTC ATA GAG TTG GTT TTT AAA GTA CTC CAA ATG ACC CTT GGA TTC TTT ATC CCC ATG CTA ACC ATG ATT ATC TGC TAC TCA ATA ATT ATC AAA ACT TTA TTT CAT GCC AGG AAT TTC CAA AAG CAC AAA TCC TTA AAA ATA ATA ATT TCT ATA GTA GTG GTG TTC ATT CTT ACT CAG TTA CCC TAC AAT TTA TTG ATA CTC ATA CGC AAT ATA CAT GTG GAA TTC AAC CTG GAC TAC AAT TTC GAC TCT GCG GTG GTC ATA ACA GAA GCA ATT GCT TAT CTC CAT GGC TGT CTC AAC CCC GTT CTG TAT TTC TTT ATT GGG GTG AAG TTC AGG AAG AAC TTC CAG AAA ATC ATT AAG AAC ATC AGA TGT GTT AAG CGC CAA GGT ATC GTG AAG CAA TGG CAA ACC ACT GAA GAG GAG GGC TCA AAA ACT TGT ACT GCC TCA CCC AAT GTA GAA GCA ACA AGC ATG TAT CCA TTA 
Terrapene_carolina              ATG GAG CTT CCA GAA TGT TAT TAC CCA GAC CTT AAC CTC ACG TGC AAC GAT GAC AAT GAA AAT GAA CAT TTT CTC AAG GCC AGC AAA ATC TTT CTG CCC TGT ATG TAT GCA TTA GCT TTT GCC TTT GGG CTG ATA GGA AAT TCT TTG GTC CTT ATC ATA TAC ATT TTC TGT GAG AAA CTG AAG ACA TTG ACG GAT GTA TTT TTA GTG AGC TTG GCT ACA GCA GAC TTG CTT TTC CTT TCC ACC TTG CCA TTC TGG GCA TAT TCT GCT GCT CAC GAG TGG ATT TTT GGC TCC TTG ATG TGT --- --- --- --- --- --- --- AAA ATT ATA CGG GGC CTG TAC ACT TTG AAT CTG TAC ACT TCA ATG TTA ACG CTC ACT TGT ATA ACT ATT GAC AGG TTT ATT GCT ATT GCC CAA GCC ACA AAA GCC CAC --- --- --- --- --- --- --- --- --- --- --- --- --- --- ATG TGT CAA GCC AAA AGA ATG GTT TGG GGG AAA GTC ATC TGC ATT TTA GTT TGG GTG ATT TCA CTA GCA TTT GCA ATG CCA CAA TTT AAA TAC AGT --- AGA CAA TCG AAC TAC GAT AAG TCA GTC TGT CAT GCA ATA TAC CCT TCA CAT CTC ATA GAG TTG GTT TTT AAA GTA CTC CAA ATG ACC CTT GGA TTC TTT ATC CCC ATG CTA ACC ATG ATT ATC TGC TAC TCA ATA ATT ATC AAA ACT TTA CTT CAT GCC AGG AGT TTC CAA AAG CAC AAA TCC TTA AAA ATA ATA TTT TCT ATA GTA GTG GTG TTC ATT CTT ACT CAG TTA CCC TAC AAT TTA TTG ATA CTC ATA CGC AAT ATA CAT GTG GAA TTC AAC CTG GAC TAC AAT TTC GAC TCT GCG GTG GTC ATA ACA GAA GCA ATT GCT TAT CTC CAT GGC TGT CTC AAC CCC ATT CTG TAT TTC TTT ATT GGG GTG AAG TTC AGG AAG AAC TTC CAG AAA ATC ATT AAG AAC ATC AGA TGT GTT AAG CGC CAA GGT ATC GTG AAG CAA TGG CAA ACC ACT GAA GAG GAG GGC TCG AAA ACT TGT ACT GCC TCA CCC AAT GTA GAA GCA ACA AGC ATG TAT CCA TTA 
Chelonia_mydas                  ATG GAG CTT CCA GAT TGT TAT TAC CCA GAC CTT AAC CTT ACG TGC AAC GAT TAC AAT GAG AAT GAA CAT TTT CTC AGG GCC AGC AAA ATC TTT CTG CCC TGT ATG TAT GCA TTT GCT TTT GCC TTC GGG CTG ATA GGA AAT TCT TTG GTC CTT ATC ATA TAC ATT TTC TGT GAG AAA CTG AAG ACG TTG ACA GAT GTA TTT TTA GTG AGC TTG GCT ACA GCA GAC TTG CTT TTC CTT TCC ACC TTG CCA TTC TGG GCA TAT TCT GCT GCT CGC GAG TGG ATT TTT GGC TCC TTG ATG TGT --- --- --- --- --- --- --- AAA ATT ATA CGG GGC CTG TAC ACT TTG AAT CTG TAC ACT TCA ATG TTA ACA CTC ACT TGT ATA ACT ATT GAC AGA TTT ATT GCT ATT GCC CAA GCC ACA AAA GCC CAC --- --- --- --- --- --- --- --- --- --- --- --- --- --- ATG TGT CAA GCC AAA AGA ATG GTT TGG GGG AAA GTG ATC TGC ATT TTA GTT TGG GTG ATT TCA CTA GCA TTT GCA ACG CCA CAA TTT AAA TAC AGT --- ACA CAA TCA AAC TAT GAT AAG TCA GTC TGT CAT GCA GTG TAT CCT TCA GAT CTC ACA GAA TTG GTT TTT AAA GTA CTT CAA ATG ACC CTT GGA TTC TTT ATC CCC ATG CTA ACC ATG ATT ATC TGC TAC TCA ATA ATT ATC AAA ACT TTA CTT CGT GCC AGG AGT TTC CAA AAA CAC AAA TCC TTA AAA ATA ATA TTT TCT ATA GTA GTG ACG TTC ATT CTT ACT CAG TTA CCC TAC AAT TTG TTG ATA CTC ATA CGC AAT ATA CAT GTG GAA TTC AAC CTG GAC TAC AAT TTC GAC TCT GCG GTG GTT ATA ACA GAA GCA ATT GCT TAT CTC CAT GGC TGT CTC AAC CCT GTT CTA TAT TTC TTT ATT GGG GTG AAG TTC AGG AAG AAC TTC CAG AAA ATC ATC AAG AAC ATC AGA TGT GTT AAG CGC CAA GGT ATT GTG AAG CAA TGG CAA ACC ACT GAA GAT GAG GGC TCG AAA ACT TGT ACT GCC TCA CCC AAT GTA GAA GCA ACA AGC ATG TAT CCA TTA 
Pelodiscus_sinensis             ATG GAG GAT CTG GAT TGT TAT TAC CCC GAG CTT AAC CTC ACG TGC AAC GAT TAT AGT GAG AGT GAT GAT TTT CTC AGG GCC AGC AAA ATT TTT CTG CCC TGT ATG TAT GCA TTA GCT TTT GTC TTT GGG CTG ATA GGA AAT GCT TTG GTC ATT ATC ATA TAC ATT TTC TGT GAA AAA CTG AAG ACA CTG ACA GAT GTA TTT TTA GTG AGC TTG GCT ACA GCT GAC TTG CTT TTT CTT TCT ACC TTG CCA TTC TGG GCA TAT TCT GCT GCT CAC GAG TGG ATT TTT GGC TCT GTG ACG TGT --- --- --- --- --- --- --- AAA ATT ATA CGG GGC CTG TAC ACT TTG AAT CTG TAT ACA TCA ATG CTA ACC CTC ACT TGT ATA ACT ATT GAG AGG TTT ATC GCT ATT GTC CAA GCC ACC AAA GCC CAT --- --- --- --- --- --- --- --- --- --- --- --- --- --- GTG AAT CAA GCC AAA AGA ATG GTG TGG GGG AAA GTT ATC TGC ATT TTA GTT TGG GTG ATG TCA GTA GTA TTT GCA ATA CCA CAA TTT ATA TAT AGT --- ACA CAA TCC ACA TAT GAT AAG TCA ATT TGT CAT GCA ACG TAC CCA TCC CGT CTC GTA GAA TTG GTT CTT AAA GTA CTT CAA ATG ACT CTT GGA TTC CTT ATC CCT CTG CTA ACA ATG ATT ATC TGC TAC TCG ATC ATT ATC AAA ACT TTA CTA CAT GCC AGG AGT TTC CAA AAG CAC AAA TCC TTA AAA ATA ATA TTT TCT GTA GTA GTG GTG TTC ATT CTT ACC CAG TTA CCC TAT AAC TTC CTG ATA CTC TTA CGC AAT ATA TAC TTA GAA TTC TAC CTG GAC TAC AAT TAT GAT GCT GCG GTA GTC ATA ACA GAA GCA ATT GCT TAT CTC CAT GGC TGT CTC AAC CCT ATT CTG TAT TTC TTT ATT GGG GCC AAG TTC AGA AAG AAC GTT CAG AAA ATC ATG AAG AAC ATC AGA CAT GTT AAG CAC CAA GGC TTC ATG AAG CAA TGG CAA ACC ACT GAA GAG GAA GGC TCA AAA ACT TGC ACT GCT TCC CAG AAT GCA GAA GCA ACA AGC ATG TAT CCA TTA 



After deleting gaps. 741 sites
      9    741

Dermochelys_coriacea            ATG TTT GAT GGA GGA GTT TTT AGT AAC ATC TTT CTA AAC AAT CTA TCT TTT TCA GCT AGG GCT TGC AAA ATA ATT TCA CCT TCA TCT GAT CAT AAT GAG GGA TTA TTA TTA AAT TTT AAA AAA ATA ATT GAA AGG ATA ACA GAA ACC ATT GTA AAA GCC AAT ATG GCT GAA CCT TTA GTT TGG GTG ATT TCA CTA GCA TAT GCA ATG CCA CAA TTT AAA AAG ACA ATA GAA TAT GAT AAG TCA GTC TGT CAT GCA GTG TAT CCT TCA GAT CTC ACA GAA TTG GTT TTT AAA GTA CTC CAA ATG ACC CTT GGA TTC TTT ATC CCC ATG CTA ACC ATG ATT ATC TGC TAC TCA ATA ATT ATT AAA ACT TTA CTT CCT GCC AGG AGT TTC CAA AAA CAC AAA TCC AAA ATA ATA TTT ACT ATA GTA GTG ATG TTC GTT CTT ACT CAG TTA CCC TAC AAT TTA TTG ATA CTC ATA CGC AAT ATA CAT GTG GAA TTC AAT CTG GAC TAC AAT TTT GAC TCA GCA GTG GTC ATA ACA GAA GCA ATT GCT TAT CTC CAT GGC TGT CTC AAC CCT GTT CTA TAT TTC TTT ACT GGA GTG AAG TTC AGG AAG AAC TTC CAG AAA ATC ATC AAG AAC ATC AGA TGT GTT AAG CGC CAA GGT ATC ATG AAG CAA TGG CAA ACC ACT GAA GAT GAG AGC TTG AAA ACT TGT ACT GCC TCG TCC AAT GTA GAA GCA ACA AGC ATG TAT CCA TTA 
Chelonoidis_abingdonii          GCT TTT GCC TTT GGG CTG ATA GGA AAT CTT TTC CTT TCC ACC TTG CCA TTC TGG GCA TAT TCT TGT AAA ATT ATA CGG GGC CTG TAC ACT TTG AAT CTG ACT TCA ATG TTA ACG CTC ACT TGT ATA ATT AGG TTT ATT GCT ATT GCC CAA GCC AAA GCC CAC ATG TGT CAA AAA TTA GTT TGG GTG GTT TCA CTA GTA TTT GCA ATA CCA CAA TTT AAA AGT ACA CAA TCG TAC GAT AAG TCA GTC TGT CAT GCA GTA TAC CCT TCA CAG CTC ATA GAA TTG GCT TTT AAA GTA ATC CAA ATG ACC CTT GGA TTC TTT ATC CCC CTG CTA ACC ATG ATT ATC TGC TAC TCA ATA ATT ATC AAA ACT TTA CTT CAT GCC AGG AGT TTC CAA AAG CAC AAA TCC AAA ATC ATA TTT TCC ATA GTA GTG GTG TTC ATT CTT ACT CAG TTA CCC TAC AAT TTA CTG ATA CTC ATA CGT AAT ATA CAT GTG GAA TTC AAC CTG GAC TAC AAT TTC GAC TCT GCG GTG GTC ATA ACA GAA GCA ATT GCT TAT CTC CAT GGC TGT CTC AAC CCC GTT CTG TAT TTC TTT ATT GGG GTG AAG TTC AGG AAG AAC TTC CAG AAA ATC ATT AAG AAC ATC ACA TGT GTT AAG CGC CAA GGT ATC GTG AAG CAA TGG CAA ACC ACT GAA GAG GAG GGC TCG AAA ACT TGT ACC GCC TCA CCC AAT GTA GAA GCA ACA AGC ATG TAT CCA TTA 
Gopherus_evgoodei               GCT TTT GCC TTT GGG CTG ATA GGA AAT CTT TTC CTT TCC ACC TTG CCA TTC TGG GCA TAT TCT TGT AAA ATT ATA CGG GGC CTG TAC ACT TTG AAT CTG ACT TCA ATG TTA ACG CTC ACT TGT ATA ATT AGG TTT ATT GCT ATT GCC CAA GCC AAA GCC CAC ATG TGT CAA AAA TTA GTT TGG GTG GTT TCA CTA GCA TTT GCA ATA CCA CAA TTT AAA AGT ACA CAA CTG TAC GAT AAG TCA GTC TGT CAT GCA ATA TAC CCT TCA CAT CTC ATA GAA TTG GCT TTT AAA GTA TTC CAA ATG ACC CTT GGA TTC TTT ATT CCC ATG ATA ACC ATG ATT ATC TGC TAC TCA ATA ATT ATC AAA ACT TTA CTT CAT GCC AGG AGT TTC CAA AAG CAC AAA TCC AAA ATC ATA TTT TCC ATA GTA GTG GTG TTC ATT CTT ACT CAG TTA CCC TAC AAT TTA CTG ATA CTC ATA CGC AAT ATA CAT GTG GAA TTC AAC CTG GAC TAC AAT TTC GAC TCT GCA GTG GTC ATA ACA GAA GCA ATT GCT TAT CTC CAT GGC TGT CTC AAC CCC GTT CTG TAT TTC TTT ATT GGG GTG AAG TTC AGG AAG AAC TTC CAG AAA ATC ATT AAG AAC ATC ACA TGT GTT AAG CGT CAA GGT ATT GTG AAG CAA TGG CAA ACC ACT GAA GAG GAG GGC TCG AAA ACT TAT ACC GCC TCA CCC AAT GTA GAA GCA ACA AGC ATG TAT CCA TTA 
Mauremys_reevesii               GCT TTT GCC TTT GGG CTG ATA GGA AAT CTT TTC CTT TCC ACC TTG CCA TTC TGG GCA TAT TCT TGT AAA ATT ATA CGG GGC CTG TAC ACT TTG AAT CTG ACT TCA ATG TTA ACG CTC ACT TGT ATA ATT AGG TTT ATT GCT ATT GCC CAA GCC AAA GCC CAC ATG TGT CAA AAA TTA GTT TGG GTG GTT TCA CTA GCA TTT GCA ATA CCA CAA TTT AAA AGT ACA CAA CTG TAC GAT AAG TCA GTC TGT CAA TCA ATA TAC CCT TCA CAA CTC ATA GAA TTG GCT TTT ACA GTA TTC CAA ATG ACC CTT GGA TTC TTT ATC CCC ATG GTA ACC ATG ATT ATC TGC TAC TCA ATA ATT ATC AAA ACT TTA CTT CAT GCC AGG AGT TTC CAA AAG CAC AAA TCC AAA ATC ATA TTT TCC ATA GTA GTG GTG TTC ATT CTT ACT CAG TTA CCC TAC AAT TTA CTG ATA CTC ATA CGC AAT ATA CAT GTG GAA TTC AAC CTG GAC TAC AAT TTC GAC TCT GCA GTG GTC ATA ACA GAA GCA ATT GCT TAT CTC CAT GGC TGT CTC AAC CCT GTT CTG TAT TTC TTT ATT GGG GTG AAG TTC AGG AAG AAC TTC CAG AAA ATC ATT AAG AAC ATC ACA TGT GTT AAG CGT CAA GGT ATC ATG AAG CCA TGG CAA ACC ACT GAA GAG GAT GGC TCG AAA ACT TGT ACC GCC TCA CCC AAT GTA GAA GCA ACA AGC ATG TAT CCA TTA 
Chrysemys_picta                 GCT TTC GCC TTT GGG CTG ATA GGA AAT CTT TTC CTT TCC ACC TTG CCA TTC TGG GCA TAT TCT TGT AAA ATT ATA CGG GGC CTG TAC ACT TTG AAT CTG ACT TCA ATG TTA ACG CTC ACT TGT ATA ATT AGG TTT ATT GCT ATT GCC CAA GCC AAA GCC CAC ATG TGT CAA AAA TTA GTT TGG GTG ATT TCA CTA GCA TTT GCA ATG CCA CAA TTT AAA AGT AGA CAA TCG TAC GAT AAG TCA GTC TGT CAT GCA ATA TAC CCT TCA CAT CTC ATA GAG TTG GTT TTT AAA GTA CTC CAA ATG ACT CTT GGA TTC TTT ATC CCC ATG CTA ACC ATG ATT ATC TGC TAC TCA ATA ATT ATC AAA ACT TTA TTT CAT GCC AGG AGT TTC CAA AAG CAC AAA TCC AAA ATA ATA TTT TCT ATA GTA GTG GTG TTC ATT CTT ACT CAG TTA CCC TAC AAT TTA TTG ATA CTC ATA CGC AAT ATA CAT GTG GAA TTC AAC CTG GAC TAC AAT TTC GAC TCT GCG GTG GTC ATA ACA GAA GCA ATT GCT TAT CTC CAT GGC TGT CTC AAC CCC GTT CTG TAT TTC TTT ATT GGG GTG AAG TTC AGG AAG AAC TTC CAG AAA ATC ATT AAG AAC ATC AGA TGT GTT AAG CGC CAA GGT ATC GTG AAG CAA TGG CAA ACC ACT GAA GAG GAG GGC TCG AAA ACT TGT ACT GCC TCA CCC AAT GTA GAA GCA ACA AGC ATG TAT CCA TTA 
Trachemys_scripta               GCT TTC GCC TTT GGG CTG ATA GGA AAT CTT TTC CTT TCC ACC TTG CCA TTC TGG GCA TAT TCT TGT AAA ATT ATA CGG GGC CTG TAT ACT TTG AAT CTG ACT TCA ATG TTA ACG CTC ACT TGT ATA ATT AGG TTT ATT GCT ATT GCC CAA GCC AAA GCC CAC ATG TGT CAA AAA TTA GTT TGG GTG ATT TCA CTA GCA TTT GCA ATG CCA CAA TTT AAA AGT AGA CAA TCG TAC GAT AAG TCA GTC TGT CAT GCA ATA TAT CCT TCA CAT CTC ATA GAG TTG GTT TTT AAA GTA CTC CAA ATG ACC CTT GGA TTC TTT ATC CCC ATG CTA ACC ATG ATT ATC TGC TAC TCA ATA ATT ATC AAA ACT TTA TTT CAT GCC AGG AAT TTC CAA AAG CAC AAA TCC AAA ATA ATA ATT TCT ATA GTA GTG GTG TTC ATT CTT ACT CAG TTA CCC TAC AAT TTA TTG ATA CTC ATA CGC AAT ATA CAT GTG GAA TTC AAC CTG GAC TAC AAT TTC GAC TCT GCG GTG GTC ATA ACA GAA GCA ATT GCT TAT CTC CAT GGC TGT CTC AAC CCC GTT CTG TAT TTC TTT ATT GGG GTG AAG TTC AGG AAG AAC TTC CAG AAA ATC ATT AAG AAC ATC AGA TGT GTT AAG CGC CAA GGT ATC GTG AAG CAA TGG CAA ACC ACT GAA GAG GAG GGC TCA AAA ACT TGT ACT GCC TCA CCC AAT GTA GAA GCA ACA AGC ATG TAT CCA TTA 
Terrapene_carolina              GCT TTT GCC TTT GGG CTG ATA GGA AAT CTT TTC CTT TCC ACC TTG CCA TTC TGG GCA TAT TCT TGT AAA ATT ATA CGG GGC CTG TAC ACT TTG AAT CTG ACT TCA ATG TTA ACG CTC ACT TGT ATA ATT AGG TTT ATT GCT ATT GCC CAA GCC AAA GCC CAC ATG TGT CAA AAA TTA GTT TGG GTG ATT TCA CTA GCA TTT GCA ATG CCA CAA TTT AAA AGT AGA CAA TCG TAC GAT AAG TCA GTC TGT CAT GCA ATA TAC CCT TCA CAT CTC ATA GAG TTG GTT TTT AAA GTA CTC CAA ATG ACC CTT GGA TTC TTT ATC CCC ATG CTA ACC ATG ATT ATC TGC TAC TCA ATA ATT ATC AAA ACT TTA CTT CAT GCC AGG AGT TTC CAA AAG CAC AAA TCC AAA ATA ATA TTT TCT ATA GTA GTG GTG TTC ATT CTT ACT CAG TTA CCC TAC AAT TTA TTG ATA CTC ATA CGC AAT ATA CAT GTG GAA TTC AAC CTG GAC TAC AAT TTC GAC TCT GCG GTG GTC ATA ACA GAA GCA ATT GCT TAT CTC CAT GGC TGT CTC AAC CCC ATT CTG TAT TTC TTT ATT GGG GTG AAG TTC AGG AAG AAC TTC CAG AAA ATC ATT AAG AAC ATC AGA TGT GTT AAG CGC CAA GGT ATC GTG AAG CAA TGG CAA ACC ACT GAA GAG GAG GGC TCG AAA ACT TGT ACT GCC TCA CCC AAT GTA GAA GCA ACA AGC ATG TAT CCA TTA 
Chelonia_mydas                  GCT TTT GCC TTC GGG CTG ATA GGA AAT CTT TTC CTT TCC ACC TTG CCA TTC TGG GCA TAT TCT TGT AAA ATT ATA CGG GGC CTG TAC ACT TTG AAT CTG ACT TCA ATG TTA ACA CTC ACT TGT ATA ATT AGA TTT ATT GCT ATT GCC CAA GCC AAA GCC CAC ATG TGT CAA AAA TTA GTT TGG GTG ATT TCA CTA GCA TTT GCA ACG CCA CAA TTT AAA AGT ACA CAA TCA TAT GAT AAG TCA GTC TGT CAT GCA GTG TAT CCT TCA GAT CTC ACA GAA TTG GTT TTT AAA GTA CTT CAA ATG ACC CTT GGA TTC TTT ATC CCC ATG CTA ACC ATG ATT ATC TGC TAC TCA ATA ATT ATC AAA ACT TTA CTT CGT GCC AGG AGT TTC CAA AAA CAC AAA TCC AAA ATA ATA TTT TCT ATA GTA GTG ACG TTC ATT CTT ACT CAG TTA CCC TAC AAT TTG TTG ATA CTC ATA CGC AAT ATA CAT GTG GAA TTC AAC CTG GAC TAC AAT TTC GAC TCT GCG GTG GTT ATA ACA GAA GCA ATT GCT TAT CTC CAT GGC TGT CTC AAC CCT GTT CTA TAT TTC TTT ATT GGG GTG AAG TTC AGG AAG AAC TTC CAG AAA ATC ATC AAG AAC ATC AGA TGT GTT AAG CGC CAA GGT ATT GTG AAG CAA TGG CAA ACC ACT GAA GAT GAG GGC TCG AAA ACT TGT ACT GCC TCA CCC AAT GTA GAA GCA ACA AGC ATG TAT CCA TTA 
Pelodiscus_sinensis             GCT TTT GTC TTT GGG CTG ATA GGA AAT CTT TTT CTT TCT ACC TTG CCA TTC TGG GCA TAT TCT TGT AAA ATT ATA CGG GGC CTG TAC ACT TTG AAT CTG ACA TCA ATG CTA ACC CTC ACT TGT ATA ATT AGG TTT ATC GCT ATT GTC CAA GCC AAA GCC CAT GTG AAT CAA AAA TTA GTT TGG GTG ATG TCA GTA GTA TTT GCA ATA CCA CAA TTT ATA AGT ACA CAA TCC TAT GAT AAG TCA ATT TGT CAT GCA ACG TAC CCA TCC CGT CTC GTA GAA TTG GTT CTT AAA GTA CTT CAA ATG ACT CTT GGA TTC CTT ATC CCT CTG CTA ACA ATG ATT ATC TGC TAC TCG ATC ATT ATC AAA ACT TTA CTA CAT GCC AGG AGT TTC CAA AAG CAC AAA TCC AAA ATA ATA TTT TCT GTA GTA GTG GTG TTC ATT CTT ACC CAG TTA CCC TAT AAC TTC CTG ATA CTC TTA CGC AAT ATA TAC TTA GAA TTC TAC CTG GAC TAC AAT TAT GAT GCT GCG GTA GTC ATA ACA GAA GCA ATT GCT TAT CTC CAT GGC TGT CTC AAC CCT ATT CTG TAT TTC TTT ATT GGG GCC AAG TTC AGA AAG AAC GTT CAG AAA ATC ATG AAG AAC ATC AGA CAT GTT AAG CAC CAA GGC TTC ATG AAG CAA TGG CAA ACC ACT GAA GAG GAA GGC TCA AAA ACT TGC ACT GCT TCC CAG AAT GCA GAA GCA ACA AGC ATG TAT CCA TTA 



Printing out site pattern counts


         9        543  P

Dermochelys_coriacea            AAA AAA AAA AAA AAA AAA AAC AAC AAC AAG AAG AAT AAT AAT AAT AAT AAT ACA ACA ACA ACA ACC ACC ACC ACC ACT ACT ACT ACT ACT AGA AGC AGC AGG AGG AGG AGG AGT AGT ATA ATA ATA ATA ATA ATA ATA ATA ATC ATC ATC ATC ATC ATG ATG ATG ATG ATG ATG ATG ATT ATT ATT ATT ATT CAA CAA CAC CAG CAT CAT CAT CAT CCA CCC CCC CCT CCT CCT CCT CCT CGC CGC CTA CTA CTA CTA CTA CTC CTC CTG CTT CTT GAA GAA GAA GAA GAA GAA GAC GAC GAG GAG GAT GAT GAT GAT GAT GCA GCA GCA GCA GCC GCC GCT GCT GCT GCT GGA GGA GGA GGA GGC GGT GTA GTA GTA GTC GTC GTG GTG GTG GTG GTG GTT GTT GTT GTT GTT TAC TAC TAT TAT TAT TAT TCA TCA TCA TCA TCA TCA TCA TCC TCC TCG TCT TCT TGC TGC TGG TGT TGT TGT TTA TTA TTA TTA TTA TTC TTC TTG TTG TTG TTT TTT TTT TTT TTT TTT TTT TTT TTT 
Chelonoidis_abingdonii          ... ... ... ..G .CT TGT ... ..T TC. ... .GT ..C ... ... .CC .CG C.C ... ... .T. G.T ... ... ... G.. ..C ... ... .T. T.C .C. ... G.. ... ... TAT TTT ... G.A ... ... ... ... ..C ..T ..T CA. ... ... ... ..T C.T ..A ... ... C.. GCT G.. G.. ..A ..C ... CAA G.. ... ... ... ... ... ... ... TTG ... ... ... AAA .A. ..C ... GGC ... ..T ... ... ..G ..T T.G A.. ... ... ... ... AGG ATT C.. ... ... TCG ... ... CT. ... AC. C.G ..G ... .CC ... ... ..G .T. ... ... ..A ... T.. TG. ACT ... ..G TTT ... ... .CC ... ... ... ... ..A ... ... ... ... A.. C.G .C. ... ... ... ... ..C ..C ... .T. CGG CTG ... ... ... ..T .GG C.. ... ..A C.A .AC ... ..T ... ... ... ... A.G .C. ... ... ... ... ... C.. .C. ... A.A C.C ..C ..C ..C ... ... ... ... 
Gopherus_evgoodei               ... ... ... ..G .CT TGT ... ..T TC. ... .GT ..C ... ... .CC .CG C.C ... ... .T. G.T ... ... ... G.. ..C ... ... .T. T.C .C. ... G.. ... ... TAT TTT ... G.A ... ... ... ... ..C ..T ..T CA. ... ..T ..T ..T C.T ..A ... ... ... GCT G.. G.. ..A ..C ... CAA G.. ... ... ... ... ... ... ... TTG ... ... ... AAA .A. ..C ... GGC ..T ... A.. ... ..G ..T T.G T.. ... ... ... ... AGG ATT C.. ... ... CTG ... ... CT. ... AC. C.. ..G ... .CC ... ... ... ... ... ... ..A ... T.. TG. ACT ... ..G TTT ... ... .CC ... ... ... ... A.A ... ... ... ... A.. C.G .C. ... ... ... ... ..C ..C ... .T. CGG CTG ... ... ... ..T .GG C.. ... ..A C.A .AC ... ..T ... .A. ... ... A.G .C. ... ... ... ... ... C.. .C. ... A.A C.C ..C ..C ..C ... ... ... ... 
Mauremys_reevesii               ... ... .C. ..G .CT TGT ... ..T TC. ... .GT ..C ... ... .CC .CG C.C ... ... .T. G.T ... ... ... G.. ..C ... ... .T. T.C .C. ... G.. ... ... TAT TTT ... G.A ... ... ... ... ..C ..T ..T CA. ... ... ... ..T C.T ..A ... ... ... GCT ... G.. ..A ..C ... CAA G.. ... .C. ... ... ..A ... ... TTG ... ... ... AAA .A. ... ... GGC ..T ... G.. ... ..G ..T T.G T.. ... ... ... ... AGG ATT C.. ... ... CTG ... ... CT. ..T AC. C.A ..G ... .CC ... T.. ... ... ... ... ..A ... T.. TG. ACT ... ..G TTT ... ... .CC ... ... ... ... A.A ... ... ... ... A.. C.G .C. ... ... ... ... ..C ..C ... .T. CGG CTG ... ... ... ..T .GG C.. ... ..A C.A .AC ... ..T ... ... ... ... A.G .C. ... ... ... ... ... C.. .C. ... A.A C.C ..C ..C ..C ... ... ... ... 
Chrysemys_picta                 ... ... ... ..G .CT TGT ... ..T TC. ... .GT ..C ... ... .CC .CG C.C ... .G. .T. G.T ... ... ..T G.. ... ... ... .T. T.. ... ... G.. ... ... TAT TTT ... G.A ... ... ... ... ... ..T ..T CA. ... ... ... ..T C.T ... ... ... ... GCT G.. G.. ..A ..C ... CAA ... ... ... ... ... ... ... ... TTG ... ... ... AAA .A. ..C ... GGC ... ... ... ... ..G ..T T.G ... ... ... ... T.. AGG ATT C.. ... ..G TCG ... ... CT. ... AC. C.. ..G ... .CC ... ... ..G ... ... ... ..A ... T.. TG. ACT ... ..G TTT ... ... .CC ... ... ... ... A.A ... ... ... ... A.. C.G ... ... ... ... ... ..C ..C ... .T. CGG CTG ... ... ... ..T .GG C.. ... ..A C.A .AC ... ..T ... ... ... ... A.G .C. ... ... ... ... ... ... .C. ... A.A C.C ..C ..C ..C ..C ... ... ... 
Trachemys_scripta               ... ... ... ..G .CT TGT ... ..T TC. ... .GT ..C ... ... .CC .CG C.C ... .G. .T. G.T ... ... ... G.. ... ... ... .T. T.. ... ... G.. ... ... TAT TTT .A. G.A ... ... ... ... ... ..T ..T CA. ... ... ... ..T C.T ... ... ... ... GCT G.. G.. ..A ..C ... CAA ... ... ... ... ... ... ... ... TTG ... ... ... AAA .A. ..C ... GGC ... ... ... ... ..G ..T T.G ... ... ... ... T.. AGG ATT C.. ... ..G TCG ... ... CT. ... AC. C.. ..G ... .CC ... ... ..G ... ... ... ..A ... T.. TG. ACT ... ..G TTT ... ... .CC ... ... ... ... A.A ... ... ... ... A.. C.G ... ... ... ... ... ..C ... ... .T. CGG CTG ... ... ... ..T .GG C.. ... ..A C.A .A. ... ..T ... ... ... ... A.G .C. ... ... ... ... ... ... .CA ... A.A C.C ..C ..C ..C ..C A.. ... ... 
Terrapene_carolina              ... ... ... ..G .CT TGT ... ..T TC. ... .GT ..C ... ... .CC .CG C.C ... .G. .T. G.T ... ... ... G.. ... ... ... .T. T.. ... ... G.. ... ... TAT TTT ... G.A ... ... ... ... ... ..T ..T CA. ... ... ... ..T C.T ... ... ... ... GCT G.. G.. ..A ..C ... CAA ... ... ... ... ... ... ... ... TTG ... ... ... AAA .A. ..C ... GGC ... ... ... ... ..G ..T T.G ... ... ... ... ... AGG ATT C.. ... ..G TCG ... ... CT. ... AC. C.. ..G ... .CC ... ... ..G ... ... ... ..A ... T.. TG. ACT ... ..G TTT ... ... .CC ... ... ... ... A.A ... ... ... ... A.. C.G ... A.. ... ... ... ..C ..C ... .T. CGG CTG ... ... ... ..T .GG C.. ... ..A C.A .AC ... ..T ... ... ... ... A.G .C. ... ... ... ... ... ... .C. ... A.A C.C ..C ..C ..C ... ... ... ... 
Chelonia_mydas                  ... ... ... ... .CT TGT ... ..T TC. ... .GT ..C ... ... .CC .CA C.C ... ... ... G.T ... ... ... G.. ... ... ... .T. T.. ... ... G.. ... ... TAT TTT ... G.A ... ... ... ... ... ..T ..T CA. ... ... ..T ... C.T .C. ... ... ... GCT G.. .C. ..A ..C ... CAA ... ... ... ... ... ... ... ... TTG ... ... ... AAA .G. ... ... GGC ... ... ... ... ... ..T T.G ..T ... ... ... ... AG. ATT C.. ... ... TC. ... ... CT. ... AC. ... ... ... .CC ... ... ..G ... ... ... ..A ... T.. TG. ACT ... ..G TTC ... ... .CC ... ... ... ..T ... ... ... ... ... A.. C.G ... ... ... ... ... ... ... ... .T. CGG CTG ... ... ... ..T .GG C.. ... ..A C.A .AC ... ..T ... ... ... ... A.G .C. ... ... ..G ... ... ... .C. ... A.A C.C ..C ..C ..C ... ... ... ... 
Pelodiscus_sinensis             ... .T. ... ..G .CT TGT ... ..T TCT ... .GT T.C ..C ... .CC .CC C.. ... ... GT. G.T ..A ... ..T GT. ... ..C ... .T. T.. ... ... G.. ..A ... TAT TTT ... G.A ... ..C G.. T.. ... ..C ..T CA. ... ... T.. ..G C.T ..A ... G.. C.. GCT ... G.. ..A ..C ... CAA ..G ... ... ... ... ... ... T.C TTG ... ... ..T AAA .A. ... ..A GGC .A. ... ... G.. ..G ..T T.G ..T ... ... ... ..A AGG ATT C.. ... ... TCC ... ..T CT. ..A AC. CG. ..G ... .TC ... ... ..G .T. ... ..T ..A ... T.. AA. AC. ... ..G TTT ... ..C .CC .C. ... A.T ... AC. .CC ..A ... T.A A.. C.G ... A.. ... ... ..T ... ..C ... .T. CGG CTG ... ..C ..G G.T .GG CAG ... ..C C.A .AC ... ..T ... ..C CA. ... A.G .C. C.. ... ..C G.T ... C.. .CA ... A.A C.C .A. ..C ... ... ... C.. ... 

    7    1    1    1    1    1    3    1    1    6    1    1    1    4    1
    1    1    2    1    1    1    1    1    1    1    1    1    3    1    1
    1    1    1    1    1    1    1    1    1    5    1    1    1    1    1
    1    1    3    1    1    1    1    1    3    1    1    1    1    1    1
    1    4    1    1    5    1    1    2    1    1    1    1    2    1    1
    1    1    1    1    1    1    1    1    1    1    1    1    1    4    1
    2    1    1    1    1    4    1    1    1    1    1    1    1    1    1
    1    1    3    1    1    1    2    1    1    1    1    1    1    1    2
    1    1    1    1    1    2    1    1    1    1    1    2    1    1    1
    1    1    2    2    1    1    1    3    1    1    1    2    1    1    1
    1    1    1    1    1    1    1    1    2    1    1    2    1    1    1
    4    1    1    6    1    1    1    1    1    1    1    1    1    1    2
    2

CODONML (in paml version 4.9, March 2015)  Dermochelys_coriacea.aln
Model: free dN/dS Ratios for branches for branches, 
Codon frequency model: F3x4
ns =   9  ls = 247

Codon usage in sequences
--------------------------------------------------------------------------------------------------------------------------------------
Phe TTT  11   9   9   9   9   8 | Ser TCT   2   2   2   2   3   3 | Tyr TAT   6   4   5   4   4   6 | Cys TGT   4   7   6   7   7   7
    TTC   7  10  11  11  11  11 |     TCC   2   3   3   3   2   2 |     TAC   3   6   6   6   6   4 |     TGC   2   1   1   1   1   1
Leu TTA   8   6   6   6   6   6 |     TCA   8   6   6   7   6   7 | *** TAA   0   0   0   0   0   0 | *** TGA   0   0   0   0   0   0
    TTG   3   3   3   3   4   4 |     TCG   1   2   1   1   2   1 |     TAG   0   0   0   0   0   0 | Trp TGG   2   3   3   3   3   3
--------------------------------------------------------------------------------------------------------------------------------------
Leu CTT   3   5   5   5   4   4 | Pro CCT   5   1   1   2   1   1 | His CAT   4   4   5   3   5   5 | Arg CGT   0   1   1   1   0   0
    CTC   5   5   5   5   6   6 |     CCC   2   4   4   3   4   4 |     CAC   1   2   2   2   2   2 |     CGC   2   1   1   1   2   2
    CTA   5   2   1   1   2   2 |     CCA   2   3   3   4   3   3 | Gln CAA   6   9   9  10   9   9 |     CGA   0   0   0   0   0   0
    CTG   1   7   7   7   5   5 |     CCG   0   0   0   0   0   0 |     CAG   2   3   2   2   2   2 |     CGG   0   1   1   1   1   1
--------------------------------------------------------------------------------------------------------------------------------------
Ile ATT   8  10  12  10  11  12 | Thr ACT   7   7   7   7   9   8 | Asn AAT   9   6   6   6   6   7 | Ser AGT   2   2   2   2   2   1
    ATC   7   8   5   7   6   6 |     ACC   4   5   5   5   3   4 |     AAC   5   4   4   4   4   4 |     AGC   2   1   1   1   1   1
    ATA  12  12  14  13  13  13 |     ACA   5   4   4   5   2   2 | Lys AAA  12  10  10   9  10  10 | Arg AGA   1   0   0   0   2   2
Met ATG   9   5   6   7   7   7 |     ACG   0   1   1   1   1   1 |     AAG   7   7   7   7   7   7 |     AGG   4   3   3   3   3   3
--------------------------------------------------------------------------------------------------------------------------------------
Val GTT   6   4   4   4   4   4 | Ala GCT   4   4   4   4   3   3 | Asp GAT   5   1   1   2   1   1 | Gly GGT   1   1   1   1   1   1
    GTC   2   2   2   2   2   2 |     GCC   3   6   6   6   6   6 |     GAC   2   2   2   2   2   2 |     GGC   1   3   3   3   3   3
    GTA   4   5   3   4   3   3 |     GCA   6   5   7   6   6   6 | Glu GAA   9   5   5   5   4   4 |     GGA   5   2   2   2   2   2
    GTG   6   7   7   6   7   7 |     GCG   0   1   0   0   1   1 |     GAG   2   2   2   1   3   3 |     GGG   0   2   2   2   2   2
--------------------------------------------------------------------------------------------------------------------------------------

--------------------------------------------------------------------------------------
Phe TTT   9   8   8 | Ser TCT   3   3   3 | Tyr TAT   4   6   7 | Cys TGT   7   7   4
    TTC  10  11   9 |     TCC   2   2   4 |     TAC   6   4   6 |     TGC   1   1   2
Leu TTA   6   5   6 |     TCA   6   7   4 | *** TAA   0   0   0 | *** TGA   0   0   0
    TTG   4   5   3 |     TCG   2   1   1 |     TAG   0   0   0 | Trp TGG   3   3   3
--------------------------------------------------------------------------------------
Leu CTT   5   6   7 | Pro CCT   1   2   2 | His CAT   5   3   5 | Arg CGT   0   1   1
    CTC   6   5   5 |     CCC   4   3   1 |     CAC   2   2   2 |     CGC   2   2   1
    CTA   2   3   3 |     CCA   3   3   4 | Gln CAA   9   9   9 |     CGA   0   0   0
    CTG   5   4   7 |     CCG   0   0   0 |     CAG   2   2   3 |     CGG   1   1   1
--------------------------------------------------------------------------------------
Ile ATT  12  11  10 | Thr ACT   8   8   7 | Asn AAT   6   6   6 | Ser AGT   2   2   2
    ATC   6   6   7 |     ACC   4   4   4 |     AAC   4   4   4 |     AGC   1   1   1
    ATA  13  11  10 |     ACA   2   5   5 | Lys AAA  10  11   9 | Arg AGA   2   2   2
Met ATG   7   6   7 |     ACG   1   2   1 |     AAG   7   6   7 |     AGG   3   2   2
--------------------------------------------------------------------------------------
Val GTT   3   5   4 | Ala GCT   3   3   5 | Asp GAT   1   3   2 | Gly GGT   1   1   0
    GTC   2   1   3 |     GCC   6   6   4 |     GAC   2   2   1 |     GGC   3   3   4
    GTA   3   3   7 |     GCA   6   6   6 | Glu GAA   4   5   6 |     GGA   2   2   2
    GTG   7   7   4 |     GCG   1   1   1 |     GAG   3   1   1 |     GGG   2   2   2
--------------------------------------------------------------------------------------

Codon position x base (3x4) table for each sequence.

#1: Dermochelys_coriacea
position  1:    T:0.23887    C:0.15385    A:0.38057    G:0.22672
position  2:    T:0.39271    C:0.20648    A:0.29555    G:0.10526
position  3:    T:0.31174    C:0.20243    A:0.33603    G:0.14980
Average         T:0.31444    C:0.18758    A:0.33738    G:0.16059

#2: Chelonoidis_abingdonii
position  1:    T:0.25101    C:0.19433    A:0.34413    G:0.21053
position  2:    T:0.40486    C:0.21862    A:0.26316    G:0.11336
position  3:    T:0.27530    C:0.25506    A:0.27935    G:0.19028
Average         T:0.31039    C:0.22267    A:0.29555    G:0.17139

#3: Gopherus_evgoodei
position  1:    T:0.25101    C:0.19028    A:0.35223    G:0.20648
position  2:    T:0.40486    C:0.21862    A:0.26721    G:0.10931
position  3:    T:0.28745    C:0.24696    A:0.28340    G:0.18219
Average         T:0.31444    C:0.21862    A:0.30094    G:0.16599

#4: Mauremys_reevesii
position  1:    T:0.25506    C:0.19028    A:0.35223    G:0.20243
position  2:    T:0.40486    C:0.22672    A:0.25506    G:0.11336
position  3:    T:0.27935    C:0.25101    A:0.29150    G:0.17814
Average         T:0.31309    C:0.22267    A:0.29960    G:0.16464

#5: Chrysemys_picta
position  1:    T:0.25911    C:0.18623    A:0.35223    G:0.20243
position  2:    T:0.40486    C:0.21053    A:0.26316    G:0.12146
position  3:    T:0.28340    C:0.24696    A:0.27530    G:0.19433
Average         T:0.31579    C:0.21457    A:0.29690    G:0.17274

#6: Trachemys_scripta
position  1:    T:0.25506    C:0.18623    A:0.35628    G:0.20243
position  2:    T:0.40486    C:0.21053    A:0.26721    G:0.11741
position  3:    T:0.28745    C:0.24291    A:0.27935    G:0.19028
Average         T:0.31579    C:0.21323    A:0.30094    G:0.17004

#7: Terrapene_carolina
position  1:    T:0.25506    C:0.19028    A:0.35628    G:0.19838
position  2:    T:0.40486    C:0.21053    A:0.26316    G:0.12146
position  3:    T:0.28340    C:0.24696    A:0.27530    G:0.19433
Average         T:0.31444    C:0.21592    A:0.29825    G:0.17139

#8: Chelonia_mydas 
position  1:    T:0.25506    C:0.18623    A:0.35223    G:0.20648
position  2:    T:0.39271    C:0.22672    A:0.25911    G:0.12146
position  3:    T:0.30364    C:0.23077    A:0.29150    G:0.17409
Average         T:0.31714    C:0.21457    A:0.30094    G:0.16734

#9: Pelodiscus_sinensis
position  1:    T:0.24291    C:0.20648    A:0.34008    G:0.21053
position  2:    T:0.40486    C:0.21053    A:0.27530    G:0.10931
position  3:    T:0.29555    C:0.23482    A:0.29555    G:0.17409
Average         T:0.31444    C:0.21727    A:0.30364    G:0.16464

Sums of codon usage counts
------------------------------------------------------------------------------
Phe F TTT      80 | Ser S TCT      23 | Tyr Y TAT      46 | Cys C TGT      56
      TTC      91 |       TCC      23 |       TAC      47 |       TGC      11
Leu L TTA      55 |       TCA      57 | *** * TAA       0 | *** * TGA       0
      TTG      32 |       TCG      12 |       TAG       0 | Trp W TGG      26
------------------------------------------------------------------------------
Leu L CTT      44 | Pro P CCT      16 | His H CAT      39 | Arg R CGT       5
      CTC      48 |       CCC      29 |       CAC      17 |       CGC      14
      CTA      21 |       CCA      28 | Gln Q CAA      79 |       CGA       0
      CTG      48 |       CCG       0 |       CAG      20 |       CGG       8
------------------------------------------------------------------------------
Ile I ATT      96 | Thr T ACT      68 | Asn N AAT      58 | Ser S AGT      17
      ATC      58 |       ACC      38 |       AAC      37 |       AGC      10
      ATA     111 |       ACA      34 | Lys K AAA      91 | Arg R AGA      11
Met M ATG      61 |       ACG       9 |       AAG      62 |       AGG      26
------------------------------------------------------------------------------
Val V GTT      38 | Ala A GCT      33 | Asp D GAT      17 | Gly G GGT       8
      GTC      18 |       GCC      49 |       GAC      17 |       GGC      26
      GTA      35 |       GCA      54 | Glu E GAA      47 |       GGA      21
      GTG      58 |       GCG       6 |       GAG      18 |       GGG      16
------------------------------------------------------------------------------


Codon position x base (3x4) table, overall

position  1:    T:0.25146    C:0.18713    A:0.35403    G:0.20738
position  2:    T:0.40216    C:0.21547    A:0.26766    G:0.11471
position  3:    T:0.28970    C:0.23977    A:0.28970    G:0.18084
Average         T:0.31444    C:0.21413    A:0.30379    G:0.16764

Codon frequencies under model, for use in evolver (TTT TTC TTA TTG ... GGG):
  0.03051809  0.02525798  0.03051809  0.01905011
  0.01635141  0.01353308  0.01635141  0.01020694
  0.02031126  0.01681040  0.00000000  0.00000000
  0.00870482  0.00720446  0.00000000  0.00543376
  0.02271114  0.01879664  0.02271114  0.01417683
  0.01216849  0.01007113  0.01216849  0.00759586
  0.01511535  0.01251007  0.01511535  0.00943536
  0.00647801  0.00536146  0.00647801  0.00404373
  0.04296554  0.03555999  0.04296554  0.02682010
  0.02302068  0.01905283  0.02302068  0.01437005
  0.02859563  0.02366688  0.02859563  0.01785007
  0.01225527  0.01014295  0.01225527  0.00765003
  0.02516787  0.02082993  0.02516787  0.01571038
  0.01348480  0.01116055  0.01348480  0.00841753
  0.01675043  0.01386332  0.01675043  0.01045601
  0.00717875  0.00594142  0.00717875  0.00448115



Nei & Gojobori 1986. dN/dS (dN, dS)
(Note: This matrix is not used in later ML. analysis.
Use runmode = -2 for ML pairwise comparison.)

Dermochelys_coriacea
Chelonoidis_abingdonii 0.4198 (0.1776 0.4229)
Gopherus_evgoodei    0.4120 (0.1782 0.4325) 0.4603 (0.0151 0.0328)
Mauremys_reevesii    0.4679 (0.1872 0.4002) 0.6820 (0.0223 0.0327) 0.8967 (0.0159 0.0178)
Chrysemys_picta      0.4130 (0.1669 0.4043) 0.4037 (0.0195 0.0484) 0.2614 (0.0186 0.0712) 0.4563 (0.0295 0.0646)
Trachemys_scripta    0.4471 (0.1714 0.3833) 0.3800 (0.0232 0.0609) 0.2639 (0.0222 0.0841) 0.4279 (0.0331 0.0774) 0.1454 (0.0035 0.0241)
Terrapene_carolina   0.4356 (0.1670 0.3834) 0.5434 (0.0195 0.0360) 0.3195 (0.0186 0.0582) 0.5692 (0.0295 0.0518) 0.2930 (0.0035 0.0120) 0.2918 (0.0070 0.0241)
Chelonia_mydas       0.4766 (0.1556 0.3265) 0.2003 (0.0259 0.1295) 0.2147 (0.0295 0.1375) 0.3116 (0.0406 0.1302) 0.1684 (0.0186 0.1106) 0.2013 (0.0222 0.1105) 0.1921 (0.0186 0.0970)
Pelodiscus_sinensis  0.3838 (0.2334 0.6081) 0.2334 (0.0713 0.3055) 0.2437 (0.0802 0.3291) 0.2931 (0.0871 0.2974) 0.2547 (0.0717 0.2814) 0.2535 (0.0756 0.2982) 0.2414 (0.0679 0.2810) 0.2688 (0.0816 0.3037)


TREE #  1:  (9, (((6, 5), 7), (4, (3, 2))), (8, 1));   MP score: 199
lnL(ntime: 15  np: 31):  -2151.977112      +0.000000
  10..9    10..11   11..12   12..13   13..6    13..5    12..7    11..14   14..4    14..15   15..3    15..2    10..16   16..8    16..1  
 0.352556 0.013223 0.008706 0.008408 0.021274 0.004343 0.004087 0.045450 0.047124 0.000004 0.026477 0.032388 0.070108 0.017977 0.603900 2.645822 0.321345 0.000100 0.379507 0.378062 0.248972 0.000100 999.000000 0.448723 1.071775 0.000100 0.213707 1.219916 0.251180 0.232103 0.594819

Note: Branch length is defined as number of nucleotide substitutions per codon (not per neucleotide site).

tree length =   1.25602

(9: 0.352556, (((6: 0.021274, 5: 0.004343): 0.008408, 7: 0.004087): 0.008706, (4: 0.047124, (3: 0.026477, 2: 0.032388): 0.000004): 0.045450): 0.013223, (8: 0.017977, 1: 0.603900): 0.070108);

(Pelodiscus_sinensis: 0.352556, (((Trachemys_scripta: 0.021274, Chrysemys_picta: 0.004343): 0.008408, Terrapene_carolina: 0.004087): 0.008706, (Mauremys_reevesii: 0.047124, (Gopherus_evgoodei: 0.026477, Chelonoidis_abingdonii: 0.032388): 0.000004): 0.045450): 0.013223, (Chelonia_mydas: 0.017977, Dermochelys_coriacea: 0.603900): 0.070108);

Detailed output identifying parameters

kappa (ts/tv) =  2.64582

w (dN/dS) for branches:  0.32134 0.00010 0.37951 0.37806 0.24897 0.00010 999.00000 0.44872 1.07178 0.00010 0.21371 1.21992 0.25118 0.23210 0.59482

dN & dS for each branch

 branch          t       N       S   dN/dS      dN      dS  N*dN  S*dS

  10..9      0.353   530.0   211.0  0.3213  0.0734  0.2284  38.9  48.2
  10..11     0.013   530.0   211.0  0.0001  0.0000  0.0155   0.0   3.3
  11..12     0.009   530.0   211.0  0.3795  0.0020  0.0052   1.0   1.1
  12..13     0.008   530.0   211.0  0.3781  0.0019  0.0050   1.0   1.1
  13..6      0.021   530.0   211.0  0.2490  0.0038  0.0153   2.0   3.2
  13..5      0.004   530.0   211.0  0.0001  0.0000  0.0051   0.0   1.1
  12..7      0.004   530.0   211.0 999.0000  0.0019  0.0000   1.0   0.0
  11..14     0.045   530.0   211.0  0.4487  0.0112  0.0250   5.9   5.3
  14..4      0.047   530.0   211.0  1.0718  0.0160  0.0149   8.5   3.2
  14..15     0.000   530.0   211.0  0.0001  0.0000  0.0000   0.0   0.0
  15..3      0.026   530.0   211.0  0.2137  0.0043  0.0202   2.3   4.3
  15..2      0.032   530.0   211.0  1.2199  0.0114  0.0093   6.0   2.0
  10..16     0.070   530.0   211.0  0.2512  0.0126  0.0503   6.7  10.6
  16..8      0.018   530.0   211.0  0.2321  0.0031  0.0133   1.6   2.8
  16..1      0.604   530.0   211.0  0.5948  0.1686  0.2834  89.4  59.8

tree length for dN:       0.3102
tree length for dS:       0.6910

dS tree:
(Pelodiscus_sinensis: 0.228377, (((Trachemys_scripta: 0.015322, Chrysemys_picta: 0.005083): 0.005049, Terrapene_carolina: 0.000002): 0.005218, (Mauremys_reevesii: 0.014941, (Gopherus_evgoodei: 0.020169, Chelonoidis_abingdonii: 0.009329): 0.000005): 0.025013): 0.015476, (Chelonia_mydas: 0.013294, Dermochelys_coriacea: 0.283447): 0.050322);
dN tree:
(Pelodiscus_sinensis: 0.073388, (((Trachemys_scripta: 0.003815, Chrysemys_picta: 0.000001): 0.001909, Terrapene_carolina: 0.001904): 0.001980, (Mauremys_reevesii: 0.016013, (Gopherus_evgoodei: 0.004310, Chelonoidis_abingdonii: 0.011380): 0.000000): 0.011224): 0.000002, (Chelonia_mydas: 0.003086, Dermochelys_coriacea: 0.168599): 0.012640);

w ratios as labels for TreeView:
(Pelodiscus_sinensis #0.321345 , (((Trachemys_scripta #0.248972 , Chrysemys_picta #0.0001 ) #0.378062 , Terrapene_carolina #999 ) #0.379507 , (Mauremys_reevesii #1.07178 , (Gopherus_evgoodei #0.213707 , Chelonoidis_abingdonii #1.21992 ) #0.0001 ) #0.448723 ) #0.0001 , (Chelonia_mydas #0.232103 , Dermochelys_coriacea #0.594819 ) #0.25118 );


Time used:  5:04
