
Loaded 'libv3/convenience/matrix.bf' from /usr/local/lib/hyphy/TemplateBatchFiles/libv3/convenience/matrix.bf
Loaded 'libv3/UtilityFunctions.bf' from /usr/local/lib/hyphy/TemplateBatchFiles/libv3/UtilityFunctions.bf
Loaded 'IOFunctions.bf' from /usr/local/lib/hyphy/TemplateBatchFiles/libv3/IOFunctions.bf
Already loaded 'libv3/UtilityFunctions.bf' from /usr/local/lib/hyphy/TemplateBatchFiles/libv3/UtilityFunctions.bf
Loaded 'convenience/regexp.bf' from /usr/local/lib/hyphy/TemplateBatchFiles/libv3/convenience/regexp.bf
Loaded 'libv3/all-terms.bf' from /usr/local/lib/hyphy/TemplateBatchFiles/libv3/all-terms.bf
Variable 'skipCodeSelectionStep' was not initialized prior to being used
Row and/or column partition is empty. All the data will be used by default.
Overwritten previously defined function:'GaussLaguerreQuardature'
Overwritten previously defined function:'GammaQuadWeight'
Variable 'SKIP_HARVEST_FREQ' was not initialized prior to being used
Variable '_WRAP_PASSTHROUGH_FLAG_' was not initialized prior to being used
Variable 'END_OF_FILE' was not initialized prior to being used
Variable '_DO_TREE_REBALANCE_' was not initialized prior to being used
Variable '_KEEP_I_LABELS_' was not initialized prior to being used
Model MG94customModel assigned to Pelodiscus_sinensis
Pelodiscus_sinensis has 2 parameters - branch length not assigned
Model MG94customModel assigned to Trachemys_scripta
Trachemys_scripta has 2 parameters - branch length not assigned
Model MG94customModel assigned to Chrysemys_picta
Chrysemys_picta has 2 parameters - branch length not assigned
Model MG94customModel assigned to Node4
Node4 has 2 parameters - branch length not assigned
Model MG94customModel assigned to Terrapene_carolina
Terrapene_carolina has 2 parameters - branch length not assigned
Model MG94customModel assigned to Node3
Node3 has 2 parameters - branch length not assigned
Model MG94customModel assigned to Mauremys_reevesii
Mauremys_reevesii has 2 parameters - branch length not assigned
Model MG94customModel assigned to Gopherus_evgoodei
Gopherus_evgoodei has 2 parameters - branch length not assigned
Model MG94customModel assigned to Chelonoidis_abingdonii
Chelonoidis_abingdonii has 2 parameters - branch length not assigned
Model MG94customModel assigned to Node10
Node10 has 2 parameters - branch length not assigned
Model MG94customModel assigned to Node8
Node8 has 2 parameters - branch length not assigned
Model MG94customModel assigned to Node2
Node2 has 2 parameters - branch length not assigned
Model MG94customModel assigned to Chelonia_mydas
Chelonia_mydas has 2 parameters - branch length not assigned
Model MG94customModel assigned to Dermochelys_coriacea
Dermochelys_coriacea has 2 parameters - branch length not assigned
Model MG94customModel assigned to Node13
Node13 has 2 parameters - branch length not assigned
The tips of the tree:givenTree were matched with the species names from the data in the following numeric order (0-based) {8,5,4,6,3,2,1,7,0}

Pseudo-optimal path's cost 2382 vs 3904 for 1..k=> a 1.63896 x improvement
Partition 0 reversible model flag computed as 1
Variable 'theLnLik' was not initialized prior to being used
Variable 'SAVE_OPT_STATUS_TO' was not initialized prior to being used
Variable 'givenTree.Pelodiscus_sinensis.nonSynRate' was not initialized prior to being used
Variable 'givenTree.Pelodiscus_sinensis.synRate' was not initialized prior to being used
Variable 'givenTree.Trachemys_scripta.nonSynRate' was not initialized prior to being used
Variable 'givenTree.Trachemys_scripta.synRate' was not initialized prior to being used
Variable 'givenTree.Chrysemys_picta.nonSynRate' was not initialized prior to being used
Variable 'givenTree.Chrysemys_picta.synRate' was not initialized prior to being used
Variable 'givenTree.Terrapene_carolina.nonSynRate' was not initialized prior to being used
Variable 'givenTree.Terrapene_carolina.synRate' was not initialized prior to being used
Variable 'givenTree.Mauremys_reevesii.nonSynRate' was not initialized prior to being used
Variable 'givenTree.Mauremys_reevesii.synRate' was not initialized prior to being used
Variable 'givenTree.Gopherus_evgoodei.nonSynRate' was not initialized prior to being used
Variable 'givenTree.Gopherus_evgoodei.synRate' was not initialized prior to being used
Variable 'givenTree.Chelonoidis_abingdonii.nonSynRate' was not initialized prior to being used
Variable 'givenTree.Chelonoidis_abingdonii.synRate' was not initialized prior to being used
Variable 'givenTree.Chelonia_mydas.nonSynRate' was not initialized prior to being used
Variable 'givenTree.Chelonia_mydas.synRate' was not initialized prior to being used
Variable 'givenTree.Dermochelys_coriacea.nonSynRate' was not initialized prior to being used
Variable 'givenTree.Dermochelys_coriacea.synRate' was not initialized prior to being used
Variable 'givenTree.Node4.nonSynRate' was not initialized prior to being used
Variable 'givenTree.Node4.synRate' was not initialized prior to being used
Variable 'givenTree.Node3.nonSynRate' was not initialized prior to being used
Variable 'givenTree.Node3.synRate' was not initialized prior to being used
Variable 'givenTree.Node10.nonSynRate' was not initialized prior to being used
Variable 'givenTree.Node10.synRate' was not initialized prior to being used
Variable 'givenTree.Node8.nonSynRate' was not initialized prior to being used
Variable 'givenTree.Node8.synRate' was not initialized prior to being used
Variable 'givenTree.Node2.nonSynRate' was not initialized prior to being used
Variable 'givenTree.Node2.synRate' was not initialized prior to being used
Variable 'givenTree.Node13.nonSynRate' was not initialized prior to being used
Variable 'givenTree.Node13.synRate' was not initialized prior to being used
Site 94 evaluated to a 0 probability in ComputeTreeBlockByBranch
Site 94 evaluated to a 0 probability in ComputeTreeBlockByBranch
Site 259 evaluated to a 0 probability in ComputeTreeBlockByBranch
Auto-benchmarked an optimal number (1) of threads.
Set GUI update interval to every 106-th LF evaluation.
Initial guess for givenTree.Node2.nonSynRate is -0.000267503
Initial guess for givenTree.Node2.synRate is 0.00180779
Initial guess for givenTree.Node3.nonSynRate is 0.00426598
Initial guess for givenTree.Node3.synRate is 0.00069473
Initial guess for givenTree.Node4.nonSynRate is 0.00264404
Initial guess for givenTree.Node4.synRate is 0.0018059
Initial guess for givenTree.Trachemys_scripta.nonSynRate is 0.0605773
Initial guess for givenTree.Trachemys_scripta.synRate is 0.0378492
Initial guess for givenTree.Chrysemys_picta.nonSynRate is 0.00407307
Initial guess for givenTree.Chrysemys_picta.synRate is 0.000979658
Initial guess for givenTree.Terrapene_carolina.nonSynRate is 0.00144293
Initial guess for givenTree.Terrapene_carolina.synRate is -6.55793e-05
Initial guess for givenTree.Node8.nonSynRate is 0.00891257
Initial guess for givenTree.Node8.synRate is 0.00354234
Initial guess for givenTree.Mauremys_reevesii.nonSynRate is 0.00105959
Initial guess for givenTree.Mauremys_reevesii.synRate is 0.000943902
Initial guess for givenTree.Node10.nonSynRate is -0.00170031
Initial guess for givenTree.Node10.synRate is -0.00153315
Initial guess for givenTree.Gopherus_evgoodei.nonSynRate is 0.00446292
Initial guess for givenTree.Gopherus_evgoodei.synRate is 0.00893423
Initial guess for givenTree.Chelonoidis_abingdonii.nonSynRate is 0.0106592
Initial guess for givenTree.Chelonoidis_abingdonii.synRate is 0.00425552
Initial guess for givenTree.Node13.nonSynRate is 0.016713
Initial guess for givenTree.Node13.synRate is 0.00248301
Initial guess for givenTree.Chelonia_mydas.nonSynRate is 0.00430069
Initial guess for givenTree.Chelonia_mydas.synRate is 0.00310444
Initial guess for givenTree.Dermochelys_coriacea.nonSynRate is 0.00531257
Initial guess for givenTree.Dermochelys_coriacea.synRate is 0.000642394
Optimization settings:
	OPTIMIZATION_METHOD = 4
	OPTIMIZATION_PRECISION = 0.001
	MAXIMUM_ITERATIONS_PER_VARIABLE = 5000

Initial parameter values

GT = 1
CT = 1
AC = 1
CG = 1
AT = 1
givenTree.Pelodiscus_sinensis.synRate = 0.1
givenTree.Pelodiscus_sinensis.nonSynRate = 0.1
givenTree.Trachemys_scripta.synRate = 0.0378492
givenTree.Trachemys_scripta.nonSynRate = 0.0605773
givenTree.Chrysemys_picta.synRate = 0.000979658
givenTree.Chrysemys_picta.nonSynRate = 0.00407307
givenTree.Node4.synRate = 0.0018059
givenTree.Node4.nonSynRate = 0.00264404
givenTree.Terrapene_carolina.synRate = 0
givenTree.Terrapene_carolina.nonSynRate = 0.00144293
givenTree.Node3.synRate = 0.00069473
givenTree.Node3.nonSynRate = 0.00426598
givenTree.Mauremys_reevesii.synRate = 0.000943902
givenTree.Mauremys_reevesii.nonSynRate = 0.00105959
givenTree.Gopherus_evgoodei.synRate = 0.00893423
givenTree.Gopherus_evgoodei.nonSynRate = 0.00446292
givenTree.Chelonoidis_abingdonii.synRate = 0.00425552
givenTree.Chelonoidis_abingdonii.nonSynRate = 0.0106592
givenTree.Node10.synRate = 0
givenTree.Node10.nonSynRate = 0
givenTree.Node8.synRate = 0.00354234
givenTree.Node8.nonSynRate = 0.00891257
givenTree.Node2.synRate = 0.00180779
givenTree.Node2.nonSynRate = 0
givenTree.Chelonia_mydas.synRate = 0.00310444
givenTree.Chelonia_mydas.nonSynRate = 0.00430069
givenTree.Dermochelys_coriacea.synRate = 0.000642394
givenTree.Dermochelys_coriacea.nonSynRate = 0.00531257
givenTree.Node13.synRate = 0.00248301
givenTree.Node13.nonSynRate = 0.016713
Site 207 evaluated to a 0 probability in ComputeLLWithBranchCache
Optimization finished in 26 loop passes.
3824 likelihood evaluation calls and 14816 matrix exponentiations calls were made

Variable 'lastDepth' was not initialized prior to being used
No nodel was assigned to Pelodiscus_sinensis
Pelodiscus_sinensis has 0 parameters - branch length not assigned
No nodel was assigned to Trachemys_scripta
Trachemys_scripta has 0 parameters - branch length not assigned
No nodel was assigned to Chrysemys_picta
Chrysemys_picta has 0 parameters - branch length not assigned
No nodel was assigned to Node4
Node4 has 0 parameters - branch length not assigned
No nodel was assigned to Terrapene_carolina
Terrapene_carolina has 0 parameters - branch length not assigned
No nodel was assigned to Node3
Node3 has 0 parameters - branch length not assigned
No nodel was assigned to Mauremys_reevesii
Mauremys_reevesii has 0 parameters - branch length not assigned
No nodel was assigned to Gopherus_evgoodei
Gopherus_evgoodei has 0 parameters - branch length not assigned
No nodel was assigned to Chelonoidis_abingdonii
Chelonoidis_abingdonii has 0 parameters - branch length not assigned
No nodel was assigned to Node10
Node10 has 0 parameters - branch length not assigned
No nodel was assigned to Node8
Node8 has 0 parameters - branch length not assigned
No nodel was assigned to Node2
Node2 has 0 parameters - branch length not assigned
No nodel was assigned to Chelonia_mydas
Chelonia_mydas has 0 parameters - branch length not assigned
No nodel was assigned to Dermochelys_coriacea
Dermochelys_coriacea has 0 parameters - branch length not assigned
No nodel was assigned to Node13
Node13 has 0 parameters - branch length not assigned
No nodel was assigned to Pelodiscus_sinensis
Pelodiscus_sinensis has 0 parameters - branch length not assigned
No nodel was assigned to Trachemys_scripta
Trachemys_scripta has 0 parameters - branch length not assigned
No nodel was assigned to Chrysemys_picta
Chrysemys_picta has 0 parameters - branch length not assigned
No nodel was assigned to Node4
Node4 has 0 parameters - branch length not assigned
No nodel was assigned to Terrapene_carolina
Terrapene_carolina has 0 parameters - branch length not assigned
No nodel was assigned to Node3
Node3 has 0 parameters - branch length not assigned
No nodel was assigned to Mauremys_reevesii
Mauremys_reevesii has 0 parameters - branch length not assigned
No nodel was assigned to Gopherus_evgoodei
Gopherus_evgoodei has 0 parameters - branch length not assigned
No nodel was assigned to Chelonoidis_abingdonii
Chelonoidis_abingdonii has 0 parameters - branch length not assigned
No nodel was assigned to Node10
Node10 has 0 parameters - branch length not assigned
No nodel was assigned to Node8
Node8 has 0 parameters - branch length not assigned
No nodel was assigned to Node2
Node2 has 0 parameters - branch length not assigned
No nodel was assigned to Chelonia_mydas
Chelonia_mydas has 0 parameters - branch length not assigned
No nodel was assigned to Dermochelys_coriacea
Dermochelys_coriacea has 0 parameters - branch length not assigned
No nodel was assigned to Node13
Node13 has 0 parameters - branch length not assigned
No nodel was assigned to Pelodiscus_sinensis
Pelodiscus_sinensis has 0 parameters - branch length not assigned
No nodel was assigned to Trachemys_scripta
Trachemys_scripta has 0 parameters - branch length not assigned
No nodel was assigned to Chrysemys_picta
Chrysemys_picta has 0 parameters - branch length not assigned
No nodel was assigned to Node4
Node4 has 0 parameters - branch length not assigned
No nodel was assigned to Terrapene_carolina
Terrapene_carolina has 0 parameters - branch length not assigned
No nodel was assigned to Node3
Node3 has 0 parameters - branch length not assigned
No nodel was assigned to Mauremys_reevesii
Mauremys_reevesii has 0 parameters - branch length not assigned
No nodel was assigned to Gopherus_evgoodei
Gopherus_evgoodei has 0 parameters - branch length not assigned
No nodel was assigned to Chelonoidis_abingdonii
Chelonoidis_abingdonii has 0 parameters - branch length not assigned
No nodel was assigned to Node10
Node10 has 0 parameters - branch length not assigned
No nodel was assigned to Node8
Node8 has 0 parameters - branch length not assigned
No nodel was assigned to Node2
Node2 has 0 parameters - branch length not assigned
No nodel was assigned to Chelonia_mydas
Chelonia_mydas has 0 parameters - branch length not assigned
No nodel was assigned to Dermochelys_coriacea
Dermochelys_coriacea has 0 parameters - branch length not assigned
No nodel was assigned to Node13
Node13 has 0 parameters - branch length not assigned
No nodel was assigned to Pelodiscus_sinensis
Pelodiscus_sinensis has 0 parameters - branch length not assigned
No nodel was assigned to Trachemys_scripta
Trachemys_scripta has 0 parameters - branch length not assigned
No nodel was assigned to Chrysemys_picta
Chrysemys_picta has 0 parameters - branch length not assigned
No nodel was assigned to Node4
Node4 has 0 parameters - branch length not assigned
No nodel was assigned to Terrapene_carolina
Terrapene_carolina has 0 parameters - branch length not assigned
No nodel was assigned to Node3
Node3 has 0 parameters - branch length not assigned
No nodel was assigned to Mauremys_reevesii
Mauremys_reevesii has 0 parameters - branch length not assigned
No nodel was assigned to Gopherus_evgoodei
Gopherus_evgoodei has 0 parameters - branch length not assigned
No nodel was assigned to Chelonoidis_abingdonii
Chelonoidis_abingdonii has 0 parameters - branch length not assigned
No nodel was assigned to Node10
Node10 has 0 parameters - branch length not assigned
No nodel was assigned to Node8
Node8 has 0 parameters - branch length not assigned
No nodel was assigned to Node2
Node2 has 0 parameters - branch length not assigned
No nodel was assigned to Chelonia_mydas
Chelonia_mydas has 0 parameters - branch length not assigned
No nodel was assigned to Dermochelys_coriacea
Dermochelys_coriacea has 0 parameters - branch length not assigned
No nodel was assigned to Node13
Node13 has 0 parameters - branch length not assigned
Variable 'nodeName' was not initialized prior to being used
Variable 'speciesIndex' was not initialized prior to being used
Row and/or column partition is empty. All the data will be used by default.
Model MG94customModel assigned to Pelodiscus_sinensis
Model MG94customModel assigned to Trachemys_scripta
One branch tree supplied - hopefully this IS what you meant to do.
Rooted tree. Removing one branch - the left root child has been promoted to be the new root
Partition 0 reversible model flag computed as 1
Variable 'twoLnLik' was not initialized prior to being used
Variable 't2.Trachemys_scripta.nonSynRate' was not initialized prior to being used
Variable 't2.Trachemys_scripta.synRate' was not initialized prior to being used
Auto-benchmarked an optimal number (4) of threads.
Set GUI update interval to every 5154-th LF evaluation.
Optimization settings:
	OPTIMIZATION_METHOD = 4
	OPTIMIZATION_PRECISION = 0.001
	MAXIMUM_ITERATIONS_PER_VARIABLE = 5000

Initial parameter values

t2.Trachemys_scripta.nonSynRate = 0.1
t2.Trachemys_scripta.synRate = 0.1
Optimization finished in 6 loop passes.
156 likelihood evaluation calls and 133 matrix exponentiations calls were made

Row and/or column partition is empty. All the data will be used by default.
Model MG94customModel assigned to Pelodiscus_sinensis
Model MG94customModel assigned to Chrysemys_picta
One branch tree supplied - hopefully this IS what you meant to do.
Rooted tree. Removing one branch - the left root child has been promoted to be the new root
Partition 0 reversible model flag computed as 1
Variable 't2.Chrysemys_picta.nonSynRate' was not initialized prior to being used
Variable 't2.Chrysemys_picta.synRate' was not initialized prior to being used
Auto-benchmarked an optimal number (4) of threads.
Set GUI update interval to every 5263-th LF evaluation.
Optimization settings:
	OPTIMIZATION_METHOD = 4
	OPTIMIZATION_PRECISION = 0.001
	MAXIMUM_ITERATIONS_PER_VARIABLE = 5000

Initial parameter values

t2.Chrysemys_picta.nonSynRate = 0.1
t2.Chrysemys_picta.synRate = 0.1
Optimization finished in 6 loop passes.
159 likelihood evaluation calls and 135 matrix exponentiations calls were made

Row and/or column partition is empty. All the data will be used by default.
Model MG94customModel assigned to Pelodiscus_sinensis
Model MG94customModel assigned to Terrapene_carolina
One branch tree supplied - hopefully this IS what you meant to do.
Rooted tree. Removing one branch - the left root child has been promoted to be the new root
Partition 0 reversible model flag computed as 1
Variable 't2.Terrapene_carolina.synRate' was not initialized prior to being used
Variable 't2.Terrapene_carolina.nonSynRate' was not initialized prior to being used
Auto-benchmarked an optimal number (3) of threads.
Set GUI update interval to every 5208-th LF evaluation.
Optimization settings:
	OPTIMIZATION_METHOD = 4
	OPTIMIZATION_PRECISION = 0.001
	MAXIMUM_ITERATIONS_PER_VARIABLE = 5000

Initial parameter values

t2.Terrapene_carolina.synRate = 0.1
t2.Terrapene_carolina.nonSynRate = 0.1
Optimization finished in 6 loop passes.
216 likelihood evaluation calls and 197 matrix exponentiations calls were made

Row and/or column partition is empty. All the data will be used by default.
Model MG94customModel assigned to Pelodiscus_sinensis
Model MG94customModel assigned to Mauremys_reevesii
One branch tree supplied - hopefully this IS what you meant to do.
Rooted tree. Removing one branch - the left root child has been promoted to be the new root
Partition 0 reversible model flag computed as 1
Variable 't2.Mauremys_reevesii.nonSynRate' was not initialized prior to being used
Variable 't2.Mauremys_reevesii.synRate' was not initialized prior to being used
Auto-benchmarked an optimal number (4) of threads.
Set GUI update interval to every 5000-th LF evaluation.
Optimization settings:
	OPTIMIZATION_METHOD = 4
	OPTIMIZATION_PRECISION = 0.001
	MAXIMUM_ITERATIONS_PER_VARIABLE = 5000

Initial parameter values

t2.Mauremys_reevesii.nonSynRate = 0.1
t2.Mauremys_reevesii.synRate = 0.1
Optimization finished in 6 loop passes.
165 likelihood evaluation calls and 146 matrix exponentiations calls were made

Row and/or column partition is empty. All the data will be used by default.
Model MG94customModel assigned to Pelodiscus_sinensis
Model MG94customModel assigned to Gopherus_evgoodei
One branch tree supplied - hopefully this IS what you meant to do.
Rooted tree. Removing one branch - the left root child has been promoted to be the new root
Partition 0 reversible model flag computed as 1
Variable 't2.Gopherus_evgoodei.synRate' was not initialized prior to being used
Variable 't2.Gopherus_evgoodei.nonSynRate' was not initialized prior to being used
Auto-benchmarked an optimal number (4) of threads.
Set GUI update interval to every 5050-th LF evaluation.
Optimization settings:
	OPTIMIZATION_METHOD = 4
	OPTIMIZATION_PRECISION = 0.001
	MAXIMUM_ITERATIONS_PER_VARIABLE = 5000

Initial parameter values

t2.Gopherus_evgoodei.synRate = 0.1
t2.Gopherus_evgoodei.nonSynRate = 0.1
Optimization finished in 6 loop passes.
135 likelihood evaluation calls and 117 matrix exponentiations calls were made

Row and/or column partition is empty. All the data will be used by default.
Model MG94customModel assigned to Pelodiscus_sinensis
Model MG94customModel assigned to Chelonoidis_abingdonii
One branch tree supplied - hopefully this IS what you meant to do.
Rooted tree. Removing one branch - the left root child has been promoted to be the new root
Partition 0 reversible model flag computed as 1
Variable 't2.Chelonoidis_abingdonii.nonSynRate' was not initialized prior to being used
Variable 't2.Chelonoidis_abingdonii.synRate' was not initialized prior to being used
Auto-benchmarked an optimal number (3) of threads.
Set GUI update interval to every 5154-th LF evaluation.
Optimization settings:
	OPTIMIZATION_METHOD = 4
	OPTIMIZATION_PRECISION = 0.001
	MAXIMUM_ITERATIONS_PER_VARIABLE = 5000

Initial parameter values

t2.Chelonoidis_abingdonii.nonSynRate = 0.1
t2.Chelonoidis_abingdonii.synRate = 0.1
Optimization finished in 6 loop passes.
227 likelihood evaluation calls and 209 matrix exponentiations calls were made

Row and/or column partition is empty. All the data will be used by default.
Model MG94customModel assigned to Pelodiscus_sinensis
Model MG94customModel assigned to Chelonia_mydas
One branch tree supplied - hopefully this IS what you meant to do.
Rooted tree. Removing one branch - the left root child has been promoted to be the new root
Partition 0 reversible model flag computed as 1
Variable 't2.Chelonia_mydas.nonSynRate' was not initialized prior to being used
Variable 't2.Chelonia_mydas.synRate' was not initialized prior to being used
Auto-benchmarked an optimal number (3) of threads.
Set GUI update interval to every 5154-th LF evaluation.
Optimization settings:
	OPTIMIZATION_METHOD = 4
	OPTIMIZATION_PRECISION = 0.001
	MAXIMUM_ITERATIONS_PER_VARIABLE = 5000

Initial parameter values

t2.Chelonia_mydas.nonSynRate = 0.1
t2.Chelonia_mydas.synRate = 0.1
Optimization finished in 6 loop passes.
179 likelihood evaluation calls and 161 matrix exponentiations calls were made

Row and/or column partition is empty. All the data will be used by default.
Model MG94customModel assigned to Pelodiscus_sinensis
Model MG94customModel assigned to Dermochelys_coriacea
One branch tree supplied - hopefully this IS what you meant to do.
Rooted tree. Removing one branch - the left root child has been promoted to be the new root
Partition 0 reversible model flag computed as 1
Variable 't2.Dermochelys_coriacea.nonSynRate' was not initialized prior to being used
Variable 't2.Dermochelys_coriacea.synRate' was not initialized prior to being used
Auto-benchmarked an optimal number (2) of threads.
Set GUI update interval to every 4629-th LF evaluation.
Optimization settings:
	OPTIMIZATION_METHOD = 4
	OPTIMIZATION_PRECISION = 0.001
	MAXIMUM_ITERATIONS_PER_VARIABLE = 5000

Initial parameter values

t2.Dermochelys_coriacea.nonSynRate = 0.1
t2.Dermochelys_coriacea.synRate = 0.1
Optimization finished in 6 loop passes.
157 likelihood evaluation calls and 142 matrix exponentiations calls were made

Row and/or column partition is empty. All the data will be used by default.
Model MG94customModel assigned to Trachemys_scripta
Model MG94customModel assigned to Chrysemys_picta
One branch tree supplied - hopefully this IS what you meant to do.
Rooted tree. Removing one branch - the left root child has been promoted to be the new root
Partition 0 reversible model flag computed as 1
Variable 't2.Chrysemys_picta.nonSynRate' was not initialized prior to being used
Variable 't2.Chrysemys_picta.synRate' was not initialized prior to being used
Auto-benchmarked an optimal number (3) of threads.
Set GUI update interval to every 5555-th LF evaluation.
Optimization settings:
	OPTIMIZATION_METHOD = 4
	OPTIMIZATION_PRECISION = 0.001
	MAXIMUM_ITERATIONS_PER_VARIABLE = 5000

Initial parameter values

t2.Chrysemys_picta.nonSynRate = 0.1
t2.Chrysemys_picta.synRate = 0.1
Optimization finished in 3 loop passes.
102 likelihood evaluation calls and 93 matrix exponentiations calls were made

Row and/or column partition is empty. All the data will be used by default.
Model MG94customModel assigned to Trachemys_scripta
Model MG94customModel assigned to Terrapene_carolina
One branch tree supplied - hopefully this IS what you meant to do.
Rooted tree. Removing one branch - the left root child has been promoted to be the new root
Partition 0 reversible model flag computed as 1
Variable 't2.Terrapene_carolina.nonSynRate' was not initialized prior to being used
Variable 't2.Terrapene_carolina.synRate' was not initialized prior to being used
Auto-benchmarked an optimal number (3) of threads.
Set GUI update interval to every 5555-th LF evaluation.
Optimization settings:
	OPTIMIZATION_METHOD = 4
	OPTIMIZATION_PRECISION = 0.001
	MAXIMUM_ITERATIONS_PER_VARIABLE = 5000

Initial parameter values

t2.Terrapene_carolina.nonSynRate = 0.1
t2.Terrapene_carolina.synRate = 0.1
Optimization finished in 7 loop passes.
156 likelihood evaluation calls and 141 matrix exponentiations calls were made

Row and/or column partition is empty. All the data will be used by default.
Model MG94customModel assigned to Trachemys_scripta
Model MG94customModel assigned to Mauremys_reevesii
One branch tree supplied - hopefully this IS what you meant to do.
Rooted tree. Removing one branch - the left root child has been promoted to be the new root
Partition 0 reversible model flag computed as 1
Variable 't2.Mauremys_reevesii.nonSynRate' was not initialized prior to being used
Variable 't2.Mauremys_reevesii.synRate' was not initialized prior to being used
Auto-benchmarked an optimal number (3) of threads.
Set GUI update interval to every 5555-th LF evaluation.
Optimization settings:
	OPTIMIZATION_METHOD = 4
	OPTIMIZATION_PRECISION = 0.001
	MAXIMUM_ITERATIONS_PER_VARIABLE = 5000

Initial parameter values

t2.Mauremys_reevesii.nonSynRate = 0.1
t2.Mauremys_reevesii.synRate = 0.1
Optimization finished in 5 loop passes.
161 likelihood evaluation calls and 143 matrix exponentiations calls were made

Row and/or column partition is empty. All the data will be used by default.
Model MG94customModel assigned to Trachemys_scripta
Model MG94customModel assigned to Gopherus_evgoodei
One branch tree supplied - hopefully this IS what you meant to do.
Rooted tree. Removing one branch - the left root child has been promoted to be the new root
Partition 0 reversible model flag computed as 1
Variable 't2.Gopherus_evgoodei.nonSynRate' was not initialized prior to being used
Variable 't2.Gopherus_evgoodei.synRate' was not initialized prior to being used
Auto-benchmarked an optimal number (5) of threads.
Set GUI update interval to every 5319-th LF evaluation.
Optimization settings:
	OPTIMIZATION_METHOD = 4
	OPTIMIZATION_PRECISION = 0.001
	MAXIMUM_ITERATIONS_PER_VARIABLE = 5000

Initial parameter values

t2.Gopherus_evgoodei.nonSynRate = 0.1
t2.Gopherus_evgoodei.synRate = 0.1
Optimization finished in 8 loop passes.
187 likelihood evaluation calls and 174 matrix exponentiations calls were made

Row and/or column partition is empty. All the data will be used by default.
Model MG94customModel assigned to Trachemys_scripta
Model MG94customModel assigned to Chelonoidis_abingdonii
One branch tree supplied - hopefully this IS what you meant to do.
Rooted tree. Removing one branch - the left root child has been promoted to be the new root
Partition 0 reversible model flag computed as 1
Variable 't2.Chelonoidis_abingdonii.nonSynRate' was not initialized prior to being used
Variable 't2.Chelonoidis_abingdonii.synRate' was not initialized prior to being used
Auto-benchmarked an optimal number (4) of threads.
Set GUI update interval to every 5434-th LF evaluation.
Optimization settings:
	OPTIMIZATION_METHOD = 4
	OPTIMIZATION_PRECISION = 0.001
	MAXIMUM_ITERATIONS_PER_VARIABLE = 5000

Initial parameter values

t2.Chelonoidis_abingdonii.nonSynRate = 0.1
t2.Chelonoidis_abingdonii.synRate = 0.1
Optimization finished in 5 loop passes.
188 likelihood evaluation calls and 174 matrix exponentiations calls were made

Row and/or column partition is empty. All the data will be used by default.
Model MG94customModel assigned to Trachemys_scripta
Model MG94customModel assigned to Chelonia_mydas
One branch tree supplied - hopefully this IS what you meant to do.
Rooted tree. Removing one branch - the left root child has been promoted to be the new root
Partition 0 reversible model flag computed as 1
Variable 't2.Chelonia_mydas.nonSynRate' was not initialized prior to being used
Variable 't2.Chelonia_mydas.synRate' was not initialized prior to being used
Auto-benchmarked an optimal number (4) of threads.
Set GUI update interval to every 5434-th LF evaluation.
Optimization settings:
	OPTIMIZATION_METHOD = 4
	OPTIMIZATION_PRECISION = 0.001
	MAXIMUM_ITERATIONS_PER_VARIABLE = 5000

Initial parameter values

t2.Chelonia_mydas.nonSynRate = 0.1
t2.Chelonia_mydas.synRate = 0.1
Optimization finished in 7 loop passes.
117 likelihood evaluation calls and 103 matrix exponentiations calls were made

Row and/or column partition is empty. All the data will be used by default.
Model MG94customModel assigned to Trachemys_scripta
Model MG94customModel assigned to Dermochelys_coriacea
One branch tree supplied - hopefully this IS what you meant to do.
Rooted tree. Removing one branch - the left root child has been promoted to be the new root
Partition 0 reversible model flag computed as 1
Variable 't2.Dermochelys_coriacea.nonSynRate' was not initialized prior to being used
Variable 't2.Dermochelys_coriacea.synRate' was not initialized prior to being used
Auto-benchmarked an optimal number (2) of threads.
Set GUI update interval to every 5050-th LF evaluation.
Optimization settings:
	OPTIMIZATION_METHOD = 4
	OPTIMIZATION_PRECISION = 0.001
	MAXIMUM_ITERATIONS_PER_VARIABLE = 5000

Initial parameter values

t2.Dermochelys_coriacea.nonSynRate = 0.1
t2.Dermochelys_coriacea.synRate = 0.1
Optimization finished in 7 loop passes.
132 likelihood evaluation calls and 122 matrix exponentiations calls were made

Row and/or column partition is empty. All the data will be used by default.
Model MG94customModel assigned to Chrysemys_picta
Model MG94customModel assigned to Terrapene_carolina
One branch tree supplied - hopefully this IS what you meant to do.
Rooted tree. Removing one branch - the left root child has been promoted to be the new root
Partition 0 reversible model flag computed as 1
Variable 't2.Terrapene_carolina.nonSynRate' was not initialized prior to being used
Variable 't2.Terrapene_carolina.synRate' was not initialized prior to being used
Auto-benchmarked an optimal number (4) of threads.
Set GUI update interval to every 6329-th LF evaluation.
Optimization settings:
	OPTIMIZATION_METHOD = 4
	OPTIMIZATION_PRECISION = 0.001
	MAXIMUM_ITERATIONS_PER_VARIABLE = 5000

Initial parameter values

t2.Terrapene_carolina.nonSynRate = 0.1
t2.Terrapene_carolina.synRate = 0.1
Optimization finished in 5 loop passes.
162 likelihood evaluation calls and 147 matrix exponentiations calls were made

Row and/or column partition is empty. All the data will be used by default.
Model MG94customModel assigned to Chrysemys_picta
Model MG94customModel assigned to Mauremys_reevesii
One branch tree supplied - hopefully this IS what you meant to do.
Rooted tree. Removing one branch - the left root child has been promoted to be the new root
Partition 0 reversible model flag computed as 1
Variable 't2.Mauremys_reevesii.nonSynRate' was not initialized prior to being used
Variable 't2.Mauremys_reevesii.synRate' was not initialized prior to being used
Auto-benchmarked an optimal number (4) of threads.
Set GUI update interval to every 5681-th LF evaluation.
Optimization settings:
	OPTIMIZATION_METHOD = 4
	OPTIMIZATION_PRECISION = 0.001
	MAXIMUM_ITERATIONS_PER_VARIABLE = 5000

Initial parameter values

t2.Mauremys_reevesii.nonSynRate = 0.1
t2.Mauremys_reevesii.synRate = 0.1
Optimization finished in 7 loop passes.
113 likelihood evaluation calls and 103 matrix exponentiations calls were made

Row and/or column partition is empty. All the data will be used by default.
Model MG94customModel assigned to Chrysemys_picta
Model MG94customModel assigned to Gopherus_evgoodei
One branch tree supplied - hopefully this IS what you meant to do.
Rooted tree. Removing one branch - the left root child has been promoted to be the new root
Partition 0 reversible model flag computed as 1
Variable 't2.Gopherus_evgoodei.nonSynRate' was not initialized prior to being used
Variable 't2.Gopherus_evgoodei.synRate' was not initialized prior to being used
Auto-benchmarked an optimal number (4) of threads.
Set GUI update interval to every 5681-th LF evaluation.
Optimization settings:
	OPTIMIZATION_METHOD = 4
	OPTIMIZATION_PRECISION = 0.001
	MAXIMUM_ITERATIONS_PER_VARIABLE = 5000

Initial parameter values

t2.Gopherus_evgoodei.nonSynRate = 0.1
t2.Gopherus_evgoodei.synRate = 0.1
Optimization finished in 7 loop passes.
87 likelihood evaluation calls and 78 matrix exponentiations calls were made

Row and/or column partition is empty. All the data will be used by default.
Model MG94customModel assigned to Chrysemys_picta
Model MG94customModel assigned to Chelonoidis_abingdonii
One branch tree supplied - hopefully this IS what you meant to do.
Rooted tree. Removing one branch - the left root child has been promoted to be the new root
Partition 0 reversible model flag computed as 1
Variable 't2.Chelonoidis_abingdonii.nonSynRate' was not initialized prior to being used
Variable 't2.Chelonoidis_abingdonii.synRate' was not initialized prior to being used
Auto-benchmarked an optimal number (2) of threads.
Set GUI update interval to every 5000-th LF evaluation.
Optimization settings:
	OPTIMIZATION_METHOD = 4
	OPTIMIZATION_PRECISION = 0.001
	MAXIMUM_ITERATIONS_PER_VARIABLE = 5000

Initial parameter values

t2.Chelonoidis_abingdonii.nonSynRate = 0.1
t2.Chelonoidis_abingdonii.synRate = 0.1
Optimization finished in 6 loop passes.
180 likelihood evaluation calls and 164 matrix exponentiations calls were made

Row and/or column partition is empty. All the data will be used by default.
Model MG94customModel assigned to Chrysemys_picta
Model MG94customModel assigned to Chelonia_mydas
One branch tree supplied - hopefully this IS what you meant to do.
Rooted tree. Removing one branch - the left root child has been promoted to be the new root
Partition 0 reversible model flag computed as 1
Variable 't2.Chelonia_mydas.nonSynRate' was not initialized prior to being used
Variable 't2.Chelonia_mydas.synRate' was not initialized prior to being used
Auto-benchmarked an optimal number (4) of threads.
Set GUI update interval to every 5747-th LF evaluation.
Optimization settings:
	OPTIMIZATION_METHOD = 4
	OPTIMIZATION_PRECISION = 0.001
	MAXIMUM_ITERATIONS_PER_VARIABLE = 5000

Initial parameter values

t2.Chelonia_mydas.nonSynRate = 0.1
t2.Chelonia_mydas.synRate = 0.1
Optimization finished in 6 loop passes.
146 likelihood evaluation calls and 134 matrix exponentiations calls were made

Row and/or column partition is empty. All the data will be used by default.
Model MG94customModel assigned to Chrysemys_picta
Model MG94customModel assigned to Dermochelys_coriacea
One branch tree supplied - hopefully this IS what you meant to do.
Rooted tree. Removing one branch - the left root child has been promoted to be the new root
Partition 0 reversible model flag computed as 1
Variable 't2.Dermochelys_coriacea.nonSynRate' was not initialized prior to being used
Variable 't2.Dermochelys_coriacea.synRate' was not initialized prior to being used
Auto-benchmarked an optimal number (3) of threads.
Set GUI update interval to every 5376-th LF evaluation.
Optimization settings:
	OPTIMIZATION_METHOD = 4
	OPTIMIZATION_PRECISION = 0.001
	MAXIMUM_ITERATIONS_PER_VARIABLE = 5000

Initial parameter values

t2.Dermochelys_coriacea.nonSynRate = 0.1
t2.Dermochelys_coriacea.synRate = 0.1
Optimization finished in 7 loop passes.
128 likelihood evaluation calls and 117 matrix exponentiations calls were made

Row and/or column partition is empty. All the data will be used by default.
Model MG94customModel assigned to Terrapene_carolina
Model MG94customModel assigned to Mauremys_reevesii
One branch tree supplied - hopefully this IS what you meant to do.
Rooted tree. Removing one branch - the left root child has been promoted to be the new root
Partition 0 reversible model flag computed as 1
Variable 't2.Mauremys_reevesii.nonSynRate' was not initialized prior to being used
Variable 't2.Mauremys_reevesii.synRate' was not initialized prior to being used
Auto-benchmarked an optimal number (5) of threads.
Set GUI update interval to every 5747-th LF evaluation.
Optimization settings:
	OPTIMIZATION_METHOD = 4
	OPTIMIZATION_PRECISION = 0.001
	MAXIMUM_ITERATIONS_PER_VARIABLE = 5000

Initial parameter values

t2.Mauremys_reevesii.nonSynRate = 0.1
t2.Mauremys_reevesii.synRate = 0.1
Optimization finished in 5 loop passes.
177 likelihood evaluation calls and 162 matrix exponentiations calls were made

Row and/or column partition is empty. All the data will be used by default.
Model MG94customModel assigned to Terrapene_carolina
Model MG94customModel assigned to Gopherus_evgoodei
One branch tree supplied - hopefully this IS what you meant to do.
Rooted tree. Removing one branch - the left root child has been promoted to be the new root
Partition 0 reversible model flag computed as 1
Variable 't2.Gopherus_evgoodei.nonSynRate' was not initialized prior to being used
Variable 't2.Gopherus_evgoodei.synRate' was not initialized prior to being used
Auto-benchmarked an optimal number (2) of threads.
Set GUI update interval to every 4950-th LF evaluation.
Optimization settings:
	OPTIMIZATION_METHOD = 4
	OPTIMIZATION_PRECISION = 0.001
	MAXIMUM_ITERATIONS_PER_VARIABLE = 5000

Initial parameter values

t2.Gopherus_evgoodei.nonSynRate = 0.1
t2.Gopherus_evgoodei.synRate = 0.1
Optimization finished in 6 loop passes.
145 likelihood evaluation calls and 133 matrix exponentiations calls were made

Row and/or column partition is empty. All the data will be used by default.
Model MG94customModel assigned to Terrapene_carolina
Model MG94customModel assigned to Chelonoidis_abingdonii
One branch tree supplied - hopefully this IS what you meant to do.
Rooted tree. Removing one branch - the left root child has been promoted to be the new root
Partition 0 reversible model flag computed as 1
Variable 't2.Chelonoidis_abingdonii.nonSynRate' was not initialized prior to being used
Variable 't2.Chelonoidis_abingdonii.synRate' was not initialized prior to being used
Auto-benchmarked an optimal number (3) of threads.
Set GUI update interval to every 5617-th LF evaluation.
Optimization settings:
	OPTIMIZATION_METHOD = 4
	OPTIMIZATION_PRECISION = 0.001
	MAXIMUM_ITERATIONS_PER_VARIABLE = 5000

Initial parameter values

t2.Chelonoidis_abingdonii.nonSynRate = 0.1
t2.Chelonoidis_abingdonii.synRate = 0.1
Optimization finished in 7 loop passes.
98 likelihood evaluation calls and 91 matrix exponentiations calls were made

Row and/or column partition is empty. All the data will be used by default.
Model MG94customModel assigned to Terrapene_carolina
Model MG94customModel assigned to Chelonia_mydas
One branch tree supplied - hopefully this IS what you meant to do.
Rooted tree. Removing one branch - the left root child has been promoted to be the new root
Partition 0 reversible model flag computed as 1
Variable 't2.Chelonia_mydas.nonSynRate' was not initialized prior to being used
Variable 't2.Chelonia_mydas.synRate' was not initialized prior to being used
Auto-benchmarked an optimal number (4) of threads.
Set GUI update interval to every 5747-th LF evaluation.
Optimization settings:
	OPTIMIZATION_METHOD = 4
	OPTIMIZATION_PRECISION = 0.001
	MAXIMUM_ITERATIONS_PER_VARIABLE = 5000

Initial parameter values

t2.Chelonia_mydas.nonSynRate = 0.1
t2.Chelonia_mydas.synRate = 0.1
Optimization finished in 7 loop passes.
163 likelihood evaluation calls and 152 matrix exponentiations calls were made

Row and/or column partition is empty. All the data will be used by default.
Model MG94customModel assigned to Terrapene_carolina
Model MG94customModel assigned to Dermochelys_coriacea
One branch tree supplied - hopefully this IS what you meant to do.
Rooted tree. Removing one branch - the left root child has been promoted to be the new root
Partition 0 reversible model flag computed as 1
Variable 't2.Dermochelys_coriacea.nonSynRate' was not initialized prior to being used
Variable 't2.Dermochelys_coriacea.synRate' was not initialized prior to being used
Auto-benchmarked an optimal number (3) of threads.
Set GUI update interval to every 5747-th LF evaluation.
Optimization settings:
	OPTIMIZATION_METHOD = 4
	OPTIMIZATION_PRECISION = 0.001
	MAXIMUM_ITERATIONS_PER_VARIABLE = 5000

Initial parameter values

t2.Dermochelys_coriacea.nonSynRate = 0.1
t2.Dermochelys_coriacea.synRate = 0.1
Optimization finished in 6 loop passes.
205 likelihood evaluation calls and 185 matrix exponentiations calls were made

Row and/or column partition is empty. All the data will be used by default.
Model MG94customModel assigned to Mauremys_reevesii
Model MG94customModel assigned to Gopherus_evgoodei
One branch tree supplied - hopefully this IS what you meant to do.
Rooted tree. Removing one branch - the left root child has been promoted to be the new root
Partition 0 reversible model flag computed as 1
Variable 't2.Gopherus_evgoodei.nonSynRate' was not initialized prior to being used
Variable 't2.Gopherus_evgoodei.synRate' was not initialized prior to being used
Auto-benchmarked an optimal number (5) of threads.
Set GUI update interval to every 5319-th LF evaluation.
Optimization settings:
	OPTIMIZATION_METHOD = 4
	OPTIMIZATION_PRECISION = 0.001
	MAXIMUM_ITERATIONS_PER_VARIABLE = 5000

Initial parameter values

t2.Gopherus_evgoodei.nonSynRate = 0.1
t2.Gopherus_evgoodei.synRate = 0.1
Optimization finished in 8 loop passes.
234 likelihood evaluation calls and 206 matrix exponentiations calls were made

Row and/or column partition is empty. All the data will be used by default.
Model MG94customModel assigned to Mauremys_reevesii
Model MG94customModel assigned to Chelonoidis_abingdonii
One branch tree supplied - hopefully this IS what you meant to do.
Rooted tree. Removing one branch - the left root child has been promoted to be the new root
Partition 0 reversible model flag computed as 1
Variable 't2.Chelonoidis_abingdonii.nonSynRate' was not initialized prior to being used
Variable 't2.Chelonoidis_abingdonii.synRate' was not initialized prior to being used
Auto-benchmarked an optimal number (5) of threads.
Set GUI update interval to every 5813-th LF evaluation.
Optimization settings:
	OPTIMIZATION_METHOD = 4
	OPTIMIZATION_PRECISION = 0.001
	MAXIMUM_ITERATIONS_PER_VARIABLE = 5000

Initial parameter values

t2.Chelonoidis_abingdonii.nonSynRate = 0.1
t2.Chelonoidis_abingdonii.synRate = 0.1
Optimization finished in 3 loop passes.
125 likelihood evaluation calls and 114 matrix exponentiations calls were made

Row and/or column partition is empty. All the data will be used by default.
Model MG94customModel assigned to Mauremys_reevesii
Model MG94customModel assigned to Chelonia_mydas
One branch tree supplied - hopefully this IS what you meant to do.
Rooted tree. Removing one branch - the left root child has been promoted to be the new root
Partition 0 reversible model flag computed as 1
Variable 't2.Chelonia_mydas.nonSynRate' was not initialized prior to being used
Variable 't2.Chelonia_mydas.synRate' was not initialized prior to being used
Auto-benchmarked an optimal number (3) of threads.
Set GUI update interval to every 5102-th LF evaluation.
Optimization settings:
	OPTIMIZATION_METHOD = 4
	OPTIMIZATION_PRECISION = 0.001
	MAXIMUM_ITERATIONS_PER_VARIABLE = 5000

Initial parameter values

t2.Chelonia_mydas.nonSynRate = 0.1
t2.Chelonia_mydas.synRate = 0.1
Optimization finished in 7 loop passes.
133 likelihood evaluation calls and 120 matrix exponentiations calls were made

Row and/or column partition is empty. All the data will be used by default.
Model MG94customModel assigned to Mauremys_reevesii
Model MG94customModel assigned to Dermochelys_coriacea
One branch tree supplied - hopefully this IS what you meant to do.
Rooted tree. Removing one branch - the left root child has been promoted to be the new root
Partition 0 reversible model flag computed as 1
Variable 't2.Dermochelys_coriacea.nonSynRate' was not initialized prior to being used
Variable 't2.Dermochelys_coriacea.synRate' was not initialized prior to being used
Auto-benchmarked an optimal number (4) of threads.
Set GUI update interval to every 5813-th LF evaluation.
Optimization settings:
	OPTIMIZATION_METHOD = 4
	OPTIMIZATION_PRECISION = 0.001
	MAXIMUM_ITERATIONS_PER_VARIABLE = 5000

Initial parameter values

t2.Dermochelys_coriacea.nonSynRate = 0.1
t2.Dermochelys_coriacea.synRate = 0.1
Optimization finished in 8 loop passes.
186 likelihood evaluation calls and 164 matrix exponentiations calls were made

Row and/or column partition is empty. All the data will be used by default.
Model MG94customModel assigned to Gopherus_evgoodei
Model MG94customModel assigned to Chelonoidis_abingdonii
One branch tree supplied - hopefully this IS what you meant to do.
Rooted tree. Removing one branch - the left root child has been promoted to be the new root
Partition 0 reversible model flag computed as 1
Variable 't2.Chelonoidis_abingdonii.nonSynRate' was not initialized prior to being used
Variable 't2.Chelonoidis_abingdonii.synRate' was not initialized prior to being used
Auto-benchmarked an optimal number (2) of threads.
Set GUI update interval to every 5154-th LF evaluation.
Optimization settings:
	OPTIMIZATION_METHOD = 4
	OPTIMIZATION_PRECISION = 0.001
	MAXIMUM_ITERATIONS_PER_VARIABLE = 5000

Initial parameter values

t2.Chelonoidis_abingdonii.nonSynRate = 0.1
t2.Chelonoidis_abingdonii.synRate = 0.1
Optimization finished in 5 loop passes.
164 likelihood evaluation calls and 145 matrix exponentiations calls were made

Row and/or column partition is empty. All the data will be used by default.
Model MG94customModel assigned to Gopherus_evgoodei
Model MG94customModel assigned to Chelonia_mydas
One branch tree supplied - hopefully this IS what you meant to do.
Rooted tree. Removing one branch - the left root child has been promoted to be the new root
Partition 0 reversible model flag computed as 1
Variable 't2.Chelonia_mydas.nonSynRate' was not initialized prior to being used
Variable 't2.Chelonia_mydas.synRate' was not initialized prior to being used
Auto-benchmarked an optimal number (2) of threads.
Set GUI update interval to every 6097-th LF evaluation.
Optimization settings:
	OPTIMIZATION_METHOD = 4
	OPTIMIZATION_PRECISION = 0.001
	MAXIMUM_ITERATIONS_PER_VARIABLE = 5000

Initial parameter values

t2.Chelonia_mydas.nonSynRate = 0.1
t2.Chelonia_mydas.synRate = 0.1
Optimization finished in 6 loop passes.
174 likelihood evaluation calls and 156 matrix exponentiations calls were made

Row and/or column partition is empty. All the data will be used by default.
Model MG94customModel assigned to Gopherus_evgoodei
Model MG94customModel assigned to Dermochelys_coriacea
One branch tree supplied - hopefully this IS what you meant to do.
Rooted tree. Removing one branch - the left root child has been promoted to be the new root
Partition 0 reversible model flag computed as 1
Variable 't2.Dermochelys_coriacea.nonSynRate' was not initialized prior to being used
Variable 't2.Dermochelys_coriacea.synRate' was not initialized prior to being used
Auto-benchmarked an optimal number (4) of threads.
Set GUI update interval to every 5617-th LF evaluation.
Optimization settings:
	OPTIMIZATION_METHOD = 4
	OPTIMIZATION_PRECISION = 0.001
	MAXIMUM_ITERATIONS_PER_VARIABLE = 5000

Initial parameter values

t2.Dermochelys_coriacea.nonSynRate = 0.1
t2.Dermochelys_coriacea.synRate = 0.1
Optimization finished in 9 loop passes.
188 likelihood evaluation calls and 174 matrix exponentiations calls were made

Row and/or column partition is empty. All the data will be used by default.
Model MG94customModel assigned to Chelonoidis_abingdonii
Model MG94customModel assigned to Chelonia_mydas
One branch tree supplied - hopefully this IS what you meant to do.
Rooted tree. Removing one branch - the left root child has been promoted to be the new root
Partition 0 reversible model flag computed as 1
Variable 't2.Chelonia_mydas.nonSynRate' was not initialized prior to being used
Variable 't2.Chelonia_mydas.synRate' was not initialized prior to being used
Auto-benchmarked an optimal number (3) of threads.
Set GUI update interval to every 5154-th LF evaluation.
Optimization settings:
	OPTIMIZATION_METHOD = 4
	OPTIMIZATION_PRECISION = 0.001
	MAXIMUM_ITERATIONS_PER_VARIABLE = 5000

Initial parameter values

t2.Chelonia_mydas.nonSynRate = 0.1
t2.Chelonia_mydas.synRate = 0.1
Optimization finished in 7 loop passes.
146 likelihood evaluation calls and 130 matrix exponentiations calls were made

Row and/or column partition is empty. All the data will be used by default.
Model MG94customModel assigned to Chelonoidis_abingdonii
Model MG94customModel assigned to Dermochelys_coriacea
One branch tree supplied - hopefully this IS what you meant to do.
Rooted tree. Removing one branch - the left root child has been promoted to be the new root
Partition 0 reversible model flag computed as 1
Variable 't2.Dermochelys_coriacea.nonSynRate' was not initialized prior to being used
Variable 't2.Dermochelys_coriacea.synRate' was not initialized prior to being used
Auto-benchmarked an optimal number (3) of threads.
Set GUI update interval to every 5434-th LF evaluation.
Optimization settings:
	OPTIMIZATION_METHOD = 4
	OPTIMIZATION_PRECISION = 0.001
	MAXIMUM_ITERATIONS_PER_VARIABLE = 5000

Initial parameter values

t2.Dermochelys_coriacea.nonSynRate = 0.1
t2.Dermochelys_coriacea.synRate = 0.1
Optimization finished in 7 loop passes.
78 likelihood evaluation calls and 69 matrix exponentiations calls were made

Row and/or column partition is empty. All the data will be used by default.
Model MG94customModel assigned to Chelonia_mydas
Model MG94customModel assigned to Dermochelys_coriacea
One branch tree supplied - hopefully this IS what you meant to do.
Rooted tree. Removing one branch - the left root child has been promoted to be the new root
Partition 0 reversible model flag computed as 1
Auto-benchmarked an optimal number (3) of threads.
Set GUI update interval to every 757-th LF evaluation.
Optimization settings:
	OPTIMIZATION_METHOD = 4
	OPTIMIZATION_PRECISION = 0.001
	MAXIMUM_ITERATIONS_PER_VARIABLE = 5000

Initial parameter values

t2.Dermochelys_coriacea.nonSynRate = 0.1
t2.Dermochelys_coriacea.synRate = 0.1
Optimization finished in 7 loop passes.
106 likelihood evaluation calls and 96 matrix exponentiations calls were made
