Ahaetulla_prasina	Squamata	0.139	0.293	0.999	0.864	1.0	0.983	0.96	0.871	0.276	0.85	0.275	0.474	0.65	0.367	0.676	0.494	0.501
Aspidoscelis_marmoratus	Squamata	0.362	0.35	0.992	0.837	0.999	0.967	0.925	0.866	0.257	0.812	0.275	0.462	0.566	0.469	0.716	0.496	0.501
Bothrops_jararaca	Squamata	0.115	0.283	0.999	0.864	1.0	0.974	0.953	0.874	0.275	0.792	0.265	0.437	0.62	0.375	0.718	0.496	0.501
Crotalus_tigris	Squamata	0.117	0.305	0.999	0.863	1.0	0.979	0.955	0.87	0.27	0.795	0.263	0.447	0.63	0.394	0.677	0.495	0.501
Gekko_japonicus	Squamata	0.469	0.267	0.999	0.882	0.999	0.986	0.938	0.869	0.291	0.882	0.329	0.518	0.669	0.598	0.842	0.495	0.501
Hemicordylus_capensis	Squamata	0.624	0.357	0.996	0.856	0.999	0.975	0.901	0.871	0.239	0.853	0.361	0.452	0.609	0.527	0.845	0.496	0.501
Lacerta_agilis	Squamata	0.415	0.411	0.999	0.881	0.999	0.994	0.935	0.87	0.285	0.858	0.368	0.447	0.61	0.476	0.824	0.496	0.501
Pantherophis_guttatus	Squamata	0.181	0.28	0.999	0.844	1.0	0.961	0.959	0.861	0.269	0.841	0.233	0.482	0.648	0.369	0.677	0.495	0.501
Pantherophis_obsoletus	Squamata	0.181	0.276	0.999	0.843	1.0	0.961	0.96	0.86	0.269	0.837	0.232	0.485	0.648	0.368	0.659	0.495	0.501
Phrynosoma_platyrhinos	Squamata	0.351	0.434	0.998	0.86	0.999	0.976	0.881	0.865	0.256	0.806	0.295	0.396	0.44	0.399	0.902	0.497	0.501
Pituophis_catenifer	Squamata	0.164	0.322	0.999	0.851	1.0	0.973	0.947	0.842	0.274	0.823	0.237	0.493	0.661	0.363	0.614	0.495	0.5
Podarcis_muralis	Squamata	0.377	0.37	0.998	0.874	1.0	0.989	0.935	0.866	0.282	0.851	0.33	0.47	0.582	0.46	0.778	0.496	0.501
Podarcis_raffonei	Squamata	0.394	0.376	0.998	0.863	1.0	0.989	0.939	0.868	0.289	0.866	0.323	0.471	0.592	0.477	0.783	0.496	0.501
Pogona_vitticeps	Squamata	0.413	0.31	0.996	0.842	0.999	0.938	0.933	0.867	0.252	0.8	0.323	0.5	0.623	0.49	0.776	0.496	0.501
Protobothrops_mucrosquamatus	Squamata	0.115	0.325	0.999	0.858	1.0	0.97	0.954	0.871	0.274	0.785	0.248	0.442	0.643	0.386	0.675	0.496	0.5
Ptyas_mucosa	Squamata	0.189	0.311	1.0	0.854	1.0	0.994	0.972	0.869	0.307	0.803	0.3	0.495	0.718	0.34	0.785	0.495	0.501
Python_bivittatus	Squamata	0.142	0.34	0.999	0.86	1.0	0.967	0.956	0.87	0.263	0.864	0.279	0.477	0.664	0.415	0.728	0.495	0.501
Python_molurus	Squamata	0.142	0.34	0.999	0.86	1.0	0.967	0.956	0.87	0.263	0.864	0.279	0.477	0.664	0.415	0.728	0.495	0.501
Salvator_merianae	Squamata	0.385	0.326	0.987	0.868	0.999	0.934	0.923	0.871	0.233	0.824	0.284	0.503	0.524	0.429	0.749	0.495	0.501
Sceloporus_undulatus	Squamata	0.381	0.468	0.997	0.842	0.999	0.958	0.894	0.858	0.262	0.798	0.29	0.437	0.54	0.5	0.901	0.497	0.501
Sphaerodactylus_townsendi	Squamata	0.438	0.287	0.997	0.866	0.998	0.935	0.912	0.851	0.266	0.879	0.282	0.508	0.641	0.543	0.697	0.496	0.501
Thamnophis_elegans	Squamata	0.182	0.244	0.997	0.86	1.0	0.98	0.963	0.872	0.267	0.836	0.262	0.495	0.662	0.429	0.699	0.494	0.501
Thamnophis_sirtalis	Squamata	0.182	0.244	0.997	0.86	1.0	0.98	0.963	0.872	0.267	0.836	0.262	0.495	0.662	0.429	0.699	0.494	0.501
Varanus_komodoensis	Squamata	0.542	0.251	0.989	0.855	0.998	0.945	0.922	0.85	0.245	0.842	0.269	0.51	0.622	0.586	0.653	0.495	0.5
Vipera_berus	Squamata	0.107	0.288	1.0	0.86	1.0	0.982	0.953	0.873	0.268	0.775	0.272	0.434	0.615	0.354	0.78	0.496	0.501
Zootoca_vivipara	Squamata	0.392	0.461	0.999	0.879	0.999	0.995	0.936	0.865	0.292	0.841	0.338	0.445	0.627	0.52	0.835	0.496	0.501
