Ficedula_albicollis
Melopsittacus_undulatus
Pseudopodoces_humilis
Meleagris_gallopavo
Geospiza_fortis
Sturnus_vulgaris
Coturnix_japonica
Neopelma_chrysocephalum
Aquila_chrysaetos_chrysaetos
Taeniopygia_guttata
Camarhynchus_parvulus
Phasianus_colchicus
Catharus_ustulatus
Oxyura_jamaicensis
Passer_montanus
Onychostruthus_taczanowskii
Lagopus_leucura
Accipiter_gentilis
Myiozetetes_cayanensis
Harpia_harpyja
Cuculus_canorus
Ammospiza_caudacuta
Poecile_atricapillus
Gavia_stellata
Haemorhous_mexicanus
Neopsephotus_bourkii
Cinclus_cinclus
Rhea_pennata
Phalacrocorax_carbo
Zonotrichia_leucophrys_gambelii
Chamaea_fasciata
Molothrus_aeneus
