Ahaetulla_prasina
Anolis_carolinensis
Crotalus_tigris
Eublepharis_macularius
Euleptes_europaea
Gekko_japonicus
Hemicordylus_capensis
Lacerta_agilis
Pantherophis_guttatus
Podarcis_muralis
Podarcis_raffonei
Pogona_vitticeps
Protobothrops_mucrosquamatus
Python_bivittatus
Sceloporus_undulatus
Sphaerodactylus_townsendi
Thamnophis_elegans
Thamnophis_sirtalis
Varanus_komodoensis
Zootoca_vivipara
Aspidoscelis_marmoratus
Bothrops_jararaca
Pantherophis_obsoletus
Paroedura_picta
Phrynosoma_platyrhinos
Pituophis_catenifer
Python_molurus
Salvator_merianae
Vipera_berus
Ptyas_mucosa
