
Loaded 'libv3/convenience/matrix.bf' from /usr/local/lib/hyphy/TemplateBatchFiles/libv3/convenience/matrix.bf
Loaded 'libv3/UtilityFunctions.bf' from /usr/local/lib/hyphy/TemplateBatchFiles/libv3/UtilityFunctions.bf
Loaded 'IOFunctions.bf' from /usr/local/lib/hyphy/TemplateBatchFiles/libv3/IOFunctions.bf
Already loaded 'libv3/UtilityFunctions.bf' from /usr/local/lib/hyphy/TemplateBatchFiles/libv3/UtilityFunctions.bf
Loaded 'convenience/regexp.bf' from /usr/local/lib/hyphy/TemplateBatchFiles/libv3/convenience/regexp.bf
Loaded 'libv3/all-terms.bf' from /usr/local/lib/hyphy/TemplateBatchFiles/libv3/all-terms.bf
Variable 'skipCodeSelectionStep' was not initialized prior to being used
Row and/or column partition is empty. All the data will be used by default.
Overwritten previously defined function:'GaussLaguerreQuardature'
Overwritten previously defined function:'GammaQuadWeight'
Variable 'SKIP_HARVEST_FREQ' was not initialized prior to being used
Variable '_WRAP_PASSTHROUGH_FLAG_' was not initialized prior to being used
Variable 'END_OF_FILE' was not initialized prior to being used
Variable '_DO_TREE_REBALANCE_' was not initialized prior to being used
Variable '_KEEP_I_LABELS_' was not initialized prior to being used
Model MG94customModel assigned to Harpia_harpyja
Harpia_harpyja has 2 parameters - branch length not assigned
Model MG94customModel assigned to Aquila_chrysaetos
Aquila_chrysaetos has 2 parameters - branch length not assigned
Model MG94customModel assigned to Node1
Node1 has 2 parameters - branch length not assigned
Model MG94customModel assigned to Haliaeetus_leucocephalus
Haliaeetus_leucocephalus has 2 parameters - branch length not assigned
Model MG94customModel assigned to Haliaeetus_albicilla
Haliaeetus_albicilla has 2 parameters - branch length not assigned
Model MG94customModel assigned to Node5
Node5 has 2 parameters - branch length not assigned
Model MG94customModel assigned to Accipiter_gentilis
Accipiter_gentilis has 2 parameters - branch length not assigned
Model MG94customModel assigned to Node4
Node4 has 2 parameters - branch length not assigned
Model MG94customModel assigned to Gymnogyps_californianus
Gymnogyps_californianus has 2 parameters - branch length not assigned
The tips of the tree:givenTree were matched with the species names from the data in the following numeric order (0-based) {4,5,2,1,3,0}

Pseudo-optimal path's cost 733 vs 957 for 1..k=> a 1.30559 x improvement
Partition 0 reversible model flag computed as 1
Variable 'theLnLik' was not initialized prior to being used
Variable 'SAVE_OPT_STATUS_TO' was not initialized prior to being used
Variable 'givenTree.Harpia_harpyja.nonSynRate' was not initialized prior to being used
Variable 'givenTree.Harpia_harpyja.synRate' was not initialized prior to being used
Variable 'givenTree.Aquila_chrysaetos.nonSynRate' was not initialized prior to being used
Variable 'givenTree.Aquila_chrysaetos.synRate' was not initialized prior to being used
Variable 'givenTree.Haliaeetus_leucocephalus.nonSynRate' was not initialized prior to being used
Variable 'givenTree.Haliaeetus_leucocephalus.synRate' was not initialized prior to being used
Variable 'givenTree.Haliaeetus_albicilla.nonSynRate' was not initialized prior to being used
Variable 'givenTree.Haliaeetus_albicilla.synRate' was not initialized prior to being used
Variable 'givenTree.Accipiter_gentilis.nonSynRate' was not initialized prior to being used
Variable 'givenTree.Accipiter_gentilis.synRate' was not initialized prior to being used
Variable 'givenTree.Gymnogyps_californianus.nonSynRate' was not initialized prior to being used
Variable 'givenTree.Gymnogyps_californianus.synRate' was not initialized prior to being used
Variable 'givenTree.Node1.nonSynRate' was not initialized prior to being used
Variable 'givenTree.Node1.synRate' was not initialized prior to being used
Variable 'givenTree.Node5.nonSynRate' was not initialized prior to being used
Variable 'givenTree.Node5.synRate' was not initialized prior to being used
Variable 'givenTree.Node4.nonSynRate' was not initialized prior to being used
Variable 'givenTree.Node4.synRate' was not initialized prior to being used
Site 16 evaluated to a 0 probability in ComputeTreeBlockByBranch
Site 16 evaluated to a 0 probability in ComputeTreeBlockByBranch
Site 92 evaluated to a 0 probability in ComputeTreeBlockByBranch
Site 16 evaluated to a 0 probability in ComputeTreeBlockByBranch
Site 37 evaluated to a 0 probability in ComputeTreeBlockByBranch
Site 66 evaluated to a 0 probability in ComputeTreeBlockByBranch
Site 7 evaluated to a 0 probability in ComputeTreeBlockByBranch
Site 67 evaluated to a 0 probability in ComputeTreeBlockByBranch
Site 92 evaluated to a 0 probability in ComputeTreeBlockByBranch
Site 16 evaluated to a 0 probability in ComputeTreeBlockByBranch
Site 78 evaluated to a 0 probability in ComputeTreeBlockByBranch
Site 58 evaluated to a 0 probability in ComputeTreeBlockByBranch
Site 16 evaluated to a 0 probability in ComputeTreeBlockByBranch
Site 86 evaluated to a 0 probability in ComputeTreeBlockByBranch
Site 39 evaluated to a 0 probability in ComputeTreeBlockByBranch
Auto-benchmarked an optimal number (4) of threads.
Set GUI update interval to every 201-th LF evaluation.
Initial guess for givenTree.Harpia_harpyja.nonSynRate is 0.00261135
Initial guess for givenTree.Harpia_harpyja.synRate is -2.60818e-06
Initial guess for givenTree.Aquila_chrysaetos.nonSynRate is 0.00815972
Initial guess for givenTree.Aquila_chrysaetos.synRate is 0.000969728
Initial guess for givenTree.Node4.nonSynRate is 0.000676215
Initial guess for givenTree.Node4.synRate is -3.33833e-06
Initial guess for givenTree.Node5.nonSynRate is 0.000288505
Initial guess for givenTree.Node5.synRate is 3.33833e-06
Initial guess for givenTree.Haliaeetus_leucocephalus.nonSynRate is -6.31935e-18
Initial guess for givenTree.Haliaeetus_leucocephalus.synRate is 1.11518e-18
Initial guess for givenTree.Haliaeetus_albicilla.nonSynRate is -7.58942e-18
Initial guess for givenTree.Haliaeetus_albicilla.synRate is 1.23328e-18
Initial guess for givenTree.Accipiter_gentilis.nonSynRate is 0.00772133
Initial guess for givenTree.Accipiter_gentilis.synRate is 0.000968059
Initial guess for givenTree.Gymnogyps_californianus.nonSynRate is 0.0308896
Initial guess for givenTree.Gymnogyps_californianus.synRate is 0.00780091
Optimization settings:
	OPTIMIZATION_METHOD = 4
	OPTIMIZATION_PRECISION = 0.001
	MAXIMUM_ITERATIONS_PER_VARIABLE = 5000

Initial parameter values

CT = 1
GT = 1
CG = 1
AC = 1
AT = 1
givenTree.Harpia_harpyja.synRate = 0
givenTree.Harpia_harpyja.nonSynRate = 0.00261135
givenTree.Aquila_chrysaetos.synRate = 0.000969728
givenTree.Aquila_chrysaetos.nonSynRate = 0.00815972
givenTree.Node1.synRate = 0.1
givenTree.Node1.nonSynRate = 0.1
givenTree.Haliaeetus_leucocephalus.synRate = 1.11518e-18
givenTree.Haliaeetus_leucocephalus.nonSynRate = 0
givenTree.Haliaeetus_albicilla.synRate = 1.23328e-18
givenTree.Haliaeetus_albicilla.nonSynRate = 0
givenTree.Node5.synRate = 3.33833e-06
givenTree.Node5.nonSynRate = 0.000288505
givenTree.Accipiter_gentilis.synRate = 0.000968059
givenTree.Accipiter_gentilis.nonSynRate = 0.00772133
givenTree.Node4.synRate = 0
givenTree.Node4.nonSynRate = 0.000676215
givenTree.Gymnogyps_californianus.synRate = 0.00780091
givenTree.Gymnogyps_californianus.nonSynRate = 0.0308896
Optimization finished in 19 loop passes.
1798 likelihood evaluation calls and 6367 matrix exponentiations calls were made

Variable 'lastDepth' was not initialized prior to being used
No nodel was assigned to Harpia_harpyja
Harpia_harpyja has 0 parameters - branch length not assigned
No nodel was assigned to Aquila_chrysaetos
Aquila_chrysaetos has 0 parameters - branch length not assigned
No nodel was assigned to Node1
Node1 has 0 parameters - branch length not assigned
No nodel was assigned to Haliaeetus_leucocephalus
Haliaeetus_leucocephalus has 0 parameters - branch length not assigned
No nodel was assigned to Haliaeetus_albicilla
Haliaeetus_albicilla has 0 parameters - branch length not assigned
No nodel was assigned to Node5
Node5 has 0 parameters - branch length not assigned
No nodel was assigned to Accipiter_gentilis
Accipiter_gentilis has 0 parameters - branch length not assigned
No nodel was assigned to Node4
Node4 has 0 parameters - branch length not assigned
No nodel was assigned to Gymnogyps_californianus
Gymnogyps_californianus has 0 parameters - branch length not assigned
No nodel was assigned to Harpia_harpyja
Harpia_harpyja has 0 parameters - branch length not assigned
No nodel was assigned to Aquila_chrysaetos
Aquila_chrysaetos has 0 parameters - branch length not assigned
No nodel was assigned to Node1
Node1 has 0 parameters - branch length not assigned
No nodel was assigned to Haliaeetus_leucocephalus
Haliaeetus_leucocephalus has 0 parameters - branch length not assigned
No nodel was assigned to Haliaeetus_albicilla
Haliaeetus_albicilla has 0 parameters - branch length not assigned
No nodel was assigned to Node5
Node5 has 0 parameters - branch length not assigned
No nodel was assigned to Accipiter_gentilis
Accipiter_gentilis has 0 parameters - branch length not assigned
No nodel was assigned to Node4
Node4 has 0 parameters - branch length not assigned
No nodel was assigned to Gymnogyps_californianus
Gymnogyps_californianus has 0 parameters - branch length not assigned
No nodel was assigned to Harpia_harpyja
Harpia_harpyja has 0 parameters - branch length not assigned
No nodel was assigned to Aquila_chrysaetos
Aquila_chrysaetos has 0 parameters - branch length not assigned
No nodel was assigned to Node1
Node1 has 0 parameters - branch length not assigned
No nodel was assigned to Haliaeetus_leucocephalus
Haliaeetus_leucocephalus has 0 parameters - branch length not assigned
No nodel was assigned to Haliaeetus_albicilla
Haliaeetus_albicilla has 0 parameters - branch length not assigned
No nodel was assigned to Node5
Node5 has 0 parameters - branch length not assigned
No nodel was assigned to Accipiter_gentilis
Accipiter_gentilis has 0 parameters - branch length not assigned
No nodel was assigned to Node4
Node4 has 0 parameters - branch length not assigned
No nodel was assigned to Gymnogyps_californianus
Gymnogyps_californianus has 0 parameters - branch length not assigned
No nodel was assigned to Harpia_harpyja
Harpia_harpyja has 0 parameters - branch length not assigned
No nodel was assigned to Aquila_chrysaetos
Aquila_chrysaetos has 0 parameters - branch length not assigned
No nodel was assigned to Node1
Node1 has 0 parameters - branch length not assigned
No nodel was assigned to Haliaeetus_leucocephalus
Haliaeetus_leucocephalus has 0 parameters - branch length not assigned
No nodel was assigned to Haliaeetus_albicilla
Haliaeetus_albicilla has 0 parameters - branch length not assigned
No nodel was assigned to Node5
Node5 has 0 parameters - branch length not assigned
No nodel was assigned to Accipiter_gentilis
Accipiter_gentilis has 0 parameters - branch length not assigned
No nodel was assigned to Node4
Node4 has 0 parameters - branch length not assigned
No nodel was assigned to Gymnogyps_californianus
Gymnogyps_californianus has 0 parameters - branch length not assigned
Variable 'nodeName' was not initialized prior to being used
Variable 'speciesIndex' was not initialized prior to being used
Row and/or column partition is empty. All the data will be used by default.
Model MG94customModel assigned to Harpia_harpyja
Model MG94customModel assigned to Aquila_chrysaetos
One branch tree supplied - hopefully this IS what you meant to do.
Rooted tree. Removing one branch - the left root child has been promoted to be the new root
Partition 0 reversible model flag computed as 1
Variable 'twoLnLik' was not initialized prior to being used
Variable 't2.Aquila_chrysaetos.nonSynRate' was not initialized prior to being used
Variable 't2.Aquila_chrysaetos.synRate' was not initialized prior to being used
Auto-benchmarked an optimal number (3) of threads.
Set GUI update interval to every 5747-th LF evaluation.
Optimization settings:
	OPTIMIZATION_METHOD = 4
	OPTIMIZATION_PRECISION = 0.001
	MAXIMUM_ITERATIONS_PER_VARIABLE = 5000

Initial parameter values

t2.Aquila_chrysaetos.nonSynRate = 0.1
t2.Aquila_chrysaetos.synRate = 0.1
Optimization finished in 7 loop passes.
111 likelihood evaluation calls and 103 matrix exponentiations calls were made

Row and/or column partition is empty. All the data will be used by default.
Model MG94customModel assigned to Harpia_harpyja
Model MG94customModel assigned to Haliaeetus_leucocephalus
One branch tree supplied - hopefully this IS what you meant to do.
Rooted tree. Removing one branch - the left root child has been promoted to be the new root
Partition 0 reversible model flag computed as 1
Variable 't2.Haliaeetus_leucocephalus.nonSynRate' was not initialized prior to being used
Variable 't2.Haliaeetus_leucocephalus.synRate' was not initialized prior to being used
Auto-benchmarked an optimal number (4) of threads.
Set GUI update interval to every 5882-th LF evaluation.
Optimization settings:
	OPTIMIZATION_METHOD = 4
	OPTIMIZATION_PRECISION = 0.001
	MAXIMUM_ITERATIONS_PER_VARIABLE = 5000

Initial parameter values

t2.Haliaeetus_leucocephalus.nonSynRate = 0.1
t2.Haliaeetus_leucocephalus.synRate = 0.1
Optimization finished in 7 loop passes.
112 likelihood evaluation calls and 104 matrix exponentiations calls were made

Row and/or column partition is empty. All the data will be used by default.
Model MG94customModel assigned to Harpia_harpyja
Model MG94customModel assigned to Haliaeetus_albicilla
One branch tree supplied - hopefully this IS what you meant to do.
Rooted tree. Removing one branch - the left root child has been promoted to be the new root
Partition 0 reversible model flag computed as 1
Variable 't2.Haliaeetus_albicilla.synRate' was not initialized prior to being used
Variable 't2.Haliaeetus_albicilla.nonSynRate' was not initialized prior to being used
Auto-benchmarked an optimal number (5) of threads.
Set GUI update interval to every 5813-th LF evaluation.
Optimization settings:
	OPTIMIZATION_METHOD = 4
	OPTIMIZATION_PRECISION = 0.001
	MAXIMUM_ITERATIONS_PER_VARIABLE = 5000

Initial parameter values

t2.Haliaeetus_albicilla.synRate = 0.1
t2.Haliaeetus_albicilla.nonSynRate = 0.1
Optimization finished in 6 loop passes.
60 likelihood evaluation calls and 52 matrix exponentiations calls were made

Row and/or column partition is empty. All the data will be used by default.
Model MG94customModel assigned to Harpia_harpyja
Model MG94customModel assigned to Accipiter_gentilis
One branch tree supplied - hopefully this IS what you meant to do.
Rooted tree. Removing one branch - the left root child has been promoted to be the new root
Partition 0 reversible model flag computed as 1
Variable 't2.Accipiter_gentilis.nonSynRate' was not initialized prior to being used
Variable 't2.Accipiter_gentilis.synRate' was not initialized prior to being used
Auto-benchmarked an optimal number (5) of threads.
Set GUI update interval to every 5882-th LF evaluation.
Optimization settings:
	OPTIMIZATION_METHOD = 4
	OPTIMIZATION_PRECISION = 0.001
	MAXIMUM_ITERATIONS_PER_VARIABLE = 5000

Initial parameter values

t2.Accipiter_gentilis.nonSynRate = 0.1
t2.Accipiter_gentilis.synRate = 0.1
Optimization finished in 7 loop passes.
197 likelihood evaluation calls and 185 matrix exponentiations calls were made

Row and/or column partition is empty. All the data will be used by default.
Model MG94customModel assigned to Harpia_harpyja
Model MG94customModel assigned to Gymnogyps_californianus
One branch tree supplied - hopefully this IS what you meant to do.
Rooted tree. Removing one branch - the left root child has been promoted to be the new root
Partition 0 reversible model flag computed as 1
Variable 't2.Gymnogyps_californianus.synRate' was not initialized prior to being used
Variable 't2.Gymnogyps_californianus.nonSynRate' was not initialized prior to being used
Auto-benchmarked an optimal number (4) of threads.
Set GUI update interval to every 5813-th LF evaluation.
Optimization settings:
	OPTIMIZATION_METHOD = 4
	OPTIMIZATION_PRECISION = 0.001
	MAXIMUM_ITERATIONS_PER_VARIABLE = 5000

Initial parameter values

t2.Gymnogyps_californianus.synRate = 0.1
t2.Gymnogyps_californianus.nonSynRate = 0.1
Optimization finished in 7 loop passes.
114 likelihood evaluation calls and 101 matrix exponentiations calls were made

Row and/or column partition is empty. All the data will be used by default.
Model MG94customModel assigned to Aquila_chrysaetos
Model MG94customModel assigned to Haliaeetus_leucocephalus
One branch tree supplied - hopefully this IS what you meant to do.
Rooted tree. Removing one branch - the left root child has been promoted to be the new root
Partition 0 reversible model flag computed as 1
Variable 't2.Haliaeetus_leucocephalus.nonSynRate' was not initialized prior to being used
Variable 't2.Haliaeetus_leucocephalus.synRate' was not initialized prior to being used
Auto-benchmarked an optimal number (3) of threads.
Set GUI update interval to every 5681-th LF evaluation.
Optimization settings:
	OPTIMIZATION_METHOD = 4
	OPTIMIZATION_PRECISION = 0.001
	MAXIMUM_ITERATIONS_PER_VARIABLE = 5000

Initial parameter values

t2.Haliaeetus_leucocephalus.nonSynRate = 0.1
t2.Haliaeetus_leucocephalus.synRate = 0.1
Optimization finished in 3 loop passes.
65 likelihood evaluation calls and 59 matrix exponentiations calls were made

Row and/or column partition is empty. All the data will be used by default.
Model MG94customModel assigned to Aquila_chrysaetos
Model MG94customModel assigned to Haliaeetus_albicilla
One branch tree supplied - hopefully this IS what you meant to do.
Rooted tree. Removing one branch - the left root child has been promoted to be the new root
Partition 0 reversible model flag computed as 1
Variable 't2.Haliaeetus_albicilla.nonSynRate' was not initialized prior to being used
Variable 't2.Haliaeetus_albicilla.synRate' was not initialized prior to being used
Auto-benchmarked an optimal number (4) of threads.
Set GUI update interval to every 5882-th LF evaluation.
Optimization settings:
	OPTIMIZATION_METHOD = 4
	OPTIMIZATION_PRECISION = 0.001
	MAXIMUM_ITERATIONS_PER_VARIABLE = 5000

Initial parameter values

t2.Haliaeetus_albicilla.nonSynRate = 0.1
t2.Haliaeetus_albicilla.synRate = 0.1
Optimization finished in 6 loop passes.
145 likelihood evaluation calls and 129 matrix exponentiations calls were made

Row and/or column partition is empty. All the data will be used by default.
Model MG94customModel assigned to Aquila_chrysaetos
Model MG94customModel assigned to Accipiter_gentilis
One branch tree supplied - hopefully this IS what you meant to do.
Rooted tree. Removing one branch - the left root child has been promoted to be the new root
Partition 0 reversible model flag computed as 1
Variable 't2.Accipiter_gentilis.synRate' was not initialized prior to being used
Variable 't2.Accipiter_gentilis.nonSynRate' was not initialized prior to being used
Auto-benchmarked an optimal number (3) of threads.
Set GUI update interval to every 5617-th LF evaluation.
Optimization settings:
	OPTIMIZATION_METHOD = 4
	OPTIMIZATION_PRECISION = 0.001
	MAXIMUM_ITERATIONS_PER_VARIABLE = 5000

Initial parameter values

t2.Accipiter_gentilis.synRate = 0.1
t2.Accipiter_gentilis.nonSynRate = 0.1
Optimization finished in 5 loop passes.
165 likelihood evaluation calls and 149 matrix exponentiations calls were made

Row and/or column partition is empty. All the data will be used by default.
Model MG94customModel assigned to Aquila_chrysaetos
Model MG94customModel assigned to Gymnogyps_californianus
One branch tree supplied - hopefully this IS what you meant to do.
Rooted tree. Removing one branch - the left root child has been promoted to be the new root
Partition 0 reversible model flag computed as 1
Variable 't2.Gymnogyps_californianus.nonSynRate' was not initialized prior to being used
Variable 't2.Gymnogyps_californianus.synRate' was not initialized prior to being used
Auto-benchmarked an optimal number (5) of threads.
Set GUI update interval to every 5882-th LF evaluation.
Optimization settings:
	OPTIMIZATION_METHOD = 4
	OPTIMIZATION_PRECISION = 0.001
	MAXIMUM_ITERATIONS_PER_VARIABLE = 5000

Initial parameter values

t2.Gymnogyps_californianus.nonSynRate = 0.1
t2.Gymnogyps_californianus.synRate = 0.1
Optimization finished in 5 loop passes.
179 likelihood evaluation calls and 163 matrix exponentiations calls were made

Row and/or column partition is empty. All the data will be used by default.
Model MG94customModel assigned to Haliaeetus_leucocephalus
Model MG94customModel assigned to Haliaeetus_albicilla
One branch tree supplied - hopefully this IS what you meant to do.
Rooted tree. Removing one branch - the left root child has been promoted to be the new root
Partition 0 reversible model flag computed as 1
Variable 't2.Haliaeetus_albicilla.nonSynRate' was not initialized prior to being used
Variable 't2.Haliaeetus_albicilla.synRate' was not initialized prior to being used
Auto-benchmarked an optimal number (3) of threads.
Set GUI update interval to every 5747-th LF evaluation.
Optimization settings:
	OPTIMIZATION_METHOD = 4
	OPTIMIZATION_PRECISION = 0.001
	MAXIMUM_ITERATIONS_PER_VARIABLE = 5000

Initial parameter values

t2.Haliaeetus_albicilla.nonSynRate = 0.1
t2.Haliaeetus_albicilla.synRate = 0.1
Optimization finished in 6 loop passes.
144 likelihood evaluation calls and 128 matrix exponentiations calls were made

Row and/or column partition is empty. All the data will be used by default.
Model MG94customModel assigned to Haliaeetus_leucocephalus
Model MG94customModel assigned to Accipiter_gentilis
One branch tree supplied - hopefully this IS what you meant to do.
Rooted tree. Removing one branch - the left root child has been promoted to be the new root
Partition 0 reversible model flag computed as 1
Variable 't2.Accipiter_gentilis.nonSynRate' was not initialized prior to being used
Variable 't2.Accipiter_gentilis.synRate' was not initialized prior to being used
Auto-benchmarked an optimal number (6) of threads.
Set GUI update interval to every 6172-th LF evaluation.
Optimization settings:
	OPTIMIZATION_METHOD = 4
	OPTIMIZATION_PRECISION = 0.001
	MAXIMUM_ITERATIONS_PER_VARIABLE = 5000

Initial parameter values

t2.Accipiter_gentilis.nonSynRate = 0.1
t2.Accipiter_gentilis.synRate = 0.1
Optimization finished in 5 loop passes.
168 likelihood evaluation calls and 152 matrix exponentiations calls were made

Row and/or column partition is empty. All the data will be used by default.
Model MG94customModel assigned to Haliaeetus_leucocephalus
Model MG94customModel assigned to Gymnogyps_californianus
One branch tree supplied - hopefully this IS what you meant to do.
Rooted tree. Removing one branch - the left root child has been promoted to be the new root
Partition 0 reversible model flag computed as 1
Variable 't2.Gymnogyps_californianus.nonSynRate' was not initialized prior to being used
Variable 't2.Gymnogyps_californianus.synRate' was not initialized prior to being used
Auto-benchmarked an optimal number (4) of threads.
Set GUI update interval to every 5813-th LF evaluation.
Optimization settings:
	OPTIMIZATION_METHOD = 4
	OPTIMIZATION_PRECISION = 0.001
	MAXIMUM_ITERATIONS_PER_VARIABLE = 5000

Initial parameter values

t2.Gymnogyps_californianus.nonSynRate = 0.1
t2.Gymnogyps_californianus.synRate = 0.1
Optimization finished in 5 loop passes.
178 likelihood evaluation calls and 162 matrix exponentiations calls were made

Row and/or column partition is empty. All the data will be used by default.
Model MG94customModel assigned to Haliaeetus_albicilla
Model MG94customModel assigned to Accipiter_gentilis
One branch tree supplied - hopefully this IS what you meant to do.
Rooted tree. Removing one branch - the left root child has been promoted to be the new root
Partition 0 reversible model flag computed as 1
Variable 't2.Accipiter_gentilis.nonSynRate' was not initialized prior to being used
Variable 't2.Accipiter_gentilis.synRate' was not initialized prior to being used
Auto-benchmarked an optimal number (3) of threads.
Set GUI update interval to every 5376-th LF evaluation.
Optimization settings:
	OPTIMIZATION_METHOD = 4
	OPTIMIZATION_PRECISION = 0.001
	MAXIMUM_ITERATIONS_PER_VARIABLE = 5000

Initial parameter values

t2.Accipiter_gentilis.nonSynRate = 0.1
t2.Accipiter_gentilis.synRate = 0.1
Optimization finished in 8 loop passes.
139 likelihood evaluation calls and 130 matrix exponentiations calls were made

Row and/or column partition is empty. All the data will be used by default.
Model MG94customModel assigned to Haliaeetus_albicilla
Model MG94customModel assigned to Gymnogyps_californianus
One branch tree supplied - hopefully this IS what you meant to do.
Rooted tree. Removing one branch - the left root child has been promoted to be the new root
Partition 0 reversible model flag computed as 1
Variable 't2.Gymnogyps_californianus.nonSynRate' was not initialized prior to being used
Variable 't2.Gymnogyps_californianus.synRate' was not initialized prior to being used
Auto-benchmarked an optimal number (3) of threads.
Set GUI update interval to every 5555-th LF evaluation.
Optimization settings:
	OPTIMIZATION_METHOD = 4
	OPTIMIZATION_PRECISION = 0.001
	MAXIMUM_ITERATIONS_PER_VARIABLE = 5000

Initial parameter values

t2.Gymnogyps_californianus.nonSynRate = 0.1
t2.Gymnogyps_californianus.synRate = 0.1
Optimization finished in 6 loop passes.
183 likelihood evaluation calls and 169 matrix exponentiations calls were made

Row and/or column partition is empty. All the data will be used by default.
Model MG94customModel assigned to Accipiter_gentilis
Model MG94customModel assigned to Gymnogyps_californianus
One branch tree supplied - hopefully this IS what you meant to do.
Rooted tree. Removing one branch - the left root child has been promoted to be the new root
Partition 0 reversible model flag computed as 1
Auto-benchmarked an optimal number (5) of threads.
Set GUI update interval to every 1225-th LF evaluation.
Optimization settings:
	OPTIMIZATION_METHOD = 4
	OPTIMIZATION_PRECISION = 0.001
	MAXIMUM_ITERATIONS_PER_VARIABLE = 5000

Initial parameter values

t2.Gymnogyps_californianus.nonSynRate = 0.1
t2.Gymnogyps_californianus.synRate = 0.1
Optimization finished in 5 loop passes.
177 likelihood evaluation calls and 160 matrix exponentiations calls were made
