Acomys_russatus	Rodentia	0.332	0.292	1.0	0.922	0.999	0.991	0.926	0.877	0.211	0.867	0.274	0.428	0.599	0.349	0.894	0.498	0.501
Apodemus_sylvaticus	Rodentia	0.398	0.174	1.0	0.922	0.999	0.994	0.949	0.875	0.209	0.845	0.303	0.469	0.672	0.381	0.862	0.497	0.501
Arvicanthis_niloticus	Rodentia	0.409	0.221	0.999	0.915	0.999	0.982	0.939	0.868	0.217	0.853	0.229	0.482	0.683	0.433	0.856	0.497	0.501
Arvicola_amphibius	Rodentia	0.286	0.254	0.998	0.907	1.0	0.964	0.931	0.873	0.208	0.894	0.211	0.457	0.646	0.381	0.844	0.496	0.501
Castor_canadensis	Rodentia	0.275	0.162	0.999	0.909	0.998	0.98	0.917	0.874	0.223	0.847	0.26	0.445	0.558	0.406	0.913	0.498	0.501
Cavia_aperea	Rodentia	0.322	0.284	1.0	0.942	0.999	0.995	0.92	0.884	0.229	0.754	0.219	0.422	0.571	0.359	0.896	0.499	0.501
Cavia_porcellus	Rodentia	0.338	0.291	1.0	0.942	0.998	0.993	0.918	0.883	0.23	0.748	0.223	0.423	0.561	0.346	0.912	0.499	0.501
Chinchilla_lanigera	Rodentia	0.319	0.2	1.0	0.931	0.999	0.994	0.942	0.882	0.246	0.854	0.207	0.425	0.552	0.373	0.917	0.498	0.501
Chionomys_nivalis	Rodentia	0.291	0.287	0.997	0.9	1.0	0.957	0.934	0.873	0.202	0.891	0.207	0.467	0.626	0.378	0.859	0.497	0.501
Cricetulus_griseus	Rodentia	0.281	0.214	0.998	0.901	0.999	0.964	0.926	0.862	0.205	0.868	0.224	0.464	0.589	0.37	0.713	0.496	0.501
Dipodomys_spectabilis	Rodentia	0.201	0.187	1.0	0.953	0.961	1.0	0.932	0.844	0.178	0.724	0.315	0.345	0.589	0.347	0.183	0.497	0.5
Fukomys_damarensis	Rodentia	0.328	0.209	1.0	0.929	0.997	0.997	0.944	0.879	0.246	0.863	0.18	0.428	0.597	0.465	0.9	0.498	0.501
Grammomys_surdaster	Rodentia	0.469	0.301	0.999	0.916	0.999	0.976	0.934	0.87	0.209	0.821	0.258	0.477	0.654	0.381	0.854	0.497	0.501
Heterocephalus_glaber	Rodentia	0.351	0.341	0.999	0.899	0.998	0.984	0.925	0.862	0.241	0.82	0.166	0.458	0.515	0.431	0.826	0.497	0.501
Ictidomys_tridecemlineatus	Rodentia	0.309	0.176	0.996	0.901	0.998	0.951	0.95	0.875	0.198	0.878	0.283	0.497	0.571	0.383	0.818	0.497	0.501
Jaculus_jaculus	Rodentia	0.371	0.208	0.996	0.92	0.998	0.892	0.922	0.865	0.188	0.906	0.282	0.477	0.573	0.371	0.639	0.497	0.5
Marmota_flaviventris	Rodentia	0.322	0.224	0.994	0.906	0.997	0.947	0.94	0.871	0.193	0.889	0.27	0.492	0.542	0.386	0.818	0.497	0.501
Marmota_marmota	Rodentia	0.321	0.223	0.993	0.905	0.996	0.955	0.938	0.873	0.192	0.876	0.273	0.483	0.543	0.38	0.813	0.497	0.501
Marmota_monax	Rodentia	0.31	0.223	0.995	0.906	0.997	0.954	0.937	0.873	0.192	0.875	0.277	0.478	0.535	0.362	0.827	0.497	0.501
Mastomys_coucha	Rodentia	0.289	0.197	1.0	0.911	1.0	0.99	0.948	0.888	0.216	0.838	0.289	0.47	0.697	0.354	0.882	0.497	0.501
Meriones_unguiculatus	Rodentia	0.18	0.201	0.999	0.9	1.0	0.89	0.949	0.877	0.198	0.838	0.252	0.47	0.614	0.303	0.832	0.496	0.501
Mesocricetus_auratus	Rodentia	0.371	0.261	0.999	0.913	1.0	0.988	0.921	0.86	0.197	0.878	0.301	0.465	0.64	0.34	0.845	0.497	0.501
Microtus_fortis	Rodentia	0.283	0.233	0.997	0.902	1.0	0.932	0.93	0.87	0.195	0.852	0.198	0.449	0.568	0.31	0.832	0.496	0.501
Microtus_ochrogaster	Rodentia	0.275	0.223	0.998	0.903	1.0	0.95	0.937	0.873	0.197	0.875	0.21	0.455	0.605	0.34	0.822	0.496	0.501
Microtus_oregoni	Rodentia	0.285	0.248	0.997	0.899	1.0	0.915	0.932	0.869	0.196	0.866	0.199	0.452	0.571	0.316	0.82	0.496	0.501
Mus_caroli	Rodentia	0.42	0.184	0.999	0.918	0.999	0.989	0.941	0.871	0.217	0.867	0.264	0.492	0.672	0.416	0.827	0.496	0.501
Mus_musculus	Rodentia	0.41	0.163	0.999	0.924	0.998	0.991	0.944	0.872	0.213	0.862	0.27	0.495	0.663	0.41	0.809	0.496	0.501
Mus_pahari	Rodentia	0.425	0.177	1.0	0.92	0.999	0.995	0.947	0.878	0.213	0.846	0.29	0.484	0.658	0.405	0.875	0.497	0.501
Mus_spicilegus	Rodentia	0.401	0.168	1.0	0.922	0.998	0.995	0.945	0.876	0.213	0.834	0.298	0.479	0.658	0.408	0.817	0.497	0.501
Mus_spretus	Rodentia	0.421	0.192	1.0	0.921	0.998	0.995	0.949	0.877	0.213	0.844	0.297	0.481	0.687	0.419	0.82	0.496	0.501
Nannospalax_galili	Rodentia	0.415	0.193	0.999	0.922	0.999	0.981	0.941	0.879	0.216	0.892	0.246	0.485	0.64	0.427	0.881	0.497	0.501
Octodon_degus	Rodentia	0.742	0.415	0.771	0.753	1.0	0.419	0.606	0.738	0.292	0.832	0.136	0.574	0.581	0.359	0.136	0.497	0.499
Onychomys_torridus	Rodentia	0.404	0.256	0.994	0.901	0.999	0.938	0.909	0.859	0.203	0.877	0.244	0.47	0.604	0.334	0.674	0.496	0.501
Perognathus_longimembris	Rodentia	0.148	0.114	1.0	0.954	0.993	1.0	0.922	0.868	0.203	0.433	0.2	0.329	0.553	0.368	0.223	0.497	0.5
Peromyscus_californicus	Rodentia	0.478	0.249	0.998	0.912	0.998	0.973	0.927	0.868	0.208	0.889	0.296	0.473	0.663	0.384	0.802	0.497	0.501
Peromyscus_leucopus	Rodentia	0.493	0.25	0.998	0.912	0.999	0.971	0.928	0.867	0.21	0.89	0.297	0.478	0.661	0.394	0.797	0.497	0.501
Peromyscus_maniculatus	Rodentia	0.496	0.262	0.998	0.911	0.999	0.969	0.924	0.868	0.209	0.889	0.302	0.471	0.668	0.395	0.806	0.497	0.501
Phodopus_roborovskii	Rodentia	0.272	0.206	0.998	0.901	0.999	0.974	0.938	0.865	0.201	0.895	0.234	0.491	0.614	0.42	0.771	0.496	0.501
Psammomys_obesus	Rodentia	0.176	0.187	0.999	0.904	1.0	0.902	0.949	0.879	0.197	0.845	0.259	0.471	0.62	0.305	0.828	0.496	0.501
Rattus_norvegicus	Rodentia	0.392	0.189	0.999	0.931	0.999	0.989	0.942	0.868	0.2	0.859	0.26	0.474	0.603	0.314	0.783	0.496	0.501
Sciurus_carolinensis	Rodentia	0.294	0.209	0.997	0.911	0.997	0.978	0.93	0.873	0.194	0.87	0.286	0.474	0.536	0.398	0.812	0.497	0.501
Spermophilus_dauricus	Rodentia	0.35	0.235	0.992	0.906	0.995	0.956	0.94	0.871	0.192	0.885	0.268	0.495	0.556	0.378	0.808	0.496	0.501
Urocitellus_parryii	Rodentia	0.3	0.192	0.994	0.903	0.997	0.958	0.947	0.873	0.194	0.882	0.273	0.493	0.531	0.369	0.813	0.496	0.501
