
Loaded 'libv3/convenience/matrix.bf' from /usr/local/lib/hyphy/TemplateBatchFiles/libv3/convenience/matrix.bf
Loaded 'libv3/UtilityFunctions.bf' from /usr/local/lib/hyphy/TemplateBatchFiles/libv3/UtilityFunctions.bf
Loaded 'IOFunctions.bf' from /usr/local/lib/hyphy/TemplateBatchFiles/libv3/IOFunctions.bf
Already loaded 'libv3/UtilityFunctions.bf' from /usr/local/lib/hyphy/TemplateBatchFiles/libv3/UtilityFunctions.bf
Loaded 'convenience/regexp.bf' from /usr/local/lib/hyphy/TemplateBatchFiles/libv3/convenience/regexp.bf
Loaded 'libv3/all-terms.bf' from /usr/local/lib/hyphy/TemplateBatchFiles/libv3/all-terms.bf
Variable 'skipCodeSelectionStep' was not initialized prior to being used
Row and/or column partition is empty. All the data will be used by default.
Overwritten previously defined function:'GaussLaguerreQuardature'
Overwritten previously defined function:'GammaQuadWeight'
Variable 'SKIP_HARVEST_FREQ' was not initialized prior to being used
Variable '_WRAP_PASSTHROUGH_FLAG_' was not initialized prior to being used
Variable 'END_OF_FILE' was not initialized prior to being used
Variable '_DO_TREE_REBALANCE_' was not initialized prior to being used
Variable '_KEEP_I_LABELS_' was not initialized prior to being used
Model MG94customModel assigned to Leptosomus_discolor
Leptosomus_discolor has 2 parameters - branch length not assigned
Model MG94customModel assigned to Colius_striatus
Colius_striatus has 2 parameters - branch length not assigned
Model MG94customModel assigned to Node2
Node2 has 2 parameters - branch length not assigned
Model MG94customModel assigned to Tyto_alba
Tyto_alba has 2 parameters - branch length not assigned
Model MG94customModel assigned to Node1
Node1 has 2 parameters - branch length not assigned
Model MG94customModel assigned to Haliaeetus_leucocephalus
Haliaeetus_leucocephalus has 2 parameters - branch length not assigned
Model MG94customModel assigned to Aquila_chrysaetos
Aquila_chrysaetos has 2 parameters - branch length not assigned
Model MG94customModel assigned to Node6
Node6 has 2 parameters - branch length not assigned
Model MG94customModel assigned to Coloeus_monedula
Coloeus_monedula has 2 parameters - branch length not assigned
Model MG94customModel assigned to Falco_peregrinus
Falco_peregrinus has 2 parameters - branch length not assigned
Model MG94customModel assigned to Falco_tinnunculus
Falco_tinnunculus has 2 parameters - branch length not assigned
Model MG94customModel assigned to Node11
Node11 has 2 parameters - branch length not assigned
Model MG94customModel assigned to Node9
Node9 has 2 parameters - branch length not assigned
The tips of the tree:givenTree were matched with the species names from the data in the following numeric order (0-based) {4,7,3,2,1,0,5,6}

Pseudo-optimal path's cost 2288 vs 3226 for 1..k=> a 1.40997 x improvement
Partition 0 reversible model flag computed as 1
Variable 'theLnLik' was not initialized prior to being used
Variable 'SAVE_OPT_STATUS_TO' was not initialized prior to being used
Variable 'givenTree.Leptosomus_discolor.nonSynRate' was not initialized prior to being used
Variable 'givenTree.Leptosomus_discolor.synRate' was not initialized prior to being used
Variable 'givenTree.Colius_striatus.nonSynRate' was not initialized prior to being used
Variable 'givenTree.Colius_striatus.synRate' was not initialized prior to being used
Variable 'givenTree.Tyto_alba.nonSynRate' was not initialized prior to being used
Variable 'givenTree.Tyto_alba.synRate' was not initialized prior to being used
Variable 'givenTree.Haliaeetus_leucocephalus.nonSynRate' was not initialized prior to being used
Variable 'givenTree.Haliaeetus_leucocephalus.synRate' was not initialized prior to being used
Variable 'givenTree.Aquila_chrysaetos.nonSynRate' was not initialized prior to being used
Variable 'givenTree.Aquila_chrysaetos.synRate' was not initialized prior to being used
Variable 'givenTree.Coloeus_monedula.nonSynRate' was not initialized prior to being used
Variable 'givenTree.Coloeus_monedula.synRate' was not initialized prior to being used
Variable 'givenTree.Falco_peregrinus.nonSynRate' was not initialized prior to being used
Variable 'givenTree.Falco_peregrinus.synRate' was not initialized prior to being used
Variable 'givenTree.Falco_tinnunculus.nonSynRate' was not initialized prior to being used
Variable 'givenTree.Falco_tinnunculus.synRate' was not initialized prior to being used
Variable 'givenTree.Node2.nonSynRate' was not initialized prior to being used
Variable 'givenTree.Node2.synRate' was not initialized prior to being used
Variable 'givenTree.Node1.nonSynRate' was not initialized prior to being used
Variable 'givenTree.Node1.synRate' was not initialized prior to being used
Variable 'givenTree.Node6.nonSynRate' was not initialized prior to being used
Variable 'givenTree.Node6.synRate' was not initialized prior to being used
Variable 'givenTree.Node11.nonSynRate' was not initialized prior to being used
Variable 'givenTree.Node11.synRate' was not initialized prior to being used
Variable 'givenTree.Node9.nonSynRate' was not initialized prior to being used
Variable 'givenTree.Node9.synRate' was not initialized prior to being used
Site 21 evaluated to a 0 probability in ComputeTreeBlockByBranch
Site 21 evaluated to a 0 probability in ComputeTreeBlockByBranch
Site 228 evaluated to a 0 probability in ComputeTreeBlockByBranch
Site 21 evaluated to a 0 probability in ComputeTreeBlockByBranch
Site 83 evaluated to a 0 probability in ComputeTreeBlockByBranch
Site 162 evaluated to a 0 probability in ComputeTreeBlockByBranch
Auto-benchmarked an optimal number (2) of threads.
Set GUI update interval to every 58-th LF evaluation.
Initial guess for givenTree.Node2.nonSynRate is -0.00166869
Initial guess for givenTree.Node2.synRate is -0.000696204
Initial guess for givenTree.Leptosomus_discolor.nonSynRate is 0.0281383
Initial guess for givenTree.Leptosomus_discolor.synRate is 0.00775336
Initial guess for givenTree.Colius_striatus.nonSynRate is 0.0611466
Initial guess for givenTree.Colius_striatus.synRate is 0.0316401
Initial guess for givenTree.Tyto_alba.nonSynRate is 0.0192612
Initial guess for givenTree.Tyto_alba.synRate is 0.0104821
Initial guess for givenTree.Node6.nonSynRate is -0.00371363
Initial guess for givenTree.Node6.synRate is -0.000758305
Initial guess for givenTree.Haliaeetus_leucocephalus.nonSynRate is 0.00636664
Initial guess for givenTree.Haliaeetus_leucocephalus.synRate is 0.000874705
Initial guess for givenTree.Aquila_chrysaetos.nonSynRate is 0.00712364
Initial guess for givenTree.Aquila_chrysaetos.synRate is 0.00102284
Initial guess for givenTree.Node9.nonSynRate is 0.0180093
Initial guess for givenTree.Node9.synRate is 0.00536127
Initial guess for givenTree.Coloeus_monedula.nonSynRate is 0.0867977
Initial guess for givenTree.Coloeus_monedula.synRate is 0.0480674
Initial guess for givenTree.Node11.nonSynRate is 0.00318871
Initial guess for givenTree.Node11.synRate is -0.00070926
Initial guess for givenTree.Falco_peregrinus.nonSynRate is 0.0035005
Initial guess for givenTree.Falco_peregrinus.synRate is 0.00111921
Initial guess for givenTree.Falco_tinnunculus.nonSynRate is 0.00222525
Initial guess for givenTree.Falco_tinnunculus.synRate is 0.000778329
Optimization settings:
	OPTIMIZATION_METHOD = 4
	OPTIMIZATION_PRECISION = 0.001
	MAXIMUM_ITERATIONS_PER_VARIABLE = 5000

Initial parameter values

GT = 1
CT = 1
AC = 1
CG = 1
AT = 1
givenTree.Leptosomus_discolor.synRate = 0.00775336
givenTree.Leptosomus_discolor.nonSynRate = 0.0281383
givenTree.Colius_striatus.synRate = 0.0316401
givenTree.Colius_striatus.nonSynRate = 0.0611466
givenTree.Node2.synRate = 0
givenTree.Node2.nonSynRate = 0
givenTree.Tyto_alba.synRate = 0.0104821
givenTree.Tyto_alba.nonSynRate = 0.0192612
givenTree.Node1.synRate = 0.1
givenTree.Node1.nonSynRate = 0.1
givenTree.Haliaeetus_leucocephalus.synRate = 0.000874705
givenTree.Haliaeetus_leucocephalus.nonSynRate = 0.00636664
givenTree.Aquila_chrysaetos.synRate = 0.00102284
givenTree.Aquila_chrysaetos.nonSynRate = 0.00712364
givenTree.Node6.synRate = 0
givenTree.Node6.nonSynRate = 0
givenTree.Coloeus_monedula.synRate = 0.0480674
givenTree.Coloeus_monedula.nonSynRate = 0.0867977
givenTree.Falco_peregrinus.synRate = 0.00111921
givenTree.Falco_peregrinus.nonSynRate = 0.0035005
givenTree.Falco_tinnunculus.synRate = 0.000778329
givenTree.Falco_tinnunculus.nonSynRate = 0.00222525
givenTree.Node11.synRate = 0
givenTree.Node11.nonSynRate = 0.00318871
givenTree.Node9.synRate = 0.00536127
givenTree.Node9.nonSynRate = 0.0180093
Optimization finished in 23 loop passes.
3136 likelihood evaluation calls and 12579 matrix exponentiations calls were made

Variable 'lastDepth' was not initialized prior to being used
No nodel was assigned to Leptosomus_discolor
Leptosomus_discolor has 0 parameters - branch length not assigned
No nodel was assigned to Colius_striatus
Colius_striatus has 0 parameters - branch length not assigned
No nodel was assigned to Node2
Node2 has 0 parameters - branch length not assigned
No nodel was assigned to Tyto_alba
Tyto_alba has 0 parameters - branch length not assigned
No nodel was assigned to Node1
Node1 has 0 parameters - branch length not assigned
No nodel was assigned to Haliaeetus_leucocephalus
Haliaeetus_leucocephalus has 0 parameters - branch length not assigned
No nodel was assigned to Aquila_chrysaetos
Aquila_chrysaetos has 0 parameters - branch length not assigned
No nodel was assigned to Node6
Node6 has 0 parameters - branch length not assigned
No nodel was assigned to Coloeus_monedula
Coloeus_monedula has 0 parameters - branch length not assigned
No nodel was assigned to Falco_peregrinus
Falco_peregrinus has 0 parameters - branch length not assigned
No nodel was assigned to Falco_tinnunculus
Falco_tinnunculus has 0 parameters - branch length not assigned
No nodel was assigned to Node11
Node11 has 0 parameters - branch length not assigned
No nodel was assigned to Node9
Node9 has 0 parameters - branch length not assigned
No nodel was assigned to Leptosomus_discolor
Leptosomus_discolor has 0 parameters - branch length not assigned
No nodel was assigned to Colius_striatus
Colius_striatus has 0 parameters - branch length not assigned
No nodel was assigned to Node2
Node2 has 0 parameters - branch length not assigned
No nodel was assigned to Tyto_alba
Tyto_alba has 0 parameters - branch length not assigned
No nodel was assigned to Node1
Node1 has 0 parameters - branch length not assigned
No nodel was assigned to Haliaeetus_leucocephalus
Haliaeetus_leucocephalus has 0 parameters - branch length not assigned
No nodel was assigned to Aquila_chrysaetos
Aquila_chrysaetos has 0 parameters - branch length not assigned
No nodel was assigned to Node6
Node6 has 0 parameters - branch length not assigned
No nodel was assigned to Coloeus_monedula
Coloeus_monedula has 0 parameters - branch length not assigned
No nodel was assigned to Falco_peregrinus
Falco_peregrinus has 0 parameters - branch length not assigned
No nodel was assigned to Falco_tinnunculus
Falco_tinnunculus has 0 parameters - branch length not assigned
No nodel was assigned to Node11
Node11 has 0 parameters - branch length not assigned
No nodel was assigned to Node9
Node9 has 0 parameters - branch length not assigned
No nodel was assigned to Leptosomus_discolor
Leptosomus_discolor has 0 parameters - branch length not assigned
No nodel was assigned to Colius_striatus
Colius_striatus has 0 parameters - branch length not assigned
No nodel was assigned to Node2
Node2 has 0 parameters - branch length not assigned
No nodel was assigned to Tyto_alba
Tyto_alba has 0 parameters - branch length not assigned
No nodel was assigned to Node1
Node1 has 0 parameters - branch length not assigned
No nodel was assigned to Haliaeetus_leucocephalus
Haliaeetus_leucocephalus has 0 parameters - branch length not assigned
No nodel was assigned to Aquila_chrysaetos
Aquila_chrysaetos has 0 parameters - branch length not assigned
No nodel was assigned to Node6
Node6 has 0 parameters - branch length not assigned
No nodel was assigned to Coloeus_monedula
Coloeus_monedula has 0 parameters - branch length not assigned
No nodel was assigned to Falco_peregrinus
Falco_peregrinus has 0 parameters - branch length not assigned
No nodel was assigned to Falco_tinnunculus
Falco_tinnunculus has 0 parameters - branch length not assigned
No nodel was assigned to Node11
Node11 has 0 parameters - branch length not assigned
No nodel was assigned to Node9
Node9 has 0 parameters - branch length not assigned
No nodel was assigned to Leptosomus_discolor
Leptosomus_discolor has 0 parameters - branch length not assigned
No nodel was assigned to Colius_striatus
Colius_striatus has 0 parameters - branch length not assigned
No nodel was assigned to Node2
Node2 has 0 parameters - branch length not assigned
No nodel was assigned to Tyto_alba
Tyto_alba has 0 parameters - branch length not assigned
No nodel was assigned to Node1
Node1 has 0 parameters - branch length not assigned
No nodel was assigned to Haliaeetus_leucocephalus
Haliaeetus_leucocephalus has 0 parameters - branch length not assigned
No nodel was assigned to Aquila_chrysaetos
Aquila_chrysaetos has 0 parameters - branch length not assigned
No nodel was assigned to Node6
Node6 has 0 parameters - branch length not assigned
No nodel was assigned to Coloeus_monedula
Coloeus_monedula has 0 parameters - branch length not assigned
No nodel was assigned to Falco_peregrinus
Falco_peregrinus has 0 parameters - branch length not assigned
No nodel was assigned to Falco_tinnunculus
Falco_tinnunculus has 0 parameters - branch length not assigned
No nodel was assigned to Node11
Node11 has 0 parameters - branch length not assigned
No nodel was assigned to Node9
Node9 has 0 parameters - branch length not assigned
Variable 'nodeName' was not initialized prior to being used
Variable 'speciesIndex' was not initialized prior to being used
Row and/or column partition is empty. All the data will be used by default.
Model MG94customModel assigned to Leptosomus_discolor
Model MG94customModel assigned to Colius_striatus
One branch tree supplied - hopefully this IS what you meant to do.
Rooted tree. Removing one branch - the left root child has been promoted to be the new root
Partition 0 reversible model flag computed as 1
Variable 'twoLnLik' was not initialized prior to being used
Variable 't2.Colius_striatus.nonSynRate' was not initialized prior to being used
Variable 't2.Colius_striatus.synRate' was not initialized prior to being used
Auto-benchmarked an optimal number (4) of threads.
Set GUI update interval to every 5555-th LF evaluation.
Optimization settings:
	OPTIMIZATION_METHOD = 4
	OPTIMIZATION_PRECISION = 0.001
	MAXIMUM_ITERATIONS_PER_VARIABLE = 5000

Initial parameter values

t2.Colius_striatus.nonSynRate = 0.1
t2.Colius_striatus.synRate = 0.1
Optimization finished in 6 loop passes.
165 likelihood evaluation calls and 149 matrix exponentiations calls were made

Row and/or column partition is empty. All the data will be used by default.
Model MG94customModel assigned to Leptosomus_discolor
Model MG94customModel assigned to Tyto_alba
One branch tree supplied - hopefully this IS what you meant to do.
Rooted tree. Removing one branch - the left root child has been promoted to be the new root
Partition 0 reversible model flag computed as 1
Variable 't2.Tyto_alba.nonSynRate' was not initialized prior to being used
Variable 't2.Tyto_alba.synRate' was not initialized prior to being used
Auto-benchmarked an optimal number (4) of threads.
Set GUI update interval to every 5319-th LF evaluation.
Optimization settings:
	OPTIMIZATION_METHOD = 4
	OPTIMIZATION_PRECISION = 0.001
	MAXIMUM_ITERATIONS_PER_VARIABLE = 5000

Initial parameter values

t2.Tyto_alba.nonSynRate = 0.1
t2.Tyto_alba.synRate = 0.1
Optimization finished in 6 loop passes.
174 likelihood evaluation calls and 157 matrix exponentiations calls were made

Row and/or column partition is empty. All the data will be used by default.
Model MG94customModel assigned to Leptosomus_discolor
Model MG94customModel assigned to Haliaeetus_leucocephalus
One branch tree supplied - hopefully this IS what you meant to do.
Rooted tree. Removing one branch - the left root child has been promoted to be the new root
Partition 0 reversible model flag computed as 1
Variable 't2.Haliaeetus_leucocephalus.synRate' was not initialized prior to being used
Variable 't2.Haliaeetus_leucocephalus.nonSynRate' was not initialized prior to being used
Auto-benchmarked an optimal number (4) of threads.
Set GUI update interval to every 5376-th LF evaluation.
Optimization settings:
	OPTIMIZATION_METHOD = 4
	OPTIMIZATION_PRECISION = 0.001
	MAXIMUM_ITERATIONS_PER_VARIABLE = 5000

Initial parameter values

t2.Haliaeetus_leucocephalus.synRate = 0.1
t2.Haliaeetus_leucocephalus.nonSynRate = 0.1
Optimization finished in 9 loop passes.
142 likelihood evaluation calls and 129 matrix exponentiations calls were made

Row and/or column partition is empty. All the data will be used by default.
Model MG94customModel assigned to Leptosomus_discolor
Model MG94customModel assigned to Aquila_chrysaetos
One branch tree supplied - hopefully this IS what you meant to do.
Rooted tree. Removing one branch - the left root child has been promoted to be the new root
Partition 0 reversible model flag computed as 1
Variable 't2.Aquila_chrysaetos.synRate' was not initialized prior to being used
Variable 't2.Aquila_chrysaetos.nonSynRate' was not initialized prior to being used
Auto-benchmarked an optimal number (2) of threads.
Set GUI update interval to every 5208-th LF evaluation.
Optimization settings:
	OPTIMIZATION_METHOD = 4
	OPTIMIZATION_PRECISION = 0.001
	MAXIMUM_ITERATIONS_PER_VARIABLE = 5000

Initial parameter values

t2.Aquila_chrysaetos.synRate = 0.1
t2.Aquila_chrysaetos.nonSynRate = 0.1
Optimization finished in 9 loop passes.
176 likelihood evaluation calls and 161 matrix exponentiations calls were made

Row and/or column partition is empty. All the data will be used by default.
Model MG94customModel assigned to Leptosomus_discolor
Model MG94customModel assigned to Coloeus_monedula
One branch tree supplied - hopefully this IS what you meant to do.
Rooted tree. Removing one branch - the left root child has been promoted to be the new root
Partition 0 reversible model flag computed as 1
Variable 't2.Coloeus_monedula.synRate' was not initialized prior to being used
Variable 't2.Coloeus_monedula.nonSynRate' was not initialized prior to being used
Auto-benchmarked an optimal number (3) of threads.
Set GUI update interval to every 5102-th LF evaluation.
Optimization settings:
	OPTIMIZATION_METHOD = 4
	OPTIMIZATION_PRECISION = 0.001
	MAXIMUM_ITERATIONS_PER_VARIABLE = 5000

Initial parameter values

t2.Coloeus_monedula.synRate = 0.1
t2.Coloeus_monedula.nonSynRate = 0.1
Optimization finished in 6 loop passes.
205 likelihood evaluation calls and 186 matrix exponentiations calls were made

Row and/or column partition is empty. All the data will be used by default.
Model MG94customModel assigned to Leptosomus_discolor
Model MG94customModel assigned to Falco_peregrinus
One branch tree supplied - hopefully this IS what you meant to do.
Rooted tree. Removing one branch - the left root child has been promoted to be the new root
Partition 0 reversible model flag computed as 1
Variable 't2.Falco_peregrinus.nonSynRate' was not initialized prior to being used
Variable 't2.Falco_peregrinus.synRate' was not initialized prior to being used
Auto-benchmarked an optimal number (4) of threads.
Set GUI update interval to every 5747-th LF evaluation.
Optimization settings:
	OPTIMIZATION_METHOD = 4
	OPTIMIZATION_PRECISION = 0.001
	MAXIMUM_ITERATIONS_PER_VARIABLE = 5000

Initial parameter values

t2.Falco_peregrinus.nonSynRate = 0.1
t2.Falco_peregrinus.synRate = 0.1
Optimization finished in 6 loop passes.
143 likelihood evaluation calls and 125 matrix exponentiations calls were made

Row and/or column partition is empty. All the data will be used by default.
Model MG94customModel assigned to Leptosomus_discolor
Model MG94customModel assigned to Falco_tinnunculus
One branch tree supplied - hopefully this IS what you meant to do.
Rooted tree. Removing one branch - the left root child has been promoted to be the new root
Partition 0 reversible model flag computed as 1
Variable 't2.Falco_tinnunculus.nonSynRate' was not initialized prior to being used
Variable 't2.Falco_tinnunculus.synRate' was not initialized prior to being used
Auto-benchmarked an optimal number (4) of threads.
Set GUI update interval to every 5319-th LF evaluation.
Optimization settings:
	OPTIMIZATION_METHOD = 4
	OPTIMIZATION_PRECISION = 0.001
	MAXIMUM_ITERATIONS_PER_VARIABLE = 5000

Initial parameter values

t2.Falco_tinnunculus.nonSynRate = 0.1
t2.Falco_tinnunculus.synRate = 0.1
Optimization finished in 6 loop passes.
221 likelihood evaluation calls and 202 matrix exponentiations calls were made

Row and/or column partition is empty. All the data will be used by default.
Model MG94customModel assigned to Colius_striatus
Model MG94customModel assigned to Tyto_alba
One branch tree supplied - hopefully this IS what you meant to do.
Rooted tree. Removing one branch - the left root child has been promoted to be the new root
Partition 0 reversible model flag computed as 1
Variable 't2.Tyto_alba.synRate' was not initialized prior to being used
Variable 't2.Tyto_alba.nonSynRate' was not initialized prior to being used
Auto-benchmarked an optimal number (3) of threads.
Set GUI update interval to every 5555-th LF evaluation.
Optimization settings:
	OPTIMIZATION_METHOD = 4
	OPTIMIZATION_PRECISION = 0.001
	MAXIMUM_ITERATIONS_PER_VARIABLE = 5000

Initial parameter values

t2.Tyto_alba.synRate = 0.1
t2.Tyto_alba.nonSynRate = 0.1
Optimization finished in 8 loop passes.
163 likelihood evaluation calls and 152 matrix exponentiations calls were made

Row and/or column partition is empty. All the data will be used by default.
Model MG94customModel assigned to Colius_striatus
Model MG94customModel assigned to Haliaeetus_leucocephalus
One branch tree supplied - hopefully this IS what you meant to do.
Rooted tree. Removing one branch - the left root child has been promoted to be the new root
Partition 0 reversible model flag computed as 1
Variable 't2.Haliaeetus_leucocephalus.nonSynRate' was not initialized prior to being used
Variable 't2.Haliaeetus_leucocephalus.synRate' was not initialized prior to being used
Auto-benchmarked an optimal number (4) of threads.
Set GUI update interval to every 5555-th LF evaluation.
Optimization settings:
	OPTIMIZATION_METHOD = 4
	OPTIMIZATION_PRECISION = 0.001
	MAXIMUM_ITERATIONS_PER_VARIABLE = 5000

Initial parameter values

t2.Haliaeetus_leucocephalus.nonSynRate = 0.1
t2.Haliaeetus_leucocephalus.synRate = 0.1
Optimization finished in 6 loop passes.
192 likelihood evaluation calls and 174 matrix exponentiations calls were made

Row and/or column partition is empty. All the data will be used by default.
Model MG94customModel assigned to Colius_striatus
Model MG94customModel assigned to Aquila_chrysaetos
One branch tree supplied - hopefully this IS what you meant to do.
Rooted tree. Removing one branch - the left root child has been promoted to be the new root
Partition 0 reversible model flag computed as 1
Variable 't2.Aquila_chrysaetos.nonSynRate' was not initialized prior to being used
Variable 't2.Aquila_chrysaetos.synRate' was not initialized prior to being used
Auto-benchmarked an optimal number (4) of threads.
Set GUI update interval to every 5434-th LF evaluation.
Optimization settings:
	OPTIMIZATION_METHOD = 4
	OPTIMIZATION_PRECISION = 0.001
	MAXIMUM_ITERATIONS_PER_VARIABLE = 5000

Initial parameter values

t2.Aquila_chrysaetos.nonSynRate = 0.1
t2.Aquila_chrysaetos.synRate = 0.1
Optimization finished in 6 loop passes.
59 likelihood evaluation calls and 52 matrix exponentiations calls were made

Row and/or column partition is empty. All the data will be used by default.
Model MG94customModel assigned to Colius_striatus
Model MG94customModel assigned to Coloeus_monedula
One branch tree supplied - hopefully this IS what you meant to do.
Rooted tree. Removing one branch - the left root child has been promoted to be the new root
Partition 0 reversible model flag computed as 1
Variable 't2.Coloeus_monedula.nonSynRate' was not initialized prior to being used
Variable 't2.Coloeus_monedula.synRate' was not initialized prior to being used
Auto-benchmarked an optimal number (4) of threads.
Set GUI update interval to every 5208-th LF evaluation.
Optimization settings:
	OPTIMIZATION_METHOD = 4
	OPTIMIZATION_PRECISION = 0.001
	MAXIMUM_ITERATIONS_PER_VARIABLE = 5000

Initial parameter values

t2.Coloeus_monedula.nonSynRate = 0.1
t2.Coloeus_monedula.synRate = 0.1
Optimization finished in 7 loop passes.
180 likelihood evaluation calls and 162 matrix exponentiations calls were made

Row and/or column partition is empty. All the data will be used by default.
Model MG94customModel assigned to Colius_striatus
Model MG94customModel assigned to Falco_peregrinus
One branch tree supplied - hopefully this IS what you meant to do.
Rooted tree. Removing one branch - the left root child has been promoted to be the new root
Partition 0 reversible model flag computed as 1
Variable 't2.Falco_peregrinus.nonSynRate' was not initialized prior to being used
Variable 't2.Falco_peregrinus.synRate' was not initialized prior to being used
Auto-benchmarked an optimal number (4) of threads.
Set GUI update interval to every 5263-th LF evaluation.
Optimization settings:
	OPTIMIZATION_METHOD = 4
	OPTIMIZATION_PRECISION = 0.001
	MAXIMUM_ITERATIONS_PER_VARIABLE = 5000

Initial parameter values

t2.Falco_peregrinus.nonSynRate = 0.1
t2.Falco_peregrinus.synRate = 0.1
Optimization finished in 6 loop passes.
74 likelihood evaluation calls and 66 matrix exponentiations calls were made

Row and/or column partition is empty. All the data will be used by default.
Model MG94customModel assigned to Colius_striatus
Model MG94customModel assigned to Falco_tinnunculus
One branch tree supplied - hopefully this IS what you meant to do.
Rooted tree. Removing one branch - the left root child has been promoted to be the new root
Partition 0 reversible model flag computed as 1
Variable 't2.Falco_tinnunculus.nonSynRate' was not initialized prior to being used
Variable 't2.Falco_tinnunculus.synRate' was not initialized prior to being used
Auto-benchmarked an optimal number (4) of threads.
Set GUI update interval to every 5681-th LF evaluation.
Optimization settings:
	OPTIMIZATION_METHOD = 4
	OPTIMIZATION_PRECISION = 0.001
	MAXIMUM_ITERATIONS_PER_VARIABLE = 5000

Initial parameter values

t2.Falco_tinnunculus.nonSynRate = 0.1
t2.Falco_tinnunculus.synRate = 0.1
Optimization finished in 7 loop passes.
138 likelihood evaluation calls and 127 matrix exponentiations calls were made

Row and/or column partition is empty. All the data will be used by default.
Model MG94customModel assigned to Tyto_alba
Model MG94customModel assigned to Haliaeetus_leucocephalus
One branch tree supplied - hopefully this IS what you meant to do.
Rooted tree. Removing one branch - the left root child has been promoted to be the new root
Partition 0 reversible model flag computed as 1
Variable 't2.Haliaeetus_leucocephalus.nonSynRate' was not initialized prior to being used
Variable 't2.Haliaeetus_leucocephalus.synRate' was not initialized prior to being used
Auto-benchmarked an optimal number (3) of threads.
Set GUI update interval to every 5494-th LF evaluation.
Optimization settings:
	OPTIMIZATION_METHOD = 4
	OPTIMIZATION_PRECISION = 0.001
	MAXIMUM_ITERATIONS_PER_VARIABLE = 5000

Initial parameter values

t2.Haliaeetus_leucocephalus.nonSynRate = 0.1
t2.Haliaeetus_leucocephalus.synRate = 0.1
Optimization finished in 6 loop passes.
171 likelihood evaluation calls and 155 matrix exponentiations calls were made

Row and/or column partition is empty. All the data will be used by default.
Model MG94customModel assigned to Tyto_alba
Model MG94customModel assigned to Aquila_chrysaetos
One branch tree supplied - hopefully this IS what you meant to do.
Rooted tree. Removing one branch - the left root child has been promoted to be the new root
Partition 0 reversible model flag computed as 1
Variable 't2.Aquila_chrysaetos.nonSynRate' was not initialized prior to being used
Variable 't2.Aquila_chrysaetos.synRate' was not initialized prior to being used
Auto-benchmarked an optimal number (4) of threads.
Set GUI update interval to every 5154-th LF evaluation.
Optimization settings:
	OPTIMIZATION_METHOD = 4
	OPTIMIZATION_PRECISION = 0.001
	MAXIMUM_ITERATIONS_PER_VARIABLE = 5000

Initial parameter values

t2.Aquila_chrysaetos.nonSynRate = 0.1
t2.Aquila_chrysaetos.synRate = 0.1
Optimization finished in 5 loop passes.
118 likelihood evaluation calls and 108 matrix exponentiations calls were made

Row and/or column partition is empty. All the data will be used by default.
Model MG94customModel assigned to Tyto_alba
Model MG94customModel assigned to Coloeus_monedula
One branch tree supplied - hopefully this IS what you meant to do.
Rooted tree. Removing one branch - the left root child has been promoted to be the new root
Partition 0 reversible model flag computed as 1
Variable 't2.Coloeus_monedula.nonSynRate' was not initialized prior to being used
Variable 't2.Coloeus_monedula.synRate' was not initialized prior to being used
Auto-benchmarked an optimal number (4) of threads.
Set GUI update interval to every 5434-th LF evaluation.
Optimization settings:
	OPTIMIZATION_METHOD = 4
	OPTIMIZATION_PRECISION = 0.001
	MAXIMUM_ITERATIONS_PER_VARIABLE = 5000

Initial parameter values

t2.Coloeus_monedula.nonSynRate = 0.1
t2.Coloeus_monedula.synRate = 0.1
Optimization finished in 10 loop passes.
203 likelihood evaluation calls and 178 matrix exponentiations calls were made

Row and/or column partition is empty. All the data will be used by default.
Model MG94customModel assigned to Tyto_alba
Model MG94customModel assigned to Falco_peregrinus
One branch tree supplied - hopefully this IS what you meant to do.
Rooted tree. Removing one branch - the left root child has been promoted to be the new root
Partition 0 reversible model flag computed as 1
Variable 't2.Falco_peregrinus.nonSynRate' was not initialized prior to being used
Variable 't2.Falco_peregrinus.synRate' was not initialized prior to being used
Auto-benchmarked an optimal number (5) of threads.
Set GUI update interval to every 5263-th LF evaluation.
Optimization settings:
	OPTIMIZATION_METHOD = 4
	OPTIMIZATION_PRECISION = 0.001
	MAXIMUM_ITERATIONS_PER_VARIABLE = 5000

Initial parameter values

t2.Falco_peregrinus.nonSynRate = 0.1
t2.Falco_peregrinus.synRate = 0.1
Optimization finished in 8 loop passes.
150 likelihood evaluation calls and 130 matrix exponentiations calls were made

Row and/or column partition is empty. All the data will be used by default.
Model MG94customModel assigned to Tyto_alba
Model MG94customModel assigned to Falco_tinnunculus
One branch tree supplied - hopefully this IS what you meant to do.
Rooted tree. Removing one branch - the left root child has been promoted to be the new root
Partition 0 reversible model flag computed as 1
Variable 't2.Falco_tinnunculus.nonSynRate' was not initialized prior to being used
Variable 't2.Falco_tinnunculus.synRate' was not initialized prior to being used
Auto-benchmarked an optimal number (4) of threads.
Set GUI update interval to every 5555-th LF evaluation.
Optimization settings:
	OPTIMIZATION_METHOD = 4
	OPTIMIZATION_PRECISION = 0.001
	MAXIMUM_ITERATIONS_PER_VARIABLE = 5000

Initial parameter values

t2.Falco_tinnunculus.nonSynRate = 0.1
t2.Falco_tinnunculus.synRate = 0.1
Optimization finished in 5 loop passes.
180 likelihood evaluation calls and 167 matrix exponentiations calls were made

Row and/or column partition is empty. All the data will be used by default.
Model MG94customModel assigned to Haliaeetus_leucocephalus
Model MG94customModel assigned to Aquila_chrysaetos
One branch tree supplied - hopefully this IS what you meant to do.
Rooted tree. Removing one branch - the left root child has been promoted to be the new root
Partition 0 reversible model flag computed as 1
Variable 't2.Aquila_chrysaetos.nonSynRate' was not initialized prior to being used
Variable 't2.Aquila_chrysaetos.synRate' was not initialized prior to being used
Auto-benchmarked an optimal number (3) of threads.
Set GUI update interval to every 5747-th LF evaluation.
Optimization settings:
	OPTIMIZATION_METHOD = 4
	OPTIMIZATION_PRECISION = 0.001
	MAXIMUM_ITERATIONS_PER_VARIABLE = 5000

Initial parameter values

t2.Aquila_chrysaetos.nonSynRate = 0.1
t2.Aquila_chrysaetos.synRate = 0.1
Optimization finished in 6 loop passes.
62 likelihood evaluation calls and 56 matrix exponentiations calls were made

Row and/or column partition is empty. All the data will be used by default.
Model MG94customModel assigned to Haliaeetus_leucocephalus
Model MG94customModel assigned to Coloeus_monedula
One branch tree supplied - hopefully this IS what you meant to do.
Rooted tree. Removing one branch - the left root child has been promoted to be the new root
Partition 0 reversible model flag computed as 1
Variable 't2.Coloeus_monedula.nonSynRate' was not initialized prior to being used
Variable 't2.Coloeus_monedula.synRate' was not initialized prior to being used
Auto-benchmarked an optimal number (5) of threads.
Set GUI update interval to every 5617-th LF evaluation.
Optimization settings:
	OPTIMIZATION_METHOD = 4
	OPTIMIZATION_PRECISION = 0.001
	MAXIMUM_ITERATIONS_PER_VARIABLE = 5000

Initial parameter values

t2.Coloeus_monedula.nonSynRate = 0.1
t2.Coloeus_monedula.synRate = 0.1
Optimization finished in 6 loop passes.
98 likelihood evaluation calls and 83 matrix exponentiations calls were made

Row and/or column partition is empty. All the data will be used by default.
Model MG94customModel assigned to Haliaeetus_leucocephalus
Model MG94customModel assigned to Falco_peregrinus
One branch tree supplied - hopefully this IS what you meant to do.
Rooted tree. Removing one branch - the left root child has been promoted to be the new root
Partition 0 reversible model flag computed as 1
Variable 't2.Falco_peregrinus.nonSynRate' was not initialized prior to being used
Variable 't2.Falco_peregrinus.synRate' was not initialized prior to being used
Auto-benchmarked an optimal number (5) of threads.
Set GUI update interval to every 5617-th LF evaluation.
Optimization settings:
	OPTIMIZATION_METHOD = 4
	OPTIMIZATION_PRECISION = 0.001
	MAXIMUM_ITERATIONS_PER_VARIABLE = 5000

Initial parameter values

t2.Falco_peregrinus.nonSynRate = 0.1
t2.Falco_peregrinus.synRate = 0.1
Optimization finished in 7 loop passes.
134 likelihood evaluation calls and 118 matrix exponentiations calls were made

Row and/or column partition is empty. All the data will be used by default.
Model MG94customModel assigned to Haliaeetus_leucocephalus
Model MG94customModel assigned to Falco_tinnunculus
One branch tree supplied - hopefully this IS what you meant to do.
Rooted tree. Removing one branch - the left root child has been promoted to be the new root
Partition 0 reversible model flag computed as 1
Variable 't2.Falco_tinnunculus.nonSynRate' was not initialized prior to being used
Variable 't2.Falco_tinnunculus.synRate' was not initialized prior to being used
Auto-benchmarked an optimal number (4) of threads.
Set GUI update interval to every 5555-th LF evaluation.
Optimization settings:
	OPTIMIZATION_METHOD = 4
	OPTIMIZATION_PRECISION = 0.001
	MAXIMUM_ITERATIONS_PER_VARIABLE = 5000

Initial parameter values

t2.Falco_tinnunculus.nonSynRate = 0.1
t2.Falco_tinnunculus.synRate = 0.1
Optimization finished in 5 loop passes.
175 likelihood evaluation calls and 159 matrix exponentiations calls were made

Row and/or column partition is empty. All the data will be used by default.
Model MG94customModel assigned to Aquila_chrysaetos
Model MG94customModel assigned to Coloeus_monedula
One branch tree supplied - hopefully this IS what you meant to do.
Rooted tree. Removing one branch - the left root child has been promoted to be the new root
Partition 0 reversible model flag computed as 1
Variable 't2.Coloeus_monedula.nonSynRate' was not initialized prior to being used
Variable 't2.Coloeus_monedula.synRate' was not initialized prior to being used
Auto-benchmarked an optimal number (5) of threads.
Set GUI update interval to every 5555-th LF evaluation.
Optimization settings:
	OPTIMIZATION_METHOD = 4
	OPTIMIZATION_PRECISION = 0.001
	MAXIMUM_ITERATIONS_PER_VARIABLE = 5000

Initial parameter values

t2.Coloeus_monedula.nonSynRate = 0.1
t2.Coloeus_monedula.synRate = 0.1
Optimization finished in 7 loop passes.
153 likelihood evaluation calls and 143 matrix exponentiations calls were made

Row and/or column partition is empty. All the data will be used by default.
Model MG94customModel assigned to Aquila_chrysaetos
Model MG94customModel assigned to Falco_peregrinus
One branch tree supplied - hopefully this IS what you meant to do.
Rooted tree. Removing one branch - the left root child has been promoted to be the new root
Partition 0 reversible model flag computed as 1
Variable 't2.Falco_peregrinus.nonSynRate' was not initialized prior to being used
Variable 't2.Falco_peregrinus.synRate' was not initialized prior to being used
Auto-benchmarked an optimal number (4) of threads.
Set GUI update interval to every 5747-th LF evaluation.
Optimization settings:
	OPTIMIZATION_METHOD = 4
	OPTIMIZATION_PRECISION = 0.001
	MAXIMUM_ITERATIONS_PER_VARIABLE = 5000

Initial parameter values

t2.Falco_peregrinus.nonSynRate = 0.1
t2.Falco_peregrinus.synRate = 0.1
Optimization finished in 6 loop passes.
147 likelihood evaluation calls and 128 matrix exponentiations calls were made

Row and/or column partition is empty. All the data will be used by default.
Model MG94customModel assigned to Aquila_chrysaetos
Model MG94customModel assigned to Falco_tinnunculus
One branch tree supplied - hopefully this IS what you meant to do.
Rooted tree. Removing one branch - the left root child has been promoted to be the new root
Partition 0 reversible model flag computed as 1
Variable 't2.Falco_tinnunculus.nonSynRate' was not initialized prior to being used
Variable 't2.Falco_tinnunculus.synRate' was not initialized prior to being used
Auto-benchmarked an optimal number (2) of threads.
Set GUI update interval to every 4854-th LF evaluation.
Optimization settings:
	OPTIMIZATION_METHOD = 4
	OPTIMIZATION_PRECISION = 0.001
	MAXIMUM_ITERATIONS_PER_VARIABLE = 5000

Initial parameter values

t2.Falco_tinnunculus.nonSynRate = 0.1
t2.Falco_tinnunculus.synRate = 0.1
Optimization finished in 5 loop passes.
174 likelihood evaluation calls and 156 matrix exponentiations calls were made

Row and/or column partition is empty. All the data will be used by default.
Model MG94customModel assigned to Coloeus_monedula
Model MG94customModel assigned to Falco_peregrinus
One branch tree supplied - hopefully this IS what you meant to do.
Rooted tree. Removing one branch - the left root child has been promoted to be the new root
Partition 0 reversible model flag computed as 1
Variable 't2.Falco_peregrinus.nonSynRate' was not initialized prior to being used
Variable 't2.Falco_peregrinus.synRate' was not initialized prior to being used
Auto-benchmarked an optimal number (3) of threads.
Set GUI update interval to every 5000-th LF evaluation.
Optimization settings:
	OPTIMIZATION_METHOD = 4
	OPTIMIZATION_PRECISION = 0.001
	MAXIMUM_ITERATIONS_PER_VARIABLE = 5000

Initial parameter values

t2.Falco_peregrinus.nonSynRate = 0.1
t2.Falco_peregrinus.synRate = 0.1
Optimization finished in 5 loop passes.
145 likelihood evaluation calls and 128 matrix exponentiations calls were made

Row and/or column partition is empty. All the data will be used by default.
Model MG94customModel assigned to Coloeus_monedula
Model MG94customModel assigned to Falco_tinnunculus
One branch tree supplied - hopefully this IS what you meant to do.
Rooted tree. Removing one branch - the left root child has been promoted to be the new root
Partition 0 reversible model flag computed as 1
Variable 't2.Falco_tinnunculus.nonSynRate' was not initialized prior to being used
Variable 't2.Falco_tinnunculus.synRate' was not initialized prior to being used
Auto-benchmarked an optimal number (6) of threads.
Set GUI update interval to every 5434-th LF evaluation.
Optimization settings:
	OPTIMIZATION_METHOD = 4
	OPTIMIZATION_PRECISION = 0.001
	MAXIMUM_ITERATIONS_PER_VARIABLE = 5000

Initial parameter values

t2.Falco_tinnunculus.nonSynRate = 0.1
t2.Falco_tinnunculus.synRate = 0.1
Optimization finished in 5 loop passes.
174 likelihood evaluation calls and 157 matrix exponentiations calls were made

Row and/or column partition is empty. All the data will be used by default.
Model MG94customModel assigned to Falco_peregrinus
Model MG94customModel assigned to Falco_tinnunculus
One branch tree supplied - hopefully this IS what you meant to do.
Rooted tree. Removing one branch - the left root child has been promoted to be the new root
Partition 0 reversible model flag computed as 1
Auto-benchmarked an optimal number (2) of threads.
Set GUI update interval to every 718-th LF evaluation.
Optimization settings:
	OPTIMIZATION_METHOD = 4
	OPTIMIZATION_PRECISION = 0.001
	MAXIMUM_ITERATIONS_PER_VARIABLE = 5000

Initial parameter values

t2.Falco_tinnunculus.nonSynRate = 0.1
t2.Falco_tinnunculus.synRate = 0.1
Optimization finished in 6 loop passes.
203 likelihood evaluation calls and 187 matrix exponentiations calls were made
