
Loaded 'libv3/all-terms.bf' from /usr/local/lib/hyphy/TemplateBatchFiles/libv3/all-terms.bf
Loaded 'libv3/UtilityFunctions.bf' from /usr/local/lib/hyphy/TemplateBatchFiles/libv3/UtilityFunctions.bf
Loaded 'IOFunctions.bf' from /usr/local/lib/hyphy/TemplateBatchFiles/libv3/IOFunctions.bf
Already loaded 'libv3/UtilityFunctions.bf' from /usr/local/lib/hyphy/TemplateBatchFiles/libv3/UtilityFunctions.bf
Loaded 'convenience/regexp.bf' from /usr/local/lib/hyphy/TemplateBatchFiles/libv3/convenience/regexp.bf
Already loaded 'libv3/all-terms.bf' from /usr/local/lib/hyphy/TemplateBatchFiles/libv3/all-terms.bf
Already loaded 'libv3/IOFunctions.bf' from /usr/local/lib/hyphy/TemplateBatchFiles/libv3/IOFunctions.bf
Loaded 'libv3/models/codon/MG_REV.bf' from /usr/local/lib/hyphy/TemplateBatchFiles/libv3/models/codon/MG_REV.bf
Loaded '../codon.bf' from /usr/local/lib/hyphy/TemplateBatchFiles/libv3/models/codon.bf
Loaded '../tasks/genetic_code.bf' from /usr/local/lib/hyphy/TemplateBatchFiles/libv3/tasks/genetic_code.bf
Loaded 'libv3/convenience/matrix.bf' from /usr/local/lib/hyphy/TemplateBatchFiles/libv3/convenience/matrix.bf
Already loaded 'libv3/UtilityFunctions.bf' from /usr/local/lib/hyphy/TemplateBatchFiles/libv3/UtilityFunctions.bf
Already loaded 'libv3/all-terms.bf' from /usr/local/lib/hyphy/TemplateBatchFiles/libv3/all-terms.bf
Already loaded '../UtilityFunctions.bf' from /usr/local/lib/hyphy/TemplateBatchFiles/libv3/UtilityFunctions.bf
Loaded '../DNA.bf' from /usr/local/lib/hyphy/TemplateBatchFiles/libv3/models/DNA.bf
Loaded 'frequencies.bf' from /usr/local/lib/hyphy/TemplateBatchFiles/libv3/models/frequencies.bf
Already loaded '../all-terms.bf' from /usr/local/lib/hyphy/TemplateBatchFiles/libv3/all-terms.bf
Loaded 'parameters.bf' from /usr/local/lib/hyphy/TemplateBatchFiles/libv3/models/parameters.bf
Loaded 'GrabBag' from /usr/local/lib/hyphy/TemplateBatchFiles/Utility/GrabBag.bf
Overwritten previously defined function:'_sortStringsAux'
Already loaded 'libv3/all-terms.bf' from /usr/local/lib/hyphy/TemplateBatchFiles/libv3/all-terms.bf
Already loaded '../UtilityFunctions.bf' from /usr/local/lib/hyphy/TemplateBatchFiles/libv3/UtilityFunctions.bf
Loaded 'model_functions.bf' from /usr/local/lib/hyphy/TemplateBatchFiles/libv3/models/model_functions.bf
Already loaded 'DNA.bf' from /usr/local/lib/hyphy/TemplateBatchFiles/libv3/models/DNA.bf
Already loaded 'parameters.bf' from /usr/local/lib/hyphy/TemplateBatchFiles/libv3/models/parameters.bf
Already loaded 'frequencies.bf' from /usr/local/lib/hyphy/TemplateBatchFiles/libv3/models/frequencies.bf
Already loaded '../UtilityFunctions.bf' from /usr/local/lib/hyphy/TemplateBatchFiles/libv3/UtilityFunctions.bf
Already loaded '../convenience/regexp.bf' from /usr/local/lib/hyphy/TemplateBatchFiles/libv3/convenience/regexp.bf
Already loaded 'libv3/all-terms.bf' from /usr/local/lib/hyphy/TemplateBatchFiles/libv3/all-terms.bf
Already loaded '../parameters.bf' from /usr/local/lib/hyphy/TemplateBatchFiles/libv3/models/parameters.bf
Already loaded '../frequencies.bf' from /usr/local/lib/hyphy/TemplateBatchFiles/libv3/models/frequencies.bf
Already loaded '../../UtilityFunctions.bf' from /usr/local/lib/hyphy/TemplateBatchFiles/libv3/UtilityFunctions.bf
Loaded 'libv3/tasks/estimators.bf' from /usr/local/lib/hyphy/TemplateBatchFiles/libv3/tasks/estimators.bf
Already loaded '../models/model_functions.bf' from /usr/local/lib/hyphy/TemplateBatchFiles/libv3/models/model_functions.bf
Loaded '../models/DNA/GTR.bf' from /usr/local/lib/hyphy/TemplateBatchFiles/libv3/models/DNA/GTR.bf
Already loaded '../DNA.bf' from /usr/local/lib/hyphy/TemplateBatchFiles/libv3/models/DNA.bf
Already loaded '../parameters.bf' from /usr/local/lib/hyphy/TemplateBatchFiles/libv3/models/parameters.bf
Already loaded '../frequencies.bf' from /usr/local/lib/hyphy/TemplateBatchFiles/libv3/models/frequencies.bf
Already loaded '../../UtilityFunctions.bf' from /usr/local/lib/hyphy/TemplateBatchFiles/libv3/UtilityFunctions.bf
Already loaded 'libv3/all-terms.bf' from /usr/local/lib/hyphy/TemplateBatchFiles/libv3/all-terms.bf
Already loaded '../convenience/regexp.bf' from /usr/local/lib/hyphy/TemplateBatchFiles/libv3/convenience/regexp.bf
Already loaded 'libv3/all-terms.bf' from /usr/local/lib/hyphy/TemplateBatchFiles/libv3/all-terms.bf
Loaded 'libv3/tasks/alignments.bf' from /usr/local/lib/hyphy/TemplateBatchFiles/libv3/tasks/alignments.bf
Already loaded '../IOFunctions.bf' from /usr/local/lib/hyphy/TemplateBatchFiles/libv3/IOFunctions.bf
Already loaded '../all-terms.bf' from /usr/local/lib/hyphy/TemplateBatchFiles/libv3/all-terms.bf
Loaded 'libv3/tasks/mpi.bf' from /usr/local/lib/hyphy/TemplateBatchFiles/libv3/tasks/mpi.bf
Already loaded '../all-terms.bf' from /usr/local/lib/hyphy/TemplateBatchFiles/libv3/all-terms.bf
Already loaded '../models/parameters.bf' from /usr/local/lib/hyphy/TemplateBatchFiles/libv3/models/parameters.bf
Loaded 'libv3/tasks/trees.bf' from /usr/local/lib/hyphy/TemplateBatchFiles/libv3/tasks/trees.bf
Already loaded '../IOFunctions.bf' from /usr/local/lib/hyphy/TemplateBatchFiles/libv3/IOFunctions.bf
Already loaded '../all-terms.bf' from /usr/local/lib/hyphy/TemplateBatchFiles/libv3/all-terms.bf
Already loaded '../convenience/regexp.bf' from /usr/local/lib/hyphy/TemplateBatchFiles/libv3/convenience/regexp.bf
Already loaded '../UtilityFunctions.bf' from /usr/local/lib/hyphy/TemplateBatchFiles/libv3/UtilityFunctions.bf
Loaded 'TreeTools' from /usr/local/lib/hyphy/TemplateBatchFiles/TreeTools.ibf
Loaded 'modules/io_functions.ibf' from /usr/local/lib/hyphy/TemplateBatchFiles/SelectionAnalyses/modules/io_functions.ibf
Already loaded 'libv3/UtilityFunctions.bf' from /usr/local/lib/hyphy/TemplateBatchFiles/libv3/UtilityFunctions.bf
Already loaded 'libv3/IOFunctions.bf' from /usr/local/lib/hyphy/TemplateBatchFiles/libv3/IOFunctions.bf
Already loaded 'libv3/convenience/regexp.bf' from /usr/local/lib/hyphy/TemplateBatchFiles/libv3/convenience/regexp.bf
Already loaded 'libv3/all-terms.bf' from /usr/local/lib/hyphy/TemplateBatchFiles/libv3/all-terms.bf
Loaded 'modules/selection_lib.ibf' from /usr/local/lib/hyphy/TemplateBatchFiles/SelectionAnalyses/modules/selection_lib.ibf
Loaded 'libv3/models/codon/BS_REL.bf' from /usr/local/lib/hyphy/TemplateBatchFiles/libv3/models/codon/BS_REL.bf
Already loaded '../codon.bf' from /usr/local/lib/hyphy/TemplateBatchFiles/libv3/models/codon.bf
Already loaded '../DNA.bf' from /usr/local/lib/hyphy/TemplateBatchFiles/libv3/models/DNA.bf
Already loaded '../parameters.bf' from /usr/local/lib/hyphy/TemplateBatchFiles/libv3/models/parameters.bf
Already loaded '../frequencies.bf' from /usr/local/lib/hyphy/TemplateBatchFiles/libv3/models/frequencies.bf
Already loaded '../../UtilityFunctions.bf' from /usr/local/lib/hyphy/TemplateBatchFiles/libv3/UtilityFunctions.bf
Already loaded 'MG_REV.bf' from /usr/local/lib/hyphy/TemplateBatchFiles/libv3/models/codon/MG_REV.bf
Loaded '../../convenience/math.bf' from /usr/local/lib/hyphy/TemplateBatchFiles/libv3/convenience/math.bf
Already loaded 'libv3/UtilityFunctions.bf' from /usr/local/lib/hyphy/TemplateBatchFiles/libv3/UtilityFunctions.bf
Already loaded 'libv3/convenience/math.bf' from /usr/local/lib/hyphy/TemplateBatchFiles/libv3/convenience/math.bf
Variable 'NORMALIZE_SEQUENCE_NAMES' was not initialized prior to being used
Variable 'ASSUME_REVERSIBLE_MODELS' was not initialized prior to being used
Loaded 'modules/shared-load-file.bf' from /usr/local/lib/hyphy/TemplateBatchFiles/SelectionAnalyses/modules/shared-load-file.bf
Variable 'MARKDOWN_OUTPUT' was not initialized prior to being used
Already loaded 'libv3/convenience/matrix.bf' from /usr/local/lib/hyphy/TemplateBatchFiles/libv3/convenience/matrix.bf
Already loaded 'libv3/UtilityFunctions.bf' from /usr/local/lib/hyphy/TemplateBatchFiles/libv3/UtilityFunctions.bf
Variable 'brsANynI.skipCodeSelectionStep' was not initialized prior to being used
Row and/or column partition is empty. All the data will be used by default.
Variable 'NEXUS_FILE_TREE_MATRIX' was not initialized prior to being used
Variable 'utility.ToggleEnvVariable.cache' was not initialized prior to being used
Variable 'TREE_NODE_NAME_MAPPING' was not initialized prior to being used
Variable 'UGxgKJUw.PROMPT_FOR_FILE' was not initialized prior to being used
Variable 'END_OF_FILE' was not initialized prior to being used
Variable '_DO_TREE_REBALANCE_' was not initialized prior to being used
Variable '_KEEP_I_LABELS_' was not initialized prior to being used
Variable 'INCLUDE_MODEL_SPECS' was not initialized prior to being used
Variable 'utility.ForEachPair.warn_non_rentrant' was not initialized prior to being used
Row and/or column partition is empty. All the data will be used by default.
Row and/or column partition is empty. All the data will be used by default.
Variable 'xvFXWRsn.cache' was not initialized prior to being used
Row and/or column partition is empty. All the data will be used by default.
Variable 'COUNT_GAPS_IN_FREQUENCIES' was not initialized prior to being used
Variable 'HWCLjjkI.model_pi' was not initialized prior to being used
Model HWCLjjkI.model assigned to Python_molurus
Model HWCLjjkI.model assigned to Naja_naja
Model HWCLjjkI.model assigned to Ptyas_mucosa
Model HWCLjjkI.model assigned to Pantherophis_obsoletus
Model HWCLjjkI.model assigned to Pantherophis_guttatus
Model HWCLjjkI.model assigned to Node9
Model HWCLjjkI.model assigned to Pituophis_catenifer
Model HWCLjjkI.model assigned to Node8
Model HWCLjjkI.model assigned to Node6
Model HWCLjjkI.model assigned to Thamnophis_elegans
Model HWCLjjkI.model assigned to Node5
Model HWCLjjkI.model assigned to Node3
Model HWCLjjkI.model assigned to Vipera_berus
Model HWCLjjkI.model assigned to Crotalus_tigris
Model HWCLjjkI.model assigned to Bothrops_jararaca
Model HWCLjjkI.model assigned to Node17
Model HWCLjjkI.model assigned to Protobothrops_mucrosquamatus
Model HWCLjjkI.model assigned to Node16
Model HWCLjjkI.model assigned to Node14
Model HWCLjjkI.model assigned to Node2
Model HWCLjjkI.model assigned to Varanus_komodoensis
Model HWCLjjkI.model assigned to Anolis_carolinensis
Model HWCLjjkI.model assigned to Phrynosoma_platyrhinos
Model HWCLjjkI.model assigned to Sceloporus_undulatus
Model HWCLjjkI.model assigned to Node26
Model HWCLjjkI.model assigned to Node24
Model HWCLjjkI.model assigned to Pogona_vitticeps
Model HWCLjjkI.model assigned to Node23
Model HWCLjjkI.model assigned to Node21
The tips of the tree:HWCLjjkI.tree_0 were matched with the species names from the data in the following numeric order (0-based) {15,0,9,7,6,8,10,14,13,11,12,5,1,2,3,4}

Pseudo-optimal path's cost 4464 vs 9988 for 1..k=> a 2.23746 x improvement
Partition 0 is ASSUMED to have a reversible model
Variable 'USE_LAST_RESULTS' was not initialized prior to being used
Variable 'HWCLjjkI.tree_0.Python_molurus.t' was not initialized prior to being used
models.generic.SetBranchLength: HWCLjjkI.tree_0.Python_molurus.t=238.3513231538834
Variable 'HWCLjjkI.tree_0.Naja_naja.t' was not initialized prior to being used
models.generic.SetBranchLength: HWCLjjkI.tree_0.Naja_naja.t=105.1696112617615
Variable 'HWCLjjkI.tree_0.Ptyas_mucosa.t' was not initialized prior to being used
models.generic.SetBranchLength: HWCLjjkI.tree_0.Ptyas_mucosa.t=85.0109158823344
Variable 'HWCLjjkI.tree_0.Pantherophis_obsoletus.t' was not initialized prior to being used
models.generic.SetBranchLength: HWCLjjkI.tree_0.Pantherophis_obsoletus.t=32.22158942416133
Variable 'HWCLjjkI.tree_0.Pantherophis_guttatus.t' was not initialized prior to being used
models.generic.SetBranchLength: HWCLjjkI.tree_0.Pantherophis_guttatus.t=32.22158942416133
Variable 'HWCLjjkI.tree_0.Node9.t' was not initialized prior to being used
models.generic.SetBranchLength: HWCLjjkI.tree_0.Node9.t=6.248500307962236
Variable 'HWCLjjkI.tree_0.Pituophis_catenifer.t' was not initialized prior to being used
models.generic.SetBranchLength: HWCLjjkI.tree_0.Pituophis_catenifer.t=38.47008973212357
Variable 'HWCLjjkI.tree_0.Node8.t' was not initialized prior to being used
models.generic.SetBranchLength: HWCLjjkI.tree_0.Node8.t=46.54082615021081
Variable 'HWCLjjkI.tree_0.Node6.t' was not initialized prior to being used
models.generic.SetBranchLength: HWCLjjkI.tree_0.Node6.t=11.44552458550145
Variable 'HWCLjjkI.tree_0.Thamnophis_elegans.t' was not initialized prior to being used
models.generic.SetBranchLength: HWCLjjkI.tree_0.Thamnophis_elegans.t=96.45644046783585
Variable 'HWCLjjkI.tree_0.Node5.t' was not initialized prior to being used
models.generic.SetBranchLength: HWCLjjkI.tree_0.Node5.t=8.713170793925675
Variable 'HWCLjjkI.tree_0.Node3.t' was not initialized prior to being used
models.generic.SetBranchLength: HWCLjjkI.tree_0.Node3.t=0.9525224073268475
Variable 'HWCLjjkI.tree_0.Vipera_berus.t' was not initialized prior to being used
models.generic.SetBranchLength: HWCLjjkI.tree_0.Vipera_berus.t=93.42794829902445
Variable 'HWCLjjkI.tree_0.Crotalus_tigris.t' was not initialized prior to being used
models.generic.SetBranchLength: HWCLjjkI.tree_0.Crotalus_tigris.t=62.11647655631388
Variable 'HWCLjjkI.tree_0.Bothrops_jararaca.t' was not initialized prior to being used
models.generic.SetBranchLength: HWCLjjkI.tree_0.Bothrops_jararaca.t=62.11647655631388
Variable 'HWCLjjkI.tree_0.Node17.t' was not initialized prior to being used
models.generic.SetBranchLength: HWCLjjkI.tree_0.Node17.t=8.300655619855803
Variable 'HWCLjjkI.tree_0.Protobothrops_mucrosquamatus.t' was not initialized prior to being used
models.generic.SetBranchLength: HWCLjjkI.tree_0.Protobothrops_mucrosquamatus.t=70.41713217616967
Variable 'HWCLjjkI.tree_0.Node16.t' was not initialized prior to being used
models.generic.SetBranchLength: HWCLjjkI.tree_0.Node16.t=23.01081612285477
Variable 'HWCLjjkI.tree_0.Node14.t' was not initialized prior to being used
models.generic.SetBranchLength: HWCLjjkI.tree_0.Node14.t=12.6941853700639
Variable 'HWCLjjkI.tree_0.Node2.t' was not initialized prior to being used
models.generic.SetBranchLength: HWCLjjkI.tree_0.Node2.t=132.2291894847951
Variable 'HWCLjjkI.tree_0.Varanus_komodoensis.t' was not initialized prior to being used
models.generic.SetBranchLength: HWCLjjkI.tree_0.Varanus_komodoensis.t=436.7201028272921
Variable 'HWCLjjkI.tree_0.Anolis_carolinensis.t' was not initialized prior to being used
models.generic.SetBranchLength: HWCLjjkI.tree_0.Anolis_carolinensis.t=235.7111426753686
Variable 'HWCLjjkI.tree_0.Phrynosoma_platyrhinos.t' was not initialized prior to being used
models.generic.SetBranchLength: HWCLjjkI.tree_0.Phrynosoma_platyrhinos.t=150.3532916668461
Variable 'HWCLjjkI.tree_0.Sceloporus_undulatus.t' was not initialized prior to being used
models.generic.SetBranchLength: HWCLjjkI.tree_0.Sceloporus_undulatus.t=150.3532916668461
Variable 'HWCLjjkI.tree_0.Node26.t' was not initialized prior to being used
models.generic.SetBranchLength: HWCLjjkI.tree_0.Node26.t=85.35785100852249
Variable 'HWCLjjkI.tree_0.Node24.t' was not initialized prior to being used
models.generic.SetBranchLength: HWCLjjkI.tree_0.Node24.t=171.1074594386709
Variable 'HWCLjjkI.tree_0.Pogona_vitticeps.t' was not initialized prior to being used
models.generic.SetBranchLength: HWCLjjkI.tree_0.Pogona_vitticeps.t=406.8186021140395
Variable 'HWCLjjkI.tree_0.Node23.t' was not initialized prior to being used
models.generic.SetBranchLength: HWCLjjkI.tree_0.Node23.t=29.90150071325249
Variable 'HWCLjjkI.tree_0.Node21.t' was not initialized prior to being used
models.generic.SetBranchLength: HWCLjjkI.tree_0.Node21.t=219.9039891426117
Variable 'HWCLjjkI.HWCLjjkI.likelihoodFunction' was not initialized prior to being used
Variable 'SAVE_OPT_STATUS_TO' was not initialized prior to being used
Auto-benchmarked an optimal number (1) of threads.
Set GUI update interval to every 77-th LF evaluation.
Optimization settings:
	OPTIMIZATION_METHOD = 4
	OPTIMIZATION_PRECISION = 0.001
	MAXIMUM_ITERATIONS_PER_VARIABLE = 5000

Initial parameter values

HWCLjjkI.model.theta_GT = 0.25
HWCLjjkI.model.theta_CT = 1
HWCLjjkI.model.theta_AC = 0.25
HWCLjjkI.model.theta_CG = 0.25
HWCLjjkI.model.theta_AT = 0.25
HWCLjjkI.tree_0.Python_molurus.t = 238.351
HWCLjjkI.tree_0.Naja_naja.t = 105.17
HWCLjjkI.tree_0.Ptyas_mucosa.t = 85.0109
HWCLjjkI.tree_0.Pantherophis_obsoletus.t = 32.2216
HWCLjjkI.tree_0.Pantherophis_guttatus.t = 32.2216
HWCLjjkI.tree_0.Node9.t = 6.2485
HWCLjjkI.tree_0.Pituophis_catenifer.t = 38.4701
HWCLjjkI.tree_0.Node8.t = 46.5408
HWCLjjkI.tree_0.Node6.t = 11.4455
HWCLjjkI.tree_0.Thamnophis_elegans.t = 96.4564
HWCLjjkI.tree_0.Node5.t = 8.71317
HWCLjjkI.tree_0.Node3.t = 0.952522
HWCLjjkI.tree_0.Vipera_berus.t = 93.4279
HWCLjjkI.tree_0.Crotalus_tigris.t = 62.1165
HWCLjjkI.tree_0.Bothrops_jararaca.t = 62.1165
HWCLjjkI.tree_0.Node17.t = 8.30066
HWCLjjkI.tree_0.Protobothrops_mucrosquamatus.t = 70.4171
HWCLjjkI.tree_0.Node16.t = 23.0108
HWCLjjkI.tree_0.Node14.t = 12.6942
HWCLjjkI.tree_0.Node2.t = 132.229
HWCLjjkI.tree_0.Varanus_komodoensis.t = 436.72
HWCLjjkI.tree_0.Anolis_carolinensis.t = 235.711
HWCLjjkI.tree_0.Phrynosoma_platyrhinos.t = 150.353
HWCLjjkI.tree_0.Sceloporus_undulatus.t = 150.353
HWCLjjkI.tree_0.Node26.t = 85.3579
HWCLjjkI.tree_0.Node24.t = 171.107
HWCLjjkI.tree_0.Pogona_vitticeps.t = 406.819
HWCLjjkI.tree_0.Node23.t = 29.9015
HWCLjjkI.tree_0.Node21.t = 219.904
Optimization finished in 32 loop passes.
3481 likelihood evaluation calls and 25876 matrix exponentiations calls were made

Variable 'BRANCH_LENGTH_STENCIL' was not initialized prior to being used
Variable 'HWCLjjkI.option' was not initialized prior to being used
Variable 'absrel.terms.json.nucleotide_gtr' was not initialized prior to being used
Variable 'Unknown' was not initialized prior to being used
Variable 'nyiicfIb.initial_value' was not initialized prior to being used
Variable 'rWEqTHvx.data_filter' was not initialized prior to being used
Row and/or column partition is empty. All the data will be used by default.
Auto-benchmarked an optimal number (1) of threads.
Set GUI update interval to every 2808-th LF evaluation.
Optimization settings:
	OPTIMIZATION_METHOD = 4
	OPTIMIZATION_PRECISION = 0.001
	MAXIMUM_ITERATIONS_PER_VARIABLE = 5000

Initial parameter values

frequencies._aux.CF3x4.p0_0 = 0.35
frequencies._aux.CF3x4.p0_1 = 0.232877
frequencies._aux.CF3x4.p0_2 = 0.470124
frequencies._aux.CF3x4.p1_0 = 0.278082
frequencies._aux.CF3x4.p1_1 = 0.276803
frequencies._aux.CF3x4.p1_2 = 0.270253
frequencies._aux.CF3x4.p2_0 = 0.253425
frequencies._aux.CF3x4.p2_1 = 0.311468
frequencies._aux.CF3x4.p2_2 = 0.330113
Optimization finished in 5 loop passes.
200 likelihood evaluation calls and 0 matrix exponentiations calls were made

Variable 'rWEqTHvx.model_MGREV_pi' was not initialized prior to being used
Model rWEqTHvx.model_MGREV assigned to Python_molurus
Model rWEqTHvx.model_MGREV assigned to Naja_naja
Model rWEqTHvx.model_MGREV assigned to Ptyas_mucosa
Model rWEqTHvx.model_MGREV assigned to Pantherophis_obsoletus
Model rWEqTHvx.model_MGREV assigned to Pantherophis_guttatus
Model rWEqTHvx.model_MGREV assigned to Node9
Model rWEqTHvx.model_MGREV assigned to Pituophis_catenifer
Model rWEqTHvx.model_MGREV assigned to Node8
Model rWEqTHvx.model_MGREV assigned to Node6
Model rWEqTHvx.model_MGREV assigned to Thamnophis_elegans
Model rWEqTHvx.model_MGREV assigned to Node5
Model rWEqTHvx.model_MGREV assigned to Node3
Model rWEqTHvx.model_MGREV assigned to Vipera_berus
Model rWEqTHvx.model_MGREV assigned to Crotalus_tigris
Model rWEqTHvx.model_MGREV assigned to Bothrops_jararaca
Model rWEqTHvx.model_MGREV assigned to Node17
Model rWEqTHvx.model_MGREV assigned to Protobothrops_mucrosquamatus
Model rWEqTHvx.model_MGREV assigned to Node16
Model rWEqTHvx.model_MGREV assigned to Node14
Model rWEqTHvx.model_MGREV assigned to Node2
Model rWEqTHvx.model_MGREV assigned to Varanus_komodoensis
Model rWEqTHvx.model_MGREV assigned to Anolis_carolinensis
Model rWEqTHvx.model_MGREV assigned to Phrynosoma_platyrhinos
Model rWEqTHvx.model_MGREV assigned to Sceloporus_undulatus
Model rWEqTHvx.model_MGREV assigned to Node26
Model rWEqTHvx.model_MGREV assigned to Node24
Model rWEqTHvx.model_MGREV assigned to Pogona_vitticeps
Model rWEqTHvx.model_MGREV assigned to Node23
Model rWEqTHvx.model_MGREV assigned to Node21
The tips of the tree:rWEqTHvx.tree_0 were matched with the species names from the data in the following numeric order (0-based) {15,0,9,7,6,8,10,14,13,11,12,5,1,2,3,4}

Pseudo-optimal path's cost 6338 vs 9438 for 1..k=> a 1.48911 x improvement
Partition 0 is ASSUMED to have a reversible model
Variable 'rWEqTHvx.rWEqTHvx.likelihoodFunction' was not initialized prior to being used
Variable 'rWEqTHvx.tree_0.Python_molurus.alpha' was not initialized prior to being used
Variable 'rWEqTHvx.tree_0.Python_molurus.beta' was not initialized prior to being used
Variable 'rWEqTHvx.tree_0.Naja_naja.alpha' was not initialized prior to being used
Variable 'rWEqTHvx.tree_0.Naja_naja.beta' was not initialized prior to being used
Variable 'rWEqTHvx.tree_0.Ptyas_mucosa.alpha' was not initialized prior to being used
Variable 'rWEqTHvx.tree_0.Ptyas_mucosa.beta' was not initialized prior to being used
Variable 'rWEqTHvx.tree_0.Pantherophis_obsoletus.alpha' was not initialized prior to being used
Variable 'rWEqTHvx.tree_0.Pantherophis_obsoletus.beta' was not initialized prior to being used
Variable 'rWEqTHvx.tree_0.Pantherophis_guttatus.alpha' was not initialized prior to being used
Variable 'rWEqTHvx.tree_0.Pantherophis_guttatus.beta' was not initialized prior to being used
Variable 'rWEqTHvx.tree_0.Pituophis_catenifer.alpha' was not initialized prior to being used
Variable 'rWEqTHvx.tree_0.Pituophis_catenifer.beta' was not initialized prior to being used
Variable 'rWEqTHvx.tree_0.Thamnophis_elegans.alpha' was not initialized prior to being used
Variable 'rWEqTHvx.tree_0.Thamnophis_elegans.beta' was not initialized prior to being used
Variable 'rWEqTHvx.tree_0.Vipera_berus.alpha' was not initialized prior to being used
Variable 'rWEqTHvx.tree_0.Vipera_berus.beta' was not initialized prior to being used
Variable 'rWEqTHvx.tree_0.Crotalus_tigris.alpha' was not initialized prior to being used
Variable 'rWEqTHvx.tree_0.Crotalus_tigris.beta' was not initialized prior to being used
Variable 'rWEqTHvx.tree_0.Bothrops_jararaca.alpha' was not initialized prior to being used
Variable 'rWEqTHvx.tree_0.Bothrops_jararaca.beta' was not initialized prior to being used
Variable 'rWEqTHvx.tree_0.Protobothrops_mucrosquamatus.alpha' was not initialized prior to being used
Variable 'rWEqTHvx.tree_0.Protobothrops_mucrosquamatus.beta' was not initialized prior to being used
Variable 'rWEqTHvx.tree_0.Varanus_komodoensis.alpha' was not initialized prior to being used
Variable 'rWEqTHvx.tree_0.Varanus_komodoensis.beta' was not initialized prior to being used
Variable 'rWEqTHvx.tree_0.Anolis_carolinensis.alpha' was not initialized prior to being used
Variable 'rWEqTHvx.tree_0.Anolis_carolinensis.beta' was not initialized prior to being used
Variable 'rWEqTHvx.tree_0.Phrynosoma_platyrhinos.alpha' was not initialized prior to being used
Variable 'rWEqTHvx.tree_0.Phrynosoma_platyrhinos.beta' was not initialized prior to being used
Variable 'rWEqTHvx.tree_0.Sceloporus_undulatus.alpha' was not initialized prior to being used
Variable 'rWEqTHvx.tree_0.Sceloporus_undulatus.beta' was not initialized prior to being used
Variable 'rWEqTHvx.tree_0.Pogona_vitticeps.alpha' was not initialized prior to being used
Variable 'rWEqTHvx.tree_0.Pogona_vitticeps.beta' was not initialized prior to being used
Variable 'rWEqTHvx.tree_0.Node9.alpha' was not initialized prior to being used
Variable 'rWEqTHvx.tree_0.Node9.beta' was not initialized prior to being used
Variable 'rWEqTHvx.tree_0.Node8.alpha' was not initialized prior to being used
Variable 'rWEqTHvx.tree_0.Node8.beta' was not initialized prior to being used
Variable 'rWEqTHvx.tree_0.Node6.alpha' was not initialized prior to being used
Variable 'rWEqTHvx.tree_0.Node6.beta' was not initialized prior to being used
Variable 'rWEqTHvx.tree_0.Node5.alpha' was not initialized prior to being used
Variable 'rWEqTHvx.tree_0.Node5.beta' was not initialized prior to being used
Variable 'rWEqTHvx.tree_0.Node3.alpha' was not initialized prior to being used
Variable 'rWEqTHvx.tree_0.Node3.beta' was not initialized prior to being used
Variable 'rWEqTHvx.tree_0.Node17.alpha' was not initialized prior to being used
Variable 'rWEqTHvx.tree_0.Node17.beta' was not initialized prior to being used
Variable 'rWEqTHvx.tree_0.Node16.alpha' was not initialized prior to being used
Variable 'rWEqTHvx.tree_0.Node16.beta' was not initialized prior to being used
Variable 'rWEqTHvx.tree_0.Node14.alpha' was not initialized prior to being used
Variable 'rWEqTHvx.tree_0.Node14.beta' was not initialized prior to being used
Variable 'rWEqTHvx.tree_0.Node2.alpha' was not initialized prior to being used
Variable 'rWEqTHvx.tree_0.Node2.beta' was not initialized prior to being used
Variable 'rWEqTHvx.tree_0.Node26.alpha' was not initialized prior to being used
Variable 'rWEqTHvx.tree_0.Node26.beta' was not initialized prior to being used
Variable 'rWEqTHvx.tree_0.Node24.alpha' was not initialized prior to being used
Variable 'rWEqTHvx.tree_0.Node24.beta' was not initialized prior to being used
Variable 'rWEqTHvx.tree_0.Node23.alpha' was not initialized prior to being used
Variable 'rWEqTHvx.tree_0.Node23.beta' was not initialized prior to being used
Variable 'rWEqTHvx.tree_0.Node21.alpha' was not initialized prior to being used
Variable 'rWEqTHvx.tree_0.Node21.beta' was not initialized prior to being used
Site 39 evaluated to a 0 probability in ComputeTreeBlockByBranch
Site 333 evaluated to a 0 probability in ComputeTreeBlockByBranch
Site 39 evaluated to a 0 probability in ComputeTreeBlockByBranch
Site 39 evaluated to a 0 probability in ComputeTreeBlockByBranch
Site 15 evaluated to a 0 probability in ComputeTreeBlockByBranch
Site 164 evaluated to a 0 probability in ComputeTreeBlockByBranch
Auto-benchmarked an optimal number (2) of threads.
Set GUI update interval to every 23-th LF evaluation.
Initial guess for rWEqTHvx.tree_0.Node2.beta is 0.0177408
Initial guess for rWEqTHvx.tree_0.Node2.alpha is 0.0118793
Initial guess for rWEqTHvx.tree_0.Node3.beta is 0.00262747
Initial guess for rWEqTHvx.tree_0.Node3.alpha is 0.00106277
Initial guess for rWEqTHvx.tree_0.Naja_naja.beta is 0.033683
Initial guess for rWEqTHvx.tree_0.Naja_naja.alpha is 0.0108608
Initial guess for rWEqTHvx.tree_0.Node5.beta is 0.00452757
Initial guess for rWEqTHvx.tree_0.Node5.alpha is 0.00184414
Initial guess for rWEqTHvx.tree_0.Node6.beta is 0.0122409
Initial guess for rWEqTHvx.tree_0.Node6.alpha is 0.00202493
Initial guess for rWEqTHvx.tree_0.Ptyas_mucosa.beta is 0.0364084
Initial guess for rWEqTHvx.tree_0.Ptyas_mucosa.alpha is 0.00730809
Initial guess for rWEqTHvx.tree_0.Node8.beta is 0.0109005
Initial guess for rWEqTHvx.tree_0.Node8.alpha is 0.00237208
Initial guess for rWEqTHvx.tree_0.Node9.beta is -0.00199412
Initial guess for rWEqTHvx.tree_0.Node9.alpha is -0.00053857
Initial guess for rWEqTHvx.tree_0.Pantherophis_obsoletus.beta is 0.0114165
Initial guess for rWEqTHvx.tree_0.Pantherophis_obsoletus.alpha is 0.0016412
Initial guess for rWEqTHvx.tree_0.Pantherophis_guttatus.beta is 0.000995834
Initial guess for rWEqTHvx.tree_0.Pantherophis_guttatus.alpha is 5.92146e-17
Initial guess for rWEqTHvx.tree_0.Pituophis_catenifer.beta is 0.00083422
Initial guess for rWEqTHvx.tree_0.Pituophis_catenifer.alpha is 7.41888e-17
Initial guess for rWEqTHvx.tree_0.Thamnophis_elegans.beta is 0.00489826
Initial guess for rWEqTHvx.tree_0.Thamnophis_elegans.alpha is 0.00148914
Initial guess for rWEqTHvx.tree_0.Node14.beta is 0.00921009
Initial guess for rWEqTHvx.tree_0.Node14.alpha is 0.00696114
Initial guess for rWEqTHvx.tree_0.Vipera_berus.beta is 0.0187263
Initial guess for rWEqTHvx.tree_0.Vipera_berus.alpha is 0.00484856
Initial guess for rWEqTHvx.tree_0.Node16.beta is 0.00180287
Initial guess for rWEqTHvx.tree_0.Node16.alpha is 0.000880366
Initial guess for rWEqTHvx.tree_0.Node17.beta is 0.0022646
Initial guess for rWEqTHvx.tree_0.Node17.alpha is 0.000626837
Initial guess for rWEqTHvx.tree_0.Crotalus_tigris.beta is 0.0148483
Initial guess for rWEqTHvx.tree_0.Crotalus_tigris.alpha is 0.00644829
Initial guess for rWEqTHvx.tree_0.Bothrops_jararaca.beta is 0.00445415
Initial guess for rWEqTHvx.tree_0.Bothrops_jararaca.alpha is 0.0013943
Initial guess for rWEqTHvx.tree_0.Protobothrops_mucrosquamatus.beta is 0.00990047
Initial guess for rWEqTHvx.tree_0.Protobothrops_mucrosquamatus.alpha is 0.00237578
Initial guess for rWEqTHvx.tree_0.Node21.beta is 0.0715213
Initial guess for rWEqTHvx.tree_0.Node21.alpha is 0.0541225
Initial guess for rWEqTHvx.tree_0.Varanus_komodoensis.beta is 0.00137486
Initial guess for rWEqTHvx.tree_0.Varanus_komodoensis.alpha is 0.00119419
Initial guess for rWEqTHvx.tree_0.Node23.beta is -0.0117718
Initial guess for rWEqTHvx.tree_0.Node23.alpha is 0.00755469
Initial guess for rWEqTHvx.tree_0.Node24.beta is 0.0247184
Initial guess for rWEqTHvx.tree_0.Node24.alpha is 0.0246054
Initial guess for rWEqTHvx.tree_0.Anolis_carolinensis.beta is 0.0941237
Initial guess for rWEqTHvx.tree_0.Anolis_carolinensis.alpha is 0.0496423
Initial guess for rWEqTHvx.tree_0.Node26.beta is 0.016055
Initial guess for rWEqTHvx.tree_0.Node26.alpha is 0.00942266
Initial guess for rWEqTHvx.tree_0.Phrynosoma_platyrhinos.beta is 0.0701971
Initial guess for rWEqTHvx.tree_0.Phrynosoma_platyrhinos.alpha is 0.0353686
Initial guess for rWEqTHvx.tree_0.Sceloporus_undulatus.beta is 0.0228736
Initial guess for rWEqTHvx.tree_0.Sceloporus_undulatus.alpha is 0.0047161
Initial guess for rWEqTHvx.tree_0.Pogona_vitticeps.beta is 0.0200773
Initial guess for rWEqTHvx.tree_0.Pogona_vitticeps.alpha is 0.0092909
Optimization settings:
	OPTIMIZATION_METHOD = 4
	OPTIMIZATION_PRECISION = 0.001
	MAXIMUM_ITERATIONS_PER_VARIABLE = 5000

Initial parameter values

rWEqTHvx.model_MGREV.theta_GT = 1
rWEqTHvx.model_MGREV.theta_CT = 1
rWEqTHvx.model_MGREV.theta_AC = 1
rWEqTHvx.model_MGREV.theta_CG = 1
rWEqTHvx.model_MGREV.theta_AT = 1
rWEqTHvx.tree_0.Python_molurus.alpha = 0.1
rWEqTHvx.tree_0.Python_molurus.beta = 0.1
rWEqTHvx.tree_0.Naja_naja.alpha = 0.0108608
rWEqTHvx.tree_0.Naja_naja.beta = 0.033683
rWEqTHvx.tree_0.Ptyas_mucosa.alpha = 0.00730809
rWEqTHvx.tree_0.Ptyas_mucosa.beta = 0.0364084
rWEqTHvx.tree_0.Pantherophis_obsoletus.alpha = 0.0016412
rWEqTHvx.tree_0.Pantherophis_obsoletus.beta = 0.0114165
rWEqTHvx.tree_0.Pantherophis_guttatus.alpha = 5.92146e-17
rWEqTHvx.tree_0.Pantherophis_guttatus.beta = 0.000995834
rWEqTHvx.tree_0.Node9.alpha = 0
rWEqTHvx.tree_0.Node9.beta = 0
rWEqTHvx.tree_0.Pituophis_catenifer.alpha = 7.41888e-17
rWEqTHvx.tree_0.Pituophis_catenifer.beta = 0.00083422
rWEqTHvx.tree_0.Node8.alpha = 0.00237208
rWEqTHvx.tree_0.Node8.beta = 0.0109005
rWEqTHvx.tree_0.Node6.alpha = 0.00202493
rWEqTHvx.tree_0.Node6.beta = 0.0122409
rWEqTHvx.tree_0.Thamnophis_elegans.alpha = 0.00148914
rWEqTHvx.tree_0.Thamnophis_elegans.beta = 0.00489826
rWEqTHvx.tree_0.Node5.alpha = 0.00184414
rWEqTHvx.tree_0.Node5.beta = 0.00452757
rWEqTHvx.tree_0.Node3.alpha = 0.00106277
rWEqTHvx.tree_0.Node3.beta = 0.00262747
rWEqTHvx.tree_0.Vipera_berus.alpha = 0.00484856
rWEqTHvx.tree_0.Vipera_berus.beta = 0.0187263
rWEqTHvx.tree_0.Crotalus_tigris.alpha = 0.00644829
rWEqTHvx.tree_0.Crotalus_tigris.beta = 0.0148483
rWEqTHvx.tree_0.Bothrops_jararaca.alpha = 0.0013943
rWEqTHvx.tree_0.Bothrops_jararaca.beta = 0.00445415
rWEqTHvx.tree_0.Node17.alpha = 0.000626837
rWEqTHvx.tree_0.Node17.beta = 0.0022646
rWEqTHvx.tree_0.Protobothrops_mucrosquamatus.alpha = 0.00237578
rWEqTHvx.tree_0.Protobothrops_mucrosquamatus.beta = 0.00990047
rWEqTHvx.tree_0.Node16.alpha = 0.000880366
rWEqTHvx.tree_0.Node16.beta = 0.00180287
rWEqTHvx.tree_0.Node14.alpha = 0.00696114
rWEqTHvx.tree_0.Node14.beta = 0.00921009
rWEqTHvx.tree_0.Node2.alpha = 0.0118793
rWEqTHvx.tree_0.Node2.beta = 0.0177408
rWEqTHvx.tree_0.Varanus_komodoensis.alpha = 0.00119419
rWEqTHvx.tree_0.Varanus_komodoensis.beta = 0.00137486
rWEqTHvx.tree_0.Anolis_carolinensis.alpha = 0.0496423
rWEqTHvx.tree_0.Anolis_carolinensis.beta = 0.0941237
rWEqTHvx.tree_0.Phrynosoma_platyrhinos.alpha = 0.0353686
rWEqTHvx.tree_0.Phrynosoma_platyrhinos.beta = 0.0701971
rWEqTHvx.tree_0.Sceloporus_undulatus.alpha = 0.0047161
rWEqTHvx.tree_0.Sceloporus_undulatus.beta = 0.0228736
rWEqTHvx.tree_0.Node26.alpha = 0.00942266
rWEqTHvx.tree_0.Node26.beta = 0.016055
rWEqTHvx.tree_0.Node24.alpha = 0.0246054
rWEqTHvx.tree_0.Node24.beta = 0.0247184
rWEqTHvx.tree_0.Pogona_vitticeps.alpha = 0.0092909
rWEqTHvx.tree_0.Pogona_vitticeps.beta = 0.0200773
rWEqTHvx.tree_0.Node23.alpha = 0.00755469
rWEqTHvx.tree_0.Node23.beta = 0
rWEqTHvx.tree_0.Node21.alpha = 0.0541225
rWEqTHvx.tree_0.Node21.beta = 0.0715213
Optimization finished in 24 loop passes.
6386 likelihood evaluation calls and 26391 matrix exponentiations calls were made

Variable 'bsrel_mixture_aux_0' was not initialized prior to being used
Overwritten previously defined function:'sHWjbsZy.rate_generator'
Auto-benchmarked an optimal number (3) of threads.
Set GUI update interval to every 2808-th LF evaluation.
Optimization settings:
	OPTIMIZATION_METHOD = 4
	OPTIMIZATION_PRECISION = 0.001
	MAXIMUM_ITERATIONS_PER_VARIABLE = 5000

Initial parameter values

frequencies._aux.CF3x4.p0_0 = 0.35
frequencies._aux.CF3x4.p0_1 = 0.232877
frequencies._aux.CF3x4.p0_2 = 0.470124
frequencies._aux.CF3x4.p1_0 = 0.278082
frequencies._aux.CF3x4.p1_1 = 0.276803
frequencies._aux.CF3x4.p1_2 = 0.270253
frequencies._aux.CF3x4.p2_0 = 0.253425
frequencies._aux.CF3x4.p2_1 = 0.311468
frequencies._aux.CF3x4.p2_2 = 0.330113
Optimization finished in 5 loop passes.
202 likelihood evaluation calls and 0 matrix exponentiations calls were made

Variable 'absrel.model.2_pi' was not initialized prior to being used
Variable 'omega1' was not initialized prior to being used
Variable 'omega2' was not initialized prior to being used
Overwritten previously defined function:'sHWjbsZy.rate_generator'
Overwritten previously defined function:'sHWjbsZy.rate_generator'
Variable 'bsrel_mixture_aux_1' was not initialized prior to being used
Overwritten previously defined function:'sHWjbsZy.rate_generator'
Auto-benchmarked an optimal number (2) of threads.
Set GUI update interval to every 3048-th LF evaluation.
Optimization settings:
	OPTIMIZATION_METHOD = 4
	OPTIMIZATION_PRECISION = 0.001
	MAXIMUM_ITERATIONS_PER_VARIABLE = 5000

Initial parameter values

frequencies._aux.CF3x4.p0_0 = 0.35
frequencies._aux.CF3x4.p0_1 = 0.232877
frequencies._aux.CF3x4.p0_2 = 0.470124
frequencies._aux.CF3x4.p1_0 = 0.278082
frequencies._aux.CF3x4.p1_1 = 0.276803
frequencies._aux.CF3x4.p1_2 = 0.270253
frequencies._aux.CF3x4.p2_0 = 0.253425
frequencies._aux.CF3x4.p2_1 = 0.311468
frequencies._aux.CF3x4.p2_2 = 0.330113
Optimization finished in 5 loop passes.
201 likelihood evaluation calls and 0 matrix exponentiations calls were made

Variable 'absrel.model.3_pi' was not initialized prior to being used
Variable 'omega3' was not initialized prior to being used
Overwritten previously defined function:'sHWjbsZy.rate_generator'
Overwritten previously defined function:'sHWjbsZy.rate_generator'
Overwritten previously defined function:'sHWjbsZy.rate_generator'
Variable 'bsrel_mixture_aux_2' was not initialized prior to being used
Overwritten previously defined function:'sHWjbsZy.rate_generator'
Auto-benchmarked an optimal number (3) of threads.
Set GUI update interval to every 2873-th LF evaluation.
Optimization settings:
	OPTIMIZATION_METHOD = 4
	OPTIMIZATION_PRECISION = 0.001
	MAXIMUM_ITERATIONS_PER_VARIABLE = 5000

Initial parameter values

frequencies._aux.CF3x4.p0_0 = 0.35
frequencies._aux.CF3x4.p0_1 = 0.232877
frequencies._aux.CF3x4.p0_2 = 0.470124
frequencies._aux.CF3x4.p1_0 = 0.278082
frequencies._aux.CF3x4.p1_1 = 0.276803
frequencies._aux.CF3x4.p1_2 = 0.270253
frequencies._aux.CF3x4.p2_0 = 0.253425
frequencies._aux.CF3x4.p2_1 = 0.311468
frequencies._aux.CF3x4.p2_2 = 0.330113
Optimization finished in 5 loop passes.
202 likelihood evaluation calls and 0 matrix exponentiations calls were made

Variable 'absrel.model.4_pi' was not initialized prior to being used
Variable 'omega4' was not initialized prior to being used
Overwritten previously defined function:'sHWjbsZy.rate_generator'
Overwritten previously defined function:'sHWjbsZy.rate_generator'
Overwritten previously defined function:'sHWjbsZy.rate_generator'
Overwritten previously defined function:'sHWjbsZy.rate_generator'
Variable 'bsrel_mixture_aux_3' was not initialized prior to being used
Overwritten previously defined function:'sHWjbsZy.rate_generator'
Auto-benchmarked an optimal number (3) of threads.
Set GUI update interval to every 3048-th LF evaluation.
Optimization settings:
	OPTIMIZATION_METHOD = 4
	OPTIMIZATION_PRECISION = 0.001
	MAXIMUM_ITERATIONS_PER_VARIABLE = 5000

Initial parameter values

frequencies._aux.CF3x4.p0_0 = 0.35
frequencies._aux.CF3x4.p0_1 = 0.232877
frequencies._aux.CF3x4.p0_2 = 0.470124
frequencies._aux.CF3x4.p1_0 = 0.278082
frequencies._aux.CF3x4.p1_1 = 0.276803
frequencies._aux.CF3x4.p1_2 = 0.270253
frequencies._aux.CF3x4.p2_0 = 0.253425
frequencies._aux.CF3x4.p2_1 = 0.311468
frequencies._aux.CF3x4.p2_2 = 0.330113
Optimization finished in 5 loop passes.
202 likelihood evaluation calls and 0 matrix exponentiations calls were made

Variable 'absrel.model.5_pi' was not initialized prior to being used
Variable 'omega5' was not initialized prior to being used
The tips of the tree:rWEqTHvx.tree_0 were matched with the species names from the data in the following numeric order (0-based) {15,0,9,7,6,8,10,14,13,11,12,5,1,2,3,4}

Pseudo-optimal path's cost 6338 vs 9438 for 1..k=> a 1.48911 x improvement
Variable 'MWgjgAWl.best_val' was not initialized prior to being used
Variable 'rWEqTHvx.likelihoodFunction' was not initialized prior to being used
Auto-benchmarked an optimal number (5) of threads.
Set GUI update interval to every 26-th LF evaluation.
Optimization settings:
	OPTIMIZATION_METHOD = 4
	OPTIMIZATION_PRECISION = 0.001
	MAXIMUM_ITERATIONS_PER_VARIABLE = 5000

Initial parameter values

rWEqTHvx.tree_0.Varanus_komodoensis.alpha = 0.93224
rWEqTHvx.tree_0.Varanus_komodoensis.bsrel_mixture_aux_0 = 0.75
rWEqTHvx.tree_0.Varanus_komodoensis.omega1 = 0
rWEqTHvx.tree_0.Varanus_komodoensis.omega2 = 2
rWEqTHvx.tree_0.Varanus_komodoensis.beta = 0.325088
Optimization finished in 10 loop passes.
173 likelihood evaluation calls and 360 matrix exponentiations calls were made

The tips of the tree:rWEqTHvx.tree_0 were matched with the species names from the data in the following numeric order (0-based) {15,0,9,7,6,8,10,14,13,11,12,5,1,2,3,4}

Pseudo-optimal path's cost 6338 vs 9438 for 1..k=> a 1.48911 x improvement
Auto-benchmarked an optimal number (4) of threads.
Set GUI update interval to every 49-th LF evaluation.
Optimization settings:
	OPTIMIZATION_METHOD = 4
	OPTIMIZATION_PRECISION = 0.001
	MAXIMUM_ITERATIONS_PER_VARIABLE = 5000

Initial parameter values

rWEqTHvx.tree_0.Varanus_komodoensis.bsrel_mixture_aux_1 = 0.5
rWEqTHvx.tree_0.Varanus_komodoensis.omega1 = 0.037494
rWEqTHvx.tree_0.Varanus_komodoensis.bsrel_mixture_aux_0 = 0.718157
rWEqTHvx.tree_0.Varanus_komodoensis.alpha = 0.897936
rWEqTHvx.tree_0.Varanus_komodoensis.omega2 = 0.8
rWEqTHvx.tree_0.Varanus_komodoensis.omega3 = 2
Optimization finished in 14 loop passes.
569 likelihood evaluation calls and 1678 matrix exponentiations calls were made

The tips of the tree:rWEqTHvx.tree_0 were matched with the species names from the data in the following numeric order (0-based) {15,0,9,7,6,8,10,14,13,11,12,5,1,2,3,4}

Pseudo-optimal path's cost 6338 vs 9438 for 1..k=> a 1.48911 x improvement
Variable 'rWEqTHvx.tree_0.Varanus_komodoensis.alpha' was not initialized prior to being used
Variable 'rWEqTHvx.tree_0.Varanus_komodoensis.omega1' was not initialized prior to being used
Variable 'rWEqTHvx.tree_0.Varanus_komodoensis.omega2' was not initialized prior to being used
The tips of the tree:rWEqTHvx.tree_0 were matched with the species names from the data in the following numeric order (0-based) {15,0,9,7,6,8,10,14,13,11,12,5,1,2,3,4}

Pseudo-optimal path's cost 6338 vs 9438 for 1..k=> a 1.48911 x improvement
Auto-benchmarked an optimal number (4) of threads.
Set GUI update interval to every 63-th LF evaluation.
Optimization settings:
	OPTIMIZATION_METHOD = 4
	OPTIMIZATION_PRECISION = 0.001
	MAXIMUM_ITERATIONS_PER_VARIABLE = 5000

Initial parameter values

rWEqTHvx.tree_0.Node21.alpha = 1.03299
rWEqTHvx.tree_0.Node21.bsrel_mixture_aux_0 = 0.95
rWEqTHvx.tree_0.Node21.omega1 = 0.2
rWEqTHvx.tree_0.Node21.omega2 = 9
rWEqTHvx.tree_0.Node21.beta = 0.285523
Optimization finished in 8 loop passes.
222 likelihood evaluation calls and 429 matrix exponentiations calls were made

The tips of the tree:rWEqTHvx.tree_0 were matched with the species names from the data in the following numeric order (0-based) {15,0,9,7,6,8,10,14,13,11,12,5,1,2,3,4}

Pseudo-optimal path's cost 6338 vs 9438 for 1..k=> a 1.48911 x improvement
Auto-benchmarked an optimal number (3) of threads.
Set GUI update interval to every 88-th LF evaluation.
Optimization settings:
	OPTIMIZATION_METHOD = 4
	OPTIMIZATION_PRECISION = 0.001
	MAXIMUM_ITERATIONS_PER_VARIABLE = 5000

Initial parameter values

rWEqTHvx.tree_0.Node21.bsrel_mixture_aux_1 = 0.5
rWEqTHvx.tree_0.Node21.omega1 = 0.203091
rWEqTHvx.tree_0.Node21.bsrel_mixture_aux_0 = 0.950635
rWEqTHvx.tree_0.Node21.alpha = 0.935798
rWEqTHvx.tree_0.Node21.omega2 = 0.8
rWEqTHvx.tree_0.Node21.omega3 = 28
Optimization finished in 18 loop passes.
606 likelihood evaluation calls and 1769 matrix exponentiations calls were made

The tips of the tree:rWEqTHvx.tree_0 were matched with the species names from the data in the following numeric order (0-based) {15,0,9,7,6,8,10,14,13,11,12,5,1,2,3,4}

Pseudo-optimal path's cost 6338 vs 9438 for 1..k=> a 1.48911 x improvement
Variable 'rWEqTHvx.tree_0.Node21.alpha' was not initialized prior to being used
Variable 'rWEqTHvx.tree_0.Node21.omega1' was not initialized prior to being used
Variable 'rWEqTHvx.tree_0.Node21.omega2' was not initialized prior to being used
The tips of the tree:rWEqTHvx.tree_0 were matched with the species names from the data in the following numeric order (0-based) {15,0,9,7,6,8,10,14,13,11,12,5,1,2,3,4}

Pseudo-optimal path's cost 6338 vs 9438 for 1..k=> a 1.48911 x improvement
Auto-benchmarked an optimal number (3) of threads.
Set GUI update interval to every 27-th LF evaluation.
Optimization settings:
	OPTIMIZATION_METHOD = 4
	OPTIMIZATION_PRECISION = 0.001
	MAXIMUM_ITERATIONS_PER_VARIABLE = 5000

Initial parameter values

rWEqTHvx.tree_0.Pogona_vitticeps.alpha = 0.82452
rWEqTHvx.tree_0.Pogona_vitticeps.bsrel_mixture_aux_0 = 0.75
rWEqTHvx.tree_0.Pogona_vitticeps.omega1 = 0
rWEqTHvx.tree_0.Pogona_vitticeps.omega2 = 2
rWEqTHvx.tree_0.Pogona_vitticeps.beta = 0.319405
Optimization finished in 12 loop passes.
411 likelihood evaluation calls and 796 matrix exponentiations calls were made

The tips of the tree:rWEqTHvx.tree_0 were matched with the species names from the data in the following numeric order (0-based) {15,0,9,7,6,8,10,14,13,11,12,5,1,2,3,4}

Pseudo-optimal path's cost 6338 vs 9438 for 1..k=> a 1.48911 x improvement
Auto-benchmarked an optimal number (4) of threads.
Set GUI update interval to every 46-th LF evaluation.
Optimization settings:
	OPTIMIZATION_METHOD = 4
	OPTIMIZATION_PRECISION = 0.001
	MAXIMUM_ITERATIONS_PER_VARIABLE = 5000

Initial parameter values

rWEqTHvx.tree_0.Pogona_vitticeps.bsrel_mixture_aux_1 = 0.5
rWEqTHvx.tree_0.Pogona_vitticeps.omega1 = 0.0295775
rWEqTHvx.tree_0.Pogona_vitticeps.bsrel_mixture_aux_0 = 0.734278
rWEqTHvx.tree_0.Pogona_vitticeps.alpha = 0.754616
rWEqTHvx.tree_0.Pogona_vitticeps.omega2 = 0.8
rWEqTHvx.tree_0.Pogona_vitticeps.omega3 = 2
Optimization finished in 9 loop passes.
177 likelihood evaluation calls and 537 matrix exponentiations calls were made

The tips of the tree:rWEqTHvx.tree_0 were matched with the species names from the data in the following numeric order (0-based) {15,0,9,7,6,8,10,14,13,11,12,5,1,2,3,4}

Pseudo-optimal path's cost 6338 vs 9438 for 1..k=> a 1.48911 x improvement
Variable 'rWEqTHvx.tree_0.Pogona_vitticeps.alpha' was not initialized prior to being used
Variable 'rWEqTHvx.tree_0.Pogona_vitticeps.omega1' was not initialized prior to being used
Variable 'rWEqTHvx.tree_0.Pogona_vitticeps.omega2' was not initialized prior to being used
The tips of the tree:rWEqTHvx.tree_0 were matched with the species names from the data in the following numeric order (0-based) {15,0,9,7,6,8,10,14,13,11,12,5,1,2,3,4}

Pseudo-optimal path's cost 6338 vs 9438 for 1..k=> a 1.48911 x improvement
Auto-benchmarked an optimal number (2) of threads.
Set GUI update interval to every 25-th LF evaluation.
Optimization settings:
	OPTIMIZATION_METHOD = 4
	OPTIMIZATION_PRECISION = 0.001
	MAXIMUM_ITERATIONS_PER_VARIABLE = 5000

Initial parameter values

rWEqTHvx.tree_0.Anolis_carolinensis.alpha = 0.737764
rWEqTHvx.tree_0.Anolis_carolinensis.bsrel_mixture_aux_0 = 0.98
rWEqTHvx.tree_0.Anolis_carolinensis.omega1 = 0.2
rWEqTHvx.tree_0.Anolis_carolinensis.omega2 = 28
rWEqTHvx.tree_0.Anolis_carolinensis.beta = 0.229126
Optimization finished in 5 loop passes.
262 likelihood evaluation calls and 507 matrix exponentiations calls were made

The tips of the tree:rWEqTHvx.tree_0 were matched with the species names from the data in the following numeric order (0-based) {15,0,9,7,6,8,10,14,13,11,12,5,1,2,3,4}

Pseudo-optimal path's cost 6338 vs 9438 for 1..k=> a 1.48911 x improvement
Auto-benchmarked an optimal number (2) of threads.
Set GUI update interval to every 118-th LF evaluation.
Optimization settings:
	OPTIMIZATION_METHOD = 4
	OPTIMIZATION_PRECISION = 0.001
	MAXIMUM_ITERATIONS_PER_VARIABLE = 5000

Initial parameter values

rWEqTHvx.tree_0.Anolis_carolinensis.bsrel_mixture_aux_1 = 0.5
rWEqTHvx.tree_0.Anolis_carolinensis.omega1 = 0.236537
rWEqTHvx.tree_0.Anolis_carolinensis.bsrel_mixture_aux_0 = 0.969429
rWEqTHvx.tree_0.Anolis_carolinensis.alpha = 0.658541
rWEqTHvx.tree_0.Anolis_carolinensis.omega2 = 0.8
rWEqTHvx.tree_0.Anolis_carolinensis.omega3 = 65
Optimization finished in 6 loop passes.
190 likelihood evaluation calls and 562 matrix exponentiations calls were made

The tips of the tree:rWEqTHvx.tree_0 were matched with the species names from the data in the following numeric order (0-based) {15,0,9,7,6,8,10,14,13,11,12,5,1,2,3,4}

Pseudo-optimal path's cost 6338 vs 9438 for 1..k=> a 1.48911 x improvement
Variable 'rWEqTHvx.tree_0.Anolis_carolinensis.alpha' was not initialized prior to being used
Variable 'rWEqTHvx.tree_0.Anolis_carolinensis.omega1' was not initialized prior to being used
Variable 'rWEqTHvx.tree_0.Anolis_carolinensis.omega2' was not initialized prior to being used
The tips of the tree:rWEqTHvx.tree_0 were matched with the species names from the data in the following numeric order (0-based) {15,0,9,7,6,8,10,14,13,11,12,5,1,2,3,4}

Pseudo-optimal path's cost 6338 vs 9438 for 1..k=> a 1.48911 x improvement
Auto-benchmarked an optimal number (3) of threads.
Set GUI update interval to every 32-th LF evaluation.
Optimization settings:
	OPTIMIZATION_METHOD = 4
	OPTIMIZATION_PRECISION = 0.001
	MAXIMUM_ITERATIONS_PER_VARIABLE = 5000

Initial parameter values

rWEqTHvx.tree_0.Node24.alpha = 0.521827
rWEqTHvx.tree_0.Node24.bsrel_mixture_aux_0 = 0.75
rWEqTHvx.tree_0.Node24.omega1 = 0
rWEqTHvx.tree_0.Node24.omega2 = 1
rWEqTHvx.tree_0.Node24.beta = 0.119005
Optimization finished in 15 loop passes.
259 likelihood evaluation calls and 526 matrix exponentiations calls were made

The tips of the tree:rWEqTHvx.tree_0 were matched with the species names from the data in the following numeric order (0-based) {15,0,9,7,6,8,10,14,13,11,12,5,1,2,3,4}

Pseudo-optimal path's cost 6338 vs 9438 for 1..k=> a 1.48911 x improvement
Auto-benchmarked an optimal number (2) of threads.
Set GUI update interval to every 61-th LF evaluation.
Optimization settings:
	OPTIMIZATION_METHOD = 4
	OPTIMIZATION_PRECISION = 0.001
	MAXIMUM_ITERATIONS_PER_VARIABLE = 5000

Initial parameter values

rWEqTHvx.tree_0.Node24.bsrel_mixture_aux_1 = 0.5
rWEqTHvx.tree_0.Node24.omega1 = 0
rWEqTHvx.tree_0.Node24.bsrel_mixture_aux_0 = 0.839376
rWEqTHvx.tree_0.Node24.alpha = 0.408508
rWEqTHvx.tree_0.Node24.omega2 = 0.8
rWEqTHvx.tree_0.Node24.omega3 = 2
Optimization finished in 31 loop passes.
939 likelihood evaluation calls and 2786 matrix exponentiations calls were made

The tips of the tree:rWEqTHvx.tree_0 were matched with the species names from the data in the following numeric order (0-based) {15,0,9,7,6,8,10,14,13,11,12,5,1,2,3,4}

Pseudo-optimal path's cost 6338 vs 9438 for 1..k=> a 1.48911 x improvement
Variable 'rWEqTHvx.tree_0.Node24.alpha' was not initialized prior to being used
Variable 'rWEqTHvx.tree_0.Node24.omega1' was not initialized prior to being used
Variable 'rWEqTHvx.tree_0.Node24.omega2' was not initialized prior to being used
The tips of the tree:rWEqTHvx.tree_0 were matched with the species names from the data in the following numeric order (0-based) {15,0,9,7,6,8,10,14,13,11,12,5,1,2,3,4}

Pseudo-optimal path's cost 6338 vs 9438 for 1..k=> a 1.48911 x improvement
Auto-benchmarked an optimal number (2) of threads.
Set GUI update interval to every 24-th LF evaluation.
Optimization settings:
	OPTIMIZATION_METHOD = 4
	OPTIMIZATION_PRECISION = 0.001
	MAXIMUM_ITERATIONS_PER_VARIABLE = 5000

Initial parameter values

rWEqTHvx.tree_0.Naja_naja.alpha = 0.285461
rWEqTHvx.tree_0.Naja_naja.bsrel_mixture_aux_0 = 0.98
rWEqTHvx.tree_0.Naja_naja.omega1 = 0.2
rWEqTHvx.tree_0.Naja_naja.omega2 = 9
rWEqTHvx.tree_0.Naja_naja.beta = 0.102913
Optimization finished in 27 loop passes.
786 likelihood evaluation calls and 1505 matrix exponentiations calls were made

The tips of the tree:rWEqTHvx.tree_0 were matched with the species names from the data in the following numeric order (0-based) {15,0,9,7,6,8,10,14,13,11,12,5,1,2,3,4}

Pseudo-optimal path's cost 6338 vs 9438 for 1..k=> a 1.48911 x improvement
Auto-benchmarked an optimal number (3) of threads.
Set GUI update interval to every 66-th LF evaluation.
Optimization settings:
	OPTIMIZATION_METHOD = 4
	OPTIMIZATION_PRECISION = 0.001
	MAXIMUM_ITERATIONS_PER_VARIABLE = 5000

Initial parameter values

rWEqTHvx.tree_0.Naja_naja.bsrel_mixture_aux_1 = 0.5
rWEqTHvx.tree_0.Naja_naja.omega1 = 0
rWEqTHvx.tree_0.Naja_naja.bsrel_mixture_aux_0 = 0.807746
rWEqTHvx.tree_0.Naja_naja.alpha = 0.285375
rWEqTHvx.tree_0.Naja_naja.omega2 = 0.8
rWEqTHvx.tree_0.Naja_naja.omega3 = 2
Optimization finished in 15 loop passes.
439 likelihood evaluation calls and 1320 matrix exponentiations calls were made

The tips of the tree:rWEqTHvx.tree_0 were matched with the species names from the data in the following numeric order (0-based) {15,0,9,7,6,8,10,14,13,11,12,5,1,2,3,4}

Pseudo-optimal path's cost 6338 vs 9438 for 1..k=> a 1.48911 x improvement
Variable 'rWEqTHvx.tree_0.Naja_naja.alpha' was not initialized prior to being used
Variable 'rWEqTHvx.tree_0.Naja_naja.omega1' was not initialized prior to being used
Variable 'rWEqTHvx.tree_0.Naja_naja.omega2' was not initialized prior to being used
The tips of the tree:rWEqTHvx.tree_0 were matched with the species names from the data in the following numeric order (0-based) {15,0,9,7,6,8,10,14,13,11,12,5,1,2,3,4}

Pseudo-optimal path's cost 6338 vs 9438 for 1..k=> a 1.48911 x improvement
Auto-benchmarked an optimal number (4) of threads.
Set GUI update interval to every 116-th LF evaluation.
Optimization settings:
	OPTIMIZATION_METHOD = 4
	OPTIMIZATION_PRECISION = 0.001
	MAXIMUM_ITERATIONS_PER_VARIABLE = 5000

Initial parameter values

rWEqTHvx.tree_0.Python_molurus.alpha = 0.23312
rWEqTHvx.tree_0.Python_molurus.bsrel_mixture_aux_0 = 0.98
rWEqTHvx.tree_0.Python_molurus.omega1 = 0.2
rWEqTHvx.tree_0.Python_molurus.omega2 = 9
rWEqTHvx.tree_0.Python_molurus.beta = 0.0899701
Optimization finished in 5 loop passes.
237 likelihood evaluation calls and 464 matrix exponentiations calls were made

The tips of the tree:rWEqTHvx.tree_0 were matched with the species names from the data in the following numeric order (0-based) {15,0,9,7,6,8,10,14,13,11,12,5,1,2,3,4}

Pseudo-optimal path's cost 6338 vs 9438 for 1..k=> a 1.48911 x improvement
Auto-benchmarked an optimal number (3) of threads.
Set GUI update interval to every 114-th LF evaluation.
Optimization settings:
	OPTIMIZATION_METHOD = 4
	OPTIMIZATION_PRECISION = 0.001
	MAXIMUM_ITERATIONS_PER_VARIABLE = 5000

Initial parameter values

rWEqTHvx.tree_0.Python_molurus.bsrel_mixture_aux_1 = 0.5
rWEqTHvx.tree_0.Python_molurus.omega1 = 0.213842
rWEqTHvx.tree_0.Python_molurus.bsrel_mixture_aux_0 = 0.971007
rWEqTHvx.tree_0.Python_molurus.alpha = 0.234432
rWEqTHvx.tree_0.Python_molurus.omega2 = 0.8
rWEqTHvx.tree_0.Python_molurus.omega3 = 9
Optimization finished in 8 loop passes.
193 likelihood evaluation calls and 598 matrix exponentiations calls were made

The tips of the tree:rWEqTHvx.tree_0 were matched with the species names from the data in the following numeric order (0-based) {15,0,9,7,6,8,10,14,13,11,12,5,1,2,3,4}

Pseudo-optimal path's cost 6338 vs 9438 for 1..k=> a 1.48911 x improvement
Variable 'rWEqTHvx.tree_0.Python_molurus.alpha' was not initialized prior to being used
Variable 'rWEqTHvx.tree_0.Python_molurus.omega1' was not initialized prior to being used
Variable 'rWEqTHvx.tree_0.Python_molurus.omega2' was not initialized prior to being used
The tips of the tree:rWEqTHvx.tree_0 were matched with the species names from the data in the following numeric order (0-based) {15,0,9,7,6,8,10,14,13,11,12,5,1,2,3,4}

Pseudo-optimal path's cost 6338 vs 9438 for 1..k=> a 1.48911 x improvement
Auto-benchmarked an optimal number (4) of threads.
Set GUI update interval to every 244-th LF evaluation.
Optimization settings:
	OPTIMIZATION_METHOD = 4
	OPTIMIZATION_PRECISION = 0.001
	MAXIMUM_ITERATIONS_PER_VARIABLE = 5000

Initial parameter values

rWEqTHvx.tree_0.Node2.alpha = 0.25089
rWEqTHvx.tree_0.Node2.bsrel_mixture_aux_0 = 0.5
rWEqTHvx.tree_0.Node2.omega1 = 0.4
rWEqTHvx.tree_0.Node2.omega2 = 0.25
rWEqTHvx.tree_0.Node2.beta = 0.0687667
Optimization finished in 12 loop passes.
267 likelihood evaluation calls and 547 matrix exponentiations calls were made

The tips of the tree:rWEqTHvx.tree_0 were matched with the species names from the data in the following numeric order (0-based) {15,0,9,7,6,8,10,14,13,11,12,5,1,2,3,4}

Pseudo-optimal path's cost 6338 vs 9438 for 1..k=> a 1.48911 x improvement
The tips of the tree:rWEqTHvx.tree_0 were matched with the species names from the data in the following numeric order (0-based) {15,0,9,7,6,8,10,14,13,11,12,5,1,2,3,4}

Pseudo-optimal path's cost 6338 vs 9438 for 1..k=> a 1.48911 x improvement
Auto-benchmarked an optimal number (6) of threads.
Set GUI update interval to every 1184-th LF evaluation.
Optimization settings:
	OPTIMIZATION_METHOD = 4
	OPTIMIZATION_PRECISION = 0.001
	MAXIMUM_ITERATIONS_PER_VARIABLE = 5000

Initial parameter values

rWEqTHvx.tree_0.Sceloporus_undulatus.beta = 0.0681849
rWEqTHvx.tree_0.Sceloporus_undulatus.omega1 = 0.2
rWEqTHvx.tree_0.Sceloporus_undulatus.alpha = 0.232554
rWEqTHvx.tree_0.Sceloporus_undulatus.bsrel_mixture_aux_0 = 0.95
rWEqTHvx.tree_0.Sceloporus_undulatus.omega2 = 2
Optimization finished in 16 loop passes.
625 likelihood evaluation calls and 1161 matrix exponentiations calls were made

The tips of the tree:rWEqTHvx.tree_0 were matched with the species names from the data in the following numeric order (0-based) {15,0,9,7,6,8,10,14,13,11,12,5,1,2,3,4}

Pseudo-optimal path's cost 6338 vs 9438 for 1..k=> a 1.48911 x improvement
The tips of the tree:rWEqTHvx.tree_0 were matched with the species names from the data in the following numeric order (0-based) {15,0,9,7,6,8,10,14,13,11,12,5,1,2,3,4}

Pseudo-optimal path's cost 6338 vs 9438 for 1..k=> a 1.48911 x improvement
Auto-benchmarked an optimal number (4) of threads.
Set GUI update interval to every 197-th LF evaluation.
Optimization settings:
	OPTIMIZATION_METHOD = 4
	OPTIMIZATION_PRECISION = 0.001
	MAXIMUM_ITERATIONS_PER_VARIABLE = 5000

Initial parameter values

rWEqTHvx.tree_0.Thamnophis_elegans.alpha = 0.192382
rWEqTHvx.tree_0.Thamnophis_elegans.bsrel_mixture_aux_0 = 0.9
rWEqTHvx.tree_0.Thamnophis_elegans.omega2 = 0.75
rWEqTHvx.tree_0.Thamnophis_elegans.beta = 0.0480011
rWEqTHvx.tree_0.Thamnophis_elegans.omega1 = 0.2
Optimization finished in 15 loop passes.
356 likelihood evaluation calls and 717 matrix exponentiations calls were made

The tips of the tree:rWEqTHvx.tree_0 were matched with the species names from the data in the following numeric order (0-based) {15,0,9,7,6,8,10,14,13,11,12,5,1,2,3,4}

Pseudo-optimal path's cost 6338 vs 9438 for 1..k=> a 1.48911 x improvement
The tips of the tree:rWEqTHvx.tree_0 were matched with the species names from the data in the following numeric order (0-based) {15,0,9,7,6,8,10,14,13,11,12,5,1,2,3,4}

Pseudo-optimal path's cost 6338 vs 9438 for 1..k=> a 1.48911 x improvement
Auto-benchmarked an optimal number (10) of threads.
Set GUI update interval to every 488-th LF evaluation.
Optimization settings:
	OPTIMIZATION_METHOD = 4
	OPTIMIZATION_PRECISION = 0.001
	MAXIMUM_ITERATIONS_PER_VARIABLE = 5000

Initial parameter values

rWEqTHvx.tree_0.Node26.beta = 0.0810421
rWEqTHvx.tree_0.Node26.omega1 = 0.6
rWEqTHvx.tree_0.Node26.omega2 = 9
rWEqTHvx.tree_0.Node26.alpha = 0.0847498
rWEqTHvx.tree_0.Node26.bsrel_mixture_aux_0 = 0.95
Optimization finished in 34 loop passes.
996 likelihood evaluation calls and 1857 matrix exponentiations calls were made

The tips of the tree:rWEqTHvx.tree_0 were matched with the species names from the data in the following numeric order (0-based) {15,0,9,7,6,8,10,14,13,11,12,5,1,2,3,4}

Pseudo-optimal path's cost 6338 vs 9438 for 1..k=> a 1.48911 x improvement
The tips of the tree:rWEqTHvx.tree_0 were matched with the species names from the data in the following numeric order (0-based) {15,0,9,7,6,8,10,14,13,11,12,5,1,2,3,4}

Pseudo-optimal path's cost 6338 vs 9438 for 1..k=> a 1.48911 x improvement
Auto-benchmarked an optimal number (4) of threads.
Set GUI update interval to every 159-th LF evaluation.
Optimization settings:
	OPTIMIZATION_METHOD = 4
	OPTIMIZATION_PRECISION = 0.001
	MAXIMUM_ITERATIONS_PER_VARIABLE = 5000

Initial parameter values

rWEqTHvx.tree_0.Phrynosoma_platyrhinos.omega2 = 0.25
rWEqTHvx.tree_0.Phrynosoma_platyrhinos.alpha = 0.1676
rWEqTHvx.tree_0.Phrynosoma_platyrhinos.bsrel_mixture_aux_0 = 0.75
rWEqTHvx.tree_0.Phrynosoma_platyrhinos.beta = 0.0350442
rWEqTHvx.tree_0.Phrynosoma_platyrhinos.omega1 = 0.2
Optimization finished in 6 loop passes.
185 likelihood evaluation calls and 381 matrix exponentiations calls were made

The tips of the tree:rWEqTHvx.tree_0 were matched with the species names from the data in the following numeric order (0-based) {15,0,9,7,6,8,10,14,13,11,12,5,1,2,3,4}

Pseudo-optimal path's cost 6338 vs 9438 for 1..k=> a 1.48911 x improvement
The tips of the tree:rWEqTHvx.tree_0 were matched with the species names from the data in the following numeric order (0-based) {15,0,9,7,6,8,10,14,13,11,12,5,1,2,3,4}

Pseudo-optimal path's cost 6338 vs 9438 for 1..k=> a 1.48911 x improvement
Auto-benchmarked an optimal number (2) of threads.
Set GUI update interval to every 497-th LF evaluation.
Optimization settings:
	OPTIMIZATION_METHOD = 4
	OPTIMIZATION_PRECISION = 0.001
	MAXIMUM_ITERATIONS_PER_VARIABLE = 5000

Initial parameter values

rWEqTHvx.tree_0.Node23.beta = 0.0729796
rWEqTHvx.tree_0.Node23.omega1 = 0.8
rWEqTHvx.tree_0.Node23.omega2 = 28
rWEqTHvx.tree_0.Node23.alpha = 0.0239664
rWEqTHvx.tree_0.Node23.bsrel_mixture_aux_0 = 0.9
Optimization finished in 11 loop passes.
202 likelihood evaluation calls and 403 matrix exponentiations calls were made

The tips of the tree:rWEqTHvx.tree_0 were matched with the species names from the data in the following numeric order (0-based) {15,0,9,7,6,8,10,14,13,11,12,5,1,2,3,4}

Pseudo-optimal path's cost 6338 vs 9438 for 1..k=> a 1.48911 x improvement
The tips of the tree:rWEqTHvx.tree_0 were matched with the species names from the data in the following numeric order (0-based) {15,0,9,7,6,8,10,14,13,11,12,5,1,2,3,4}

Pseudo-optimal path's cost 6338 vs 9438 for 1..k=> a 1.48911 x improvement
Auto-benchmarked an optimal number (3) of threads.
Set GUI update interval to every 233-th LF evaluation.
Optimization settings:
	OPTIMIZATION_METHOD = 4
	OPTIMIZATION_PRECISION = 0.001
	MAXIMUM_ITERATIONS_PER_VARIABLE = 5000

Initial parameter values

rWEqTHvx.tree_0.Vipera_berus.alpha = 0.0744706
rWEqTHvx.tree_0.Vipera_berus.bsrel_mixture_aux_0 = 0.5
rWEqTHvx.tree_0.Vipera_berus.omega2 = 0.75
rWEqTHvx.tree_0.Vipera_berus.beta = 0.0567093
rWEqTHvx.tree_0.Vipera_berus.omega1 = 0.8
Optimization finished in 7 loop passes.
154 likelihood evaluation calls and 329 matrix exponentiations calls were made

The tips of the tree:rWEqTHvx.tree_0 were matched with the species names from the data in the following numeric order (0-based) {15,0,9,7,6,8,10,14,13,11,12,5,1,2,3,4}

Pseudo-optimal path's cost 6338 vs 9438 for 1..k=> a 1.48911 x improvement
The tips of the tree:rWEqTHvx.tree_0 were matched with the species names from the data in the following numeric order (0-based) {15,0,9,7,6,8,10,14,13,11,12,5,1,2,3,4}

Pseudo-optimal path's cost 6338 vs 9438 for 1..k=> a 1.48911 x improvement
Auto-benchmarked an optimal number (3) of threads.
Set GUI update interval to every 165-th LF evaluation.
Optimization settings:
	OPTIMIZATION_METHOD = 4
	OPTIMIZATION_PRECISION = 0.001
	MAXIMUM_ITERATIONS_PER_VARIABLE = 5000

Initial parameter values

rWEqTHvx.tree_0.Node14.beta = 0.0316027
rWEqTHvx.tree_0.Node14.omega1 = 0.4
rWEqTHvx.tree_0.Node14.alpha = 0.0961032
rWEqTHvx.tree_0.Node14.bsrel_mixture_aux_0 = 0.5
rWEqTHvx.tree_0.Node14.omega2 = 0.25
Optimization finished in 6 loop passes.
231 likelihood evaluation calls and 449 matrix exponentiations calls were made

The tips of the tree:rWEqTHvx.tree_0 were matched with the species names from the data in the following numeric order (0-based) {15,0,9,7,6,8,10,14,13,11,12,5,1,2,3,4}

Pseudo-optimal path's cost 6338 vs 9438 for 1..k=> a 1.48911 x improvement
The tips of the tree:rWEqTHvx.tree_0 were matched with the species names from the data in the following numeric order (0-based) {15,0,9,7,6,8,10,14,13,11,12,5,1,2,3,4}

Pseudo-optimal path's cost 6338 vs 9438 for 1..k=> a 1.48911 x improvement
Auto-benchmarked an optimal number (4) of threads.
Set GUI update interval to every 100-th LF evaluation.
Optimization settings:
	OPTIMIZATION_METHOD = 4
	OPTIMIZATION_PRECISION = 0.001
	MAXIMUM_ITERATIONS_PER_VARIABLE = 5000

Initial parameter values

rWEqTHvx.tree_0.Node8.alpha = 0.0684695
rWEqTHvx.tree_0.Node8.bsrel_mixture_aux_0 = 0.75
rWEqTHvx.tree_0.Node8.omega2 = 0.75
rWEqTHvx.tree_0.Node8.beta = 0.0329197
rWEqTHvx.tree_0.Node8.omega1 = 0.4
Optimization finished in 14 loop passes.
434 likelihood evaluation calls and 859 matrix exponentiations calls were made

The tips of the tree:rWEqTHvx.tree_0 were matched with the species names from the data in the following numeric order (0-based) {15,0,9,7,6,8,10,14,13,11,12,5,1,2,3,4}

Pseudo-optimal path's cost 6338 vs 9438 for 1..k=> a 1.48911 x improvement
The tips of the tree:rWEqTHvx.tree_0 were matched with the species names from the data in the following numeric order (0-based) {15,0,9,7,6,8,10,14,13,11,12,5,1,2,3,4}

Pseudo-optimal path's cost 6338 vs 9438 for 1..k=> a 1.48911 x improvement
Auto-benchmarked an optimal number (2) of threads.
Set GUI update interval to every 38-th LF evaluation.
Optimization settings:
	OPTIMIZATION_METHOD = 4
	OPTIMIZATION_PRECISION = 0.001
	MAXIMUM_ITERATIONS_PER_VARIABLE = 5000

Initial parameter values

rWEqTHvx.tree_0.Ptyas_mucosa.alpha = 0.0890734
rWEqTHvx.tree_0.Ptyas_mucosa.bsrel_mixture_aux_0 = 0.98
rWEqTHvx.tree_0.Ptyas_mucosa.beta = 0.0171964
rWEqTHvx.tree_0.Ptyas_mucosa.omega1 = 0.2
rWEqTHvx.tree_0.Ptyas_mucosa.omega2 = 0.25
Optimization finished in 6 loop passes.
216 likelihood evaluation calls and 443 matrix exponentiations calls were made

The tips of the tree:rWEqTHvx.tree_0 were matched with the species names from the data in the following numeric order (0-based) {15,0,9,7,6,8,10,14,13,11,12,5,1,2,3,4}

Pseudo-optimal path's cost 6338 vs 9438 for 1..k=> a 1.48911 x improvement
The tips of the tree:rWEqTHvx.tree_0 were matched with the species names from the data in the following numeric order (0-based) {15,0,9,7,6,8,10,14,13,11,12,5,1,2,3,4}

Pseudo-optimal path's cost 6338 vs 9438 for 1..k=> a 1.48911 x improvement
Auto-benchmarked an optimal number (5) of threads.
Set GUI update interval to every 266-th LF evaluation.
Optimization settings:
	OPTIMIZATION_METHOD = 4
	OPTIMIZATION_PRECISION = 0.001
	MAXIMUM_ITERATIONS_PER_VARIABLE = 5000

Initial parameter values

rWEqTHvx.tree_0.Node5.beta = 0.01744
rWEqTHvx.tree_0.Node5.omega1 = 0
rWEqTHvx.tree_0.Node5.omega2 = 1
rWEqTHvx.tree_0.Node5.alpha = 0.0783181
rWEqTHvx.tree_0.Node5.bsrel_mixture_aux_0 = 0.75
Optimization finished in 7 loop passes.
173 likelihood evaluation calls and 339 matrix exponentiations calls were made

The tips of the tree:rWEqTHvx.tree_0 were matched with the species names from the data in the following numeric order (0-based) {15,0,9,7,6,8,10,14,13,11,12,5,1,2,3,4}

Pseudo-optimal path's cost 6338 vs 9438 for 1..k=> a 1.48911 x improvement
The tips of the tree:rWEqTHvx.tree_0 were matched with the species names from the data in the following numeric order (0-based) {15,0,9,7,6,8,10,14,13,11,12,5,1,2,3,4}

Pseudo-optimal path's cost 6338 vs 9438 for 1..k=> a 1.48911 x improvement
Auto-benchmarked an optimal number (4) of threads.
Set GUI update interval to every 160-th LF evaluation.
Optimization settings:
	OPTIMIZATION_METHOD = 4
	OPTIMIZATION_PRECISION = 0.001
	MAXIMUM_ITERATIONS_PER_VARIABLE = 5000

Initial parameter values

rWEqTHvx.tree_0.Crotalus_tigris.omega2 = 0.5
rWEqTHvx.tree_0.Crotalus_tigris.beta = 0.0244155
rWEqTHvx.tree_0.Crotalus_tigris.omega1 = 0.4
rWEqTHvx.tree_0.Crotalus_tigris.alpha = 0.0567829
rWEqTHvx.tree_0.Crotalus_tigris.bsrel_mixture_aux_0 = 0.75
Optimization finished in 3 loop passes.
126 likelihood evaluation calls and 263 matrix exponentiations calls were made

The tips of the tree:rWEqTHvx.tree_0 were matched with the species names from the data in the following numeric order (0-based) {15,0,9,7,6,8,10,14,13,11,12,5,1,2,3,4}

Pseudo-optimal path's cost 6338 vs 9438 for 1..k=> a 1.48911 x improvement
The tips of the tree:rWEqTHvx.tree_0 were matched with the species names from the data in the following numeric order (0-based) {15,0,9,7,6,8,10,14,13,11,12,5,1,2,3,4}

Pseudo-optimal path's cost 6338 vs 9438 for 1..k=> a 1.48911 x improvement
Auto-benchmarked an optimal number (3) of threads.
Set GUI update interval to every 30-th LF evaluation.
Optimization settings:
	OPTIMIZATION_METHOD = 4
	OPTIMIZATION_PRECISION = 0.001
	MAXIMUM_ITERATIONS_PER_VARIABLE = 5000

Initial parameter values

rWEqTHvx.tree_0.Node6.alpha = 0.038572
rWEqTHvx.tree_0.Node6.bsrel_mixture_aux_0 = 0.98
rWEqTHvx.tree_0.Node6.omega2 = 28
rWEqTHvx.tree_0.Node6.beta = 0.0282781
rWEqTHvx.tree_0.Node6.omega1 = 0.2
Optimization finished in 19 loop passes.
385 likelihood evaluation calls and 759 matrix exponentiations calls were made

The tips of the tree:rWEqTHvx.tree_0 were matched with the species names from the data in the following numeric order (0-based) {15,0,9,7,6,8,10,14,13,11,12,5,1,2,3,4}

Pseudo-optimal path's cost 6338 vs 9438 for 1..k=> a 1.48911 x improvement
Auto-benchmarked an optimal number (2) of threads.
Set GUI update interval to every 104-th LF evaluation.
Optimization settings:
	OPTIMIZATION_METHOD = 4
	OPTIMIZATION_PRECISION = 0.001
	MAXIMUM_ITERATIONS_PER_VARIABLE = 5000

Initial parameter values

rWEqTHvx.tree_0.Node6.bsrel_mixture_aux_1 = 0.5
rWEqTHvx.tree_0.Node6.omega1 = 0.45532
rWEqTHvx.tree_0.Node6.alpha = 0.0384078
rWEqTHvx.tree_0.Node6.omega2 = 0.8
rWEqTHvx.tree_0.Node6.bsrel_mixture_aux_0 = 0.99478
rWEqTHvx.tree_0.Node6.omega3 = 65
Optimization finished in 10 loop passes.
255 likelihood evaluation calls and 785 matrix exponentiations calls were made

The tips of the tree:rWEqTHvx.tree_0 were matched with the species names from the data in the following numeric order (0-based) {15,0,9,7,6,8,10,14,13,11,12,5,1,2,3,4}

Pseudo-optimal path's cost 6338 vs 9438 for 1..k=> a 1.48911 x improvement
Variable 'rWEqTHvx.tree_0.Node6.alpha' was not initialized prior to being used
Variable 'rWEqTHvx.tree_0.Node6.omega1' was not initialized prior to being used
Variable 'rWEqTHvx.tree_0.Node6.omega2' was not initialized prior to being used
The tips of the tree:rWEqTHvx.tree_0 were matched with the species names from the data in the following numeric order (0-based) {15,0,9,7,6,8,10,14,13,11,12,5,1,2,3,4}

Pseudo-optimal path's cost 6338 vs 9438 for 1..k=> a 1.48911 x improvement
Auto-benchmarked an optimal number (4) of threads.
Set GUI update interval to every 110-th LF evaluation.
Optimization settings:
	OPTIMIZATION_METHOD = 4
	OPTIMIZATION_PRECISION = 0.001
	MAXIMUM_ITERATIONS_PER_VARIABLE = 5000

Initial parameter values

rWEqTHvx.tree_0.Bothrops_jararaca.omega2 = 28
rWEqTHvx.tree_0.Bothrops_jararaca.omega1 = 0.2
rWEqTHvx.tree_0.Bothrops_jararaca.alpha = 0.0416583
rWEqTHvx.tree_0.Bothrops_jararaca.bsrel_mixture_aux_0 = 0.98
rWEqTHvx.tree_0.Bothrops_jararaca.beta = 0.0192091
Optimization finished in 22 loop passes.
397 likelihood evaluation calls and 792 matrix exponentiations calls were made

The tips of the tree:rWEqTHvx.tree_0 were matched with the species names from the data in the following numeric order (0-based) {15,0,9,7,6,8,10,14,13,11,12,5,1,2,3,4}

Pseudo-optimal path's cost 6338 vs 9438 for 1..k=> a 1.48911 x improvement
The tips of the tree:rWEqTHvx.tree_0 were matched with the species names from the data in the following numeric order (0-based) {15,0,9,7,6,8,10,14,13,11,12,5,1,2,3,4}

Pseudo-optimal path's cost 6338 vs 9438 for 1..k=> a 1.48911 x improvement
Auto-benchmarked an optimal number (4) of threads.
Set GUI update interval to every 272-th LF evaluation.
Optimization settings:
	OPTIMIZATION_METHOD = 4
	OPTIMIZATION_PRECISION = 0.001
	MAXIMUM_ITERATIONS_PER_VARIABLE = 5000

Initial parameter values

rWEqTHvx.tree_0.Node3.alpha = 0.0348231
rWEqTHvx.tree_0.Node3.bsrel_mixture_aux_0 = 0.5
rWEqTHvx.tree_0.Node3.beta = 0.0153236
rWEqTHvx.tree_0.Node3.omega1 = 0.4
rWEqTHvx.tree_0.Node3.omega2 = 0.5
Optimization finished in 3 loop passes.
107 likelihood evaluation calls and 226 matrix exponentiations calls were made

The tips of the tree:rWEqTHvx.tree_0 were matched with the species names from the data in the following numeric order (0-based) {15,0,9,7,6,8,10,14,13,11,12,5,1,2,3,4}

Pseudo-optimal path's cost 6338 vs 9438 for 1..k=> a 1.48911 x improvement
The tips of the tree:rWEqTHvx.tree_0 were matched with the species names from the data in the following numeric order (0-based) {15,0,9,7,6,8,10,14,13,11,12,5,1,2,3,4}

Pseudo-optimal path's cost 6338 vs 9438 for 1..k=> a 1.48911 x improvement
Auto-benchmarked an optimal number (3) of threads.
Set GUI update interval to every 220-th LF evaluation.
Optimization settings:
	OPTIMIZATION_METHOD = 4
	OPTIMIZATION_PRECISION = 0.001
	MAXIMUM_ITERATIONS_PER_VARIABLE = 5000

Initial parameter values

rWEqTHvx.tree_0.Node16.beta = 0.0171022
rWEqTHvx.tree_0.Node16.omega1 = 0
rWEqTHvx.tree_0.Node16.omega2 = 28
rWEqTHvx.tree_0.Node16.alpha = 0.0160908
rWEqTHvx.tree_0.Node16.bsrel_mixture_aux_0 = 0.95
Optimization finished in 22 loop passes.
414 likelihood evaluation calls and 776 matrix exponentiations calls were made

The tips of the tree:rWEqTHvx.tree_0 were matched with the species names from the data in the following numeric order (0-based) {15,0,9,7,6,8,10,14,13,11,12,5,1,2,3,4}

Pseudo-optimal path's cost 6338 vs 9438 for 1..k=> a 1.48911 x improvement
The tips of the tree:rWEqTHvx.tree_0 were matched with the species names from the data in the following numeric order (0-based) {15,0,9,7,6,8,10,14,13,11,12,5,1,2,3,4}

Pseudo-optimal path's cost 6338 vs 9438 for 1..k=> a 1.48911 x improvement
Auto-benchmarked an optimal number (4) of threads.
Set GUI update interval to every 98-th LF evaluation.
Optimization settings:
	OPTIMIZATION_METHOD = 4
	OPTIMIZATION_PRECISION = 0.001
	MAXIMUM_ITERATIONS_PER_VARIABLE = 5000

Initial parameter values

rWEqTHvx.tree_0.Pituophis_catenifer.alpha = 0.0455956
rWEqTHvx.tree_0.Pituophis_catenifer.bsrel_mixture_aux_0 = 0.98
rWEqTHvx.tree_0.Pituophis_catenifer.omega2 = 0.25
rWEqTHvx.tree_0.Pituophis_catenifer.beta = 0
rWEqTHvx.tree_0.Pituophis_catenifer.omega1 = 0
Optimization finished in 5 loop passes.
98 likelihood evaluation calls and 224 matrix exponentiations calls were made

The tips of the tree:rWEqTHvx.tree_0 were matched with the species names from the data in the following numeric order (0-based) {15,0,9,7,6,8,10,14,13,11,12,5,1,2,3,4}

Pseudo-optimal path's cost 6338 vs 9438 for 1..k=> a 1.48911 x improvement
The tips of the tree:rWEqTHvx.tree_0 were matched with the species names from the data in the following numeric order (0-based) {15,0,9,7,6,8,10,14,13,11,12,5,1,2,3,4}

Pseudo-optimal path's cost 6338 vs 9438 for 1..k=> a 1.48911 x improvement
Auto-benchmarked an optimal number (2) of threads.
Set GUI update interval to every 506-th LF evaluation.
Optimization settings:
	OPTIMIZATION_METHOD = 4
	OPTIMIZATION_PRECISION = 0.001
	MAXIMUM_ITERATIONS_PER_VARIABLE = 5000

Initial parameter values

rWEqTHvx.tree_0.Node17.beta = 0.00648656
rWEqTHvx.tree_0.Node17.omega1 = 0
rWEqTHvx.tree_0.Node17.alpha = 0.0212423
rWEqTHvx.tree_0.Node17.bsrel_mixture_aux_0 = 0.98
rWEqTHvx.tree_0.Node17.omega2 = 28
Optimization finished in 5 loop passes.
231 likelihood evaluation calls and 428 matrix exponentiations calls were made

The tips of the tree:rWEqTHvx.tree_0 were matched with the species names from the data in the following numeric order (0-based) {15,0,9,7,6,8,10,14,13,11,12,5,1,2,3,4}

Pseudo-optimal path's cost 6338 vs 9438 for 1..k=> a 1.48911 x improvement
The tips of the tree:rWEqTHvx.tree_0 were matched with the species names from the data in the following numeric order (0-based) {15,0,9,7,6,8,10,14,13,11,12,5,1,2,3,4}

Pseudo-optimal path's cost 6338 vs 9438 for 1..k=> a 1.48911 x improvement
Auto-benchmarked an optimal number (4) of threads.
Set GUI update interval to every 80-th LF evaluation.
Optimization settings:
	OPTIMIZATION_METHOD = 4
	OPTIMIZATION_PRECISION = 0.001
	MAXIMUM_ITERATIONS_PER_VARIABLE = 5000

Initial parameter values

rWEqTHvx.tree_0.Protobothrops_mucrosquamatus.omega2 = 0.25
rWEqTHvx.tree_0.Protobothrops_mucrosquamatus.beta = 0.00256158
rWEqTHvx.tree_0.Protobothrops_mucrosquamatus.omega1 = 0
rWEqTHvx.tree_0.Protobothrops_mucrosquamatus.alpha = 0.0235399
rWEqTHvx.tree_0.Protobothrops_mucrosquamatus.bsrel_mixture_aux_0 = 0.5
Optimization finished in 6 loop passes.
138 likelihood evaluation calls and 302 matrix exponentiations calls were made

The tips of the tree:rWEqTHvx.tree_0 were matched with the species names from the data in the following numeric order (0-based) {15,0,9,7,6,8,10,14,13,11,12,5,1,2,3,4}

Pseudo-optimal path's cost 6338 vs 9438 for 1..k=> a 1.48911 x improvement
The tips of the tree:rWEqTHvx.tree_0 were matched with the species names from the data in the following numeric order (0-based) {15,0,9,7,6,8,10,14,13,11,12,5,1,2,3,4}

Pseudo-optimal path's cost 6338 vs 9438 for 1..k=> a 1.48911 x improvement
Auto-benchmarked an optimal number (3) of threads.
Set GUI update interval to every 161-th LF evaluation.
Optimization settings:
	OPTIMIZATION_METHOD = 4
	OPTIMIZATION_PRECISION = 0.001
	MAXIMUM_ITERATIONS_PER_VARIABLE = 5000

Initial parameter values

rWEqTHvx.tree_0.Pantherophis_obsoletus.alpha = 0.0110992
rWEqTHvx.tree_0.Pantherophis_obsoletus.bsrel_mixture_aux_0 = 0.98
rWEqTHvx.tree_0.Pantherophis_obsoletus.omega2 = 0.25
rWEqTHvx.tree_0.Pantherophis_obsoletus.beta = 0
rWEqTHvx.tree_0.Pantherophis_obsoletus.omega1 = 0
Optimization finished in 6 loop passes.
171 likelihood evaluation calls and 342 matrix exponentiations calls were made

The tips of the tree:rWEqTHvx.tree_0 were matched with the species names from the data in the following numeric order (0-based) {15,0,9,7,6,8,10,14,13,11,12,5,1,2,3,4}

Pseudo-optimal path's cost 6338 vs 9438 for 1..k=> a 1.48911 x improvement
The tips of the tree:rWEqTHvx.tree_0 were matched with the species names from the data in the following numeric order (0-based) {15,0,9,7,6,8,10,14,13,11,12,5,1,2,3,4}

Pseudo-optimal path's cost 6338 vs 9438 for 1..k=> a 1.48911 x improvement
Auto-benchmarked an optimal number (3) of threads.
Set GUI update interval to every 270-th LF evaluation.
Optimization settings:
	OPTIMIZATION_METHOD = 4
	OPTIMIZATION_PRECISION = 0.001
	MAXIMUM_ITERATIONS_PER_VARIABLE = 5000

Initial parameter values

rWEqTHvx.tree_0.Pantherophis_guttatus.beta = 0.00405868
rWEqTHvx.tree_0.Pantherophis_guttatus.omega1 = 0.8
rWEqTHvx.tree_0.Pantherophis_guttatus.alpha = 6.78539e-18
rWEqTHvx.tree_0.Pantherophis_guttatus.bsrel_mixture_aux_0 = 0.5
rWEqTHvx.tree_0.Pantherophis_guttatus.omega2 = 28
Optimization finished in 6 loop passes.
135 likelihood evaluation calls and 274 matrix exponentiations calls were made

The tips of the tree:rWEqTHvx.tree_0 were matched with the species names from the data in the following numeric order (0-based) {15,0,9,7,6,8,10,14,13,11,12,5,1,2,3,4}

Pseudo-optimal path's cost 6338 vs 9438 for 1..k=> a 1.48911 x improvement
The tips of the tree:rWEqTHvx.tree_0 were matched with the species names from the data in the following numeric order (0-based) {15,0,9,7,6,8,10,14,13,11,12,5,1,2,3,4}

Pseudo-optimal path's cost 6338 vs 9438 for 1..k=> a 1.48911 x improvement
Auto-benchmarked an optimal number (5) of threads.
Set GUI update interval to every 104-th LF evaluation.
Optimization settings:
	OPTIMIZATION_METHOD = 4
	OPTIMIZATION_PRECISION = 0.001
	MAXIMUM_ITERATIONS_PER_VARIABLE = 5000

Initial parameter values

rWEqTHvx.tree_0.Node9.omega2 = 0.25
rWEqTHvx.tree_0.Node9.beta = 0
rWEqTHvx.tree_0.Node9.omega1 = 0
rWEqTHvx.tree_0.Node9.alpha = 0
rWEqTHvx.tree_0.Node9.bsrel_mixture_aux_0 = 0.98
Optimization finished in 3 loop passes.
137 likelihood evaluation calls and 152 matrix exponentiations calls were made

The tips of the tree:rWEqTHvx.tree_0 were matched with the species names from the data in the following numeric order (0-based) {15,0,9,7,6,8,10,14,13,11,12,5,1,2,3,4}

Pseudo-optimal path's cost 6338 vs 9438 for 1..k=> a 1.48911 x improvement
Variable 'BSeAWx_i.rWEqTHvx.likelihoodFunction' was not initialized prior to being used
Auto-benchmarked an optimal number (4) of threads.
Set GUI update interval to every 33-th LF evaluation.
Optimization settings:
	OPTIMIZATION_METHOD = 4
	OPTIMIZATION_PRECISION = 0.001
	MAXIMUM_ITERATIONS_PER_VARIABLE = 5000

Initial parameter values

rWEqTHvx.model_MGREV.theta_GT = 0.263124
rWEqTHvx.model_MGREV.theta_CT = 0.818918
rWEqTHvx.model_MGREV.theta_AC = 0.361139
rWEqTHvx.model_MGREV.theta_CG = 0.318719
rWEqTHvx.model_MGREV.theta_AT = 0.200671
rWEqTHvx.tree_0.Python_molurus.alpha = 0.234432
rWEqTHvx.tree_0.Python_molurus.bsrel_mixture_aux_0 = 0.971007
rWEqTHvx.tree_0.Python_molurus.omega1 = 0.213842
rWEqTHvx.tree_0.Python_molurus.omega2 = 8.02829
rWEqTHvx.tree_0.Naja_naja.omega1 = 0
rWEqTHvx.tree_0.Naja_naja.alpha = 0.285375
rWEqTHvx.tree_0.Naja_naja.omega2 = 2.07748
rWEqTHvx.tree_0.Naja_naja.bsrel_mixture_aux_0 = 0.807746
rWEqTHvx.tree_0.Ptyas_mucosa.alpha = 0.0890734
rWEqTHvx.tree_0.Ptyas_mucosa.beta = 0.0171964
rWEqTHvx.tree_0.Pantherophis_obsoletus.alpha = 0.0110992
rWEqTHvx.tree_0.Pantherophis_obsoletus.beta = 0
rWEqTHvx.tree_0.Pantherophis_guttatus.beta = 0.00405868
rWEqTHvx.tree_0.Pantherophis_guttatus.alpha = 4.5236e-18
rWEqTHvx.tree_0.Node9.alpha = 0
rWEqTHvx.tree_0.Node9.beta = 0
rWEqTHvx.tree_0.Pituophis_catenifer.beta = 0
rWEqTHvx.tree_0.Pituophis_catenifer.alpha = 0.0455956
rWEqTHvx.tree_0.Node8.alpha = 0.0684695
rWEqTHvx.tree_0.Node8.beta = 0.0329197
rWEqTHvx.tree_0.Node6.alpha = 0.0384078
rWEqTHvx.tree_0.Node6.omega1 = 0.45532
rWEqTHvx.tree_0.Node6.omega2 = 109.217
rWEqTHvx.tree_0.Node6.bsrel_mixture_aux_0 = 0.99478
rWEqTHvx.tree_0.Thamnophis_elegans.beta = 0.0480011
rWEqTHvx.tree_0.Thamnophis_elegans.alpha = 0.192382
rWEqTHvx.tree_0.Node5.alpha = 0.0783181
rWEqTHvx.tree_0.Node5.beta = 0.01744
rWEqTHvx.tree_0.Node3.beta = 0.0153236
rWEqTHvx.tree_0.Node3.alpha = 0.0348231
rWEqTHvx.tree_0.Vipera_berus.alpha = 0.0744706
rWEqTHvx.tree_0.Vipera_berus.beta = 0.0567093
rWEqTHvx.tree_0.Crotalus_tigris.beta = 0.0244155
rWEqTHvx.tree_0.Crotalus_tigris.alpha = 0.0567829
rWEqTHvx.tree_0.Bothrops_jararaca.beta = 0.0192091
rWEqTHvx.tree_0.Bothrops_jararaca.alpha = 0.0416583
rWEqTHvx.tree_0.Node17.beta = 0.00648656
rWEqTHvx.tree_0.Node17.alpha = 0.0212423
rWEqTHvx.tree_0.Protobothrops_mucrosquamatus.beta = 0.00256158
rWEqTHvx.tree_0.Protobothrops_mucrosquamatus.alpha = 0.0235399
rWEqTHvx.tree_0.Node16.alpha = 0.0107272
rWEqTHvx.tree_0.Node16.beta = 0.0171022
rWEqTHvx.tree_0.Node14.beta = 0.0316027
rWEqTHvx.tree_0.Node14.alpha = 0.0961032
rWEqTHvx.tree_0.Node2.beta = 0.0687667
rWEqTHvx.tree_0.Node2.alpha = 0.25089
rWEqTHvx.tree_0.Varanus_komodoensis.bsrel_mixture_aux_0 = 0.718157
rWEqTHvx.tree_0.Varanus_komodoensis.alpha = 0.897936
rWEqTHvx.tree_0.Varanus_komodoensis.omega2 = 1.53249
rWEqTHvx.tree_0.Varanus_komodoensis.omega1 = 0.037494
rWEqTHvx.tree_0.Anolis_carolinensis.bsrel_mixture_aux_0 = 0.969429
rWEqTHvx.tree_0.Anolis_carolinensis.alpha = 0.658541
rWEqTHvx.tree_0.Anolis_carolinensis.omega1 = 0.236537
rWEqTHvx.tree_0.Anolis_carolinensis.omega2 = 41.2882
rWEqTHvx.tree_0.Phrynosoma_platyrhinos.alpha = 0.1676
rWEqTHvx.tree_0.Phrynosoma_platyrhinos.beta = 0.0350442
rWEqTHvx.tree_0.Sceloporus_undulatus.alpha = 0.232554
rWEqTHvx.tree_0.Sceloporus_undulatus.beta = 0.0681849
rWEqTHvx.tree_0.Node26.alpha = 0.0847498
rWEqTHvx.tree_0.Node26.beta = 0.0810421
rWEqTHvx.tree_0.Node24.bsrel_mixture_aux_0 = 0.839376
rWEqTHvx.tree_0.Node24.alpha = 0.408508
rWEqTHvx.tree_0.Node24.omega2 = 2.3943
rWEqTHvx.tree_0.Node24.omega1 = 0
rWEqTHvx.tree_0.Pogona_vitticeps.omega2 = 2.11645
rWEqTHvx.tree_0.Pogona_vitticeps.omega1 = 0.0295775
rWEqTHvx.tree_0.Pogona_vitticeps.alpha = 0.754616
rWEqTHvx.tree_0.Pogona_vitticeps.bsrel_mixture_aux_0 = 0.734278
rWEqTHvx.tree_0.Node23.alpha = 0.0479328
rWEqTHvx.tree_0.Node23.beta = 0.0729796
rWEqTHvx.tree_0.Node21.bsrel_mixture_aux_0 = 0.950635
rWEqTHvx.tree_0.Node21.omega1 = 0.203091
rWEqTHvx.tree_0.Node21.alpha = 0.935798
rWEqTHvx.tree_0.Node21.omega2 = 9.99662
Optimization finished in 51 loop passes.
8458 likelihood evaluation calls and 46777 matrix exponentiations calls were made

Auto-benchmarked an optimal number (4) of threads.
Set GUI update interval to every 44-th LF evaluation.
Optimization settings:
	OPTIMIZATION_METHOD = 4
	OPTIMIZATION_PRECISION = 0.001
	MAXIMUM_ITERATIONS_PER_VARIABLE = 5000

Initial parameter values

rWEqTHvx.model_MGREV.theta_GT = 0.229857
rWEqTHvx.model_MGREV.theta_CT = 0.811078
rWEqTHvx.model_MGREV.theta_CG = 0.289436
rWEqTHvx.model_MGREV.theta_AT = 0.175424
rWEqTHvx.model_MGREV.theta_AC = 0.322741
rWEqTHvx.tree_0.Python_molurus.alpha = 0.243809
rWEqTHvx.tree_0.Python_molurus.bsrel_mixture_aux_0 = 0.970217
rWEqTHvx.tree_0.Python_molurus.omega1 = 0.204774
rWEqTHvx.tree_0.Python_molurus.omega2 = 8.39168
rWEqTHvx.tree_0.Naja_naja.alpha = 0.294531
rWEqTHvx.tree_0.Naja_naja.bsrel_mixture_aux_0 = 0.810894
rWEqTHvx.tree_0.Naja_naja.omega1 = 0
rWEqTHvx.tree_0.Ptyas_mucosa.alpha = 0.0918416
rWEqTHvx.tree_0.Ptyas_mucosa.beta = 0.0182796
rWEqTHvx.tree_0.Pantherophis_obsoletus.alpha = 0.0114511
rWEqTHvx.tree_0.Pantherophis_obsoletus.beta = 0
rWEqTHvx.tree_0.Pantherophis_guttatus.alpha = 6.12987e-19
rWEqTHvx.tree_0.Pantherophis_guttatus.beta = 0.00427847
rWEqTHvx.tree_0.Node9.alpha = 0
rWEqTHvx.tree_0.Node9.beta = 0
rWEqTHvx.tree_0.Pituophis_catenifer.beta = 0
rWEqTHvx.tree_0.Pituophis_catenifer.alpha = 0.0469992
rWEqTHvx.tree_0.Node8.alpha = 0.0706744
rWEqTHvx.tree_0.Node8.beta = 0.0347041
rWEqTHvx.tree_0.Node6.alpha = 0.0392927
rWEqTHvx.tree_0.Node6.omega1 = 0.479248
rWEqTHvx.tree_0.Node6.omega2 = 134.535
rWEqTHvx.tree_0.Node6.bsrel_mixture_aux_0 = 0.995546
rWEqTHvx.tree_0.Thamnophis_elegans.beta = 0.0509764
rWEqTHvx.tree_0.Thamnophis_elegans.alpha = 0.198905
rWEqTHvx.tree_0.Node5.alpha = 0.0810618
rWEqTHvx.tree_0.Node5.beta = 0.0190125
rWEqTHvx.tree_0.Node3.beta = 0.0161029
rWEqTHvx.tree_0.Node3.alpha = 0.0358343
rWEqTHvx.tree_0.Vipera_berus.alpha = 0.0768582
rWEqTHvx.tree_0.Vipera_berus.beta = 0.0595371
rWEqTHvx.tree_0.Crotalus_tigris.beta = 0.0257566
rWEqTHvx.tree_0.Crotalus_tigris.alpha = 0.0585677
rWEqTHvx.tree_0.Bothrops_jararaca.beta = 0.0202384
rWEqTHvx.tree_0.Bothrops_jararaca.alpha = 0.0429809
rWEqTHvx.tree_0.Node17.beta = 0.00681854
rWEqTHvx.tree_0.Node17.alpha = 0.0219129
rWEqTHvx.tree_0.Protobothrops_mucrosquamatus.beta = 0.00270932
rWEqTHvx.tree_0.Protobothrops_mucrosquamatus.alpha = 0.024265
rWEqTHvx.tree_0.Node16.alpha = 0.0109826
rWEqTHvx.tree_0.Node16.beta = 0.018315
rWEqTHvx.tree_0.Node14.beta = 0.0337487
rWEqTHvx.tree_0.Node14.alpha = 0.099437
rWEqTHvx.tree_0.Node2.beta = 0.0800577
rWEqTHvx.tree_0.Node2.alpha = 0.25558
rWEqTHvx.tree_0.Varanus_komodoensis.bsrel_mixture_aux_0 = 0.707908
rWEqTHvx.tree_0.Varanus_komodoensis.alpha = 0.954455
rWEqTHvx.tree_0.Varanus_komodoensis.omega2 = 1.61414
rWEqTHvx.tree_0.Varanus_komodoensis.omega1 = 0.0188899
rWEqTHvx.tree_0.Anolis_carolinensis.bsrel_mixture_aux_0 = 0.968771
rWEqTHvx.tree_0.Anolis_carolinensis.alpha = 0.678264
rWEqTHvx.tree_0.Anolis_carolinensis.omega1 = 0.242856
rWEqTHvx.tree_0.Anolis_carolinensis.omega2 = 43.6138
rWEqTHvx.tree_0.Phrynosoma_platyrhinos.alpha = 0.174496
rWEqTHvx.tree_0.Phrynosoma_platyrhinos.beta = 0.0369504
rWEqTHvx.tree_0.Sceloporus_undulatus.alpha = 0.239129
rWEqTHvx.tree_0.Sceloporus_undulatus.beta = 0.0719621
rWEqTHvx.tree_0.Node26.alpha = 0.0916089
rWEqTHvx.tree_0.Node26.beta = 0.0858782
rWEqTHvx.tree_0.Node24.bsrel_mixture_aux_0 = 0.842097
rWEqTHvx.tree_0.Node24.alpha = 0.425203
rWEqTHvx.tree_0.Node24.omega2 = 2.59067
rWEqTHvx.tree_0.Node24.omega1 = 0
rWEqTHvx.tree_0.Pogona_vitticeps.omega2 = 2.71546
rWEqTHvx.tree_0.Pogona_vitticeps.omega1 = 0.0790692
rWEqTHvx.tree_0.Pogona_vitticeps.alpha = 0.784833
rWEqTHvx.tree_0.Pogona_vitticeps.bsrel_mixture_aux_0 = 0.795325
rWEqTHvx.tree_0.Node23.alpha = 0.0287084
rWEqTHvx.tree_0.Node23.beta = 0.0704663
rWEqTHvx.tree_0.Node21.bsrel_mixture_aux_0 = 0.950105
rWEqTHvx.tree_0.Node21.omega1 = 0.208056
rWEqTHvx.tree_0.Node21.alpha = 0.983349
rWEqTHvx.tree_0.Node21.omega2 = 12.0546
Optimization finished in 17 loop passes.
3464 likelihood evaluation calls and 18044 matrix exponentiations calls were made

Variable 'USE_JSON_FOR_MATRIX' was not initialized prior to being used