
Loaded 'libv3/convenience/matrix.bf' from /usr/local/lib/hyphy/TemplateBatchFiles/libv3/convenience/matrix.bf
Loaded 'libv3/UtilityFunctions.bf' from /usr/local/lib/hyphy/TemplateBatchFiles/libv3/UtilityFunctions.bf
Loaded 'IOFunctions.bf' from /usr/local/lib/hyphy/TemplateBatchFiles/libv3/IOFunctions.bf
Already loaded 'libv3/UtilityFunctions.bf' from /usr/local/lib/hyphy/TemplateBatchFiles/libv3/UtilityFunctions.bf
Loaded 'convenience/regexp.bf' from /usr/local/lib/hyphy/TemplateBatchFiles/libv3/convenience/regexp.bf
Loaded 'libv3/all-terms.bf' from /usr/local/lib/hyphy/TemplateBatchFiles/libv3/all-terms.bf
Variable 'skipCodeSelectionStep' was not initialized prior to being used
Row and/or column partition is empty. All the data will be used by default.
Overwritten previously defined function:'GaussLaguerreQuardature'
Overwritten previously defined function:'GammaQuadWeight'
Variable 'SKIP_HARVEST_FREQ' was not initialized prior to being used
Variable '_WRAP_PASSTHROUGH_FLAG_' was not initialized prior to being used
Variable 'END_OF_FILE' was not initialized prior to being used
Variable '_DO_TREE_REBALANCE_' was not initialized prior to being used
Variable '_KEEP_I_LABELS_' was not initialized prior to being used
Model MG94customModel assigned to Alligator_mississippiensis
Alligator_mississippiensis has 2 parameters - branch length not assigned
Model MG94customModel assigned to Pelodiscus_sinensis
Pelodiscus_sinensis has 2 parameters - branch length not assigned
Model MG94customModel assigned to Trachemys_scripta
Trachemys_scripta has 2 parameters - branch length not assigned
Model MG94customModel assigned to Chrysemys_picta
Chrysemys_picta has 2 parameters - branch length not assigned
Model MG94customModel assigned to Node6
Node6 has 2 parameters - branch length not assigned
Model MG94customModel assigned to Terrapene_carolina
Terrapene_carolina has 2 parameters - branch length not assigned
Model MG94customModel assigned to Node5
Node5 has 2 parameters - branch length not assigned
Model MG94customModel assigned to Mauremys_reevesii
Mauremys_reevesii has 2 parameters - branch length not assigned
Model MG94customModel assigned to Gopherus_evgoodei
Gopherus_evgoodei has 2 parameters - branch length not assigned
Model MG94customModel assigned to Chelonoidis_abingdonii
Chelonoidis_abingdonii has 2 parameters - branch length not assigned
Model MG94customModel assigned to Node12
Node12 has 2 parameters - branch length not assigned
Model MG94customModel assigned to Node10
Node10 has 2 parameters - branch length not assigned
Model MG94customModel assigned to Node4
Node4 has 2 parameters - branch length not assigned
Model MG94customModel assigned to Chelonia_mydas
Chelonia_mydas has 2 parameters - branch length not assigned
Model MG94customModel assigned to Dermochelys_coriacea
Dermochelys_coriacea has 2 parameters - branch length not assigned
Model MG94customModel assigned to Node15
Node15 has 2 parameters - branch length not assigned
Model MG94customModel assigned to Node3
Node3 has 2 parameters - branch length not assigned
The tips of the tree:givenTree were matched with the species names from the data in the following numeric order (0-based) {0,9,5,4,6,3,2,1,7,8}

Pseudo-optimal path's cost 3176 vs 5522 for 1..k=> a 1.73866 x improvement
Partition 0 reversible model flag computed as 1
Variable 'theLnLik' was not initialized prior to being used
Variable 'SAVE_OPT_STATUS_TO' was not initialized prior to being used
Variable 'givenTree.Alligator_mississippiensis.nonSynRate' was not initialized prior to being used
Variable 'givenTree.Alligator_mississippiensis.synRate' was not initialized prior to being used
Variable 'givenTree.Pelodiscus_sinensis.nonSynRate' was not initialized prior to being used
Variable 'givenTree.Pelodiscus_sinensis.synRate' was not initialized prior to being used
Variable 'givenTree.Trachemys_scripta.nonSynRate' was not initialized prior to being used
Variable 'givenTree.Trachemys_scripta.synRate' was not initialized prior to being used
Variable 'givenTree.Chrysemys_picta.nonSynRate' was not initialized prior to being used
Variable 'givenTree.Chrysemys_picta.synRate' was not initialized prior to being used
Variable 'givenTree.Terrapene_carolina.nonSynRate' was not initialized prior to being used
Variable 'givenTree.Terrapene_carolina.synRate' was not initialized prior to being used
Variable 'givenTree.Mauremys_reevesii.nonSynRate' was not initialized prior to being used
Variable 'givenTree.Mauremys_reevesii.synRate' was not initialized prior to being used
Variable 'givenTree.Gopherus_evgoodei.nonSynRate' was not initialized prior to being used
Variable 'givenTree.Gopherus_evgoodei.synRate' was not initialized prior to being used
Variable 'givenTree.Chelonoidis_abingdonii.nonSynRate' was not initialized prior to being used
Variable 'givenTree.Chelonoidis_abingdonii.synRate' was not initialized prior to being used
Variable 'givenTree.Chelonia_mydas.nonSynRate' was not initialized prior to being used
Variable 'givenTree.Chelonia_mydas.synRate' was not initialized prior to being used
Variable 'givenTree.Dermochelys_coriacea.nonSynRate' was not initialized prior to being used
Variable 'givenTree.Dermochelys_coriacea.synRate' was not initialized prior to being used
Variable 'givenTree.Node6.nonSynRate' was not initialized prior to being used
Variable 'givenTree.Node6.synRate' was not initialized prior to being used
Variable 'givenTree.Node5.nonSynRate' was not initialized prior to being used
Variable 'givenTree.Node5.synRate' was not initialized prior to being used
Variable 'givenTree.Node12.nonSynRate' was not initialized prior to being used
Variable 'givenTree.Node12.synRate' was not initialized prior to being used
Variable 'givenTree.Node10.nonSynRate' was not initialized prior to being used
Variable 'givenTree.Node10.synRate' was not initialized prior to being used
Variable 'givenTree.Node4.nonSynRate' was not initialized prior to being used
Variable 'givenTree.Node4.synRate' was not initialized prior to being used
Variable 'givenTree.Node15.nonSynRate' was not initialized prior to being used
Variable 'givenTree.Node15.synRate' was not initialized prior to being used
Variable 'givenTree.Node3.nonSynRate' was not initialized prior to being used
Variable 'givenTree.Node3.synRate' was not initialized prior to being used
Site 102 evaluated to a 0 probability in ComputeTreeBlockByBranch
Site 102 evaluated to a 0 probability in ComputeTreeBlockByBranch
Site 210 evaluated to a 0 probability in ComputeTreeBlockByBranch
Site 102 evaluated to a 0 probability in ComputeTreeBlockByBranch
Site 225 evaluated to a 0 probability in ComputeTreeBlockByBranch
Site 284 evaluated to a 0 probability in ComputeTreeBlockByBranch
Site 102 evaluated to a 0 probability in ComputeTreeBlockByBranch
Site 256 evaluated to a 0 probability in ComputeTreeBlockByBranch
Site 210 evaluated to a 0 probability in ComputeTreeBlockByBranch
Site 208 evaluated to a 0 probability in ComputeTreeBlockByBranch
Site 102 evaluated to a 0 probability in ComputeTreeBlockByBranch
Site 242 evaluated to a 0 probability in ComputeTreeBlockByBranch
Site 231 evaluated to a 0 probability in ComputeTreeBlockByBranch
Site 212 evaluated to a 0 probability in ComputeTreeBlockByBranch
Site 283 evaluated to a 0 probability in ComputeTreeBlockByBranch
Site 102 evaluated to a 0 probability in ComputeTreeBlockByBranch
Site 284 evaluated to a 0 probability in ComputeTreeBlockByBranch
Site 227 evaluated to a 0 probability in ComputeTreeBlockByBranch
Site 92 evaluated to a 0 probability in ComputeTreeBlockByBranch
Site 225 evaluated to a 0 probability in ComputeTreeBlockByBranch
Site 210 evaluated to a 0 probability in ComputeTreeBlockByBranch
Site 102 evaluated to a 0 probability in ComputeTreeBlockByBranch
Site 36 evaluated to a 0 probability in ComputeTreeBlockByBranch
Site 91 evaluated to a 0 probability in ComputeTreeBlockByBranch
Site 9 evaluated to a 0 probability in ComputeTreeBlockByBranch
Site 268 evaluated to a 0 probability in ComputeTreeBlockByBranch
Site 111 evaluated to a 0 probability in ComputeTreeBlockByBranch
Site 197 evaluated to a 0 probability in ComputeTreeBlockByBranch
Site 102 evaluated to a 0 probability in ComputeTreeBlockByBranch
Site 86 evaluated to a 0 probability in ComputeTreeBlockByBranch
Site 256 evaluated to a 0 probability in ComputeTreeBlockByBranch
Site 210 evaluated to a 0 probability in ComputeTreeBlockByBranch
Site 324 evaluated to a 0 probability in ComputeTreeBlockByBranch
Site 109 evaluated to a 0 probability in ComputeTreeBlockByBranch
Site 208 evaluated to a 0 probability in ComputeTreeBlockByBranch
Site 287 evaluated to a 0 probability in ComputeTreeBlockByBranch
Site 102 evaluated to a 0 probability in ComputeTreeBlockByBranch
Site 173 evaluated to a 0 probability in ComputeTreeBlockByBranch
Site 233 evaluated to a 0 probability in ComputeTreeBlockByBranch
Site 56 evaluated to a 0 probability in ComputeTreeBlockByBranch
Site 128 evaluated to a 0 probability in ComputeTreeBlockByBranch
Site 50 evaluated to a 0 probability in ComputeTreeBlockByBranch
Site 156 evaluated to a 0 probability in ComputeTreeBlockByBranch
Site 155 evaluated to a 0 probability in ComputeTreeBlockByBranch
Site 289 evaluated to a 0 probability in ComputeTreeBlockByBranch
Site 231 evaluated to a 0 probability in ComputeTreeBlockByBranch
Site 102 evaluated to a 0 probability in ComputeTreeBlockByBranch
Site 62 evaluated to a 0 probability in ComputeTreeBlockByBranch
Site 122 evaluated to a 0 probability in ComputeTreeBlockByBranch
Site 283 evaluated to a 0 probability in ComputeTreeBlockByBranch
Site 212 evaluated to a 0 probability in ComputeTreeBlockByBranch
Site 300 evaluated to a 0 probability in ComputeTreeBlockByBranch
Site 242 evaluated to a 0 probability in ComputeTreeBlockByBranch
Site 200 evaluated to a 0 probability in ComputeTreeBlockByBranch
Site 51 evaluated to a 0 probability in ComputeTreeBlockByBranch
Site 285 evaluated to a 0 probability in ComputeTreeBlockByBranch
Site 102 evaluated to a 0 probability in ComputeTreeBlockByBranch
Site 269 evaluated to a 0 probability in ComputeTreeBlockByBranch
Site 230 evaluated to a 0 probability in ComputeTreeBlockByBranch
Site 103 evaluated to a 0 probability in ComputeTreeBlockByBranch
Site 224 evaluated to a 0 probability in ComputeTreeBlockByBranch
Site 105 evaluated to a 0 probability in ComputeTreeBlockByBranch
Site 158 evaluated to a 0 probability in ComputeTreeBlockByBranch
Site 226 evaluated to a 0 probability in ComputeTreeBlockByBranch
Site 296 evaluated to a 0 probability in ComputeTreeBlockByBranch
Site 44 evaluated to a 0 probability in ComputeTreeBlockByBranch
Site 227 evaluated to a 0 probability in ComputeTreeBlockByBranch
Site 80 evaluated to a 0 probability in ComputeTreeBlockByBranch
Site 102 evaluated to a 0 probability in ComputeTreeBlockByBranch
Site 256 evaluated to a 0 probability in ComputeTreeBlockByBranch
Site 252 evaluated to a 0 probability in ComputeTreeBlockByBranch
Site 284 evaluated to a 0 probability in ComputeTreeBlockByBranch
Site 225 evaluated to a 0 probability in ComputeTreeBlockByBranch
Site 210 evaluated to a 0 probability in ComputeTreeBlockByBranch
Site 92 evaluated to a 0 probability in ComputeTreeBlockByBranch
Site 208 evaluated to a 0 probability in ComputeTreeBlockByBranch
Site 335 evaluated to a 0 probability in ComputeTreeBlockByBranch
Site 215 evaluated to a 0 probability in ComputeTreeBlockByBranch
Auto-benchmarked an optimal number (11) of threads.
Set GUI update interval to every 394-th LF evaluation.
Initial guess for givenTree.Pelodiscus_sinensis.nonSynRate is 0.187446
Initial guess for givenTree.Pelodiscus_sinensis.synRate is 0.225508
Initial guess for givenTree.Node3.nonSynRate is 0.0348616
Initial guess for givenTree.Node3.synRate is 0.0443899
Initial guess for givenTree.Node4.nonSynRate is -0.0178538
Initial guess for givenTree.Node4.synRate is -0.023332
Initial guess for givenTree.Node5.nonSynRate is 0.00722041
Initial guess for givenTree.Node5.synRate is 0.000950787
Initial guess for givenTree.Node6.nonSynRate is 0.00275684
Initial guess for givenTree.Node6.synRate is 0.00187888
Initial guess for givenTree.Trachemys_scripta.nonSynRate is 0.0348538
Initial guess for givenTree.Trachemys_scripta.synRate is 0.00641574
Initial guess for givenTree.Chrysemys_picta.nonSynRate is 0.00363001
Initial guess for givenTree.Chrysemys_picta.synRate is 0.000922753
Initial guess for givenTree.Terrapene_carolina.nonSynRate is 0.00194755
Initial guess for givenTree.Terrapene_carolina.synRate is 1.46418e-06
Initial guess for givenTree.Node10.nonSynRate is 0.00599302
Initial guess for givenTree.Node10.synRate is 0.00321426
Initial guess for givenTree.Mauremys_reevesii.nonSynRate is 0.000988408
Initial guess for givenTree.Mauremys_reevesii.synRate is 0.000901505
Initial guess for givenTree.Node12.nonSynRate is -0.00144718
Initial guess for givenTree.Node12.synRate is -0.0012439
Initial guess for givenTree.Gopherus_evgoodei.nonSynRate is 0.00424073
Initial guess for givenTree.Gopherus_evgoodei.synRate is 0.00872809
Initial guess for givenTree.Chelonoidis_abingdonii.nonSynRate is 0.0097928
Initial guess for givenTree.Chelonoidis_abingdonii.synRate is 0.00473177
Initial guess for givenTree.Node15.nonSynRate is 0.0338468
Initial guess for givenTree.Node15.synRate is 0.027587
Initial guess for givenTree.Chelonia_mydas.nonSynRate is 0.00533683
Initial guess for givenTree.Chelonia_mydas.synRate is 0.00271037
Initial guess for givenTree.Dermochelys_coriacea.nonSynRate is -0.00151176
Initial guess for givenTree.Dermochelys_coriacea.synRate is -0.0130325
Optimization settings:
	OPTIMIZATION_METHOD = 4
	OPTIMIZATION_PRECISION = 0.001
	MAXIMUM_ITERATIONS_PER_VARIABLE = 5000

Initial parameter values

GT = 1
CT = 1
CG = 1
AC = 1
AT = 1
givenTree.Alligator_mississippiensis.synRate = 0.1
givenTree.Alligator_mississippiensis.nonSynRate = 0.1
givenTree.Pelodiscus_sinensis.synRate = 0.225508
givenTree.Pelodiscus_sinensis.nonSynRate = 0.187446
givenTree.Trachemys_scripta.synRate = 0.00641574
givenTree.Trachemys_scripta.nonSynRate = 0.0348538
givenTree.Chrysemys_picta.synRate = 0.000922753
givenTree.Chrysemys_picta.nonSynRate = 0.00363001
givenTree.Node6.synRate = 0.00187888
givenTree.Node6.nonSynRate = 0.00275684
givenTree.Terrapene_carolina.synRate = 1.46418e-06
givenTree.Terrapene_carolina.nonSynRate = 0.00194755
givenTree.Node5.synRate = 0.000950787
givenTree.Node5.nonSynRate = 0.00722041
givenTree.Mauremys_reevesii.synRate = 0.000901505
givenTree.Mauremys_reevesii.nonSynRate = 0.000988408
givenTree.Gopherus_evgoodei.synRate = 0.00872809
givenTree.Gopherus_evgoodei.nonSynRate = 0.00424073
givenTree.Chelonoidis_abingdonii.synRate = 0.00473177
givenTree.Chelonoidis_abingdonii.nonSynRate = 0.0097928
givenTree.Node12.synRate = 0
givenTree.Node12.nonSynRate = 0
givenTree.Node10.synRate = 0.00321426
givenTree.Node10.nonSynRate = 0.00599302
givenTree.Node4.synRate = 0
givenTree.Node4.nonSynRate = 0
givenTree.Chelonia_mydas.synRate = 0.00271037
givenTree.Chelonia_mydas.nonSynRate = 0.00533683
givenTree.Dermochelys_coriacea.synRate = 0
givenTree.Dermochelys_coriacea.nonSynRate = 0
givenTree.Node15.synRate = 0.027587
givenTree.Node15.nonSynRate = 0.0338468
givenTree.Node3.synRate = 0.0443899
givenTree.Node3.nonSynRate = 0.0348616
Optimization finished in 24 loop passes.
3950 likelihood evaluation calls and 14984 matrix exponentiations calls were made

Variable 'lastDepth' was not initialized prior to being used
No nodel was assigned to Alligator_mississippiensis
Alligator_mississippiensis has 0 parameters - branch length not assigned
No nodel was assigned to Pelodiscus_sinensis
Pelodiscus_sinensis has 0 parameters - branch length not assigned
No nodel was assigned to Trachemys_scripta
Trachemys_scripta has 0 parameters - branch length not assigned
No nodel was assigned to Chrysemys_picta
Chrysemys_picta has 0 parameters - branch length not assigned
No nodel was assigned to Node6
Node6 has 0 parameters - branch length not assigned
No nodel was assigned to Terrapene_carolina
Terrapene_carolina has 0 parameters - branch length not assigned
No nodel was assigned to Node5
Node5 has 0 parameters - branch length not assigned
No nodel was assigned to Mauremys_reevesii
Mauremys_reevesii has 0 parameters - branch length not assigned
No nodel was assigned to Gopherus_evgoodei
Gopherus_evgoodei has 0 parameters - branch length not assigned
No nodel was assigned to Chelonoidis_abingdonii
Chelonoidis_abingdonii has 0 parameters - branch length not assigned
No nodel was assigned to Node12
Node12 has 0 parameters - branch length not assigned
No nodel was assigned to Node10
Node10 has 0 parameters - branch length not assigned
No nodel was assigned to Node4
Node4 has 0 parameters - branch length not assigned
No nodel was assigned to Chelonia_mydas
Chelonia_mydas has 0 parameters - branch length not assigned
No nodel was assigned to Dermochelys_coriacea
Dermochelys_coriacea has 0 parameters - branch length not assigned
No nodel was assigned to Node15
Node15 has 0 parameters - branch length not assigned
No nodel was assigned to Node3
Node3 has 0 parameters - branch length not assigned
No nodel was assigned to Alligator_mississippiensis
Alligator_mississippiensis has 0 parameters - branch length not assigned
No nodel was assigned to Pelodiscus_sinensis
Pelodiscus_sinensis has 0 parameters - branch length not assigned
No nodel was assigned to Trachemys_scripta
Trachemys_scripta has 0 parameters - branch length not assigned
No nodel was assigned to Chrysemys_picta
Chrysemys_picta has 0 parameters - branch length not assigned
No nodel was assigned to Node6
Node6 has 0 parameters - branch length not assigned
No nodel was assigned to Terrapene_carolina
Terrapene_carolina has 0 parameters - branch length not assigned
No nodel was assigned to Node5
Node5 has 0 parameters - branch length not assigned
No nodel was assigned to Mauremys_reevesii
Mauremys_reevesii has 0 parameters - branch length not assigned
No nodel was assigned to Gopherus_evgoodei
Gopherus_evgoodei has 0 parameters - branch length not assigned
No nodel was assigned to Chelonoidis_abingdonii
Chelonoidis_abingdonii has 0 parameters - branch length not assigned
No nodel was assigned to Node12
Node12 has 0 parameters - branch length not assigned
No nodel was assigned to Node10
Node10 has 0 parameters - branch length not assigned
No nodel was assigned to Node4
Node4 has 0 parameters - branch length not assigned
No nodel was assigned to Chelonia_mydas
Chelonia_mydas has 0 parameters - branch length not assigned
No nodel was assigned to Dermochelys_coriacea
Dermochelys_coriacea has 0 parameters - branch length not assigned
No nodel was assigned to Node15
Node15 has 0 parameters - branch length not assigned
No nodel was assigned to Node3
Node3 has 0 parameters - branch length not assigned
No nodel was assigned to Alligator_mississippiensis
Alligator_mississippiensis has 0 parameters - branch length not assigned
No nodel was assigned to Pelodiscus_sinensis
Pelodiscus_sinensis has 0 parameters - branch length not assigned
No nodel was assigned to Trachemys_scripta
Trachemys_scripta has 0 parameters - branch length not assigned
No nodel was assigned to Chrysemys_picta
Chrysemys_picta has 0 parameters - branch length not assigned
No nodel was assigned to Node6
Node6 has 0 parameters - branch length not assigned
No nodel was assigned to Terrapene_carolina
Terrapene_carolina has 0 parameters - branch length not assigned
No nodel was assigned to Node5
Node5 has 0 parameters - branch length not assigned
No nodel was assigned to Mauremys_reevesii
Mauremys_reevesii has 0 parameters - branch length not assigned
No nodel was assigned to Gopherus_evgoodei
Gopherus_evgoodei has 0 parameters - branch length not assigned
No nodel was assigned to Chelonoidis_abingdonii
Chelonoidis_abingdonii has 0 parameters - branch length not assigned
No nodel was assigned to Node12
Node12 has 0 parameters - branch length not assigned
No nodel was assigned to Node10
Node10 has 0 parameters - branch length not assigned
No nodel was assigned to Node4
Node4 has 0 parameters - branch length not assigned
No nodel was assigned to Chelonia_mydas
Chelonia_mydas has 0 parameters - branch length not assigned
No nodel was assigned to Dermochelys_coriacea
Dermochelys_coriacea has 0 parameters - branch length not assigned
No nodel was assigned to Node15
Node15 has 0 parameters - branch length not assigned
No nodel was assigned to Node3
Node3 has 0 parameters - branch length not assigned
No nodel was assigned to Alligator_mississippiensis
Alligator_mississippiensis has 0 parameters - branch length not assigned
No nodel was assigned to Pelodiscus_sinensis
Pelodiscus_sinensis has 0 parameters - branch length not assigned
No nodel was assigned to Trachemys_scripta
Trachemys_scripta has 0 parameters - branch length not assigned
No nodel was assigned to Chrysemys_picta
Chrysemys_picta has 0 parameters - branch length not assigned
No nodel was assigned to Node6
Node6 has 0 parameters - branch length not assigned
No nodel was assigned to Terrapene_carolina
Terrapene_carolina has 0 parameters - branch length not assigned
No nodel was assigned to Node5
Node5 has 0 parameters - branch length not assigned
No nodel was assigned to Mauremys_reevesii
Mauremys_reevesii has 0 parameters - branch length not assigned
No nodel was assigned to Gopherus_evgoodei
Gopherus_evgoodei has 0 parameters - branch length not assigned
No nodel was assigned to Chelonoidis_abingdonii
Chelonoidis_abingdonii has 0 parameters - branch length not assigned
No nodel was assigned to Node12
Node12 has 0 parameters - branch length not assigned
No nodel was assigned to Node10
Node10 has 0 parameters - branch length not assigned
No nodel was assigned to Node4
Node4 has 0 parameters - branch length not assigned
No nodel was assigned to Chelonia_mydas
Chelonia_mydas has 0 parameters - branch length not assigned
No nodel was assigned to Dermochelys_coriacea
Dermochelys_coriacea has 0 parameters - branch length not assigned
No nodel was assigned to Node15
Node15 has 0 parameters - branch length not assigned
No nodel was assigned to Node3
Node3 has 0 parameters - branch length not assigned
Variable 'nodeName' was not initialized prior to being used
Variable 'speciesIndex' was not initialized prior to being used
Row and/or column partition is empty. All the data will be used by default.
Model MG94customModel assigned to Alligator_mississippiensis
Model MG94customModel assigned to Pelodiscus_sinensis
One branch tree supplied - hopefully this IS what you meant to do.
Rooted tree. Removing one branch - the left root child has been promoted to be the new root
Partition 0 reversible model flag computed as 1
Variable 'twoLnLik' was not initialized prior to being used
Variable 't2.Pelodiscus_sinensis.nonSynRate' was not initialized prior to being used
Variable 't2.Pelodiscus_sinensis.synRate' was not initialized prior to being used
Auto-benchmarked an optimal number (6) of threads.
Set GUI update interval to every 6410-th LF evaluation.
Optimization settings:
	OPTIMIZATION_METHOD = 4
	OPTIMIZATION_PRECISION = 0.001
	MAXIMUM_ITERATIONS_PER_VARIABLE = 5000

Initial parameter values

t2.Pelodiscus_sinensis.nonSynRate = 0.1
t2.Pelodiscus_sinensis.synRate = 0.1
Optimization finished in 6 loop passes.
216 likelihood evaluation calls and 194 matrix exponentiations calls were made

Row and/or column partition is empty. All the data will be used by default.
Model MG94customModel assigned to Alligator_mississippiensis
Model MG94customModel assigned to Trachemys_scripta
One branch tree supplied - hopefully this IS what you meant to do.
Rooted tree. Removing one branch - the left root child has been promoted to be the new root
Partition 0 reversible model flag computed as 1
Variable 't2.Trachemys_scripta.nonSynRate' was not initialized prior to being used
Variable 't2.Trachemys_scripta.synRate' was not initialized prior to being used
Auto-benchmarked an optimal number (5) of threads.
Set GUI update interval to every 8771-th LF evaluation.
Optimization settings:
	OPTIMIZATION_METHOD = 4
	OPTIMIZATION_PRECISION = 0.001
	MAXIMUM_ITERATIONS_PER_VARIABLE = 5000

Initial parameter values

t2.Trachemys_scripta.nonSynRate = 0.1
t2.Trachemys_scripta.synRate = 0.1
Optimization finished in 6 loop passes.
238 likelihood evaluation calls and 212 matrix exponentiations calls were made

Row and/or column partition is empty. All the data will be used by default.
Model MG94customModel assigned to Alligator_mississippiensis
Model MG94customModel assigned to Chrysemys_picta
One branch tree supplied - hopefully this IS what you meant to do.
Rooted tree. Removing one branch - the left root child has been promoted to be the new root
Partition 0 reversible model flag computed as 1
Variable 't2.Chrysemys_picta.synRate' was not initialized prior to being used
Variable 't2.Chrysemys_picta.nonSynRate' was not initialized prior to being used
Auto-benchmarked an optimal number (4) of threads.
Set GUI update interval to every 8620-th LF evaluation.
Optimization settings:
	OPTIMIZATION_METHOD = 4
	OPTIMIZATION_PRECISION = 0.001
	MAXIMUM_ITERATIONS_PER_VARIABLE = 5000

Initial parameter values

t2.Chrysemys_picta.synRate = 0.1
t2.Chrysemys_picta.nonSynRate = 0.1
Optimization finished in 6 loop passes.
281 likelihood evaluation calls and 261 matrix exponentiations calls were made

Row and/or column partition is empty. All the data will be used by default.
Model MG94customModel assigned to Alligator_mississippiensis
Model MG94customModel assigned to Terrapene_carolina
One branch tree supplied - hopefully this IS what you meant to do.
Rooted tree. Removing one branch - the left root child has been promoted to be the new root
Partition 0 reversible model flag computed as 1
Variable 't2.Terrapene_carolina.synRate' was not initialized prior to being used
Variable 't2.Terrapene_carolina.nonSynRate' was not initialized prior to being used
Auto-benchmarked an optimal number (4) of threads.
Set GUI update interval to every 8620-th LF evaluation.
Optimization settings:
	OPTIMIZATION_METHOD = 4
	OPTIMIZATION_PRECISION = 0.001
	MAXIMUM_ITERATIONS_PER_VARIABLE = 5000

Initial parameter values

t2.Terrapene_carolina.synRate = 0.1
t2.Terrapene_carolina.nonSynRate = 0.1
Optimization finished in 5 loop passes.
183 likelihood evaluation calls and 165 matrix exponentiations calls were made

Row and/or column partition is empty. All the data will be used by default.
Model MG94customModel assigned to Alligator_mississippiensis
Model MG94customModel assigned to Mauremys_reevesii
One branch tree supplied - hopefully this IS what you meant to do.
Rooted tree. Removing one branch - the left root child has been promoted to be the new root
Partition 0 reversible model flag computed as 1
Variable 't2.Mauremys_reevesii.synRate' was not initialized prior to being used
Variable 't2.Mauremys_reevesii.nonSynRate' was not initialized prior to being used
Auto-benchmarked an optimal number (4) of threads.
Set GUI update interval to every 8771-th LF evaluation.
Optimization settings:
	OPTIMIZATION_METHOD = 4
	OPTIMIZATION_PRECISION = 0.001
	MAXIMUM_ITERATIONS_PER_VARIABLE = 5000

Initial parameter values

t2.Mauremys_reevesii.synRate = 0.1
t2.Mauremys_reevesii.nonSynRate = 0.1
Optimization finished in 6 loop passes.
154 likelihood evaluation calls and 136 matrix exponentiations calls were made

Row and/or column partition is empty. All the data will be used by default.
Model MG94customModel assigned to Alligator_mississippiensis
Model MG94customModel assigned to Gopherus_evgoodei
One branch tree supplied - hopefully this IS what you meant to do.
Rooted tree. Removing one branch - the left root child has been promoted to be the new root
Partition 0 reversible model flag computed as 1
Variable 't2.Gopherus_evgoodei.nonSynRate' was not initialized prior to being used
Variable 't2.Gopherus_evgoodei.synRate' was not initialized prior to being used
Auto-benchmarked an optimal number (5) of threads.
Set GUI update interval to every 8771-th LF evaluation.
Optimization settings:
	OPTIMIZATION_METHOD = 4
	OPTIMIZATION_PRECISION = 0.001
	MAXIMUM_ITERATIONS_PER_VARIABLE = 5000

Initial parameter values

t2.Gopherus_evgoodei.nonSynRate = 0.1
t2.Gopherus_evgoodei.synRate = 0.1
Optimization finished in 6 loop passes.
206 likelihood evaluation calls and 188 matrix exponentiations calls were made

Row and/or column partition is empty. All the data will be used by default.
Model MG94customModel assigned to Alligator_mississippiensis
Model MG94customModel assigned to Chelonoidis_abingdonii
One branch tree supplied - hopefully this IS what you meant to do.
Rooted tree. Removing one branch - the left root child has been promoted to be the new root
Partition 0 reversible model flag computed as 1
Variable 't2.Chelonoidis_abingdonii.nonSynRate' was not initialized prior to being used
Variable 't2.Chelonoidis_abingdonii.synRate' was not initialized prior to being used
Auto-benchmarked an optimal number (5) of threads.
Set GUI update interval to every 8771-th LF evaluation.
Optimization settings:
	OPTIMIZATION_METHOD = 4
	OPTIMIZATION_PRECISION = 0.001
	MAXIMUM_ITERATIONS_PER_VARIABLE = 5000

Initial parameter values

t2.Chelonoidis_abingdonii.nonSynRate = 0.1
t2.Chelonoidis_abingdonii.synRate = 0.1
Optimization finished in 6 loop passes.
200 likelihood evaluation calls and 181 matrix exponentiations calls were made

Row and/or column partition is empty. All the data will be used by default.
Model MG94customModel assigned to Alligator_mississippiensis
Model MG94customModel assigned to Chelonia_mydas
One branch tree supplied - hopefully this IS what you meant to do.
Rooted tree. Removing one branch - the left root child has been promoted to be the new root
Partition 0 reversible model flag computed as 1
Variable 't2.Chelonia_mydas.synRate' was not initialized prior to being used
Variable 't2.Chelonia_mydas.nonSynRate' was not initialized prior to being used
Auto-benchmarked an optimal number (4) of threads.
Set GUI update interval to every 7352-th LF evaluation.
Optimization settings:
	OPTIMIZATION_METHOD = 4
	OPTIMIZATION_PRECISION = 0.001
	MAXIMUM_ITERATIONS_PER_VARIABLE = 5000

Initial parameter values

t2.Chelonia_mydas.synRate = 0.1
t2.Chelonia_mydas.nonSynRate = 0.1
Optimization finished in 5 loop passes.
154 likelihood evaluation calls and 133 matrix exponentiations calls were made

Row and/or column partition is empty. All the data will be used by default.
Model MG94customModel assigned to Alligator_mississippiensis
Model MG94customModel assigned to Dermochelys_coriacea
One branch tree supplied - hopefully this IS what you meant to do.
Rooted tree. Removing one branch - the left root child has been promoted to be the new root
Partition 0 reversible model flag computed as 1
Variable 't2.Dermochelys_coriacea.nonSynRate' was not initialized prior to being used
Variable 't2.Dermochelys_coriacea.synRate' was not initialized prior to being used
Auto-benchmarked an optimal number (5) of threads.
Set GUI update interval to every 8771-th LF evaluation.
Optimization settings:
	OPTIMIZATION_METHOD = 4
	OPTIMIZATION_PRECISION = 0.001
	MAXIMUM_ITERATIONS_PER_VARIABLE = 5000

Initial parameter values

t2.Dermochelys_coriacea.nonSynRate = 0.1
t2.Dermochelys_coriacea.synRate = 0.1
Optimization finished in 6 loop passes.
227 likelihood evaluation calls and 207 matrix exponentiations calls were made

Row and/or column partition is empty. All the data will be used by default.
Model MG94customModel assigned to Pelodiscus_sinensis
Model MG94customModel assigned to Trachemys_scripta
One branch tree supplied - hopefully this IS what you meant to do.
Rooted tree. Removing one branch - the left root child has been promoted to be the new root
Partition 0 reversible model flag computed as 1
Variable 't2.Trachemys_scripta.nonSynRate' was not initialized prior to being used
Variable 't2.Trachemys_scripta.synRate' was not initialized prior to being used
Auto-benchmarked an optimal number (4) of threads.
Set GUI update interval to every 8771-th LF evaluation.
Optimization settings:
	OPTIMIZATION_METHOD = 4
	OPTIMIZATION_PRECISION = 0.001
	MAXIMUM_ITERATIONS_PER_VARIABLE = 5000

Initial parameter values

t2.Trachemys_scripta.nonSynRate = 0.1
t2.Trachemys_scripta.synRate = 0.1
Optimization finished in 3 loop passes.
118 likelihood evaluation calls and 108 matrix exponentiations calls were made

Row and/or column partition is empty. All the data will be used by default.
Model MG94customModel assigned to Pelodiscus_sinensis
Model MG94customModel assigned to Chrysemys_picta
One branch tree supplied - hopefully this IS what you meant to do.
Rooted tree. Removing one branch - the left root child has been promoted to be the new root
Partition 0 reversible model flag computed as 1
Variable 't2.Chrysemys_picta.synRate' was not initialized prior to being used
Variable 't2.Chrysemys_picta.nonSynRate' was not initialized prior to being used
Auto-benchmarked an optimal number (3) of threads.
Set GUI update interval to every 9090-th LF evaluation.
Optimization settings:
	OPTIMIZATION_METHOD = 4
	OPTIMIZATION_PRECISION = 0.001
	MAXIMUM_ITERATIONS_PER_VARIABLE = 5000

Initial parameter values

t2.Chrysemys_picta.synRate = 0.1
t2.Chrysemys_picta.nonSynRate = 0.1
Optimization finished in 5 loop passes.
168 likelihood evaluation calls and 153 matrix exponentiations calls were made

Row and/or column partition is empty. All the data will be used by default.
Model MG94customModel assigned to Pelodiscus_sinensis
Model MG94customModel assigned to Terrapene_carolina
One branch tree supplied - hopefully this IS what you meant to do.
Rooted tree. Removing one branch - the left root child has been promoted to be the new root
Partition 0 reversible model flag computed as 1
Variable 't2.Terrapene_carolina.nonSynRate' was not initialized prior to being used
Variable 't2.Terrapene_carolina.synRate' was not initialized prior to being used
Auto-benchmarked an optimal number (4) of threads.
Set GUI update interval to every 8620-th LF evaluation.
Optimization settings:
	OPTIMIZATION_METHOD = 4
	OPTIMIZATION_PRECISION = 0.001
	MAXIMUM_ITERATIONS_PER_VARIABLE = 5000

Initial parameter values

t2.Terrapene_carolina.nonSynRate = 0.1
t2.Terrapene_carolina.synRate = 0.1
Optimization finished in 5 loop passes.
169 likelihood evaluation calls and 150 matrix exponentiations calls were made

Row and/or column partition is empty. All the data will be used by default.
Model MG94customModel assigned to Pelodiscus_sinensis
Model MG94customModel assigned to Mauremys_reevesii
One branch tree supplied - hopefully this IS what you meant to do.
Rooted tree. Removing one branch - the left root child has been promoted to be the new root
Partition 0 reversible model flag computed as 1
Variable 't2.Mauremys_reevesii.nonSynRate' was not initialized prior to being used
Variable 't2.Mauremys_reevesii.synRate' was not initialized prior to being used
Auto-benchmarked an optimal number (4) of threads.
Set GUI update interval to every 8620-th LF evaluation.
Optimization settings:
	OPTIMIZATION_METHOD = 4
	OPTIMIZATION_PRECISION = 0.001
	MAXIMUM_ITERATIONS_PER_VARIABLE = 5000

Initial parameter values

t2.Mauremys_reevesii.nonSynRate = 0.1
t2.Mauremys_reevesii.synRate = 0.1
Optimization finished in 6 loop passes.
145 likelihood evaluation calls and 129 matrix exponentiations calls were made

Row and/or column partition is empty. All the data will be used by default.
Model MG94customModel assigned to Pelodiscus_sinensis
Model MG94customModel assigned to Gopherus_evgoodei
One branch tree supplied - hopefully this IS what you meant to do.
Rooted tree. Removing one branch - the left root child has been promoted to be the new root
Partition 0 reversible model flag computed as 1
Variable 't2.Gopherus_evgoodei.nonSynRate' was not initialized prior to being used
Variable 't2.Gopherus_evgoodei.synRate' was not initialized prior to being used
Auto-benchmarked an optimal number (5) of threads.
Set GUI update interval to every 8620-th LF evaluation.
Optimization settings:
	OPTIMIZATION_METHOD = 4
	OPTIMIZATION_PRECISION = 0.001
	MAXIMUM_ITERATIONS_PER_VARIABLE = 5000

Initial parameter values

t2.Gopherus_evgoodei.nonSynRate = 0.1
t2.Gopherus_evgoodei.synRate = 0.1
Optimization finished in 5 loop passes.
118 likelihood evaluation calls and 109 matrix exponentiations calls were made

Row and/or column partition is empty. All the data will be used by default.
Model MG94customModel assigned to Pelodiscus_sinensis
Model MG94customModel assigned to Chelonoidis_abingdonii
One branch tree supplied - hopefully this IS what you meant to do.
Rooted tree. Removing one branch - the left root child has been promoted to be the new root
Partition 0 reversible model flag computed as 1
Variable 't2.Chelonoidis_abingdonii.nonSynRate' was not initialized prior to being used
Variable 't2.Chelonoidis_abingdonii.synRate' was not initialized prior to being used
Auto-benchmarked an optimal number (4) of threads.
Set GUI update interval to every 8928-th LF evaluation.
Optimization settings:
	OPTIMIZATION_METHOD = 4
	OPTIMIZATION_PRECISION = 0.001
	MAXIMUM_ITERATIONS_PER_VARIABLE = 5000

Initial parameter values

t2.Chelonoidis_abingdonii.nonSynRate = 0.1
t2.Chelonoidis_abingdonii.synRate = 0.1
Optimization finished in 7 loop passes.
93 likelihood evaluation calls and 84 matrix exponentiations calls were made

Row and/or column partition is empty. All the data will be used by default.
Model MG94customModel assigned to Pelodiscus_sinensis
Model MG94customModel assigned to Chelonia_mydas
One branch tree supplied - hopefully this IS what you meant to do.
Rooted tree. Removing one branch - the left root child has been promoted to be the new root
Partition 0 reversible model flag computed as 1
Variable 't2.Chelonia_mydas.nonSynRate' was not initialized prior to being used
Variable 't2.Chelonia_mydas.synRate' was not initialized prior to being used
Auto-benchmarked an optimal number (4) of threads.
Set GUI update interval to every 8196-th LF evaluation.
Optimization settings:
	OPTIMIZATION_METHOD = 4
	OPTIMIZATION_PRECISION = 0.001
	MAXIMUM_ITERATIONS_PER_VARIABLE = 5000

Initial parameter values

t2.Chelonia_mydas.nonSynRate = 0.1
t2.Chelonia_mydas.synRate = 0.1
Optimization finished in 6 loop passes.
195 likelihood evaluation calls and 174 matrix exponentiations calls were made

Row and/or column partition is empty. All the data will be used by default.
Model MG94customModel assigned to Pelodiscus_sinensis
Model MG94customModel assigned to Dermochelys_coriacea
One branch tree supplied - hopefully this IS what you meant to do.
Rooted tree. Removing one branch - the left root child has been promoted to be the new root
Partition 0 reversible model flag computed as 1
Variable 't2.Dermochelys_coriacea.synRate' was not initialized prior to being used
Variable 't2.Dermochelys_coriacea.nonSynRate' was not initialized prior to being used
Auto-benchmarked an optimal number (5) of threads.
Set GUI update interval to every 8928-th LF evaluation.
Optimization settings:
	OPTIMIZATION_METHOD = 4
	OPTIMIZATION_PRECISION = 0.001
	MAXIMUM_ITERATIONS_PER_VARIABLE = 5000

Initial parameter values

t2.Dermochelys_coriacea.synRate = 0.1
t2.Dermochelys_coriacea.nonSynRate = 0.1
Optimization finished in 7 loop passes.
160 likelihood evaluation calls and 150 matrix exponentiations calls were made

Row and/or column partition is empty. All the data will be used by default.
Model MG94customModel assigned to Trachemys_scripta
Model MG94customModel assigned to Chrysemys_picta
One branch tree supplied - hopefully this IS what you meant to do.
Rooted tree. Removing one branch - the left root child has been promoted to be the new root
Partition 0 reversible model flag computed as 1
Variable 't2.Chrysemys_picta.nonSynRate' was not initialized prior to being used
Variable 't2.Chrysemys_picta.synRate' was not initialized prior to being used
Auto-benchmarked an optimal number (3) of threads.
Set GUI update interval to every 8620-th LF evaluation.
Optimization settings:
	OPTIMIZATION_METHOD = 4
	OPTIMIZATION_PRECISION = 0.001
	MAXIMUM_ITERATIONS_PER_VARIABLE = 5000

Initial parameter values

t2.Chrysemys_picta.nonSynRate = 0.1
t2.Chrysemys_picta.synRate = 0.1
Optimization finished in 5 loop passes.
137 likelihood evaluation calls and 118 matrix exponentiations calls were made

Row and/or column partition is empty. All the data will be used by default.
Model MG94customModel assigned to Trachemys_scripta
Model MG94customModel assigned to Terrapene_carolina
One branch tree supplied - hopefully this IS what you meant to do.
Rooted tree. Removing one branch - the left root child has been promoted to be the new root
Partition 0 reversible model flag computed as 1
Variable 't2.Terrapene_carolina.nonSynRate' was not initialized prior to being used
Variable 't2.Terrapene_carolina.synRate' was not initialized prior to being used
Auto-benchmarked an optimal number (4) of threads.
Set GUI update interval to every 8620-th LF evaluation.
Optimization settings:
	OPTIMIZATION_METHOD = 4
	OPTIMIZATION_PRECISION = 0.001
	MAXIMUM_ITERATIONS_PER_VARIABLE = 5000

Initial parameter values

t2.Terrapene_carolina.nonSynRate = 0.1
t2.Terrapene_carolina.synRate = 0.1
Optimization finished in 7 loop passes.
122 likelihood evaluation calls and 112 matrix exponentiations calls were made

Row and/or column partition is empty. All the data will be used by default.
Model MG94customModel assigned to Trachemys_scripta
Model MG94customModel assigned to Mauremys_reevesii
One branch tree supplied - hopefully this IS what you meant to do.
Rooted tree. Removing one branch - the left root child has been promoted to be the new root
Partition 0 reversible model flag computed as 1
Variable 't2.Mauremys_reevesii.nonSynRate' was not initialized prior to being used
Variable 't2.Mauremys_reevesii.synRate' was not initialized prior to being used
Auto-benchmarked an optimal number (5) of threads.
Set GUI update interval to every 8620-th LF evaluation.
Optimization settings:
	OPTIMIZATION_METHOD = 4
	OPTIMIZATION_PRECISION = 0.001
	MAXIMUM_ITERATIONS_PER_VARIABLE = 5000

Initial parameter values

t2.Mauremys_reevesii.nonSynRate = 0.1
t2.Mauremys_reevesii.synRate = 0.1
Optimization finished in 9 loop passes.
169 likelihood evaluation calls and 154 matrix exponentiations calls were made

Row and/or column partition is empty. All the data will be used by default.
Model MG94customModel assigned to Trachemys_scripta
Model MG94customModel assigned to Gopherus_evgoodei
One branch tree supplied - hopefully this IS what you meant to do.
Rooted tree. Removing one branch - the left root child has been promoted to be the new root
Partition 0 reversible model flag computed as 1
Variable 't2.Gopherus_evgoodei.nonSynRate' was not initialized prior to being used
Variable 't2.Gopherus_evgoodei.synRate' was not initialized prior to being used
Auto-benchmarked an optimal number (3) of threads.
Set GUI update interval to every 8620-th LF evaluation.
Optimization settings:
	OPTIMIZATION_METHOD = 4
	OPTIMIZATION_PRECISION = 0.001
	MAXIMUM_ITERATIONS_PER_VARIABLE = 5000

Initial parameter values

t2.Gopherus_evgoodei.nonSynRate = 0.1
t2.Gopherus_evgoodei.synRate = 0.1
Optimization finished in 5 loop passes.
212 likelihood evaluation calls and 193 matrix exponentiations calls were made

Row and/or column partition is empty. All the data will be used by default.
Model MG94customModel assigned to Trachemys_scripta
Model MG94customModel assigned to Chelonoidis_abingdonii
One branch tree supplied - hopefully this IS what you meant to do.
Rooted tree. Removing one branch - the left root child has been promoted to be the new root
Partition 0 reversible model flag computed as 1
Variable 't2.Chelonoidis_abingdonii.nonSynRate' was not initialized prior to being used
Variable 't2.Chelonoidis_abingdonii.synRate' was not initialized prior to being used
Auto-benchmarked an optimal number (3) of threads.
Set GUI update interval to every 8474-th LF evaluation.
Optimization settings:
	OPTIMIZATION_METHOD = 4
	OPTIMIZATION_PRECISION = 0.001
	MAXIMUM_ITERATIONS_PER_VARIABLE = 5000

Initial parameter values

t2.Chelonoidis_abingdonii.nonSynRate = 0.1
t2.Chelonoidis_abingdonii.synRate = 0.1
Optimization finished in 5 loop passes.
168 likelihood evaluation calls and 154 matrix exponentiations calls were made

Row and/or column partition is empty. All the data will be used by default.
Model MG94customModel assigned to Trachemys_scripta
Model MG94customModel assigned to Chelonia_mydas
One branch tree supplied - hopefully this IS what you meant to do.
Rooted tree. Removing one branch - the left root child has been promoted to be the new root
Partition 0 reversible model flag computed as 1
Variable 't2.Chelonia_mydas.nonSynRate' was not initialized prior to being used
Variable 't2.Chelonia_mydas.synRate' was not initialized prior to being used
Auto-benchmarked an optimal number (3) of threads.
Set GUI update interval to every 7936-th LF evaluation.
Optimization settings:
	OPTIMIZATION_METHOD = 4
	OPTIMIZATION_PRECISION = 0.001
	MAXIMUM_ITERATIONS_PER_VARIABLE = 5000

Initial parameter values

t2.Chelonia_mydas.nonSynRate = 0.1
t2.Chelonia_mydas.synRate = 0.1
Optimization finished in 6 loop passes.
261 likelihood evaluation calls and 242 matrix exponentiations calls were made

Row and/or column partition is empty. All the data will be used by default.
Model MG94customModel assigned to Trachemys_scripta
Model MG94customModel assigned to Dermochelys_coriacea
One branch tree supplied - hopefully this IS what you meant to do.
Rooted tree. Removing one branch - the left root child has been promoted to be the new root
Partition 0 reversible model flag computed as 1
Variable 't2.Dermochelys_coriacea.nonSynRate' was not initialized prior to being used
Variable 't2.Dermochelys_coriacea.synRate' was not initialized prior to being used
Auto-benchmarked an optimal number (3) of threads.
Set GUI update interval to every 8620-th LF evaluation.
Optimization settings:
	OPTIMIZATION_METHOD = 4
	OPTIMIZATION_PRECISION = 0.001
	MAXIMUM_ITERATIONS_PER_VARIABLE = 5000

Initial parameter values

t2.Dermochelys_coriacea.nonSynRate = 0.1
t2.Dermochelys_coriacea.synRate = 0.1
Optimization finished in 7 loop passes.
152 likelihood evaluation calls and 139 matrix exponentiations calls were made

Row and/or column partition is empty. All the data will be used by default.
Model MG94customModel assigned to Chrysemys_picta
Model MG94customModel assigned to Terrapene_carolina
One branch tree supplied - hopefully this IS what you meant to do.
Rooted tree. Removing one branch - the left root child has been promoted to be the new root
Partition 0 reversible model flag computed as 1
Variable 't2.Terrapene_carolina.nonSynRate' was not initialized prior to being used
Variable 't2.Terrapene_carolina.synRate' was not initialized prior to being used
Auto-benchmarked an optimal number (4) of threads.
Set GUI update interval to every 8771-th LF evaluation.
Optimization settings:
	OPTIMIZATION_METHOD = 4
	OPTIMIZATION_PRECISION = 0.001
	MAXIMUM_ITERATIONS_PER_VARIABLE = 5000

Initial parameter values

t2.Terrapene_carolina.nonSynRate = 0.1
t2.Terrapene_carolina.synRate = 0.1
Optimization finished in 7 loop passes.
161 likelihood evaluation calls and 147 matrix exponentiations calls were made

Row and/or column partition is empty. All the data will be used by default.
Model MG94customModel assigned to Chrysemys_picta
Model MG94customModel assigned to Mauremys_reevesii
One branch tree supplied - hopefully this IS what you meant to do.
Rooted tree. Removing one branch - the left root child has been promoted to be the new root
Partition 0 reversible model flag computed as 1
Variable 't2.Mauremys_reevesii.nonSynRate' was not initialized prior to being used
Variable 't2.Mauremys_reevesii.synRate' was not initialized prior to being used
Auto-benchmarked an optimal number (3) of threads.
Set GUI update interval to every 8620-th LF evaluation.
Optimization settings:
	OPTIMIZATION_METHOD = 4
	OPTIMIZATION_PRECISION = 0.001
	MAXIMUM_ITERATIONS_PER_VARIABLE = 5000

Initial parameter values

t2.Mauremys_reevesii.nonSynRate = 0.1
t2.Mauremys_reevesii.synRate = 0.1
Optimization finished in 5 loop passes.
195 likelihood evaluation calls and 175 matrix exponentiations calls were made

Row and/or column partition is empty. All the data will be used by default.
Model MG94customModel assigned to Chrysemys_picta
Model MG94customModel assigned to Gopherus_evgoodei
One branch tree supplied - hopefully this IS what you meant to do.
Rooted tree. Removing one branch - the left root child has been promoted to be the new root
Partition 0 reversible model flag computed as 1
Variable 't2.Gopherus_evgoodei.nonSynRate' was not initialized prior to being used
Variable 't2.Gopherus_evgoodei.synRate' was not initialized prior to being used
Auto-benchmarked an optimal number (3) of threads.
Set GUI update interval to every 8771-th LF evaluation.
Optimization settings:
	OPTIMIZATION_METHOD = 4
	OPTIMIZATION_PRECISION = 0.001
	MAXIMUM_ITERATIONS_PER_VARIABLE = 5000

Initial parameter values

t2.Gopherus_evgoodei.nonSynRate = 0.1
t2.Gopherus_evgoodei.synRate = 0.1
Optimization finished in 5 loop passes.
203 likelihood evaluation calls and 187 matrix exponentiations calls were made

Row and/or column partition is empty. All the data will be used by default.
Model MG94customModel assigned to Chrysemys_picta
Model MG94customModel assigned to Chelonoidis_abingdonii
One branch tree supplied - hopefully this IS what you meant to do.
Rooted tree. Removing one branch - the left root child has been promoted to be the new root
Partition 0 reversible model flag computed as 1
Variable 't2.Chelonoidis_abingdonii.nonSynRate' was not initialized prior to being used
Variable 't2.Chelonoidis_abingdonii.synRate' was not initialized prior to being used
Auto-benchmarked an optimal number (5) of threads.
Set GUI update interval to every 8771-th LF evaluation.
Optimization settings:
	OPTIMIZATION_METHOD = 4
	OPTIMIZATION_PRECISION = 0.001
	MAXIMUM_ITERATIONS_PER_VARIABLE = 5000

Initial parameter values

t2.Chelonoidis_abingdonii.nonSynRate = 0.1
t2.Chelonoidis_abingdonii.synRate = 0.1
Optimization finished in 7 loop passes.
198 likelihood evaluation calls and 186 matrix exponentiations calls were made

Row and/or column partition is empty. All the data will be used by default.
Model MG94customModel assigned to Chrysemys_picta
Model MG94customModel assigned to Chelonia_mydas
One branch tree supplied - hopefully this IS what you meant to do.
Rooted tree. Removing one branch - the left root child has been promoted to be the new root
Partition 0 reversible model flag computed as 1
Variable 't2.Chelonia_mydas.nonSynRate' was not initialized prior to being used
Variable 't2.Chelonia_mydas.synRate' was not initialized prior to being used
Auto-benchmarked an optimal number (5) of threads.
Set GUI update interval to every 8196-th LF evaluation.
Optimization settings:
	OPTIMIZATION_METHOD = 4
	OPTIMIZATION_PRECISION = 0.001
	MAXIMUM_ITERATIONS_PER_VARIABLE = 5000

Initial parameter values

t2.Chelonia_mydas.nonSynRate = 0.1
t2.Chelonia_mydas.synRate = 0.1
Optimization finished in 6 loop passes.
154 likelihood evaluation calls and 130 matrix exponentiations calls were made

Row and/or column partition is empty. All the data will be used by default.
Model MG94customModel assigned to Chrysemys_picta
Model MG94customModel assigned to Dermochelys_coriacea
One branch tree supplied - hopefully this IS what you meant to do.
Rooted tree. Removing one branch - the left root child has been promoted to be the new root
Partition 0 reversible model flag computed as 1
Variable 't2.Dermochelys_coriacea.nonSynRate' was not initialized prior to being used
Variable 't2.Dermochelys_coriacea.synRate' was not initialized prior to being used
Auto-benchmarked an optimal number (4) of threads.
Set GUI update interval to every 8333-th LF evaluation.
Optimization settings:
	OPTIMIZATION_METHOD = 4
	OPTIMIZATION_PRECISION = 0.001
	MAXIMUM_ITERATIONS_PER_VARIABLE = 5000

Initial parameter values

t2.Dermochelys_coriacea.nonSynRate = 0.1
t2.Dermochelys_coriacea.synRate = 0.1
Optimization finished in 6 loop passes.
212 likelihood evaluation calls and 191 matrix exponentiations calls were made

Row and/or column partition is empty. All the data will be used by default.
Model MG94customModel assigned to Terrapene_carolina
Model MG94customModel assigned to Mauremys_reevesii
One branch tree supplied - hopefully this IS what you meant to do.
Rooted tree. Removing one branch - the left root child has been promoted to be the new root
Partition 0 reversible model flag computed as 1
Variable 't2.Mauremys_reevesii.nonSynRate' was not initialized prior to being used
Variable 't2.Mauremys_reevesii.synRate' was not initialized prior to being used
Auto-benchmarked an optimal number (5) of threads.
Set GUI update interval to every 8771-th LF evaluation.
Optimization settings:
	OPTIMIZATION_METHOD = 4
	OPTIMIZATION_PRECISION = 0.001
	MAXIMUM_ITERATIONS_PER_VARIABLE = 5000

Initial parameter values

t2.Mauremys_reevesii.nonSynRate = 0.1
t2.Mauremys_reevesii.synRate = 0.1
Optimization finished in 8 loop passes.
247 likelihood evaluation calls and 220 matrix exponentiations calls were made

Row and/or column partition is empty. All the data will be used by default.
Model MG94customModel assigned to Terrapene_carolina
Model MG94customModel assigned to Gopherus_evgoodei
One branch tree supplied - hopefully this IS what you meant to do.
Rooted tree. Removing one branch - the left root child has been promoted to be the new root
Partition 0 reversible model flag computed as 1
Variable 't2.Gopherus_evgoodei.nonSynRate' was not initialized prior to being used
Variable 't2.Gopherus_evgoodei.synRate' was not initialized prior to being used
Auto-benchmarked an optimal number (4) of threads.
Set GUI update interval to every 8474-th LF evaluation.
Optimization settings:
	OPTIMIZATION_METHOD = 4
	OPTIMIZATION_PRECISION = 0.001
	MAXIMUM_ITERATIONS_PER_VARIABLE = 5000

Initial parameter values

t2.Gopherus_evgoodei.nonSynRate = 0.1
t2.Gopherus_evgoodei.synRate = 0.1
Optimization finished in 7 loop passes.
186 likelihood evaluation calls and 158 matrix exponentiations calls were made

Row and/or column partition is empty. All the data will be used by default.
Model MG94customModel assigned to Terrapene_carolina
Model MG94customModel assigned to Chelonoidis_abingdonii
One branch tree supplied - hopefully this IS what you meant to do.
Rooted tree. Removing one branch - the left root child has been promoted to be the new root
Partition 0 reversible model flag computed as 1
Variable 't2.Chelonoidis_abingdonii.nonSynRate' was not initialized prior to being used
Variable 't2.Chelonoidis_abingdonii.synRate' was not initialized prior to being used
Auto-benchmarked an optimal number (4) of threads.
Set GUI update interval to every 8620-th LF evaluation.
Optimization settings:
	OPTIMIZATION_METHOD = 4
	OPTIMIZATION_PRECISION = 0.001
	MAXIMUM_ITERATIONS_PER_VARIABLE = 5000

Initial parameter values

t2.Chelonoidis_abingdonii.nonSynRate = 0.1
t2.Chelonoidis_abingdonii.synRate = 0.1
Optimization finished in 6 loop passes.
187 likelihood evaluation calls and 170 matrix exponentiations calls were made

Row and/or column partition is empty. All the data will be used by default.
Model MG94customModel assigned to Terrapene_carolina
Model MG94customModel assigned to Chelonia_mydas
One branch tree supplied - hopefully this IS what you meant to do.
Rooted tree. Removing one branch - the left root child has been promoted to be the new root
Partition 0 reversible model flag computed as 1
Variable 't2.Chelonia_mydas.nonSynRate' was not initialized prior to being used
Variable 't2.Chelonia_mydas.synRate' was not initialized prior to being used
Auto-benchmarked an optimal number (3) of threads.
Set GUI update interval to every 7936-th LF evaluation.
Optimization settings:
	OPTIMIZATION_METHOD = 4
	OPTIMIZATION_PRECISION = 0.001
	MAXIMUM_ITERATIONS_PER_VARIABLE = 5000

Initial parameter values

t2.Chelonia_mydas.nonSynRate = 0.1
t2.Chelonia_mydas.synRate = 0.1
Optimization finished in 6 loop passes.
233 likelihood evaluation calls and 213 matrix exponentiations calls were made

Row and/or column partition is empty. All the data will be used by default.
Model MG94customModel assigned to Terrapene_carolina
Model MG94customModel assigned to Dermochelys_coriacea
One branch tree supplied - hopefully this IS what you meant to do.
Rooted tree. Removing one branch - the left root child has been promoted to be the new root
Partition 0 reversible model flag computed as 1
Variable 't2.Dermochelys_coriacea.nonSynRate' was not initialized prior to being used
Variable 't2.Dermochelys_coriacea.synRate' was not initialized prior to being used
Auto-benchmarked an optimal number (4) of threads.
Set GUI update interval to every 8620-th LF evaluation.
Optimization settings:
	OPTIMIZATION_METHOD = 4
	OPTIMIZATION_PRECISION = 0.001
	MAXIMUM_ITERATIONS_PER_VARIABLE = 5000

Initial parameter values

t2.Dermochelys_coriacea.nonSynRate = 0.1
t2.Dermochelys_coriacea.synRate = 0.1
Optimization finished in 6 loop passes.
181 likelihood evaluation calls and 163 matrix exponentiations calls were made

Row and/or column partition is empty. All the data will be used by default.
Model MG94customModel assigned to Mauremys_reevesii
Model MG94customModel assigned to Gopherus_evgoodei
One branch tree supplied - hopefully this IS what you meant to do.
Rooted tree. Removing one branch - the left root child has been promoted to be the new root
Partition 0 reversible model flag computed as 1
Variable 't2.Gopherus_evgoodei.nonSynRate' was not initialized prior to being used
Variable 't2.Gopherus_evgoodei.synRate' was not initialized prior to being used
Auto-benchmarked an optimal number (3) of threads.
Set GUI update interval to every 8474-th LF evaluation.
Optimization settings:
	OPTIMIZATION_METHOD = 4
	OPTIMIZATION_PRECISION = 0.001
	MAXIMUM_ITERATIONS_PER_VARIABLE = 5000

Initial parameter values

t2.Gopherus_evgoodei.nonSynRate = 0.1
t2.Gopherus_evgoodei.synRate = 0.1
Optimization finished in 5 loop passes.
150 likelihood evaluation calls and 128 matrix exponentiations calls were made

Row and/or column partition is empty. All the data will be used by default.
Model MG94customModel assigned to Mauremys_reevesii
Model MG94customModel assigned to Chelonoidis_abingdonii
One branch tree supplied - hopefully this IS what you meant to do.
Rooted tree. Removing one branch - the left root child has been promoted to be the new root
Partition 0 reversible model flag computed as 1
Variable 't2.Chelonoidis_abingdonii.nonSynRate' was not initialized prior to being used
Variable 't2.Chelonoidis_abingdonii.synRate' was not initialized prior to being used
Auto-benchmarked an optimal number (4) of threads.
Set GUI update interval to every 8928-th LF evaluation.
Optimization settings:
	OPTIMIZATION_METHOD = 4
	OPTIMIZATION_PRECISION = 0.001
	MAXIMUM_ITERATIONS_PER_VARIABLE = 5000

Initial parameter values

t2.Chelonoidis_abingdonii.nonSynRate = 0.1
t2.Chelonoidis_abingdonii.synRate = 0.1
Optimization finished in 7 loop passes.
115 likelihood evaluation calls and 105 matrix exponentiations calls were made

Row and/or column partition is empty. All the data will be used by default.
Model MG94customModel assigned to Mauremys_reevesii
Model MG94customModel assigned to Chelonia_mydas
One branch tree supplied - hopefully this IS what you meant to do.
Rooted tree. Removing one branch - the left root child has been promoted to be the new root
Partition 0 reversible model flag computed as 1
Variable 't2.Chelonia_mydas.nonSynRate' was not initialized prior to being used
Variable 't2.Chelonia_mydas.synRate' was not initialized prior to being used
Auto-benchmarked an optimal number (4) of threads.
Set GUI update interval to every 8064-th LF evaluation.
Optimization settings:
	OPTIMIZATION_METHOD = 4
	OPTIMIZATION_PRECISION = 0.001
	MAXIMUM_ITERATIONS_PER_VARIABLE = 5000

Initial parameter values

t2.Chelonia_mydas.nonSynRate = 0.1
t2.Chelonia_mydas.synRate = 0.1
Optimization finished in 6 loop passes.
209 likelihood evaluation calls and 192 matrix exponentiations calls were made

Row and/or column partition is empty. All the data will be used by default.
Model MG94customModel assigned to Mauremys_reevesii
Model MG94customModel assigned to Dermochelys_coriacea
One branch tree supplied - hopefully this IS what you meant to do.
Rooted tree. Removing one branch - the left root child has been promoted to be the new root
Partition 0 reversible model flag computed as 1
Variable 't2.Dermochelys_coriacea.nonSynRate' was not initialized prior to being used
Variable 't2.Dermochelys_coriacea.synRate' was not initialized prior to being used
Auto-benchmarked an optimal number (4) of threads.
Set GUI update interval to every 8620-th LF evaluation.
Optimization settings:
	OPTIMIZATION_METHOD = 4
	OPTIMIZATION_PRECISION = 0.001
	MAXIMUM_ITERATIONS_PER_VARIABLE = 5000

Initial parameter values

t2.Dermochelys_coriacea.nonSynRate = 0.1
t2.Dermochelys_coriacea.synRate = 0.1
Optimization finished in 7 loop passes.
108 likelihood evaluation calls and 100 matrix exponentiations calls were made

Row and/or column partition is empty. All the data will be used by default.
Model MG94customModel assigned to Gopherus_evgoodei
Model MG94customModel assigned to Chelonoidis_abingdonii
One branch tree supplied - hopefully this IS what you meant to do.
Rooted tree. Removing one branch - the left root child has been promoted to be the new root
Partition 0 reversible model flag computed as 1
Variable 't2.Chelonoidis_abingdonii.nonSynRate' was not initialized prior to being used
Variable 't2.Chelonoidis_abingdonii.synRate' was not initialized prior to being used
Auto-benchmarked an optimal number (4) of threads.
Set GUI update interval to every 8620-th LF evaluation.
Optimization settings:
	OPTIMIZATION_METHOD = 4
	OPTIMIZATION_PRECISION = 0.001
	MAXIMUM_ITERATIONS_PER_VARIABLE = 5000

Initial parameter values

t2.Chelonoidis_abingdonii.nonSynRate = 0.1
t2.Chelonoidis_abingdonii.synRate = 0.1
Optimization finished in 7 loop passes.
159 likelihood evaluation calls and 142 matrix exponentiations calls were made

Row and/or column partition is empty. All the data will be used by default.
Model MG94customModel assigned to Gopherus_evgoodei
Model MG94customModel assigned to Chelonia_mydas
One branch tree supplied - hopefully this IS what you meant to do.
Rooted tree. Removing one branch - the left root child has been promoted to be the new root
Partition 0 reversible model flag computed as 1
Variable 't2.Chelonia_mydas.nonSynRate' was not initialized prior to being used
Variable 't2.Chelonia_mydas.synRate' was not initialized prior to being used
Auto-benchmarked an optimal number (5) of threads.
Set GUI update interval to every 8333-th LF evaluation.
Optimization settings:
	OPTIMIZATION_METHOD = 4
	OPTIMIZATION_PRECISION = 0.001
	MAXIMUM_ITERATIONS_PER_VARIABLE = 5000

Initial parameter values

t2.Chelonia_mydas.nonSynRate = 0.1
t2.Chelonia_mydas.synRate = 0.1
Optimization finished in 6 loop passes.
258 likelihood evaluation calls and 240 matrix exponentiations calls were made

Row and/or column partition is empty. All the data will be used by default.
Model MG94customModel assigned to Gopherus_evgoodei
Model MG94customModel assigned to Dermochelys_coriacea
One branch tree supplied - hopefully this IS what you meant to do.
Rooted tree. Removing one branch - the left root child has been promoted to be the new root
Partition 0 reversible model flag computed as 1
Variable 't2.Dermochelys_coriacea.nonSynRate' was not initialized prior to being used
Variable 't2.Dermochelys_coriacea.synRate' was not initialized prior to being used
Auto-benchmarked an optimal number (4) of threads.
Set GUI update interval to every 8333-th LF evaluation.
Optimization settings:
	OPTIMIZATION_METHOD = 4
	OPTIMIZATION_PRECISION = 0.001
	MAXIMUM_ITERATIONS_PER_VARIABLE = 5000

Initial parameter values

t2.Dermochelys_coriacea.nonSynRate = 0.1
t2.Dermochelys_coriacea.synRate = 0.1
Optimization finished in 8 loop passes.
151 likelihood evaluation calls and 134 matrix exponentiations calls were made

Row and/or column partition is empty. All the data will be used by default.
Model MG94customModel assigned to Chelonoidis_abingdonii
Model MG94customModel assigned to Chelonia_mydas
One branch tree supplied - hopefully this IS what you meant to do.
Rooted tree. Removing one branch - the left root child has been promoted to be the new root
Partition 0 reversible model flag computed as 1
Variable 't2.Chelonia_mydas.nonSynRate' was not initialized prior to being used
Variable 't2.Chelonia_mydas.synRate' was not initialized prior to being used
Auto-benchmarked an optimal number (4) of threads.
Set GUI update interval to every 8064-th LF evaluation.
Optimization settings:
	OPTIMIZATION_METHOD = 4
	OPTIMIZATION_PRECISION = 0.001
	MAXIMUM_ITERATIONS_PER_VARIABLE = 5000

Initial parameter values

t2.Chelonia_mydas.nonSynRate = 0.1
t2.Chelonia_mydas.synRate = 0.1
Optimization finished in 6 loop passes.
149 likelihood evaluation calls and 133 matrix exponentiations calls were made

Row and/or column partition is empty. All the data will be used by default.
Model MG94customModel assigned to Chelonoidis_abingdonii
Model MG94customModel assigned to Dermochelys_coriacea
One branch tree supplied - hopefully this IS what you meant to do.
Rooted tree. Removing one branch - the left root child has been promoted to be the new root
Partition 0 reversible model flag computed as 1
Variable 't2.Dermochelys_coriacea.nonSynRate' was not initialized prior to being used
Variable 't2.Dermochelys_coriacea.synRate' was not initialized prior to being used
Auto-benchmarked an optimal number (4) of threads.
Set GUI update interval to every 8771-th LF evaluation.
Optimization settings:
	OPTIMIZATION_METHOD = 4
	OPTIMIZATION_PRECISION = 0.001
	MAXIMUM_ITERATIONS_PER_VARIABLE = 5000

Initial parameter values

t2.Dermochelys_coriacea.nonSynRate = 0.1
t2.Dermochelys_coriacea.synRate = 0.1
Optimization finished in 7 loop passes.
76 likelihood evaluation calls and 67 matrix exponentiations calls were made

Row and/or column partition is empty. All the data will be used by default.
Model MG94customModel assigned to Chelonia_mydas
Model MG94customModel assigned to Dermochelys_coriacea
One branch tree supplied - hopefully this IS what you meant to do.
Rooted tree. Removing one branch - the left root child has been promoted to be the new root
Partition 0 reversible model flag computed as 1
Auto-benchmarked an optimal number (2) of threads.
Set GUI update interval to every 1082-th LF evaluation.
Optimization settings:
	OPTIMIZATION_METHOD = 4
	OPTIMIZATION_PRECISION = 0.001
	MAXIMUM_ITERATIONS_PER_VARIABLE = 5000

Initial parameter values

t2.Dermochelys_coriacea.nonSynRate = 0.1
t2.Dermochelys_coriacea.synRate = 0.1
Optimization finished in 6 loop passes.
225 likelihood evaluation calls and 208 matrix exponentiations calls were made
