ML626581_1:11658819-11684917	NC_051773.1	87.410	5401	501	37	11863	17151	118534030	118528697	0.0	6772
ML626581_1:11658819-11684917	NC_051773.1	90.914	4039	234	24	3234	7200	118541950	118537973	0.0	5642
ML626581_1:11658819-11684917	NC_051773.1	91.242	2078	151	11	22024	24094	118525516	118523463	0.0	2906
ML626581_1:11658819-11684917	NC_051773.1	91.851	1902	137	9	9633	11525	118535904	118534012	0.0	2731
ML626581_1:11658819-11684917	NC_051773.1	95.428	1356	51	3	1543	2887	118543653	118542298	0.0	2163
ML626581_1:11658819-11684917	NC_051773.1	87.478	1669	109	15	7658	9249	118537550	118535905	0.0	2091
ML626581_1:11658819-11684917	NC_051773.1	90.446	1434	75	9	19845	21257	118526909	118525517	0.0	1984
ML626581_1:11658819-11684917	NC_051773.1	92.327	1212	72	2	1	1206	118545183	118543987	0.0	1777
ML626581_1:11658819-11684917	NC_051773.1	94.133	767	40	4	25335	26098	118522226	118521462	0.0	1168
ML626581_1:11658819-11684917	NC_051773.1	81.315	1065	152	7	17831	18855	118528662	118527605	0.0	1095
ML626581_1:11658819-11684917	NC_051773.1	91.156	294	20	2	7300	7593	118537873	118537586	1.03e-111	410
ML626581_1:11658819-11684917	NC_051773.1	83.333	186	16	1	19046	19231	118527413	118527243	7.98e-50	205
ML626581_1:11658819-11684917	NC_051773.1	72.956	159	40	1	24494	24649	89701649	89701807	1.27e-15	92.4
ML626581_1:11658819-11684917	NC_051773.1	67.626	278	82	3	24700	24977	103552569	103552838	4.42e-15	90.6
ML626581_1:11658819-11684917	NC_051773.1	68.944	161	47	1	24491	24648	108170359	108170519	1.76e-07	64.4
ML626581_1:11658819-11684917	NC_051773.1	65.517	261	82	3	24649	24908	108170683	108170936	7.48e-06	59.9
ML626581_1:11658819-11684917	NC_051773.1	70.635	126	23	4	24494	24615	86328331	86328446	9.12e-05	56.3
ML626581_1:11658819-11684917	NC_051773.1	96.667	30	1	0	19537	19566	118526936	118526907	0.004	50.9
ML626581_1:11658819-11684917	NC_051773.1	96.552	29	1	0	14909	14937	62391306	62391278	0.014	49.1
ML626581_1:11658819-11684917	NC_051773.1	89.474	38	3	1	14901	14937	36477795	36477832	0.014	48.2
ML626581_1:11658819-11684917	NC_051773.1	87.500	40	4	1	12173	12211	75997039	75997000	0.047	47.3
ML626581_1:11658819-11684917	NC_051773.1	68.939	132	39	2	19260	19390	108170728	108170858	0.047	47.3
ML626581_1:11658819-11684917	NC_051773.1	100.000	25	0	0	24154	24178	3199566	3199542	0.047	46.4
ML626581_1:11658819-11684917	NC_051773.1	93.333	30	2	0	14904	14933	32866971	32866942	0.047	46.4
ML626581_1:11658819-11684917	NC_051773.1	93.333	30	2	0	14901	14930	71934558	71934587	0.047	46.4
ML626581_1:11658819-11684917	NC_051773.1	80.000	55	6	2	13796	13846	104747482	104747429	0.047	46.4
ML626581_1:11658819-11684917	NC_051773.1	100.000	25	0	0	13822	13846	156798910	156798886	0.047	46.4
