NC_048894_1:45966779-45992341	NC_051773.1	91.182	4026	266	24	3238	7221	118541951	118537973	0.0	5633
NC_048894_1:45966779-45992341	NC_051773.1	86.112	4421	450	34	11811	16120	118534022	118529655	0.0	5301
NC_048894_1:45966779-45992341	NC_051773.1	91.538	2068	148	10	21500	23557	118525513	118523463	0.0	2920
NC_048894_1:45966779-45992341	NC_051773.1	92.025	1906	122	9	9582	11470	118535904	118534012	0.0	2764
NC_048894_1:45966779-45992341	NC_051773.1	88.281	1664	107	13	7622	9213	118537552	118535905	0.0	2143
NC_048894_1:45966779-45992341	NC_051773.1	92.816	1378	65	6	1527	2892	118543653	118542298	0.0	2043
NC_048894_1:45966779-45992341	NC_051773.1	89.540	1434	109	5	19288	20721	118526909	118525517	0.0	1925
NC_048894_1:45966779-45992341	NC_051773.1	88.562	1189	77	4	1	1182	118545123	118543987	0.0	1567
NC_048894_1:45966779-45992341	NC_051773.1	93.966	812	45	3	24752	25560	118522226	118521416	0.0	1234
NC_048894_1:45966779-45992341	NC_051773.1	86.975	691	66	3	16132	16822	118529360	118528694	0.0	849
NC_048894_1:45966779-45992341	NC_051773.1	88.101	395	44	1	17912	18306	118527996	118527605	2.54e-138	499
NC_048894_1:45966779-45992341	NC_051773.1	79.337	513	83	5	17331	17840	118528661	118528169	3.53e-130	472
NC_048894_1:45966779-45992341	NC_051773.1	92.952	227	14	2	7331	7557	118537811	118537587	7.80e-88	331
NC_048894_1:45966779-45992341	NC_051773.1	79.121	182	24	2	18497	18675	118527413	118527243	8.35e-37	161
NC_048894_1:45966779-45992341	NC_051773.1	72.956	159	40	1	23950	24105	89701649	89701807	1.24e-15	92.4
NC_048894_1:45966779-45992341	NC_051773.1	68.444	225	69	2	24201	24425	103552639	103552861	7.83e-12	79.7
NC_048894_1:45966779-45992341	NC_051773.1	69.277	166	48	1	23942	24104	108170354	108170519	1.42e-08	68.9
NC_048894_1:45966779-45992341	NC_051773.1	69.643	168	41	4	23637	23803	86328030	86328188	1.72e-07	65.3
NC_048894_1:45966779-45992341	NC_051773.1	100.000	30	0	0	18981	19010	118526936	118526907	8.93e-05	55.4
NC_048894_1:45966779-45992341	NC_051773.1	69.178	146	43	2	18710	18855	103552569	103552712	3.12e-04	54.5
NC_048894_1:45966779-45992341	NC_051773.1	100.000	29	0	0	1001	1029	63356396	63356368	3.12e-04	53.6
NC_048894_1:45966779-45992341	NC_051773.1	86.364	44	6	0	986	1029	93550899	93550942	3.12e-04	53.6
NC_048894_1:45966779-45992341	NC_051773.1	76.119	67	16	0	23950	24016	86328331	86328397	0.004	50.0
NC_048894_1:45966779-45992341	NC_051773.1	71.739	92	26	0	24224	24315	108170827	108170918	0.004	50.0
NC_048894_1:45966779-45992341	NC_051773.1	82.353	51	7	1	986	1034	137932769	137932719	0.004	50.0
NC_048894_1:45966779-45992341	NC_051773.1	93.548	31	2	0	17853	17883	118528056	118528026	0.013	48.2
