VXAL01002023_1:394803-424505	NC_051773.1	82.141	2307	309	26	15150	17426	118530927	118528694	0.0	2279
VXAL01002023_1:394803-424505	NC_051773.1	85.360	2015	219	25	3210	5210	118541951	118539999	0.0	2260
VXAL01002023_1:394803-424505	NC_051773.1	78.730	2567	375	36	12384	14869	118533473	118530997	0.0	2206
VXAL01002023_1:394803-424505	NC_051773.1	81.967	2074	267	26	5271	7320	118539963	118537973	0.0	2034
VXAL01002023_1:394803-424505	NC_051773.1	85.816	1685	205	16	25608	27279	118525510	118523847	0.0	1920
VXAL01002023_1:394803-424505	NC_051773.1	88.227	1427	126	5	9947	11356	118535431	118534030	0.0	1845
VXAL01002023_1:394803-424505	NC_051773.1	86.550	1368	145	15	1522	2863	118543653	118542299	0.0	1606
VXAL01002023_1:394803-424505	NC_051773.1	82.882	1478	162	13	23388	24860	118526908	118525517	0.0	1549
VXAL01002023_1:394803-424505	NC_051773.1	85.497	1186	136	9	1	1179	118545143	118543987	0.0	1356
VXAL01002023_1:394803-424505	NC_051773.1	79.477	1301	175	15	7883	9158	118537140	118535907	0.0	1159
VXAL01002023_1:394803-424505	NC_051773.1	84.091	396	47	7	27912	28302	118523847	118523463	9.67e-113	414
VXAL01002023_1:394803-424505	NC_051773.1	75.088	566	118	6	18274	18829	118528661	118528109	7.43e-108	398
VXAL01002023_1:394803-424505	NC_051773.1	81.220	410	67	4	21284	21684	89701964	89701556	1.64e-103	384
VXAL01002023_1:394803-424505	NC_051773.1	73.286	569	109	11	11695	12243	118534022	118533477	5.35e-97	361
VXAL01002023_1:394803-424505	NC_051773.1	69.014	994	277	16	20957	21931	108171003	108170022	1.87e-96	361
VXAL01002023_1:394803-424505	NC_051773.1	80.376	372	59	3	18905	19272	118527998	118527637	5.01e-91	342
VXAL01002023_1:394803-424505	NC_051773.1	66.261	1396	430	23	20410	21780	116362345	116360966	1.10e-86	328
VXAL01002023_1:394803-424505	NC_051773.1	74.026	462	82	7	7420	7879	118537873	118537448	1.64e-84	321
VXAL01002023_1:394803-424505	NC_051773.1	82.274	299	40	5	9549	9840	118535895	118535603	2.78e-75	290
VXAL01002023_1:394803-424505	NC_051773.1	69.322	678	195	7	28509	29180	108170180	108170850	3.17e-68	266
VXAL01002023_1:394803-424505	NC_051773.1	68.633	695	204	8	20758	21445	103553037	103552350	8.50e-63	248
VXAL01002023_1:394803-424505	NC_051773.1	68.056	648	180	15	28509	29143	116360970	116361603	5.73e-46	193
VXAL01002023_1:394803-424505	NC_051773.1	71.726	336	88	5	28849	29180	103552351	103552683	9.70e-37	162
VXAL01002023_1:394803-424505	NC_051773.1	71.753	308	80	3	28695	28999	89701650	89701953	4.13e-35	157
VXAL01002023_1:394803-424505	NC_051773.1	78.610	187	24	4	22167	22353	118527413	118527243	1.44e-34	154
VXAL01002023_1:394803-424505	NC_051773.1	65.646	457	106	20	28377	28818	86328025	86328445	3.87e-10	73.4
VXAL01002023_1:394803-424505	NC_051773.1	79.747	79	13	2	28356	28433	54626887	54626811	2.00e-07	65.3
VXAL01002023_1:394803-424505	NC_051773.1	81.034	58	11	0	21750	21807	86328176	86328119	1.04e-04	56.3
VXAL01002023_1:394803-424505	NC_051773.1	75.581	86	18	2	21492	21577	86328428	86328346	1.04e-04	55.4
VXAL01002023_1:394803-424505	NC_051773.1	89.189	37	4	0	14130	14166	78975866	78975902	0.004	50.0
VXAL01002023_1:394803-424505	NC_051773.1	86.667	45	2	2	29017	29061	120009871	120009911	0.004	50.0
VXAL01002023_1:394803-424505	NC_051773.1	83.673	49	4	2	28349	28393	34500048	34500000	0.015	48.2
VXAL01002023_1:394803-424505	NC_051773.1	83.673	49	4	2	28349	28393	34583280	34583328	0.015	48.2
VXAL01002023_1:394803-424505	NC_051773.1	83.673	49	4	2	28349	28393	34650501	34650549	0.015	48.2
