NW_023336611_1:9208233-9234126	NC_051773.1	87.778	5392	512	37	8835	14134	118528694	118534030	0.0	6830
NW_023336611_1:9208233-9234126	NC_051773.1	92.104	4040	227	24	18796	22804	118537973	118541951	0.0	5823
NW_023336611_1:9208233-9234126	NC_051773.1	91.851	1902	129	9	14472	16356	118534012	118535904	0.0	2737
NW_023336611_1:9208233-9234126	NC_051773.1	91.005	1801	124	10	1468	3260	118523463	118525233	0.0	2507
NW_023336611_1:9208233-9234126	NC_051773.1	85.926	2025	174	17	16727	18696	118535905	118537873	0.0	2416
NW_023336611_1:9208233-9234126	NC_051773.1	93.584	1356	57	5	23150	24475	118542298	118543653	0.0	2058
NW_023336611_1:9208233-9234126	NC_051773.1	89.679	1434	74	10	4747	6147	118525517	118526909	0.0	1941
NW_023336611_1:9208233-9234126	NC_051773.1	91.431	1097	65	3	24811	25893	118543987	118545068	0.0	1568
NW_023336611_1:9208233-9234126	NC_051773.1	81.596	1065	149	7	7141	8165	118527605	118528662	0.0	1111
NW_023336611_1:9208233-9234126	NC_051773.1	93.031	287	19	1	3695	3980	118525230	118525516	4.66e-116	425
NW_023336611_1:9208233-9234126	NC_051773.1	94.444	234	12	1	1	234	118521994	118522226	1.63e-96	361
NW_023336611_1:9208233-9234126	NC_051773.1	88.021	192	23	0	3260	3451	89701743	89701552	3.15e-61	243
NW_023336611_1:9208233-9234126	NC_051773.1	82.353	187	17	1	6761	6947	118527243	118527413	3.37e-48	199
NW_023336611_1:9208233-9234126	NC_051773.1	72.085	283	76	1	3261	3543	108170455	108170176	4.38e-34	153
NW_023336611_1:9208233-9234126	NC_051773.1	70.526	285	80	2	3261	3543	116361248	116360966	1.43e-27	131
NW_023336611_1:9208233-9234126	NC_051773.1	68.475	295	91	2	569	863	103552861	103552569	5.70e-20	106
NW_023336611_1:9208233-9234126	NC_051773.1	74.126	143	34	2	930	1069	89701791	89701649	5.34e-14	86.0
NW_023336611_1:9208233-9234126	NC_051773.1	67.451	255	81	2	661	914	108170936	108170683	7.93e-12	79.7
NW_023336611_1:9208233-9234126	NC_051773.1	75.472	106	26	0	1214	1319	86328188	86328083	9.66e-11	75.2
NW_023336611_1:9208233-9234126	NC_051773.1	64.082	490	160	10	928	1407	108170506	108170023	2.13e-06	60.8
NW_023336611_1:9208233-9234126	NC_051773.1	70.455	132	37	2	6602	6732	108170858	108170728	9.05e-05	56.3
NW_023336611_1:9208233-9234126	NC_051773.1	65.505	287	83	7	3290	3570	86328395	86328119	9.05e-05	55.4
NW_023336611_1:9208233-9234126	NC_051773.1	100.000	30	0	0	6426	6455	118526907	118526936	9.05e-05	55.4
NW_023336611_1:9208233-9234126	NC_051773.1	100.000	25	0	0	1383	1407	3199542	3199566	0.047	46.4
NW_023336611_1:9208233-9234126	NC_051773.1	85.000	40	6	0	13785	13824	75997000	75997039	0.047	46.4
