NW_013185719_1:4627906-4653881	NC_051773.1	87.121	5404	516	38	8995	14286	118528694	118534029	0.0	6702
NW_013185719_1:4627906-4653881	NC_051773.1	90.621	4041	236	27	18928	22887	118537973	118541951	0.0	5587
NW_013185719_1:4627906-4653881	NC_051773.1	90.718	2090	149	12	1865	3945	118523463	118525516	0.0	2882
NW_013185719_1:4627906-4653881	NC_051773.1	91.855	1903	130	10	14625	16512	118534012	118535904	0.0	2735
NW_013185719_1:4627906-4653881	NC_051773.1	87.058	2009	160	18	16878	18827	118535905	118537872	0.0	2486
NW_013185719_1:4627906-4653881	NC_051773.1	95.104	1246	49	3	23233	24473	118542298	118543536	0.0	1970
NW_013185719_1:4627906-4653881	NC_051773.1	89.121	1434	82	10	4747	6147	118525517	118526909	0.0	1905
NW_013185719_1:4627906-4653881	NC_051773.1	92.584	1227	70	2	24737	25957	118543987	118545198	0.0	1813
NW_013185719_1:4627906-4653881	NC_051773.1	80.657	1065	158	8	7300	8323	118527605	118528662	0.0	1062
NW_013185719_1:4627906-4653881	NC_051773.1	95.522	603	26	1	1	603	118521625	118522226	0.0	963
NW_013185719_1:4627906-4653881	NC_051773.1	82.888	187	16	2	6760	6946	118527243	118527413	3.38e-48	199
NW_013185719_1:4627906-4653881	NC_051773.1	72.327	159	41	1	1317	1472	89701807	89701649	1.54e-14	87.8
NW_013185719_1:4627906-4653881	NC_051773.1	74.126	143	35	2	1038	1180	103552761	103552621	1.87e-13	85.1
NW_013185719_1:4627906-4653881	NC_051773.1	70.186	161	45	1	1318	1475	108170519	108170359	3.38e-10	73.4
NW_013185719_1:4627906-4653881	NC_051773.1	68.263	167	47	1	1048	1214	108170918	108170758	1.75e-07	64.4
NW_013185719_1:4627906-4653881	NC_051773.1	92.683	41	3	0	7066	7106	118527373	118527413	2.13e-06	61.7
NW_013185719_1:4627906-4653881	NC_051773.1	64.767	386	103	12	1351	1725	86328446	86328083	7.45e-06	59.9
NW_013185719_1:4627906-4653881	NC_051773.1	100.000	30	0	0	6426	6455	118526907	118526936	9.08e-05	55.4
NW_013185719_1:4627906-4653881	NC_051773.1	69.697	132	38	2	6601	6731	108170858	108170728	0.001	51.8
NW_013185719_1:4627906-4653881	NC_051773.1	90.909	33	3	0	19725	19757	109167400	109167432	0.047	47.3
NW_013185719_1:4627906-4653881	NC_051773.1	90.909	33	3	0	19725	19757	109224163	109224195	0.047	47.3
NW_013185719_1:4627906-4653881	NC_051773.1	80.000	55	6	2	12302	12352	104747429	104747482	0.047	46.4
NW_013185719_1:4627906-4653881	NC_051773.1	100.000	25	0	0	12302	12326	156798886	156798910	0.047	46.4
