
Loaded 'libv3/all-terms.bf' from /usr/local/lib/hyphy/TemplateBatchFiles/libv3/all-terms.bf
Loaded 'libv3/UtilityFunctions.bf' from /usr/local/lib/hyphy/TemplateBatchFiles/libv3/UtilityFunctions.bf
Loaded 'IOFunctions.bf' from /usr/local/lib/hyphy/TemplateBatchFiles/libv3/IOFunctions.bf
Already loaded 'libv3/UtilityFunctions.bf' from /usr/local/lib/hyphy/TemplateBatchFiles/libv3/UtilityFunctions.bf
Loaded 'convenience/regexp.bf' from /usr/local/lib/hyphy/TemplateBatchFiles/libv3/convenience/regexp.bf
Already loaded 'libv3/all-terms.bf' from /usr/local/lib/hyphy/TemplateBatchFiles/libv3/all-terms.bf
Already loaded 'libv3/IOFunctions.bf' from /usr/local/lib/hyphy/TemplateBatchFiles/libv3/IOFunctions.bf
Loaded 'libv3/tasks/estimators.bf' from /usr/local/lib/hyphy/TemplateBatchFiles/libv3/tasks/estimators.bf
Loaded '../models/model_functions.bf' from /usr/local/lib/hyphy/TemplateBatchFiles/libv3/models/model_functions.bf
Loaded 'DNA.bf' from /usr/local/lib/hyphy/TemplateBatchFiles/libv3/models/DNA.bf
Loaded 'frequencies.bf' from /usr/local/lib/hyphy/TemplateBatchFiles/libv3/models/frequencies.bf
Already loaded '../all-terms.bf' from /usr/local/lib/hyphy/TemplateBatchFiles/libv3/all-terms.bf
Loaded 'parameters.bf' from /usr/local/lib/hyphy/TemplateBatchFiles/libv3/models/parameters.bf
Loaded 'GrabBag' from /usr/local/lib/hyphy/TemplateBatchFiles/Utility/GrabBag.bf
Overwritten previously defined function:'_sortStringsAux'
Already loaded 'libv3/all-terms.bf' from /usr/local/lib/hyphy/TemplateBatchFiles/libv3/all-terms.bf
Already loaded '../UtilityFunctions.bf' from /usr/local/lib/hyphy/TemplateBatchFiles/libv3/UtilityFunctions.bf
Already loaded 'model_functions.bf' from /usr/local/lib/hyphy/TemplateBatchFiles/libv3/models/model_functions.bf
Already loaded 'libv3/all-terms.bf' from /usr/local/lib/hyphy/TemplateBatchFiles/libv3/all-terms.bf
Already loaded 'parameters.bf' from /usr/local/lib/hyphy/TemplateBatchFiles/libv3/models/parameters.bf
Already loaded 'frequencies.bf' from /usr/local/lib/hyphy/TemplateBatchFiles/libv3/models/frequencies.bf
Already loaded '../UtilityFunctions.bf' from /usr/local/lib/hyphy/TemplateBatchFiles/libv3/UtilityFunctions.bf
Already loaded '../convenience/regexp.bf' from /usr/local/lib/hyphy/TemplateBatchFiles/libv3/convenience/regexp.bf
Loaded '../models/DNA/GTR.bf' from /usr/local/lib/hyphy/TemplateBatchFiles/libv3/models/DNA/GTR.bf
Already loaded '../DNA.bf' from /usr/local/lib/hyphy/TemplateBatchFiles/libv3/models/DNA.bf
Already loaded '../parameters.bf' from /usr/local/lib/hyphy/TemplateBatchFiles/libv3/models/parameters.bf
Already loaded '../frequencies.bf' from /usr/local/lib/hyphy/TemplateBatchFiles/libv3/models/frequencies.bf
Already loaded '../../UtilityFunctions.bf' from /usr/local/lib/hyphy/TemplateBatchFiles/libv3/UtilityFunctions.bf
Already loaded 'libv3/all-terms.bf' from /usr/local/lib/hyphy/TemplateBatchFiles/libv3/all-terms.bf
Already loaded '../convenience/regexp.bf' from /usr/local/lib/hyphy/TemplateBatchFiles/libv3/convenience/regexp.bf
Already loaded 'libv3/all-terms.bf' from /usr/local/lib/hyphy/TemplateBatchFiles/libv3/all-terms.bf
Loaded 'libv3/tasks/alignments.bf' from /usr/local/lib/hyphy/TemplateBatchFiles/libv3/tasks/alignments.bf
Already loaded '../IOFunctions.bf' from /usr/local/lib/hyphy/TemplateBatchFiles/libv3/IOFunctions.bf
Already loaded '../all-terms.bf' from /usr/local/lib/hyphy/TemplateBatchFiles/libv3/all-terms.bf
Loaded 'libv3/models/codon.bf' from /usr/local/lib/hyphy/TemplateBatchFiles/libv3/models/codon.bf
Loaded '../tasks/genetic_code.bf' from /usr/local/lib/hyphy/TemplateBatchFiles/libv3/tasks/genetic_code.bf
Loaded 'libv3/convenience/matrix.bf' from /usr/local/lib/hyphy/TemplateBatchFiles/libv3/convenience/matrix.bf
Already loaded 'libv3/UtilityFunctions.bf' from /usr/local/lib/hyphy/TemplateBatchFiles/libv3/UtilityFunctions.bf
Already loaded 'libv3/all-terms.bf' from /usr/local/lib/hyphy/TemplateBatchFiles/libv3/all-terms.bf
Already loaded '../UtilityFunctions.bf' from /usr/local/lib/hyphy/TemplateBatchFiles/libv3/UtilityFunctions.bf
Loaded 'libv3/tasks/trees.bf' from /usr/local/lib/hyphy/TemplateBatchFiles/libv3/tasks/trees.bf
Already loaded '../IOFunctions.bf' from /usr/local/lib/hyphy/TemplateBatchFiles/libv3/IOFunctions.bf
Already loaded '../all-terms.bf' from /usr/local/lib/hyphy/TemplateBatchFiles/libv3/all-terms.bf
Already loaded '../convenience/regexp.bf' from /usr/local/lib/hyphy/TemplateBatchFiles/libv3/convenience/regexp.bf
Already loaded '../UtilityFunctions.bf' from /usr/local/lib/hyphy/TemplateBatchFiles/libv3/UtilityFunctions.bf
Loaded 'TreeTools' from /usr/local/lib/hyphy/TemplateBatchFiles/TreeTools.ibf
Already loaded 'libv3/tasks/genetic_code.bf' from /usr/local/lib/hyphy/TemplateBatchFiles/libv3/tasks/genetic_code.bf
Loaded 'modules/io_functions.ibf' from /usr/local/lib/hyphy/TemplateBatchFiles/SelectionAnalyses/modules/io_functions.ibf
Already loaded 'libv3/UtilityFunctions.bf' from /usr/local/lib/hyphy/TemplateBatchFiles/libv3/UtilityFunctions.bf
Already loaded 'libv3/IOFunctions.bf' from /usr/local/lib/hyphy/TemplateBatchFiles/libv3/IOFunctions.bf
Already loaded 'libv3/convenience/regexp.bf' from /usr/local/lib/hyphy/TemplateBatchFiles/libv3/convenience/regexp.bf
Already loaded 'libv3/all-terms.bf' from /usr/local/lib/hyphy/TemplateBatchFiles/libv3/all-terms.bf
Loaded 'modules/selection_lib.ibf' from /usr/local/lib/hyphy/TemplateBatchFiles/SelectionAnalyses/modules/selection_lib.ibf
Loaded 'libv3/models/codon/BS_REL.bf' from /usr/local/lib/hyphy/TemplateBatchFiles/libv3/models/codon/BS_REL.bf
Already loaded '../codon.bf' from /usr/local/lib/hyphy/TemplateBatchFiles/libv3/models/codon.bf
Already loaded '../DNA.bf' from /usr/local/lib/hyphy/TemplateBatchFiles/libv3/models/DNA.bf
Already loaded '../parameters.bf' from /usr/local/lib/hyphy/TemplateBatchFiles/libv3/models/parameters.bf
Already loaded '../frequencies.bf' from /usr/local/lib/hyphy/TemplateBatchFiles/libv3/models/frequencies.bf
Already loaded '../../UtilityFunctions.bf' from /usr/local/lib/hyphy/TemplateBatchFiles/libv3/UtilityFunctions.bf
Loaded 'MG_REV.bf' from /usr/local/lib/hyphy/TemplateBatchFiles/libv3/models/codon/MG_REV.bf
Already loaded '../codon.bf' from /usr/local/lib/hyphy/TemplateBatchFiles/libv3/models/codon.bf
Already loaded '../DNA.bf' from /usr/local/lib/hyphy/TemplateBatchFiles/libv3/models/DNA.bf
Already loaded '../parameters.bf' from /usr/local/lib/hyphy/TemplateBatchFiles/libv3/models/parameters.bf
Already loaded '../frequencies.bf' from /usr/local/lib/hyphy/TemplateBatchFiles/libv3/models/frequencies.bf
Already loaded '../../UtilityFunctions.bf' from /usr/local/lib/hyphy/TemplateBatchFiles/libv3/UtilityFunctions.bf
Loaded '../../convenience/math.bf' from /usr/local/lib/hyphy/TemplateBatchFiles/libv3/convenience/math.bf
Already loaded 'libv3/UtilityFunctions.bf' from /usr/local/lib/hyphy/TemplateBatchFiles/libv3/UtilityFunctions.bf
Already loaded 'libv3/convenience/math.bf' from /usr/local/lib/hyphy/TemplateBatchFiles/libv3/convenience/math.bf
Variable 'NORMALIZE_SEQUENCE_NAMES' was not initialized prior to being used
Loaded 'modules/shared-load-file.bf' from /usr/local/lib/hyphy/TemplateBatchFiles/SelectionAnalyses/modules/shared-load-file.bf
Variable 'MARKDOWN_OUTPUT' was not initialized prior to being used
Already loaded 'libv3/convenience/matrix.bf' from /usr/local/lib/hyphy/TemplateBatchFiles/libv3/convenience/matrix.bf
Already loaded 'libv3/UtilityFunctions.bf' from /usr/local/lib/hyphy/TemplateBatchFiles/libv3/UtilityFunctions.bf
Variable 'LnbzzYeb.skipCodeSelectionStep' was not initialized prior to being used
Row and/or column partition is empty. All the data will be used by default.
Variable 'NEXUS_FILE_TREE_MATRIX' was not initialized prior to being used
Variable 'utility.ToggleEnvVariable.cache' was not initialized prior to being used
Variable 'TREE_NODE_NAME_MAPPING' was not initialized prior to being used
Variable 'PHtuFTfK.PROMPT_FOR_FILE' was not initialized prior to being used
Variable 'END_OF_FILE' was not initialized prior to being used
Variable '_DO_TREE_REBALANCE_' was not initialized prior to being used
Variable '_KEEP_I_LABELS_' was not initialized prior to being used
Variable 'INCLUDE_MODEL_SPECS' was not initialized prior to being used
Variable 'utility.ForEachPair.warn_non_rentrant' was not initialized prior to being used
Row and/or column partition is empty. All the data will be used by default.
Row and/or column partition is empty. All the data will be used by default.
Variable 'agbtWNsI.cache' was not initialized prior to being used
Row and/or column partition is empty. All the data will be used by default.
Variable 'COUNT_GAPS_IN_FREQUENCIES' was not initialized prior to being used
Variable 'BbUkjkZj.model_pi' was not initialized prior to being used
Model BbUkjkZj.model assigned to Leptosomus_discolor
Model BbUkjkZj.model assigned to Colius_striatus
Model BbUkjkZj.model assigned to Node2
Model BbUkjkZj.model assigned to Tyto_alba
Model BbUkjkZj.model assigned to Node1
Model BbUkjkZj.model assigned to Haliaeetus_leucocephalus
Model BbUkjkZj.model assigned to Aquila_chrysaetos
Model BbUkjkZj.model assigned to Node6
Model BbUkjkZj.model assigned to Passer_domesticus
Model BbUkjkZj.model assigned to Falco_peregrinus
Model BbUkjkZj.model assigned to Falco_tinnunculus
Model BbUkjkZj.model assigned to Node11
Model BbUkjkZj.model assigned to Node9
The tips of the tree:BbUkjkZj.tree_0 were matched with the species names from the data in the following numeric order (0-based) {7,1,6,5,4,0,2,3}

Pseudo-optimal path's cost 1007 vs 1679 for 1..k=> a 1.66733 x improvement
Partition 0 reversible model flag computed as 1
Variable 'USE_LAST_RESULTS' was not initialized prior to being used
Variable 'BbUkjkZj.tree_0.Leptosomus_discolor.t' was not initialized prior to being used
models.generic.SetBranchLength: BbUkjkZj.tree_0.Leptosomus_discolor.t=180.0821785540695
Variable 'BbUkjkZj.tree_0.Colius_striatus.t' was not initialized prior to being used
models.generic.SetBranchLength: BbUkjkZj.tree_0.Colius_striatus.t=180.0821785540695
Variable 'BbUkjkZj.tree_0.Node2.t' was not initialized prior to being used
models.generic.SetBranchLength: BbUkjkZj.tree_0.Node2.t=7.02053152404634
Variable 'BbUkjkZj.tree_0.Tyto_alba.t' was not initialized prior to being used
models.generic.SetBranchLength: BbUkjkZj.tree_0.Tyto_alba.t=184.8383873681415
Variable 'BbUkjkZj.tree_0.Node1.t' was not initialized prior to being used
models.generic.SetBranchLength: BbUkjkZj.tree_0.Node1.t=5.292645322682925
Variable 'BbUkjkZj.tree_0.Haliaeetus_leucocephalus.t' was not initialized prior to being used
models.generic.SetBranchLength: BbUkjkZj.tree_0.Haliaeetus_leucocephalus.t=77.77476934241038
Variable 'BbUkjkZj.tree_0.Aquila_chrysaetos.t' was not initialized prior to being used
models.generic.SetBranchLength: BbUkjkZj.tree_0.Aquila_chrysaetos.t=77.77476934241038
Variable 'BbUkjkZj.tree_0.Node6.t' was not initialized prior to being used
models.generic.SetBranchLength: BbUkjkZj.tree_0.Node6.t=114.6205860583884
Variable 'BbUkjkZj.tree_0.Passer_domesticus.t' was not initialized prior to being used
models.generic.SetBranchLength: BbUkjkZj.tree_0.Passer_domesticus.t=180.4513782352785
Variable 'BbUkjkZj.tree_0.Falco_peregrinus.t' was not initialized prior to being used
models.generic.SetBranchLength: BbUkjkZj.tree_0.Falco_peregrinus.t=19.01805944625785
Variable 'BbUkjkZj.tree_0.Falco_tinnunculus.t' was not initialized prior to being used
models.generic.SetBranchLength: BbUkjkZj.tree_0.Falco_tinnunculus.t=19.01805944625785
Variable 'BbUkjkZj.tree_0.Node11.t' was not initialized prior to being used
models.generic.SetBranchLength: BbUkjkZj.tree_0.Node11.t=161.4333187890207
Variable 'BbUkjkZj.tree_0.Node9.t' was not initialized prior to being used
models.generic.SetBranchLength: BbUkjkZj.tree_0.Node9.t=11.9439771655202
Variable 'BbUkjkZj.BbUkjkZj.likelihoodFunction' was not initialized prior to being used
Variable 'SAVE_OPT_STATUS_TO' was not initialized prior to being used
Auto-benchmarked an optimal number (1) of threads.
Set GUI update interval to every 3472-th LF evaluation.
Optimization settings:
	OPTIMIZATION_METHOD = 4
	OPTIMIZATION_PRECISION = 0.001
	MAXIMUM_ITERATIONS_PER_VARIABLE = 5000

Initial parameter values

BbUkjkZj.model.theta_GT = 0.25
BbUkjkZj.model.theta_CT = 1
BbUkjkZj.model.theta_AC = 0.25
BbUkjkZj.model.theta_CG = 0.25
BbUkjkZj.model.theta_AT = 0.25
BbUkjkZj.tree_0.Leptosomus_discolor.t = 180.082
BbUkjkZj.tree_0.Colius_striatus.t = 180.082
BbUkjkZj.tree_0.Node2.t = 7.02053
BbUkjkZj.tree_0.Tyto_alba.t = 184.838
BbUkjkZj.tree_0.Node1.t = 5.29265
BbUkjkZj.tree_0.Haliaeetus_leucocephalus.t = 77.7748
BbUkjkZj.tree_0.Aquila_chrysaetos.t = 77.7748
BbUkjkZj.tree_0.Node6.t = 114.621
BbUkjkZj.tree_0.Passer_domesticus.t = 180.451
BbUkjkZj.tree_0.Falco_peregrinus.t = 19.0181
BbUkjkZj.tree_0.Falco_tinnunculus.t = 19.0181
BbUkjkZj.tree_0.Node11.t = 161.433
BbUkjkZj.tree_0.Node9.t = 11.944
Optimization finished in 26 loop passes.
1407 likelihood evaluation calls and 8329 matrix exponentiations calls were made

Variable 'BRANCH_LENGTH_STENCIL' was not initialized prior to being used
Variable 'BbUkjkZj.option' was not initialized prior to being used
Variable 'busted.terms.json.nucleotide_gtr' was not initialized prior to being used
Variable 'Unknown' was not initialized prior to being used
Variable 'jlUYOGMk.initial_value' was not initialized prior to being used
Variable 'LywZMCmz.data_filter' was not initialized prior to being used
Row and/or column partition is empty. All the data will be used by default.
Auto-benchmarked an optimal number (1) of threads.
Set GUI update interval to every 2840-th LF evaluation.
Optimization settings:
	OPTIMIZATION_METHOD = 4
	OPTIMIZATION_PRECISION = 0.001
	MAXIMUM_ITERATIONS_PER_VARIABLE = 5000

Initial parameter values

frequencies._aux.CF3x4.p0_0 = 0.34956
frequencies._aux.CF3x4.p0_1 = 0.264041
frequencies._aux.CF3x4.p0_2 = 0.490438
frequencies._aux.CF3x4.p1_0 = 0.256602
frequencies._aux.CF3x4.p1_1 = 0.30823
frequencies._aux.CF3x4.p1_2 = 0.26823
frequencies._aux.CF3x4.p2_0 = 0.255546
frequencies._aux.CF3x4.p2_1 = 0.319617
frequencies._aux.CF3x4.p2_2 = 0.395377
Optimization finished in 4 loop passes.
166 likelihood evaluation calls and 0 matrix exponentiations calls were made

Variable 'LywZMCmz.model_MGREV_pi' was not initialized prior to being used
Model LywZMCmz.model_MGREV assigned to Leptosomus_discolor
Model LywZMCmz.model_MGREV assigned to Colius_striatus
Model LywZMCmz.model_MGREV assigned to Node2
Model LywZMCmz.model_MGREV assigned to Tyto_alba
Model LywZMCmz.model_MGREV assigned to Node1
Model LywZMCmz.model_MGREV assigned to Haliaeetus_leucocephalus
Model LywZMCmz.model_MGREV assigned to Aquila_chrysaetos
Model LywZMCmz.model_MGREV assigned to Node6
Model LywZMCmz.model_MGREV assigned to Passer_domesticus
Model LywZMCmz.model_MGREV assigned to Falco_peregrinus
Model LywZMCmz.model_MGREV assigned to Falco_tinnunculus
Model LywZMCmz.model_MGREV assigned to Node11
Model LywZMCmz.model_MGREV assigned to Node9
The tips of the tree:LywZMCmz.tree_0 were matched with the species names from the data in the following numeric order (0-based) {7,1,6,5,4,0,2,3}

Pseudo-optimal path's cost 2305 vs 3245 for 1..k=> a 1.40781 x improvement
Partition 0 reversible model flag computed as 1
Variable 'LywZMCmz.LywZMCmz.likelihoodFunction' was not initialized prior to being used
Variable 'LywZMCmz.tree_0.Leptosomus_discolor.alpha' was not initialized prior to being used
Variable 'LywZMCmz.tree_0.Colius_striatus.alpha' was not initialized prior to being used
Variable 'LywZMCmz.tree_0.Node2.alpha' was not initialized prior to being used
Variable 'LywZMCmz.tree_0.Tyto_alba.alpha' was not initialized prior to being used
Variable 'LywZMCmz.tree_0.Node1.alpha' was not initialized prior to being used
Variable 'LywZMCmz.tree_0.Haliaeetus_leucocephalus.alpha' was not initialized prior to being used
Variable 'LywZMCmz.tree_0.Aquila_chrysaetos.alpha' was not initialized prior to being used
Variable 'LywZMCmz.tree_0.Node6.alpha' was not initialized prior to being used
Variable 'LywZMCmz.tree_0.Passer_domesticus.alpha' was not initialized prior to being used
Variable 'LywZMCmz.tree_0.Falco_peregrinus.alpha' was not initialized prior to being used
Variable 'LywZMCmz.tree_0.Falco_tinnunculus.alpha' was not initialized prior to being used
Variable 'LywZMCmz.tree_0.Node11.alpha' was not initialized prior to being used
Variable 'LywZMCmz.tree_0.Node9.alpha' was not initialized prior to being used
Site 21 evaluated to a 0 probability in ComputeTreeBlockByBranch
Site 115 evaluated to a 0 probability in ComputeTreeBlockByBranch
Site 21 evaluated to a 0 probability in ComputeTreeBlockByBranch
Site 51 evaluated to a 0 probability in ComputeTreeBlockByBranch
Site 21 evaluated to a 0 probability in ComputeTreeBlockByBranch
Site 178 evaluated to a 0 probability in ComputeTreeBlockByBranch
Auto-benchmarked an optimal number (2) of threads.
Set GUI update interval to every 195-th LF evaluation.
Initial guess for LywZMCmz.tree_0.Node2.alpha is -6.8021e-07
Initial guess for LywZMCmz.tree_0.Leptosomus_discolor.alpha is 2.03657e-05
Initial guess for LywZMCmz.tree_0.Colius_striatus.alpha is 5.1936e-05
Initial guess for LywZMCmz.tree_0.Tyto_alba.alpha is 1.75096e-05
Initial guess for LywZMCmz.tree_0.Node6.alpha is -1.93327e-06
Initial guess for LywZMCmz.tree_0.Haliaeetus_leucocephalus.alpha is 4.5258e-06
Initial guess for LywZMCmz.tree_0.Aquila_chrysaetos.alpha is 4.8787e-06
Initial guess for LywZMCmz.tree_0.Node9.alpha is 1.27867e-05
Initial guess for LywZMCmz.tree_0.Passer_domesticus.alpha is 9.42178e-05
Initial guess for LywZMCmz.tree_0.Node11.alpha is 8.48807e-07
Initial guess for LywZMCmz.tree_0.Falco_peregrinus.alpha is 2.79199e-06
Initial guess for LywZMCmz.tree_0.Falco_tinnunculus.alpha is 1.91024e-06
Optimization settings:
	OPTIMIZATION_METHOD = 4
	OPTIMIZATION_PRECISION = 0.001
	MAXIMUM_ITERATIONS_PER_VARIABLE = 5000

Initial parameter values

LywZMCmz.model_MGREV.theta_GT = 1
LywZMCmz.model_MGREV.theta_CT = 1
LywZMCmz.model_MGREV.theta_CG = 1
LywZMCmz.model_MGREV.theta_AC = 1
LywZMCmz.model_MGREV.theta_AT = 1
LywZMCmz.model_MGREV.omega_0 = 1
LywZMCmz.tree_0.Leptosomus_discolor.alpha = 2.03657e-05
LywZMCmz.tree_0.Colius_striatus.alpha = 5.1936e-05
LywZMCmz.tree_0.Node2.alpha = 0
LywZMCmz.tree_0.Tyto_alba.alpha = 1.75096e-05
LywZMCmz.tree_0.Node1.alpha = 0.1
LywZMCmz.tree_0.Haliaeetus_leucocephalus.alpha = 4.5258e-06
LywZMCmz.tree_0.Aquila_chrysaetos.alpha = 4.8787e-06
LywZMCmz.tree_0.Node6.alpha = 0
LywZMCmz.tree_0.Passer_domesticus.alpha = 9.42178e-05
LywZMCmz.tree_0.Falco_peregrinus.alpha = 2.79199e-06
LywZMCmz.tree_0.Falco_tinnunculus.alpha = 1.91024e-06
LywZMCmz.tree_0.Node11.alpha = 8.48807e-07
LywZMCmz.tree_0.Node9.alpha = 1.27867e-05
LywZMCmz.model_MGREV.omega_1 = 1
Failing bound checks on LywZMCmz.tree_0.Node6.beta =         10000.36694923393
Optimization finished in 28 loop passes.
2181 likelihood evaluation calls and 12635 matrix exponentiations calls were made

Row and/or column partition is empty. All the data will be used by default.
Auto-benchmarked an optimal number (3) of threads.
Set GUI update interval to every 2824-th LF evaluation.
Optimization settings:
	OPTIMIZATION_METHOD = 4
	OPTIMIZATION_PRECISION = 0.001
	MAXIMUM_ITERATIONS_PER_VARIABLE = 5000

Initial parameter values

frequencies._aux.CF3x4.p0_0 = 0.34956
frequencies._aux.CF3x4.p0_1 = 0.264041
frequencies._aux.CF3x4.p0_2 = 0.490438
frequencies._aux.CF3x4.p1_0 = 0.256602
frequencies._aux.CF3x4.p1_1 = 0.30823
frequencies._aux.CF3x4.p1_2 = 0.26823
frequencies._aux.CF3x4.p2_0 = 0.255546
frequencies._aux.CF3x4.p2_1 = 0.319617
frequencies._aux.CF3x4.p2_2 = 0.395377
Optimization finished in 4 loop passes.
168 likelihood evaluation calls and 0 matrix exponentiations calls were made

Variable 'LywZMCmz.model_MGREV_pi' was not initialized prior to being used
Model LywZMCmz.model_MGREV assigned to Leptosomus_discolor
Model LywZMCmz.model_MGREV assigned to Colius_striatus
Model LywZMCmz.model_MGREV assigned to Node2
Model LywZMCmz.model_MGREV assigned to Tyto_alba
Model LywZMCmz.model_MGREV assigned to Node1
Model LywZMCmz.model_MGREV assigned to Haliaeetus_leucocephalus
Model LywZMCmz.model_MGREV assigned to Aquila_chrysaetos
Model LywZMCmz.model_MGREV assigned to Node6
Model LywZMCmz.model_MGREV assigned to Passer_domesticus
Model LywZMCmz.model_MGREV assigned to Falco_peregrinus
Model LywZMCmz.model_MGREV assigned to Falco_tinnunculus
Model LywZMCmz.model_MGREV assigned to Node11
Model LywZMCmz.model_MGREV assigned to Node9
The tips of the tree:LywZMCmz.tree_0 were matched with the species names from the data in the following numeric order (0-based) {7,1,6,5,4,0,2,3}

Pseudo-optimal path's cost 2305 vs 3245 for 1..k=> a 1.40781 x improvement
Partition 0 reversible model flag computed as 1
Variable 'LywZMCmz.tree_0.Falco_tinnunculus.alpha' was not initialized prior to being used
Variable 'LywZMCmz.tree_0.Falco_peregrinus.alpha' was not initialized prior to being used
Variable 'LywZMCmz.tree_0.Node11.alpha' was not initialized prior to being used
Variable 'LywZMCmz.tree_0.Passer_domesticus.alpha' was not initialized prior to being used
Variable 'LywZMCmz.tree_0.Colius_striatus.alpha' was not initialized prior to being used
Variable 'LywZMCmz.tree_0.Node6.alpha' was not initialized prior to being used
Variable 'LywZMCmz.tree_0.Aquila_chrysaetos.alpha' was not initialized prior to being used
Variable 'LywZMCmz.tree_0.Haliaeetus_leucocephalus.alpha' was not initialized prior to being used
Variable 'LywZMCmz.tree_0.Node1.alpha' was not initialized prior to being used
Variable 'LywZMCmz.tree_0.Leptosomus_discolor.alpha' was not initialized prior to being used
Variable 'LywZMCmz.tree_0.Tyto_alba.alpha' was not initialized prior to being used
Variable 'LywZMCmz.tree_0.Node2.alpha' was not initialized prior to being used
Variable 'LywZMCmz.tree_0.Node9.alpha' was not initialized prior to being used
Site 21 evaluated to a 0 probability in ComputeTreeBlockByBranch
Site 115 evaluated to a 0 probability in ComputeTreeBlockByBranch
Site 21 evaluated to a 0 probability in ComputeTreeBlockByBranch
Site 178 evaluated to a 0 probability in ComputeTreeBlockByBranch
Site 21 evaluated to a 0 probability in ComputeTreeBlockByBranch
Site 51 evaluated to a 0 probability in ComputeTreeBlockByBranch
Site 21 evaluated to a 0 probability in ComputeTreeBlockByBranch
Site 23 evaluated to a 0 probability in ComputeTreeBlockByBranch
Site 115 evaluated to a 0 probability in ComputeTreeBlockByBranch
Site 243 evaluated to a 0 probability in ComputeTreeBlockByBranch
Auto-benchmarked an optimal number (3) of threads.
Set GUI update interval to every 58-th LF evaluation.
Initial guess for LywZMCmz.tree_0.Node2.alpha is -6.8021e-07
Initial guess for LywZMCmz.tree_0.Leptosomus_discolor.alpha is 2.03657e-05
Initial guess for LywZMCmz.tree_0.Colius_striatus.alpha is 5.1936e-05
Initial guess for LywZMCmz.tree_0.Tyto_alba.alpha is 1.75096e-05
Initial guess for LywZMCmz.tree_0.Node6.alpha is -1.93327e-06
Initial guess for LywZMCmz.tree_0.Haliaeetus_leucocephalus.alpha is 4.5258e-06
Initial guess for LywZMCmz.tree_0.Aquila_chrysaetos.alpha is 4.8787e-06
Initial guess for LywZMCmz.tree_0.Node9.alpha is 1.27867e-05
Initial guess for LywZMCmz.tree_0.Passer_domesticus.alpha is 9.42178e-05
Initial guess for LywZMCmz.tree_0.Node11.alpha is 8.48807e-07
Initial guess for LywZMCmz.tree_0.Falco_peregrinus.alpha is 2.79199e-06
Initial guess for LywZMCmz.tree_0.Falco_tinnunculus.alpha is 1.91024e-06
Optimization settings:
	OPTIMIZATION_METHOD = 4
	OPTIMIZATION_PRECISION = 0.001
	MAXIMUM_ITERATIONS_PER_VARIABLE = 5000

Initial parameter values

LywZMCmz.model_MGREV.theta_CG = 1
LywZMCmz.model_MGREV.theta_CT = 1
LywZMCmz.model_MGREV.theta_AT = 1
LywZMCmz.model_MGREV.theta_AC = 1
LywZMCmz.model_MGREV.theta_GT = 1
LywZMCmz.model_MGREV.omega_0 = 1
LywZMCmz.tree_0.Leptosomus_discolor.alpha = 2.03657e-05
LywZMCmz.tree_0.Colius_striatus.alpha = 5.1936e-05
LywZMCmz.tree_0.Node2.alpha = 0
LywZMCmz.tree_0.Tyto_alba.alpha = 1.75096e-05
LywZMCmz.tree_0.Node1.alpha = 0.1
LywZMCmz.tree_0.Haliaeetus_leucocephalus.alpha = 4.5258e-06
LywZMCmz.tree_0.Aquila_chrysaetos.alpha = 4.8787e-06
LywZMCmz.tree_0.Node6.alpha = 0
LywZMCmz.tree_0.Passer_domesticus.alpha = 9.42178e-05
LywZMCmz.tree_0.Falco_peregrinus.alpha = 2.79199e-06
LywZMCmz.tree_0.Falco_tinnunculus.alpha = 1.91024e-06
LywZMCmz.tree_0.Node11.alpha = 8.48807e-07
LywZMCmz.tree_0.Node9.alpha = 1.27867e-05
LywZMCmz.model_MGREV.omega_1 = 1
Failing bound checks on LywZMCmz.tree_0.Node6.beta =         10000.36694923393
Optimization finished in 25 loop passes.
1519 likelihood evaluation calls and 8462 matrix exponentiations calls were made

Overwritten previously defined function:'FXKJPcfJ.rate_generator'
Overwritten previously defined function:'FXKJPcfJ.rate_generator'
Auto-benchmarked an optimal number (2) of threads.
Set GUI update interval to every 2857-th LF evaluation.
Optimization settings:
	OPTIMIZATION_METHOD = 4
	OPTIMIZATION_PRECISION = 0.001
	MAXIMUM_ITERATIONS_PER_VARIABLE = 5000

Initial parameter values

frequencies._aux.CF3x4.p0_0 = 0.34956
frequencies._aux.CF3x4.p0_1 = 0.264041
frequencies._aux.CF3x4.p0_2 = 0.490438
frequencies._aux.CF3x4.p1_0 = 0.256602
frequencies._aux.CF3x4.p1_1 = 0.30823
frequencies._aux.CF3x4.p1_2 = 0.26823
frequencies._aux.CF3x4.p2_0 = 0.255546
frequencies._aux.CF3x4.p2_1 = 0.319617
frequencies._aux.CF3x4.p2_2 = 0.395377
Optimization finished in 4 loop passes.
167 likelihood evaluation calls and 0 matrix exponentiations calls were made

Variable 'busted.test_pi' was not initialized prior to being used
Overwritten previously defined function:'FXKJPcfJ.rate_generator'
Overwritten previously defined function:'FXKJPcfJ.rate_generator'
Overwritten previously defined function:'FXKJPcfJ.rate_generator'
Auto-benchmarked an optimal number (2) of threads.
Set GUI update interval to every 2840-th LF evaluation.
Optimization settings:
	OPTIMIZATION_METHOD = 4
	OPTIMIZATION_PRECISION = 0.001
	MAXIMUM_ITERATIONS_PER_VARIABLE = 5000

Initial parameter values

frequencies._aux.CF3x4.p0_0 = 0.34956
frequencies._aux.CF3x4.p0_1 = 0.264041
frequencies._aux.CF3x4.p0_2 = 0.490438
frequencies._aux.CF3x4.p1_0 = 0.256602
frequencies._aux.CF3x4.p1_1 = 0.30823
frequencies._aux.CF3x4.p1_2 = 0.26823
frequencies._aux.CF3x4.p2_0 = 0.255546
frequencies._aux.CF3x4.p2_1 = 0.319617
frequencies._aux.CF3x4.p2_2 = 0.395377
Optimization finished in 4 loop passes.
167 likelihood evaluation calls and 0 matrix exponentiations calls were made

Variable 'busted.background_pi' was not initialized prior to being used
Variable 'ASSUME_REVERSIBLE_MODELS' was not initialized prior to being used
No nodel was assigned to Leptosomus_discolor
No nodel was assigned to Colius_striatus
No nodel was assigned to Node2
No nodel was assigned to Tyto_alba
No nodel was assigned to Node1
No nodel was assigned to Haliaeetus_leucocephalus
No nodel was assigned to Aquila_chrysaetos
No nodel was assigned to Node6
No nodel was assigned to Passer_domesticus
No nodel was assigned to Falco_peregrinus
No nodel was assigned to Falco_tinnunculus
No nodel was assigned to Node11
No nodel was assigned to Node9
The tips of the tree:bNXhgpqA.tree_id_0 were matched with the species names from the data in the following numeric order (0-based) {7,1,6,5,4,0,2,3}

Pseudo-optimal path's cost 2305 vs 3245 for 1..k=> a 1.40781 x improvement
Partition 0 is ASSUMED to have a reversible model
busted.background.theta_AC was already constrained in estimators.SetGlobals2
busted.background.theta_AG was already constrained in estimators.SetGlobals2
busted.background.theta_AT was already constrained in estimators.SetGlobals2
busted.background.theta_CG was already constrained in estimators.SetGlobals2
busted.background.theta_CT was already constrained in estimators.SetGlobals2
busted.background.theta_GT was already constrained in estimators.SetGlobals2
busted.test.theta_AG was already constrained in estimators.SetGlobals2
Variable 'bNXhgpqA.tree_id_0.Leptosomus_discolor.t' was not initialized prior to being used
models.generic.SetBranchLength: bNXhgpqA.tree_id_0.Leptosomus_discolor.t=0.3597309846299271
Variable 'bNXhgpqA.tree_id_0.Colius_striatus.t' was not initialized prior to being used
models.generic.SetBranchLength: bNXhgpqA.tree_id_0.Colius_striatus.t=1.002180253807894
Variable 'bNXhgpqA.tree_id_0.Node2.t' was not initialized prior to being used
models.generic.SetBranchLength: bNXhgpqA.tree_id_0.Node2.t=0
Variable 'bNXhgpqA.tree_id_0.Tyto_alba.t' was not initialized prior to being used
models.generic.SetBranchLength: bNXhgpqA.tree_id_0.Tyto_alba.t=0.3096355273756184
Variable 'bNXhgpqA.tree_id_0.Node1.t' was not initialized prior to being used
models.generic.SetBranchLength: bNXhgpqA.tree_id_0.Node1.t=0.02686451731825071
Variable 'bNXhgpqA.tree_id_0.Haliaeetus_leucocephalus.t' was not initialized prior to being used
models.generic.SetBranchLength: bNXhgpqA.tree_id_0.Haliaeetus_leucocephalus.t=0.08002780782545554
Variable 'bNXhgpqA.tree_id_0.Aquila_chrysaetos.t' was not initialized prior to being used
models.generic.SetBranchLength: bNXhgpqA.tree_id_0.Aquila_chrysaetos.t=0.07491196197674689
Variable 'bNXhgpqA.tree_id_0.Node6.t' was not initialized prior to being used
models.generic.SetBranchLength: bNXhgpqA.tree_id_0.Node6.t=0.2093990290521791
Variable 'bNXhgpqA.tree_id_0.Passer_domesticus.t' was not initialized prior to being used
models.generic.SetBranchLength: bNXhgpqA.tree_id_0.Passer_domesticus.t=1.231466215165661
Variable 'bNXhgpqA.tree_id_0.Falco_peregrinus.t' was not initialized prior to being used
models.generic.SetBranchLength: bNXhgpqA.tree_id_0.Falco_peregrinus.t=0.0460799152032382
Variable 'bNXhgpqA.tree_id_0.Falco_tinnunculus.t' was not initialized prior to being used
models.generic.SetBranchLength: bNXhgpqA.tree_id_0.Falco_tinnunculus.t=0.02935450732089718
Variable 'bNXhgpqA.tree_id_0.Node11.t' was not initialized prior to being used
models.generic.SetBranchLength: bNXhgpqA.tree_id_0.Node11.t=0.5655226002339545
Variable 'bNXhgpqA.tree_id_0.Node9.t' was not initialized prior to being used
models.generic.SetBranchLength: bNXhgpqA.tree_id_0.Node9.t=0.3957702798124372
Variable 'bNXhgpqA.bNXhgpqA.likelihoodFunction' was not initialized prior to being used
Auto-benchmarked an optimal number (8) of threads.
Set GUI update interval to every 12-th LF evaluation.
Optimization settings:
	OPTIMIZATION_METHOD = 4
	OPTIMIZATION_PRECISION = 0.001
	MAXIMUM_ITERATIONS_PER_VARIABLE = 5000

Initial parameter values

busted.test.theta_GT = 0.147229
busted.test.theta_CT = 0.816519
busted.test.theta_AC = 0.253718
busted.test.theta_CG = 0.311028
busted.test.theta_AT = 0.177251
busted.background.omega3 = 9.52381
busted.background.omega2 = 0.238095
busted.background.omega1 = 0
busted.background.bsrel_mixture_aux_1 = 0.666667
busted.test.bsrel_mixture_aux_0 = 0.7
busted.background.bsrel_mixture_aux_0 = 0.7
busted.test.omega1 = 0
busted.test.bsrel_mixture_aux_1 = 0.666667
busted.test.omega3 = 9.52381
busted.test.omega2 = 0.238095
bNXhgpqA.tree_id_0.Leptosomus_discolor.t = 0.359731
bNXhgpqA.tree_id_0.Colius_striatus.t = 1.00218
bNXhgpqA.tree_id_0.Node2.t = 0
bNXhgpqA.tree_id_0.Tyto_alba.t = 0.309636
bNXhgpqA.tree_id_0.Node1.t = 0.0268645
bNXhgpqA.tree_id_0.Haliaeetus_leucocephalus.t = 0.0800278
bNXhgpqA.tree_id_0.Aquila_chrysaetos.t = 0.074912
bNXhgpqA.tree_id_0.Node6.t = 0.209399
bNXhgpqA.tree_id_0.Passer_domesticus.t = 1.23147
bNXhgpqA.tree_id_0.Falco_peregrinus.t = 0.0460799
bNXhgpqA.tree_id_0.Falco_tinnunculus.t = 0.0293545
bNXhgpqA.tree_id_0.Node11.t = 0.565523
bNXhgpqA.tree_id_0.Node9.t = 0.39577
Optimization finished in 38 loop passes.
4042 likelihood evaluation calls and 86412 matrix exponentiations calls were made

Variable 'fwzZKKZr.bNXhgpqA.likelihoodFunction' was not initialized prior to being used
Auto-benchmarked an optimal number (8) of threads.
Set GUI update interval to every 5-th LF evaluation.
Optimization settings:
	OPTIMIZATION_METHOD = 4
	OPTIMIZATION_PRECISION = 0.001
	MAXIMUM_ITERATIONS_PER_VARIABLE = 5000

Initial parameter values

busted.test.theta_GT = 0.143303
busted.test.theta_CT = 0.785431
busted.test.theta_AC = 0.241126
busted.test.theta_CG = 0.27357
busted.test.theta_AT = 0.164815
busted.background.omega3 = 1.80883
busted.background.omega1 = 0.140714
busted.background.bsrel_mixture_aux_1 = 0.689222
busted.background.omega2 = 0.325104
busted.background.bsrel_mixture_aux_0 = 0.762135
busted.test.bsrel_mixture_aux_0 = 0.513464
busted.test.omega1 = 0.430499
busted.test.omega2 = 0.572272
busted.test.bsrel_mixture_aux_1 = 0.672789
bNXhgpqA.tree_id_0.Leptosomus_discolor.t = 0.235917
bNXhgpqA.tree_id_0.Colius_striatus.t = 0.711744
bNXhgpqA.tree_id_0.Node2.t = 0
bNXhgpqA.tree_id_0.Tyto_alba.t = 0.228104
bNXhgpqA.tree_id_0.Node1.t = 0.010398
bNXhgpqA.tree_id_0.Haliaeetus_leucocephalus.t = 0.0534774
bNXhgpqA.tree_id_0.Aquila_chrysaetos.t = 0.0527816
bNXhgpqA.tree_id_0.Node6.t = 0.171953
bNXhgpqA.tree_id_0.Passer_domesticus.t = 0.596775
bNXhgpqA.tree_id_0.Falco_peregrinus.t = 0.0325992
bNXhgpqA.tree_id_0.Falco_tinnunculus.t = 0.0194271
bNXhgpqA.tree_id_0.Node11.t = 0.181006
bNXhgpqA.tree_id_0.Node9.t = 0
Optimization finished in 17 loop passes.
1280 likelihood evaluation calls and 24615 matrix exponentiations calls were made

Variable 'USE_JSON_FOR_MATRIX' was not initialized prior to being used