
Loaded 'libv3/all-terms.bf' from /usr/local/lib/hyphy/TemplateBatchFiles/libv3/all-terms.bf
Loaded 'libv3/UtilityFunctions.bf' from /usr/local/lib/hyphy/TemplateBatchFiles/libv3/UtilityFunctions.bf
Loaded 'IOFunctions.bf' from /usr/local/lib/hyphy/TemplateBatchFiles/libv3/IOFunctions.bf
Already loaded 'libv3/UtilityFunctions.bf' from /usr/local/lib/hyphy/TemplateBatchFiles/libv3/UtilityFunctions.bf
Loaded 'convenience/regexp.bf' from /usr/local/lib/hyphy/TemplateBatchFiles/libv3/convenience/regexp.bf
Already loaded 'libv3/all-terms.bf' from /usr/local/lib/hyphy/TemplateBatchFiles/libv3/all-terms.bf
Already loaded 'libv3/IOFunctions.bf' from /usr/local/lib/hyphy/TemplateBatchFiles/libv3/IOFunctions.bf
Loaded 'libv3/tasks/estimators.bf' from /usr/local/lib/hyphy/TemplateBatchFiles/libv3/tasks/estimators.bf
Loaded '../models/model_functions.bf' from /usr/local/lib/hyphy/TemplateBatchFiles/libv3/models/model_functions.bf
Loaded 'DNA.bf' from /usr/local/lib/hyphy/TemplateBatchFiles/libv3/models/DNA.bf
Loaded 'frequencies.bf' from /usr/local/lib/hyphy/TemplateBatchFiles/libv3/models/frequencies.bf
Already loaded '../all-terms.bf' from /usr/local/lib/hyphy/TemplateBatchFiles/libv3/all-terms.bf
Loaded 'parameters.bf' from /usr/local/lib/hyphy/TemplateBatchFiles/libv3/models/parameters.bf
Loaded 'GrabBag' from /usr/local/lib/hyphy/TemplateBatchFiles/Utility/GrabBag.bf
Overwritten previously defined function:'_sortStringsAux'
Already loaded 'libv3/all-terms.bf' from /usr/local/lib/hyphy/TemplateBatchFiles/libv3/all-terms.bf
Already loaded '../UtilityFunctions.bf' from /usr/local/lib/hyphy/TemplateBatchFiles/libv3/UtilityFunctions.bf
Already loaded 'model_functions.bf' from /usr/local/lib/hyphy/TemplateBatchFiles/libv3/models/model_functions.bf
Already loaded 'libv3/all-terms.bf' from /usr/local/lib/hyphy/TemplateBatchFiles/libv3/all-terms.bf
Already loaded 'parameters.bf' from /usr/local/lib/hyphy/TemplateBatchFiles/libv3/models/parameters.bf
Already loaded 'frequencies.bf' from /usr/local/lib/hyphy/TemplateBatchFiles/libv3/models/frequencies.bf
Already loaded '../UtilityFunctions.bf' from /usr/local/lib/hyphy/TemplateBatchFiles/libv3/UtilityFunctions.bf
Already loaded '../convenience/regexp.bf' from /usr/local/lib/hyphy/TemplateBatchFiles/libv3/convenience/regexp.bf
Loaded '../models/DNA/GTR.bf' from /usr/local/lib/hyphy/TemplateBatchFiles/libv3/models/DNA/GTR.bf
Already loaded '../DNA.bf' from /usr/local/lib/hyphy/TemplateBatchFiles/libv3/models/DNA.bf
Already loaded '../parameters.bf' from /usr/local/lib/hyphy/TemplateBatchFiles/libv3/models/parameters.bf
Already loaded '../frequencies.bf' from /usr/local/lib/hyphy/TemplateBatchFiles/libv3/models/frequencies.bf
Already loaded '../../UtilityFunctions.bf' from /usr/local/lib/hyphy/TemplateBatchFiles/libv3/UtilityFunctions.bf
Already loaded 'libv3/all-terms.bf' from /usr/local/lib/hyphy/TemplateBatchFiles/libv3/all-terms.bf
Already loaded '../convenience/regexp.bf' from /usr/local/lib/hyphy/TemplateBatchFiles/libv3/convenience/regexp.bf
Already loaded 'libv3/all-terms.bf' from /usr/local/lib/hyphy/TemplateBatchFiles/libv3/all-terms.bf
Loaded 'libv3/tasks/alignments.bf' from /usr/local/lib/hyphy/TemplateBatchFiles/libv3/tasks/alignments.bf
Already loaded '../IOFunctions.bf' from /usr/local/lib/hyphy/TemplateBatchFiles/libv3/IOFunctions.bf
Already loaded '../all-terms.bf' from /usr/local/lib/hyphy/TemplateBatchFiles/libv3/all-terms.bf
Loaded 'libv3/models/codon.bf' from /usr/local/lib/hyphy/TemplateBatchFiles/libv3/models/codon.bf
Loaded '../tasks/genetic_code.bf' from /usr/local/lib/hyphy/TemplateBatchFiles/libv3/tasks/genetic_code.bf
Loaded 'libv3/convenience/matrix.bf' from /usr/local/lib/hyphy/TemplateBatchFiles/libv3/convenience/matrix.bf
Already loaded 'libv3/UtilityFunctions.bf' from /usr/local/lib/hyphy/TemplateBatchFiles/libv3/UtilityFunctions.bf
Already loaded 'libv3/all-terms.bf' from /usr/local/lib/hyphy/TemplateBatchFiles/libv3/all-terms.bf
Already loaded '../UtilityFunctions.bf' from /usr/local/lib/hyphy/TemplateBatchFiles/libv3/UtilityFunctions.bf
Loaded 'libv3/tasks/trees.bf' from /usr/local/lib/hyphy/TemplateBatchFiles/libv3/tasks/trees.bf
Already loaded '../IOFunctions.bf' from /usr/local/lib/hyphy/TemplateBatchFiles/libv3/IOFunctions.bf
Already loaded '../all-terms.bf' from /usr/local/lib/hyphy/TemplateBatchFiles/libv3/all-terms.bf
Already loaded '../convenience/regexp.bf' from /usr/local/lib/hyphy/TemplateBatchFiles/libv3/convenience/regexp.bf
Already loaded '../UtilityFunctions.bf' from /usr/local/lib/hyphy/TemplateBatchFiles/libv3/UtilityFunctions.bf
Loaded 'TreeTools' from /usr/local/lib/hyphy/TemplateBatchFiles/TreeTools.ibf
Already loaded 'libv3/tasks/genetic_code.bf' from /usr/local/lib/hyphy/TemplateBatchFiles/libv3/tasks/genetic_code.bf
Loaded 'modules/io_functions.ibf' from /usr/local/lib/hyphy/TemplateBatchFiles/SelectionAnalyses/modules/io_functions.ibf
Already loaded 'libv3/UtilityFunctions.bf' from /usr/local/lib/hyphy/TemplateBatchFiles/libv3/UtilityFunctions.bf
Already loaded 'libv3/IOFunctions.bf' from /usr/local/lib/hyphy/TemplateBatchFiles/libv3/IOFunctions.bf
Already loaded 'libv3/convenience/regexp.bf' from /usr/local/lib/hyphy/TemplateBatchFiles/libv3/convenience/regexp.bf
Already loaded 'libv3/all-terms.bf' from /usr/local/lib/hyphy/TemplateBatchFiles/libv3/all-terms.bf
Loaded 'modules/selection_lib.ibf' from /usr/local/lib/hyphy/TemplateBatchFiles/SelectionAnalyses/modules/selection_lib.ibf
Loaded 'libv3/models/codon/BS_REL.bf' from /usr/local/lib/hyphy/TemplateBatchFiles/libv3/models/codon/BS_REL.bf
Already loaded '../codon.bf' from /usr/local/lib/hyphy/TemplateBatchFiles/libv3/models/codon.bf
Already loaded '../DNA.bf' from /usr/local/lib/hyphy/TemplateBatchFiles/libv3/models/DNA.bf
Already loaded '../parameters.bf' from /usr/local/lib/hyphy/TemplateBatchFiles/libv3/models/parameters.bf
Already loaded '../frequencies.bf' from /usr/local/lib/hyphy/TemplateBatchFiles/libv3/models/frequencies.bf
Already loaded '../../UtilityFunctions.bf' from /usr/local/lib/hyphy/TemplateBatchFiles/libv3/UtilityFunctions.bf
Loaded 'MG_REV.bf' from /usr/local/lib/hyphy/TemplateBatchFiles/libv3/models/codon/MG_REV.bf
Already loaded '../codon.bf' from /usr/local/lib/hyphy/TemplateBatchFiles/libv3/models/codon.bf
Already loaded '../DNA.bf' from /usr/local/lib/hyphy/TemplateBatchFiles/libv3/models/DNA.bf
Already loaded '../parameters.bf' from /usr/local/lib/hyphy/TemplateBatchFiles/libv3/models/parameters.bf
Already loaded '../frequencies.bf' from /usr/local/lib/hyphy/TemplateBatchFiles/libv3/models/frequencies.bf
Already loaded '../../UtilityFunctions.bf' from /usr/local/lib/hyphy/TemplateBatchFiles/libv3/UtilityFunctions.bf
Loaded '../../convenience/math.bf' from /usr/local/lib/hyphy/TemplateBatchFiles/libv3/convenience/math.bf
Already loaded 'libv3/UtilityFunctions.bf' from /usr/local/lib/hyphy/TemplateBatchFiles/libv3/UtilityFunctions.bf
Already loaded 'libv3/convenience/math.bf' from /usr/local/lib/hyphy/TemplateBatchFiles/libv3/convenience/math.bf
Variable 'NORMALIZE_SEQUENCE_NAMES' was not initialized prior to being used
Loaded 'modules/shared-load-file.bf' from /usr/local/lib/hyphy/TemplateBatchFiles/SelectionAnalyses/modules/shared-load-file.bf
Variable 'MARKDOWN_OUTPUT' was not initialized prior to being used
Already loaded 'libv3/convenience/matrix.bf' from /usr/local/lib/hyphy/TemplateBatchFiles/libv3/convenience/matrix.bf
Already loaded 'libv3/UtilityFunctions.bf' from /usr/local/lib/hyphy/TemplateBatchFiles/libv3/UtilityFunctions.bf
Variable 'qxfkUNly.skipCodeSelectionStep' was not initialized prior to being used
Row and/or column partition is empty. All the data will be used by default.
Variable 'NEXUS_FILE_TREE_MATRIX' was not initialized prior to being used
Variable 'utility.ToggleEnvVariable.cache' was not initialized prior to being used
Variable 'TREE_NODE_NAME_MAPPING' was not initialized prior to being used
Variable 'U_ruRlDi.PROMPT_FOR_FILE' was not initialized prior to being used
Variable 'END_OF_FILE' was not initialized prior to being used
Variable '_DO_TREE_REBALANCE_' was not initialized prior to being used
Variable '_KEEP_I_LABELS_' was not initialized prior to being used
Variable 'INCLUDE_MODEL_SPECS' was not initialized prior to being used
Variable 'utility.ForEachPair.warn_non_rentrant' was not initialized prior to being used
Row and/or column partition is empty. All the data will be used by default.
Row and/or column partition is empty. All the data will be used by default.
Variable 'Izhyfyah.cache' was not initialized prior to being used
Row and/or column partition is empty. All the data will be used by default.
Variable 'COUNT_GAPS_IN_FREQUENCIES' was not initialized prior to being used
Variable 'ZTahssZk.model_pi' was not initialized prior to being used
Model ZTahssZk.model assigned to Leptosomus_discolor
Model ZTahssZk.model assigned to Colius_striatus
Model ZTahssZk.model assigned to Node2
Model ZTahssZk.model assigned to Tyto_alba
Model ZTahssZk.model assigned to Node1
Model ZTahssZk.model assigned to Haliaeetus_leucocephalus
Model ZTahssZk.model assigned to Aquila_chrysaetos
Model ZTahssZk.model assigned to Node6
Model ZTahssZk.model assigned to Lonchura_striata
Model ZTahssZk.model assigned to Falco_peregrinus
Model ZTahssZk.model assigned to Falco_tinnunculus
Model ZTahssZk.model assigned to Node11
Model ZTahssZk.model assigned to Node9
The tips of the tree:ZTahssZk.tree_0 were matched with the species names from the data in the following numeric order (0-based) {1,5,4,3,2,0,6,7}

Pseudo-optimal path's cost 959 vs 1669 for 1..k=> a 1.74035 x improvement
Partition 0 reversible model flag computed as 1
Variable 'USE_LAST_RESULTS' was not initialized prior to being used
Variable 'ZTahssZk.tree_0.Leptosomus_discolor.t' was not initialized prior to being used
models.generic.SetBranchLength: ZTahssZk.tree_0.Leptosomus_discolor.t=180.2237693363249
Variable 'ZTahssZk.tree_0.Colius_striatus.t' was not initialized prior to being used
models.generic.SetBranchLength: ZTahssZk.tree_0.Colius_striatus.t=180.2237693363249
Variable 'ZTahssZk.tree_0.Node2.t' was not initialized prior to being used
models.generic.SetBranchLength: ZTahssZk.tree_0.Node2.t=7.026051462545084
Variable 'ZTahssZk.tree_0.Tyto_alba.t' was not initialized prior to being used
models.generic.SetBranchLength: ZTahssZk.tree_0.Tyto_alba.t=184.9837177504615
Variable 'ZTahssZk.tree_0.Node1.t' was not initialized prior to being used
models.generic.SetBranchLength: ZTahssZk.tree_0.Node1.t=5.296806699435784
Variable 'ZTahssZk.tree_0.Haliaeetus_leucocephalus.t' was not initialized prior to being used
models.generic.SetBranchLength: ZTahssZk.tree_0.Haliaeetus_leucocephalus.t=77.83592025983789
Variable 'ZTahssZk.tree_0.Aquila_chrysaetos.t' was not initialized prior to being used
models.generic.SetBranchLength: ZTahssZk.tree_0.Aquila_chrysaetos.t=77.83592025983789
Variable 'ZTahssZk.tree_0.Node6.t' was not initialized prior to being used
models.generic.SetBranchLength: ZTahssZk.tree_0.Node6.t=114.7107072384678
Variable 'ZTahssZk.tree_0.Lonchura_striata.t' was not initialized prior to being used
models.generic.SetBranchLength: ZTahssZk.tree_0.Lonchura_striata.t=180.5932593031807
Variable 'ZTahssZk.tree_0.Falco_peregrinus.t' was not initialized prior to being used
models.generic.SetBranchLength: ZTahssZk.tree_0.Falco_peregrinus.t=19.03301251899163
Variable 'ZTahssZk.tree_0.Falco_tinnunculus.t' was not initialized prior to being used
models.generic.SetBranchLength: ZTahssZk.tree_0.Falco_tinnunculus.t=19.03301251899163
Variable 'ZTahssZk.tree_0.Node11.t' was not initialized prior to being used
models.generic.SetBranchLength: ZTahssZk.tree_0.Node11.t=161.5602467841891
Variable 'ZTahssZk.tree_0.Node9.t' was not initialized prior to being used
models.generic.SetBranchLength: ZTahssZk.tree_0.Node9.t=11.95336819512505
Variable 'ZTahssZk.ZTahssZk.likelihoodFunction' was not initialized prior to being used
Variable 'SAVE_OPT_STATUS_TO' was not initialized prior to being used
Auto-benchmarked an optimal number (1) of threads.
Set GUI update interval to every 3125-th LF evaluation.
Optimization settings:
	OPTIMIZATION_METHOD = 4
	OPTIMIZATION_PRECISION = 0.001
	MAXIMUM_ITERATIONS_PER_VARIABLE = 5000

Initial parameter values

ZTahssZk.model.theta_GT = 0.25
ZTahssZk.model.theta_CT = 1
ZTahssZk.model.theta_AC = 0.25
ZTahssZk.model.theta_CG = 0.25
ZTahssZk.model.theta_AT = 0.25
ZTahssZk.tree_0.Leptosomus_discolor.t = 180.224
ZTahssZk.tree_0.Colius_striatus.t = 180.224
ZTahssZk.tree_0.Node2.t = 7.02605
ZTahssZk.tree_0.Tyto_alba.t = 184.984
ZTahssZk.tree_0.Node1.t = 5.29681
ZTahssZk.tree_0.Haliaeetus_leucocephalus.t = 77.8359
ZTahssZk.tree_0.Aquila_chrysaetos.t = 77.8359
ZTahssZk.tree_0.Node6.t = 114.711
ZTahssZk.tree_0.Lonchura_striata.t = 180.593
ZTahssZk.tree_0.Falco_peregrinus.t = 19.033
ZTahssZk.tree_0.Falco_tinnunculus.t = 19.033
ZTahssZk.tree_0.Node11.t = 161.56
ZTahssZk.tree_0.Node9.t = 11.9534
Optimization finished in 27 loop passes.
1824 likelihood evaluation calls and 10407 matrix exponentiations calls were made

Variable 'BRANCH_LENGTH_STENCIL' was not initialized prior to being used
Variable 'ZTahssZk.option' was not initialized prior to being used
Variable 'busted.terms.json.nucleotide_gtr' was not initialized prior to being used
Variable 'Unknown' was not initialized prior to being used
Variable 'EWcGnbot.initial_value' was not initialized prior to being used
Variable 'DcNBDSaY.data_filter' was not initialized prior to being used
Row and/or column partition is empty. All the data will be used by default.
Auto-benchmarked an optimal number (3) of threads.
Set GUI update interval to every 3030-th LF evaluation.
Optimization settings:
	OPTIMIZATION_METHOD = 4
	OPTIMIZATION_PRECISION = 0.001
	MAXIMUM_ITERATIONS_PER_VARIABLE = 5000

Initial parameter values

frequencies._aux.CF3x4.p0_0 = 0.34944
frequencies._aux.CF3x4.p0_1 = 0.26211
frequencies._aux.CF3x4.p0_2 = 0.489424
frequencies._aux.CF3x4.p1_0 = 0.257003
frequencies._aux.CF3x4.p1_1 = 0.309614
frequencies._aux.CF3x4.p1_2 = 0.270307
frequencies._aux.CF3x4.p2_0 = 0.256303
frequencies._aux.CF3x4.p2_1 = 0.316384
frequencies._aux.CF3x4.p2_2 = 0.389118
Optimization finished in 4 loop passes.
164 likelihood evaluation calls and 0 matrix exponentiations calls were made

Variable 'DcNBDSaY.model_MGREV_pi' was not initialized prior to being used
Model DcNBDSaY.model_MGREV assigned to Leptosomus_discolor
Model DcNBDSaY.model_MGREV assigned to Colius_striatus
Model DcNBDSaY.model_MGREV assigned to Node2
Model DcNBDSaY.model_MGREV assigned to Tyto_alba
Model DcNBDSaY.model_MGREV assigned to Node1
Model DcNBDSaY.model_MGREV assigned to Haliaeetus_leucocephalus
Model DcNBDSaY.model_MGREV assigned to Aquila_chrysaetos
Model DcNBDSaY.model_MGREV assigned to Node6
Model DcNBDSaY.model_MGREV assigned to Lonchura_striata
Model DcNBDSaY.model_MGREV assigned to Falco_peregrinus
Model DcNBDSaY.model_MGREV assigned to Falco_tinnunculus
Model DcNBDSaY.model_MGREV assigned to Node11
Model DcNBDSaY.model_MGREV assigned to Node9
The tips of the tree:DcNBDSaY.tree_0 were matched with the species names from the data in the following numeric order (0-based) {1,5,4,3,2,0,6,7}

Pseudo-optimal path's cost 2323 vs 3283 for 1..k=> a 1.41326 x improvement
Partition 0 reversible model flag computed as 1
Variable 'DcNBDSaY.DcNBDSaY.likelihoodFunction' was not initialized prior to being used
Variable 'DcNBDSaY.tree_0.Leptosomus_discolor.alpha' was not initialized prior to being used
Variable 'DcNBDSaY.tree_0.Colius_striatus.alpha' was not initialized prior to being used
Variable 'DcNBDSaY.tree_0.Node2.alpha' was not initialized prior to being used
Variable 'DcNBDSaY.tree_0.Tyto_alba.alpha' was not initialized prior to being used
Variable 'DcNBDSaY.tree_0.Node1.alpha' was not initialized prior to being used
Variable 'DcNBDSaY.tree_0.Haliaeetus_leucocephalus.alpha' was not initialized prior to being used
Variable 'DcNBDSaY.tree_0.Aquila_chrysaetos.alpha' was not initialized prior to being used
Variable 'DcNBDSaY.tree_0.Node6.alpha' was not initialized prior to being used
Variable 'DcNBDSaY.tree_0.Lonchura_striata.alpha' was not initialized prior to being used
Variable 'DcNBDSaY.tree_0.Falco_peregrinus.alpha' was not initialized prior to being used
Variable 'DcNBDSaY.tree_0.Falco_tinnunculus.alpha' was not initialized prior to being used
Variable 'DcNBDSaY.tree_0.Node11.alpha' was not initialized prior to being used
Variable 'DcNBDSaY.tree_0.Node9.alpha' was not initialized prior to being used
Site 22 evaluated to a 0 probability in ComputeTreeBlockByBranch
Site 22 evaluated to a 0 probability in ComputeTreeBlockByBranch
Site 234 evaluated to a 0 probability in ComputeTreeBlockByBranch
Auto-benchmarked an optimal number (1) of threads.
Set GUI update interval to every 104-th LF evaluation.
Initial guess for DcNBDSaY.tree_0.Node2.alpha is -8.59943e-07
Initial guess for DcNBDSaY.tree_0.Leptosomus_discolor.alpha is 1.96817e-05
Initial guess for DcNBDSaY.tree_0.Colius_striatus.alpha is 5.18121e-05
Initial guess for DcNBDSaY.tree_0.Tyto_alba.alpha is 1.71018e-05
Initial guess for DcNBDSaY.tree_0.Node6.alpha is -1.69956e-06
Initial guess for DcNBDSaY.tree_0.Haliaeetus_leucocephalus.alpha is 4.47859e-06
Initial guess for DcNBDSaY.tree_0.Aquila_chrysaetos.alpha is 4.82084e-06
Initial guess for DcNBDSaY.tree_0.Node9.alpha is 1.27605e-05
Initial guess for DcNBDSaY.tree_0.Lonchura_striata.alpha is 8.98071e-05
Initial guess for DcNBDSaY.tree_0.Node11.alpha is 3.743e-06
Initial guess for DcNBDSaY.tree_0.Falco_peregrinus.alpha is 2.76079e-06
Initial guess for DcNBDSaY.tree_0.Falco_tinnunculus.alpha is 1.8889e-06
Optimization settings:
	OPTIMIZATION_METHOD = 4
	OPTIMIZATION_PRECISION = 0.001
	MAXIMUM_ITERATIONS_PER_VARIABLE = 5000

Initial parameter values

DcNBDSaY.model_MGREV.theta_GT = 1
DcNBDSaY.model_MGREV.theta_CT = 1
DcNBDSaY.model_MGREV.theta_CG = 1
DcNBDSaY.model_MGREV.theta_AC = 1
DcNBDSaY.model_MGREV.theta_AT = 1
DcNBDSaY.model_MGREV.omega_0 = 1
DcNBDSaY.tree_0.Leptosomus_discolor.alpha = 1.96817e-05
DcNBDSaY.tree_0.Colius_striatus.alpha = 5.18121e-05
DcNBDSaY.tree_0.Node2.alpha = 0
DcNBDSaY.tree_0.Tyto_alba.alpha = 1.71018e-05
DcNBDSaY.tree_0.Node1.alpha = 0.1
DcNBDSaY.tree_0.Haliaeetus_leucocephalus.alpha = 4.47859e-06
DcNBDSaY.tree_0.Aquila_chrysaetos.alpha = 4.82084e-06
DcNBDSaY.tree_0.Node6.alpha = 0
DcNBDSaY.tree_0.Lonchura_striata.alpha = 8.98071e-05
DcNBDSaY.tree_0.Falco_peregrinus.alpha = 2.76079e-06
DcNBDSaY.tree_0.Falco_tinnunculus.alpha = 1.8889e-06
DcNBDSaY.tree_0.Node11.alpha = 3.743e-06
DcNBDSaY.tree_0.Node9.alpha = 1.27605e-05
DcNBDSaY.model_MGREV.omega_1 = 1
Failing bound checks on DcNBDSaY.tree_0.Node6.beta =         10000.32847086292
Optimization finished in 36 loop passes.
2001 likelihood evaluation calls and 11646 matrix exponentiations calls were made

Row and/or column partition is empty. All the data will be used by default.
Auto-benchmarked an optimal number (1) of threads.
Set GUI update interval to every 2673-th LF evaluation.
Optimization settings:
	OPTIMIZATION_METHOD = 4
	OPTIMIZATION_PRECISION = 0.001
	MAXIMUM_ITERATIONS_PER_VARIABLE = 5000

Initial parameter values

frequencies._aux.CF3x4.p0_0 = 0.34944
frequencies._aux.CF3x4.p0_1 = 0.26211
frequencies._aux.CF3x4.p0_2 = 0.489424
frequencies._aux.CF3x4.p1_0 = 0.257003
frequencies._aux.CF3x4.p1_1 = 0.309614
frequencies._aux.CF3x4.p1_2 = 0.270307
frequencies._aux.CF3x4.p2_0 = 0.256303
frequencies._aux.CF3x4.p2_1 = 0.316384
frequencies._aux.CF3x4.p2_2 = 0.389118
Optimization finished in 4 loop passes.
162 likelihood evaluation calls and 0 matrix exponentiations calls were made

Variable 'DcNBDSaY.model_MGREV_pi' was not initialized prior to being used
Model DcNBDSaY.model_MGREV assigned to Leptosomus_discolor
Model DcNBDSaY.model_MGREV assigned to Colius_striatus
Model DcNBDSaY.model_MGREV assigned to Node2
Model DcNBDSaY.model_MGREV assigned to Tyto_alba
Model DcNBDSaY.model_MGREV assigned to Node1
Model DcNBDSaY.model_MGREV assigned to Haliaeetus_leucocephalus
Model DcNBDSaY.model_MGREV assigned to Aquila_chrysaetos
Model DcNBDSaY.model_MGREV assigned to Node6
Model DcNBDSaY.model_MGREV assigned to Lonchura_striata
Model DcNBDSaY.model_MGREV assigned to Falco_peregrinus
Model DcNBDSaY.model_MGREV assigned to Falco_tinnunculus
Model DcNBDSaY.model_MGREV assigned to Node11
Model DcNBDSaY.model_MGREV assigned to Node9
The tips of the tree:DcNBDSaY.tree_0 were matched with the species names from the data in the following numeric order (0-based) {1,5,4,3,2,0,6,7}

Pseudo-optimal path's cost 2323 vs 3283 for 1..k=> a 1.41326 x improvement
Partition 0 reversible model flag computed as 1
Variable 'DcNBDSaY.tree_0.Falco_tinnunculus.alpha' was not initialized prior to being used
Variable 'DcNBDSaY.tree_0.Falco_peregrinus.alpha' was not initialized prior to being used
Variable 'DcNBDSaY.tree_0.Node11.alpha' was not initialized prior to being used
Variable 'DcNBDSaY.tree_0.Lonchura_striata.alpha' was not initialized prior to being used
Variable 'DcNBDSaY.tree_0.Node6.alpha' was not initialized prior to being used
Variable 'DcNBDSaY.tree_0.Aquila_chrysaetos.alpha' was not initialized prior to being used
Variable 'DcNBDSaY.tree_0.Haliaeetus_leucocephalus.alpha' was not initialized prior to being used
Variable 'DcNBDSaY.tree_0.Node1.alpha' was not initialized prior to being used
Variable 'DcNBDSaY.tree_0.Node2.alpha' was not initialized prior to being used
Variable 'DcNBDSaY.tree_0.Tyto_alba.alpha' was not initialized prior to being used
Variable 'DcNBDSaY.tree_0.Colius_striatus.alpha' was not initialized prior to being used
Variable 'DcNBDSaY.tree_0.Leptosomus_discolor.alpha' was not initialized prior to being used
Variable 'DcNBDSaY.tree_0.Node9.alpha' was not initialized prior to being used
Site 22 evaluated to a 0 probability in ComputeTreeBlockByBranch
Site 22 evaluated to a 0 probability in ComputeTreeBlockByBranch
Site 234 evaluated to a 0 probability in ComputeTreeBlockByBranch
Site 259 evaluated to a 0 probability in ComputeTreeBlockByBranch
Site 22 evaluated to a 0 probability in ComputeTreeBlockByBranch
Site 113 evaluated to a 0 probability in ComputeTreeBlockByBranch
Auto-benchmarked an optimal number (2) of threads.
Set GUI update interval to every 60-th LF evaluation.
Initial guess for DcNBDSaY.tree_0.Node2.alpha is -8.59943e-07
Initial guess for DcNBDSaY.tree_0.Leptosomus_discolor.alpha is 1.96817e-05
Initial guess for DcNBDSaY.tree_0.Colius_striatus.alpha is 5.18121e-05
Initial guess for DcNBDSaY.tree_0.Tyto_alba.alpha is 1.71018e-05
Initial guess for DcNBDSaY.tree_0.Node6.alpha is -1.69956e-06
Initial guess for DcNBDSaY.tree_0.Haliaeetus_leucocephalus.alpha is 4.47859e-06
Initial guess for DcNBDSaY.tree_0.Aquila_chrysaetos.alpha is 4.82084e-06
Initial guess for DcNBDSaY.tree_0.Node9.alpha is 1.27605e-05
Initial guess for DcNBDSaY.tree_0.Lonchura_striata.alpha is 8.98071e-05
Initial guess for DcNBDSaY.tree_0.Node11.alpha is 3.743e-06
Initial guess for DcNBDSaY.tree_0.Falco_peregrinus.alpha is 2.76079e-06
Initial guess for DcNBDSaY.tree_0.Falco_tinnunculus.alpha is 1.8889e-06
Optimization settings:
	OPTIMIZATION_METHOD = 4
	OPTIMIZATION_PRECISION = 0.001
	MAXIMUM_ITERATIONS_PER_VARIABLE = 5000

Initial parameter values

DcNBDSaY.model_MGREV.theta_CG = 1
DcNBDSaY.model_MGREV.theta_CT = 1
DcNBDSaY.model_MGREV.theta_GT = 1
DcNBDSaY.model_MGREV.theta_AT = 1
DcNBDSaY.model_MGREV.theta_AC = 1
DcNBDSaY.model_MGREV.omega_0 = 1
DcNBDSaY.tree_0.Leptosomus_discolor.alpha = 1.96817e-05
DcNBDSaY.tree_0.Colius_striatus.alpha = 5.18121e-05
DcNBDSaY.tree_0.Node2.alpha = 0
DcNBDSaY.tree_0.Tyto_alba.alpha = 1.71018e-05
DcNBDSaY.tree_0.Node1.alpha = 0.1
DcNBDSaY.tree_0.Haliaeetus_leucocephalus.alpha = 4.47859e-06
DcNBDSaY.tree_0.Aquila_chrysaetos.alpha = 4.82084e-06
DcNBDSaY.tree_0.Node6.alpha = 0
DcNBDSaY.tree_0.Lonchura_striata.alpha = 8.98071e-05
DcNBDSaY.tree_0.Falco_peregrinus.alpha = 2.76079e-06
DcNBDSaY.tree_0.Falco_tinnunculus.alpha = 1.8889e-06
DcNBDSaY.tree_0.Node11.alpha = 3.743e-06
DcNBDSaY.tree_0.Node9.alpha = 1.27605e-05
DcNBDSaY.model_MGREV.omega_1 = 1
Failing bound checks on DcNBDSaY.tree_0.Node6.beta =         10000.32847086292
Optimization finished in 32 loop passes.
1974 likelihood evaluation calls and 11934 matrix exponentiations calls were made

Overwritten previously defined function:'bDJnTuTl.rate_generator'
Overwritten previously defined function:'bDJnTuTl.rate_generator'
Auto-benchmarked an optimal number (3) of threads.
Set GUI update interval to every 2890-th LF evaluation.
Optimization settings:
	OPTIMIZATION_METHOD = 4
	OPTIMIZATION_PRECISION = 0.001
	MAXIMUM_ITERATIONS_PER_VARIABLE = 5000

Initial parameter values

frequencies._aux.CF3x4.p0_0 = 0.34944
frequencies._aux.CF3x4.p0_1 = 0.26211
frequencies._aux.CF3x4.p0_2 = 0.489424
frequencies._aux.CF3x4.p1_0 = 0.257003
frequencies._aux.CF3x4.p1_1 = 0.309614
frequencies._aux.CF3x4.p1_2 = 0.270307
frequencies._aux.CF3x4.p2_0 = 0.256303
frequencies._aux.CF3x4.p2_1 = 0.316384
frequencies._aux.CF3x4.p2_2 = 0.389118
Optimization finished in 4 loop passes.
164 likelihood evaluation calls and 0 matrix exponentiations calls were made

Variable 'busted.test_pi' was not initialized prior to being used
Overwritten previously defined function:'bDJnTuTl.rate_generator'
Overwritten previously defined function:'bDJnTuTl.rate_generator'
Overwritten previously defined function:'bDJnTuTl.rate_generator'
Auto-benchmarked an optimal number (4) of threads.
Set GUI update interval to every 2958-th LF evaluation.
Optimization settings:
	OPTIMIZATION_METHOD = 4
	OPTIMIZATION_PRECISION = 0.001
	MAXIMUM_ITERATIONS_PER_VARIABLE = 5000

Initial parameter values

frequencies._aux.CF3x4.p0_0 = 0.34944
frequencies._aux.CF3x4.p0_1 = 0.26211
frequencies._aux.CF3x4.p0_2 = 0.489424
frequencies._aux.CF3x4.p1_0 = 0.257003
frequencies._aux.CF3x4.p1_1 = 0.309614
frequencies._aux.CF3x4.p1_2 = 0.270307
frequencies._aux.CF3x4.p2_0 = 0.256303
frequencies._aux.CF3x4.p2_1 = 0.316384
frequencies._aux.CF3x4.p2_2 = 0.389118
Optimization finished in 4 loop passes.
165 likelihood evaluation calls and 0 matrix exponentiations calls were made

Variable 'busted.background_pi' was not initialized prior to being used
Variable 'ASSUME_REVERSIBLE_MODELS' was not initialized prior to being used
No nodel was assigned to Leptosomus_discolor
No nodel was assigned to Colius_striatus
No nodel was assigned to Node2
No nodel was assigned to Tyto_alba
No nodel was assigned to Node1
No nodel was assigned to Haliaeetus_leucocephalus
No nodel was assigned to Aquila_chrysaetos
No nodel was assigned to Node6
No nodel was assigned to Lonchura_striata
No nodel was assigned to Falco_peregrinus
No nodel was assigned to Falco_tinnunculus
No nodel was assigned to Node11
No nodel was assigned to Node9
The tips of the tree:eCPowemy.tree_id_0 were matched with the species names from the data in the following numeric order (0-based) {1,5,4,3,2,0,6,7}

Pseudo-optimal path's cost 2323 vs 3283 for 1..k=> a 1.41326 x improvement
Partition 0 is ASSUMED to have a reversible model
busted.background.theta_AC was already constrained in estimators.SetGlobals2
busted.background.theta_AG was already constrained in estimators.SetGlobals2
busted.background.theta_AT was already constrained in estimators.SetGlobals2
busted.background.theta_CG was already constrained in estimators.SetGlobals2
busted.background.theta_CT was already constrained in estimators.SetGlobals2
busted.background.theta_GT was already constrained in estimators.SetGlobals2
busted.test.theta_AG was already constrained in estimators.SetGlobals2
Variable 'eCPowemy.tree_id_0.Leptosomus_discolor.t' was not initialized prior to being used
models.generic.SetBranchLength: eCPowemy.tree_id_0.Leptosomus_discolor.t=0.3415232511321459
Variable 'eCPowemy.tree_id_0.Colius_striatus.t' was not initialized prior to being used
models.generic.SetBranchLength: eCPowemy.tree_id_0.Colius_striatus.t=0.9572321604227846
Variable 'eCPowemy.tree_id_0.Node2.t' was not initialized prior to being used
models.generic.SetBranchLength: eCPowemy.tree_id_0.Node2.t=0
Variable 'eCPowemy.tree_id_0.Tyto_alba.t' was not initialized prior to being used
models.generic.SetBranchLength: eCPowemy.tree_id_0.Tyto_alba.t=0.3001838816401549
Variable 'eCPowemy.tree_id_0.Node1.t' was not initialized prior to being used
models.generic.SetBranchLength: eCPowemy.tree_id_0.Node1.t=0.009605655038002538
Variable 'eCPowemy.tree_id_0.Haliaeetus_leucocephalus.t' was not initialized prior to being used
models.generic.SetBranchLength: eCPowemy.tree_id_0.Haliaeetus_leucocephalus.t=0.07666002774268355
Variable 'eCPowemy.tree_id_0.Aquila_chrysaetos.t' was not initialized prior to being used
models.generic.SetBranchLength: eCPowemy.tree_id_0.Aquila_chrysaetos.t=0.073205803769525
Variable 'eCPowemy.tree_id_0.Node6.t' was not initialized prior to being used
models.generic.SetBranchLength: eCPowemy.tree_id_0.Node6.t=0.2227040026438012
Variable 'eCPowemy.tree_id_0.Lonchura_striata.t' was not initialized prior to being used
models.generic.SetBranchLength: eCPowemy.tree_id_0.Lonchura_striata.t=1.169609243012135
Variable 'eCPowemy.tree_id_0.Falco_peregrinus.t' was not initialized prior to being used
models.generic.SetBranchLength: eCPowemy.tree_id_0.Falco_peregrinus.t=0.04486035527768086
Variable 'eCPowemy.tree_id_0.Falco_tinnunculus.t' was not initialized prior to being used
models.generic.SetBranchLength: eCPowemy.tree_id_0.Falco_tinnunculus.t=0.02809845163524041
Variable 'eCPowemy.tree_id_0.Node11.t' was not initialized prior to being used
models.generic.SetBranchLength: eCPowemy.tree_id_0.Node11.t=0.4887467113987172
Variable 'eCPowemy.tree_id_0.Node9.t' was not initialized prior to being used
models.generic.SetBranchLength: eCPowemy.tree_id_0.Node9.t=0.3684483978339971
Variable 'eCPowemy.eCPowemy.likelihoodFunction' was not initialized prior to being used
Auto-benchmarked an optimal number (8) of threads.
Set GUI update interval to every 4-th LF evaluation.
Optimization settings:
	OPTIMIZATION_METHOD = 4
	OPTIMIZATION_PRECISION = 0.001
	MAXIMUM_ITERATIONS_PER_VARIABLE = 5000

Initial parameter values

busted.test.theta_GT = 0.193603
busted.test.theta_CT = 0.830409
busted.test.theta_AC = 0.281157
busted.test.theta_CG = 0.374919
busted.test.theta_AT = 0.153975
busted.background.omega3 = 9.52381
busted.background.omega2 = 0.238095
busted.background.omega1 = 0
busted.background.bsrel_mixture_aux_1 = 0.666667
busted.test.bsrel_mixture_aux_0 = 0.7
busted.background.bsrel_mixture_aux_0 = 0.7
busted.test.omega1 = 0
busted.test.bsrel_mixture_aux_1 = 0.666667
busted.test.omega3 = 9.52381
busted.test.omega2 = 0.238095
eCPowemy.tree_id_0.Leptosomus_discolor.t = 0.341523
eCPowemy.tree_id_0.Colius_striatus.t = 0.957232
eCPowemy.tree_id_0.Node2.t = 0
eCPowemy.tree_id_0.Tyto_alba.t = 0.300184
eCPowemy.tree_id_0.Node1.t = 0.00960566
eCPowemy.tree_id_0.Haliaeetus_leucocephalus.t = 0.07666
eCPowemy.tree_id_0.Aquila_chrysaetos.t = 0.0732058
eCPowemy.tree_id_0.Node6.t = 0.222704
eCPowemy.tree_id_0.Lonchura_striata.t = 1.16961
eCPowemy.tree_id_0.Falco_peregrinus.t = 0.0448604
eCPowemy.tree_id_0.Falco_tinnunculus.t = 0.0280985
eCPowemy.tree_id_0.Node11.t = 0.488747
eCPowemy.tree_id_0.Node9.t = 0.368448
Optimization finished in 72 loop passes.
6951 likelihood evaluation calls and 155784 matrix exponentiations calls were made

Variable 'KsVdQBSF.eCPowemy.likelihoodFunction' was not initialized prior to being used
Auto-benchmarked an optimal number (2) of threads.
Set GUI update interval to every 11-th LF evaluation.
Optimization settings:
	OPTIMIZATION_METHOD = 4
	OPTIMIZATION_PRECISION = 0.001
	MAXIMUM_ITERATIONS_PER_VARIABLE = 5000

Initial parameter values

busted.test.theta_GT = 0.176772
busted.test.theta_CT = 0.773859
busted.test.theta_AC = 0.244406
busted.test.theta_CG = 0.313767
busted.test.theta_AT = 0.120177
busted.background.omega3 = 1.52421
busted.background.omega1 = 0.119565
busted.background.bsrel_mixture_aux_1 = 0.649296
busted.background.omega2 = 0.464699
busted.background.bsrel_mixture_aux_0 = 0.759945
busted.test.bsrel_mixture_aux_0 = 0.651294
busted.test.omega1 = 0.501799
busted.test.omega2 = 1
busted.test.bsrel_mixture_aux_1 = 0.715046
eCPowemy.tree_id_0.Leptosomus_discolor.t = 0.24296
eCPowemy.tree_id_0.Colius_striatus.t = 0.707088
eCPowemy.tree_id_0.Node2.t = 0
eCPowemy.tree_id_0.Tyto_alba.t = 0.224
eCPowemy.tree_id_0.Node1.t = 0.0102106
eCPowemy.tree_id_0.Haliaeetus_leucocephalus.t = 0.0535131
eCPowemy.tree_id_0.Aquila_chrysaetos.t = 0.0541635
eCPowemy.tree_id_0.Node6.t = 0.169717
eCPowemy.tree_id_0.Lonchura_striata.t = 0.497142
eCPowemy.tree_id_0.Falco_peregrinus.t = 0.0329993
eCPowemy.tree_id_0.Falco_tinnunculus.t = 0.019691
eCPowemy.tree_id_0.Node11.t = 0.172982
eCPowemy.tree_id_0.Node9.t = 0.0171901
Optimization finished in 15 loop passes.
1175 likelihood evaluation calls and 23616 matrix exponentiations calls were made

Variable 'USE_JSON_FOR_MATRIX' was not initialized prior to being used