
Loaded 'libv3/all-terms.bf' from /usr/local/lib/hyphy/TemplateBatchFiles/libv3/all-terms.bf
Loaded 'libv3/UtilityFunctions.bf' from /usr/local/lib/hyphy/TemplateBatchFiles/libv3/UtilityFunctions.bf
Loaded 'IOFunctions.bf' from /usr/local/lib/hyphy/TemplateBatchFiles/libv3/IOFunctions.bf
Already loaded 'libv3/UtilityFunctions.bf' from /usr/local/lib/hyphy/TemplateBatchFiles/libv3/UtilityFunctions.bf
Loaded 'convenience/regexp.bf' from /usr/local/lib/hyphy/TemplateBatchFiles/libv3/convenience/regexp.bf
Already loaded 'libv3/all-terms.bf' from /usr/local/lib/hyphy/TemplateBatchFiles/libv3/all-terms.bf
Already loaded 'libv3/IOFunctions.bf' from /usr/local/lib/hyphy/TemplateBatchFiles/libv3/IOFunctions.bf
Loaded 'libv3/tasks/estimators.bf' from /usr/local/lib/hyphy/TemplateBatchFiles/libv3/tasks/estimators.bf
Loaded '../models/model_functions.bf' from /usr/local/lib/hyphy/TemplateBatchFiles/libv3/models/model_functions.bf
Loaded 'DNA.bf' from /usr/local/lib/hyphy/TemplateBatchFiles/libv3/models/DNA.bf
Loaded 'frequencies.bf' from /usr/local/lib/hyphy/TemplateBatchFiles/libv3/models/frequencies.bf
Already loaded '../all-terms.bf' from /usr/local/lib/hyphy/TemplateBatchFiles/libv3/all-terms.bf
Loaded 'parameters.bf' from /usr/local/lib/hyphy/TemplateBatchFiles/libv3/models/parameters.bf
Loaded 'GrabBag' from /usr/local/lib/hyphy/TemplateBatchFiles/Utility/GrabBag.bf
Overwritten previously defined function:'_sortStringsAux'
Already loaded 'libv3/all-terms.bf' from /usr/local/lib/hyphy/TemplateBatchFiles/libv3/all-terms.bf
Already loaded '../UtilityFunctions.bf' from /usr/local/lib/hyphy/TemplateBatchFiles/libv3/UtilityFunctions.bf
Already loaded 'model_functions.bf' from /usr/local/lib/hyphy/TemplateBatchFiles/libv3/models/model_functions.bf
Already loaded 'libv3/all-terms.bf' from /usr/local/lib/hyphy/TemplateBatchFiles/libv3/all-terms.bf
Already loaded 'parameters.bf' from /usr/local/lib/hyphy/TemplateBatchFiles/libv3/models/parameters.bf
Already loaded 'frequencies.bf' from /usr/local/lib/hyphy/TemplateBatchFiles/libv3/models/frequencies.bf
Already loaded '../UtilityFunctions.bf' from /usr/local/lib/hyphy/TemplateBatchFiles/libv3/UtilityFunctions.bf
Already loaded '../convenience/regexp.bf' from /usr/local/lib/hyphy/TemplateBatchFiles/libv3/convenience/regexp.bf
Loaded '../models/DNA/GTR.bf' from /usr/local/lib/hyphy/TemplateBatchFiles/libv3/models/DNA/GTR.bf
Already loaded '../DNA.bf' from /usr/local/lib/hyphy/TemplateBatchFiles/libv3/models/DNA.bf
Already loaded '../parameters.bf' from /usr/local/lib/hyphy/TemplateBatchFiles/libv3/models/parameters.bf
Already loaded '../frequencies.bf' from /usr/local/lib/hyphy/TemplateBatchFiles/libv3/models/frequencies.bf
Already loaded '../../UtilityFunctions.bf' from /usr/local/lib/hyphy/TemplateBatchFiles/libv3/UtilityFunctions.bf
Already loaded 'libv3/all-terms.bf' from /usr/local/lib/hyphy/TemplateBatchFiles/libv3/all-terms.bf
Already loaded '../convenience/regexp.bf' from /usr/local/lib/hyphy/TemplateBatchFiles/libv3/convenience/regexp.bf
Already loaded 'libv3/all-terms.bf' from /usr/local/lib/hyphy/TemplateBatchFiles/libv3/all-terms.bf
Loaded 'libv3/tasks/alignments.bf' from /usr/local/lib/hyphy/TemplateBatchFiles/libv3/tasks/alignments.bf
Already loaded '../IOFunctions.bf' from /usr/local/lib/hyphy/TemplateBatchFiles/libv3/IOFunctions.bf
Already loaded '../all-terms.bf' from /usr/local/lib/hyphy/TemplateBatchFiles/libv3/all-terms.bf
Loaded 'libv3/models/codon.bf' from /usr/local/lib/hyphy/TemplateBatchFiles/libv3/models/codon.bf
Loaded '../tasks/genetic_code.bf' from /usr/local/lib/hyphy/TemplateBatchFiles/libv3/tasks/genetic_code.bf
Loaded 'libv3/convenience/matrix.bf' from /usr/local/lib/hyphy/TemplateBatchFiles/libv3/convenience/matrix.bf
Already loaded 'libv3/UtilityFunctions.bf' from /usr/local/lib/hyphy/TemplateBatchFiles/libv3/UtilityFunctions.bf
Already loaded 'libv3/all-terms.bf' from /usr/local/lib/hyphy/TemplateBatchFiles/libv3/all-terms.bf
Already loaded '../UtilityFunctions.bf' from /usr/local/lib/hyphy/TemplateBatchFiles/libv3/UtilityFunctions.bf
Loaded 'libv3/tasks/trees.bf' from /usr/local/lib/hyphy/TemplateBatchFiles/libv3/tasks/trees.bf
Already loaded '../IOFunctions.bf' from /usr/local/lib/hyphy/TemplateBatchFiles/libv3/IOFunctions.bf
Already loaded '../all-terms.bf' from /usr/local/lib/hyphy/TemplateBatchFiles/libv3/all-terms.bf
Already loaded '../convenience/regexp.bf' from /usr/local/lib/hyphy/TemplateBatchFiles/libv3/convenience/regexp.bf
Already loaded '../UtilityFunctions.bf' from /usr/local/lib/hyphy/TemplateBatchFiles/libv3/UtilityFunctions.bf
Loaded 'TreeTools' from /usr/local/lib/hyphy/TemplateBatchFiles/TreeTools.ibf
Already loaded 'libv3/tasks/genetic_code.bf' from /usr/local/lib/hyphy/TemplateBatchFiles/libv3/tasks/genetic_code.bf
Loaded 'modules/io_functions.ibf' from /usr/local/lib/hyphy/TemplateBatchFiles/SelectionAnalyses/modules/io_functions.ibf
Already loaded 'libv3/UtilityFunctions.bf' from /usr/local/lib/hyphy/TemplateBatchFiles/libv3/UtilityFunctions.bf
Already loaded 'libv3/IOFunctions.bf' from /usr/local/lib/hyphy/TemplateBatchFiles/libv3/IOFunctions.bf
Already loaded 'libv3/convenience/regexp.bf' from /usr/local/lib/hyphy/TemplateBatchFiles/libv3/convenience/regexp.bf
Already loaded 'libv3/all-terms.bf' from /usr/local/lib/hyphy/TemplateBatchFiles/libv3/all-terms.bf
Loaded 'modules/selection_lib.ibf' from /usr/local/lib/hyphy/TemplateBatchFiles/SelectionAnalyses/modules/selection_lib.ibf
Loaded 'libv3/models/codon/BS_REL.bf' from /usr/local/lib/hyphy/TemplateBatchFiles/libv3/models/codon/BS_REL.bf
Already loaded '../codon.bf' from /usr/local/lib/hyphy/TemplateBatchFiles/libv3/models/codon.bf
Already loaded '../DNA.bf' from /usr/local/lib/hyphy/TemplateBatchFiles/libv3/models/DNA.bf
Already loaded '../parameters.bf' from /usr/local/lib/hyphy/TemplateBatchFiles/libv3/models/parameters.bf
Already loaded '../frequencies.bf' from /usr/local/lib/hyphy/TemplateBatchFiles/libv3/models/frequencies.bf
Already loaded '../../UtilityFunctions.bf' from /usr/local/lib/hyphy/TemplateBatchFiles/libv3/UtilityFunctions.bf
Loaded 'MG_REV.bf' from /usr/local/lib/hyphy/TemplateBatchFiles/libv3/models/codon/MG_REV.bf
Already loaded '../codon.bf' from /usr/local/lib/hyphy/TemplateBatchFiles/libv3/models/codon.bf
Already loaded '../DNA.bf' from /usr/local/lib/hyphy/TemplateBatchFiles/libv3/models/DNA.bf
Already loaded '../parameters.bf' from /usr/local/lib/hyphy/TemplateBatchFiles/libv3/models/parameters.bf
Already loaded '../frequencies.bf' from /usr/local/lib/hyphy/TemplateBatchFiles/libv3/models/frequencies.bf
Already loaded '../../UtilityFunctions.bf' from /usr/local/lib/hyphy/TemplateBatchFiles/libv3/UtilityFunctions.bf
Loaded '../../convenience/math.bf' from /usr/local/lib/hyphy/TemplateBatchFiles/libv3/convenience/math.bf
Already loaded 'libv3/UtilityFunctions.bf' from /usr/local/lib/hyphy/TemplateBatchFiles/libv3/UtilityFunctions.bf
Already loaded 'libv3/convenience/math.bf' from /usr/local/lib/hyphy/TemplateBatchFiles/libv3/convenience/math.bf
Variable 'NORMALIZE_SEQUENCE_NAMES' was not initialized prior to being used
Loaded 'modules/shared-load-file.bf' from /usr/local/lib/hyphy/TemplateBatchFiles/SelectionAnalyses/modules/shared-load-file.bf
Variable 'MARKDOWN_OUTPUT' was not initialized prior to being used
Already loaded 'libv3/convenience/matrix.bf' from /usr/local/lib/hyphy/TemplateBatchFiles/libv3/convenience/matrix.bf
Already loaded 'libv3/UtilityFunctions.bf' from /usr/local/lib/hyphy/TemplateBatchFiles/libv3/UtilityFunctions.bf
Variable 'BGJpYdnn.skipCodeSelectionStep' was not initialized prior to being used
Row and/or column partition is empty. All the data will be used by default.
Variable 'NEXUS_FILE_TREE_MATRIX' was not initialized prior to being used
Variable 'utility.ToggleEnvVariable.cache' was not initialized prior to being used
Variable 'TREE_NODE_NAME_MAPPING' was not initialized prior to being used
Variable 'MxVKMjBl.PROMPT_FOR_FILE' was not initialized prior to being used
Variable 'END_OF_FILE' was not initialized prior to being used
Variable '_DO_TREE_REBALANCE_' was not initialized prior to being used
Variable '_KEEP_I_LABELS_' was not initialized prior to being used
Variable 'INCLUDE_MODEL_SPECS' was not initialized prior to being used
Variable 'utility.ForEachPair.warn_non_rentrant' was not initialized prior to being used
Row and/or column partition is empty. All the data will be used by default.
Row and/or column partition is empty. All the data will be used by default.
Variable 'QpiqGGhD.cache' was not initialized prior to being used
Row and/or column partition is empty. All the data will be used by default.
Variable 'COUNT_GAPS_IN_FREQUENCIES' was not initialized prior to being used
Variable 'xwsgNyCz.model_pi' was not initialized prior to being used
Model xwsgNyCz.model assigned to Leptosomus_discolor
Model xwsgNyCz.model assigned to Colius_striatus
Model xwsgNyCz.model assigned to Node2
Model xwsgNyCz.model assigned to Tyto_alba
Model xwsgNyCz.model assigned to Node1
Model xwsgNyCz.model assigned to Haliaeetus_leucocephalus
Model xwsgNyCz.model assigned to Aquila_chrysaetos
Model xwsgNyCz.model assigned to Node6
Model xwsgNyCz.model assigned to Ficedula_albicollis
Model xwsgNyCz.model assigned to Falco_peregrinus
Model xwsgNyCz.model assigned to Falco_tinnunculus
Model xwsgNyCz.model assigned to Node11
Model xwsgNyCz.model assigned to Node9
The tips of the tree:xwsgNyCz.tree_0 were matched with the species names from the data in the following numeric order (0-based) {7,1,6,5,4,0,2,3}

Pseudo-optimal path's cost 1053 vs 1755 for 1..k=> a 1.66667 x improvement
Partition 0 reversible model flag computed as 1
Variable 'USE_LAST_RESULTS' was not initialized prior to being used
Variable 'xwsgNyCz.tree_0.Leptosomus_discolor.t' was not initialized prior to being used
models.generic.SetBranchLength: xwsgNyCz.tree_0.Leptosomus_discolor.t=180.2680328544756
Variable 'xwsgNyCz.tree_0.Colius_striatus.t' was not initialized prior to being used
models.generic.SetBranchLength: xwsgNyCz.tree_0.Colius_striatus.t=180.2680328544756
Variable 'xwsgNyCz.tree_0.Node2.t' was not initialized prior to being used
models.generic.SetBranchLength: xwsgNyCz.tree_0.Node2.t=7.027777082631634
Variable 'xwsgNyCz.tree_0.Tyto_alba.t' was not initialized prior to being used
models.generic.SetBranchLength: xwsgNyCz.tree_0.Tyto_alba.t=185.0291503267437
Variable 'xwsgNyCz.tree_0.Node1.t' was not initialized prior to being used
models.generic.SetBranchLength: xwsgNyCz.tree_0.Node1.t=5.298107611631467
Variable 'xwsgNyCz.tree_0.Haliaeetus_leucocephalus.t' was not initialized prior to being used
models.generic.SetBranchLength: xwsgNyCz.tree_0.Haliaeetus_leucocephalus.t=77.85503700388276
Variable 'xwsgNyCz.tree_0.Aquila_chrysaetos.t' was not initialized prior to being used
models.generic.SetBranchLength: xwsgNyCz.tree_0.Aquila_chrysaetos.t=77.85503700388276
Variable 'xwsgNyCz.tree_0.Node6.t' was not initialized prior to being used
models.generic.SetBranchLength: xwsgNyCz.tree_0.Node6.t=114.738880544856
Variable 'xwsgNyCz.tree_0.Ficedula_albicollis.t' was not initialized prior to being used
models.generic.SetBranchLength: xwsgNyCz.tree_0.Ficedula_albicollis.t=180.6376135692162
Variable 'xwsgNyCz.tree_0.Falco_peregrinus.t' was not initialized prior to being used
models.generic.SetBranchLength: xwsgNyCz.tree_0.Falco_peregrinus.t=19.03768708604902
Variable 'xwsgNyCz.tree_0.Falco_tinnunculus.t' was not initialized prior to being used
models.generic.SetBranchLength: xwsgNyCz.tree_0.Falco_tinnunculus.t=19.03768708604902
Variable 'xwsgNyCz.tree_0.Node11.t' was not initialized prior to being used
models.generic.SetBranchLength: xwsgNyCz.tree_0.Node11.t=161.5999264831672
Variable 'xwsgNyCz.tree_0.Node9.t' was not initialized prior to being used
models.generic.SetBranchLength: xwsgNyCz.tree_0.Node9.t=11.9563039795225
Variable 'xwsgNyCz.xwsgNyCz.likelihoodFunction' was not initialized prior to being used
Variable 'SAVE_OPT_STATUS_TO' was not initialized prior to being used
Auto-benchmarked an optimal number (1) of threads.
Set GUI update interval to every 3816-th LF evaluation.
Optimization settings:
	OPTIMIZATION_METHOD = 4
	OPTIMIZATION_PRECISION = 0.001
	MAXIMUM_ITERATIONS_PER_VARIABLE = 5000

Initial parameter values

xwsgNyCz.model.theta_GT = 0.25
xwsgNyCz.model.theta_CT = 1
xwsgNyCz.model.theta_AC = 0.25
xwsgNyCz.model.theta_CG = 0.25
xwsgNyCz.model.theta_AT = 0.25
xwsgNyCz.tree_0.Leptosomus_discolor.t = 180.268
xwsgNyCz.tree_0.Colius_striatus.t = 180.268
xwsgNyCz.tree_0.Node2.t = 7.02778
xwsgNyCz.tree_0.Tyto_alba.t = 185.029
xwsgNyCz.tree_0.Node1.t = 5.29811
xwsgNyCz.tree_0.Haliaeetus_leucocephalus.t = 77.855
xwsgNyCz.tree_0.Aquila_chrysaetos.t = 77.855
xwsgNyCz.tree_0.Node6.t = 114.739
xwsgNyCz.tree_0.Ficedula_albicollis.t = 180.638
xwsgNyCz.tree_0.Falco_peregrinus.t = 19.0377
xwsgNyCz.tree_0.Falco_tinnunculus.t = 19.0377
xwsgNyCz.tree_0.Node11.t = 161.6
xwsgNyCz.tree_0.Node9.t = 11.9563
Optimization finished in 26 loop passes.
1800 likelihood evaluation calls and 9821 matrix exponentiations calls were made

Variable 'BRANCH_LENGTH_STENCIL' was not initialized prior to being used
Variable 'xwsgNyCz.option' was not initialized prior to being used
Variable 'busted.terms.json.nucleotide_gtr' was not initialized prior to being used
Variable 'Unknown' was not initialized prior to being used
Variable 'ntKKaddv.initial_value' was not initialized prior to being used
Variable 'kenoUKJR.data_filter' was not initialized prior to being used
Row and/or column partition is empty. All the data will be used by default.
Auto-benchmarked an optimal number (1) of threads.
Set GUI update interval to every 2762-th LF evaluation.
Optimization settings:
	OPTIMIZATION_METHOD = 4
	OPTIMIZATION_PRECISION = 0.001
	MAXIMUM_ITERATIONS_PER_VARIABLE = 5000

Initial parameter values

frequencies._aux.CF3x4.p0_0 = 0.351809
frequencies._aux.CF3x4.p0_1 = 0.263158
frequencies._aux.CF3x4.p0_2 = 0.495126
frequencies._aux.CF3x4.p1_0 = 0.257253
frequencies._aux.CF3x4.p1_1 = 0.306329
frequencies._aux.CF3x4.p1_2 = 0.264338
frequencies._aux.CF3x4.p2_0 = 0.253313
frequencies._aux.CF3x4.p2_1 = 0.317664
frequencies._aux.CF3x4.p2_2 = 0.388225
Optimization finished in 4 loop passes.
167 likelihood evaluation calls and 0 matrix exponentiations calls were made

Variable 'kenoUKJR.model_MGREV_pi' was not initialized prior to being used
Model kenoUKJR.model_MGREV assigned to Leptosomus_discolor
Model kenoUKJR.model_MGREV assigned to Colius_striatus
Model kenoUKJR.model_MGREV assigned to Node2
Model kenoUKJR.model_MGREV assigned to Tyto_alba
Model kenoUKJR.model_MGREV assigned to Node1
Model kenoUKJR.model_MGREV assigned to Haliaeetus_leucocephalus
Model kenoUKJR.model_MGREV assigned to Aquila_chrysaetos
Model kenoUKJR.model_MGREV assigned to Node6
Model kenoUKJR.model_MGREV assigned to Ficedula_albicollis
Model kenoUKJR.model_MGREV assigned to Falco_peregrinus
Model kenoUKJR.model_MGREV assigned to Falco_tinnunculus
Model kenoUKJR.model_MGREV assigned to Node11
Model kenoUKJR.model_MGREV assigned to Node9
The tips of the tree:kenoUKJR.tree_0 were matched with the species names from the data in the following numeric order (0-based) {7,1,6,5,4,0,2,3}

Pseudo-optimal path's cost 2287 vs 3265 for 1..k=> a 1.42763 x improvement
Partition 0 reversible model flag computed as 1
Variable 'kenoUKJR.kenoUKJR.likelihoodFunction' was not initialized prior to being used
Variable 'kenoUKJR.tree_0.Leptosomus_discolor.alpha' was not initialized prior to being used
Variable 'kenoUKJR.tree_0.Colius_striatus.alpha' was not initialized prior to being used
Variable 'kenoUKJR.tree_0.Node2.alpha' was not initialized prior to being used
Variable 'kenoUKJR.tree_0.Tyto_alba.alpha' was not initialized prior to being used
Variable 'kenoUKJR.tree_0.Node1.alpha' was not initialized prior to being used
Variable 'kenoUKJR.tree_0.Haliaeetus_leucocephalus.alpha' was not initialized prior to being used
Variable 'kenoUKJR.tree_0.Aquila_chrysaetos.alpha' was not initialized prior to being used
Variable 'kenoUKJR.tree_0.Node6.alpha' was not initialized prior to being used
Variable 'kenoUKJR.tree_0.Ficedula_albicollis.alpha' was not initialized prior to being used
Variable 'kenoUKJR.tree_0.Falco_peregrinus.alpha' was not initialized prior to being used
Variable 'kenoUKJR.tree_0.Falco_tinnunculus.alpha' was not initialized prior to being used
Variable 'kenoUKJR.tree_0.Node11.alpha' was not initialized prior to being used
Variable 'kenoUKJR.tree_0.Node9.alpha' was not initialized prior to being used
Site 45 evaluated to a 0 probability in ComputeTreeBlockByBranch
Site 45 evaluated to a 0 probability in ComputeTreeBlockByBranch
Site 234 evaluated to a 0 probability in ComputeTreeBlockByBranch
Site 45 evaluated to a 0 probability in ComputeTreeBlockByBranch
Site 91 evaluated to a 0 probability in ComputeTreeBlockByBranch
Site 84 evaluated to a 0 probability in ComputeTreeBlockByBranch
Auto-benchmarked an optimal number (2) of threads.
Set GUI update interval to every 136-th LF evaluation.
Initial guess for kenoUKJR.tree_0.Node2.alpha is -7.72945e-07
Initial guess for kenoUKJR.tree_0.Leptosomus_discolor.alpha is 2.11172e-05
Initial guess for kenoUKJR.tree_0.Colius_striatus.alpha is 5.36921e-05
Initial guess for kenoUKJR.tree_0.Tyto_alba.alpha is 1.84846e-05
Initial guess for kenoUKJR.tree_0.Node6.alpha is -2.36812e-06
Initial guess for kenoUKJR.tree_0.Haliaeetus_leucocephalus.alpha is 4.68887e-06
Initial guess for kenoUKJR.tree_0.Aquila_chrysaetos.alpha is 5.04178e-06
Initial guess for kenoUKJR.tree_0.Node9.alpha is 1.34219e-05
Initial guess for kenoUKJR.tree_0.Ficedula_albicollis.alpha is 9.53844e-05
Initial guess for kenoUKJR.tree_0.Node11.alpha is 2.00141e-06
Initial guess for kenoUKJR.tree_0.Falco_peregrinus.alpha is 2.77118e-06
Initial guess for kenoUKJR.tree_0.Falco_tinnunculus.alpha is 2.09412e-06
Optimization settings:
	OPTIMIZATION_METHOD = 4
	OPTIMIZATION_PRECISION = 0.001
	MAXIMUM_ITERATIONS_PER_VARIABLE = 5000

Initial parameter values

kenoUKJR.model_MGREV.theta_GT = 1
kenoUKJR.model_MGREV.theta_CT = 1
kenoUKJR.model_MGREV.theta_CG = 1
kenoUKJR.model_MGREV.theta_AC = 1
kenoUKJR.model_MGREV.theta_AT = 1
kenoUKJR.model_MGREV.omega_0 = 1
kenoUKJR.tree_0.Leptosomus_discolor.alpha = 2.11172e-05
kenoUKJR.tree_0.Colius_striatus.alpha = 5.36921e-05
kenoUKJR.tree_0.Node2.alpha = 0
kenoUKJR.tree_0.Tyto_alba.alpha = 1.84846e-05
kenoUKJR.tree_0.Node1.alpha = 0.1
kenoUKJR.tree_0.Haliaeetus_leucocephalus.alpha = 4.68887e-06
kenoUKJR.tree_0.Aquila_chrysaetos.alpha = 5.04178e-06
kenoUKJR.tree_0.Node6.alpha = 0
kenoUKJR.tree_0.Ficedula_albicollis.alpha = 9.53844e-05
kenoUKJR.tree_0.Falco_peregrinus.alpha = 2.77118e-06
kenoUKJR.tree_0.Falco_tinnunculus.alpha = 2.09412e-06
kenoUKJR.tree_0.Node11.alpha = 2.00141e-06
kenoUKJR.tree_0.Node9.alpha = 1.34219e-05
kenoUKJR.model_MGREV.omega_1 = 1
Failing bound checks on kenoUKJR.tree_0.Node6.beta =         10000.35647512308
Optimization finished in 28 loop passes.
1644 likelihood evaluation calls and 9300 matrix exponentiations calls were made

Row and/or column partition is empty. All the data will be used by default.
Auto-benchmarked an optimal number (4) of threads.
Set GUI update interval to every 2958-th LF evaluation.
Optimization settings:
	OPTIMIZATION_METHOD = 4
	OPTIMIZATION_PRECISION = 0.001
	MAXIMUM_ITERATIONS_PER_VARIABLE = 5000

Initial parameter values

frequencies._aux.CF3x4.p0_0 = 0.351809
frequencies._aux.CF3x4.p0_1 = 0.263158
frequencies._aux.CF3x4.p0_2 = 0.495126
frequencies._aux.CF3x4.p1_0 = 0.257253
frequencies._aux.CF3x4.p1_1 = 0.306329
frequencies._aux.CF3x4.p1_2 = 0.264338
frequencies._aux.CF3x4.p2_0 = 0.253313
frequencies._aux.CF3x4.p2_1 = 0.317664
frequencies._aux.CF3x4.p2_2 = 0.388225
Optimization finished in 4 loop passes.
170 likelihood evaluation calls and 0 matrix exponentiations calls were made

Variable 'kenoUKJR.model_MGREV_pi' was not initialized prior to being used
Model kenoUKJR.model_MGREV assigned to Leptosomus_discolor
Model kenoUKJR.model_MGREV assigned to Colius_striatus
Model kenoUKJR.model_MGREV assigned to Node2
Model kenoUKJR.model_MGREV assigned to Tyto_alba
Model kenoUKJR.model_MGREV assigned to Node1
Model kenoUKJR.model_MGREV assigned to Haliaeetus_leucocephalus
Model kenoUKJR.model_MGREV assigned to Aquila_chrysaetos
Model kenoUKJR.model_MGREV assigned to Node6
Model kenoUKJR.model_MGREV assigned to Ficedula_albicollis
Model kenoUKJR.model_MGREV assigned to Falco_peregrinus
Model kenoUKJR.model_MGREV assigned to Falco_tinnunculus
Model kenoUKJR.model_MGREV assigned to Node11
Model kenoUKJR.model_MGREV assigned to Node9
The tips of the tree:kenoUKJR.tree_0 were matched with the species names from the data in the following numeric order (0-based) {7,1,6,5,4,0,2,3}

Pseudo-optimal path's cost 2287 vs 3265 for 1..k=> a 1.42763 x improvement
Partition 0 reversible model flag computed as 1
Variable 'kenoUKJR.tree_0.Falco_tinnunculus.alpha' was not initialized prior to being used
Variable 'kenoUKJR.tree_0.Falco_peregrinus.alpha' was not initialized prior to being used
Variable 'kenoUKJR.tree_0.Node11.alpha' was not initialized prior to being used
Variable 'kenoUKJR.tree_0.Node2.alpha' was not initialized prior to being used
Variable 'kenoUKJR.tree_0.Ficedula_albicollis.alpha' was not initialized prior to being used
Variable 'kenoUKJR.tree_0.Node6.alpha' was not initialized prior to being used
Variable 'kenoUKJR.tree_0.Aquila_chrysaetos.alpha' was not initialized prior to being used
Variable 'kenoUKJR.tree_0.Haliaeetus_leucocephalus.alpha' was not initialized prior to being used
Variable 'kenoUKJR.tree_0.Node1.alpha' was not initialized prior to being used
Variable 'kenoUKJR.tree_0.Tyto_alba.alpha' was not initialized prior to being used
Variable 'kenoUKJR.tree_0.Colius_striatus.alpha' was not initialized prior to being used
Variable 'kenoUKJR.tree_0.Leptosomus_discolor.alpha' was not initialized prior to being used
Variable 'kenoUKJR.tree_0.Node9.alpha' was not initialized prior to being used
Site 45 evaluated to a 0 probability in ComputeTreeBlockByBranch
Site 45 evaluated to a 0 probability in ComputeTreeBlockByBranch
Site 234 evaluated to a 0 probability in ComputeTreeBlockByBranch
Site 91 evaluated to a 0 probability in ComputeTreeBlockByBranch
Site 84 evaluated to a 0 probability in ComputeTreeBlockByBranch
Site 45 evaluated to a 0 probability in ComputeTreeBlockByBranch
Site 31 evaluated to a 0 probability in ComputeTreeBlockByBranch
Site 45 evaluated to a 0 probability in ComputeTreeBlockByBranch
Site 167 evaluated to a 0 probability in ComputeTreeBlockByBranch
Site 241 evaluated to a 0 probability in ComputeTreeBlockByBranch
Auto-benchmarked an optimal number (3) of threads.
Set GUI update interval to every 245-th LF evaluation.
Initial guess for kenoUKJR.tree_0.Node2.alpha is -7.72945e-07
Initial guess for kenoUKJR.tree_0.Leptosomus_discolor.alpha is 2.11172e-05
Initial guess for kenoUKJR.tree_0.Colius_striatus.alpha is 5.36921e-05
Initial guess for kenoUKJR.tree_0.Tyto_alba.alpha is 1.84846e-05
Initial guess for kenoUKJR.tree_0.Node6.alpha is -2.36812e-06
Initial guess for kenoUKJR.tree_0.Haliaeetus_leucocephalus.alpha is 4.68887e-06
Initial guess for kenoUKJR.tree_0.Aquila_chrysaetos.alpha is 5.04178e-06
Initial guess for kenoUKJR.tree_0.Node9.alpha is 1.34219e-05
Initial guess for kenoUKJR.tree_0.Ficedula_albicollis.alpha is 9.53844e-05
Initial guess for kenoUKJR.tree_0.Node11.alpha is 2.00141e-06
Initial guess for kenoUKJR.tree_0.Falco_peregrinus.alpha is 2.77118e-06
Initial guess for kenoUKJR.tree_0.Falco_tinnunculus.alpha is 2.09412e-06
Optimization settings:
	OPTIMIZATION_METHOD = 4
	OPTIMIZATION_PRECISION = 0.001
	MAXIMUM_ITERATIONS_PER_VARIABLE = 5000

Initial parameter values

kenoUKJR.model_MGREV.theta_CG = 1
kenoUKJR.model_MGREV.theta_CT = 1
kenoUKJR.model_MGREV.theta_GT = 1
kenoUKJR.model_MGREV.theta_AT = 1
kenoUKJR.model_MGREV.theta_AC = 1
kenoUKJR.model_MGREV.omega_0 = 1
kenoUKJR.tree_0.Leptosomus_discolor.alpha = 2.11172e-05
kenoUKJR.tree_0.Colius_striatus.alpha = 5.36921e-05
kenoUKJR.tree_0.Node2.alpha = 0
kenoUKJR.tree_0.Tyto_alba.alpha = 1.84846e-05
kenoUKJR.tree_0.Node1.alpha = 0.1
kenoUKJR.tree_0.Haliaeetus_leucocephalus.alpha = 4.68887e-06
kenoUKJR.tree_0.Aquila_chrysaetos.alpha = 5.04178e-06
kenoUKJR.tree_0.Node6.alpha = 0
kenoUKJR.tree_0.Ficedula_albicollis.alpha = 9.53844e-05
kenoUKJR.tree_0.Falco_peregrinus.alpha = 2.77118e-06
kenoUKJR.tree_0.Falco_tinnunculus.alpha = 2.09412e-06
kenoUKJR.tree_0.Node11.alpha = 2.00141e-06
kenoUKJR.tree_0.Node9.alpha = 1.34219e-05
kenoUKJR.model_MGREV.omega_1 = 1
Failing bound checks on kenoUKJR.tree_0.Node6.beta =         10000.35647512163
Optimization finished in 32 loop passes.
2113 likelihood evaluation calls and 12266 matrix exponentiations calls were made

Overwritten previously defined function:'ihxQdmUW.rate_generator'
Overwritten previously defined function:'ihxQdmUW.rate_generator'
Auto-benchmarked an optimal number (4) of threads.
Set GUI update interval to every 2923-th LF evaluation.
Optimization settings:
	OPTIMIZATION_METHOD = 4
	OPTIMIZATION_PRECISION = 0.001
	MAXIMUM_ITERATIONS_PER_VARIABLE = 5000

Initial parameter values

frequencies._aux.CF3x4.p0_0 = 0.351809
frequencies._aux.CF3x4.p0_1 = 0.263158
frequencies._aux.CF3x4.p0_2 = 0.495126
frequencies._aux.CF3x4.p1_0 = 0.257253
frequencies._aux.CF3x4.p1_1 = 0.306329
frequencies._aux.CF3x4.p1_2 = 0.264338
frequencies._aux.CF3x4.p2_0 = 0.253313
frequencies._aux.CF3x4.p2_1 = 0.317664
frequencies._aux.CF3x4.p2_2 = 0.388225
Optimization finished in 4 loop passes.
170 likelihood evaluation calls and 0 matrix exponentiations calls were made

Variable 'busted.test_pi' was not initialized prior to being used
Overwritten previously defined function:'ihxQdmUW.rate_generator'
Overwritten previously defined function:'ihxQdmUW.rate_generator'
Overwritten previously defined function:'ihxQdmUW.rate_generator'
Auto-benchmarked an optimal number (4) of threads.
Set GUI update interval to every 2890-th LF evaluation.
Optimization settings:
	OPTIMIZATION_METHOD = 4
	OPTIMIZATION_PRECISION = 0.001
	MAXIMUM_ITERATIONS_PER_VARIABLE = 5000

Initial parameter values

frequencies._aux.CF3x4.p0_0 = 0.351809
frequencies._aux.CF3x4.p0_1 = 0.263158
frequencies._aux.CF3x4.p0_2 = 0.495126
frequencies._aux.CF3x4.p1_0 = 0.257253
frequencies._aux.CF3x4.p1_1 = 0.306329
frequencies._aux.CF3x4.p1_2 = 0.264338
frequencies._aux.CF3x4.p2_0 = 0.253313
frequencies._aux.CF3x4.p2_1 = 0.317664
frequencies._aux.CF3x4.p2_2 = 0.388225
Optimization finished in 4 loop passes.
170 likelihood evaluation calls and 0 matrix exponentiations calls were made

Variable 'busted.background_pi' was not initialized prior to being used
Variable 'ASSUME_REVERSIBLE_MODELS' was not initialized prior to being used
No nodel was assigned to Leptosomus_discolor
No nodel was assigned to Colius_striatus
No nodel was assigned to Node2
No nodel was assigned to Tyto_alba
No nodel was assigned to Node1
No nodel was assigned to Haliaeetus_leucocephalus
No nodel was assigned to Aquila_chrysaetos
No nodel was assigned to Node6
No nodel was assigned to Ficedula_albicollis
No nodel was assigned to Falco_peregrinus
No nodel was assigned to Falco_tinnunculus
No nodel was assigned to Node11
No nodel was assigned to Node9
The tips of the tree:tCagcsuT.tree_id_0 were matched with the species names from the data in the following numeric order (0-based) {7,1,6,5,4,0,2,3}

Pseudo-optimal path's cost 2287 vs 3265 for 1..k=> a 1.42763 x improvement
Partition 0 is ASSUMED to have a reversible model
busted.background.theta_AC was already constrained in estimators.SetGlobals2
busted.background.theta_AG was already constrained in estimators.SetGlobals2
busted.background.theta_AT was already constrained in estimators.SetGlobals2
busted.background.theta_CG was already constrained in estimators.SetGlobals2
busted.background.theta_CT was already constrained in estimators.SetGlobals2
busted.background.theta_GT was already constrained in estimators.SetGlobals2
busted.test.theta_AG was already constrained in estimators.SetGlobals2
Variable 'tCagcsuT.tree_id_0.Leptosomus_discolor.t' was not initialized prior to being used
models.generic.SetBranchLength: tCagcsuT.tree_id_0.Leptosomus_discolor.t=0.3271992924675985
Variable 'tCagcsuT.tree_id_0.Colius_striatus.t' was not initialized prior to being used
models.generic.SetBranchLength: tCagcsuT.tree_id_0.Colius_striatus.t=0.9025472963228192
Variable 'tCagcsuT.tree_id_0.Node2.t' was not initialized prior to being used
models.generic.SetBranchLength: tCagcsuT.tree_id_0.Node2.t=0
Variable 'tCagcsuT.tree_id_0.Tyto_alba.t' was not initialized prior to being used
models.generic.SetBranchLength: tCagcsuT.tree_id_0.Tyto_alba.t=0.2838628163139053
Variable 'tCagcsuT.tree_id_0.Node1.t' was not initialized prior to being used
models.generic.SetBranchLength: tCagcsuT.tree_id_0.Node1.t=0.01711464450730531
Variable 'tCagcsuT.tree_id_0.Haliaeetus_leucocephalus.t' was not initialized prior to being used
models.generic.SetBranchLength: tCagcsuT.tree_id_0.Haliaeetus_leucocephalus.t=0.07156452132135557
Variable 'tCagcsuT.tree_id_0.Aquila_chrysaetos.t' was not initialized prior to being used
models.generic.SetBranchLength: tCagcsuT.tree_id_0.Aquila_chrysaetos.t=0.07000372320577851
Variable 'tCagcsuT.tree_id_0.Node6.t' was not initialized prior to being used
models.generic.SetBranchLength: tCagcsuT.tree_id_0.Node6.t=0.1937296798429115
Variable 'tCagcsuT.tree_id_0.Ficedula_albicollis.t' was not initialized prior to being used
models.generic.SetBranchLength: tCagcsuT.tree_id_0.Ficedula_albicollis.t=1.085423762012873
Variable 'tCagcsuT.tree_id_0.Falco_peregrinus.t' was not initialized prior to being used
models.generic.SetBranchLength: tCagcsuT.tree_id_0.Falco_peregrinus.t=0.03931837273144689
Variable 'tCagcsuT.tree_id_0.Falco_tinnunculus.t' was not initialized prior to being used
models.generic.SetBranchLength: tCagcsuT.tree_id_0.Falco_tinnunculus.t=0.02959152226528372
Variable 'tCagcsuT.tree_id_0.Node11.t' was not initialized prior to being used
models.generic.SetBranchLength: tCagcsuT.tree_id_0.Node11.t=0.5642568384050755
Variable 'tCagcsuT.tree_id_0.Node9.t' was not initialized prior to being used
models.generic.SetBranchLength: tCagcsuT.tree_id_0.Node9.t=0.4258044857170901
Variable 'tCagcsuT.tCagcsuT.likelihoodFunction' was not initialized prior to being used
Auto-benchmarked an optimal number (8) of threads.
Set GUI update interval to every 6-th LF evaluation.
Optimization settings:
	OPTIMIZATION_METHOD = 4
	OPTIMIZATION_PRECISION = 0.001
	MAXIMUM_ITERATIONS_PER_VARIABLE = 5000

Initial parameter values

busted.test.theta_GT = 0.239679
busted.test.theta_CT = 0.88148
busted.test.theta_AC = 0.348864
busted.test.theta_CG = 0.383948
busted.test.theta_AT = 0.148385
busted.background.omega3 = 9.52381
busted.background.omega2 = 0.238095
busted.background.omega1 = 0
busted.background.bsrel_mixture_aux_1 = 0.666667
busted.test.bsrel_mixture_aux_0 = 0.7
busted.background.bsrel_mixture_aux_0 = 0.7
busted.test.omega1 = 0
busted.test.bsrel_mixture_aux_1 = 0.666667
busted.test.omega3 = 9.52381
busted.test.omega2 = 0.238095
tCagcsuT.tree_id_0.Leptosomus_discolor.t = 0.327199
tCagcsuT.tree_id_0.Colius_striatus.t = 0.902547
tCagcsuT.tree_id_0.Node2.t = 0
tCagcsuT.tree_id_0.Tyto_alba.t = 0.283863
tCagcsuT.tree_id_0.Node1.t = 0.0171146
tCagcsuT.tree_id_0.Haliaeetus_leucocephalus.t = 0.0715645
tCagcsuT.tree_id_0.Aquila_chrysaetos.t = 0.0700037
tCagcsuT.tree_id_0.Node6.t = 0.19373
tCagcsuT.tree_id_0.Ficedula_albicollis.t = 1.08542
tCagcsuT.tree_id_0.Falco_peregrinus.t = 0.0393184
tCagcsuT.tree_id_0.Falco_tinnunculus.t = 0.0295915
tCagcsuT.tree_id_0.Node11.t = 0.564257
tCagcsuT.tree_id_0.Node9.t = 0.425804
Optimization finished in 229 loop passes.
21207 likelihood evaluation calls and 480189 matrix exponentiations calls were made

Variable 'eMZBPOnh.tCagcsuT.likelihoodFunction' was not initialized prior to being used
Auto-benchmarked an optimal number (1) of threads.
Set GUI update interval to every 11-th LF evaluation.
Optimization settings:
	OPTIMIZATION_METHOD = 4
	OPTIMIZATION_PRECISION = 0.001
	MAXIMUM_ITERATIONS_PER_VARIABLE = 5000

Initial parameter values

busted.test.theta_GT = 0.207152
busted.test.theta_CT = 0.81617
busted.test.theta_AC = 0.29774
busted.test.theta_CG = 0.303701
busted.test.theta_AT = 0.119258
busted.background.omega3 = 1.2045
busted.background.omega1 = 0.103671
busted.background.bsrel_mixture_aux_1 = 0.423725
busted.background.omega2 = 0.455906
busted.background.bsrel_mixture_aux_0 = 0.762036
busted.test.bsrel_mixture_aux_0 = 0.273697
busted.test.omega1 = 0
busted.test.omega2 = 1
busted.test.bsrel_mixture_aux_1 = 0.957386
tCagcsuT.tree_id_0.Leptosomus_discolor.t = 0.230517
tCagcsuT.tree_id_0.Colius_striatus.t = 0.675454
tCagcsuT.tree_id_0.Node2.t = 0
tCagcsuT.tree_id_0.Tyto_alba.t = 0.217661
tCagcsuT.tree_id_0.Node1.t = 0.0101005
tCagcsuT.tree_id_0.Haliaeetus_leucocephalus.t = 0.0504485
tCagcsuT.tree_id_0.Aquila_chrysaetos.t = 0.0526119
tCagcsuT.tree_id_0.Node6.t = 0.159177
tCagcsuT.tree_id_0.Ficedula_albicollis.t = 0.603731
tCagcsuT.tree_id_0.Falco_peregrinus.t = 0.0315153
tCagcsuT.tree_id_0.Falco_tinnunculus.t = 0.0189355
tCagcsuT.tree_id_0.Node11.t = 0.180036
tCagcsuT.tree_id_0.Node9.t = 0.00185362
Optimization finished in 17 loop passes.
1653 likelihood evaluation calls and 31332 matrix exponentiations calls were made

Variable 'USE_JSON_FOR_MATRIX' was not initialized prior to being used