
Before deleting alignment gaps
      6   1221

Ochotona_curzoniae              --- --- --- --- --- --- --- --- --- --- --- --- --- --- --- --- --- --- --- --- --- --- --- --- --- --- --- --- --- --- --- --- --- --- --- --- --- --- --- --- --- --- --- --- --- --- --- --- --- --- --- --- --- --- --- --- --- --- --- --- --- --- --- ATG CTG GAA GAT GAG GAC TAC GAA GAC CCC GGC TTC TTC AAC AGC TCC ACC GAG AGC AGG CAG GAG CAC AAT GGC TTC CTG CGG TTC CAG GAG ATC TTT TTG CCC TGC ATG TAC CTG GTG GTG TTC ACT TGT GGC CTG CTC GGG AAC TCC CTG GTG CTG GTC ATC TAC ATC TCC TAC CAG AAG CTC AAG ACC CTG ACG GAC GTG TTC CTG GTG AAC CTG CCC CTG GCC GAC CTG GTC TTT GTC TGC ACA CTG CCC TTC TGG GCT TAT GCA GGC TTC CAT GAG TGG GTC TTT GGC AAG GTC ATG TGC AAG ATC CTA CTG GGC ATC TAC ACT ATA AAC TTC TAC ACG TCC ATG CTC ATT CTC ACC TGC ATC ACT GTG GAT CGC TTT ATT GCA GTG GTC CAG GCC ACC AAA GCC CAC AAC CAG CAG GCC GTG AGG AAG ACC TGG GGC AAG GTC ATC TGT GTG ATT ATC TGG ATG GCT TCC TTC GTG GTT TCC CTG CCG CAG ATC ATC TAC GGC AAC GTC CAG CAC AAT GAC AAG TTC ACC TGC AGC TAC CAT GAT GGC GAG GGC ATT TCC ACC ATG GTT CTG GCT ACT CAG ATG ACT CTG GGC TTC TTC CTG CCG CTG TTT GCC ATG GTG GTC TGC TAC TCT GTC ATC ATC AGA ACT CTG CTT CGT GCT CGC GGC TTC CAG AAG CAC AAA TCT CTC AAG ATC ATC TTC CTG GTA GTG GCC GTG TTC CTG CTG ACC CAG ACG CCC TTC AAC ATG GTG AAG CTC ATC CGC AGC ACG AGC TGG GAA TAT TAC AGC ATG ACC AGC TTC GAC TAT GCC ATC CTT GCG ACT GAG GTC ATC GCA TAC CTA CGG GCT TGC CTG AAC CCC GTG CTC TAT GCC TTT GTC GGT CTC AAG TTT CGC AAG AAT TTC CTG AAA CTC GTG AAG GAT ATT GGC TGT CTC CCC TGC CTG AGG GTC TCC AGT CAG TGG AAG TCT TCT GAG GAC AAT TCC AAG ACA ACG TGC TCA GCC TCT CAC AAC GTG GAG GCC ACG AGC ATG TTC CAG CTG 
Ochotona_princeps               --- --- --- --- --- --- --- --- --- --- --- --- --- --- --- --- --- --- --- --- --- --- --- --- --- --- --- --- --- --- --- --- --- --- --- --- --- --- --- --- --- --- --- --- --- --- --- --- --- --- --- --- --- --- --- --- --- --- --- --- --- --- --- ATG CTG GAA GAG GAG GAC TAC CAA GAC CCT GGC TTC TTC AAC AGC TCC ACC GAG AGC AGG CAG GAG CAC GAT GGC TTC CTG CGG TTC CAG GAG ATC TTT CTG CCC TGC ATG TAC CTG GTG GTG TTC ACT TGC GGC CTG CTT GGG AAC TCC CTG GTG CTG GTC ATC TAC ATC TCC TAC CAG AAG CTC AAG ACC CTG ACG GAT GTG TTC CTG GTG AAC CTG CCC CTG GCC GAC CTG GTC TTT GTC TGC ACA CTG CCC TTC TGG GCT TAT GCA GGC TTC CAC AAG TGG GTC TTT GGC AAG GTC ATG TGC AAG ATC CTA CTG GGC ATC TAC ACT ATA AAC TTC TAC ACG TCC ATG CTC ATT CTC ACC TGC ATC ACT GTG GAT CGC TTT ATT GCA GTG GTC CAG GCC ACC AAA GCC CAC AAC CAG CAG GCC GTG CGT AAG ACC TGG GGC AAG GTC ATC TGT GCG ATT GTC TGG ACG GCT TCC CTC GTG GTT TCC CTG CCG CAG ATC ATC TAC GGC AAC GTC CAG CAC AAT GAC AAG CCC ACC TGC AGC TAC CAT GAC GGA GAG GCC ATT TCC ACC ATG GTT CTG GCT ACC CAG ATG ACT CTG GGC TTC TTC CTG CCG CTG TTT GCC ATG GTG GTC TGC TAC TCT GTC ATC ATC AAA ACT CTG CTT CGT GCT CGT GGC TTC CAG AAG CAC AAG TCT CTC AAG ATC ATC TTC CTG GTA GTG GTC ATG TTC CTG CTG ACC CAA ACA CCC TTC AAT ATG GTA AAG CTC ATC CGC AGC ACG AAC TGG GAG TAT TAC AGC ATG ACC AGC TTC AAC TAT GCC ATC CTT GTG ACT GAG GTC ATT GCG TAC CTG CGG GCT TGC CTG AAC CCC GTG CTC TAT GCC TTC GTC GGC CTC AAG TTT CGC AAG AAC TTC CTG AAA CTC GTG AAG GAT ATT GGC TGT CTC CCC TGC CTG AGG GTC TCT GGT CAG TGG AAG TCT TCT GAG GAC AAT TCC AAG ACA ACG TGC TCA GCC TCT CAC AAC GTG GAG GCC ACC AGC ATG TTC CAG CTG 
Lepus_americanus                --- --- --- --- --- --- --- --- --- --- --- --- --- --- --- --- --- --- --- --- --- --- --- --- --- --- --- --- --- --- --- --- --- --- --- --- --- --- --- --- --- --- --- --- --- --- --- --- --- --- --- --- --- --- --- --- --- --- --- --- --- --- --- ATG --- --- GAG GAC GAG TAC CTC GAC CCC GGG TTC TTC ATC AAC TCC ACA GAC AGC AGC CAG GAG CAC GAG TGC TTC TTA CGC TTC AGG AAG GTC TTC GTG CCC TGC GTG TAC CTG GCG GTG TTC ACC TGC GGC CTG ATA GGC AAC TCC CTG GTG CTG GTC ATC TAC ATC TTC TAC CAG AAG CTG AAG AGC CTG ACA GAC GTG TTC CTG ATG AAC CTG CCC TTG GCT GAC CTG GTC TTC GTC TGC ACT CTG CCC TTC TGG GCC TAC GCA GGC CTC CAC GAG TGG GTC TTT GGC GAG CTC ATG TGC AGG ACC CTG CTG GGC ATC TAC GCC ATA AAC TTC TAC ACG TCC ATG CTC ACC CTC ACC TGC ATC ACC GTG GAT CGC TTC ATT GCA GTG GTT CAG GCC ACC AAG GCC TAC AAC CAG CAG GCC ACG CGC AGG AGC TGG GGC AAG GCC ATC TGC GCG CTC ATC TGG GTG GCC TCC CTC CTG GTT TCT CTG CCA CAG ATC ATC TAC GGC AGC GTC CTG CAC CTC GAC AAG CAC GTC TGC GAC TAC CAC GGC --- GAG GAG ATT TCC ACC GTG GTT CTT GCC ACC CAG ATG GCT CTG GGC TTC TTC CTG CCA CTG CTC GCC ATG ATT GTC TGC TAT TCG GTC ATT GTC AGG ACC CTG CTT CGG GCT CGC GGC TTC CGG AAG CAC AAG TCT CTC AAG ATC ATC TTC CTG GTA GTG GCC GTG TTC CTG CTG ACC CAG ACG CCG TTC AAC CTG GTG AAG CTC ATC CGG AGC ACG AGC TGG GAG TAC CAC GCC ATG ACC AGC TTC AGT TAC GTT GTC GTG GTG ACG GAG GCC GTC GCG TAC CTG AGG GCC TGC CTG AAC CCT GTG CTC TAC GCC TTT GTC GGC CTC AAG TTC CGC AAG AAC TGC CTG AAA CTT GTG AAG GAC GCT GGC TGC CTC CCT TAC CTG GGG GCC GCA AGT CAA TCG AAG TCT TCT GAG GAC AAT TCC AAG --- AAG TGC TCT GCG TCC CAC CAC GCG GAG GCC ACC AGC ATG TGC CAG CTG 
Lepus_timidus                   --- --- --- --- --- --- --- --- --- --- --- --- --- --- --- --- --- --- --- --- --- --- --- --- --- --- --- --- --- --- --- --- --- --- --- --- --- --- --- --- --- --- --- --- --- --- --- --- --- --- --- --- --- --- --- --- --- --- --- --- --- --- --- ATG --- --- GAG GAC GAG TAC CTC GAC CCC GGG TTC TTC AAT AAC TCC ACA GAA AGC AGC CAG GAG CAC GAG TGC TTC TTA CGC TTC AGG AAG GTC TTC GTG CCC TGC GTG TAC CTG GCA GTG TTC ACC TGC GGC CTG ATA GGC AAC TCC CTG GTG CTG GTC ATC TAC ATC TTC TAC CAG AAG CTG AAG AGC CTG ACA GAC GTG TTC CTG ATG AAC CTG CCC TTG GCT GAC CTG GTC TTC GTC TGC ACT CTG CCC TTC TGG GCC TAT GCA GGC CTC CAC GAG TGG GTC TTT GGC GAG CTC ATG TGC AGG ACC CTG CTG GGC ATC TAC GCC ATA AAC TTC TAC ACG TCC ATG CTC ACC CTC ACC TGC ATC ACC GTG GAT CGC TTC ATT GCA GTG GTT CAG GCC ACC AAG GCC TAC AAC CAG CAG GCC GCG CGC AGG AGC TGG GGC AAG GCC ATC TGC ACG CTC ATC TGG GTG GCC TCC CTC CTG GTT TCT CTG CCA CAG ATC ATC TAC GGC AGT GTC CTG CAC CTC GAC AAG CAC GTC TGC GAC TAC CAC GGC --- GAG GAG ATT TCC ACC GTG ATT CTT GCC ACC CAG ATG GCT CTG GGC TTC TTC CTG CCA CTG CTC GCC ATG ATT GTC TGC TAC TCG GTC ATT GTC AGG ACC CTG CTT CGG GCT CGC GGC TTC CGG AAG CAC AAG TCT CTC AAG ATC ATC TTC CTG GTA GTG GCC GTG TTC CTG CTG ACC CAG ACG CCG TTC AAC CTG GTG AAG CTC ATC CGG AGC ACG AGC TGG GAG TAC CAC GCC ATG ACC AGC TTC AGT TAC GTT GTC GTG GTG ACG GAG GCC GTC GCG TAC CTG AGG GCC TGC CTG AAC CCT GTG CTC TAC GCC TTT GTC GGC CTC AAG TTC CGC AAG AAC TGC CTG AAA CTT GTG AAG GAC GCT GGC TGC CTC CCT TAC CTG GGG GCC ACA AGT CAA TCG AAG TCT TCT GAG GAC AAT TCC AAG --- ACG TGC TCT GCG TCC CAC CAC GCG GAG GCC ACC AGC ATG TTC CAG CTG 
Sylvilagus_bachmani             --- --- --- --- --- --- --- --- --- --- --- --- --- --- --- --- --- --- --- --- --- --- --- --- --- --- --- --- --- --- --- --- --- --- --- --- --- --- --- --- --- --- --- --- --- --- --- --- --- --- --- --- --- --- --- --- --- --- --- --- --- --- --- ATG --- --- GAG GAC GAG TAC CTT GAC CCC GGC TTC TTC ATC AAC TCC ACC GAC AGC AGC CAG GAG CAC GAG TGC TTC CTA CGC TTC AGG AAG GTC TTT GTG CCC TGC GTG TAC CTG GCC GTG TTC ACC TGC GGC CTG ATA GGC AAC TCC CTG GTG CTG GTC ATC TAC ATC TTC TAC CAG AAG CTG AAG AGC CTG ACA GAC GTG TTC CTG ATG AAC CTG CCC CTG GCT GAC CTG GTC TTC GTC TGC ACT CTG CCC TTC TGG GCC TAT GCA GGC CTC CAC GAG TGG GTC TTT GGC AAG CTC ATG TGC AGG ACC CTG CTG GGC ATC TAC GCC ATA AAC TTC TAC ACG TCC ATG CTC ACC CTC ACC TGC ATC ACC GTG GAT CGC TTC ATT GCA GTG GTT CAG GCC ACC AAG GCC TAC AAC CAG CAG GCG GCG CGG AGG AGC TGG GGC AAG GCC ATC TGT GTG CTC ATC TGG GTG GCG TCC CTC CTG GTT TCT CTG CCG CAG ATC ATC TAC GGT AGC GTC CTG CAC CTC GAC AAG CAC GTC TGT GAC TAC CAC GAC --- GAG CAG ATT TCC ACC ATG GTT CTT GCC ATC CAG ATG GCT CTG GGC TTC CTC CTG CCA CTG CTC GCC ATG ATT GTC TGC TAC TCG GTC ATT ATC AGG ACC CTG CTT CGG GCT CGC GGC TTC CGG AAG CAC AAG TCT CTC AAG ATC ATC TTC CTG GTG GTG GCC GTG TTC CTG CTG ACC CAG ACG CCG TTC AAC CTG GTG AAG CTC ATC CGG AGC ACG AGC TGG GAG TAC CAC GCC ATG ACC AGC TTC AGT TAC GTC GTC GTG GTG ACG GAG GCC GTG GCG TAC CTG AGG GCC TGC CTG AAC CCT GTG CTC TAC GCC TTT GTC GGC CTC AAG TTC CGC AAG AAC TTC CTG AAG CTT GCG AAG GAC GCT GGC TGC CTC CCT TAC CTG GGG GTC ACA AGT CAA TCG AAG TCT TCT GAG GAC AAT TCC AAG --- ACG TGC TCT GCG TCC CAC CAC GCG GAG GCC ACC AGC ATG TTC CAG CTG 
Oryctolagus_cuniculus           ATG TGG ATT CTG AGC TAC AGG ATG CGG GTG GCG TGG GTC TGC AGA GCA ACC AGC CGA GGG CTC TTA AAC ACT CGG CGG AAA CCT GGC CCA CAT CAC AGG AGT GGA GGT GGC AGT GGC CTC GTG AGC AAG CTC ATC TCT GGA ACC ACG GCC AAG GCG CCT CTG CTG GTG TTT GTC GGA GGA GCC ACC ACG ATG --- --- GAG GAC GAG TAC TCC GAC CCT GGC TTC TTC --- AAC TCC ACA GAC AGC AGC CAG GAG CAA GAG TGC TTC TTA CGC TTC AGG AAG GTC TTC GTG CCC TGC GTG TAC CTG GCG GTG TTC ACC TGC GGC CTG ATA GGC AAC TCC CTG GTG CTG GTC ATC TAC ATC TTC TAC CAG AAG CTG AAG AGC CTG ACA GAC GTG TTC CTG ATG AAC CTG CCC CTG GCC GAC CTG GTC TTC GTC TGC ACT CTG CCC TTC TGG GCC TAC GCA GGC CTC CAC GAG TGG GTC TTT GGC GAG CTC ATG TGC AGG ACC CTG CTG GGC ATC TAC GCC ATA AAC TTC TAC ACG TCC ATG CTC ACC CTC ACC TGC ATC ACC GTG GAT CGC TTC CTT GCA GTG GTT CAG GCC ACC AAG GCC TAC AAC CAG CAG GCC GCG CGG AGG AGC TGG GGC AAA GCC ATC TGC GTG TTC ATC TGG GTG GCC TCC TTC CTG GTT TCT CTG CCG CAG ATG ATC TAC GGC AGT GTC CTA GAC CTC GAC AAG CAC GTC TGT GAC TAC CGC AAC --- GAG AAG ATT TCC ACC ATG GTT CTT GCC ACC CAG ATG GCT CTG GGC TTC TTC CTG CCA CTG TTC GCC ATG ATT GTC TGC TAC TCG GTC ATT ATC AGG ACC CTG CTT CGG GCT CGC GGC TTC CGG AAG CAC AAG TCT CTC AAG ATC ATC TTC CTG GTA GTG GCC GTG TTC CTG CTG ACC CAG ATG CCG TTC AAC CTG GTG AAG CTC ATC CGG AGC ACG AGC TGG GAG TAC CAC GCC ATG ACC CAC TTC AGT TAC GTC GTC GTG GTG ACG GAG GCC GTC GCG TAC CTG AGG GCC TGC CTG AAC CCT GTG CTC TAC GCC TTT GTC GGC CTC AAG TTC CGC AAG AAC TTC CTG AAG CTT GTG AAG GAC GCT GGC TGC CTC CCT TAC CTG GGG GTT GCA AGT CAA ATG AAG TCT TCT GAG GAC AAT TCC AAG --- ACG TGC TCT GCG TCC CAC CAC GCG GAG GCC ACC AGC ATG TTC CAG CTG 



After deleting gaps. 1017 sites
      6   1017

Ochotona_curzoniae              ATG GAT GAG GAC TAC GAA GAC CCC GGC TTC TTC AGC TCC ACC GAG AGC AGG CAG GAG CAC AAT GGC TTC CTG CGG TTC CAG GAG ATC TTT TTG CCC TGC ATG TAC CTG GTG GTG TTC ACT TGT GGC CTG CTC GGG AAC TCC CTG GTG CTG GTC ATC TAC ATC TCC TAC CAG AAG CTC AAG ACC CTG ACG GAC GTG TTC CTG GTG AAC CTG CCC CTG GCC GAC CTG GTC TTT GTC TGC ACA CTG CCC TTC TGG GCT TAT GCA GGC TTC CAT GAG TGG GTC TTT GGC AAG GTC ATG TGC AAG ATC CTA CTG GGC ATC TAC ACT ATA AAC TTC TAC ACG TCC ATG CTC ATT CTC ACC TGC ATC ACT GTG GAT CGC TTT ATT GCA GTG GTC CAG GCC ACC AAA GCC CAC AAC CAG CAG GCC GTG AGG AAG ACC TGG GGC AAG GTC ATC TGT GTG ATT ATC TGG ATG GCT TCC TTC GTG GTT TCC CTG CCG CAG ATC ATC TAC GGC AAC GTC CAG CAC AAT GAC AAG TTC ACC TGC AGC TAC CAT GAT GAG GGC ATT TCC ACC ATG GTT CTG GCT ACT CAG ATG ACT CTG GGC TTC TTC CTG CCG CTG TTT GCC ATG GTG GTC TGC TAC TCT GTC ATC ATC AGA ACT CTG CTT CGT GCT CGC GGC TTC CAG AAG CAC AAA TCT CTC AAG ATC ATC TTC CTG GTA GTG GCC GTG TTC CTG CTG ACC CAG ACG CCC TTC AAC ATG GTG AAG CTC ATC CGC AGC ACG AGC TGG GAA TAT TAC AGC ATG ACC AGC TTC GAC TAT GCC ATC CTT GCG ACT GAG GTC ATC GCA TAC CTA CGG GCT TGC CTG AAC CCC GTG CTC TAT GCC TTT GTC GGT CTC AAG TTT CGC AAG AAT TTC CTG AAA CTC GTG AAG GAT ATT GGC TGT CTC CCC TGC CTG AGG GTC TCC AGT CAG TGG AAG TCT TCT GAG GAC AAT TCC AAG ACG TGC TCA GCC TCT CAC AAC GTG GAG GCC ACG AGC ATG TTC CAG CTG 
Ochotona_princeps               ATG GAG GAG GAC TAC CAA GAC CCT GGC TTC TTC AGC TCC ACC GAG AGC AGG CAG GAG CAC GAT GGC TTC CTG CGG TTC CAG GAG ATC TTT CTG CCC TGC ATG TAC CTG GTG GTG TTC ACT TGC GGC CTG CTT GGG AAC TCC CTG GTG CTG GTC ATC TAC ATC TCC TAC CAG AAG CTC AAG ACC CTG ACG GAT GTG TTC CTG GTG AAC CTG CCC CTG GCC GAC CTG GTC TTT GTC TGC ACA CTG CCC TTC TGG GCT TAT GCA GGC TTC CAC AAG TGG GTC TTT GGC AAG GTC ATG TGC AAG ATC CTA CTG GGC ATC TAC ACT ATA AAC TTC TAC ACG TCC ATG CTC ATT CTC ACC TGC ATC ACT GTG GAT CGC TTT ATT GCA GTG GTC CAG GCC ACC AAA GCC CAC AAC CAG CAG GCC GTG CGT AAG ACC TGG GGC AAG GTC ATC TGT GCG ATT GTC TGG ACG GCT TCC CTC GTG GTT TCC CTG CCG CAG ATC ATC TAC GGC AAC GTC CAG CAC AAT GAC AAG CCC ACC TGC AGC TAC CAT GAC GAG GCC ATT TCC ACC ATG GTT CTG GCT ACC CAG ATG ACT CTG GGC TTC TTC CTG CCG CTG TTT GCC ATG GTG GTC TGC TAC TCT GTC ATC ATC AAA ACT CTG CTT CGT GCT CGT GGC TTC CAG AAG CAC AAG TCT CTC AAG ATC ATC TTC CTG GTA GTG GTC ATG TTC CTG CTG ACC CAA ACA CCC TTC AAT ATG GTA AAG CTC ATC CGC AGC ACG AAC TGG GAG TAT TAC AGC ATG ACC AGC TTC AAC TAT GCC ATC CTT GTG ACT GAG GTC ATT GCG TAC CTG CGG GCT TGC CTG AAC CCC GTG CTC TAT GCC TTC GTC GGC CTC AAG TTT CGC AAG AAC TTC CTG AAA CTC GTG AAG GAT ATT GGC TGT CTC CCC TGC CTG AGG GTC TCT GGT CAG TGG AAG TCT TCT GAG GAC AAT TCC AAG ACG TGC TCA GCC TCT CAC AAC GTG GAG GCC ACC AGC ATG TTC CAG CTG 
Lepus_americanus                ATG GAG GAC GAG TAC CTC GAC CCC GGG TTC TTC AAC TCC ACA GAC AGC AGC CAG GAG CAC GAG TGC TTC TTA CGC TTC AGG AAG GTC TTC GTG CCC TGC GTG TAC CTG GCG GTG TTC ACC TGC GGC CTG ATA GGC AAC TCC CTG GTG CTG GTC ATC TAC ATC TTC TAC CAG AAG CTG AAG AGC CTG ACA GAC GTG TTC CTG ATG AAC CTG CCC TTG GCT GAC CTG GTC TTC GTC TGC ACT CTG CCC TTC TGG GCC TAC GCA GGC CTC CAC GAG TGG GTC TTT GGC GAG CTC ATG TGC AGG ACC CTG CTG GGC ATC TAC GCC ATA AAC TTC TAC ACG TCC ATG CTC ACC CTC ACC TGC ATC ACC GTG GAT CGC TTC ATT GCA GTG GTT CAG GCC ACC AAG GCC TAC AAC CAG CAG GCC ACG CGC AGG AGC TGG GGC AAG GCC ATC TGC GCG CTC ATC TGG GTG GCC TCC CTC CTG GTT TCT CTG CCA CAG ATC ATC TAC GGC AGC GTC CTG CAC CTC GAC AAG CAC GTC TGC GAC TAC CAC GGC GAG GAG ATT TCC ACC GTG GTT CTT GCC ACC CAG ATG GCT CTG GGC TTC TTC CTG CCA CTG CTC GCC ATG ATT GTC TGC TAT TCG GTC ATT GTC AGG ACC CTG CTT CGG GCT CGC GGC TTC CGG AAG CAC AAG TCT CTC AAG ATC ATC TTC CTG GTA GTG GCC GTG TTC CTG CTG ACC CAG ACG CCG TTC AAC CTG GTG AAG CTC ATC CGG AGC ACG AGC TGG GAG TAC CAC GCC ATG ACC AGC TTC AGT TAC GTT GTC GTG GTG ACG GAG GCC GTC GCG TAC CTG AGG GCC TGC CTG AAC CCT GTG CTC TAC GCC TTT GTC GGC CTC AAG TTC CGC AAG AAC TGC CTG AAA CTT GTG AAG GAC GCT GGC TGC CTC CCT TAC CTG GGG GCC GCA AGT CAA TCG AAG TCT TCT GAG GAC AAT TCC AAG AAG TGC TCT GCG TCC CAC CAC GCG GAG GCC ACC AGC ATG TGC CAG CTG 
Lepus_timidus                   ATG GAG GAC GAG TAC CTC GAC CCC GGG TTC TTC AAC TCC ACA GAA AGC AGC CAG GAG CAC GAG TGC TTC TTA CGC TTC AGG AAG GTC TTC GTG CCC TGC GTG TAC CTG GCA GTG TTC ACC TGC GGC CTG ATA GGC AAC TCC CTG GTG CTG GTC ATC TAC ATC TTC TAC CAG AAG CTG AAG AGC CTG ACA GAC GTG TTC CTG ATG AAC CTG CCC TTG GCT GAC CTG GTC TTC GTC TGC ACT CTG CCC TTC TGG GCC TAT GCA GGC CTC CAC GAG TGG GTC TTT GGC GAG CTC ATG TGC AGG ACC CTG CTG GGC ATC TAC GCC ATA AAC TTC TAC ACG TCC ATG CTC ACC CTC ACC TGC ATC ACC GTG GAT CGC TTC ATT GCA GTG GTT CAG GCC ACC AAG GCC TAC AAC CAG CAG GCC GCG CGC AGG AGC TGG GGC AAG GCC ATC TGC ACG CTC ATC TGG GTG GCC TCC CTC CTG GTT TCT CTG CCA CAG ATC ATC TAC GGC AGT GTC CTG CAC CTC GAC AAG CAC GTC TGC GAC TAC CAC GGC GAG GAG ATT TCC ACC GTG ATT CTT GCC ACC CAG ATG GCT CTG GGC TTC TTC CTG CCA CTG CTC GCC ATG ATT GTC TGC TAC TCG GTC ATT GTC AGG ACC CTG CTT CGG GCT CGC GGC TTC CGG AAG CAC AAG TCT CTC AAG ATC ATC TTC CTG GTA GTG GCC GTG TTC CTG CTG ACC CAG ACG CCG TTC AAC CTG GTG AAG CTC ATC CGG AGC ACG AGC TGG GAG TAC CAC GCC ATG ACC AGC TTC AGT TAC GTT GTC GTG GTG ACG GAG GCC GTC GCG TAC CTG AGG GCC TGC CTG AAC CCT GTG CTC TAC GCC TTT GTC GGC CTC AAG TTC CGC AAG AAC TGC CTG AAA CTT GTG AAG GAC GCT GGC TGC CTC CCT TAC CTG GGG GCC ACA AGT CAA TCG AAG TCT TCT GAG GAC AAT TCC AAG ACG TGC TCT GCG TCC CAC CAC GCG GAG GCC ACC AGC ATG TTC CAG CTG 
Sylvilagus_bachmani             ATG GAG GAC GAG TAC CTT GAC CCC GGC TTC TTC AAC TCC ACC GAC AGC AGC CAG GAG CAC GAG TGC TTC CTA CGC TTC AGG AAG GTC TTT GTG CCC TGC GTG TAC CTG GCC GTG TTC ACC TGC GGC CTG ATA GGC AAC TCC CTG GTG CTG GTC ATC TAC ATC TTC TAC CAG AAG CTG AAG AGC CTG ACA GAC GTG TTC CTG ATG AAC CTG CCC CTG GCT GAC CTG GTC TTC GTC TGC ACT CTG CCC TTC TGG GCC TAT GCA GGC CTC CAC GAG TGG GTC TTT GGC AAG CTC ATG TGC AGG ACC CTG CTG GGC ATC TAC GCC ATA AAC TTC TAC ACG TCC ATG CTC ACC CTC ACC TGC ATC ACC GTG GAT CGC TTC ATT GCA GTG GTT CAG GCC ACC AAG GCC TAC AAC CAG CAG GCG GCG CGG AGG AGC TGG GGC AAG GCC ATC TGT GTG CTC ATC TGG GTG GCG TCC CTC CTG GTT TCT CTG CCG CAG ATC ATC TAC GGT AGC GTC CTG CAC CTC GAC AAG CAC GTC TGT GAC TAC CAC GAC GAG CAG ATT TCC ACC ATG GTT CTT GCC ATC CAG ATG GCT CTG GGC TTC CTC CTG CCA CTG CTC GCC ATG ATT GTC TGC TAC TCG GTC ATT ATC AGG ACC CTG CTT CGG GCT CGC GGC TTC CGG AAG CAC AAG TCT CTC AAG ATC ATC TTC CTG GTG GTG GCC GTG TTC CTG CTG ACC CAG ACG CCG TTC AAC CTG GTG AAG CTC ATC CGG AGC ACG AGC TGG GAG TAC CAC GCC ATG ACC AGC TTC AGT TAC GTC GTC GTG GTG ACG GAG GCC GTG GCG TAC CTG AGG GCC TGC CTG AAC CCT GTG CTC TAC GCC TTT GTC GGC CTC AAG TTC CGC AAG AAC TTC CTG AAG CTT GCG AAG GAC GCT GGC TGC CTC CCT TAC CTG GGG GTC ACA AGT CAA TCG AAG TCT TCT GAG GAC AAT TCC AAG ACG TGC TCT GCG TCC CAC CAC GCG GAG GCC ACC AGC ATG TTC CAG CTG 
Oryctolagus_cuniculus           ATG GAG GAC GAG TAC TCC GAC CCT GGC TTC TTC AAC TCC ACA GAC AGC AGC CAG GAG CAA GAG TGC TTC TTA CGC TTC AGG AAG GTC TTC GTG CCC TGC GTG TAC CTG GCG GTG TTC ACC TGC GGC CTG ATA GGC AAC TCC CTG GTG CTG GTC ATC TAC ATC TTC TAC CAG AAG CTG AAG AGC CTG ACA GAC GTG TTC CTG ATG AAC CTG CCC CTG GCC GAC CTG GTC TTC GTC TGC ACT CTG CCC TTC TGG GCC TAC GCA GGC CTC CAC GAG TGG GTC TTT GGC GAG CTC ATG TGC AGG ACC CTG CTG GGC ATC TAC GCC ATA AAC TTC TAC ACG TCC ATG CTC ACC CTC ACC TGC ATC ACC GTG GAT CGC TTC CTT GCA GTG GTT CAG GCC ACC AAG GCC TAC AAC CAG CAG GCC GCG CGG AGG AGC TGG GGC AAA GCC ATC TGC GTG TTC ATC TGG GTG GCC TCC TTC CTG GTT TCT CTG CCG CAG ATG ATC TAC GGC AGT GTC CTA GAC CTC GAC AAG CAC GTC TGT GAC TAC CGC AAC GAG AAG ATT TCC ACC ATG GTT CTT GCC ACC CAG ATG GCT CTG GGC TTC TTC CTG CCA CTG TTC GCC ATG ATT GTC TGC TAC TCG GTC ATT ATC AGG ACC CTG CTT CGG GCT CGC GGC TTC CGG AAG CAC AAG TCT CTC AAG ATC ATC TTC CTG GTA GTG GCC GTG TTC CTG CTG ACC CAG ATG CCG TTC AAC CTG GTG AAG CTC ATC CGG AGC ACG AGC TGG GAG TAC CAC GCC ATG ACC CAC TTC AGT TAC GTC GTC GTG GTG ACG GAG GCC GTC GCG TAC CTG AGG GCC TGC CTG AAC CCT GTG CTC TAC GCC TTT GTC GGC CTC AAG TTC CGC AAG AAC TTC CTG AAG CTT GTG AAG GAC GCT GGC TGC CTC CCT TAC CTG GGG GTT GCA AGT CAA ATG AAG TCT TCT GAG GAC AAT TCC AAG ACG TGC TCT GCG TCC CAC CAC GCG GAG GCC ACC AGC ATG TTC CAG CTG 



Printing out site pattern counts


         6        549  P

Ochotona_curzoniae              AAA AAA AAA AAC AAC AAC AAC AAG AAG AAG AAG AAT AAT AAT AAT ACA ACC ACC ACC ACC ACG ACG ACG ACG ACG ACT ACT ACT ACT ACT AGA AGC AGC AGC AGC AGC AGC AGG AGG AGG AGT ATA ATC ATC ATC ATC ATC ATC ATC ATC ATG ATG ATG ATG ATG ATT ATT ATT ATT ATT CAC CAC CAC CAC CAG CAG CAG CAG CAG CAG CAT CAT CCC CCC CCC CCC CCG CCG CGC CGC CGC CGG CGG CGT CTA CTA CTC CTC CTC CTC CTG CTG CTG CTG CTT CTT GAA GAA GAC GAC GAC GAC GAG GAG GAG GAG GAG GAT GAT GAT GAT GCA GCA GCC GCC GCC GCC GCC GCC GCG GCT GCT GCT GGC GGC GGC GGC GGC GGG GGT GTA GTC GTC GTC GTC GTC GTG GTG GTG GTG GTG GTG GTG GTG GTG GTG GTG GTT GTT TAC TAC TAC TAT TAT TCA TCC TCC TCC TCC TCT TCT TCT TGC TGC TGC TGG TGG TGT TGT TGT TTC TTC TTC TTC TTC TTC TTC TTG TTT TTT TTT TTT TTT 
Ochotona_princeps               ... ... ..G ... ... ... ..T ... ... ... ... ..C ... ... G.. ... ... ... ... ... ..A ..C ... ... ... ..C ... ... ... ... .A. .A. ... ... ... ... ... ... ... C.T G.. ... ... ... ... ... ... ... ..T G.. .C. ... ... ... ... ... ... ... ... ... ... ... ... ... ..A ... ... ... ... ... ..C ... ... ... ... ..T ... ... ... ... ..T ... ... ... ... ..G ... ... ... ..T ... ... ... ... ... ... C.. ..G A.. ... ... ..T A.. ... ... ... ... ..C ..G ... ... ... ..G ... ... ... ... ... .T. .T. ... ... ... .C. ... ... ... ... ... ..C ... ... ... ... ... ... A.. .C. ..A ... ... ... ... ... ... ... ... ... ... ... ... ... ... ... ... ... ... ... ..T ... ... ... ... ... ... ... ... ..C ... ... CC. C.. ... ... ... ... ... C.. ..C ... ... ... ... 
Lepus_americanus                ... ..G ..G ... .G. C.. ... ... ... .G. G.. ..C ... CTC G.G ..T ..A ... .G. GT. ... ..C .A. ..A ... ..C ..C ..G G.C G.. ..G ... .A. ... ... GA. GC. ..C G.. C.C ... ... .C. ... ... ..T G.. G.. G.. ... G.. ... C.. G.. G.. .CC ... ... C.C GC. ... ... ... T.. ... AG. ..A ... .G. .T. ..C ..C ... ..G ..T ... ..A ..A ... ..G ... A.. ..C ..G ..G ..G ... ..G ..T A.A ... ..T T.A T.. ... G.G CTC ..G AGT ... ..G ... ... A.. ..C ..C ... .GC ..G ..C ... ... ..G ... ... ..G ..T .TT ... .T. ..C ..C ... .AG ... ... ..G T.. ..C ..C ... C.. .C. .C. ... ..T ... .C. ... AC. A.. A.T C.. .C. .C. ... ... ... ... C.. ... ..T ..C ..C ..T ... ..T .T. G.A ..C ..G ... .A. ... ... .C. ... ..C ..C ..C CA. C.. C.. .G. .G. ... ... G.. ... C.C ..C ..C ... 
Lepus_timidus                   ... ..G ..G ... .GT C.. ... ... ... .G. G.. ..C ... CTC G.G ..T ..A ... .G. GT. ... ..C ... ..A ... ..C ..C ..G G.C G.. ..G ... .A. ... ... GA. GC. ..C G.. C.C ... ... .C. ... ... ..T G.. G.. G.. ... G.. ... C.. G.. G.. .CC ... ... C.C GC. ... ... ... T.. ... AG. ..A ... .G. .T. ..C ..C ... ..G ..T ... ..A ..A ... ..G ... A.. ..C ..G ..G ..G ... ..G ..T A.A ... ..T T.A T.. ... G.G CTC ..G AGT ... ..G ... ... A.. ..A ..C ... .GC ..G ..C ... ... ..G ... ... ..G ..T .TT ... .T. ..C ..C ... .AG ... ... ..G T.. ..C ..C ... C.. .C. .C. ... ..T ... AC. ... .C. A.. A.T C.. .CA .C. ... ... A.. ... C.. ... ... ..C ... ..T ... ..T .T. A.A ..C ..G ... .A. ... ... .C. ... ..C ..C ..C CA. C.. C.. .G. ... ... ... G.. ... C.C ..C ..C ... 
Sylvilagus_bachmani             ..G ..G ..G ... .G. C.. ... ... ... .G. ... ..C ... CTC G.G ..T ... ... .G. GT. ... ..C ... ..A ... .TC ..C ..G G.C G.. ..G ... .A. ... ... GA. GC. ..C G.. C.. ... ... .C. ... ... ..T ... G.. G.G ... G.. ... C.. ... G.. .CC ... ... C.C GC. ... ... ... T.. ... AG. ..A ... .G. .T. ..C ..C ... ..G ..T ... ..A ... ... ..G ... A.. ..C ..G ..G ..G ... ..G ..T A.A ... ..T ..A ... ... G.G CTT ..G AGT ... ..G ... ... A.. ..C ..C ... ..C ..G ..C ... ... ..G ... ..G ..G ..T .T. ... .T. ..C ..G ... CAG ... ..T ... T.. ..C ..C ..G C.. .C. ... ... ..T ... ... ... .C. A.. A.T C.. .CC .C. .C. ... ... ... C.. ... ... ..C ... ..T ... ..T .T. A.A ..C ..G ... .A. ... ..T .C. ... ..C ..C ... CA. C.. C.. ... ... C.. ... G.. ... C.C ..C ... ... 
Oryctolagus_cuniculus           ..G ..G ..G ... .GT C.. ... ..A ... .G. G.. ..C ... CTC G.G ..T ..A ... .G. GT. .T. ..C ... ..A ... ..C ..C ..G G.C G.. ..G ... .A. ... CA. GA. GC. ..C G.. C.. ... ... .C. ... ..G ..T ... G.. G.. ... G.. ... C.. ... G.. .CC ... C.. T.C GC. ..A ... G.. T.. ... AG. ..A ... .G. .TA ..C .GC ... ..G ..T ..T ..A ... ... ..G ... A.. ..C ..G ..G ..G ... ..G ..T A.A ... ..T T.A ... ... G.G TCC ..G AGT ... ..G ... ... A.. ..C ..C ... A.C ..G ..C ... ... ..G ... ... ..G ... .T. ... .T. ..C ..C ... AAG ... ... ... T.. ..C ..C ... C.. .C. ..T ... ..T ... ... ... .C. A.. A.T C.. .C. .C. ... ... ... ... C.. ... ... ..C ..C ..T ... ..T .T. G.A ..C ..G ... .A. ... ..T AT. ... ..C ..C ..C CA. ... C.. ... ... ... ... G.. ... ..C ..C ..C ... 

    1    1    1    5    1    1    1    1   11    2    1    1    1    1    1
    1    1    5    2    1    1    1    1    1    2    1    3    1    1    1
    1    1    1    3    1    1    1    1    1    1    1    1    1    9    1
    1    1    2    1    1    1    7    1    1    1    1    1    1    1    1
    1    2    1    1    1    1    1    8    1    1    1    1    3    1    2
    1    1    1    2    1    1    1    1    1    1    1    7    1    1    1
   22    1    1    1    1    1    1    1    1    4    1    1    1    1    1
    1    5    1    1    1    1    2    1    5    1    1    1    1    1    1
    3    1    1    1    8    1    1    1    1    1    1    1    2    1    8
    1    1    1    1    1    1    1    1    1    1    1    7    1    1    1
    9    1    3    1    1    6    1    1    1    1    1    3    1    7    1
    1    5    1    1    1    1    1    1    1    1    1   14    1    1    1
    3    1    1

CODONML (in paml version 4.9, March 2015)  Lagomorpha.aln.faa
Model: several dN/dS ratios for branches for branches,  omega = 1.000 fixed

Codon frequency model: F3x4
ns =   6  ls = 339

Codon usage in sequences
--------------------------------------------------------------------------------------------------------------------------------------
Phe TTT   7   6   2   2   3   2 | Ser TCT   5   6   5   5   5   5 | Tyr TAT   4   4   1   1   1   0 | Cys TGT   3   2   0   0   2   1
    TTC  20  19  20  21  20  25 |     TCC   9   8   7   7   7   8 |     TAC  11  11  15  15  15  16 |     TGC   9  10  14  13  10  11
Leu TTA   0   0   1   1   0   1 |     TCA   1   1   0   0   0   0 | *** TAA   0   0   0   0   0   0 | *** TGA   0   0   0   0   0   0
    TTG   1   0   1   1   0   0 |     TCG   0   0   2   2   2   1 |     TAG   0   0   0   0   0   0 | Trp TGG   6   6   5   5   5   5
--------------------------------------------------------------------------------------------------------------------------------------
Leu CTT   2   3   3   3   4   4 | Pro CCT   0   1   2   2   2   3 | His CAT   2   1   0   0   0   0 | Arg CGT   1   3   0   0   0   0
    CTC  10  10  14  14  14  10 |     CCC   7   7   4   4   4   3 |     CAC   5   6   9   9   9   7 |     CGC   4   3   5   5   4   5
    CTA   2   1   0   0   1   1 |     CCA   0   0   2   2   1   1 | Gln CAA   0   2   1   1   1   2 |     CGA   0   0   0   0   0   0
    CTG  25  27  28  28  29  28 |     CCG   2   2   1   1   2   2 |     CAG  13  12   9   9  10   9 |     CGG   2   2   3   3   4   4
--------------------------------------------------------------------------------------------------------------------------------------
Ile ATT   5   6   4   5   4   3 | Thr ACT   7   6   1   1   1   1 | Asn AAT   4   3   1   1   1   1 | Ser AGT   1   0   2   3   2   3
    ATC  17  15  11  11  13  11 |     ACC   9  11  12  12  12  12 |     AAC   8  10   8   8   8   9 |     AGC   8   7   9   8   9   7
    ATA   1   1   2   2   2   2 |     ACA   1   2   2   3   2   2 | Lys AAA   3   3   1   1   0   1 | Arg AGA   1   0   0   0   0   0
Met ATG  11  11   8   8   9  12 |     ACG   6   5   5   6   5   4 |     AAG  15  17  16  15  17  16 |     AGG   3   2   5   5   5   5
--------------------------------------------------------------------------------------------------------------------------------------
Val GTT   2   2   4   3   3   4 | Ala GCT   5   5   4   4   4   3 | Asp GAT   4   4   1   1   1   1 | Gly GGT   1   1   0   0   1   0
    GTC  13  15  13  13  13  13 |     GCC  10  10  16  16  14  16 |     GAC   7   6   9   8  10  10 |     GGC  12  12  12  12  11  12
    GTA   1   2   1   1   0   1 |     GCA   3   2   3   3   2   3 | Glu GAA   2   0   0   1   0   0 |     GGA   0   0   0   0   0   0
    GTG  17  15  16  16  17  16 |     GCG   1   2   5   4   7   5 |     GAG   9  10  12  12  10  11 |     GGG   1   1   2   2   1   1
--------------------------------------------------------------------------------------------------------------------------------------

Codon position x base (3x4) table for each sequence.

#1: Ochotona_curzoniae
position  1:    T:0.22419    C:0.22124    A:0.29499    G:0.25959
position  2:    T:0.39528    C:0.19469    A:0.25664    G:0.15339
position  3:    T:0.15634    C:0.46903    A:0.04425    G:0.33038
Average         T:0.25860    C:0.29499    A:0.19862    G:0.24779

#2: Ochotona_princeps
position  1:    T:0.21534    C:0.23599    A:0.29204    G:0.25664
position  2:    T:0.39233    C:0.20059    A:0.26254    G:0.14454
position  3:    T:0.15634    C:0.47198    A:0.04130    G:0.33038
Average         T:0.25467    C:0.30285    A:0.19862    G:0.24385

#3: Lepus_americanus
position  1:    T:0.21534    C:0.23894    A:0.25664    G:0.28909
position  2:    T:0.37758    C:0.20944    A:0.24484    G:0.16814
position  3:    T:0.08850    C:0.52507    A:0.03835    G:0.34808
Average         T:0.22714    C:0.32448    A:0.17994    G:0.26844

#4: Lepus_timidus  
position  1:    T:0.21534    C:0.23894    A:0.26254    G:0.28319
position  2:    T:0.38053    C:0.21239    A:0.24189    G:0.16519
position  3:    T:0.09145    C:0.51917    A:0.04425    G:0.34513
Average         T:0.22911    C:0.32350    A:0.18289    G:0.26450

#5: Sylvilagus_bachmani
position  1:    T:0.20649    C:0.25074    A:0.26549    G:0.27729
position  2:    T:0.38938    C:0.20649    A:0.24484    G:0.15929
position  3:    T:0.10029    C:0.51032    A:0.02655    G:0.36283
Average         T:0.23206    C:0.32252    A:0.17896    G:0.26647

#6: Oryctolagus_cuniculus
position  1:    T:0.22124    C:0.23304    A:0.26254    G:0.28319
position  2:    T:0.39233    C:0.20354    A:0.24484    G:0.15929
position  3:    T:0.09145    C:0.51622    A:0.04130    G:0.35103
Average         T:0.23500    C:0.31760    A:0.18289    G:0.26450

Sums of codon usage counts
------------------------------------------------------------------------------
Phe F TTT      22 | Ser S TCT      31 | Tyr Y TAT      11 | Cys C TGT       8
      TTC     125 |       TCC      46 |       TAC      83 |       TGC      67
Leu L TTA       3 |       TCA       2 | *** * TAA       0 | *** * TGA       0
      TTG       3 |       TCG       7 |       TAG       0 | Trp W TGG      32
------------------------------------------------------------------------------
Leu L CTT      19 | Pro P CCT      10 | His H CAT       3 | Arg R CGT       4
      CTC      72 |       CCC      29 |       CAC      45 |       CGC      26
      CTA       5 |       CCA       6 | Gln Q CAA       7 |       CGA       0
      CTG     165 |       CCG      10 |       CAG      62 |       CGG      18
------------------------------------------------------------------------------
Ile I ATT      27 | Thr T ACT      17 | Asn N AAT      11 | Ser S AGT      11
      ATC      78 |       ACC      68 |       AAC      51 |       AGC      48
      ATA      10 |       ACA      12 | Lys K AAA       9 | Arg R AGA       1
Met M ATG      59 |       ACG      31 |       AAG      96 |       AGG      25
------------------------------------------------------------------------------
Val V GTT      18 | Ala A GCT      25 | Asp D GAT      12 | Gly G GGT       3
      GTC      80 |       GCC      82 |       GAC      50 |       GGC      71
      GTA       6 |       GCA      16 | Glu E GAA       3 |       GGA       0
      GTG      97 |       GCG      24 |       GAG      64 |       GGG       8
------------------------------------------------------------------------------


Codon position x base (3x4) table, overall

position  1:    T:0.21632    C:0.23648    A:0.27237    G:0.27483
position  2:    T:0.38791    C:0.20452    A:0.24926    G:0.15831
position  3:    T:0.11406    C:0.50197    A:0.03933    G:0.34464
Average         T:0.23943    C:0.31432    A:0.18699    G:0.25926

Codon frequencies under model, for use in evolver (TTT TTC TTA TTG ... GGG):
  0.00978698  0.04307115  0.00337482  0.02957186
  0.00516018  0.02270925  0.00177937  0.01559176
  0.00628897  0.02767690  0.00000000  0.00000000
  0.00399418  0.01757783  0.00000000  0.01206862
  0.01069895  0.04708459  0.00368929  0.03232742
  0.00564102  0.02482534  0.00194518  0.01704462
  0.00687499  0.03025588  0.00237069  0.02077314
  0.00436636  0.01921577  0.00150564  0.01319319
  0.01232270  0.05423049  0.00424921  0.03723367
  0.00649714  0.02859301  0.00224039  0.01963144
  0.00791839  0.03484773  0.00273048  0.02392582
  0.00502903  0.02213209  0.00173415  0.01519549
  0.01243391  0.05471993  0.00428756  0.03756971
  0.00655578  0.02885107  0.00226061  0.01980862
  0.00798985  0.03516224  0.00275512  0.02414175
  0.00507442  0.02233184  0.00174980  0.01533263



Nei & Gojobori 1986. dN/dS (dN, dS)
(Note: This matrix is not used in later ML. analysis.
Use runmode = -2 for ML pairwise comparison.)

Ochotona_curzoniae  
Ochotona_princeps    0.2340 (0.0249 0.1065)
Lepus_americanus     0.2887 (0.1176 0.4072) 0.2981 (0.1163 0.3901)
Lepus_timidus        0.2767 (0.1146 0.4140) 0.2856 (0.1133 0.3967) 0.5677 (0.0092 0.0162)
Sylvilagus_bachmani  0.2815 (0.1078 0.3829) 0.3086 (0.1110 0.3598) 0.2342 (0.0198 0.0846) 0.2307 (0.0185 0.0801)
Oryctolagus_cuniculus 0.2772 (0.1159 0.4182) 0.3233 (0.1243 0.3845) 0.5882 (0.0346 0.0588) 0.6119 (0.0359 0.0588) 0.3815 (0.0292 0.0764)


TREE #  1:  ((5, 6), (4, 3), (2, 1));   MP score: 211
lnL(ntime:  9  np: 11):  -2385.782623      +0.000000
   7..8     8..5     8..6     7..9     9..4     9..3     7..10   10..2    10..1  
 0.003380 0.046859 0.081110 0.041635 0.015909 0.017374 0.521664 0.072401 0.060479 5.755178 0.187147

Note: Branch length is defined as number of nucleotide substitutions per codon (not per neucleotide site).

tree length =   0.86081

((5: 0.046859, 6: 0.081110): 0.003380, (4: 0.015909, 3: 0.017374): 0.041635, (2: 0.072401, 1: 0.060479): 0.521664);

((Sylvilagus_bachmani: 0.046859, Oryctolagus_cuniculus: 0.081110): 0.003380, (Lepus_timidus: 0.015909, Lepus_americanus: 0.017374): 0.041635, (Ochotona_princeps: 0.072401, Ochotona_curzoniae: 0.060479): 0.521664);

Detailed output identifying parameters

kappa (ts/tv) =  5.75518

w (dN/dS) for branches:  0.18715 1.00000

dN & dS for each branch

 branch          t       N       S   dN/dS      dN      dS  N*dN  S*dS

   7..8      0.003   837.4   179.6  0.1871  0.0006  0.0034   0.5   0.6
   8..5      0.047   837.4   179.6  1.0000  0.0156  0.0156  13.1   2.8
   8..6      0.081   837.4   179.6  0.1871  0.0153  0.0818  12.8  14.7
   7..9      0.042   837.4   179.6  0.1871  0.0079  0.0420   6.6   7.5
   9..4      0.016   837.4   179.6  0.1871  0.0030  0.0160   2.5   2.9
   9..3      0.017   837.4   179.6  0.1871  0.0033  0.0175   2.7   3.1
   7..10     0.522   837.4   179.6  0.1871  0.0984  0.5258  82.4  94.4
  10..2      0.072   837.4   179.6  0.1871  0.0137  0.0730  11.4  13.1
  10..1      0.060   837.4   179.6  0.1871  0.0114  0.0610   9.6  10.9

tree length for dN:       0.1692
tree length for dS:       0.8361

dS tree:
((Sylvilagus_bachmani: 0.015620, Oryctolagus_cuniculus: 0.081758): 0.003407, (Lepus_timidus: 0.016036, Lepus_americanus: 0.017513): 0.041968, (Ochotona_princeps: 0.072980, Ochotona_curzoniae: 0.060963): 0.525836);
dN tree:
((Sylvilagus_bachmani: 0.015620, Oryctolagus_cuniculus: 0.015301): 0.000638, (Lepus_timidus: 0.003001, Lepus_americanus: 0.003277): 0.007854, (Ochotona_princeps: 0.013658, Ochotona_curzoniae: 0.011409): 0.098408);

w ratios as labels for TreeView:
((Sylvilagus_bachmani #1 , Oryctolagus_cuniculus #0.187147 ) #0.187147 , (Lepus_timidus #0.187147 , Lepus_americanus #0.187147 ) #0.187147 , (Ochotona_princeps #0.187147 , Ochotona_curzoniae #0.187147 ) #0.187147 );


Time used:  0:12
