
Loaded 'libv3/all-terms.bf' from /usr/local/lib/hyphy/TemplateBatchFiles/libv3/all-terms.bf
Loaded 'libv3/UtilityFunctions.bf' from /usr/local/lib/hyphy/TemplateBatchFiles/libv3/UtilityFunctions.bf
Loaded 'IOFunctions.bf' from /usr/local/lib/hyphy/TemplateBatchFiles/libv3/IOFunctions.bf
Already loaded 'libv3/UtilityFunctions.bf' from /usr/local/lib/hyphy/TemplateBatchFiles/libv3/UtilityFunctions.bf
Loaded 'convenience/regexp.bf' from /usr/local/lib/hyphy/TemplateBatchFiles/libv3/convenience/regexp.bf
Already loaded 'libv3/all-terms.bf' from /usr/local/lib/hyphy/TemplateBatchFiles/libv3/all-terms.bf
Already loaded 'libv3/IOFunctions.bf' from /usr/local/lib/hyphy/TemplateBatchFiles/libv3/IOFunctions.bf
Loaded 'libv3/models/codon/MG_REV.bf' from /usr/local/lib/hyphy/TemplateBatchFiles/libv3/models/codon/MG_REV.bf
Loaded '../codon.bf' from /usr/local/lib/hyphy/TemplateBatchFiles/libv3/models/codon.bf
Loaded '../tasks/genetic_code.bf' from /usr/local/lib/hyphy/TemplateBatchFiles/libv3/tasks/genetic_code.bf
Loaded 'libv3/convenience/matrix.bf' from /usr/local/lib/hyphy/TemplateBatchFiles/libv3/convenience/matrix.bf
Already loaded 'libv3/UtilityFunctions.bf' from /usr/local/lib/hyphy/TemplateBatchFiles/libv3/UtilityFunctions.bf
Already loaded 'libv3/all-terms.bf' from /usr/local/lib/hyphy/TemplateBatchFiles/libv3/all-terms.bf
Already loaded '../UtilityFunctions.bf' from /usr/local/lib/hyphy/TemplateBatchFiles/libv3/UtilityFunctions.bf
Loaded '../DNA.bf' from /usr/local/lib/hyphy/TemplateBatchFiles/libv3/models/DNA.bf
Loaded 'frequencies.bf' from /usr/local/lib/hyphy/TemplateBatchFiles/libv3/models/frequencies.bf
Already loaded '../all-terms.bf' from /usr/local/lib/hyphy/TemplateBatchFiles/libv3/all-terms.bf
Loaded 'parameters.bf' from /usr/local/lib/hyphy/TemplateBatchFiles/libv3/models/parameters.bf
Loaded 'GrabBag' from /usr/local/lib/hyphy/TemplateBatchFiles/Utility/GrabBag.bf
Overwritten previously defined function:'_sortStringsAux'
Already loaded 'libv3/all-terms.bf' from /usr/local/lib/hyphy/TemplateBatchFiles/libv3/all-terms.bf
Already loaded '../UtilityFunctions.bf' from /usr/local/lib/hyphy/TemplateBatchFiles/libv3/UtilityFunctions.bf
Loaded 'model_functions.bf' from /usr/local/lib/hyphy/TemplateBatchFiles/libv3/models/model_functions.bf
Already loaded 'DNA.bf' from /usr/local/lib/hyphy/TemplateBatchFiles/libv3/models/DNA.bf
Already loaded 'parameters.bf' from /usr/local/lib/hyphy/TemplateBatchFiles/libv3/models/parameters.bf
Already loaded 'frequencies.bf' from /usr/local/lib/hyphy/TemplateBatchFiles/libv3/models/frequencies.bf
Already loaded '../UtilityFunctions.bf' from /usr/local/lib/hyphy/TemplateBatchFiles/libv3/UtilityFunctions.bf
Already loaded '../convenience/regexp.bf' from /usr/local/lib/hyphy/TemplateBatchFiles/libv3/convenience/regexp.bf
Already loaded 'libv3/all-terms.bf' from /usr/local/lib/hyphy/TemplateBatchFiles/libv3/all-terms.bf
Already loaded '../parameters.bf' from /usr/local/lib/hyphy/TemplateBatchFiles/libv3/models/parameters.bf
Already loaded '../frequencies.bf' from /usr/local/lib/hyphy/TemplateBatchFiles/libv3/models/frequencies.bf
Already loaded '../../UtilityFunctions.bf' from /usr/local/lib/hyphy/TemplateBatchFiles/libv3/UtilityFunctions.bf
Loaded 'libv3/tasks/estimators.bf' from /usr/local/lib/hyphy/TemplateBatchFiles/libv3/tasks/estimators.bf
Already loaded '../models/model_functions.bf' from /usr/local/lib/hyphy/TemplateBatchFiles/libv3/models/model_functions.bf
Loaded '../models/DNA/GTR.bf' from /usr/local/lib/hyphy/TemplateBatchFiles/libv3/models/DNA/GTR.bf
Already loaded '../DNA.bf' from /usr/local/lib/hyphy/TemplateBatchFiles/libv3/models/DNA.bf
Already loaded '../parameters.bf' from /usr/local/lib/hyphy/TemplateBatchFiles/libv3/models/parameters.bf
Already loaded '../frequencies.bf' from /usr/local/lib/hyphy/TemplateBatchFiles/libv3/models/frequencies.bf
Already loaded '../../UtilityFunctions.bf' from /usr/local/lib/hyphy/TemplateBatchFiles/libv3/UtilityFunctions.bf
Already loaded 'libv3/all-terms.bf' from /usr/local/lib/hyphy/TemplateBatchFiles/libv3/all-terms.bf
Already loaded '../convenience/regexp.bf' from /usr/local/lib/hyphy/TemplateBatchFiles/libv3/convenience/regexp.bf
Already loaded 'libv3/all-terms.bf' from /usr/local/lib/hyphy/TemplateBatchFiles/libv3/all-terms.bf
Loaded 'libv3/tasks/alignments.bf' from /usr/local/lib/hyphy/TemplateBatchFiles/libv3/tasks/alignments.bf
Already loaded '../IOFunctions.bf' from /usr/local/lib/hyphy/TemplateBatchFiles/libv3/IOFunctions.bf
Already loaded '../all-terms.bf' from /usr/local/lib/hyphy/TemplateBatchFiles/libv3/all-terms.bf
Loaded 'libv3/tasks/mpi.bf' from /usr/local/lib/hyphy/TemplateBatchFiles/libv3/tasks/mpi.bf
Already loaded '../all-terms.bf' from /usr/local/lib/hyphy/TemplateBatchFiles/libv3/all-terms.bf
Already loaded '../models/parameters.bf' from /usr/local/lib/hyphy/TemplateBatchFiles/libv3/models/parameters.bf
Loaded 'libv3/tasks/trees.bf' from /usr/local/lib/hyphy/TemplateBatchFiles/libv3/tasks/trees.bf
Already loaded '../IOFunctions.bf' from /usr/local/lib/hyphy/TemplateBatchFiles/libv3/IOFunctions.bf
Already loaded '../all-terms.bf' from /usr/local/lib/hyphy/TemplateBatchFiles/libv3/all-terms.bf
Already loaded '../convenience/regexp.bf' from /usr/local/lib/hyphy/TemplateBatchFiles/libv3/convenience/regexp.bf
Already loaded '../UtilityFunctions.bf' from /usr/local/lib/hyphy/TemplateBatchFiles/libv3/UtilityFunctions.bf
Loaded 'TreeTools' from /usr/local/lib/hyphy/TemplateBatchFiles/TreeTools.ibf
Loaded 'modules/io_functions.ibf' from /usr/local/lib/hyphy/TemplateBatchFiles/SelectionAnalyses/modules/io_functions.ibf
Already loaded 'libv3/UtilityFunctions.bf' from /usr/local/lib/hyphy/TemplateBatchFiles/libv3/UtilityFunctions.bf
Already loaded 'libv3/IOFunctions.bf' from /usr/local/lib/hyphy/TemplateBatchFiles/libv3/IOFunctions.bf
Already loaded 'libv3/convenience/regexp.bf' from /usr/local/lib/hyphy/TemplateBatchFiles/libv3/convenience/regexp.bf
Already loaded 'libv3/all-terms.bf' from /usr/local/lib/hyphy/TemplateBatchFiles/libv3/all-terms.bf
Loaded 'modules/selection_lib.ibf' from /usr/local/lib/hyphy/TemplateBatchFiles/SelectionAnalyses/modules/selection_lib.ibf
Loaded 'libv3/models/codon/BS_REL.bf' from /usr/local/lib/hyphy/TemplateBatchFiles/libv3/models/codon/BS_REL.bf
Already loaded '../codon.bf' from /usr/local/lib/hyphy/TemplateBatchFiles/libv3/models/codon.bf
Already loaded '../DNA.bf' from /usr/local/lib/hyphy/TemplateBatchFiles/libv3/models/DNA.bf
Already loaded '../parameters.bf' from /usr/local/lib/hyphy/TemplateBatchFiles/libv3/models/parameters.bf
Already loaded '../frequencies.bf' from /usr/local/lib/hyphy/TemplateBatchFiles/libv3/models/frequencies.bf
Already loaded '../../UtilityFunctions.bf' from /usr/local/lib/hyphy/TemplateBatchFiles/libv3/UtilityFunctions.bf
Already loaded 'MG_REV.bf' from /usr/local/lib/hyphy/TemplateBatchFiles/libv3/models/codon/MG_REV.bf
Loaded '../../convenience/math.bf' from /usr/local/lib/hyphy/TemplateBatchFiles/libv3/convenience/math.bf
Already loaded 'libv3/UtilityFunctions.bf' from /usr/local/lib/hyphy/TemplateBatchFiles/libv3/UtilityFunctions.bf
Already loaded 'libv3/convenience/math.bf' from /usr/local/lib/hyphy/TemplateBatchFiles/libv3/convenience/math.bf
Variable 'NORMALIZE_SEQUENCE_NAMES' was not initialized prior to being used
Variable 'ASSUME_REVERSIBLE_MODELS' was not initialized prior to being used
Loaded 'modules/shared-load-file.bf' from /usr/local/lib/hyphy/TemplateBatchFiles/SelectionAnalyses/modules/shared-load-file.bf
Variable 'MARKDOWN_OUTPUT' was not initialized prior to being used
Already loaded 'libv3/convenience/matrix.bf' from /usr/local/lib/hyphy/TemplateBatchFiles/libv3/convenience/matrix.bf
Already loaded 'libv3/UtilityFunctions.bf' from /usr/local/lib/hyphy/TemplateBatchFiles/libv3/UtilityFunctions.bf
Variable 'aSRJCtjI.skipCodeSelectionStep' was not initialized prior to being used
Row and/or column partition is empty. All the data will be used by default.
Variable 'NEXUS_FILE_TREE_MATRIX' was not initialized prior to being used
Variable 'utility.ToggleEnvVariable.cache' was not initialized prior to being used
Variable 'TREE_NODE_NAME_MAPPING' was not initialized prior to being used
Variable 'OvymsLwk.PROMPT_FOR_FILE' was not initialized prior to being used
Variable 'END_OF_FILE' was not initialized prior to being used
Variable '_DO_TREE_REBALANCE_' was not initialized prior to being used
Variable '_KEEP_I_LABELS_' was not initialized prior to being used
Variable 'INCLUDE_MODEL_SPECS' was not initialized prior to being used
Variable 'utility.ForEachPair.warn_non_rentrant' was not initialized prior to being used
Row and/or column partition is empty. All the data will be used by default.
Row and/or column partition is empty. All the data will be used by default.
Variable 'IYpmcnfe.cache' was not initialized prior to being used
Row and/or column partition is empty. All the data will be used by default.
Variable 'COUNT_GAPS_IN_FREQUENCIES' was not initialized prior to being used
Variable 'yXmcCkTa.model_pi' was not initialized prior to being used
Model yXmcCkTa.model assigned to Leptosomus_discolor
Model yXmcCkTa.model assigned to Colius_striatus
Model yXmcCkTa.model assigned to Node2
Model yXmcCkTa.model assigned to Tyto_alba
Model yXmcCkTa.model assigned to Node1
Model yXmcCkTa.model assigned to Haliaeetus_leucocephalus
Model yXmcCkTa.model assigned to Aquila_chrysaetos
Model yXmcCkTa.model assigned to Node6
Model yXmcCkTa.model assigned to Oriolus_oriolus
Model yXmcCkTa.model assigned to Falco_peregrinus
Model yXmcCkTa.model assigned to Falco_tinnunculus
Model yXmcCkTa.model assigned to Node11
Model yXmcCkTa.model assigned to Node9
The tips of the tree:yXmcCkTa.tree_0 were matched with the species names from the data in the following numeric order (0-based) {4,5,3,2,1,0,6,7}

Pseudo-optimal path's cost 990 vs 1700 for 1..k=> a 1.71717 x improvement
Partition 0 is ASSUMED to have a reversible model
Variable 'USE_LAST_RESULTS' was not initialized prior to being used
Variable 'yXmcCkTa.tree_0.Leptosomus_discolor.t' was not initialized prior to being used
models.generic.SetBranchLength: yXmcCkTa.tree_0.Leptosomus_discolor.t=180.0930281867455
Variable 'yXmcCkTa.tree_0.Colius_striatus.t' was not initialized prior to being used
models.generic.SetBranchLength: yXmcCkTa.tree_0.Colius_striatus.t=180.0930281867455
Variable 'yXmcCkTa.tree_0.Node2.t' was not initialized prior to being used
models.generic.SetBranchLength: yXmcCkTa.tree_0.Node2.t=7.0209544986507
Variable 'yXmcCkTa.tree_0.Tyto_alba.t' was not initialized prior to being used
models.generic.SetBranchLength: yXmcCkTa.tree_0.Tyto_alba.t=184.8495235539844
Variable 'yXmcCkTa.tree_0.Node1.t' was not initialized prior to being used
models.generic.SetBranchLength: yXmcCkTa.tree_0.Node1.t=5.292964195200443
Variable 'yXmcCkTa.tree_0.Haliaeetus_leucocephalus.t' was not initialized prior to being used
models.generic.SetBranchLength: yXmcCkTa.tree_0.Haliaeetus_leucocephalus.t=77.77945513467256
Variable 'yXmcCkTa.tree_0.Aquila_chrysaetos.t' was not initialized prior to being used
models.generic.SetBranchLength: yXmcCkTa.tree_0.Aquila_chrysaetos.t=77.77945513467256
Variable 'yXmcCkTa.tree_0.Node6.t' was not initialized prior to being used
models.generic.SetBranchLength: yXmcCkTa.tree_0.Node6.t=114.627491745924
Variable 'yXmcCkTa.tree_0.Oriolus_oriolus.t' was not initialized prior to being used
models.generic.SetBranchLength: yXmcCkTa.tree_0.Oriolus_oriolus.t=180.4622501115822
Variable 'yXmcCkTa.tree_0.Falco_peregrinus.t' was not initialized prior to being used
models.generic.SetBranchLength: yXmcCkTa.tree_0.Falco_peregrinus.t=19.0192052506948
Variable 'yXmcCkTa.tree_0.Falco_tinnunculus.t' was not initialized prior to being used
models.generic.SetBranchLength: yXmcCkTa.tree_0.Falco_tinnunculus.t=19.0192052506948
Variable 'yXmcCkTa.tree_0.Node11.t' was not initialized prior to being used
models.generic.SetBranchLength: yXmcCkTa.tree_0.Node11.t=161.4430448608874
Variable 'yXmcCkTa.tree_0.Node9.t' was not initialized prior to being used
models.generic.SetBranchLength: yXmcCkTa.tree_0.Node9.t=11.94469676901443
Variable 'yXmcCkTa.yXmcCkTa.likelihoodFunction' was not initialized prior to being used
Variable 'SAVE_OPT_STATUS_TO' was not initialized prior to being used
Auto-benchmarked an optimal number (1) of threads.
Set GUI update interval to every 3546-th LF evaluation.
Optimization settings:
	OPTIMIZATION_METHOD = 4
	OPTIMIZATION_PRECISION = 0.001
	MAXIMUM_ITERATIONS_PER_VARIABLE = 5000

Initial parameter values

yXmcCkTa.model.theta_GT = 0.25
yXmcCkTa.model.theta_CT = 1
yXmcCkTa.model.theta_AC = 0.25
yXmcCkTa.model.theta_CG = 0.25
yXmcCkTa.model.theta_AT = 0.25
yXmcCkTa.tree_0.Leptosomus_discolor.t = 180.093
yXmcCkTa.tree_0.Colius_striatus.t = 180.093
yXmcCkTa.tree_0.Node2.t = 7.02095
yXmcCkTa.tree_0.Tyto_alba.t = 184.85
yXmcCkTa.tree_0.Node1.t = 5.29296
yXmcCkTa.tree_0.Haliaeetus_leucocephalus.t = 77.7795
yXmcCkTa.tree_0.Aquila_chrysaetos.t = 77.7795
yXmcCkTa.tree_0.Node6.t = 114.627
yXmcCkTa.tree_0.Oriolus_oriolus.t = 180.462
yXmcCkTa.tree_0.Falco_peregrinus.t = 19.0192
yXmcCkTa.tree_0.Falco_tinnunculus.t = 19.0192
yXmcCkTa.tree_0.Node11.t = 161.443
yXmcCkTa.tree_0.Node9.t = 11.9447
Optimization finished in 26 loop passes.
1578 likelihood evaluation calls and 9305 matrix exponentiations calls were made

Variable 'BRANCH_LENGTH_STENCIL' was not initialized prior to being used
Variable 'yXmcCkTa.option' was not initialized prior to being used
Variable 'absrel.terms.json.nucleotide_gtr' was not initialized prior to being used
Variable 'Unknown' was not initialized prior to being used
Variable 'EKXHfTHi.initial_value' was not initialized prior to being used
Variable 'pqQSDBep.data_filter' was not initialized prior to being used
Row and/or column partition is empty. All the data will be used by default.
Auto-benchmarked an optimal number (1) of threads.
Set GUI update interval to every 2793-th LF evaluation.
Optimization settings:
	OPTIMIZATION_METHOD = 4
	OPTIMIZATION_PRECISION = 0.001
	MAXIMUM_ITERATIONS_PER_VARIABLE = 5000

Initial parameter values

frequencies._aux.CF3x4.p0_0 = 0.349375
frequencies._aux.CF3x4.p0_1 = 0.258131
frequencies._aux.CF3x4.p0_2 = 0.490751
frequencies._aux.CF3x4.p1_0 = 0.254375
frequencies._aux.CF3x4.p1_1 = 0.30667
frequencies._aux.CF3x4.p1_2 = 0.269603
frequencies._aux.CF3x4.p2_0 = 0.253304
frequencies._aux.CF3x4.p2_1 = 0.317709
frequencies._aux.CF3x4.p2_2 = 0.395549
Optimization finished in 4 loop passes.
164 likelihood evaluation calls and 0 matrix exponentiations calls were made

Variable 'pqQSDBep.model_MGREV_pi' was not initialized prior to being used
Model pqQSDBep.model_MGREV assigned to Leptosomus_discolor
Model pqQSDBep.model_MGREV assigned to Colius_striatus
Model pqQSDBep.model_MGREV assigned to Node2
Model pqQSDBep.model_MGREV assigned to Tyto_alba
Model pqQSDBep.model_MGREV assigned to Node1
Model pqQSDBep.model_MGREV assigned to Haliaeetus_leucocephalus
Model pqQSDBep.model_MGREV assigned to Aquila_chrysaetos
Model pqQSDBep.model_MGREV assigned to Node6
Model pqQSDBep.model_MGREV assigned to Oriolus_oriolus
Model pqQSDBep.model_MGREV assigned to Falco_peregrinus
Model pqQSDBep.model_MGREV assigned to Falco_tinnunculus
Model pqQSDBep.model_MGREV assigned to Node11
Model pqQSDBep.model_MGREV assigned to Node9
The tips of the tree:pqQSDBep.tree_0 were matched with the species names from the data in the following numeric order (0-based) {4,5,3,2,1,0,6,7}

Pseudo-optimal path's cost 2279 vs 3229 for 1..k=> a 1.41685 x improvement
Partition 0 is ASSUMED to have a reversible model
Variable 'pqQSDBep.pqQSDBep.likelihoodFunction' was not initialized prior to being used
Variable 'pqQSDBep.tree_0.Leptosomus_discolor.alpha' was not initialized prior to being used
Variable 'pqQSDBep.tree_0.Leptosomus_discolor.beta' was not initialized prior to being used
Variable 'pqQSDBep.tree_0.Colius_striatus.alpha' was not initialized prior to being used
Variable 'pqQSDBep.tree_0.Colius_striatus.beta' was not initialized prior to being used
Variable 'pqQSDBep.tree_0.Tyto_alba.alpha' was not initialized prior to being used
Variable 'pqQSDBep.tree_0.Tyto_alba.beta' was not initialized prior to being used
Variable 'pqQSDBep.tree_0.Haliaeetus_leucocephalus.alpha' was not initialized prior to being used
Variable 'pqQSDBep.tree_0.Haliaeetus_leucocephalus.beta' was not initialized prior to being used
Variable 'pqQSDBep.tree_0.Aquila_chrysaetos.alpha' was not initialized prior to being used
Variable 'pqQSDBep.tree_0.Aquila_chrysaetos.beta' was not initialized prior to being used
Variable 'pqQSDBep.tree_0.Oriolus_oriolus.alpha' was not initialized prior to being used
Variable 'pqQSDBep.tree_0.Oriolus_oriolus.beta' was not initialized prior to being used
Variable 'pqQSDBep.tree_0.Falco_peregrinus.alpha' was not initialized prior to being used
Variable 'pqQSDBep.tree_0.Falco_peregrinus.beta' was not initialized prior to being used
Variable 'pqQSDBep.tree_0.Falco_tinnunculus.alpha' was not initialized prior to being used
Variable 'pqQSDBep.tree_0.Falco_tinnunculus.beta' was not initialized prior to being used
Variable 'pqQSDBep.tree_0.Node2.alpha' was not initialized prior to being used
Variable 'pqQSDBep.tree_0.Node2.beta' was not initialized prior to being used
Variable 'pqQSDBep.tree_0.Node1.alpha' was not initialized prior to being used
Variable 'pqQSDBep.tree_0.Node1.beta' was not initialized prior to being used
Variable 'pqQSDBep.tree_0.Node6.alpha' was not initialized prior to being used
Variable 'pqQSDBep.tree_0.Node6.beta' was not initialized prior to being used
Variable 'pqQSDBep.tree_0.Node11.alpha' was not initialized prior to being used
Variable 'pqQSDBep.tree_0.Node11.beta' was not initialized prior to being used
Variable 'pqQSDBep.tree_0.Node9.alpha' was not initialized prior to being used
Variable 'pqQSDBep.tree_0.Node9.beta' was not initialized prior to being used
Site 14 evaluated to a 0 probability in ComputeTreeBlockByBranch
Site 83 evaluated to a 0 probability in ComputeTreeBlockByBranch
Site 14 evaluated to a 0 probability in ComputeTreeBlockByBranch
Site 53 evaluated to a 0 probability in ComputeTreeBlockByBranch
Site 232 evaluated to a 0 probability in ComputeTreeBlockByBranch
Site 14 evaluated to a 0 probability in ComputeTreeBlockByBranch
Site 14 evaluated to a 0 probability in ComputeTreeBlockByBranch
Site 83 evaluated to a 0 probability in ComputeTreeBlockByBranch
Site 235 evaluated to a 0 probability in ComputeTreeBlockByBranch
Site 237 evaluated to a 0 probability in ComputeTreeBlockByBranch
Site 72 evaluated to a 0 probability in ComputeTreeBlockByBranch
Site 14 evaluated to a 0 probability in ComputeTreeBlockByBranch
Site 119 evaluated to a 0 probability in ComputeTreeBlockByBranch
Site 29 evaluated to a 0 probability in ComputeTreeBlockByBranch
Site 206 evaluated to a 0 probability in ComputeTreeBlockByBranch
Site 35 evaluated to a 0 probability in ComputeTreeBlockByBranch
Site 214 evaluated to a 0 probability in ComputeTreeBlockByBranch
Site 14 evaluated to a 0 probability in ComputeTreeBlockByBranch
Site 249 evaluated to a 0 probability in ComputeTreeBlockByBranch
Site 155 evaluated to a 0 probability in ComputeTreeBlockByBranch
Site 99 evaluated to a 0 probability in ComputeTreeBlockByBranch
Auto-benchmarked an optimal number (5) of threads.
Set GUI update interval to every 65-th LF evaluation.
Initial guess for pqQSDBep.tree_0.Node2.beta is -0.000178786
Initial guess for pqQSDBep.tree_0.Node2.alpha is -0.000386321
Initial guess for pqQSDBep.tree_0.Leptosomus_discolor.beta is 0.0276751
Initial guess for pqQSDBep.tree_0.Leptosomus_discolor.alpha is 0.00771521
Initial guess for pqQSDBep.tree_0.Colius_striatus.beta is 0.062187
Initial guess for pqQSDBep.tree_0.Colius_striatus.alpha is 0.0319125
Initial guess for pqQSDBep.tree_0.Tyto_alba.beta is 0.0195241
Initial guess for pqQSDBep.tree_0.Tyto_alba.alpha is 0.0103732
Initial guess for pqQSDBep.tree_0.Node6.beta is -0.0038873
Initial guess for pqQSDBep.tree_0.Node6.alpha is -0.000592311
Initial guess for pqQSDBep.tree_0.Haliaeetus_leucocephalus.beta is 0.00663288
Initial guess for pqQSDBep.tree_0.Haliaeetus_leucocephalus.alpha is 0.00087821
Initial guess for pqQSDBep.tree_0.Aquila_chrysaetos.beta is 0.00693563
Initial guess for pqQSDBep.tree_0.Aquila_chrysaetos.alpha is 0.0010302
Initial guess for pqQSDBep.tree_0.Node9.beta is 0.0166703
Initial guess for pqQSDBep.tree_0.Node9.alpha is 0.00502119
Initial guess for pqQSDBep.tree_0.Oriolus_oriolus.beta is 0.0871755
Initial guess for pqQSDBep.tree_0.Oriolus_oriolus.alpha is 0.0441025
Initial guess for pqQSDBep.tree_0.Node11.beta is 0.00267216
Initial guess for pqQSDBep.tree_0.Node11.alpha is -0.000115269
Initial guess for pqQSDBep.tree_0.Falco_peregrinus.beta is 0.00352725
Initial guess for pqQSDBep.tree_0.Falco_peregrinus.alpha is 0.0011257
Initial guess for pqQSDBep.tree_0.Falco_tinnunculus.beta is 0.00223146
Initial guess for pqQSDBep.tree_0.Falco_tinnunculus.alpha is 0.000782709
Optimization settings:
	OPTIMIZATION_METHOD = 4
	OPTIMIZATION_PRECISION = 0.001
	MAXIMUM_ITERATIONS_PER_VARIABLE = 5000

Initial parameter values

pqQSDBep.model_MGREV.theta_GT = 1
pqQSDBep.model_MGREV.theta_CT = 1
pqQSDBep.model_MGREV.theta_AC = 1
pqQSDBep.model_MGREV.theta_CG = 1
pqQSDBep.model_MGREV.theta_AT = 1
pqQSDBep.tree_0.Leptosomus_discolor.alpha = 0.00771521
pqQSDBep.tree_0.Leptosomus_discolor.beta = 0.0276751
pqQSDBep.tree_0.Colius_striatus.alpha = 0.0319125
pqQSDBep.tree_0.Colius_striatus.beta = 0.062187
pqQSDBep.tree_0.Node2.alpha = 0
pqQSDBep.tree_0.Node2.beta = 0
pqQSDBep.tree_0.Tyto_alba.alpha = 0.0103732
pqQSDBep.tree_0.Tyto_alba.beta = 0.0195241
pqQSDBep.tree_0.Node1.alpha = 0.1
pqQSDBep.tree_0.Node1.beta = 0.1
pqQSDBep.tree_0.Haliaeetus_leucocephalus.alpha = 0.00087821
pqQSDBep.tree_0.Haliaeetus_leucocephalus.beta = 0.00663288
pqQSDBep.tree_0.Aquila_chrysaetos.alpha = 0.0010302
pqQSDBep.tree_0.Aquila_chrysaetos.beta = 0.00693563
pqQSDBep.tree_0.Node6.alpha = 0
pqQSDBep.tree_0.Node6.beta = 0
pqQSDBep.tree_0.Oriolus_oriolus.alpha = 0.0441025
pqQSDBep.tree_0.Oriolus_oriolus.beta = 0.0871755
pqQSDBep.tree_0.Falco_peregrinus.alpha = 0.0011257
pqQSDBep.tree_0.Falco_peregrinus.beta = 0.00352725
pqQSDBep.tree_0.Falco_tinnunculus.alpha = 0.000782709
pqQSDBep.tree_0.Falco_tinnunculus.beta = 0.00223146
pqQSDBep.tree_0.Node11.alpha = 0
pqQSDBep.tree_0.Node11.beta = 0.00267216
pqQSDBep.tree_0.Node9.alpha = 0.00502119
pqQSDBep.tree_0.Node9.beta = 0.0166703
Optimization finished in 21 loop passes.
3286 likelihood evaluation calls and 11804 matrix exponentiations calls were made

Variable 'bsrel_mixture_aux_0' was not initialized prior to being used
Overwritten previously defined function:'xCwizfuy.rate_generator'
Auto-benchmarked an optimal number (2) of threads.
Set GUI update interval to every 2941-th LF evaluation.
Optimization settings:
	OPTIMIZATION_METHOD = 4
	OPTIMIZATION_PRECISION = 0.001
	MAXIMUM_ITERATIONS_PER_VARIABLE = 5000

Initial parameter values

frequencies._aux.CF3x4.p0_0 = 0.349375
frequencies._aux.CF3x4.p0_1 = 0.258131
frequencies._aux.CF3x4.p0_2 = 0.490751
frequencies._aux.CF3x4.p1_0 = 0.254375
frequencies._aux.CF3x4.p1_1 = 0.30667
frequencies._aux.CF3x4.p1_2 = 0.269603
frequencies._aux.CF3x4.p2_0 = 0.253304
frequencies._aux.CF3x4.p2_1 = 0.317709
frequencies._aux.CF3x4.p2_2 = 0.395549
Optimization finished in 4 loop passes.
165 likelihood evaluation calls and 0 matrix exponentiations calls were made

Variable 'absrel.model.2_pi' was not initialized prior to being used
Variable 'omega1' was not initialized prior to being used
Variable 'omega2' was not initialized prior to being used
Overwritten previously defined function:'xCwizfuy.rate_generator'
Overwritten previously defined function:'xCwizfuy.rate_generator'
Variable 'bsrel_mixture_aux_1' was not initialized prior to being used
Overwritten previously defined function:'xCwizfuy.rate_generator'
Auto-benchmarked an optimal number (2) of threads.
Set GUI update interval to every 2824-th LF evaluation.
Optimization settings:
	OPTIMIZATION_METHOD = 4
	OPTIMIZATION_PRECISION = 0.001
	MAXIMUM_ITERATIONS_PER_VARIABLE = 5000

Initial parameter values

frequencies._aux.CF3x4.p0_0 = 0.349375
frequencies._aux.CF3x4.p0_1 = 0.258131
frequencies._aux.CF3x4.p0_2 = 0.490751
frequencies._aux.CF3x4.p1_0 = 0.254375
frequencies._aux.CF3x4.p1_1 = 0.30667
frequencies._aux.CF3x4.p1_2 = 0.269603
frequencies._aux.CF3x4.p2_0 = 0.253304
frequencies._aux.CF3x4.p2_1 = 0.317709
frequencies._aux.CF3x4.p2_2 = 0.395549
Optimization finished in 4 loop passes.
165 likelihood evaluation calls and 0 matrix exponentiations calls were made

Variable 'absrel.model.3_pi' was not initialized prior to being used
Variable 'omega3' was not initialized prior to being used
Overwritten previously defined function:'xCwizfuy.rate_generator'
Overwritten previously defined function:'xCwizfuy.rate_generator'
Overwritten previously defined function:'xCwizfuy.rate_generator'
Variable 'bsrel_mixture_aux_2' was not initialized prior to being used
Overwritten previously defined function:'xCwizfuy.rate_generator'
Auto-benchmarked an optimal number (3) of threads.
Set GUI update interval to every 2808-th LF evaluation.
Optimization settings:
	OPTIMIZATION_METHOD = 4
	OPTIMIZATION_PRECISION = 0.001
	MAXIMUM_ITERATIONS_PER_VARIABLE = 5000

Initial parameter values

frequencies._aux.CF3x4.p0_0 = 0.349375
frequencies._aux.CF3x4.p0_1 = 0.258131
frequencies._aux.CF3x4.p0_2 = 0.490751
frequencies._aux.CF3x4.p1_0 = 0.254375
frequencies._aux.CF3x4.p1_1 = 0.30667
frequencies._aux.CF3x4.p1_2 = 0.269603
frequencies._aux.CF3x4.p2_0 = 0.253304
frequencies._aux.CF3x4.p2_1 = 0.317709
frequencies._aux.CF3x4.p2_2 = 0.395549
Optimization finished in 4 loop passes.
166 likelihood evaluation calls and 0 matrix exponentiations calls were made

Variable 'absrel.model.4_pi' was not initialized prior to being used
Variable 'omega4' was not initialized prior to being used
Overwritten previously defined function:'xCwizfuy.rate_generator'
Overwritten previously defined function:'xCwizfuy.rate_generator'
Overwritten previously defined function:'xCwizfuy.rate_generator'
Overwritten previously defined function:'xCwizfuy.rate_generator'
Variable 'bsrel_mixture_aux_3' was not initialized prior to being used
Overwritten previously defined function:'xCwizfuy.rate_generator'
Auto-benchmarked an optimal number (2) of threads.
Set GUI update interval to every 2824-th LF evaluation.
Optimization settings:
	OPTIMIZATION_METHOD = 4
	OPTIMIZATION_PRECISION = 0.001
	MAXIMUM_ITERATIONS_PER_VARIABLE = 5000

Initial parameter values

frequencies._aux.CF3x4.p0_0 = 0.349375
frequencies._aux.CF3x4.p0_1 = 0.258131
frequencies._aux.CF3x4.p0_2 = 0.490751
frequencies._aux.CF3x4.p1_0 = 0.254375
frequencies._aux.CF3x4.p1_1 = 0.30667
frequencies._aux.CF3x4.p1_2 = 0.269603
frequencies._aux.CF3x4.p2_0 = 0.253304
frequencies._aux.CF3x4.p2_1 = 0.317709
frequencies._aux.CF3x4.p2_2 = 0.395549
Optimization finished in 4 loop passes.
165 likelihood evaluation calls and 0 matrix exponentiations calls were made

Variable 'absrel.model.5_pi' was not initialized prior to being used
Variable 'omega5' was not initialized prior to being used
The tips of the tree:pqQSDBep.tree_0 were matched with the species names from the data in the following numeric order (0-based) {4,5,3,2,1,0,6,7}

Pseudo-optimal path's cost 2279 vs 3229 for 1..k=> a 1.41685 x improvement
Variable 'QSHemcLh.best_val' was not initialized prior to being used
Variable 'pqQSDBep.likelihoodFunction' was not initialized prior to being used
Auto-benchmarked an optimal number (4) of threads.
Set GUI update interval to every 12-th LF evaluation.
Optimization settings:
	OPTIMIZATION_METHOD = 4
	OPTIMIZATION_PRECISION = 0.001
	MAXIMUM_ITERATIONS_PER_VARIABLE = 5000

Initial parameter values

pqQSDBep.tree_0.Oriolus_oriolus.alpha = 0.448115
pqQSDBep.tree_0.Oriolus_oriolus.bsrel_mixture_aux_0 = 0.5
pqQSDBep.tree_0.Oriolus_oriolus.omega1 = 0.2
pqQSDBep.tree_0.Oriolus_oriolus.omega2 = 2
pqQSDBep.tree_0.Oriolus_oriolus.beta = 0.424642
Optimization finished in 19 loop passes.
360 likelihood evaluation calls and 706 matrix exponentiations calls were made

The tips of the tree:pqQSDBep.tree_0 were matched with the species names from the data in the following numeric order (0-based) {4,5,3,2,1,0,6,7}

Pseudo-optimal path's cost 2279 vs 3229 for 1..k=> a 1.41685 x improvement
The tips of the tree:pqQSDBep.tree_0 were matched with the species names from the data in the following numeric order (0-based) {4,5,3,2,1,0,6,7}

Pseudo-optimal path's cost 2279 vs 3229 for 1..k=> a 1.41685 x improvement
Auto-benchmarked an optimal number (4) of threads.
Set GUI update interval to every 27-th LF evaluation.
Optimization settings:
	OPTIMIZATION_METHOD = 4
	OPTIMIZATION_PRECISION = 0.001
	MAXIMUM_ITERATIONS_PER_VARIABLE = 5000

Initial parameter values

pqQSDBep.tree_0.Colius_striatus.alpha = 0.756805
pqQSDBep.tree_0.Colius_striatus.bsrel_mixture_aux_0 = 0.98
pqQSDBep.tree_0.Colius_striatus.omega2 = 2
pqQSDBep.tree_0.Colius_striatus.omega1 = 0.2
pqQSDBep.tree_0.Colius_striatus.beta = 0.155115
Optimization finished in 8 loop passes.
107 likelihood evaluation calls and 212 matrix exponentiations calls were made

The tips of the tree:pqQSDBep.tree_0 were matched with the species names from the data in the following numeric order (0-based) {4,5,3,2,1,0,6,7}

Pseudo-optimal path's cost 2279 vs 3229 for 1..k=> a 1.41685 x improvement
The tips of the tree:pqQSDBep.tree_0 were matched with the species names from the data in the following numeric order (0-based) {4,5,3,2,1,0,6,7}

Pseudo-optimal path's cost 2279 vs 3229 for 1..k=> a 1.41685 x improvement
Auto-benchmarked an optimal number (6) of threads.
Set GUI update interval to every 29-th LF evaluation.
Optimization settings:
	OPTIMIZATION_METHOD = 4
	OPTIMIZATION_PRECISION = 0.001
	MAXIMUM_ITERATIONS_PER_VARIABLE = 5000

Initial parameter values

pqQSDBep.tree_0.Leptosomus_discolor.alpha = 0.241872
pqQSDBep.tree_0.Leptosomus_discolor.bsrel_mixture_aux_0 = 0.9
pqQSDBep.tree_0.Leptosomus_discolor.beta = 0.06144
pqQSDBep.tree_0.Leptosomus_discolor.omega1 = 0.2
pqQSDBep.tree_0.Leptosomus_discolor.omega2 = 0.75
Optimization finished in 20 loop passes.
541 likelihood evaluation calls and 1058 matrix exponentiations calls were made

The tips of the tree:pqQSDBep.tree_0 were matched with the species names from the data in the following numeric order (0-based) {4,5,3,2,1,0,6,7}

Pseudo-optimal path's cost 2279 vs 3229 for 1..k=> a 1.41685 x improvement
The tips of the tree:pqQSDBep.tree_0 were matched with the species names from the data in the following numeric order (0-based) {4,5,3,2,1,0,6,7}

Pseudo-optimal path's cost 2279 vs 3229 for 1..k=> a 1.41685 x improvement
Auto-benchmarked an optimal number (2) of threads.
Set GUI update interval to every 46-th LF evaluation.
Optimization settings:
	OPTIMIZATION_METHOD = 4
	OPTIMIZATION_PRECISION = 0.001
	MAXIMUM_ITERATIONS_PER_VARIABLE = 5000

Initial parameter values

pqQSDBep.tree_0.Tyto_alba.beta = 0.0547487
pqQSDBep.tree_0.Tyto_alba.omega1 = 0.2
pqQSDBep.tree_0.Tyto_alba.omega2 = 0.25
pqQSDBep.tree_0.Tyto_alba.alpha = 0.248922
pqQSDBep.tree_0.Tyto_alba.bsrel_mixture_aux_0 = 0.5
Optimization finished in 6 loop passes.
262 likelihood evaluation calls and 476 matrix exponentiations calls were made

The tips of the tree:pqQSDBep.tree_0 were matched with the species names from the data in the following numeric order (0-based) {4,5,3,2,1,0,6,7}

Pseudo-optimal path's cost 2279 vs 3229 for 1..k=> a 1.41685 x improvement
The tips of the tree:pqQSDBep.tree_0 were matched with the species names from the data in the following numeric order (0-based) {4,5,3,2,1,0,6,7}

Pseudo-optimal path's cost 2279 vs 3229 for 1..k=> a 1.41685 x improvement
Auto-benchmarked an optimal number (2) of threads.
Set GUI update interval to every 21-th LF evaluation.
Optimization settings:
	OPTIMIZATION_METHOD = 4
	OPTIMIZATION_PRECISION = 0.001
	MAXIMUM_ITERATIONS_PER_VARIABLE = 5000

Initial parameter values

pqQSDBep.tree_0.Node11.omega2 = 9
pqQSDBep.tree_0.Node11.beta = 0.0800894
pqQSDBep.tree_0.Node11.omega1 = 0.6
pqQSDBep.tree_0.Node11.alpha = 0.105492
pqQSDBep.tree_0.Node11.bsrel_mixture_aux_0 = 0.98
Optimization finished in 35 loop passes.
821 likelihood evaluation calls and 1582 matrix exponentiations calls were made

The tips of the tree:pqQSDBep.tree_0 were matched with the species names from the data in the following numeric order (0-based) {4,5,3,2,1,0,6,7}

Pseudo-optimal path's cost 2279 vs 3229 for 1..k=> a 1.41685 x improvement
The tips of the tree:pqQSDBep.tree_0 were matched with the species names from the data in the following numeric order (0-based) {4,5,3,2,1,0,6,7}

Pseudo-optimal path's cost 2279 vs 3229 for 1..k=> a 1.41685 x improvement
Auto-benchmarked an optimal number (2) of threads.
Set GUI update interval to every 243-th LF evaluation.
Optimization settings:
	OPTIMIZATION_METHOD = 4
	OPTIMIZATION_PRECISION = 0.001
	MAXIMUM_ITERATIONS_PER_VARIABLE = 5000

Initial parameter values

pqQSDBep.tree_0.Node6.omega2 = 0.25
pqQSDBep.tree_0.Node6.alpha = 0.1712
pqQSDBep.tree_0.Node6.bsrel_mixture_aux_0 = 0.5
pqQSDBep.tree_0.Node6.beta = 0.0407874
pqQSDBep.tree_0.Node6.omega1 = 0.2
Optimization finished in 6 loop passes.
121 likelihood evaluation calls and 236 matrix exponentiations calls were made

The tips of the tree:pqQSDBep.tree_0 were matched with the species names from the data in the following numeric order (0-based) {4,5,3,2,1,0,6,7}

Pseudo-optimal path's cost 2279 vs 3229 for 1..k=> a 1.41685 x improvement
The tips of the tree:pqQSDBep.tree_0 were matched with the species names from the data in the following numeric order (0-based) {4,5,3,2,1,0,6,7}

Pseudo-optimal path's cost 2279 vs 3229 for 1..k=> a 1.41685 x improvement
Auto-benchmarked an optimal number (2) of threads.
Set GUI update interval to every 10-th LF evaluation.
Optimization settings:
	OPTIMIZATION_METHOD = 4
	OPTIMIZATION_PRECISION = 0.001
	MAXIMUM_ITERATIONS_PER_VARIABLE = 5000

Initial parameter values

pqQSDBep.tree_0.Haliaeetus_leucocephalus.alpha = 0.0539429
pqQSDBep.tree_0.Haliaeetus_leucocephalus.bsrel_mixture_aux_0 = 0.75
pqQSDBep.tree_0.Haliaeetus_leucocephalus.beta = 0.0147678
pqQSDBep.tree_0.Haliaeetus_leucocephalus.omega1 = 0.2
pqQSDBep.tree_0.Haliaeetus_leucocephalus.omega2 = 0.5
Optimization finished in 3 loop passes.
112 likelihood evaluation calls and 216 matrix exponentiations calls were made

The tips of the tree:pqQSDBep.tree_0 were matched with the species names from the data in the following numeric order (0-based) {4,5,3,2,1,0,6,7}

Pseudo-optimal path's cost 2279 vs 3229 for 1..k=> a 1.41685 x improvement
The tips of the tree:pqQSDBep.tree_0 were matched with the species names from the data in the following numeric order (0-based) {4,5,3,2,1,0,6,7}

Pseudo-optimal path's cost 2279 vs 3229 for 1..k=> a 1.41685 x improvement
Auto-benchmarked an optimal number (2) of threads.
Set GUI update interval to every 66-th LF evaluation.
Optimization settings:
	OPTIMIZATION_METHOD = 4
	OPTIMIZATION_PRECISION = 0.001
	MAXIMUM_ITERATIONS_PER_VARIABLE = 5000

Initial parameter values

pqQSDBep.tree_0.Aquila_chrysaetos.beta = 0.0205566
pqQSDBep.tree_0.Aquila_chrysaetos.omega1 = 0.6
pqQSDBep.tree_0.Aquila_chrysaetos.alpha = 0.036036
pqQSDBep.tree_0.Aquila_chrysaetos.bsrel_mixture_aux_0 = 0.75
pqQSDBep.tree_0.Aquila_chrysaetos.omega2 = 0.5
Optimization finished in 3 loop passes.
120 likelihood evaluation calls and 216 matrix exponentiations calls were made

The tips of the tree:pqQSDBep.tree_0 were matched with the species names from the data in the following numeric order (0-based) {4,5,3,2,1,0,6,7}

Pseudo-optimal path's cost 2279 vs 3229 for 1..k=> a 1.41685 x improvement
The tips of the tree:pqQSDBep.tree_0 were matched with the species names from the data in the following numeric order (0-based) {4,5,3,2,1,0,6,7}

Pseudo-optimal path's cost 2279 vs 3229 for 1..k=> a 1.41685 x improvement
Auto-benchmarked an optimal number (6) of threads.
Set GUI update interval to every 17-th LF evaluation.
Optimization settings:
	OPTIMIZATION_METHOD = 4
	OPTIMIZATION_PRECISION = 0.001
	MAXIMUM_ITERATIONS_PER_VARIABLE = 5000

Initial parameter values

pqQSDBep.tree_0.Falco_peregrinus.omega2 = 0.5
pqQSDBep.tree_0.Falco_peregrinus.beta = 0.00903334
pqQSDBep.tree_0.Falco_peregrinus.omega1 = 0.2
pqQSDBep.tree_0.Falco_peregrinus.alpha = 0.0323332
pqQSDBep.tree_0.Falco_peregrinus.bsrel_mixture_aux_0 = 0.75
Optimization finished in 3 loop passes.
138 likelihood evaluation calls and 264 matrix exponentiations calls were made

The tips of the tree:pqQSDBep.tree_0 were matched with the species names from the data in the following numeric order (0-based) {4,5,3,2,1,0,6,7}

Pseudo-optimal path's cost 2279 vs 3229 for 1..k=> a 1.41685 x improvement
The tips of the tree:pqQSDBep.tree_0 were matched with the species names from the data in the following numeric order (0-based) {4,5,3,2,1,0,6,7}

Pseudo-optimal path's cost 2279 vs 3229 for 1..k=> a 1.41685 x improvement
Auto-benchmarked an optimal number (6) of threads.
Set GUI update interval to every 32-th LF evaluation.
Optimization settings:
	OPTIMIZATION_METHOD = 4
	OPTIMIZATION_PRECISION = 0.001
	MAXIMUM_ITERATIONS_PER_VARIABLE = 5000

Initial parameter values

pqQSDBep.tree_0.Falco_tinnunculus.omega2 = 0.25
pqQSDBep.tree_0.Falco_tinnunculus.beta = 0.00424621
pqQSDBep.tree_0.Falco_tinnunculus.omega1 = 0.2
pqQSDBep.tree_0.Falco_tinnunculus.alpha = 0.0219354
pqQSDBep.tree_0.Falco_tinnunculus.bsrel_mixture_aux_0 = 0.98
Optimization finished in 6 loop passes.
123 likelihood evaluation calls and 242 matrix exponentiations calls were made

The tips of the tree:pqQSDBep.tree_0 were matched with the species names from the data in the following numeric order (0-based) {4,5,3,2,1,0,6,7}

Pseudo-optimal path's cost 2279 vs 3229 for 1..k=> a 1.41685 x improvement
The tips of the tree:pqQSDBep.tree_0 were matched with the species names from the data in the following numeric order (0-based) {4,5,3,2,1,0,6,7}

Pseudo-optimal path's cost 2279 vs 3229 for 1..k=> a 1.41685 x improvement
Auto-benchmarked an optimal number (2) of threads.
Set GUI update interval to every 10-th LF evaluation.
Optimization settings:
	OPTIMIZATION_METHOD = 4
	OPTIMIZATION_PRECISION = 0.001
	MAXIMUM_ITERATIONS_PER_VARIABLE = 5000

Initial parameter values

pqQSDBep.tree_0.Node9.omega2 = 0.25
pqQSDBep.tree_0.Node9.beta = 0
pqQSDBep.tree_0.Node9.omega1 = 0
pqQSDBep.tree_0.Node9.alpha = 0.0133361
pqQSDBep.tree_0.Node9.bsrel_mixture_aux_0 = 0.98
Optimization finished in 4 loop passes.
100 likelihood evaluation calls and 190 matrix exponentiations calls were made

The tips of the tree:pqQSDBep.tree_0 were matched with the species names from the data in the following numeric order (0-based) {4,5,3,2,1,0,6,7}

Pseudo-optimal path's cost 2279 vs 3229 for 1..k=> a 1.41685 x improvement
The tips of the tree:pqQSDBep.tree_0 were matched with the species names from the data in the following numeric order (0-based) {4,5,3,2,1,0,6,7}

Pseudo-optimal path's cost 2279 vs 3229 for 1..k=> a 1.41685 x improvement
Auto-benchmarked an optimal number (2) of threads.
Set GUI update interval to every 244-th LF evaluation.
Optimization settings:
	OPTIMIZATION_METHOD = 4
	OPTIMIZATION_PRECISION = 0.001
	MAXIMUM_ITERATIONS_PER_VARIABLE = 5000

Initial parameter values

pqQSDBep.tree_0.Node1.alpha = 0.000283948
pqQSDBep.tree_0.Node1.bsrel_mixture_aux_0 = 0.5
pqQSDBep.tree_0.Node1.omega2 = 28
pqQSDBep.tree_0.Node1.beta = 0.00440614
pqQSDBep.tree_0.Node1.omega1 = 0.8
Optimization finished in 3 loop passes.
107 likelihood evaluation calls and 210 matrix exponentiations calls were made

The tips of the tree:pqQSDBep.tree_0 were matched with the species names from the data in the following numeric order (0-based) {4,5,3,2,1,0,6,7}

Pseudo-optimal path's cost 2279 vs 3229 for 1..k=> a 1.41685 x improvement
The tips of the tree:pqQSDBep.tree_0 were matched with the species names from the data in the following numeric order (0-based) {4,5,3,2,1,0,6,7}

Pseudo-optimal path's cost 2279 vs 3229 for 1..k=> a 1.41685 x improvement
Auto-benchmarked an optimal number (5) of threads.
Set GUI update interval to every 103-th LF evaluation.
Optimization settings:
	OPTIMIZATION_METHOD = 4
	OPTIMIZATION_PRECISION = 0.001
	MAXIMUM_ITERATIONS_PER_VARIABLE = 5000

Initial parameter values

pqQSDBep.tree_0.Node2.alpha = 0
pqQSDBep.tree_0.Node2.bsrel_mixture_aux_0 = 0.98
pqQSDBep.tree_0.Node2.beta = 0
pqQSDBep.tree_0.Node2.omega1 = 0
pqQSDBep.tree_0.Node2.omega2 = 0.25
Optimization finished in 3 loop passes.
134 likelihood evaluation calls and 126 matrix exponentiations calls were made

The tips of the tree:pqQSDBep.tree_0 were matched with the species names from the data in the following numeric order (0-based) {4,5,3,2,1,0,6,7}

Pseudo-optimal path's cost 2279 vs 3229 for 1..k=> a 1.41685 x improvement
Variable 'MTjkwUFT.pqQSDBep.likelihoodFunction' was not initialized prior to being used
Auto-benchmarked an optimal number (5) of threads.
Set GUI update interval to every 20-th LF evaluation.
Optimization settings:
	OPTIMIZATION_METHOD = 4
	OPTIMIZATION_PRECISION = 0.001
	MAXIMUM_ITERATIONS_PER_VARIABLE = 5000

Initial parameter values

pqQSDBep.model_MGREV.theta_CT = 0.802025
pqQSDBep.model_MGREV.theta_GT = 0.191809
pqQSDBep.model_MGREV.theta_CG = 0.297693
pqQSDBep.model_MGREV.theta_AC = 0.249312
pqQSDBep.model_MGREV.theta_AT = 0.16501
pqQSDBep.tree_0.Leptosomus_discolor.beta = 0.06144
pqQSDBep.tree_0.Leptosomus_discolor.alpha = 0.241872
pqQSDBep.tree_0.Colius_striatus.beta = 0.155115
pqQSDBep.tree_0.Colius_striatus.alpha = 0.756805
pqQSDBep.tree_0.Node2.beta = 0
pqQSDBep.tree_0.Node2.alpha = 0
pqQSDBep.tree_0.Tyto_alba.alpha = 0.248922
pqQSDBep.tree_0.Tyto_alba.beta = 0.0547487
pqQSDBep.tree_0.Node1.beta = 0.00440614
pqQSDBep.tree_0.Node1.alpha = 0.000283948
pqQSDBep.tree_0.Haliaeetus_leucocephalus.beta = 0.0147678
pqQSDBep.tree_0.Haliaeetus_leucocephalus.alpha = 0.0539429
pqQSDBep.tree_0.Aquila_chrysaetos.beta = 0.0205566
pqQSDBep.tree_0.Aquila_chrysaetos.alpha = 0.036036
pqQSDBep.tree_0.Node6.alpha = 0.1712
pqQSDBep.tree_0.Node6.beta = 0.0407874
pqQSDBep.tree_0.Oriolus_oriolus.alpha = 0.448115
pqQSDBep.tree_0.Oriolus_oriolus.beta = 0.424642
pqQSDBep.tree_0.Falco_peregrinus.alpha = 0.0323332
pqQSDBep.tree_0.Falco_peregrinus.beta = 0.00903334
pqQSDBep.tree_0.Falco_tinnunculus.alpha = 0.0219354
pqQSDBep.tree_0.Falco_tinnunculus.beta = 0.00424621
pqQSDBep.tree_0.Node11.alpha = 0.105492
pqQSDBep.tree_0.Node11.beta = 0.0800894
pqQSDBep.tree_0.Node9.beta = 0
pqQSDBep.tree_0.Node9.alpha = 0.0133361
Optimization finished in 3 loop passes.
273 likelihood evaluation calls and 1165 matrix exponentiations calls were made

Variable 'USE_JSON_FOR_MATRIX' was not initialized prior to being used