
Before deleting alignment gaps
      8   1071

Lonchura_striata                ATG GCA ACT ACA NNN TAT AGT GCT AAC TTT CAT TAT AAC TTC TCC ATC ACT GAT CCC TAT GAA AAC AGA AAT GAG AAT TTT CAT NNN TTA ATA ACA GTC TTC CTG CCA CAT ATG TAT TTT GCT GTT TTC ATC CTT GGC CTA GCA GGA AAT GCA CTG GTC TTT GTC ATA CTA AGT TTC TAT ATG AAA CTA AAG ACA CTG ACA GAA ATT GAT NNN ATA CTT TTG CTG AAT ACT GAT GGT ATT ATA GCT GAC TGG GCT TTT CTT TGG ATG CTG CCC NNN TGG GCA TAC TCT GCT GCT CAG GAG TGG ACT CCA GGT ACT GTG ACA TGT CAT ATT TAT ATG GGG CTT --- --- --- --- GTA TGC ACT TCA ATG TTA ACT CTA ATG TCA ATC GCC TTT GAC CAG CTT ATT GCT GTT ACT TTT GTC ACC AAA GCA CAT GTG TTA NNN ACC AAA CAA ATG ACA TGG GGC AAA TTA ATC TCT GTC TTG ATC NNN GTG ATC TCA CAA GCA TTT GCT GCA ACA CAC TTT GGT TTT TGG GAG GTG NNN AAT TTT GAT AAA GCA ATA TGT CAG GAA GAA TAC CCA AAC TAT CAC AGA GAA CTG GTT CCT GAA GAG ATC CAA GTG ACT CTT GCT TAT TTT ATT CCC ATG CTA GCC ATG ATC ATC TGC TAC TCA CTA ATT ATT AAA ACC TTA CTG TGT GCT AAA AGT CTT CAA AAG AAC AAA TCT ATA AAA --- ATA TTT TCT GTA GTT GTC CTG TTT ATT CTT ACC CAT ATA CCC TAT ACT TTC TTC AGA TTG ATA AAA ATC ATA GAC TGG AGC TTT AAA TTG AAC AGC AGC TTT GCA TAT GCA ATT ACC ATA ACA AAA GCT CTT GCT TAT TTT TAT GCC TGT CTT AAC NNN --- CTC TAT TTT TTC ACA GGA ATG AAA ATC AGG AAG NNN CTA NNN CAC AAA GTT ATT AAA AAA TCA AGA TAT GCC AAA TGG CAA GTT ACA GCT CAA CAG TGG CAA ACC ACC AAA GAG GAA GAC TCT AAA TCT TTT ACT GCT TTA TAT AGT GCA GAT GCC ACA AGC ATC TGC TCA CTA TGT ATG TAC TCA CTA 
Leptosomus_discolor             ATG GCA ACT TCA GAT --- GCC ACT AAC TTT TAT TAT AAC TTC TCC ATC ATT GAT CCC AAC GAA AAC AGA AGC GAC AAT TTT CAC ACA TTT ACA AAA GTC TTC CTG CCC TGT ATG TAT TTG ACT GTT TTC ATC CTT GGG CTA GCA GGA AAT GCG CTG GTC TTT GTC ATA CTA GTT TTC TAC GAG AAA CTG AAG ATG CTG ACA --- --- --- GAT ATA TTT TTG CTG AAC TTG GCT --- --- ACA GCT GAC TGG GTC TTC CTT TGG ACA CTT CCA TTC TGG GCA TAT TCT GCT GCT CAG GAG TGG ACT TTT GGC ACT GTG GCA TGT CGT ATT ATA CGG GGC TTG TAT ACT CTA AAC TTG TAC ACT TCA ATG TTA ACT CTA ACG TCT ATC ACC TTT GAC CGG CTT ATT GCT ATT ACT TTT GCC ACC AAA GCA CGT ATG TGT CAA ACC AAA CGA ATG ACA TGG GGC AAA TTA ATC TGT GTC TTG ATC TGG GTG ATC TCA CTA GCA TTT GCT GCA CCA CAG TTT ATT TTT AGT GAG GTG TTC AGT ATT GAT AAG GCA ATA TGT GAG GAA GAA TAC CCA AGC CAT CGC ACA GAA CTG GTT CTT GAG GTG ATT CAA GTG ACC CTT GGC TAT TTT ATT CCC ATG CTA GCC ATG ATC ATC TGC TAC TCA CTA ATT ATT AGA ACC TTA CTG CAC GCC AGG AGT TTT CAA AAG AAC AAA TCT CTG AAA AAG ATA TTT TCT GTA GTT GCC GTA TTT ATT CTT ACT CAG TCA CCC TAT ACT TTC TTG AGA CTG ATA AAG ATC ATA GAT TGG AGC TTT AAC TTG AAC AGC AGC TTT GAA TAT GCA ATC ATC GTA ACA GAA GCT CTT GCT TAT TTC CAT GGC TGT CTT AAC CCT GTT CTG TAT TTC TTC ATG GGG GTG AAA TTC AGG AGG AAC CTC CAG --- AAA ATT ATT AAA AAC TCA AGA TGC GTC AAA TGG CAA GTT ACG GCT AAA CAG TGG CAA CCA ACT GAA GAG GAA GGC TCT AAA ACT TTC ACT GCC TCA AAT AAT GCA GAT GCA ACA AGC --- --- --- --- --- ATG TAC CCA CTA 
Aquila_chrysaetos               ATG GCA ACT ACA GAT --- GCT GCC AAC TTT TAT TAT AAC TTC TCC ATC ATT GAT CCC AAC GAA AAT GGA AGT GAG AAT TTT CAC ACA TTT ACA AGA GTC TTC CTG CCC TGT ATG TAT TCG GCT GTT TTC ATC CTT GGG CTA GCA GGA AAT GCA CTT GTC TTT GTC ATA CTA GCT TTC TAT GAG AAA CAG AAG ATG CTA ACA --- --- --- GAT ATA TTT TTG CTG AAC TTG GCT --- --- ATA GCT GAC TGG GTC TTC CTT TGG ACG CTG CCA TTC TGG GCA TAT TCT GCT GCT CAG GAG TGG ACT TTT GGC ACC ATG GCA TGT CGT ATT ATA CGA GGC TTG TAT ACT CTG AAC TTT TAC ACT TCA ATG CTA ACT CTA ACA TCT ATC ACC TTT GAC CGG CTT ATT GCT ATT ACT TTT GCG ACC AAA GCA CGT ATG TGT CAA ACC AAA CGA ATG ACA TGG GGC AAA TTA ATC TGT GTC TTG ATC TGG GTG ATC TCA CTA GCA TTT GCT GCA CCA CAG TTT ATT TTT AGT GAG GTG TTT AGT ATT GAT AAG ACA ATA TGC CAG GAA GAA TAC CCA AAC CAT CAC ACA GAA ATG GTT CTT GAA GTG ATC CAA GTG ACC CTT GGC TAT TTT ATT CCC ATG CTA GCC ATG ATC ATC TGC TAC TCA CTA ATT ATT AGA ACC TTA CTG CAT GCC AGG AGT TTT CAA AAG AAC AAA TCT CTA AAG AAA ATA TTT TCT GTA GTT GCT ATA TTT ATT CTT ACT CAG TCA CCC TAC ACT TTC TTG AGA CTG ATA AAG ATC ATA GAC TGG AGC TTT AAC CTG AAC AGC AGC TTT GAA TAT GCA ATC ATT ATA ACA GAA GCT CTT GCT TAT TTC CAC GGC TGT CTT AAT CCT GTT CTG TAT TTC TTC ATG GGG GTG AAA TTC AGG AGG AAC TTA CAG --- AAA ATT ATT AAA AAT TCA AGA TGC GTC AAA CGG CAA ATT ATA GCT AAA CAG CGG CAA ACC ACT GAA GAA GAA GGC TCT AAA ACT TTT ACT GCC TCA AAT AAT GCA GAT GCA ACA AGC --- --- --- --- --- ATG TAC CAG CTA 
Haliaeetus_leucocephalus        ATG GCA ACT ACA GAT --- ACT GCC AAC TTT TAT TAT AAC TTC TCC ATC ATT GAT CCC AAC GAA AAT GGA AGT GAG AAT TTT CAT ACA TTT ACA AGA GTC TTC CTG CCC TGT ATG TAT TCG GCT GTT TTC ATC CTT GGG CTA GCA GGA AAT GCA CTT GTC TTT GTC ATA CTA GCT TTC TAT GAG AAA CGG AAG ATG CTG ACA --- --- --- GAT ATA TTT TTG CTG AAC TTG GCC --- --- ATA GCT GAC TGG GTC TTC CTT TGG ACA CTG CCA TTC TGG GCA TAT TCT GCT GCT CAG GAG TGG ACT TTT GGC ACC GTG GCA TGT CGT ATT ATA CGA GGC TTG TAT ACT CTG AAC TTG TAC ACT TCA ATG CTA ACT CTA ACG TCT ATC ACC TTT GAC CGG CTT ATT GCT ATT ACT TTT GCA ACC AAA GCA CGT ATG TGT CAA ACC AAA CGA ATG ACA TGG GGC AAA TTA ATC TGT GTC TTG ATC TGG GTG ATC TCA CTA GCA TTT GCT GCA CCA CAG TTT ATT TTT AGT GAG GTG TTT AGT ATT GAT AAG ACA ATA TGC CAG GAA GAA TAC CCA AAC CAT CAC ACA GAA ATG GTT CTT GAA GTG ATC CAA GTG ACC CTT GGC TAT TTT ATT CCC ATG CTA GCC ATG ATC ATC TGC TAC TCA CTA ATT ATT AGA ACC TTA CTG CAT GCC AGG AGT TTT CAA AAG AAC AAA TCT CTA AAG AAA ATA TTT TCT GTA GTT GCC ATA TTT ATT CTT ACT CAG TCA CCC TAC ACT TTC TTG AGA CTG ATA AAG ATC ATA GAC TGG AGC TTT AAC CTG AAC AGC AGC TTT GAA TAT GCA ATC ATT ATA ACA GAA GCT CTT GCT TAT TTC CAC GGC TGT CTT AAT CCT GTT CTG TAT TTC TTC ATG GGG GTG AAA TTC AGG AGG AAC TTA CAG --- AAA ATT ATT AAA AAT TCA AGA TGC GTC AAA CGG CAA GTT ATG GTT AAA CAG TGG CAA ACC ACT GAA GAA GAA GGC TCT AAA ACT TTT ACT GCC TCC AAT AAT GCA GAT GCA ACA AGC --- --- --- --- --- ATG TAC CAG CTA 
Tyto_alba                       ATG GCA AAT ACA GAT --- GCT GCC AAC TTT TAT TAT AAC TTC TCC ATC ATT GAT CCC AAT GAA AAT GGA AGT GAG AAT TTT CAC ACA TTT ACA ACA ATC TTC CTG CCC TGC ATG TAC TCG GCT GTT TTC ATC CTT GGG CTA GCA GGA AAT GCC CTG GTC TTT GTC ATA CTA GTT TTC TAT GAG AAA CTG AAG ATG CTG ACA --- --- --- GAT ATA TTT TTG CTG AAC TTG GCT --- --- ATA GCT GAC TGG GTC TTC CTT TGG ACG CTG CCA TTC TGG GCA TAT TCT GCA GCT CAG GAG TGG ACT TTT GGC ACC GTG GCA TGT CGT ATT ATA CGG GGC TTG TAT ACT CTG AAC TTG TAC ACT TCA ATG TTA ACT CTA ACA TCT ATC ACC TTT GAT CGG CTT ATT GCT ATT ACT TTT GCC ACC AAA GCA CAT ATG TGT CAA ACC AAA CGA ATG ATA TGG GGC AAA TTA ATC TGT GTC TTG ATC TGG GTT ATA TCA CTA GCA TTT GCC ACA CCG CAG TTT ATT TTT AGT GAG GTG TTT AGT ATT GAT AAG GCA ATA TGT CAG GAA GAA TAC TCA AAC CAT CAC ACA GAA CTG GTT CTT GAA GTG ATC CAA GTG ACC CTT GGC TAT TTT ATT CCC ATG CTA GCC ATG ATC ATC TGC TAC TCA CTA ATT ATT AGA ACC TTA CTG CAT GCC AGG AGT TTT CAA AAG AAC AAA TCT CTG AAA AAA ATA TTT TCT GTA GTT GTT ATA TTT ATT CTT ACT CAG TCA CCC TAT ACT TTC TTG AGA CTA ATA AAG ATC ATA GAC TGG AGC TTT AAC TTG AAC AGC AGC TTT GAA TAC GCA ATC ATT GTA ACA GAA GCT CTA GCT TAT TTC CAT GGC TGT CTT AAC CCT GTT CTG TAT TTC TTC ATG GGG GTG AAA TTC AGG AGG AAC TTA CAG --- AAA ATA ATT AAA AAC TCA AGA TGC ATC AAA CGG CAA GTT GCA GCT AAA CCA TGG CAA ACC ACC GAA GAG GAA GGC TCT AAA ACT TTT TCT GCC TCA AAT AAT GCA GAT GCA ACA AGC --- --- --- --- --- ATG TAC CCG CTA 
Colius_striatus                 ATG GCA ACG ACA GAC --- GCA GAT AAC TTT TAT TAT AAC TTC TCC ATC GTT GAT CCA GAC GAA AAT GGA AGT GAG AAT TTT CAC ACG TTT ACA AGA GTC TTC CTG CCC TGT ACC TAC TCG GTT GTT TTC ATC CTG GGG CTA GCA GGA AAC ACA CTG GTC TTT GTC ATA CTG GTT TTC TAT GAG AAG CTG AAG ATG CTG ACA --- --- --- GAT ATA TTT TTG CTG AAC TTG GCT --- --- GTA GCT GAC TGG GTC TTC CTT TGG ACG CTG CCA TTC TGG GCG CAT TCG GCC GCT CAG GAG TGG GCT TTC GGC ACG GTG GCG TGT CGT GTC ATA CGG GGC TTG TAT ACG CTG AAC TTG TAC ACT TCC ATG TTA ACC CTG ACA TCT ATC ACC TTT GAC AGG CTT GTT GCT ATT ACT TTT GCC ACC AAA GCA CAC ATG TGT CAA ACC AAA CGA ACG ACG TGG GGC AAG GCA GTG TGT GTC TTG ATC TGG GTG ATC TCA CTA GGC TTT GCC ACA CCA CAG TTT ATT TTT AGT GAG GTG GTT AGC ATT GAT AAG GCG ATA TGT CAC GAA AAA TAC CCA AAC CAC GGC ACA GAA CTG GTT CTT GAA GTG ATC CAA GTG ACA CTT GGC TAT TTT ATT CCC ATG CTA GCC ATG ATC ATC TGC TAC TCA CTA ATT GTT AGA ACC TTA CTG CAC GCC AGG AAT TTC CAA AAG AAG AAA TCT CTC AAG AAA ATA TTT TCT GTA GTT GCC ATA TTT ATT CTG ACT CAG TCA CCT TAT ACT TTC CTG AGA CTC ATA AAG ATC ATA GAC TGG AGC TTT AAC TTG AAC AGC AGC TTT GAA TAT GCA ATC ATC GTA ACA GAA GCT CTC GCT TAC CTC CAC GGC TGT CTC AAC CCT ATC CTG TAT TTC TTC ATG GGG GTC AAA TTC AGG AGG AAC TTA AGG --- AAA ATT ATT AAG AGT TTA AGA TGC ATC AAA GGG AGA GTT ACA GCG AAG CAC TGG CAA ACC ACT GAA GAG GAA GGC TCT AAA ACA TTT ACT GCC TCC AAT AAC GCA GAT GCC ACA AGC --- --- --- --- --- ATG GAT CCG CTA 
Falco_peregrinus                ATG GCA ACT ACA GAT --- GCT GTT AAC TTT TAT TAT AAC TTC TCC ATC AAT GAT CCC AAT GAA AAC GGA AGT GAG AAT CTT CAC AGA TTT ACA AAT GTC TTC CTG CCC TGT ATG TAT TCA GCT GTT TTC ATC CTT GGG CTA GCA GGA AAT ACA CTG GTC TTT GTC ATA CTA GTT TTC TAC GAG AAA CTG AAG GTG CTG ACA --- --- --- GAT ATA TTT TTG CTG AAC TTG GCT --- --- ATA GCT GAC TGG GTC TTC CTT TGG ACG CTG CCA TTC TGG GCA TAT TCT GGT GTT CAG GAG TGG ACT TTT GGC ACT GTG GCA TGT CGT GTT ATA CGG GGC TTG TAT ACT CTG AAC TTG TAC ACT TCG ATG TTA ACT CTA ACG TCT ATC ACC TTT GAC CGG CTT ATT GCT ATT ACT TTT GCC ACA AAA GCA CAT GTG TGT CAA ACC AAA CGA ATG ACA TGG GGC AAA CTG ATC TGT GTC TTG ATC TGG GCG ATC TCA CTA GCA TTT GCT GCA CCA CAG TTT ATT TTT AGT GAG GTG TTT AGT ATT GAT AAG GCA ATA TGT CAG GAA GAA TAC CCA AAC TAT CGC ACA GAA CTA GTT CTT GAA GTG ATC CAA GTG ACC CTT GGC TAT TTT ATT CCC ATG CTA GCC ATG GTC ATC TGC TAC TCA CTA ATC ATT AGA ACC TTA CTG CAT GCC AGG AGT TTT CAA AAG AAC AAA TCT CTA AAA AAA ATA TTT TCT GTA GTT GCC ATA TTT ATT CTT ACT CAG TCA CCC TAT ACT TTC TTG AGA CTG TTA AAG ATC ATA GAT TGG AGC TTT AAC TTG AAC AGC AAC TTT GAA TAT GCA ATC ATC ATA ACA GAA GCT CTT GCT TAT TTC CAT GGC TGT CTT AAC CCT GTT CTG TAT TTC TTC ATG GGG GTG AAA TTC AGG AGG AAC TTA CGG --- AAA ATT ATT AAA AAC TCA AGA TGC ACT AAA TGG CAA GTT ACA GCT AAA CAG TGG CAA ACC ACA GAA GAG GAA GGC TCT AAA ACT TTT ACT GCC TCA AAT AAT GCA GAT GCA ACA AGC --- --- --- --- --- ATG TAC CCG CTA 
Falco_tinnunculus               ATG GCA ACT ACA GAT --- GCT GTT AAC TTT TAT TAT AAC TTC TCC ATC AAT GAT CCC AAT GAA AAT GGA AGT GAG AAT CTT CAC AGA TTT ACA AAT GTC TTC CTG CCC TGT ATG TAT TCA GCT GTT TTC ATC CTT GGG CTA GCA GGA AAT ACA CTG GTC TTT GTC ATA CTA GTT TTC TAC GAG AAA CTG AAG GTG CTG ACA --- --- --- GAT ATA TTT TTG CTG AAC TTG GCT --- --- ATA GCT GAC TGG GTC TTC CTT TGG ACG CTG CCA TTC TGG GCA TAT TCT GCT GTT CAG GAG TGG ACT TTT GGC ACT GTG GCA TGT CGT GTT ATA CGG GGC TTG TAT ACT CTG AAC TTG TAC ACT TCA ATG TTA ACT CTA ACG TCT ATC ACC TTT GAC CGG CTT ATT GCT ATT ACT TTT GCC ACA AAA GCA CAT GTG TGT CAA ACC AAA CGA ATG ACA TGG GGC AAA CTG ATC TGT GTC TTG ATC TGG GCG ATC TCA CTA GCA TTT GCT GCA CCA CAG TTT ATT TTT AGT GAG GTG TTT AGT ATT GAT AAG GCA ATA TGT CAG GAA GAA TAC CCA AAC TAT CGC ACA GAA CTA GTT CTT GAA GTG ATC CAA GTG ACC CTT GGC TAT TTT ATT CCC ATG CTA GCC ATG GTC ATC TGC TAC TCA CTA ATC ATT AGA ACC TTA CTG CAT GCC AGG AGT TTT CAA AAG AAC AAA TCT CTA AAA AAA ATA TTT TCT GTA GTT GCC ATA TTT ATT CTT ACT CAG TCA CCC TAT ACT TTC TTG AGA CTG TTA AAG ATC ATA GAC TGG AGC TTT AAC TTG AAC AGC AAC TTT GAA TAT GCA ATC ATC ATA ACA GAA GCT CTT GCT TAT TTC CAT GGC TGT CTT AAC CCT GTT CTG TAT TTC TTC ATG GGG GTG AAA TTC AGG AGG AAC TTA CGG --- AAA ATT GTT AAA AAC TCA AGA TGC ATT AAA TGG CAA GTT ACA GCT AAA CAG TGG CAA ACC ACA GAA GAG GAA GGC TCT AAA ACA TTT ACT GCC TCA AAT AAT GCA GAT GCA ACA AGC --- --- --- --- --- ATG TAC CCA CTA 



After deleting gaps. 987 sites
      8    987

Lonchura_striata                ATG GCA ACT ACA AGT GCT AAC TTT CAT TAT AAC TTC TCC ATC ACT GAT CCC TAT GAA AAC AGA AAT GAG AAT TTT CAT TTA ATA ACA GTC TTC CTG CCA CAT ATG TAT TTT GCT GTT TTC ATC CTT GGC CTA GCA GGA AAT GCA CTG GTC TTT GTC ATA CTA AGT TTC TAT ATG AAA CTA AAG ACA CTG ACA ATA CTT TTG CTG AAT ACT GAT ATA GCT GAC TGG GCT TTT CTT TGG ATG CTG CCC TGG GCA TAC TCT GCT GCT CAG GAG TGG ACT CCA GGT ACT GTG ACA TGT CAT ATT TAT ATG GGG CTT GTA TGC ACT TCA ATG TTA ACT CTA ATG TCA ATC GCC TTT GAC CAG CTT ATT GCT GTT ACT TTT GTC ACC AAA GCA CAT GTG TTA ACC AAA CAA ATG ACA TGG GGC AAA TTA ATC TCT GTC TTG ATC GTG ATC TCA CAA GCA TTT GCT GCA ACA CAC TTT GGT TTT TGG GAG GTG AAT TTT GAT AAA GCA ATA TGT CAG GAA GAA TAC CCA AAC TAT CAC AGA GAA CTG GTT CCT GAA GAG ATC CAA GTG ACT CTT GCT TAT TTT ATT CCC ATG CTA GCC ATG ATC ATC TGC TAC TCA CTA ATT ATT AAA ACC TTA CTG TGT GCT AAA AGT CTT CAA AAG AAC AAA TCT ATA AAA ATA TTT TCT GTA GTT GTC CTG TTT ATT CTT ACC CAT ATA CCC TAT ACT TTC TTC AGA TTG ATA AAA ATC ATA GAC TGG AGC TTT AAA TTG AAC AGC AGC TTT GCA TAT GCA ATT ACC ATA ACA AAA GCT CTT GCT TAT TTT TAT GCC TGT CTT AAC CTC TAT TTT TTC ACA GGA ATG AAA ATC AGG AAG CTA AAA GTT ATT AAA AAA TCA AGA TAT GCC AAA TGG CAA GTT ACA GCT CAA CAG TGG CAA ACC ACC AAA GAG GAA GAC TCT AAA TCT TTT ACT GCT TTA TAT AGT GCA GAT GCC ACA AGC ATG TAC TCA CTA 
Leptosomus_discolor             ATG GCA ACT TCA GCC ACT AAC TTT TAT TAT AAC TTC TCC ATC ATT GAT CCC AAC GAA AAC AGA AGC GAC AAT TTT CAC TTT ACA AAA GTC TTC CTG CCC TGT ATG TAT TTG ACT GTT TTC ATC CTT GGG CTA GCA GGA AAT GCG CTG GTC TTT GTC ATA CTA GTT TTC TAC GAG AAA CTG AAG ATG CTG ACA ATA TTT TTG CTG AAC TTG GCT ACA GCT GAC TGG GTC TTC CTT TGG ACA CTT CCA TGG GCA TAT TCT GCT GCT CAG GAG TGG ACT TTT GGC ACT GTG GCA TGT CGT ATT ATA CGG GGC TTG TTG TAC ACT TCA ATG TTA ACT CTA ACG TCT ATC ACC TTT GAC CGG CTT ATT GCT ATT ACT TTT GCC ACC AAA GCA CGT ATG TGT ACC AAA CGA ATG ACA TGG GGC AAA TTA ATC TGT GTC TTG ATC GTG ATC TCA CTA GCA TTT GCT GCA CCA CAG TTT ATT TTT AGT GAG GTG AGT ATT GAT AAG GCA ATA TGT GAG GAA GAA TAC CCA AGC CAT CGC ACA GAA CTG GTT CTT GAG GTG ATT CAA GTG ACC CTT GGC TAT TTT ATT CCC ATG CTA GCC ATG ATC ATC TGC TAC TCA CTA ATT ATT AGA ACC TTA CTG CAC GCC AGG AGT TTT CAA AAG AAC AAA TCT CTG AAA ATA TTT TCT GTA GTT GCC GTA TTT ATT CTT ACT CAG TCA CCC TAT ACT TTC TTG AGA CTG ATA AAG ATC ATA GAT TGG AGC TTT AAC TTG AAC AGC AGC TTT GAA TAT GCA ATC ATC GTA ACA GAA GCT CTT GCT TAT TTC CAT GGC TGT CTT AAC CTG TAT TTC TTC ATG GGG GTG AAA TTC AGG AGG CTC AAA ATT ATT AAA AAC TCA AGA TGC GTC AAA TGG CAA GTT ACG GCT AAA CAG TGG CAA CCA ACT GAA GAG GAA GGC TCT AAA ACT TTC ACT GCC TCA AAT AAT GCA GAT GCA ACA AGC ATG TAC CCA CTA 
Aquila_chrysaetos               ATG GCA ACT ACA GCT GCC AAC TTT TAT TAT AAC TTC TCC ATC ATT GAT CCC AAC GAA AAT GGA AGT GAG AAT TTT CAC TTT ACA AGA GTC TTC CTG CCC TGT ATG TAT TCG GCT GTT TTC ATC CTT GGG CTA GCA GGA AAT GCA CTT GTC TTT GTC ATA CTA GCT TTC TAT GAG AAA CAG AAG ATG CTA ACA ATA TTT TTG CTG AAC TTG GCT ATA GCT GAC TGG GTC TTC CTT TGG ACG CTG CCA TGG GCA TAT TCT GCT GCT CAG GAG TGG ACT TTT GGC ACC ATG GCA TGT CGT ATT ATA CGA GGC TTG TTT TAC ACT TCA ATG CTA ACT CTA ACA TCT ATC ACC TTT GAC CGG CTT ATT GCT ATT ACT TTT GCG ACC AAA GCA CGT ATG TGT ACC AAA CGA ATG ACA TGG GGC AAA TTA ATC TGT GTC TTG ATC GTG ATC TCA CTA GCA TTT GCT GCA CCA CAG TTT ATT TTT AGT GAG GTG AGT ATT GAT AAG ACA ATA TGC CAG GAA GAA TAC CCA AAC CAT CAC ACA GAA ATG GTT CTT GAA GTG ATC CAA GTG ACC CTT GGC TAT TTT ATT CCC ATG CTA GCC ATG ATC ATC TGC TAC TCA CTA ATT ATT AGA ACC TTA CTG CAT GCC AGG AGT TTT CAA AAG AAC AAA TCT CTA AAG ATA TTT TCT GTA GTT GCT ATA TTT ATT CTT ACT CAG TCA CCC TAC ACT TTC TTG AGA CTG ATA AAG ATC ATA GAC TGG AGC TTT AAC CTG AAC AGC AGC TTT GAA TAT GCA ATC ATT ATA ACA GAA GCT CTT GCT TAT TTC CAC GGC TGT CTT AAT CTG TAT TTC TTC ATG GGG GTG AAA TTC AGG AGG TTA AAA ATT ATT AAA AAT TCA AGA TGC GTC AAA CGG CAA ATT ATA GCT AAA CAG CGG CAA ACC ACT GAA GAA GAA GGC TCT AAA ACT TTT ACT GCC TCA AAT AAT GCA GAT GCA ACA AGC ATG TAC CAG CTA 
Haliaeetus_leucocephalus        ATG GCA ACT ACA ACT GCC AAC TTT TAT TAT AAC TTC TCC ATC ATT GAT CCC AAC GAA AAT GGA AGT GAG AAT TTT CAT TTT ACA AGA GTC TTC CTG CCC TGT ATG TAT TCG GCT GTT TTC ATC CTT GGG CTA GCA GGA AAT GCA CTT GTC TTT GTC ATA CTA GCT TTC TAT GAG AAA CGG AAG ATG CTG ACA ATA TTT TTG CTG AAC TTG GCC ATA GCT GAC TGG GTC TTC CTT TGG ACA CTG CCA TGG GCA TAT TCT GCT GCT CAG GAG TGG ACT TTT GGC ACC GTG GCA TGT CGT ATT ATA CGA GGC TTG TTG TAC ACT TCA ATG CTA ACT CTA ACG TCT ATC ACC TTT GAC CGG CTT ATT GCT ATT ACT TTT GCA ACC AAA GCA CGT ATG TGT ACC AAA CGA ATG ACA TGG GGC AAA TTA ATC TGT GTC TTG ATC GTG ATC TCA CTA GCA TTT GCT GCA CCA CAG TTT ATT TTT AGT GAG GTG AGT ATT GAT AAG ACA ATA TGC CAG GAA GAA TAC CCA AAC CAT CAC ACA GAA ATG GTT CTT GAA GTG ATC CAA GTG ACC CTT GGC TAT TTT ATT CCC ATG CTA GCC ATG ATC ATC TGC TAC TCA CTA ATT ATT AGA ACC TTA CTG CAT GCC AGG AGT TTT CAA AAG AAC AAA TCT CTA AAG ATA TTT TCT GTA GTT GCC ATA TTT ATT CTT ACT CAG TCA CCC TAC ACT TTC TTG AGA CTG ATA AAG ATC ATA GAC TGG AGC TTT AAC CTG AAC AGC AGC TTT GAA TAT GCA ATC ATT ATA ACA GAA GCT CTT GCT TAT TTC CAC GGC TGT CTT AAT CTG TAT TTC TTC ATG GGG GTG AAA TTC AGG AGG TTA AAA ATT ATT AAA AAT TCA AGA TGC GTC AAA CGG CAA GTT ATG GTT AAA CAG TGG CAA ACC ACT GAA GAA GAA GGC TCT AAA ACT TTT ACT GCC TCC AAT AAT GCA GAT GCA ACA AGC ATG TAC CAG CTA 
Tyto_alba                       ATG GCA AAT ACA GCT GCC AAC TTT TAT TAT AAC TTC TCC ATC ATT GAT CCC AAT GAA AAT GGA AGT GAG AAT TTT CAC TTT ACA ACA ATC TTC CTG CCC TGC ATG TAC TCG GCT GTT TTC ATC CTT GGG CTA GCA GGA AAT GCC CTG GTC TTT GTC ATA CTA GTT TTC TAT GAG AAA CTG AAG ATG CTG ACA ATA TTT TTG CTG AAC TTG GCT ATA GCT GAC TGG GTC TTC CTT TGG ACG CTG CCA TGG GCA TAT TCT GCA GCT CAG GAG TGG ACT TTT GGC ACC GTG GCA TGT CGT ATT ATA CGG GGC TTG TTG TAC ACT TCA ATG TTA ACT CTA ACA TCT ATC ACC TTT GAT CGG CTT ATT GCT ATT ACT TTT GCC ACC AAA GCA CAT ATG TGT ACC AAA CGA ATG ATA TGG GGC AAA TTA ATC TGT GTC TTG ATC GTT ATA TCA CTA GCA TTT GCC ACA CCG CAG TTT ATT TTT AGT GAG GTG AGT ATT GAT AAG GCA ATA TGT CAG GAA GAA TAC TCA AAC CAT CAC ACA GAA CTG GTT CTT GAA GTG ATC CAA GTG ACC CTT GGC TAT TTT ATT CCC ATG CTA GCC ATG ATC ATC TGC TAC TCA CTA ATT ATT AGA ACC TTA CTG CAT GCC AGG AGT TTT CAA AAG AAC AAA TCT CTG AAA ATA TTT TCT GTA GTT GTT ATA TTT ATT CTT ACT CAG TCA CCC TAT ACT TTC TTG AGA CTA ATA AAG ATC ATA GAC TGG AGC TTT AAC TTG AAC AGC AGC TTT GAA TAC GCA ATC ATT GTA ACA GAA GCT CTA GCT TAT TTC CAT GGC TGT CTT AAC CTG TAT TTC TTC ATG GGG GTG AAA TTC AGG AGG TTA AAA ATA ATT AAA AAC TCA AGA TGC ATC AAA CGG CAA GTT GCA GCT AAA CCA TGG CAA ACC ACC GAA GAG GAA GGC TCT AAA ACT TTT TCT GCC TCA AAT AAT GCA GAT GCA ACA AGC ATG TAC CCG CTA 
Colius_striatus                 ATG GCA ACG ACA GCA GAT AAC TTT TAT TAT AAC TTC TCC ATC GTT GAT CCA GAC GAA AAT GGA AGT GAG AAT TTT CAC TTT ACA AGA GTC TTC CTG CCC TGT ACC TAC TCG GTT GTT TTC ATC CTG GGG CTA GCA GGA AAC ACA CTG GTC TTT GTC ATA CTG GTT TTC TAT GAG AAG CTG AAG ATG CTG ACA ATA TTT TTG CTG AAC TTG GCT GTA GCT GAC TGG GTC TTC CTT TGG ACG CTG CCA TGG GCG CAT TCG GCC GCT CAG GAG TGG GCT TTC GGC ACG GTG GCG TGT CGT GTC ATA CGG GGC TTG TTG TAC ACT TCC ATG TTA ACC CTG ACA TCT ATC ACC TTT GAC AGG CTT GTT GCT ATT ACT TTT GCC ACC AAA GCA CAC ATG TGT ACC AAA CGA ACG ACG TGG GGC AAG GCA GTG TGT GTC TTG ATC GTG ATC TCA CTA GGC TTT GCC ACA CCA CAG TTT ATT TTT AGT GAG GTG AGC ATT GAT AAG GCG ATA TGT CAC GAA AAA TAC CCA AAC CAC GGC ACA GAA CTG GTT CTT GAA GTG ATC CAA GTG ACA CTT GGC TAT TTT ATT CCC ATG CTA GCC ATG ATC ATC TGC TAC TCA CTA ATT GTT AGA ACC TTA CTG CAC GCC AGG AAT TTC CAA AAG AAG AAA TCT CTC AAG ATA TTT TCT GTA GTT GCC ATA TTT ATT CTG ACT CAG TCA CCT TAT ACT TTC CTG AGA CTC ATA AAG ATC ATA GAC TGG AGC TTT AAC TTG AAC AGC AGC TTT GAA TAT GCA ATC ATC GTA ACA GAA GCT CTC GCT TAC CTC CAC GGC TGT CTC AAC CTG TAT TTC TTC ATG GGG GTC AAA TTC AGG AGG TTA AAA ATT ATT AAG AGT TTA AGA TGC ATC AAA GGG AGA GTT ACA GCG AAG CAC TGG CAA ACC ACT GAA GAG GAA GGC TCT AAA ACA TTT ACT GCC TCC AAT AAC GCA GAT GCC ACA AGC ATG GAT CCG CTA 
Falco_peregrinus                ATG GCA ACT ACA GCT GTT AAC TTT TAT TAT AAC TTC TCC ATC AAT GAT CCC AAT GAA AAC GGA AGT GAG AAT CTT CAC TTT ACA AAT GTC TTC CTG CCC TGT ATG TAT TCA GCT GTT TTC ATC CTT GGG CTA GCA GGA AAT ACA CTG GTC TTT GTC ATA CTA GTT TTC TAC GAG AAA CTG AAG GTG CTG ACA ATA TTT TTG CTG AAC TTG GCT ATA GCT GAC TGG GTC TTC CTT TGG ACG CTG CCA TGG GCA TAT TCT GGT GTT CAG GAG TGG ACT TTT GGC ACT GTG GCA TGT CGT GTT ATA CGG GGC TTG TTG TAC ACT TCG ATG TTA ACT CTA ACG TCT ATC ACC TTT GAC CGG CTT ATT GCT ATT ACT TTT GCC ACA AAA GCA CAT GTG TGT ACC AAA CGA ATG ACA TGG GGC AAA CTG ATC TGT GTC TTG ATC GCG ATC TCA CTA GCA TTT GCT GCA CCA CAG TTT ATT TTT AGT GAG GTG AGT ATT GAT AAG GCA ATA TGT CAG GAA GAA TAC CCA AAC TAT CGC ACA GAA CTA GTT CTT GAA GTG ATC CAA GTG ACC CTT GGC TAT TTT ATT CCC ATG CTA GCC ATG GTC ATC TGC TAC TCA CTA ATC ATT AGA ACC TTA CTG CAT GCC AGG AGT TTT CAA AAG AAC AAA TCT CTA AAA ATA TTT TCT GTA GTT GCC ATA TTT ATT CTT ACT CAG TCA CCC TAT ACT TTC TTG AGA CTG TTA AAG ATC ATA GAT TGG AGC TTT AAC TTG AAC AGC AAC TTT GAA TAT GCA ATC ATC ATA ACA GAA GCT CTT GCT TAT TTC CAT GGC TGT CTT AAC CTG TAT TTC TTC ATG GGG GTG AAA TTC AGG AGG TTA AAA ATT ATT AAA AAC TCA AGA TGC ACT AAA TGG CAA GTT ACA GCT AAA CAG TGG CAA ACC ACA GAA GAG GAA GGC TCT AAA ACT TTT ACT GCC TCA AAT AAT GCA GAT GCA ACA AGC ATG TAC CCG CTA 
Falco_tinnunculus               ATG GCA ACT ACA GCT GTT AAC TTT TAT TAT AAC TTC TCC ATC AAT GAT CCC AAT GAA AAT GGA AGT GAG AAT CTT CAC TTT ACA AAT GTC TTC CTG CCC TGT ATG TAT TCA GCT GTT TTC ATC CTT GGG CTA GCA GGA AAT ACA CTG GTC TTT GTC ATA CTA GTT TTC TAC GAG AAA CTG AAG GTG CTG ACA ATA TTT TTG CTG AAC TTG GCT ATA GCT GAC TGG GTC TTC CTT TGG ACG CTG CCA TGG GCA TAT TCT GCT GTT CAG GAG TGG ACT TTT GGC ACT GTG GCA TGT CGT GTT ATA CGG GGC TTG TTG TAC ACT TCA ATG TTA ACT CTA ACG TCT ATC ACC TTT GAC CGG CTT ATT GCT ATT ACT TTT GCC ACA AAA GCA CAT GTG TGT ACC AAA CGA ATG ACA TGG GGC AAA CTG ATC TGT GTC TTG ATC GCG ATC TCA CTA GCA TTT GCT GCA CCA CAG TTT ATT TTT AGT GAG GTG AGT ATT GAT AAG GCA ATA TGT CAG GAA GAA TAC CCA AAC TAT CGC ACA GAA CTA GTT CTT GAA GTG ATC CAA GTG ACC CTT GGC TAT TTT ATT CCC ATG CTA GCC ATG GTC ATC TGC TAC TCA CTA ATC ATT AGA ACC TTA CTG CAT GCC AGG AGT TTT CAA AAG AAC AAA TCT CTA AAA ATA TTT TCT GTA GTT GCC ATA TTT ATT CTT ACT CAG TCA CCC TAT ACT TTC TTG AGA CTG TTA AAG ATC ATA GAC TGG AGC TTT AAC TTG AAC AGC AAC TTT GAA TAT GCA ATC ATC ATA ACA GAA GCT CTT GCT TAT TTC CAT GGC TGT CTT AAC CTG TAT TTC TTC ATG GGG GTG AAA TTC AGG AGG TTA AAA ATT GTT AAA AAC TCA AGA TGC ATT AAA TGG CAA GTT ACA GCT AAA CAG TGG CAA ACC ACA GAA GAG GAA GGC TCT AAA ACA TTT ACT GCC TCA AAT AAT GCA GAT GCA ACA AGC ATG TAC CCA CTA 



Printing out site pattern counts


         8        699  P

Lonchura_striata                AAA AAA AAA AAA AAA AAA AAA AAA AAA AAC AAC AAC AAC AAC AAG AAG AAT AAT AAT AAT AAT ACA ACA ACA ACA ACA ACA ACA ACA ACA ACC ACC ACC ACC ACC ACC ACT ACT ACT ACT ACT ACT ACT ACT ACT AGA AGA AGA AGC AGC AGG AGT AGT AGT AGT ATA ATA ATA ATA ATA ATA ATA ATC ATC ATC ATC ATC ATC ATG ATG ATG ATG ATG ATG ATG ATG ATT ATT ATT ATT ATT ATT CAA CAA CAA CAA CAA CAC CAC CAG CAG CAG CAG CAT CAT CAT CAT CAT CAT CCA CCA CCA CCC CCC CCC CCC CCT CTA CTA CTA CTA CTC CTG CTG CTG CTG CTG CTG CTT CTT CTT CTT CTT CTT CTT GAA GAA GAA GAC GAC GAC GAC GAG GAG GAG GAG GAT GAT GCA GCA GCA GCA GCA GCA GCA GCC GCC GCC GCC GCC GCT GCT GCT GCT GCT GCT GCT GCT GCT GCT GGA GGA GGC GGC GGG GGT GGT GTA GTA GTC GTC GTC GTC GTG GTG GTG GTG GTT GTT GTT GTT TAC TAC TAC TAT TAT TAT TAT TAT TAT TAT TAT TAT TAT TAT TAT TCA TCA TCA TCA TCA TCC TCT TCT TCT TCT TGC TGC TGG TGG TGG TGG TGT TGT TGT TTA TTA TTA TTA TTA TTA TTC TTC TTG TTG TTG TTT TTT TTT TTT TTT TTT TTT 
Leptosomus_discolor             ... ... ... ..C ..C ..G .G. .GG G.. ... ... ... ... .G. ... .G. ..C ... ... .GC .G. .A. ... ... ..G .TG .TG C.. G.. T.. ... ... ..T ..T .T. C.A ..C ... ... ... ... ... ... .T. TTG .C. ... ... ... ... ... .A. ... GCC GT. .C. .C. ... ... C.G G.. TC. ... ... ... ... ..T T.. .CA .C. ... ... ... CG. GA. G.. ..C ... ... ... ... ... A.. ... ... .G. .T. ..G .G. ... ... .G. G.. ..C ..G .G. .G. T.. TG. ... ..C TTT ..A ... ... ... .T. ... ... ..C ..G ..G ... ... ... ... ..T G.A ... ... ... ... T.G T.. T.. ... ... ..G ... ... ..T .G. ..C ... ... .T. ... .C. .A. ... ... ... ... ... ..G A.. ..A ... .G. .T. A.. A.. ..C ... ... ... ... ... .GC .TC ... ..G ... ..G ..C AT. ..C ... T.G .C. .C. ... ... A.. ... ... ... A.. A.. ... ... ... ... ..T A.C A.. ATA C.. C.. ..C ... ... ... ... ... .GC C.. ... ... ... ..T ... A.. ... ... .G. .A. ... A.T ... ... ... CAC ... ... .C. .GT ... ... ... ..T ... ..G C.. ... ... A.. ..C ..C ..C ..G ... ... 
Aquila_chrysaetos               ... ... ..G ..C ..T ..G .G. .GG G.. ... ... ..T ..T ... ... .G. ..C ... ... .G. .G. .G. ... ... .T. .TG .TG C.. G.. ... ... ... ..T ..T .TT ... ..C ..C ... ... ... ... ... .T. TTG .C. ... G.. ... ... ... .A. ... GC. GC. .C. ... ... ... C.. ... TC. ... ... ... ... ... T.. .C. .CA ... ... ... CGA GA. G.. ..C ... ... ... ... ... A.. ... ... .G. .T. ..G ... ... ... .G. ... ..C ..G .G. .G. T.. TG. ... ..C TTT ..A ... ... ... .T. ... ... T.. .AG ..G A.. ..A ... ..T ... A.A ... ... ... ... T.G T.. T.. ... ... ... ... ... ... .G. ... ..A ... .T. ... .C. .A. A.. ... ... ... ... ... A.. ..A ... .G. .T. ..C ... ..C ... ... ... ... ... .GC .TC ... ..G ... ..G ..C AT. ..C ... T.T .CG .CT ... ... A.. A.. ... ... A.. A.. A.. ... ... ... ..T A.C A.. ATA C.C C.. ... ..C ... ... ... ... .GC CAG ... ... ... ..T ... A.. ... ... .G. .A. ... A.T C.. C.. ... CA. ..C ... .C. .GT C.. ... ... ..T ... ..G C.. C.. ... A.. ..C ..C ... .CG ... ... 
Haliaeetus_leucocephalus        ... ... ..G ..C ..T ..G .G. .GG G.. ... ... ..T ..T ... ... .G. ..C ... ... .G. .G. .G. ... ... .TG .TG .TG C.. G.. ... ... ... ..T ..T .TT ... ..C ..C ... ... ... ... ... .T. TTG .C. ... G.. ... ... ... .A. ... .C. GC. .C. ... ... ... C.. ... TC. ... ... ... ... ... T.. .CA .C. ... ... ... CGA GA. G.. ..C ... ... ... ... ... A.. ... ... .G. .T. ..G ... ... ... .G. ... ... ..G .G. .G. T.. TG. ... ..C TTT ..A ... ... ... .T. ... ... T.. .GG ..G A.. ... ... ..T ... A.A ... ... ... ... T.G T.. T.. ... ... ... ... ... ... .G. ... ..A ... .T. ... .CC .A. A.. ... ... ... ... ... A.. ..A ... .G. .T. ..C ... ..C ... ... ... ... .T. .GC .TC ... ..G ... ..G ..C AT. ..C ... T.G .CA .C. ... ... A.. ... ... ... A.. A.. ... ... ... ... ..T A.C A.. ATA C.C C.. ... ..C ... ... ... ... .GC CAG ... ... ... ..T ... A.. ... ... .G. .A. ... A.T C.. ... ... CA. ..C ... .CC .GT C.. ... ... ..T ... ..G C.. C.. ... A.. ..C ..C ... .CG ... ... 
Tyto_alba                       ... ... ... ..C ..C ..G .G. .GG G.. ... ... ... ..T ... ... .G. ..C ... ... .G. .G. ... ... .T. G.. .TG .TG C.G G.. ... ... ... ... ..T .TT ... ..C ..C .A. ... ... ... T.. .T. TTG .C. ... G.. ... ... ... .A. ... GC. GT. .C. ... ... ... C.G G.. TC. ..A ... ... ... ... T.. .C. .CA ... ... ... CG. GA. G.. ..C ... ... ... ... ... A.. ... ... .G. .T. ..G ... ... .CA .G. ... ..C ..G ... .G. T.. TGC T.. ..C TTT ..A ... ... ... .T. ... ... T.. ..G ..G ... ... ... ... ... A.A ..A ... ... ... T.G T.. T.. ... ... ... ... ..T ... .G. ... ... ... .T. ... .C. .A. ... A.. ... ... ... ..C A.. ..A ... .G. AT. ..C ... ..C ..A ..C ... ... ... .GC .TC ... ..G ... ..G ..C AT. ..C ... T.G .C. ..T A.. ... A.. ... ... ..T A.A A.. ... ... ... ... ..T A.. A.. ATA C.. C.. ... ... ..C ..C ... ... .GC C.G ... ... ... ..T ... A.. ... ... .G. .A. ... A.T C.. ... ... CA. ... ... .C. .GT ... ... ... ..T ... ..G C.A ... ... A.. ..C ..C ... .CG ... ... 
Colius_striatus                 ... ..G ..G ..C .GT ..G .G. .GG G.. ... ..G ... ..T ... ... .G. ..C ..C ... .G. .GC .G. ... ..G ... .TG .TG C.. G.G ... ... ... ..T ..T .T. ... ..A ..G ..G ..C ... G.. ... GT. TTG .C. ... G.. ... ... ... .AC .A. GCA GT. .C. G.. ... ... C.C G.. TC. ... ... ... G.G ... T.. .C. .CA .CC .C. ... CG. GA. G.C ..C ... ... ... G.C G.. A.G AG. ... .G. .T. ..G GG. ... ..C AG. ..C ..C ..G ..C .G. T.. TG. ... ..C TTC ..A ..A ... ..T .T. ... ..G T.. ..G ..G ... ... ... ... ... A.A ..C ..C ..G ... T.G T.C T.. A.. ... ... ... ... ... .G. ... ... ... .T. ... .C. .A. ..G A.. ... ..G .GC A.. A.. ... ... .G. AT. .A. .T. ..C ..C ..C ... ... ..G .GC .TC ... ..G ... ..G ..C AT. ..C ... T.G .C. .C. ... ... A.. ... ... ... A.. A.. ... ... G.T ... C.T G.C A.. ATA C.C C.C ... ... ..C ... ..C ... .GC C.G ... ..C .T. ..T ... A.A ..G ... .G. .A. ... A.T G.. ... ... CAC ... ... .CC .GT ... GC. ... ..T ... C.G C.C ... ... A.. C.C ..C ... .CG ... ... 
Falco_peregrinus                ... ... ... ..C ..C ..G .G. .GG G.. ... ... ... ... ... ... .G. ..C ... ... .G. .G. .AT ... ... ... .TG GTG C.. G.. ... ..A ... ..A ..T .T. ... ..C ... ... ... ... ... ... .A. TTG .C. ... G.. .A. ... ... .A. ... GC. GT. .C. ... ... T.. C.. ... TC. ... ... G.. ... ... T.. .C. .C. ... ... ... CG. GA. G.. ..C ..C ... ... G.. ... A.. ... ... .G. .T. ..G .G. ... ... .G. ... ..C ..G ... .G. T.. TG. ... ..C TTT ..A ... ... ... .T. ... ... T.. ..G ..G ..A ... ... ... ... A.A ... ... ... ... T.G T.. T.. ... ... ... ... ... ..T .G. ... ... ... .T. ... .C. .A. ... ... ... ... ... A.. A.. ..A ... .G. A.T .T. ... ..C .G. ... ... .T. ... .GC .TC ... ..G ... ..G ..C AT. ..C ... T.G .C. .C. ... ... ... ... ... .C. A.. A.. ... ... ... ... ..T A.. A.. ATA C.. ... ..C ... ... ... ... ... .GC C.G ... ..G ... ..T ... A.. ... ... .G. .A. ... A.T ... ... ... CA. ... ... .C. .GT ... C.G ... ..T ... ..G C.. ... ... A.. ..C ..C ... .CA C.. ... 
Falco_tinnunculus               ... ... ... ..C ..C ..G .G. .GG G.. ... ... ... ..T ... ... .G. ..C ... ... .G. .G. .AT ... ... ... .TG GTG C.. G.. ... ..A ... ..A ..T .T. ... ..C ... ... ... ... ... ... .A. TTG .C. ... G.. .A. ... ... .A. ... GC. GT. .C. ... ... T.. C.. ... TC. ... ... G.. ... ... T.. .C. .C. ... ... ... CG. GA. G.. ..C ..C ... G.. G.. ... A.. ... ... .G. .T. ..G .G. ... ... .G. ... ..C ..G ... .G. T.. TG. ... ..C TTT ..A ... ... ... .T. ... ... T.. ..G ..G ..A ... ... ... ... A.A ... ... ... ... T.G T.. T.. ... ... ... ... ... ... .G. ... ... ... .T. ... .C. .A. ... ... ... ... ... A.. A.. ..A ... .G. ATT .T. ... ..C ... ... ... .T. ... .GC .TC ... ..G ... ..G ..C AT. ..C ... T.G .C. .C. ... ... ... ... ... .C. A.. A.. ... ... ... ... ..T A.. A.. ATA C.. ... ..C ... ... ... ... ... .GC C.. ... ... ... ..T ... A.A ... ... .G. .A. ... A.T ... ... ... CA. ... ... .C. .GT ... C.G ... ..T ... ..G C.. ... ... A.. ..C ..C ... .CA C.. ... 

    7    3    1    1    1    2    1    1    2    3    1    1    1    1    2
    1    1    1    1    1    1    1    3    1    1    1    1    1    1    1
    1    2    1    1    1    1    1    1    1    1    3    1    1    1    1
    1    2    1    1    3    1    1    1    1    1    1    1    5    1    1
    1    1    1    6    1    1    1    1    1    1    1    1    5    1    1
    1    1    1    2    1    1    2    1    1    3    1    1    1    1    1
    1    1    1    1    1    1    1    1    1    1    1    1    1    1    1
    1    1    4    2    1    1    1    1    1    3    1    1    1    1    1
    2    3    1    1    1    1    4    1    1    1    1    1    1    1    2
    1    3    1    1    1    1    5    1    1    1    1    1    1    1    1
    1    1    2    1    1    4    1    1    1    1    1    1    1    1    1
    1    1    1    1    1    1    1    3    1    1    2    1    1    1    1
    3    1    2    1    1    1    1    1    1    1    1    1    1    1    3
    1    1    2    1    1    1    1    1    1    3    1    1    1    1    1
    1    6    1    1    2    1    1    1    1    1    1    6    1    1    1
    2    1    1    2    1    1    1   12

CODONML (in paml version 4.9, March 2015)  Lonchura_striata.aln.faa
Model: several dN/dS ratios for branches for branches,  omega = 1.000 fixed

Codon frequency model: F1x4
ns =   8  ls = 329

Codon usage in sequences
--------------------------------------------------------------------------------------------------------------------------------------
Phe TTT  19  17  19  18  18  16 | Ser TCT   6   5   5   5   6   4 | Tyr TAT  14   9   9   9   8   7 | Cys TGT   4   6   5   5   5   6
    TTC   7  11  10  10  10  11 |     TCC   1   1   1   2   1   3 |     TAC   4   5   5   5   6   5 |     TGC   2   2   3   3   3   2
Leu TTA   6   3   3   3   4   4 |     TCA   6   7   6   5   7   3 | *** TAA   0   0   0   0   0   0 | *** TGA   0   0   0   0   0   0
    TTG   4   8   5   6   7   6 |     TCG   0   0   1   1   1   2 |     TAG   0   0   0   0   0   0 | Trp TGG   9   8   6   7   7   7
--------------------------------------------------------------------------------------------------------------------------------------
Leu CTT  10   9   9   9   7   4 | Pro CCT   1   0   0   0   0   1 | His CAT   6   2   2   3   4   1 | Arg CGT   0   2   2   2   1   1
    CTC   1   1   0   0   0   5 |     CCC   4   4   4   4   4   2 |     CAC   2   2   3   2   2   7 |     CGC   0   1   0   0   0   0
    CTA   8   7  10   9   9   5 |     CCA   3   5   3   3   2   4 | Gln CAA   7   4   4   4   4   3 |     CGA   0   1   2   2   1   1
    CTG   8  10   7   8  10  14 |     CCG   0   0   0   0   2   1 |     CAG   4   4   7   6   4   3 |     CGG   0   2   3   3   3   1
--------------------------------------------------------------------------------------------------------------------------------------
Ile ATT   8  13  14  13  12   8 | Thr ACT  11  13  10  11   7   6 | Asn AAT   5   4   7   7   7   4 | Ser AGT   4   3   4   4   4   3
    ATC  11  11  11  11  12  12 |     ACC   7   5   7   7   8   7 |     AAC   7  10   8   8   9   9 |     AGC   4   6   4   4   4   5
    ATA  11   7  11  10  12   8 |     ACA  11   8   9   9   9  12 | Lys AAA  19  13  11  11  12   8 | Arg AGA   4   4   4   4   3   5
Met ATG  12  10  12  12  10   8 |     ACG   0   2   1   1   1   5 |     AAG   3   4   5   5   4  10 |     AGG   1   3   3   3   3   4
--------------------------------------------------------------------------------------------------------------------------------------
Val GTT   6   5   3   5   7   9 | Ala GCT  14   9  13   9   9   7 | Asp GAT   4   4   3   3   4   5 | Gly GGT   2   0   0   0   0   0
    GTC   6   6   6   6   4   7 |     GCC   5   6   4   6   7   8 |     GAC   4   3   3   3   2   4 |     GGC   2   6   6   6   6   8
    GTA   2   3   1   1   2   3 |     GCA  11  11  11  12  12   7 | Glu GAA   6   8  10  10   9   8 |     GGA   2   1   2   2   2   2
    GTG   5   6   5   6   5   6 |     GCG   0   1   1   0   0   4 |     GAG   5   6   4   4   5   5 |     GGG   1   2   2   2   2   3
--------------------------------------------------------------------------------------------------------------------------------------

----------------------------------------------------------------------
Phe TTT  17  17 | Ser TCT   5   5 | Tyr TAT  10  10 | Cys TGT   6   6
    TTC  10  10 |     TCC   1   1 |     TAC   5   5 |     TGC   2   2
Leu TTA   4   4 |     TCA   6   7 | *** TAA   0   0 | *** TGA   0   0
    TTG   7   7 |     TCG   1   0 |     TAG   0   0 | Trp TGG   8   8
----------------------------------------------------------------------
Leu CTT   9   9 | Pro CCT   0   0 | His CAT   3   3 | Arg CGT   1   1
    CTC   0   0 |     CCC   4   4 |     CAC   1   1 |     CGC   1   1
    CTA   9   9 |     CCA   3   4 | Gln CAA   4   4 |     CGA   1   1
    CTG  10  10 |     CCG   1   0 |     CAG   5   5 |     CGG   2   2
----------------------------------------------------------------------
Ile ATT   9   9 | Thr ACT  11   9 | Asn AAT   7   8 | Ser AGT   4   4
    ATC  12  12 |     ACC   5   5 |     AAC  11  10 |     AGC   3   3
    ATA   9   9 |     ACA  11  12 | Lys AAA  12  12 | Arg AGA   3   3
Met ATG   8   8 |     ACG   2   2 |     AAG   4   4 |     AGG   3   3
----------------------------------------------------------------------
Val GTT   8   9 | Ala GCT   9  10 | Asp GAT   4   3 | Gly GGT   1   0
    GTC   6   6 |     GCC   5   5 |     GAC   2   3 |     GGC   6   6
    GTA   1   1 |     GCA  11  11 | Glu GAA   9   9 |     GGA   2   2
    GTG   7   7 |     GCG   1   1 |     GAG   5   5 |     GGG   2   2
----------------------------------------------------------------------

Codon position x base (3x4) table for each sequence.

#1: Lonchura_striata
position  1:    T:0.24924    C:0.16413    A:0.35866    G:0.22796
position  2:    T:0.37690    C:0.24316    A:0.27356    G:0.10638
position  3:    T:0.34650    C:0.20365    A:0.29179    G:0.15805
Average         T:0.32421    C:0.20365    A:0.30800    G:0.16413

#2: Leptosomus_discolor
position  1:    T:0.24924    C:0.16413    A:0.35258    G:0.23404
position  2:    T:0.38602    C:0.23404    A:0.23708    G:0.14286
position  3:    T:0.30699    C:0.24316    A:0.24924    G:0.20061
Average         T:0.31408    C:0.21378    A:0.27964    G:0.19250

#3: Aquila_chrysaetos
position  1:    T:0.23708    C:0.17021    A:0.36778    G:0.22492
position  2:    T:0.38298    C:0.23100    A:0.24620    G:0.13982
position  3:    T:0.31915    C:0.22796    A:0.26444    G:0.18845
Average         T:0.31307    C:0.20973    A:0.29281    G:0.18440

#4: Haliaeetus_leucocephalus
position  1:    T:0.24012    C:0.16717    A:0.36474    G:0.22796
position  2:    T:0.38602    C:0.22796    A:0.24316    G:0.14286
position  3:    T:0.31307    C:0.23404    A:0.25836    G:0.19453
Average         T:0.31307    C:0.20973    A:0.28875    G:0.18845

#5: Tyto_alba      
position  1:    T:0.25228    C:0.16109    A:0.35562    G:0.23100
position  2:    T:0.39210    C:0.23100    A:0.24316    G:0.13374
position  3:    T:0.30091    C:0.23708    A:0.26748    G:0.19453
Average         T:0.31510    C:0.20973    A:0.28875    G:0.18642

#6: Colius_striatus
position  1:    T:0.23100    C:0.16109    A:0.34650    G:0.26140
position  2:    T:0.38298    C:0.23100    A:0.24012    G:0.14590
position  3:    T:0.24924    C:0.28875    A:0.22188    G:0.24012
Average         T:0.28774    C:0.22695    A:0.26950    G:0.21581

#7: Falco_peregrinus
position  1:    T:0.24924    C:0.16413    A:0.34650    G:0.24012
position  2:    T:0.38298    C:0.23100    A:0.24924    G:0.13678
position  3:    T:0.31611    C:0.22492    A:0.25836    G:0.20061
Average         T:0.31611    C:0.20669    A:0.28470    G:0.19250

#8: Falco_tinnunculus
position  1:    T:0.24924    C:0.16413    A:0.34347    G:0.24316
position  2:    T:0.38602    C:0.23100    A:0.24924    G:0.13374
position  3:    T:0.31307    C:0.22492    A:0.26748    G:0.19453
Average         T:0.31611    C:0.20669    A:0.28673    G:0.19048

Sums of codon usage counts
------------------------------------------------------------------------------
Phe F TTT     141 | Ser S TCT      41 | Tyr Y TAT      76 | Cys C TGT      43
      TTC      79 |       TCC      11 |       TAC      40 |       TGC      19
Leu L TTA      31 |       TCA      47 | *** * TAA       0 | *** * TGA       0
      TTG      50 |       TCG       6 |       TAG       0 | Trp W TGG      60
------------------------------------------------------------------------------
Leu L CTT      66 | Pro P CCT       2 | His H CAT      24 | Arg R CGT      10
      CTC       7 |       CCC      30 |       CAC      20 |       CGC       3
      CTA      66 |       CCA      27 | Gln Q CAA      34 |       CGA       9
      CTG      77 |       CCG       4 |       CAG      38 |       CGG      16
------------------------------------------------------------------------------
Ile I ATT      86 | Thr T ACT      78 | Asn N AAT      49 | Ser S AGT      30
      ATC      92 |       ACC      51 |       AAC      72 |       AGC      33
      ATA      77 |       ACA      81 | Lys K AAA      98 | Arg R AGA      30
Met M ATG      80 |       ACG      14 |       AAG      39 |       AGG      23
------------------------------------------------------------------------------
Val V GTT      52 | Ala A GCT      80 | Asp D GAT      30 | Gly G GGT       3
      GTC      47 |       GCC      46 |       GAC      24 |       GGC      46
      GTA      14 |       GCA      86 | Glu E GAA      69 |       GGA      15
      GTG      47 |       GCG       8 |       GAG      39 |       GGG      16
------------------------------------------------------------------------------


Codon position x base (3x4) table, overall

position  1:    T:0.24468    C:0.16451    A:0.35448    G:0.23632
position  2:    T:0.38450    C:0.23252    A:0.24772    G:0.13526
position  3:    T:0.30813    C:0.23556    A:0.25988    G:0.19643
Average         T:0.31244    C:0.21087    A:0.28736    G:0.18934

Codon frequencies under model, for use in evolver (TTT TTC TTA TTG ... GGG):
  0.03243880  0.02189323  0.02983528  0.01965789
  0.02189323  0.01477593  0.02013609  0.01326728
  0.02983528  0.02013609  0.00000000  0.00000000
  0.01965789  0.01326728  0.00000000  0.01191266
  0.02189323  0.01477593  0.02013609  0.01326728
  0.01477593  0.00997241  0.01359003  0.00895420
  0.02013609  0.01359003  0.01851998  0.01220246
  0.01326728  0.00895420  0.01220246  0.00803996
  0.02983528  0.02013609  0.02744072  0.01808016
  0.02013609  0.01359003  0.01851998  0.01220246
  0.02744072  0.01851998  0.02523834  0.01662905
  0.01808016  0.01220246  0.01662905  0.01095656
  0.01965789  0.01326728  0.01808016  0.01191266
  0.01326728  0.00895420  0.01220246  0.00803996
  0.01808016  0.01220246  0.01662905  0.01095656
  0.01191266  0.00803996  0.01095656  0.00721906



Nei & Gojobori 1986. dN/dS (dN, dS)
(Note: This matrix is not used in later ML. analysis.
Use runmode = -2 for ML pairwise comparison.)

Lonchura_striata    
Leptosomus_discolor  0.5792 (0.1534 0.2649)
Aquila_chrysaetos    0.5231 (0.1553 0.2969) 0.2113 (0.0357 0.1692)
Haliaeetus_leucocephalus 0.5165 (0.1514 0.2931) 0.2011 (0.0323 0.1607) 0.2936 (0.0106 0.0361)
Tyto_alba            0.5049 (0.1534 0.3039) 0.1990 (0.0351 0.1765) 0.2135 (0.0309 0.1448) 0.1634 (0.0287 0.1754)
Colius_striatus      0.3938 (0.1986 0.5042) 0.1801 (0.0642 0.3563) 0.1891 (0.0626 0.3311) 0.1776 (0.0605 0.3407) 0.1693 (0.0563 0.3324)
Falco_peregrinus     0.6331 (0.1540 0.2433) 0.3759 (0.0421 0.1121) 0.2920 (0.0428 0.1464) 0.2639 (0.0407 0.1542) 0.2474 (0.0386 0.1562) 0.1808 (0.0614 0.3398)
Falco_tinnunculus    0.6563 (0.1557 0.2372) 0.3478 (0.0407 0.1171) 0.2932 (0.0414 0.1411) 0.2641 (0.0393 0.1488) 0.2470 (0.0373 0.1509) 0.1839 (0.0600 0.3263) 0.1822 (0.0040 0.0219)


TREE #  1:  (((2, 6), 5), (4, 3), (1, (7, 8)));   MP score: 313
lnL(ntime: 13  np: 15):  -2939.086663      +0.000000
   9..10   10..11   11..2    11..6    10..5     9..12   12..4    12..3     9..13   13..1    13..14   14..7    14..8  
 0.005024 0.000004 0.097189 0.293297 0.104268 0.079774 0.024777 0.024897 0.003694 0.462873 0.074672 0.014903 0.009329 3.988754 0.273063

Note: Branch length is defined as number of nucleotide substitutions per codon (not per neucleotide site).

tree length =   1.19470

(((2: 0.097189, 6: 0.293297): 0.000004, 5: 0.104268): 0.005024, (4: 0.024777, 3: 0.024897): 0.079774, (1: 0.462873, (7: 0.014903, 8: 0.009329): 0.074672): 0.003694);

(((Leptosomus_discolor: 0.097189, Colius_striatus: 0.293297): 0.000004, Tyto_alba: 0.104268): 0.005024, (Haliaeetus_leucocephalus: 0.024777, Aquila_chrysaetos: 0.024897): 0.079774, (Lonchura_striata: 0.462873, (Falco_peregrinus: 0.014903, Falco_tinnunculus: 0.009329): 0.074672): 0.003694);

Detailed output identifying parameters

kappa (ts/tv) =  3.98875

w (dN/dS) for branches:  0.27306 1.00000

dN & dS for each branch

 branch          t       N       S   dN/dS      dN      dS  N*dN  S*dS

   9..10     0.005   702.5   284.5  0.2731  0.0009  0.0035   0.7   1.0
  10..11     0.000   702.5   284.5  0.2731  0.0000  0.0000   0.0   0.0
  11..2      0.097   702.5   284.5  0.2731  0.0183  0.0671  12.9  19.1
  11..6      0.293   702.5   284.5  0.2731  0.0553  0.2026  38.9  57.6
  10..5      0.104   702.5   284.5  0.2731  0.0197  0.0720  13.8  20.5
   9..12     0.080   702.5   284.5  0.2731  0.0150  0.0551  10.6  15.7
  12..4      0.025   702.5   284.5  0.2731  0.0047  0.0171   3.3   4.9
  12..3      0.025   702.5   284.5  0.2731  0.0047  0.0172   3.3   4.9
   9..13     0.004   702.5   284.5  0.2731  0.0007  0.0026   0.5   0.7
  13..1      0.463   702.5   284.5  1.0000  0.1543  0.1543 108.4  43.9
  13..14     0.075   702.5   284.5  0.2731  0.0141  0.0516   9.9  14.7
  14..7      0.015   702.5   284.5  0.2731  0.0028  0.0103   2.0   2.9
  14..8      0.009   702.5   284.5  0.2731  0.0018  0.0064   1.2   1.8

tree length for dN:       0.2923
tree length for dS:       0.6598

dS tree:
(((Leptosomus_discolor: 0.067130, Colius_striatus: 0.202585): 0.000003, Tyto_alba: 0.072020): 0.003470, (Haliaeetus_leucocephalus: 0.017114, Aquila_chrysaetos: 0.017197): 0.055101, (Lonchura_striata: 0.154291, (Falco_peregrinus: 0.010294, Falco_tinnunculus: 0.006444): 0.051577): 0.002552);
dN tree:
(((Leptosomus_discolor: 0.018331, Colius_striatus: 0.055318): 0.000001, Tyto_alba: 0.019666): 0.000948, (Haliaeetus_leucocephalus: 0.004673, Aquila_chrysaetos: 0.004696): 0.015046, (Lonchura_striata: 0.154291, (Falco_peregrinus: 0.002811, Falco_tinnunculus: 0.001760): 0.014084): 0.000697);

w ratios as labels for TreeView:
(((Leptosomus_discolor #0.273063 , Colius_striatus #0.273063 ) #0.273063 , Tyto_alba #0.273063 ) #0.273063 , (Haliaeetus_leucocephalus #0.273063 , Aquila_chrysaetos #0.273063 ) #0.273063 , (Lonchura_striata #1 , (Falco_peregrinus #0.273063 , Falco_tinnunculus #0.273063 ) #0.273063 ) #0.273063 );


Time used:  0:13
