
Before deleting alignment gaps
      9   1041

Gavialis_gangeticus             ATG GAA ATG --- GAT TTA AGT TAC CTG TAT GGG AAC CTC ACA CCC ACT GAT TTC ATC TTG AAT GAT AAT TTC TTC ACC TTT AGC AAA ATC TTT NNN GCC TTT ATG TAT TCA TTT GCT TCT GTC TTT GGG CTG ATG GGA AAC TGT TCC TTA ACG TGT ACA TTC --- TCT NNN GAG AAA TTT AAG ACC CTA CCA GCT GGT ACT TTT GGT TAT CTG CTG NNN TTG ATT AAT GCT GAC CTA CTT TTT CTT TAC ATC CTG TCA TTC TGG GCA TAT TCT GCT GCT TAC AAG NNN ATT TTT GGC ACC ACA ATG TGT TGT ATT ATA NNN AGC ATT TAT AAC TTG AAT CTG TAC ACT TCA ATG TTG ACA TTA ACC TGT ATA AGT ATT GAC AGG TTT ATT GCT ATT GCT CAA GCA ACC AAA GAC AAT GTA AGT CAA GCC AAA ATA ATG GCG TGG GGC AAA GCA ATC TGT ATT TTG GTA TGG ATG ATA TCA GTA GCA TTT GCC ATG TCA CAG TTT ATA GTG CAC AGT TCA AAT GTT TCA CTT TCT GTT TCC AGT TGC --- --- --- --- --- --- --- --- --- --- --- --- --- --- --- --- --- --- --- --- --- --- --- --- --- TTG TTG AGG TTA CCT GTG GCT TAC --- --- --- --- --- --- --- --- --- --- --- --- --- --- --- --- --- --- --- --- --- --- --- --- --- --- --- --- --- --- --- --- --- --- CCT TTC AAC CTG --- --- --- --- --- AAC AAA TAT GTA --- --- --- --- --- --- --- --- --- --- --- --- --- --- --- --- --- --- --- --- --- --- --- --- --- TCA AGC AAA CAT TTT TTT NNN AAG AAG TCA CAG ATG AAA ACA CAC AAC CAG AAG TTA AAT TAC AAT --- --- --- --- --- --- --- --- --- --- --- --- --- --- --- --- --- --- --- --- --- --- ACA TGC --- --- --- --- --- --- --- --- --- --- --- --- --- --- 
Chelonoidis_abingdonii          ATG GAG CTT CCA GAA TGT TAT TAC CCA GAC CTT AAC CTC ACG TGC AAC GAT TAC AAT GAG AAT GAA CAT TTT CTC AAG GCC AGC AAA ATC TTT CTG CCC TGT ATG TAT GCA TTA GCT TTT GCC TTT GGG CTG ATA GGA AAT TCT TTG GTC CTT ATC ATA TAC ATT TTC TGT GAG AAA CTG AAG ACA CTG --- --- --- ACA GAT GTA TTT TTA GTG AGC TTG GCT ACA GCA GAC TTG CTT TTC CTT TCC ACC TTG CCA TTC TGG GCA TAT TCT GCT GCT CAC GAA TGG ATT TTT GGC TCC TTA ATG TGT AAA ATT ATA CGG GGC CTG TAC ACT TTG AAT CTG TAC ACT TCA ATG TTA ACG CTC ACT TGT ATA ACT ATT GAC AGG TTT ATT GCT ATT GCC CAA GCC ACA AAA GCC CAC ATG TGT CAA GCC AAA AGA ATG GTT TGG GGG AAA GTC ATC TGC ATT TTA GTT TGG GTG GTT TCA CTA GTA TTT GCA ATA CCA CAA TTT AAA --- TAC AGT ACA CAA TCG AAC TAC GAT AAG TCA GTC TGT CAT GCA GTA TAC CCT TCA CAG CTC ATA GAA TTG GCT TTT AAA GTA ATC CAA ATG ACC CTT GGA TTC TTT ATC CCC CTG CTA ACC ATG ATT ATC TGC TAC TCA ATA ATT ATC AAA ACT TTA CTT CAT GCC AGG AGT TTC CAA AAG CAC AAA TCC TTA AAA ATC ATA TTT TCC ATA GTA GTG GTG TTC ATT CTT ACT CAG TTA CCC TAC AAT TTA CTG ATA CTC ATA CGT AAT ATA CAT GTG GAA TTC AAC CTG GAC TAC AAT TTC GAC TCT GCG GTG GTC ATA ACA GAA GCA ATT GCT TAT CTC CAT GGC TGT CTC AAC CCC GTT CTG TAT TTC TTT ATT GGG GTG AAG TTC AGG AAG AAC TTC CAG AAA ATC ATT AAG AAC ATC ACA TGT GTT AAG CGC CAA GGT ATC GTG AAG CAA TGG CAA ACC ACT GAA GAG GAG GGC TCG AAA ACT TGT ACC GCC TCA CCC AAT GTA GAA GCA ACA AGC ATG TAT CCA TTA 
Gopherus_evgoodei               ATG GAG TTT TCA GAA TGT TAT TAC CCA GAC CTT AAC CTC ACC TGC AAC GAT TAC AGT GAG AAT GAA CAT TTT CTC AAG GCC AGC AAA ATC TTT CTG CCG TGT ATG TAT GCA TTA GCT TTT GCC TTT GGG CTG ATA GGA AAT TCT TTG GTC CTT ATC ATA TAC ATT TTC TGT GAG AAA CTG AAG ACA CTG --- --- --- ACA GAC GTA TTT TTA GTG AGC TTG GCT TCA GCA GAC TTG CTT TTC CTT TCC ACC TTG CCA TTC TGG GCA TAT TCT GCT GCA CAC GAG TGG ATT TTT GGC TCC TTA ATG TGT AAA ATT ATA CGG GGC CTG TAC ACT TTG AAT CTG TAC ACT TCA ATG TTA ACG CTC ACT TGT ATA ACT ATT GAC AGG TTT ATT GCT ATT GCC CAA GCC ACA AAA GCC CAC ATG TGT CAA GCC AAA AGA ATG GTT TGG GGG AAA GTC ATC TGC ATT TTA GTT TGG GTG GTT TCA CTA GCA TTT GCA ATA CCA CAA TTT AAA --- TAC AGT ACA CAA CTG AAT TAC GAT AAG TCA GTC TGT CAT GCA ATA TAC CCT TCA CAT CTC ATA GAA TTG GCT TTT AAA GTA TTC CAA ATG ACC CTT GGA TTC TTT ATT CCC ATG ATA ACC ATG ATT ATC TGC TAC TCA ATA ATT ATC AAA ACT TTA CTT CAT GCC AGG AGT TTC CAA AAG CAC AAA TCC TTA AAA ATC ATA TTT TCC ATA GTA GTG GTG TTC ATT CTT ACT CAG TTA CCC TAC AAT TTA CTG ATA CTC ATA CGC AAT ATA CAT GTG GAA TTC AAC CTG GAC TAC AAT TTC GAC TCT GCA GTG GTC ATA ACA GAA GCA ATT GCT TAT CTC CAT GGC TGT CTC AAC CCC GTT CTG TAT TTC TTT ATT GGG GTG AAG TTC AGG AAG AAC TTC CAG AAA ATC ATT AAG AAC ATC ACA TGT GTT AAG CGT CAA GGT ATT GTG AAG CAA TGG CAA ACC ACT GAA GAG GAG GGC TCG AAA ACT TAT ACC GCC TCA CCC AAT GTA GAA GCA ACA AGC ATG TAT CCA TTA 
Mauremys_reevesii               ATG GAG TTT CCA GAA TGT TAT TAC CCA GAC CTT AAC CTC ACC TGC AAC GAT TAC AGT GAG AAT GAA CAT TTT CTC AAG GCC AGC AAA ATC TTT CTG CCC TGT ATG TAT GCA TTA GCT TTT GCC TTT GGG CTG ATA GGA AAT TCT TTG GTC GTT ATC ATA TAC ATT TTC TGT GAG AAA CTG AAG ACA CTG --- --- --- ACA GAT GTA TTT TTA GTG AGC TTG GCT ACA GCA GAC TTG CTT TTC CTT TCC ACC TTG CCA TTC TGG GCA TAT TCT GCT GCT CAC GAG TGG ATT TTT GGA TCC TTA ATG TGT AAA ATT ATA CGG GGC CTG TAC ACT TTG AAT CTG TAC ACT TCA ATG TTA ACG CTC ACT TGT ATA ACT ATT GAC AGG TTT ATT GCT ATT GCC CAA GCC ACA AAA GCC CAC ATG TGT CAA GCC AAA AGA ATG GTT TGG GGG AAA CTC ATC TGC ATT TTA GTT TGG GTG GTT TCA CTA GCA TTT GCA ATA CCA CAA TTT AAA --- TAC AGT ACA CAA CTG AAC TAC GAT AAG TCA GTC TGT CAA TCA ATA TAC CCT TCA CAA CTC ATA GAA TTG GCT TTT ACA GTA TTC CAA ATG ACC CTT GGA TTC TTT ATC CCC ATG GTA ACC ATG ATT ATC TGC TAC TCA ATA ATT ATC AAA ACT TTA CTT CAT GCC AGG AGT TTC CAA AAG CAC AAA TCC TTA AAA ATC ATA TTT TCC ATA GTA GTG GTG TTC ATT CTT ACT CAG TTA CCC TAC AAT TTA CTG ATA CTC ATA CGC AAT ATA CAT GTG GAA TTC AAC CTG GAC TAC AAT TTC GAC TCT GCA GTG GTC ATA ACA GAA GCA ATT GCT TAT CTC CAT GGC TGT CTC AAC CCT GTT CTG TAT TTC TTT ATT GGG GTG AAG TTC AGG AAG AAC TTC CAG AAA ATC ATT AAG AAC ATC ACA TGT GTT AAG CGT CAA GGT ATC ATG AAG CCA TGG CAA ACC ACT GAA GAG GAT GGC TCG AAA ACT TGT ACC GCC TCA CCC AAT GTA GAA GCA ACA AGC ATG TAT CCA TTA 
Chrysemys_picta                 ATG GAG CTT CCA GAA TGT TAT TAC CCA GAC CTT AAC CTC ACG TGC AAC GAT TAC AAT GAA AAT GAA CAT TTT CTC CAG GCC AGC AAA ATC TTT CTG CCC TGT ATG TAT GCA TTA GCT TTC GCC TTT GGG CTG ATA GGA AAT TCT TTG GTC CTT ATC ATA TAC ATT TTC TGT GAG AAA CTG AAG ACA TTG --- --- --- ACG GAT GTA TTT TTA GTG AGC TTG GCT ACA GCA GAC TTG CTT TTC CTT TCC ACC TTG CCA TTC TGG GCA TAT TCT GCT GCT CAT GAG TGG ATT TTT GGC TCC TTG ATG TGT AAA ATT ATA CGG GGC CTG TAC ACT TTG AAT CTG TAC ACT TCA ATG TTA ACG CTC ACT TGT ATA ACT ATT GAC AGG TTT ATT GCT ATT GCC CAA GCC ACA AAA GCC CAC ATG TGT CAA GCC AAA AGA ATG GTT TGG GGG AAA GTC ATC TGC ATG TTA GTT TGG GTG ATT TCA CTA GCA TTT GCA ATG CCA CAA TTT AAA --- TAC AGT AGA CAA TCG AAC TAC GAT AAG TCA GTC TGT CAT GCA ATA TAC CCT TCA CAT CTC ATA GAG TTG GTT TTT AAA GTA CTC CAA ATG ACT CTT GGA TTC TTT ATC CCC ATG CTA ACC ATG ATT ATC TGC TAC TCA ATA ATT ATC AAA ACT TTA TTT CAT GCC AGG AGT TTC CAA AAG CAC AAA TCC TTA AAA ATA ATA TTT TCT ATA GTA GTG GTG TTC ATT CTT ACT CAG TTA CCC TAC AAT TTA TTG ATA CTC ATA CGC AAT ATA CAT GTG GAA TTC AAC CTG GAC TAC AAT TTC GAC TCT GCG GTG GTC ATA ACA GAA GCA ATT GCT TAT CTC CAT GGC TGT CTC AAC CCC GTT CTG TAT TTC TTT ATT GGG GTG AAG TTC AGG AAG AAC TTC CAG AAA ATC ATT AAG AAC ATC AGA TGT GTT AAG CGC CAA GGT ATC GTG AAG CAA TGG CAA ACC ACT GAA GAG GAG GGC TCG AAA ACT TGT ACT GCC TCA CCC AAT GTA GAA GCA ACA AGC ATG TAT CCA TTA 
Trachemys_scripta               ATG GAG CTT CCA GAA TGT TAT TAC CCA GAC CTT AAC CTC ACA TGC AAC GAT TAC AAT GAA AAT GAA CAT TTT CTC CAG GCC AGC AAA ATC TTT CTG CCC TGT ATG TAT GCA TTA GCT TTC GCC TTT GGG CTG ATA GGA AAT TCT TTG GTC CTT ATC ATA TAC ATT TTC TGT GAG AAA CTG AAG ACA TTG --- --- --- ACG GAT GTA TTT TTA GTG AGC TTG GCT ACA GCA GAC TTG CTT TTC CTT TCC ACC TTG CCA TTC TGG GCA TAT TCT GCT GCT CAT GAG TGG ATT TTT GGC TCC TTG ATG TGT AAA ATT ATA CGG GGC CTG TAT ACT TTG AAT CTG TAC ACT TCA ATG TTA ACG CTC ACT TGT ATA ACT ATT GAC AGG TTT ATT GCT ATT GCC CAA GCC ACA AAA GCC CAC ATG TGT CAA GCC AAA AGA ATG GTT TGG GGG AAA GTC ATC TGC ATG TTA GTT TGG GTG ATT TCA CTA GCA TTT GCA ATG CCA CAA TTT AAA --- TAC AGT AGA CAA TCG AAC TAC GAT AAG TCA GTC TGT CAT GCA ATA TAT CCT TCA CAT CTC ATA GAG TTG GTT TTT AAA GTA CTC CAA ATG ACC CTT GGA TTC TTT ATC CCC ATG CTA ACC ATG ATT ATC TGC TAC TCA ATA ATT ATC AAA ACT TTA TTT CAT GCC AGG AAT TTC CAA AAG CAC AAA TCC TTA AAA ATA ATA ATT TCT ATA GTA GTG GTG TTC ATT CTT ACT CAG TTA CCC TAC AAT TTA TTG ATA CTC ATA CGC AAT ATA CAT GTG GAA TTC AAC CTG GAC TAC AAT TTC GAC TCT GCG GTG GTC ATA ACA GAA GCA ATT GCT TAT CTC CAT GGC TGT CTC AAC CCC GTT CTG TAT TTC TTT ATT GGG GTG AAG TTC AGG AAG AAC TTC CAG AAA ATC ATT AAG AAC ATC AGA TGT GTT AAG CGC CAA GGT ATC GTG AAG CAA TGG CAA ACC ACT GAA GAG GAG GGC TCA AAA ACT TGT ACT GCC TCA CCC AAT GTA GAA GCA ACA AGC ATG TAT CCA TTA 
Terrapene_carolina              ATG GAG CTT CCA GAA TGT TAT TAC CCA GAC CTT AAC CTC ACG TGC AAC GAT GAC AAT GAA AAT GAA CAT TTT CTC AAG GCC AGC AAA ATC TTT CTG CCC TGT ATG TAT GCA TTA GCT TTT GCC TTT GGG CTG ATA GGA AAT TCT TTG GTC CTT ATC ATA TAC ATT TTC TGT GAG AAA CTG AAG ACA TTG --- --- --- ACG GAT GTA TTT TTA GTG AGC TTG GCT ACA GCA GAC TTG CTT TTC CTT TCC ACC TTG CCA TTC TGG GCA TAT TCT GCT GCT CAC GAG TGG ATT TTT GGC TCC TTG ATG TGT AAA ATT ATA CGG GGC CTG TAC ACT TTG AAT CTG TAC ACT TCA ATG TTA ACG CTC ACT TGT ATA ACT ATT GAC AGG TTT ATT GCT ATT GCC CAA GCC ACA AAA GCC CAC ATG TGT CAA GCC AAA AGA ATG GTT TGG GGG AAA GTC ATC TGC ATT TTA GTT TGG GTG ATT TCA CTA GCA TTT GCA ATG CCA CAA TTT AAA --- TAC AGT AGA CAA TCG AAC TAC GAT AAG TCA GTC TGT CAT GCA ATA TAC CCT TCA CAT CTC ATA GAG TTG GTT TTT AAA GTA CTC CAA ATG ACC CTT GGA TTC TTT ATC CCC ATG CTA ACC ATG ATT ATC TGC TAC TCA ATA ATT ATC AAA ACT TTA CTT CAT GCC AGG AGT TTC CAA AAG CAC AAA TCC TTA AAA ATA ATA TTT TCT ATA GTA GTG GTG TTC ATT CTT ACT CAG TTA CCC TAC AAT TTA TTG ATA CTC ATA CGC AAT ATA CAT GTG GAA TTC AAC CTG GAC TAC AAT TTC GAC TCT GCG GTG GTC ATA ACA GAA GCA ATT GCT TAT CTC CAT GGC TGT CTC AAC CCC ATT CTG TAT TTC TTT ATT GGG GTG AAG TTC AGG AAG AAC TTC CAG AAA ATC ATT AAG AAC ATC AGA TGT GTT AAG CGC CAA GGT ATC GTG AAG CAA TGG CAA ACC ACT GAA GAG GAG GGC TCG AAA ACT TGT ACT GCC TCA CCC AAT GTA GAA GCA ACA AGC ATG TAT CCA TTA 
Chelonia_mydas                  ATG GAG CTT CCA GAT TGT TAT TAC CCA GAC CTT AAC CTT ACG TGC AAC GAT TAC AAT GAG AAT GAA CAT TTT CTC AGG GCC AGC AAA ATC TTT CTG CCC TGT ATG TAT GCA TTT GCT TTT GCC TTC GGG CTG ATA GGA AAT TCT TTG GTC CTT ATC ATA TAC ATT TTC TGT GAG AAA CTG AAG ACG TTG --- --- --- ACA GAT GTA TTT TTA GTG AGC TTG GCT ACA GCA GAC TTG CTT TTC CTT TCC ACC TTG CCA TTC TGG GCA TAT TCT GCT GCT CGC GAG TGG ATT TTT GGC TCC TTG ATG TGT AAA ATT ATA CGG GGC CTG TAC ACT TTG AAT CTG TAC ACT TCA ATG TTA ACA CTC ACT TGT ATA ACT ATT GAC AGA TTT ATT GCT ATT GCC CAA GCC ACA AAA GCC CAC ATG TGT CAA GCC AAA AGA ATG GTT TGG GGG AAA GTG ATC TGC ATT TTA GTT TGG GTG ATT TCA CTA GCA TTT GCA ACG CCA CAA TTT AAA --- TAC AGT ACA CAA TCA AAC TAT GAT AAG TCA GTC TGT CAT GCA GTG TAT CCT TCA GAT CTC ACA GAA TTG GTT TTT AAA GTA CTT CAA ATG ACC CTT GGA TTC TTT ATC CCC ATG CTA ACC ATG ATT ATC TGC TAC TCA ATA ATT ATC AAA ACT TTA CTT CGT GCC AGG AGT TTC CAA AAA CAC AAA TCC TTA AAA ATA ATA TTT TCT ATA GTA GTG ACG TTC ATT CTT ACT CAG TTA CCC TAC AAT TTG TTG ATA CTC ATA CGC AAT ATA CAT GTG GAA TTC AAC CTG GAC TAC AAT TTC GAC TCT GCG GTG GTT ATA ACA GAA GCA ATT GCT TAT CTC CAT GGC TGT CTC AAC CCT GTT CTA TAT TTC TTT ATT GGG GTG AAG TTC AGG AAG AAC TTC CAG AAA ATC ATC AAG AAC ATC AGA TGT GTT AAG CGC CAA GGT ATT GTG AAG CAA TGG CAA ACC ACT GAA GAT GAG GGC TCG AAA ACT TGT ACT GCC TCA CCC AAT GTA GAA GCA ACA AGC ATG TAT CCA TTA 
Pelodiscus_sinensis             ATG GAG GAT CTG GAT TGT TAT TAC CCC GAG CTT AAC CTC ACG TGC AAC GAT TAT AGT GAG AGT GAT GAT TTT CTC AGG GCC AGC AAA ATT TTT CTG CCC TGT ATG TAT GCA TTA GCT TTT GTC TTT GGG CTG ATA GGA AAT GCT TTG GTC ATT ATC ATA TAC ATT TTC TGT GAA AAA CTG AAG ACA CTG --- --- --- ACA GAT GTA TTT TTA GTG AGC TTG GCT ACA GCT GAC TTG CTT TTT CTT TCT ACC TTG CCA TTC TGG GCA TAT TCT GCT GCT CAC GAG TGG ATT TTT GGC TCT GTG ACG TGT AAA ATT ATA CGG GGC CTG TAC ACT TTG AAT CTG TAT ACA TCA ATG CTA ACC CTC ACT TGT ATA ACT ATT GAG AGG TTT ATC GCT ATT GTC CAA GCC ACC AAA GCC CAT GTG AAT CAA GCC AAA AGA ATG GTG TGG GGG AAA GTT ATC TGC ATT TTA GTT TGG GTG ATG TCA GTA GTA TTT GCA ATA CCA CAA TTT ATA --- TAT AGT ACA CAA TCC ACA TAT GAT AAG TCA ATT TGT CAT GCA ACG TAC CCA TCC CGT CTC GTA GAA TTG GTT CTT AAA GTA CTT CAA ATG ACT CTT GGA TTC CTT ATC CCT CTG CTA ACA ATG ATT ATC TGC TAC TCG ATC ATT ATC AAA ACT TTA CTA CAT GCC AGG AGT TTC CAA AAG CAC AAA TCC TTA AAA ATA ATA TTT TCT GTA GTA GTG GTG TTC ATT CTT ACC CAG TTA CCC TAT AAC TTC CTG ATA CTC TTA CGC AAT ATA TAC TTA GAA TTC TAC CTG GAC TAC AAT TAT GAT GCT GCG GTA GTC ATA ACA GAA GCA ATT GCT TAT CTC CAT GGC TGT CTC AAC CCT ATT CTG TAT TTC TTT ATT GGG GCC AAG TTC AGA AAG AAC GTT CAG AAA ATC ATG AAG AAC ATC AGA CAT GTT AAG CAC CAA GGC TTC ATG AAG CAA TGG CAA ACC ACT GAA GAG GAA GGC TCA AAA ACT TGC ACT GCT TCC CAG AAT GCA GAA GCA ACA AGC ATG TAT CCA TTA 



After deleting gaps. 630 sites
      9    630

Gavialis_gangeticus             ATG GAA ATG GAT TTA AGT TAC CTG TAT GGG AAC CTC ACA CCC ACT GAT TTC ATC TTG AAT GAT AAT TTC TTC ACC TTT AGC AAA ATC TTT GCC TTT ATG TAT TCA TTT GCT TCT GTC TTT GGG CTG ATG GGA AAC TGT TCC TTA ACG TGT ACA TTC TCT GAG AAA TTT AAG ACC CTA ACT TTT GGT TAT CTG CTG TTG ATT AAT GCT GAC CTA CTT TTT CTT TAC ATC CTG TCA TTC TGG GCA TAT TCT GCT GCT TAC AAG ATT TTT GGC ACC ACA ATG TGT TGT ATT ATA AGC ATT TAT AAC TTG AAT CTG TAC ACT TCA ATG TTG ACA TTA ACC TGT ATA AGT ATT GAC AGG TTT ATT GCT ATT GCT CAA GCA ACC AAA GAC AAT GTA AGT CAA GCC AAA ATA ATG GCG TGG GGC AAA GCA ATC TGT ATT TTG GTA TGG ATG ATA TCA GTA GCA TTT GCC ATG TCA CAG TTT ATA CAC AGT TCA AAT GTT TCA CTT TCT GTT TCC AGT TGC TTG TTG AGG TTA CCT GTG GCT TAC CCT TTC AAC CTG AAC AAA TAT GTA TCA AGC AAA CAT TTT TTT AAG AAG TCA CAG ATG AAA ACA CAC AAC CAG AAG TTA AAT TAC AAT ACA TGC 
Chelonoidis_abingdonii          ATG GAG CTT GAA TGT TAT TAC CCA GAC CTT AAC CTC ACG TGC AAC GAT TAC AAT GAG AAT GAA CAT TTT CTC AAG GCC AGC AAA ATC TTT CCC TGT ATG TAT GCA TTA GCT TTT GCC TTT GGG CTG ATA GGA AAT TCT TTG GTC CTT ATC ATA TAC TTC GAG AAA CTG AAG ACA CTG ACA GAT GTA TTT TTA GTG TTG GCT ACA GCA GAC TTG CTT TTC CTT TCC ACC TTG CCA TTC TGG GCA TAT TCT GCT GCT CAC GAA ATT TTT GGC TCC TTA ATG TGT AAA ATT ATA GGC CTG TAC ACT TTG AAT CTG TAC ACT TCA ATG TTA ACG CTC ACT TGT ATA ACT ATT GAC AGG TTT ATT GCT ATT GCC CAA GCC ACA AAA GCC CAC ATG TGT CAA GCC AAA AGA ATG GTT TGG GGG AAA GTC ATC TGC ATT TTA GTT TGG GTG GTT TCA CTA GTA TTT GCA ATA CCA CAA TTT AAA TAC AGT ACA CAA TCG AAC TAC GAT AAG TCA GTC TGT CTG CTA ACC ATG ATT ATC TGC TAC CCC TAC AAT TTA AAT ATA CAT GTG AAC CCC GTT CTG TAT TTC ATT GGG GTG AAG TTC AGG AAG AAC TTC CAG AAA ATC ATT AAG AAC ACT TGT 
Gopherus_evgoodei               ATG GAG TTT GAA TGT TAT TAC CCA GAC CTT AAC CTC ACC TGC AAC GAT TAC AGT GAG AAT GAA CAT TTT CTC AAG GCC AGC AAA ATC TTT CCG TGT ATG TAT GCA TTA GCT TTT GCC TTT GGG CTG ATA GGA AAT TCT TTG GTC CTT ATC ATA TAC TTC GAG AAA CTG AAG ACA CTG ACA GAC GTA TTT TTA GTG TTG GCT TCA GCA GAC TTG CTT TTC CTT TCC ACC TTG CCA TTC TGG GCA TAT TCT GCT GCA CAC GAG ATT TTT GGC TCC TTA ATG TGT AAA ATT ATA GGC CTG TAC ACT TTG AAT CTG TAC ACT TCA ATG TTA ACG CTC ACT TGT ATA ACT ATT GAC AGG TTT ATT GCT ATT GCC CAA GCC ACA AAA GCC CAC ATG TGT CAA GCC AAA AGA ATG GTT TGG GGG AAA GTC ATC TGC ATT TTA GTT TGG GTG GTT TCA CTA GCA TTT GCA ATA CCA CAA TTT AAA TAC AGT ACA CAA CTG AAT TAC GAT AAG TCA GTC TGT ATG ATA ACC ATG ATT ATC TGC TAC CCC TAC AAT TTA AAT ATA CAT GTG AAC CCC GTT CTG TAT TTC ATT GGG GTG AAG TTC AGG AAG AAC TTC CAG AAA ATC ATT AAG AAC ACT TAT 
Mauremys_reevesii               ATG GAG TTT GAA TGT TAT TAC CCA GAC CTT AAC CTC ACC TGC AAC GAT TAC AGT GAG AAT GAA CAT TTT CTC AAG GCC AGC AAA ATC TTT CCC TGT ATG TAT GCA TTA GCT TTT GCC TTT GGG CTG ATA GGA AAT TCT TTG GTC GTT ATC ATA TAC TTC GAG AAA CTG AAG ACA CTG ACA GAT GTA TTT TTA GTG TTG GCT ACA GCA GAC TTG CTT TTC CTT TCC ACC TTG CCA TTC TGG GCA TAT TCT GCT GCT CAC GAG ATT TTT GGA TCC TTA ATG TGT AAA ATT ATA GGC CTG TAC ACT TTG AAT CTG TAC ACT TCA ATG TTA ACG CTC ACT TGT ATA ACT ATT GAC AGG TTT ATT GCT ATT GCC CAA GCC ACA AAA GCC CAC ATG TGT CAA GCC AAA AGA ATG GTT TGG GGG AAA CTC ATC TGC ATT TTA GTT TGG GTG GTT TCA CTA GCA TTT GCA ATA CCA CAA TTT AAA TAC AGT ACA CAA CTG AAC TAC GAT AAG TCA GTC TGT ATG GTA ACC ATG ATT ATC TGC TAC CCC TAC AAT TTA AAT ATA CAT GTG AAC CCT GTT CTG TAT TTC ATT GGG GTG AAG TTC AGG AAG AAC TTC CAG AAA ATC ATT AAG AAC ACT TGT 
Chrysemys_picta                 ATG GAG CTT GAA TGT TAT TAC CCA GAC CTT AAC CTC ACG TGC AAC GAT TAC AAT GAA AAT GAA CAT TTT CTC CAG GCC AGC AAA ATC TTT CCC TGT ATG TAT GCA TTA GCT TTC GCC TTT GGG CTG ATA GGA AAT TCT TTG GTC CTT ATC ATA TAC TTC GAG AAA CTG AAG ACA TTG ACG GAT GTA TTT TTA GTG TTG GCT ACA GCA GAC TTG CTT TTC CTT TCC ACC TTG CCA TTC TGG GCA TAT TCT GCT GCT CAT GAG ATT TTT GGC TCC TTG ATG TGT AAA ATT ATA GGC CTG TAC ACT TTG AAT CTG TAC ACT TCA ATG TTA ACG CTC ACT TGT ATA ACT ATT GAC AGG TTT ATT GCT ATT GCC CAA GCC ACA AAA GCC CAC ATG TGT CAA GCC AAA AGA ATG GTT TGG GGG AAA GTC ATC TGC ATG TTA GTT TGG GTG ATT TCA CTA GCA TTT GCA ATG CCA CAA TTT AAA TAC AGT AGA CAA TCG AAC TAC GAT AAG TCA GTC TGT ATG CTA ACC ATG ATT ATC TGC TAC CCC TAC AAT TTA AAT ATA CAT GTG AAC CCC GTT CTG TAT TTC ATT GGG GTG AAG TTC AGG AAG AAC TTC CAG AAA ATC ATT AAG AAC ACT TGT 
Trachemys_scripta               ATG GAG CTT GAA TGT TAT TAC CCA GAC CTT AAC CTC ACA TGC AAC GAT TAC AAT GAA AAT GAA CAT TTT CTC CAG GCC AGC AAA ATC TTT CCC TGT ATG TAT GCA TTA GCT TTC GCC TTT GGG CTG ATA GGA AAT TCT TTG GTC CTT ATC ATA TAC TTC GAG AAA CTG AAG ACA TTG ACG GAT GTA TTT TTA GTG TTG GCT ACA GCA GAC TTG CTT TTC CTT TCC ACC TTG CCA TTC TGG GCA TAT TCT GCT GCT CAT GAG ATT TTT GGC TCC TTG ATG TGT AAA ATT ATA GGC CTG TAT ACT TTG AAT CTG TAC ACT TCA ATG TTA ACG CTC ACT TGT ATA ACT ATT GAC AGG TTT ATT GCT ATT GCC CAA GCC ACA AAA GCC CAC ATG TGT CAA GCC AAA AGA ATG GTT TGG GGG AAA GTC ATC TGC ATG TTA GTT TGG GTG ATT TCA CTA GCA TTT GCA ATG CCA CAA TTT AAA TAC AGT AGA CAA TCG AAC TAC GAT AAG TCA GTC TGT ATG CTA ACC ATG ATT ATC TGC TAC CCC TAC AAT TTA AAT ATA CAT GTG AAC CCC GTT CTG TAT TTC ATT GGG GTG AAG TTC AGG AAG AAC TTC CAG AAA ATC ATT AAG AAC ACT TGT 
Terrapene_carolina              ATG GAG CTT GAA TGT TAT TAC CCA GAC CTT AAC CTC ACG TGC AAC GAT GAC AAT GAA AAT GAA CAT TTT CTC AAG GCC AGC AAA ATC TTT CCC TGT ATG TAT GCA TTA GCT TTT GCC TTT GGG CTG ATA GGA AAT TCT TTG GTC CTT ATC ATA TAC TTC GAG AAA CTG AAG ACA TTG ACG GAT GTA TTT TTA GTG TTG GCT ACA GCA GAC TTG CTT TTC CTT TCC ACC TTG CCA TTC TGG GCA TAT TCT GCT GCT CAC GAG ATT TTT GGC TCC TTG ATG TGT AAA ATT ATA GGC CTG TAC ACT TTG AAT CTG TAC ACT TCA ATG TTA ACG CTC ACT TGT ATA ACT ATT GAC AGG TTT ATT GCT ATT GCC CAA GCC ACA AAA GCC CAC ATG TGT CAA GCC AAA AGA ATG GTT TGG GGG AAA GTC ATC TGC ATT TTA GTT TGG GTG ATT TCA CTA GCA TTT GCA ATG CCA CAA TTT AAA TAC AGT AGA CAA TCG AAC TAC GAT AAG TCA GTC TGT ATG CTA ACC ATG ATT ATC TGC TAC CCC TAC AAT TTA AAT ATA CAT GTG AAC CCC ATT CTG TAT TTC ATT GGG GTG AAG TTC AGG AAG AAC TTC CAG AAA ATC ATT AAG AAC ACT TGT 
Chelonia_mydas                  ATG GAG CTT GAT TGT TAT TAC CCA GAC CTT AAC CTT ACG TGC AAC GAT TAC AAT GAG AAT GAA CAT TTT CTC AGG GCC AGC AAA ATC TTT CCC TGT ATG TAT GCA TTT GCT TTT GCC TTC GGG CTG ATA GGA AAT TCT TTG GTC CTT ATC ATA TAC TTC GAG AAA CTG AAG ACG TTG ACA GAT GTA TTT TTA GTG TTG GCT ACA GCA GAC TTG CTT TTC CTT TCC ACC TTG CCA TTC TGG GCA TAT TCT GCT GCT CGC GAG ATT TTT GGC TCC TTG ATG TGT AAA ATT ATA GGC CTG TAC ACT TTG AAT CTG TAC ACT TCA ATG TTA ACA CTC ACT TGT ATA ACT ATT GAC AGA TTT ATT GCT ATT GCC CAA GCC ACA AAA GCC CAC ATG TGT CAA GCC AAA AGA ATG GTT TGG GGG AAA GTG ATC TGC ATT TTA GTT TGG GTG ATT TCA CTA GCA TTT GCA ACG CCA CAA TTT AAA TAC AGT ACA CAA TCA AAC TAT GAT AAG TCA GTC TGT ATG CTA ACC ATG ATT ATC TGC TAC CCC TAC AAT TTG AAT ATA CAT GTG AAC CCT GTT CTA TAT TTC ATT GGG GTG AAG TTC AGG AAG AAC TTC CAG AAA ATC ATC AAG AAC ACT TGT 
Pelodiscus_sinensis             ATG GAG GAT GAT TGT TAT TAC CCC GAG CTT AAC CTC ACG TGC AAC GAT TAT AGT GAG AGT GAT GAT TTT CTC AGG GCC AGC AAA ATT TTT CCC TGT ATG TAT GCA TTA GCT TTT GTC TTT GGG CTG ATA GGA AAT GCT TTG GTC ATT ATC ATA TAC TTC GAA AAA CTG AAG ACA CTG ACA GAT GTA TTT TTA GTG TTG GCT ACA GCT GAC TTG CTT TTT CTT TCT ACC TTG CCA TTC TGG GCA TAT TCT GCT GCT CAC GAG ATT TTT GGC TCT GTG ACG TGT AAA ATT ATA GGC CTG TAC ACT TTG AAT CTG TAT ACA TCA ATG CTA ACC CTC ACT TGT ATA ACT ATT GAG AGG TTT ATC GCT ATT GTC CAA GCC ACC AAA GCC CAT GTG AAT CAA GCC AAA AGA ATG GTG TGG GGG AAA GTT ATC TGC ATT TTA GTT TGG GTG ATG TCA GTA GTA TTT GCA ATA CCA CAA TTT ATA TAT AGT ACA CAA TCC ACA TAT GAT AAG TCA ATT TGT CTG CTA ACA ATG ATT ATC TGC TAC CCC TAT AAC TTC AAT ATA TAC TTA AAC CCT ATT CTG TAT TTC ATT GGG GCC AAG TTC AGA AAG AAC GTT CAG AAA ATC ATG AAG AAC ACT TGC 



Printing out site pattern counts


         9        543  P

Gavialis_gangeticus             AAA AAA AAA AAA AAC AAC AAC AAC AAC AAG AAG AAG AAG AAG AAT AAT AAT AAT AAT AAT AAT AAT ACA ACA ACA ACA ACA ACA ACC ACC ACC ACC ACC ACG ACT ACT ACT AGC AGC AGC AGG AGG AGT AGT AGT AGT AGT ATA ATA ATA ATA ATC ATC ATC ATC ATG ATG ATG ATG ATG ATG ATG ATT ATT ATT ATT ATT CAA CAC CAC CAG CAG CAG CAT CCC CCT CCT CTA CTA CTC CTG CTG CTG CTG CTG CTG CTT CTT GAA GAC GAC GAC GAG GAT GAT GAT GCA GCA GCA GCA GCC GCC GCC GCG GCT GCT GCT GCT GCT GGA GGC GGC GGG GGG GGT GTA GTA GTA GTA GTC GTG GTT GTT TAC TAC TAC TAC TAC TAT TAT TAT TAT TAT TCA TCA TCA TCA TCA TCA TCA TCC TCC TCT TCT TCT TCT TGC TGC TGG TGT TGT TGT TGT TGT TTA TTA TTA TTA TTA TTC TTC TTC TTC TTC TTC TTG TTG TTG TTG TTG TTG TTT TTT TTT TTT TTT TTT TTT TTT TTT TTT 
Chelonoidis_abingdonii          ... .GG .T. GTT ... ..T ..T .CT TT. ..A ... .TT G.A GG. ..C ... ... .CA .T. C.A C.C C.. .AG ..G ..G ..T .T. TT. .AG ..A ..A ..T T.. CTT .AC ..A ... ... CC. G.. .CC ... .C. ... GTC TA. T.. .A. .G. ... G.T .AT .C. ... ... ..A ..A ... ... C.T G.. T.C ... ... ... C.G GC. ... A.. T.. A.. ..A ... .TG TG. AT. ..C ..G T.G ... .CA ... G.. T.A T.A T.. ... TAC ..G ... ... .C. ... ..A ..A ... ... ..C .T. .TC C.. ..A ... .TT ..A ..C ... ... TGC ... ... ..G CTT ... .TA A.G C.. ..G ..T .C. A.C AAG TCG A.G C.. ... ... .C. C.. G.C ..C ... .T. AAC AAC A.. C.. G.. GTG ... ..A .TG GA. ... .TC .T. ..T ..T ... AAA ATC .C. ..C ... A.C A.G C.C G.C .GT C.. .A. .A. .A. ... ..T C.A C.. GA. ..A ..A ... C.G GA. GCC .A. .G. ..A ..C ..C ... ... 
Gopherus_evgoodei               ... .GG .T. GTT ... ..T ..T .CT TT. ..A ... .TT G.. GG. ..C ... ... TCA .T. C.A C.C C.. .AG ..C ..G ..T .T. TT. .AG ..A ..A ..T T.. CTT .AC ..A ... ... CC. G.. .CC ... .C. ... GTC TA. T.. .A. .G. ... G.T .GT .C. ... ... ..A ..A ... ... T.T G.. T.C ... ... ... C.G GC. ... A.. T.. A.. ..A ... .TG TG. AT. ..C ..G T.G ... .CA ... G.. T.A T.A T.. ... TAC ..G ... ... .C. ... ..A ..A ... ... ..C ... .TC C.G ..A ... .TT ..A ..C ..A ... TGC ... ... ..G CTT ... .TA A.G C.. ..G ..T .C. A.C AAG C.G A.G C.. ... ... .C. C.. G.C ..C ... .T. AAC AAT A.. C.. G.. GTG ... ..A .TG GA. ... .TC .T. .AT ..T ... AAA ATC .C. ..C ... A.C A.G C.C G.C .GT C.. .A. .A. .A. ... ..T A.A A.. GA. ..A ..A ... C.G GAC GCC .A. .G. ..A ..C ..C ... ... 
Mauremys_reevesii               ... .GG .T. GTT ... ..T ..T .CT TT. ..A ... .TT G.. GG. ..C ... ... .CA .T. C.A C.C C.. .AG ..C ..G ..T .T. TT. .AG ..A ..A ..T T.. GTT .AC ..A ... ... CCT G.. .CC ... .C. ... GTC TA. T.. .A. .G. ... G.T .GT .C. ... ... ..A ..A ... ... T.T G.. T.C ... ... ... C.G GC. ... A.. T.. A.. ..A ... .TG TG. AT. ..C ..G T.G ... .CA ... G.. T.A T.A T.. ... TAC ..G ... ... .C. ... ..A ..A ... ... ..C ... CTC C.. ..A ... .TT ..A ..C ... ... TGC ... ..A ..G CTT ... .TA A.G C.. ..G ..T .C. A.C AAG C.G A.G C.. ... ... .C. C.. G.C ..C ... .T. AAC AAC A.. C.. G.. GTG ... ..A .TG GA. ... .TC .T. ..T ..T ... AAA ATC .C. ..C ... A.C A.G C.C G.C .GT C.. .A. .A. .A. ... ..T G.A A.. GA. ..A ..A ... C.G GA. GCC .A. .G. ..A ..C ..C ... ... 
Chrysemys_picta                 ... .GG .T. GTT ... ..T ..T .CT TT. ..A ... .TT G.. GG. ..C ... ... .CA .T. C.A C.C C.. .AG ..G ..G ..T .T. TTG CAG ..A ..A ..T T.. CTT .AC ..G ... ... CC. G.. .CC ... .C. ... GTC TA. T.. .A. .G. ... ..T .AT .C. ... ... ..A ... ... ... C.T G.. T.C ..G ... ... C.G GC. ... A.. T.. A.. ..A ... .TG TG. AT. ..C T.G T.G ... .CA ... G.. T.A T.A T.. ... TAC ..G ... ... .C. ... ..A ..A ... ... ..C ... .TC C.. ..A ... .TT ..A ..C ... ... TGC ... ... ..G CTT ... .TA A.G C.. ..G ..T .C. A.C AAG TCG A.G C.T ... ... .C. C.. G.C ..C ... .T. AAC AAC AG. C.. G.. GTG ... ..A .TG GA. ... .TC .TC ..T ..T ... AAA ATC .C. ..C ... A.C A.G C.C G.C .GT C.. .A. .A. .A. ... ..T C.A A.. GAA ..A ..A ... C.G GA. GCC .A. .G. ..A ..C ..C ... ... 
Trachemys_scripta               ... .GG .T. GTT ... ..T ..T .CT TT. ..A ... .TT G.. GG. ..C ... ... .CA .T. C.A C.C C.. .AG ... ..G ..T .T. TTG CAG ..A ..A ..T T.. CTT .AC ..G ... ... CC. G.. .CC ... .C. ... GTC TA. T.. .A. .G. ... ..T .AT .C. ... ... ..A ... ... ... C.T G.. T.C ..G ... ... C.G GC. ... A.. T.. A.. ..A ... .TG TG. AT. ..C T.G T.G ... .CA ... G.. T.A T.A T.. ... TAC ..G ... ... .C. ... ..A ..A ... ... ..C ... .TC C.. ..A ... .TT ..A ..C ... ... TGC ... ... ..G CTT ... .TA A.G C.. ..G ..T .C. A.C AAG TCG A.G C.T ... ... .C. C.. G.C ... ... .T. AAC AAC AG. C.. G.. GTG ... ..A .TG GA. ... .TC .TC ..T ..T ... AAA ATC .C. ..C ... A.C A.G C.C G.C .GT C.. .A. .A. .A. ... ..T C.A A.. GAA ..A ..A ... C.G GA. GCC .A. .G. ..A ..C ..C ... ... 
Terrapene_carolina              ... .GG .T. .TT ... ..T ..T .CT TT. ..A ... .TT G.. GG. ..C ... ... .CA .T. C.A C.C C.. .AG ..G ..G ..T .T. TTG .AG ..A ..A ..T T.. CTT .AC ..G ... ... CC. G.. .CC ... .C. ... GTC TA. T.. .A. .G. ... ..T .AT .C. ... ... ..A ... ... ... C.T G.. T.C ... ... ... C.G GC. ... A.. T.. A.. ..A ... .TG TG. AT. ..C T.G T.G ... .CA ... G.. T.A T.A T.. ... TAC ..G ... ... .C. ... ..A ..A ... ... ..C ... .TC C.. ..A ... .TT ..A ..C ... ... TGC ... ... ..G CTT ... .TA A.G C.. ..G ..T .C. A.C AAG TCG A.G C.. ... ... .C. C.. G.C ..C ... .T. AAC AAC AG. C.. G.. GTG ... ..A .TG GA. ... .TC .T. ..T ..T ... AAA ATC .C. ..C ... A.C A.G C.C G.C .GT C.. GA. .A. .A. ... ..T C.A A.. GAA ..A ..A ... C.G GA. GCC .A. .G. ..A ..C ..C ... ... 
Chelonia_mydas                  ... .GG .T. GTT ... ..T ..T .CT TT. ..A ... .TT G.. GG. ..C ... ... .CA .TC C.A C.C C.. .AG ..G ... ..T .T. TTG .GG ..A ..G ..T T.. CTT .AC ..A ... ... CCT G.. .CC ..A .C. ... GTC TA. T.. .A. .G. ... ..T .AT .C. ... ... ..A .C. ... ... C.T G.. T.C ... ... ... C.G GC. ... A.. T.. A.. ..A ... .TA TG. AT. ..C T.G T.G ..T .CA ... G.. T.A T.. T.. ... TA. ..G ... ... .C. ... ..A ... ... ... ..C ... .TG C.. ..A ... .TT ..A ..C ... ... TGC ... ... ..G CTT ... .TA A.G C.. ..G ..T .C. A.C AAG TCA A.G CG. ... ... .C. C.. G.C ..C ... .T. AAC AAC A.. C.. G.. GTG ... ..A .TG GA. ... .TC .T. ..T ..T ... AAA ATC .C. ..C ... A.C A.G C.C G.C .GT C.. .A. .A. .A. ... ..T C.A A.. GA. ..A ..A ... C.G GA. GCC .A. .G. ... ..C ..C ..C ... 
Pelodiscus_sinensis             ... .G. .T. .TT ... ... ..T .CT GTT ..A ... .TT G.. GG. ..C ... .G. .CA .TG C.A C.. G.. .AG ..G ..C ..T .T. GTG .GG ... ..A ..T T.T .TT .AC ..A ..A ... CCT G.. .CA ... .C. ... .T. TA. .A. ... .G. ... ..G .GT .C. ... ..T ..A ..A .C. ... GAT G.. T.C ... ..C ... C.G GC. ... A.. T.T A.. ..A ... .TG TG. AT. ..C ..G T.G ... .CC ... G.. T.A T.C T.. ... TA. ..G ... ..G .C. ..A ... ... ... ... ..C .T. .TT C.. ..A ... .T. ... .TC ... ... TGC ... ... ..G CTT ... .TA ..G ... T.. ..T ... A.C AAG TCC A.G C.. ... ..T .CT ..C G.G ..C ... .T. AAC A.. A.. C.. G.. G.C ... ..A .TG GA. ... .TC .T. ... ..T ... AAA ATC GC. ..C ... A.C A.G C.C G.C .GT C.. .AT .A. .AT ... ..T C.A C.. GA. C.A ..A ... C.G GA. GCC .A. .G. ..A ..C ... ... ... 

    5    1    1    1    1    1    2    1    1    1    1    1    1    1    1
    1    1    1    1    1    1    1    1    1    1    1    1    1    1    1
    1    1    1    1    1    1    1    1    1    1    1    1    1    1    1
    1    1    1    1    2    1    1    1    1    1    1    1    1    4    1
    1    1    1    1    4    1    1    2    1    1    1    1    1    1    1
    1    1    1    1    1    1    2    1    1    1    1    2    1    1    1
    1    1    1    1    1    1    1    1    1    1    1    1    1    1    1
    1    1    3    1    1    1    1    1    1    1    1    1    1    1    1
    1    1    1    1    1    2    1    1    1    1    1    2    1    1    1
    1    2    1    1    2    1    1    1    1    1    1    1    1    3    1
    1    1    1    2    1    1    1    1    1    1    1    1    1    1    1
    1    1    1    1    1    2    1    1    1    1    1    1    1    1    1
    5

CODONML (in paml version 4.9, March 2015)  Gavialis_gangeticus.aln.faa
Model: One dN/dS ratio for branches, 
Codon frequency model: F1x4
ns =   9  ls = 210

Codon usage in sequences
--------------------------------------------------------------------------------------------------------------------------------------
Phe TTT  14   9  10  10   8   8 | Ser TCT   4   2   2   2   2   2 | Tyr TAT   6   4   5   4   4   5 | Cys TGT   6   7   6   7   7   7
    TTC   6   6   6   6   7   7 |     TCC   2   2   2   2   2   2 |     TAC   6   9   9   9   9   8 |     TGC   2   3   3   3   3   3
Leu TTA   5   6   6   6   5   5 |     TCA   9   3   4   3   3   3 | *** TAA   0   0   0   0   0   0 | *** TGA   0   0   0   0   0   0
    TTG   7   5   5   5   7   7 |     TCG   0   1   0   0   1   1 |     TAG   0   0   0   0   0   0 | Trp TGG   3   3   3   3   3   3
--------------------------------------------------------------------------------------------------------------------------------------
Leu CTT   3   5   4   3   5   5 | Pro CCT   2   0   0   1   0   0 | His CAT   1   2   2   2   3   3 | Arg CGT   0   0   0   0   0   0
    CTC   1   3   3   4   3   3 |     CCC   1   3   2   2   3   3 |     CAC   2   2   2   2   1   1 |     CGC   0   0   0   0   0   0
    CTA   2   2   1   1   2   2 |     CCA   0   3   3   3   3   3 | Gln CAA   2   4   4   4   4   4 |     CGA   0   0   0   0   0   0
    CTG   7   7   7   7   5   5 |     CCG   0   0   1   0   0   0 |     CAG   3   1   1   1   2   2 |     CGG   0   0   0   0   0   0
--------------------------------------------------------------------------------------------------------------------------------------
Ile ATT   8   9   9   9   9   9 | Thr ACT   3   5   5   5   5   5 | Asn AAT   8   6   6   5   6   6 | Ser AGT   5   1   2   2   1   1
    ATC   4   5   5   5   5   5 |     ACC   5   2   3   3   2   2 |     AAC   6   6   5   6   6   6 |     AGC   3   1   1   1   1   1
    ATA   5   6   7   6   5   5 |     ACA   6   5   4   5   3   4 | Lys AAA   8   8   8   8   8   8 | Arg AGA   0   1   1   1   2   2
Met ATG  10   7   8   8  10  10 |     ACG   1   2   1   1   3   2 |     AAG   5   6   6   6   5   5 |     AGG   2   2   2   2   2   2
--------------------------------------------------------------------------------------------------------------------------------------
Val GTT   2   4   4   5   3   3 | Ala GCT   7   5   4   5   5   5 | Asp GAT   3   3   2   3   3   3 | Gly GGT   1   0   0   0   0   0
    GTC   1   3   3   2   3   3 |     GCC   3   6   6   6   6   6 |     GAC   3   3   4   3   3   3 |     GGC   2   2   2   1   2   2
    GTA   4   2   1   2   1   1 |     GCA   4   4   6   5   5   5 | Glu GAA   1   3   2   2   3   3 |     GGA   1   1   1   2   1   1
    GTG   1   4   4   4   4   4 |     GCG   1   0   0   0   0   0 |     GAG   1   3   4   4   3   3 |     GGG   2   3   3   3   3   3
--------------------------------------------------------------------------------------------------------------------------------------

--------------------------------------------------------------------------------------
Phe TTT   9   9  10 | Ser TCT   2   2   3 | Tyr TAT   4   5   9 | Cys TGT   7   7   5
    TTC   6   7   5 |     TCC   2   2   1 |     TAC   8   8   5 |     TGC   3   3   4
Leu TTA   5   3   4 |     TCA   3   4   3 | *** TAA   0   0   0 | *** TGA   0   0   0
    TTG   7   8   5 |     TCG   1   0   0 |     TAG   0   0   0 | Trp TGG   3   3   3
--------------------------------------------------------------------------------------
Leu CTT   5   6   3 | Pro CCT   0   1   1 | His CAT   2   2   1 | Arg CGT   0   0   0
    CTC   3   2   3 |     CCC   3   2   3 |     CAC   2   1   1 |     CGC   0   1   0
    CTA   2   3   2 |     CCA   3   3   2 | Gln CAA   4   4   4 |     CGA   0   0   0
    CTG   5   4   7 |     CCG   0   0   0 |     CAG   1   1   1 |     CGG   0   0   0
--------------------------------------------------------------------------------------
Ile ATT  11   9  11 | Thr ACT   5   5   4 | Asn AAT   6   6   4 | Ser AGT   1   1   3
    ATC   5   6   5 |     ACC   2   2   3 |     AAC   6   6   6 |     AGC   1   1   1
    ATA   5   5   7 |     ACA   3   5   7 | Lys AAA   8   8   7 | Arg AGA   2   2   2
Met ATG   9   8   7 |     ACG   3   3   2 |     AAG   6   5   5 |     AGG   2   2   2
--------------------------------------------------------------------------------------
Val GTT   2   3   3 | Ala GCT   5   5   7 | Asp GAT   3   4   7 | Gly GGT   0   0   0
    GTC   3   2   3 |     GCC   6   6   5 |     GAC   4   3   1 |     GGC   2   2   2
    GTA   1   1   3 |     GCA   5   5   3 | Glu GAA   3   1   1 |     GGA   1   1   1
    GTG   4   5   5 |     GCG   0   0   0 |     GAG   3   4   5 |     GGG   3   3   3
--------------------------------------------------------------------------------------

Codon position x base (3x4) table for each sequence.

#1: Gavialis_gangeticus
position  1:    T:0.33333    C:0.11429    A:0.37619    G:0.17619
position  2:    T:0.38095    C:0.22857    A:0.26190    G:0.12857
position  3:    T:0.34762    C:0.22381    A:0.22381    G:0.20476
Average         T:0.35397    C:0.18889    A:0.28730    G:0.16984

#2: Chelonoidis_abingdonii
position  1:    T:0.28571    C:0.15238    A:0.34286    G:0.21905
position  2:    T:0.39524    C:0.20476    A:0.28571    G:0.11429
position  3:    T:0.29524    C:0.26667    A:0.22857    G:0.20952
Average         T:0.32540    C:0.20794    A:0.28571    G:0.18095

#3: Gopherus_evgoodei
position  1:    T:0.29048    C:0.14286    A:0.34762    G:0.21905
position  2:    T:0.39524    C:0.20476    A:0.28571    G:0.11429
position  3:    T:0.29048    C:0.26667    A:0.22857    G:0.21429
Average         T:0.32540    C:0.20476    A:0.28730    G:0.18254

#4: Mauremys_reevesii
position  1:    T:0.28571    C:0.14286    A:0.34762    G:0.22381
position  2:    T:0.39524    C:0.20476    A:0.28095    G:0.11905
position  3:    T:0.30000    C:0.26190    A:0.22857    G:0.20952
Average         T:0.32698    C:0.20317    A:0.28571    G:0.18413

#5: Chrysemys_picta
position  1:    T:0.29048    C:0.14762    A:0.34762    G:0.21429
position  2:    T:0.39048    C:0.20476    A:0.28571    G:0.11905
position  3:    T:0.29048    C:0.26667    A:0.21429    G:0.22857
Average         T:0.32381    C:0.20635    A:0.28254    G:0.18730

#6: Trachemys_scripta
position  1:    T:0.29048    C:0.14762    A:0.34762    G:0.21429
position  2:    T:0.39048    C:0.20476    A:0.28571    G:0.11905
position  3:    T:0.29524    C:0.26190    A:0.21905    G:0.22381
Average         T:0.32540    C:0.20476    A:0.28413    G:0.18571

#7: Terrapene_carolina
position  1:    T:0.28571    C:0.14286    A:0.35714    G:0.21429
position  2:    T:0.39048    C:0.20476    A:0.28571    G:0.11905
position  3:    T:0.29524    C:0.26667    A:0.21429    G:0.22381
Average         T:0.32381    C:0.20476    A:0.28571    G:0.18571

#8: Chelonia_mydas 
position  1:    T:0.29048    C:0.14286    A:0.35238    G:0.21429
position  2:    T:0.38571    C:0.21429    A:0.27619    G:0.12381
position  3:    T:0.30952    C:0.25714    A:0.21429    G:0.21905
Average         T:0.32857    C:0.20476    A:0.28095    G:0.18571

#9: Pelodiscus_sinensis
position  1:    T:0.27143    C:0.13333    A:0.36190    G:0.23333
position  2:    T:0.39524    C:0.20952    A:0.27143    G:0.12381
position  3:    T:0.33810    C:0.22857    A:0.21905    G:0.21429
Average         T:0.33492    C:0.19048    A:0.28413    G:0.19048

Sums of codon usage counts
------------------------------------------------------------------------------
Phe F TTT      87 | Ser S TCT      21 | Tyr Y TAT      46 | Cys C TGT      59
      TTC      56 |       TCC      17 |       TAC      71 |       TGC      27
Leu L TTA      45 |       TCA      35 | *** * TAA       0 | *** * TGA       0
      TTG      56 |       TCG       4 |       TAG       0 | Trp W TGG      27
------------------------------------------------------------------------------
Leu L CTT      39 | Pro P CCT       5 | His H CAT      18 | Arg R CGT       0
      CTC      25 |       CCC      22 |       CAC      14 |       CGC       1
      CTA      17 |       CCA      23 | Gln Q CAA      34 |       CGA       0
      CTG      54 |       CCG       1 |       CAG      13 |       CGG       0
------------------------------------------------------------------------------
Ile I ATT      84 | Thr T ACT      42 | Asn N AAT      53 | Ser S AGT      17
      ATC      45 |       ACC      24 |       AAC      53 |       AGC      11
      ATA      51 |       ACA      42 | Lys K AAA      71 | Arg R AGA      13
Met M ATG      77 |       ACG      18 |       AAG      49 |       AGG      18
------------------------------------------------------------------------------
Val V GTT      29 | Ala A GCT      48 | Asp D GAT      31 | Gly G GGT       1
      GTC      23 |       GCC      50 |       GAC      27 |       GGC      17
      GTA      16 |       GCA      42 | Glu E GAA      19 |       GGA      10
      GTG      35 |       GCG       1 |       GAG      30 |       GGG      26
------------------------------------------------------------------------------


Codon position x base (3x4) table, overall

position  1:    T:0.29153    C:0.14074    A:0.35344    G:0.21429
position  2:    T:0.39101    C:0.20899    A:0.27989    G:0.12011
position  3:    T:0.30688    C:0.25556    A:0.22116    G:0.21640
Average         T:0.32981    C:0.20176    A:0.28483    G:0.18360

Codon frequencies under model, for use in evolver (TTT TTC TTA TTG ... GGG):
  0.03821433  0.02337818  0.03300328  0.02127332
  0.02337818  0.01430194  0.02019024  0.01301427
  0.03300328  0.02019024  0.00000000  0.00000000
  0.02127332  0.01301427  0.00000000  0.01184253
  0.02337818  0.01430194  0.02019024  0.01301427
  0.01430194  0.00874942  0.01235168  0.00796167
  0.02019024  0.01235168  0.01743703  0.01123960
  0.01301427  0.00796167  0.01123960  0.00724484
  0.03300328  0.02019024  0.02850284  0.01837242
  0.02019024  0.01235168  0.01743703  0.01123960
  0.02850284  0.01743703  0.02461609  0.01586709
  0.01837242  0.01123960  0.01586709  0.01022764
  0.02127332  0.01301427  0.01837242  0.01184253
  0.01301427  0.00796167  0.01123960  0.00724484
  0.01837242  0.01123960  0.01586709  0.01022764
  0.01184253  0.00724484  0.01022764  0.00659255



Nei & Gojobori 1986. dN/dS (dN, dS)
(Note: This matrix is not used in later ML. analysis.
Use runmode = -2 for ML pairwise comparison.)

Gavialis_gangeticus 
Chelonoidis_abingdonii 0.3577 (0.3547 0.9915)
Gopherus_evgoodei    0.3647 (0.3621 0.9929) 0.3642 (0.0175 0.0481)
Mauremys_reevesii    0.3687 (0.3581 0.9711) 0.5319 (0.0175 0.0330) 0.2293 (0.0102 0.0447)
Chrysemys_picta      0.3213 (0.3566 1.1098) 0.2749 (0.0144 0.0523) 0.2672 (0.0237 0.0888) 0.3272 (0.0237 0.0725)
Trachemys_scripta    0.3403 (0.3566 1.0479) 0.2116 (0.0144 0.0680) 0.2445 (0.0237 0.0970) 0.2944 (0.0237 0.0806)-1.0000 (0.0000 0.0148)
Terrapene_carolina   0.3347 (0.3502 1.0462) 0.3891 (0.0144 0.0370) 0.3272 (0.0237 0.0725) 0.4191 (0.0237 0.0566) 0.5510 (0.0082 0.0148) 0.2728 (0.0082 0.0299)
Chelonia_mydas       0.3294 (0.3480 1.0566) 0.1462 (0.0175 0.1200) 0.1681 (0.0269 0.1602) 0.2151 (0.0269 0.1252) 0.1179 (0.0154 0.1306) 0.1040 (0.0154 0.1480) 0.1505 (0.0164 0.1092)
Pelodiscus_sinensis  0.3543 (0.3465 0.9780) 0.2347 (0.0684 0.2916) 0.2475 (0.0814 0.3289) 0.2674 (0.0792 0.2960) 0.2407 (0.0794 0.3297) 0.2252 (0.0794 0.3525) 0.2516 (0.0760 0.3020) 0.2382 (0.0751 0.3151)


TREE #  1:  (1, 9, ((((6, 5), 7), (4, (3, 2))), 8));   MP score: 236
check convergence..
lnL(ntime: 15  np: 17):  -2032.669984      +0.000000
  10..1    10..9    10..11   11..12   12..13   13..14   14..6    14..5    13..7    12..15   15..4    15..16   16..3    16..2    11..8  
 1.399122 0.154108 0.183267 0.026730 0.015822 0.019248 0.009586 0.000004 0.009601 0.021150 0.044989 0.000004 0.054760 0.017581 0.058019 1.898859 0.334180

Note: Branch length is defined as number of nucleotide substitutions per codon (not per neucleotide site).

tree length =   2.01399

(1: 1.399122, 9: 0.154108, ((((6: 0.009586, 5: 0.000004): 0.019248, 7: 0.009601): 0.015822, (4: 0.044989, (3: 0.054760, 2: 0.017581): 0.000004): 0.021150): 0.026730, 8: 0.058019): 0.183267);

(Gavialis_gangeticus: 1.399122, Pelodiscus_sinensis: 0.154108, ((((Trachemys_scripta: 0.009586, Chrysemys_picta: 0.000004): 0.019248, Terrapene_carolina: 0.009601): 0.015822, (Mauremys_reevesii: 0.044989, (Gopherus_evgoodei: 0.054760, Chelonoidis_abingdonii: 0.017581): 0.000004): 0.021150): 0.026730, Chelonia_mydas: 0.058019): 0.183267);

Detailed output identifying parameters

kappa (ts/tv) =  1.89886

omega (dN/dS) =  0.33418

dN & dS for each branch

 branch          t       N       S   dN/dS      dN      dS  N*dN  S*dS

  10..1      1.399   472.0   158.0  0.3342  0.3110  0.9305 146.8 147.1
  10..9      0.154   472.0   158.0  0.3342  0.0343  0.1025  16.2  16.2
  10..11     0.183   472.0   158.0  0.3342  0.0407  0.1219  19.2  19.3
  11..12     0.027   472.0   158.0  0.3342  0.0059  0.0178   2.8   2.8
  12..13     0.016   472.0   158.0  0.3342  0.0035  0.0105   1.7   1.7
  13..14     0.019   472.0   158.0  0.3342  0.0043  0.0128   2.0   2.0
  14..6      0.010   472.0   158.0  0.3342  0.0021  0.0064   1.0   1.0
  14..5      0.000   472.0   158.0  0.3342  0.0000  0.0000   0.0   0.0
  13..7      0.010   472.0   158.0  0.3342  0.0021  0.0064   1.0   1.0
  12..15     0.021   472.0   158.0  0.3342  0.0047  0.0141   2.2   2.2
  15..4      0.045   472.0   158.0  0.3342  0.0100  0.0299   4.7   4.7
  15..16     0.000   472.0   158.0  0.3342  0.0000  0.0000   0.0   0.0
  16..3      0.055   472.0   158.0  0.3342  0.0122  0.0364   5.7   5.8
  16..2      0.018   472.0   158.0  0.3342  0.0039  0.0117   1.8   1.8
  11..8      0.058   472.0   158.0  0.3342  0.0129  0.0386   6.1   6.1

tree length for dN:       0.4476
tree length for dS:       1.3394


Time used:  2:07
