
Before deleting alignment gaps
      8   1044

Manacus_vitellinus              ATG GCA ACT ACA GAG GCT GCT AAC TTC TAT TAT AAC TTC TCC ATC ACT GGT CCC AGT AAA AAC AGA AGT GAG AAT TTT CAT NNN TTT ACA AGA GTC TTC CTG CTC TGT ATG TAT TCA GTT GTT TTC ATC TTT GGC CTA GTA GAA AAT GCA CTG GTC TTT GCC ATA CTA GTT TTC CAA GTG AAA CTG AAG ATG CTG ACA GAC ATG TTT TTG GTG AAC TTG GCT ATA GCT GAC AGG TCT TCC TTT NNN ATG CTG CCA CTC NNN GGA TAT TCT GTT GCT CAG GAG CGG ACT TTA GGC ACC ATG ACA TGT --- --- --- --- --- --- --- --- --- --- NNN TAC ACT TCA ATG TTA ACT CTA ATG TCT ATC ACC TTT GAC NNN CTT ATT GCT ATC ACT TTT GCC ACC GAA ACA CAT ATG TGT CAA ACC AAA CAA CAA ATG ACA CAG GGC AAA NNN ATT CTG TGT CTT ATC TCA GTG ATC ATG CTA GCA TTT GCC ACA CCA NNN TTT --- TTT AGT GAG GTG TTT AAT ATT GAT AAG GCA TTA TGT CAG GAA GAA NNN CCA AAC CAT CAC ACA GAA TTG GCT CTT GAA GTG ATC CAA GTG ACT CTT GCG TAT TGC ATT CCT ATG CTA GCC ATC ATC ATT GGT TAC TCA CTA ATT ATT AGA ACT TTA CTG CAT GCC AGA ATT CTT CAA AAG AAC AAA TCT ATA NNN AAA GTA TTT CCT ATA GTT GTC CCG TTT ATC CCC TCT CAG TTA CCC TAT ACT TTC TTG AGA CTG ATA ATT AAC ATA GAC TGG AGC TTT AAC TTG AAT AGC AGT TTT GAA TAT GCA ATT ATC ATA ACA GGA ACT CTT GCT TAT TTC CAT GGC TGT CTT AAT NNN CCT GTT CTG CAT TTC TTC ATG GGG ATG ATA ATC AGA AGG TAC TTA CAG GAA ATT ATT AAA ATC TCA AGA TGT ATC CAA CAA CAA GTT ATG GCT AAA CAG TGG CAA ACC ACT GAA CAG GAA GAC TCT CAA CCT --- ACT GCT TCA AAT AAT GCA GAT GCC AAA AGC NNN ACA AAA ACT GCC 
Aquila_chrysaetos               ATG GCA ACT ACA GAT GCT GCC AAC TTT TAT TAT AAC TTC TCC ATC ATT GAT CCC AAC GAA AAT GGA AGT GAG AAT TTT CAC ACA TTT ACA AGA GTC TTC CTG CCC TGT ATG TAT TCG GCT GTT TTC ATC CTT GGG CTA GCA GGA AAT GCA CTT GTC TTT GTC ATA CTA GCT TTC TAT GAG AAA CAG AAG ATG CTA ACA GAT ATA TTT TTG CTG AAC TTG GCT ATA GCT GAC TGG GTC TTC CTT TGG ACG CTG CCA TTC TGG GCA TAT TCT GCT GCT CAG GAG TGG ACT TTT GGC ACC ATG GCA TGT CGT ATT ATA CGA GGC TTG TAT ACT CTG AAC TTT TAC ACT TCA ATG CTA ACT CTA ACA TCT ATC ACC TTT GAC CGG CTT ATT GCT ATT ACT TTT GCG ACC AAA GCA CGT ATG TGT CAA ACC AAA --- CGA ATG ACA TGG GGC AAA TTA ATC TGT GTC TTG ATC TGG GTG ATC TCA CTA GCA TTT GCT GCA CCA CAG TTT ATT TTT AGT GAG GTG TTT AGT ATT GAT AAG ACA ATA TGC CAG GAA GAA TAC CCA AAC CAT CAC ACA GAA ATG GTT CTT GAA GTG ATC CAA GTG ACC CTT GGC TAT TTT ATT CCC ATG CTA GCC ATG ATC ATC TGC TAC TCA CTA ATT ATT AGA ACC TTA CTG CAT GCC AGG AGT TTT CAA AAG AAC AAA TCT CTA AAG AAA ATA TTT TCT GTA GTT GCT ATA TTT ATT CTT ACT CAG TCA CCC TAC ACT TTC TTG AGA CTG ATA AAG ATC ATA GAC TGG AGC TTT AAC CTG AAC AGC AGC TTT GAA TAT GCA ATC ATT ATA ACA GAA GCT CTT GCT TAT TTC CAC GGC TGT CTT AAT --- CCT GTT CTG TAT TTC TTC ATG GGG GTG AAA TTC AGG AGG AAC TTA CAG AAA ATT ATT AAA AAT TCA AGA TGC GTC AAA CGG CAA ATT ATA GCT AAA CAG CGG CAA ACC ACT GAA GAA GAA GGC TCT AAA ACT TTT ACT GCC TCA AAT AAT GCA GAT GCA ACA AGC ATG TAC CAG CTA --- 
Haliaeetus_leucocephalus        ATG GCA ACT ACA GAT ACT GCC AAC TTT TAT TAT AAC TTC TCC ATC ATT GAT CCC AAC GAA AAT GGA AGT GAG AAT TTT CAT ACA TTT ACA AGA GTC TTC CTG CCC TGT ATG TAT TCG GCT GTT TTC ATC CTT GGG CTA GCA GGA AAT GCA CTT GTC TTT GTC ATA CTA GCT TTC TAT GAG AAA CGG AAG ATG CTG ACA GAT ATA TTT TTG CTG AAC TTG GCC ATA GCT GAC TGG GTC TTC CTT TGG ACA CTG CCA TTC TGG GCA TAT TCT GCT GCT CAG GAG TGG ACT TTT GGC ACC GTG GCA TGT CGT ATT ATA CGA GGC TTG TAT ACT CTG AAC TTG TAC ACT TCA ATG CTA ACT CTA ACG TCT ATC ACC TTT GAC CGG CTT ATT GCT ATT ACT TTT GCA ACC AAA GCA CGT ATG TGT CAA ACC AAA --- CGA ATG ACA TGG GGC AAA TTA ATC TGT GTC TTG ATC TGG GTG ATC TCA CTA GCA TTT GCT GCA CCA CAG TTT ATT TTT AGT GAG GTG TTT AGT ATT GAT AAG ACA ATA TGC CAG GAA GAA TAC CCA AAC CAT CAC ACA GAA ATG GTT CTT GAA GTG ATC CAA GTG ACC CTT GGC TAT TTT ATT CCC ATG CTA GCC ATG ATC ATC TGC TAC TCA CTA ATT ATT AGA ACC TTA CTG CAT GCC AGG AGT TTT CAA AAG AAC AAA TCT CTA AAG AAA ATA TTT TCT GTA GTT GCC ATA TTT ATT CTT ACT CAG TCA CCC TAC ACT TTC TTG AGA CTG ATA AAG ATC ATA GAC TGG AGC TTT AAC CTG AAC AGC AGC TTT GAA TAT GCA ATC ATT ATA ACA GAA GCT CTT GCT TAT TTC CAC GGC TGT CTT AAT --- CCT GTT CTG TAT TTC TTC ATG GGG GTG AAA TTC AGG AGG AAC TTA CAG AAA ATT ATT AAA AAT TCA AGA TGC GTC AAA CGG CAA GTT ATG GTT AAA CAG TGG CAA ACC ACT GAA GAA GAA GGC TCT AAA ACT TTT ACT GCC TCC AAT AAT GCA GAT GCA ACA AGC ATG TAC CAG CTA --- 
Tyto_alba                       ATG GCA AAT ACA GAT GCT GCC AAC TTT TAT TAT AAC TTC TCC ATC ATT GAT CCC AAT GAA AAT GGA AGT GAG AAT TTT CAC ACA TTT ACA ACA ATC TTC CTG CCC TGC ATG TAC TCG GCT GTT TTC ATC CTT GGG CTA GCA GGA AAT GCC CTG GTC TTT GTC ATA CTA GTT TTC TAT GAG AAA CTG AAG ATG CTG ACA GAT ATA TTT TTG CTG AAC TTG GCT ATA GCT GAC TGG GTC TTC CTT TGG ACG CTG CCA TTC TGG GCA TAT TCT GCA GCT CAG GAG TGG ACT TTT GGC ACC GTG GCA TGT CGT ATT ATA CGG GGC TTG TAT ACT CTG AAC TTG TAC ACT TCA ATG TTA ACT CTA ACA TCT ATC ACC TTT GAT CGG CTT ATT GCT ATT ACT TTT GCC ACC AAA GCA CAT ATG TGT CAA ACC AAA --- CGA ATG ATA TGG GGC AAA TTA ATC TGT GTC TTG ATC TGG GTT ATA TCA CTA GCA TTT GCC ACA CCG CAG TTT ATT TTT AGT GAG GTG TTT AGT ATT GAT AAG GCA ATA TGT CAG GAA GAA TAC TCA AAC CAT CAC ACA GAA CTG GTT CTT GAA GTG ATC CAA GTG ACC CTT GGC TAT TTT ATT CCC ATG CTA GCC ATG ATC ATC TGC TAC TCA CTA ATT ATT AGA ACC TTA CTG CAT GCC AGG AGT TTT CAA AAG AAC AAA TCT CTG AAA AAA ATA TTT TCT GTA GTT GTT ATA TTT ATT CTT ACT CAG TCA CCC TAT ACT TTC TTG AGA CTA ATA AAG ATC ATA GAC TGG AGC TTT AAC TTG AAC AGC AGC TTT GAA TAC GCA ATC ATT GTA ACA GAA GCT CTA GCT TAT TTC CAT GGC TGT CTT AAC --- CCT GTT CTG TAT TTC TTC ATG GGG GTG AAA TTC AGG AGG AAC TTA CAG AAA ATA ATT AAA AAC TCA AGA TGC ATC AAA CGG CAA GTT GCA GCT AAA CCA TGG CAA ACC ACC GAA GAG GAA GGC TCT AAA ACT TTT TCT GCC TCA AAT AAT GCA GAT GCA ACA AGC ATG TAC CCG CTA --- 
Colius_striatus                 ATG GCA ACG ACA GAC GCA GAT AAC TTT TAT TAT AAC TTC TCC ATC GTT GAT CCA GAC GAA AAT GGA AGT GAG AAT TTT CAC ACG TTT ACA AGA GTC TTC CTG CCC TGT ACC TAC TCG GTT GTT TTC ATC CTG GGG CTA GCA GGA AAC ACA CTG GTC TTT GTC ATA CTG GTT TTC TAT GAG AAG CTG AAG ATG CTG ACA GAT ATA TTT TTG CTG AAC TTG GCT GTA GCT GAC TGG GTC TTC CTT TGG ACG CTG CCA TTC TGG GCG CAT TCG GCC GCT CAG GAG TGG GCT TTC GGC ACG GTG GCG TGT CGT GTC ATA CGG GGC TTG TAT ACG CTG AAC TTG TAC ACT TCC ATG TTA ACC CTG ACA TCT ATC ACC TTT GAC AGG CTT GTT GCT ATT ACT TTT GCC ACC AAA GCA CAC ATG TGT CAA ACC AAA --- CGA ACG ACG TGG GGC AAG GCA GTG TGT GTC TTG ATC TGG GTG ATC TCA CTA GGC TTT GCC ACA CCA CAG TTT ATT TTT AGT GAG GTG GTT AGC ATT GAT AAG GCG ATA TGT CAC GAA AAA TAC CCA AAC CAC GGC ACA GAA CTG GTT CTT GAA GTG ATC CAA GTG ACA CTT GGC TAT TTT ATT CCC ATG CTA GCC ATG ATC ATC TGC TAC TCA CTA ATT GTT AGA ACC TTA CTG CAC GCC AGG AAT TTC CAA AAG AAG AAA TCT CTC AAG AAA ATA TTT TCT GTA GTT GCC ATA TTT ATT CTG ACT CAG TCA CCT TAT ACT TTC CTG AGA CTC ATA AAG ATC ATA GAC TGG AGC TTT AAC TTG AAC AGC AGC TTT GAA TAT GCA ATC ATC GTA ACA GAA GCT CTC GCT TAC CTC CAC GGC TGT CTC AAC --- CCT ATC CTG TAT TTC TTC ATG GGG GTC AAA TTC AGG AGG AAC TTA AGG AAA ATT ATT AAG AGT TTA AGA TGC ATC AAA GGG AGA GTT ACA GCG AAG CAC TGG CAA ACC ACT GAA GAG GAA GGC TCT AAA ACA TTT ACT GCC TCC AAT AAC GCA GAT GCC ACA AGC ATG GAT CCG CTA --- 
Falco_peregrinus                ATG GCA ACT ACA GAT GCT GTT AAC TTT TAT TAT AAC TTC TCC ATC AAT GAT CCC AAT GAA AAC GGA AGT GAG AAT CTT CAC AGA TTT ACA AAT GTC TTC CTG CCC TGT ATG TAT TCA GCT GTT TTC ATC CTT GGG CTA GCA GGA AAT ACA CTG GTC TTT GTC ATA CTA GTT TTC TAC GAG AAA CTG AAG GTG CTG ACA GAT ATA TTT TTG CTG AAC TTG GCT ATA GCT GAC TGG GTC TTC CTT TGG ACG CTG CCA TTC TGG GCA TAT TCT GGT GTT CAG GAG TGG ACT TTT GGC ACT GTG GCA TGT CGT GTT ATA CGG GGC TTG TAT ACT CTG AAC TTG TAC ACT TCG ATG TTA ACT CTA ACG TCT ATC ACC TTT GAC CGG CTT ATT GCT ATT ACT TTT GCC ACA AAA GCA CAT GTG TGT CAA ACC AAA --- CGA ATG ACA TGG GGC AAA CTG ATC TGT GTC TTG ATC TGG GCG ATC TCA CTA GCA TTT GCT GCA CCA CAG TTT ATT TTT AGT GAG GTG TTT AGT ATT GAT AAG GCA ATA TGT CAG GAA GAA TAC CCA AAC TAT CGC ACA GAA CTA GTT CTT GAA GTG ATC CAA GTG ACC CTT GGC TAT TTT ATT CCC ATG CTA GCC ATG GTC ATC TGC TAC TCA CTA ATC ATT AGA ACC TTA CTG CAT GCC AGG AGT TTT CAA AAG AAC AAA TCT CTA AAA AAA ATA TTT TCT GTA GTT GCC ATA TTT ATT CTT ACT CAG TCA CCC TAT ACT TTC TTG AGA CTG TTA AAG ATC ATA GAT TGG AGC TTT AAC TTG AAC AGC AAC TTT GAA TAT GCA ATC ATC ATA ACA GAA GCT CTT GCT TAT TTC CAT GGC TGT CTT AAC --- CCT GTT CTG TAT TTC TTC ATG GGG GTG AAA TTC AGG AGG AAC TTA CGG AAA ATT ATT AAA AAC TCA AGA TGC ACT AAA TGG CAA GTT ACA GCT AAA CAG TGG CAA ACC ACA GAA GAG GAA GGC TCT AAA ACT TTT ACT GCC TCA AAT AAT GCA GAT GCA ACA AGC ATG TAC CCG CTA --- 
Falco_tinnunculus               ATG GCA ACT ACA GAT GCT GTT AAC TTT TAT TAT AAC TTC TCC ATC AAT GAT CCC AAT GAA AAT GGA AGT GAG AAT CTT CAC AGA TTT ACA AAT GTC TTC CTG CCC TGT ATG TAT TCA GCT GTT TTC ATC CTT GGG CTA GCA GGA AAT ACA CTG GTC TTT GTC ATA CTA GTT TTC TAC GAG AAA CTG AAG GTG CTG ACA GAT ATA TTT TTG CTG AAC TTG GCT ATA GCT GAC TGG GTC TTC CTT TGG ACG CTG CCA TTC TGG GCA TAT TCT GCT GTT CAG GAG TGG ACT TTT GGC ACT GTG GCA TGT CGT GTT ATA CGG GGC TTG TAT ACT CTG AAC TTG TAC ACT TCA ATG TTA ACT CTA ACG TCT ATC ACC TTT GAC CGG CTT ATT GCT ATT ACT TTT GCC ACA AAA GCA CAT GTG TGT CAA ACC AAA --- CGA ATG ACA TGG GGC AAA CTG ATC TGT GTC TTG ATC TGG GCG ATC TCA CTA GCA TTT GCT GCA CCA CAG TTT ATT TTT AGT GAG GTG TTT AGT ATT GAT AAG GCA ATA TGT CAG GAA GAA TAC CCA AAC TAT CGC ACA GAA CTA GTT CTT GAA GTG ATC CAA GTG ACC CTT GGC TAT TTT ATT CCC ATG CTA GCC ATG GTC ATC TGC TAC TCA CTA ATC ATT AGA ACC TTA CTG CAT GCC AGG AGT TTT CAA AAG AAC AAA TCT CTA AAA AAA ATA TTT TCT GTA GTT GCC ATA TTT ATT CTT ACT CAG TCA CCC TAT ACT TTC TTG AGA CTG TTA AAG ATC ATA GAC TGG AGC TTT AAC TTG AAC AGC AAC TTT GAA TAT GCA ATC ATC ATA ACA GAA GCT CTT GCT TAT TTC CAT GGC TGT CTT AAC --- CCT GTT CTG TAT TTC TTC ATG GGG GTG AAA TTC AGG AGG AAC TTA CGG AAA ATT GTT AAA AAC TCA AGA TGC ATT AAA TGG CAA GTT ACA GCT AAA CAG TGG CAA ACC ACA GAA GAG GAA GGC TCT AAA ACA TTT ACT GCC TCA AAT AAT GCA GAT GCA ACA AGC ATG TAC CCA CTA --- 
Leptosomus_discolor             ATG GCA ACT TCA GAT GCC ACT AAC TTT TAT TAT AAC TTC TCC ATC ATT GAT CCC AAC GAA AAC AGA AGC GAC AAT TTT CAC ACA TTT ACA AAA GTC TTC CTG CCC TGT ATG TAT TTG ACT GTT TTC ATC CTT GGG CTA GCA GGA AAT GCG CTG GTC TTT GTC ATA CTA GTT TTC TAC GAG AAA CTG AAG ATG CTG ACA GAT ATA TTT TTG CTG AAC TTG GCT ACA GCT GAC TGG GTC TTC CTT TGG ACA CTT CCA TTC TGG GCA TAT TCT GCT GCT CAG GAG TGG ACT TTT GGC ACT GTG GCA TGT CGT ATT ATA CGG GGC TTG TAT ACT CTA AAC TTG TAC ACT TCA ATG TTA ACT CTA ACG TCT ATC ACC TTT GAC CGG CTT ATT GCT ATT ACT TTT GCC ACC AAA GCA CGT ATG TGT CAA ACC AAA --- CGA ATG ACA TGG GGC AAA TTA ATC TGT GTC TTG ATC TGG GTG ATC TCA CTA GCA TTT GCT GCA CCA CAG TTT ATT TTT AGT GAG GTG TTC AGT ATT GAT AAG GCA ATA TGT GAG GAA GAA TAC CCA AGC CAT CGC ACA GAA CTG GTT CTT GAG GTG ATT CAA GTG ACC CTT GGC TAT TTT ATT CCC ATG CTA GCC ATG ATC ATC TGC TAC TCA CTA ATT ATT AGA ACC TTA CTG CAC GCC AGG AGT TTT CAA AAG AAC AAA TCT CTG AAA AAG ATA TTT TCT GTA GTT GCC GTA TTT ATT CTT ACT CAG TCA CCC TAT ACT TTC TTG AGA CTG ATA AAG ATC ATA GAT TGG AGC TTT AAC TTG AAC AGC AGC TTT GAA TAT GCA ATC ATC GTA ACA GAA GCT CTT GCT TAT TTC CAT GGC TGT CTT AAC --- CCT GTT CTG TAT TTC TTC ATG GGG GTG AAA TTC AGG AGG AAC CTC CAG AAA ATT ATT AAA AAC TCA AGA TGC GTC AAA TGG CAA GTT ACG GCT AAA CAG TGG CAA CCA ACT GAA GAG GAA GGC TCT AAA ACT TTC ACT GCC TCA AAT AAT GCA GAT GCA ACA AGC ATG TAC CCA CTA --- 



After deleting gaps. 969 sites
      8    969

Manacus_vitellinus              ATG GCA ACT ACA GAG GCT GCT AAC TTC TAT TAT AAC TTC TCC ATC ACT GGT CCC AGT AAA AAC AGA AGT GAG AAT TTT CAT TTT ACA AGA GTC TTC CTG CTC TGT ATG TAT TCA GTT GTT TTC ATC TTT GGC CTA GTA GAA AAT GCA CTG GTC TTT GCC ATA CTA GTT TTC CAA GTG AAA CTG AAG ATG CTG ACA GAC ATG TTT TTG GTG AAC TTG GCT ATA GCT GAC AGG TCT TCC TTT ATG CTG CCA CTC GGA TAT TCT GTT GCT CAG GAG CGG ACT TTA GGC ACC ATG ACA TGT TAC ACT TCA ATG TTA ACT CTA ATG TCT ATC ACC TTT GAC CTT ATT GCT ATC ACT TTT GCC ACC GAA ACA CAT ATG TGT CAA ACC AAA CAA ATG ACA CAG GGC AAA ATT CTG TGT CTT ATC TCA GTG ATC ATG CTA GCA TTT GCC ACA CCA TTT TTT AGT GAG GTG TTT AAT ATT GAT AAG GCA TTA TGT CAG GAA GAA CCA AAC CAT CAC ACA GAA TTG GCT CTT GAA GTG ATC CAA GTG ACT CTT GCG TAT TGC ATT CCT ATG CTA GCC ATC ATC ATT GGT TAC TCA CTA ATT ATT AGA ACT TTA CTG CAT GCC AGA ATT CTT CAA AAG AAC AAA TCT ATA AAA GTA TTT CCT ATA GTT GTC CCG TTT ATC CCC TCT CAG TTA CCC TAT ACT TTC TTG AGA CTG ATA ATT AAC ATA GAC TGG AGC TTT AAC TTG AAT AGC AGT TTT GAA TAT GCA ATT ATC ATA ACA GGA ACT CTT GCT TAT TTC CAT GGC TGT CTT AAT CCT GTT CTG CAT TTC TTC ATG GGG ATG ATA ATC AGA AGG TAC TTA CAG GAA ATT ATT AAA ATC TCA AGA TGT ATC CAA CAA CAA GTT ATG GCT AAA CAG TGG CAA ACC ACT GAA CAG GAA GAC TCT CAA CCT ACT GCT TCA AAT AAT GCA GAT GCC AAA AGC ACA AAA ACT 
Aquila_chrysaetos               ATG GCA ACT ACA GAT GCT GCC AAC TTT TAT TAT AAC TTC TCC ATC ATT GAT CCC AAC GAA AAT GGA AGT GAG AAT TTT CAC TTT ACA AGA GTC TTC CTG CCC TGT ATG TAT TCG GCT GTT TTC ATC CTT GGG CTA GCA GGA AAT GCA CTT GTC TTT GTC ATA CTA GCT TTC TAT GAG AAA CAG AAG ATG CTA ACA GAT ATA TTT TTG CTG AAC TTG GCT ATA GCT GAC TGG GTC TTC CTT ACG CTG CCA TTC GCA TAT TCT GCT GCT CAG GAG TGG ACT TTT GGC ACC ATG GCA TGT TAC ACT TCA ATG CTA ACT CTA ACA TCT ATC ACC TTT GAC CTT ATT GCT ATT ACT TTT GCG ACC AAA GCA CGT ATG TGT CAA ACC AAA CGA ATG ACA TGG GGC AAA ATC TGT GTC TTG ATC TGG GTG ATC TCA CTA GCA TTT GCT GCA CCA TTT TTT AGT GAG GTG TTT AGT ATT GAT AAG ACA ATA TGC CAG GAA GAA CCA AAC CAT CAC ACA GAA ATG GTT CTT GAA GTG ATC CAA GTG ACC CTT GGC TAT TTT ATT CCC ATG CTA GCC ATG ATC ATC TGC TAC TCA CTA ATT ATT AGA ACC TTA CTG CAT GCC AGG AGT TTT CAA AAG AAC AAA TCT CTA AAA ATA TTT TCT GTA GTT GCT ATA TTT ATT CTT ACT CAG TCA CCC TAC ACT TTC TTG AGA CTG ATA AAG ATC ATA GAC TGG AGC TTT AAC CTG AAC AGC AGC TTT GAA TAT GCA ATC ATT ATA ACA GAA GCT CTT GCT TAT TTC CAC GGC TGT CTT AAT CCT GTT CTG TAT TTC TTC ATG GGG GTG AAA TTC AGG AGG AAC TTA CAG AAA ATT ATT AAA AAT TCA AGA TGC GTC AAA CGG CAA ATT ATA GCT AAA CAG CGG CAA ACC ACT GAA GAA GAA GGC TCT AAA ACT ACT GCC TCA AAT AAT GCA GAT GCA ACA AGC TAC CAG CTA 
Haliaeetus_leucocephalus        ATG GCA ACT ACA GAT ACT GCC AAC TTT TAT TAT AAC TTC TCC ATC ATT GAT CCC AAC GAA AAT GGA AGT GAG AAT TTT CAT TTT ACA AGA GTC TTC CTG CCC TGT ATG TAT TCG GCT GTT TTC ATC CTT GGG CTA GCA GGA AAT GCA CTT GTC TTT GTC ATA CTA GCT TTC TAT GAG AAA CGG AAG ATG CTG ACA GAT ATA TTT TTG CTG AAC TTG GCC ATA GCT GAC TGG GTC TTC CTT ACA CTG CCA TTC GCA TAT TCT GCT GCT CAG GAG TGG ACT TTT GGC ACC GTG GCA TGT TAC ACT TCA ATG CTA ACT CTA ACG TCT ATC ACC TTT GAC CTT ATT GCT ATT ACT TTT GCA ACC AAA GCA CGT ATG TGT CAA ACC AAA CGA ATG ACA TGG GGC AAA ATC TGT GTC TTG ATC TGG GTG ATC TCA CTA GCA TTT GCT GCA CCA TTT TTT AGT GAG GTG TTT AGT ATT GAT AAG ACA ATA TGC CAG GAA GAA CCA AAC CAT CAC ACA GAA ATG GTT CTT GAA GTG ATC CAA GTG ACC CTT GGC TAT TTT ATT CCC ATG CTA GCC ATG ATC ATC TGC TAC TCA CTA ATT ATT AGA ACC TTA CTG CAT GCC AGG AGT TTT CAA AAG AAC AAA TCT CTA AAA ATA TTT TCT GTA GTT GCC ATA TTT ATT CTT ACT CAG TCA CCC TAC ACT TTC TTG AGA CTG ATA AAG ATC ATA GAC TGG AGC TTT AAC CTG AAC AGC AGC TTT GAA TAT GCA ATC ATT ATA ACA GAA GCT CTT GCT TAT TTC CAC GGC TGT CTT AAT CCT GTT CTG TAT TTC TTC ATG GGG GTG AAA TTC AGG AGG AAC TTA CAG AAA ATT ATT AAA AAT TCA AGA TGC GTC AAA CGG CAA GTT ATG GTT AAA CAG TGG CAA ACC ACT GAA GAA GAA GGC TCT AAA ACT ACT GCC TCC AAT AAT GCA GAT GCA ACA AGC TAC CAG CTA 
Tyto_alba                       ATG GCA AAT ACA GAT GCT GCC AAC TTT TAT TAT AAC TTC TCC ATC ATT GAT CCC AAT GAA AAT GGA AGT GAG AAT TTT CAC TTT ACA ACA ATC TTC CTG CCC TGC ATG TAC TCG GCT GTT TTC ATC CTT GGG CTA GCA GGA AAT GCC CTG GTC TTT GTC ATA CTA GTT TTC TAT GAG AAA CTG AAG ATG CTG ACA GAT ATA TTT TTG CTG AAC TTG GCT ATA GCT GAC TGG GTC TTC CTT ACG CTG CCA TTC GCA TAT TCT GCA GCT CAG GAG TGG ACT TTT GGC ACC GTG GCA TGT TAC ACT TCA ATG TTA ACT CTA ACA TCT ATC ACC TTT GAT CTT ATT GCT ATT ACT TTT GCC ACC AAA GCA CAT ATG TGT CAA ACC AAA CGA ATG ATA TGG GGC AAA ATC TGT GTC TTG ATC TGG GTT ATA TCA CTA GCA TTT GCC ACA CCG TTT TTT AGT GAG GTG TTT AGT ATT GAT AAG GCA ATA TGT CAG GAA GAA TCA AAC CAT CAC ACA GAA CTG GTT CTT GAA GTG ATC CAA GTG ACC CTT GGC TAT TTT ATT CCC ATG CTA GCC ATG ATC ATC TGC TAC TCA CTA ATT ATT AGA ACC TTA CTG CAT GCC AGG AGT TTT CAA AAG AAC AAA TCT CTG AAA ATA TTT TCT GTA GTT GTT ATA TTT ATT CTT ACT CAG TCA CCC TAT ACT TTC TTG AGA CTA ATA AAG ATC ATA GAC TGG AGC TTT AAC TTG AAC AGC AGC TTT GAA TAC GCA ATC ATT GTA ACA GAA GCT CTA GCT TAT TTC CAT GGC TGT CTT AAC CCT GTT CTG TAT TTC TTC ATG GGG GTG AAA TTC AGG AGG AAC TTA CAG AAA ATA ATT AAA AAC TCA AGA TGC ATC AAA CGG CAA GTT GCA GCT AAA CCA TGG CAA ACC ACC GAA GAG GAA GGC TCT AAA ACT TCT GCC TCA AAT AAT GCA GAT GCA ACA AGC TAC CCG CTA 
Colius_striatus                 ATG GCA ACG ACA GAC GCA GAT AAC TTT TAT TAT AAC TTC TCC ATC GTT GAT CCA GAC GAA AAT GGA AGT GAG AAT TTT CAC TTT ACA AGA GTC TTC CTG CCC TGT ACC TAC TCG GTT GTT TTC ATC CTG GGG CTA GCA GGA AAC ACA CTG GTC TTT GTC ATA CTG GTT TTC TAT GAG AAG CTG AAG ATG CTG ACA GAT ATA TTT TTG CTG AAC TTG GCT GTA GCT GAC TGG GTC TTC CTT ACG CTG CCA TTC GCG CAT TCG GCC GCT CAG GAG TGG GCT TTC GGC ACG GTG GCG TGT TAC ACT TCC ATG TTA ACC CTG ACA TCT ATC ACC TTT GAC CTT GTT GCT ATT ACT TTT GCC ACC AAA GCA CAC ATG TGT CAA ACC AAA CGA ACG ACG TGG GGC AAG GTG TGT GTC TTG ATC TGG GTG ATC TCA CTA GGC TTT GCC ACA CCA TTT TTT AGT GAG GTG GTT AGC ATT GAT AAG GCG ATA TGT CAC GAA AAA CCA AAC CAC GGC ACA GAA CTG GTT CTT GAA GTG ATC CAA GTG ACA CTT GGC TAT TTT ATT CCC ATG CTA GCC ATG ATC ATC TGC TAC TCA CTA ATT GTT AGA ACC TTA CTG CAC GCC AGG AAT TTC CAA AAG AAG AAA TCT CTC AAA ATA TTT TCT GTA GTT GCC ATA TTT ATT CTG ACT CAG TCA CCT TAT ACT TTC CTG AGA CTC ATA AAG ATC ATA GAC TGG AGC TTT AAC TTG AAC AGC AGC TTT GAA TAT GCA ATC ATC GTA ACA GAA GCT CTC GCT TAC CTC CAC GGC TGT CTC AAC CCT ATC CTG TAT TTC TTC ATG GGG GTC AAA TTC AGG AGG AAC TTA AGG AAA ATT ATT AAG AGT TTA AGA TGC ATC AAA GGG AGA GTT ACA GCG AAG CAC TGG CAA ACC ACT GAA GAG GAA GGC TCT AAA ACA ACT GCC TCC AAT AAC GCA GAT GCC ACA AGC GAT CCG CTA 
Falco_peregrinus                ATG GCA ACT ACA GAT GCT GTT AAC TTT TAT TAT AAC TTC TCC ATC AAT GAT CCC AAT GAA AAC GGA AGT GAG AAT CTT CAC TTT ACA AAT GTC TTC CTG CCC TGT ATG TAT TCA GCT GTT TTC ATC CTT GGG CTA GCA GGA AAT ACA CTG GTC TTT GTC ATA CTA GTT TTC TAC GAG AAA CTG AAG GTG CTG ACA GAT ATA TTT TTG CTG AAC TTG GCT ATA GCT GAC TGG GTC TTC CTT ACG CTG CCA TTC GCA TAT TCT GGT GTT CAG GAG TGG ACT TTT GGC ACT GTG GCA TGT TAC ACT TCG ATG TTA ACT CTA ACG TCT ATC ACC TTT GAC CTT ATT GCT ATT ACT TTT GCC ACA AAA GCA CAT GTG TGT CAA ACC AAA CGA ATG ACA TGG GGC AAA ATC TGT GTC TTG ATC TGG GCG ATC TCA CTA GCA TTT GCT GCA CCA TTT TTT AGT GAG GTG TTT AGT ATT GAT AAG GCA ATA TGT CAG GAA GAA CCA AAC TAT CGC ACA GAA CTA GTT CTT GAA GTG ATC CAA GTG ACC CTT GGC TAT TTT ATT CCC ATG CTA GCC ATG GTC ATC TGC TAC TCA CTA ATC ATT AGA ACC TTA CTG CAT GCC AGG AGT TTT CAA AAG AAC AAA TCT CTA AAA ATA TTT TCT GTA GTT GCC ATA TTT ATT CTT ACT CAG TCA CCC TAT ACT TTC TTG AGA CTG TTA AAG ATC ATA GAT TGG AGC TTT AAC TTG AAC AGC AAC TTT GAA TAT GCA ATC ATC ATA ACA GAA GCT CTT GCT TAT TTC CAT GGC TGT CTT AAC CCT GTT CTG TAT TTC TTC ATG GGG GTG AAA TTC AGG AGG AAC TTA CGG AAA ATT ATT AAA AAC TCA AGA TGC ACT AAA TGG CAA GTT ACA GCT AAA CAG TGG CAA ACC ACA GAA GAG GAA GGC TCT AAA ACT ACT GCC TCA AAT AAT GCA GAT GCA ACA AGC TAC CCG CTA 
Falco_tinnunculus               ATG GCA ACT ACA GAT GCT GTT AAC TTT TAT TAT AAC TTC TCC ATC AAT GAT CCC AAT GAA AAT GGA AGT GAG AAT CTT CAC TTT ACA AAT GTC TTC CTG CCC TGT ATG TAT TCA GCT GTT TTC ATC CTT GGG CTA GCA GGA AAT ACA CTG GTC TTT GTC ATA CTA GTT TTC TAC GAG AAA CTG AAG GTG CTG ACA GAT ATA TTT TTG CTG AAC TTG GCT ATA GCT GAC TGG GTC TTC CTT ACG CTG CCA TTC GCA TAT TCT GCT GTT CAG GAG TGG ACT TTT GGC ACT GTG GCA TGT TAC ACT TCA ATG TTA ACT CTA ACG TCT ATC ACC TTT GAC CTT ATT GCT ATT ACT TTT GCC ACA AAA GCA CAT GTG TGT CAA ACC AAA CGA ATG ACA TGG GGC AAA ATC TGT GTC TTG ATC TGG GCG ATC TCA CTA GCA TTT GCT GCA CCA TTT TTT AGT GAG GTG TTT AGT ATT GAT AAG GCA ATA TGT CAG GAA GAA CCA AAC TAT CGC ACA GAA CTA GTT CTT GAA GTG ATC CAA GTG ACC CTT GGC TAT TTT ATT CCC ATG CTA GCC ATG GTC ATC TGC TAC TCA CTA ATC ATT AGA ACC TTA CTG CAT GCC AGG AGT TTT CAA AAG AAC AAA TCT CTA AAA ATA TTT TCT GTA GTT GCC ATA TTT ATT CTT ACT CAG TCA CCC TAT ACT TTC TTG AGA CTG TTA AAG ATC ATA GAC TGG AGC TTT AAC TTG AAC AGC AAC TTT GAA TAT GCA ATC ATC ATA ACA GAA GCT CTT GCT TAT TTC CAT GGC TGT CTT AAC CCT GTT CTG TAT TTC TTC ATG GGG GTG AAA TTC AGG AGG AAC TTA CGG AAA ATT GTT AAA AAC TCA AGA TGC ATT AAA TGG CAA GTT ACA GCT AAA CAG TGG CAA ACC ACA GAA GAG GAA GGC TCT AAA ACA ACT GCC TCA AAT AAT GCA GAT GCA ACA AGC TAC CCA CTA 
Leptosomus_discolor             ATG GCA ACT TCA GAT GCC ACT AAC TTT TAT TAT AAC TTC TCC ATC ATT GAT CCC AAC GAA AAC AGA AGC GAC AAT TTT CAC TTT ACA AAA GTC TTC CTG CCC TGT ATG TAT TTG ACT GTT TTC ATC CTT GGG CTA GCA GGA AAT GCG CTG GTC TTT GTC ATA CTA GTT TTC TAC GAG AAA CTG AAG ATG CTG ACA GAT ATA TTT TTG CTG AAC TTG GCT ACA GCT GAC TGG GTC TTC CTT ACA CTT CCA TTC GCA TAT TCT GCT GCT CAG GAG TGG ACT TTT GGC ACT GTG GCA TGT TAC ACT TCA ATG TTA ACT CTA ACG TCT ATC ACC TTT GAC CTT ATT GCT ATT ACT TTT GCC ACC AAA GCA CGT ATG TGT CAA ACC AAA CGA ATG ACA TGG GGC AAA ATC TGT GTC TTG ATC TGG GTG ATC TCA CTA GCA TTT GCT GCA CCA TTT TTT AGT GAG GTG TTC AGT ATT GAT AAG GCA ATA TGT GAG GAA GAA CCA AGC CAT CGC ACA GAA CTG GTT CTT GAG GTG ATT CAA GTG ACC CTT GGC TAT TTT ATT CCC ATG CTA GCC ATG ATC ATC TGC TAC TCA CTA ATT ATT AGA ACC TTA CTG CAC GCC AGG AGT TTT CAA AAG AAC AAA TCT CTG AAG ATA TTT TCT GTA GTT GCC GTA TTT ATT CTT ACT CAG TCA CCC TAT ACT TTC TTG AGA CTG ATA AAG ATC ATA GAT TGG AGC TTT AAC TTG AAC AGC AGC TTT GAA TAT GCA ATC ATC GTA ACA GAA GCT CTT GCT TAT TTC CAT GGC TGT CTT AAC CCT GTT CTG TAT TTC TTC ATG GGG GTG AAA TTC AGG AGG AAC CTC CAG AAA ATT ATT AAA AAC TCA AGA TGC GTC AAA TGG CAA GTT ACG GCT AAA CAG TGG CAA CCA ACT GAA GAG GAA GGC TCT AAA ACT ACT GCC TCA AAT AAT GCA GAT GCA ACA AGC TAC CCA CTA 



Printing out site pattern counts


         8        702  P

Manacus_vitellinus              AAA AAA AAA AAA AAA AAA AAC AAC AAC AAC AAC AAG AAT AAT AAT AAT AAT ACA ACA ACA ACA ACA ACA ACA ACC ACC ACC ACC ACT ACT ACT ACT ACT ACT ACT ACT ACT ACT ACT AGA AGA AGA AGA AGC AGG AGG AGT AGT AGT AGT ATA ATA ATA ATA ATA ATA ATA ATC ATC ATC ATC ATC ATC ATC ATC ATC ATC ATG ATG ATG ATG ATG ATG ATG ATG ATG ATG ATG ATT ATT ATT ATT ATT ATT ATT ATT ATT CAA CAA CAA CAA CAA CAA CAC CAG CAG CAG CAG CAG CAG CAT CAT CAT CAT CAT CAT CCA CCA CCA CCC CCC CCC CCG CCT CCT CCT CCT CGG CTA CTA CTC CTC CTG CTG CTG CTG CTG CTG CTG CTT CTT CTT CTT CTT GAA GAA GAA GAA GAA GAC GAC GAC GAC GAC GAG GAG GAG GAT GCA GCA GCA GCA GCC GCC GCC GCC GCC GCG GCT GCT GCT GCT GCT GCT GCT GCT GGA GGA GGC GGC GGG GGT GGT GTA GTA GTC GTC GTC GTG GTG GTG GTG GTT GTT GTT GTT GTT GTT TAC TAC TAT TAT TAT TAT TAT TAT TCA TCA TCA TCA TCA TCA TCC TCC TCT TCT TCT TCT TGC TGG TGG TGT TGT TGT TGT TGT TTA TTA TTA TTA TTA TTA TTC TTC TTC TTG TTG TTG TTG TTT TTT TTT TTT TTT 
Aquila_chrysaetos               ... ... ... .C. C.G G.. ... ... ... ..T .T. ... ..C ... ... ... .G. ... ... ... G.. G.. G.. TAC ... ... ... ... ..C ..C ... ... ... ... ... ... .T. CTA G.. ... ... ..G G.. ... ... T.. .AC ..C ... ... .A. ... ... ... ... C.. G.. .AT ... ... ... ... ..G ..T ..T G.. T.. .CA .C. ..A ..A ... ... ... ... ... G.. TCA .AG .G. ..C ..C ... ... ... ... ... A.. ... ... .G. .GG T.T ... ... ... ... ... G.A TG. ..C ..C ... ... .G. T.. ... ... ... ... ... .TT ATA A.. ..C ... T.. T.. ... ... .C. T.. .A. ..A ... ... ... ..T TGT ... ... ... T.G T.. A.. ... ... ... .G. ... ... ... ..T .G. ... ... ..T ... A.. ... ... ... ..A ... ..G ..T .T. .GC ..C ..C ... ... ... ... ... .T. .A. .C. ... ..G ... .A. T.C A.. .C. .CT ... ... C.. .A. ... ... A.. .C. .C. .C. ... ... A.. ... ..C ... ... ... ... ... ... ... ... ... ..G .GG ... .T. A.. GTC ... ... .TT C.. ... GTC ..C ..C ... ... A.. C.. .C. ... ... ..T ... ... ..T A.. C.. ... ... C.. C.. ... ... ... 
Haliaeetus_leucocephalus        ... ... ... .C. C.G G.. ... ... ... ..T .T. ... ..C ... ... ... .G. ... ... ... G.. G.. G.. TAC ... ... ... ... ..C ..C ... ... ... ... ... ... .T. CTA G.. ... ... ..G G.. ... ... T.. .AC ..C ... ... .A. ... ... ... ... C.. G.. .AT ... ... ... ... ..G ..T ..T G.. T.. .C. .CA ..A ... ... ... ... ... G.. G.. TCA .AG .G. ..C ..C ... ... ... ... ... A.. ... ... .G. .GG T.T ... ... ... ... ... G.A TG. ..C ... ... ... .G. T.. ... ... ... ... ... .TT ATA A.. ..C ... T.. T.. ... ... .C. T.. .G. ... ... ... ... ..T TGT ... ... ... T.G T.. A.. ... ... ... .G. ... ... ... ..T .G. ... ... ..T ... A.. ... ... ... ..A ... ..A ..T .T. .GC ..C ..C A.. ..C ... ... .T. .T. .A. .C. ... ..G ... .A. T.C A.. .C. .C. ... ... C.. .A. ... ... ... .C. .C. .C. ... ... A.. ... ..C ... ... ... ... ... ... ... ... ..C ..G .GG ... .T. A.. GTC ... ... .TT ... ... GTC ..C ..C ... ... A.. C.. .C. ... ... ..T ... ... ..T A.. C.. ... ... C.. C.. ... ... ... 
Tyto_alba                       ... ... ... .C. CCG G.. ... ... ... ..T .T. ... ..C ..C ... ... .G. ... ... .T. ... G.. G.. TAC ... ... ... ... ..C ..C .A. ..C ... ... ... T.. .T. CTA G.. .C. ... ..G G.. ... ... T.. .A. ..C ... ... .A. ... ... ... G.. C.G G.. .A. ..A ... ... ... ..G ..T ..T ... T.. .CA .C. ..A GCA ... ... ... ... G.. G.. TCA .AG .G. ..C ..C ..A ... ... ... ... A.. ... ... .G. .GG T.T ... ... ... ... .CA G.. TG. ... ..C ... ... ... T.. ... ..G T.. ... ... .TT ATA A.. ..C ... T.. T.. ... ... .C. T.. ... ... ..A ... ... ... TGT ..A ... ... T.G T.. A.. ... ... ... .G. ... ... ..T ..T .G. ... ... ..T ... ... ... ... ..C ..A ... ... ... .T. .GC ..C ..C ... ... ... ... ... .T. .A. .C. ... ..G ... .A. T.C A.. .C. ..T A.. ... C.. .A. ... ..T ... .CA .C. ... ... ... A.. ... ... ..C ..C ... ... ... ... ... ... ... ..G .GG ... .T. A.. GTC ... ... .TT ... ... GTC ..C ... ..C ... A.. ... .C. ... ... ..T ... ... ..T C.. ... ... ... C.. C.. ... ... ... 
Colius_striatus                 ... ... ..G .C. CCG G.. ... ... ..G ..T .T. ... ..C ..C ..C ... .GC ... ... ..G ... G.. G.G GAT ... ... ... ..G ..A ..C ..G ... ..C ... G.. ... GT. CTA G.. ... ... ..G G.. ... ... T.. GAC ..C ... ... .A. ... ... G.. G.. C.C G.. .GT ... ... ... ... ..G ... ..T ... T.. .CA .C. ..A .CA .CC .C. ... ... G.. G.C TCA .AG .A. ..C G.G ... ... ... ... G.. A.. AG. ... .G. GGG T.T GG. AG. ..C ... ..C G.. TG. ..C ..C ..C ..C ..C T.. ... ... ... ..A ..T .TG ATA A.A ..C ... T.. T.. ... ..G .C. T.. ... ... ..C ... ... ... TGT ..C ..C ... T.G T.C A.. A.. ... ... .G. ... ... ... ..T .G. ... ... ..C ... ..G ... .GC A.. ... ... ... ... .T. .GC .A. ..C ..A ... ... ... ..G .T. .A. .CG ... ..G ... .A. T.C A.. .C. .C. ... ... C.. .A. ... ... ... .CC ... ... A.C ... A.. ... ... ..C ... C.. ..C ... ... ..C .T. ..C ..G .GG ... .T. A.. GTC ..G ... .TT ... ... GTC ..C ... ... ... A.. ... .C. ... ... ..C C.. ... ..T C.. ... C.. ... C.G C.. G.. ... ... 
Falco_peregrinus                ... ... ... .C. CCG G.. ... ... ... ... .T. ... ..C ..C ... ... .G. ... ... ... G.. G.. G.. TAC ..A ... ... ..T ..C ..C ... ..A ... ... ... ... .A. CTA G.. .AT ... ..G G.. ... ... T.. .A. .AC ... ... .A. ... T.. ... ... C.. G.. .A. ... ... ... G.. ..G ... ..T .CT T.. .C. .C. ..A .CA ... ... ... G.. G.. G.. TCA .AG .G. ..C ..C ... ..C ... ... ... A.. ... ... .G. TGG T.C .G. .G. ... ... ... G.. TG. ... ..C ... T.. ... T.. ... ... ... ... ... .TT ATA A.. ..C ... T.. T.. ... ... .C. T.. ... ... ... ... ... ... TGT ... ... ... T.G T.. A.. ... ... ... .G. ... ..T ... ..T .G. ... ... ..T ... ... ... ... A.. ..A ... ... ..T .T. .GC .T. ..C ... ... ... .T. ... .T. .A. .C. ... ..G ... .A. T.C A.. .C. .C. ... ... C.. .A. ... .C. ... .G. .C. ... ... ... A.. ... ... ... ... ... ... ... ... ..G ... ... ... .GG ... .T. A.. GTC ... ... .TT ... ... GTC ..C ... ... ... A.. ... .C. ... ... ..T ... ... ..T C.A ... ... ... C.. C.. ... C.. ... 
Falco_tinnunculus               ... ... ... .C. CC. G.. ... ... ... ..T .T. ... ..C ..C ... ... .G. ... ... ... G.. G.. G.. TAC ..A ... ... ..T ..C ..C ... ..A ... ... ... ... .A. CTA G.. .AT ... ..G G.. ... ... T.. .A. .AC ... ... .A. ... T.. ... ... C.. G.. .A. ... ... ... G.. ..G ... ..T ..T T.. .C. .C. ..A .CA ... ... ... G.. G.. G.. TCA .AG .G. ..C ..C ... ..C ... G.. ... A.. ... ... .G. TGG T.C .G. .G. ... ... ... G.. TG. ... ..C ... T.. ... T.. ... ... ... ... ... .TT ATA A.A ..C ... T.. T.. ... ... .C. T.. ... ... ... ... ... ... TGT ... ... ... T.G T.. A.. ... ... ... .G. ... ... ... ..T .G. ... ... ..T ... ... ... ... A.. ..A ... ... ..T .T. .GC .T. ..C ... ... ... .T. ... .T. .A. .C. ... ..G ... .A. T.C A.. .C. .C. ... ... C.. .A. ... .C. ... .C. .C. ... ... ... A.. ... ... ... ... ... ... ... ... ... ... ... ... .GG ... .T. A.. GTC ... ... .TT ... ... GTC ..C ... ... ... A.. ... .C. ... ... ..T ... ... ..T C.A ... ... ... C.. C.. ... C.. ... 
Leptosomus_discolor             ... ..G ... .C. CC. G.. ... .G. ... ... .T. ... ..C ..C ... ... .G. ... T.. ... G.. G.. G.. TAC ... ... C.A ..T ..C ..C ... ... ... ... ... ... .T. CTA G.. .A. ... ..G ... ... ... T.. .AC ..C ..C ... .A. ... ... .C. G.. C.G G.. .A. ... ... ..T ... ..G ... ..T G.. T.. .C. .CA ..A .C. ... ... ... ... G.. G.. TCA .AG .G. ..C ..C ... ... ... ... ... A.. ... ... .G. TGG T.C .G. ... G.. ... ... G.. TG. ... ..C ..C ... .G. T.. ... ... ... ... ... .TT GTA A.. ..C ... T.. T.. ... ... .C. T.. ... ... ... ... ..T ... TGT ... ... ... T.G T.. A.. ... ... ..G .G. ... ..T ... ..T .G. ..C ... ..T ... ... ... ... ..G ..A ... ... ..T .T. .GC A.. ..C ..C ... ... ... ... .T. .A. .C. ... ..G ... .A. T.C A.. .C. .C. ... ... C.. .A. ... ... ... .C. AC. ... ... ... A.. ... ... ... ... ... ... ... ... ... ... ... .TG .GG ... .T. A.. GTC ... ... .TT ... ... GTC ..C ... ... ... A.. ... .C. C.C ... ..T ... ... ..T C.. ... ... ... C.. C.. ..C ... ... 

    2    1    4    1    1    1    4    1    1    1    1    3    1    1    2
    2    1    4    1    1    1    1    1    1    1    2    1    1    1    1
    1    1    1    3    1    1    1    1    1    1    3    2    1    3    1
    1    1    1    1    1    1    2    1    1    1    1    1    1    1    4
    1    1    1    1    2    1    1    1    1    1    1    1    1    4    2
    1    1    1    1    1    2    1    1    1    2    1    2    2    1    4
    1    1    1    1    1    1    2    1    1    1    1    1    1    1    1
    1    1    1    1    1    1    1    1    1    1    1    1    1    4    2
    1    1    1    1    1    3    1    1    1    1    1    3    1    1    2
    1    5    1    1    1    1    1    1    1    1    2    1    2    1    3
    1    1    1    2    1    1    1    1    1    1    1    1    3    1    1
    1    1    1    3    1    1    1    1    1    1    1    1    1    1    1
    3    1    1    1    1    1    1    2    1    2    1    1    1    1    1
    3    1    1    1    1    1    1    1    1    1    1    1    3    1    1
    1    1    1    1    1    3    1    1    1    1    1    1    1    7    1
    1    1    1    2    1    1    1    1   12

CODONML (in paml version 4.9, March 2015)  Manacus_vitellinus.aln.faa
Model: several dN/dS ratios for branches for branches, 
Codon frequency model: F3x4
ns =   8  ls = 323

Codon usage in sequences
--------------------------------------------------------------------------------------------------------------------------------------
Phe TTT  16  18  18  18  15  17 | Ser TCT   6   5   5   6   4   5 | Tyr TAT   8   9   9   8   7  10 | Cys TGT   7   5   5   5   6   6
    TTC   9  11  11  11  12  11 |     TCC   2   1   2   1   3   1 |     TAC   3   4   4   5   4   4 |     TGC   1   3   3   3   2   2
Leu TTA   6   2   2   3   4   4 |     TCA   6   6   5   7   3   6 | *** TAA   0   0   0   0   0   0 | *** TGA   0   0   0   0   0   0
    TTG   5   4   4   5   4   5 |     TCG   0   1   1   1   2   1 |     TAG   0   0   0   0   0   0 | Trp TGG   2   5   6   6   6   7
--------------------------------------------------------------------------------------------------------------------------------------
Leu CTT   7   9   9   7   4   9 | Pro CCT   4   1   1   1   2   1 | His CAT   6   2   3   4   1   3 | Arg CGT   0   1   1   0   0   0
    CTC   2   0   0   0   5   0 |     CCC   3   4   4   4   2   4 |     CAC   1   3   2   2   7   1 |     CGC   0   0   0   0   0   1
    CTA   6  10   9   9   5   9 |     CCA   3   3   3   2   4   3 | Gln CAA  10   5   5   5   4   5 |     CGA   0   1   1   1   1   1
    CTG   9   7   8  10  14   9 |     CCG   1   0   0   2   1   1 |     CAG   7   7   6   4   2   4 |     CGG   1   2   2   1   0   1
--------------------------------------------------------------------------------------------------------------------------------------
Ile ATT  12  12  11  10   7   8 | Thr ACT  13  10  11   7   6  11 | Asn AAT   7   7   7   7   4   7 | Ser AGT   4   4   4   4   3   4
    ATC  14  11  11  12  13  12 |     ACC   5   7   7   8   7   5 |     AAC   8   9   9  10  10  12 |     AGC   3   4   4   4   5   3
    ATA   8  10   9  11   7   8 |     ACA  10   9   9   9  12  11 | Lys AAA  10  12  12  12   9  12 | Arg AGA   7   4   4   3   5   3
Met ATG  15  11  11   9   7   7 |     ACG   0   1   1   1   5   2 |     AAG   3   4   4   4   9   4 |     AGG   2   3   3   3   4   3
--------------------------------------------------------------------------------------------------------------------------------------
Val GTT   7   4   6   8  10   8 | Ala GCT  10  13   9   9   7   9 | Asp GAT   2   5   5   6   6   6 | Gly GGT   2   0   0   0   0   1
    GTC   3   6   6   4   6   6 |     GCC   6   4   6   7   8   5 |     GAC   5   3   3   2   5   2 |     GGC   4   5   5   5   7   5
    GTA   2   1   1   2   3   1 |     GCA   6  11  12  12   6  11 | Glu GAA  10  10  10   9   8   9 |     GGA   2   2   2   2   2   2
    GTG   6   5   6   5   6   7 |     GCG   1   1   0   0   4   1 |     GAG   4   4   4   5   5   5 |     GGG   1   2   2   2   3   2
--------------------------------------------------------------------------------------------------------------------------------------

----------------------------------------------------------------------
Phe TTT  17  17 | Ser TCT   5   5 | Tyr TAT  10   9 | Cys TGT   6   6
    TTC  11  12 |     TCC   1   1 |     TAC   4   4 |     TGC   2   2
Leu TTA   4   2 |     TCA   7   7 | *** TAA   0   0 | *** TGA   0   0
    TTG   5   6 |     TCG   0   0 |     TAG   0   0 | Trp TGG   7   7
----------------------------------------------------------------------
Leu CTT   9   9 | Pro CCT   1   1 | His CAT   3   2 | Arg CGT   0   1
    CTC   0   1 |     CCC   4   4 |     CAC   1   2 |     CGC   1   1
    CTA   9   7 |     CCA   4   5 | Gln CAA   5   5 |     CGA   1   1
    CTG   9  10 |     CCG   0   0 |     CAG   4   4 |     CGG   1   0
----------------------------------------------------------------------
Ile ATT   8  11 | Thr ACT   9  13 | Asn AAT   8   4 | Ser AGT   4   3
    ATC  12  11 |     ACC   5   5 |     AAC  11  11 |     AGC   3   6
    ATA   8   6 |     ACA  12   8 | Lys AAA  12  12 | Arg AGA   3   4
Met ATG   7   9 |     ACG   2   2 |     AAG   4   5 |     AGG   3   3
----------------------------------------------------------------------
Val GTT   9   6 | Ala GCT  10   9 | Asp GAT   5   6 | Gly GGT   0   0
    GTC   6   6 |     GCC   5   6 |     GAC   3   3 |     GGC   5   5
    GTA   1   3 |     GCA  11  11 | Glu GAA   9   8 |     GGA   2   1
    GTG   7   6 |     GCG   1   1 |     GAG   5   6 |     GGG   2   2
----------------------------------------------------------------------

Codon position x base (3x4) table for each sequence.

#1: Manacus_vitellinus
position  1:    T:0.21981    C:0.18576    A:0.37461    G:0.21981
position  2:    T:0.39319    C:0.23529    A:0.26006    G:0.11146
position  3:    T:0.34365    C:0.21362    A:0.26625    G:0.17647
Average         T:0.31889    C:0.21156    A:0.30031    G:0.16925

#2: Aquila_chrysaetos
position  1:    T:0.22910    C:0.17028    A:0.36533    G:0.23529
position  2:    T:0.37461    C:0.23839    A:0.26006    G:0.12693
position  3:    T:0.32508    C:0.23220    A:0.26625    G:0.17647
Average         T:0.30960    C:0.21362    A:0.29721    G:0.17957

#3: Haliaeetus_leucocephalus
position  1:    T:0.23220    C:0.16718    A:0.36223    G:0.23839
position  2:    T:0.37771    C:0.23529    A:0.25697    G:0.13003
position  3:    T:0.32198    C:0.23839    A:0.26006    G:0.17957
Average         T:0.31063    C:0.21362    A:0.29309    G:0.18266

#4: Tyto_alba      
position  1:    T:0.24458    C:0.16099    A:0.35294    G:0.24149
position  2:    T:0.38390    C:0.23839    A:0.25697    G:0.12074
position  3:    T:0.30960    C:0.24149    A:0.26935    G:0.17957
Average         T:0.31269    C:0.21362    A:0.29309    G:0.18060

#5: Colius_striatus
position  1:    T:0.22291    C:0.16099    A:0.34985    G:0.26625
position  2:    T:0.37771    C:0.23529    A:0.25077    G:0.13622
position  3:    T:0.25387    C:0.29721    A:0.22601    G:0.22291
Average         T:0.28483    C:0.23117    A:0.27554    G:0.20846

#6: Falco_peregrinus
position  1:    T:0.24458    C:0.16099    A:0.34675    G:0.24768
position  2:    T:0.37461    C:0.23839    A:0.26006    G:0.12693
position  3:    T:0.32508    C:0.22910    A:0.26316    G:0.18266
Average         T:0.31476    C:0.20949    A:0.28999    G:0.18576

#7: Falco_tinnunculus
position  1:    T:0.24458    C:0.16099    A:0.34365    G:0.25077
position  2:    T:0.37771    C:0.23839    A:0.26006    G:0.12384
position  3:    T:0.32198    C:0.22910    A:0.27245    G:0.17647
Average         T:0.31476    C:0.20949    A:0.29205    G:0.18369

#8: Leptosomus_discolor
position  1:    T:0.24149    C:0.16409    A:0.34985    G:0.24458
position  2:    T:0.37771    C:0.24149    A:0.25077    G:0.13003
position  3:    T:0.31579    C:0.24768    A:0.24768    G:0.18885
Average         T:0.31166    C:0.21775    A:0.28277    G:0.18782

Sums of codon usage counts
------------------------------------------------------------------------------
Phe F TTT     136 | Ser S TCT      41 | Tyr Y TAT      70 | Cys C TGT      46
      TTC      88 |       TCC      12 |       TAC      32 |       TGC      18
Leu L TTA      27 |       TCA      47 | *** * TAA       0 | *** * TGA       0
      TTG      38 |       TCG       6 |       TAG       0 | Trp W TGG      46
------------------------------------------------------------------------------
Leu L CTT      63 | Pro P CCT      12 | His H CAT      24 | Arg R CGT       3
      CTC       8 |       CCC      29 |       CAC      19 |       CGC       3
      CTA      64 |       CCA      27 | Gln Q CAA      44 |       CGA       7
      CTG      76 |       CCG       5 |       CAG      38 |       CGG       8
------------------------------------------------------------------------------
Ile I ATT      79 | Thr T ACT      80 | Asn N AAT      51 | Ser S AGT      30
      ATC      96 |       ACC      49 |       AAC      80 |       AGC      32
      ATA      67 |       ACA      80 | Lys K AAA      91 | Arg R AGA      33
Met M ATG      76 |       ACG      14 |       AAG      37 |       AGG      24
------------------------------------------------------------------------------
Val V GTT      58 | Ala A GCT      76 | Asp D GAT      41 | Gly G GGT       3
      GTC      43 |       GCC      47 |       GAC      26 |       GGC      41
      GTA      14 |       GCA      80 | Glu E GAA      73 |       GGA      15
      GTG      48 |       GCG       9 |       GAG      38 |       GGG      16
------------------------------------------------------------------------------


Codon position x base (3x4) table, overall

position  1:    T:0.23491    C:0.16641    A:0.35565    G:0.24303
position  2:    T:0.37964    C:0.23762    A:0.25697    G:0.12577
position  3:    T:0.31463    C:0.24110    A:0.25890    G:0.18537
Average         T:0.30973    C:0.21504    A:0.29051    G:0.18473

Codon frequencies under model, for use in evolver (TTT TTC TTA TTG ... GGG):
  0.02906053  0.02226902  0.02391328  0.01712177
  0.01818875  0.01393800  0.01496713  0.01071638
  0.01966992  0.01507302  0.00000000  0.00000000
  0.00962760  0.00737761  0.00000000  0.00567235
  0.02058654  0.01577542  0.01694021  0.01212909
  0.01288495  0.00987371  0.01060274  0.00759150
  0.01393421  0.01067775  0.01146616  0.00820970
  0.00682021  0.00522631  0.00561220  0.00401830
  0.04399774  0.03371537  0.03620478  0.02592241
  0.02753783  0.02110218  0.02266028  0.01622463
  0.02978033  0.02282060  0.02450558  0.01754585
  0.01457621  0.01116972  0.01199445  0.00858795
  0.03006592  0.02303945  0.02474059  0.01771412
  0.01881802  0.01442020  0.01548494  0.01108712
  0.02035043  0.01559449  0.01674593  0.01198998
  0.00996068  0.00763284  0.00819642  0.00586859



Nei & Gojobori 1986. dN/dS (dN, dS)
(Note: This matrix is not used in later ML. analysis.
Use runmode = -2 for ML pairwise comparison.)

Manacus_vitellinus  
Aquila_chrysaetos    0.5241 (0.1432 0.2732)
Haliaeetus_leucocephalus 0.5373 (0.1432 0.2665) 0.2540 (0.0094 0.0371)
Tyto_alba            0.4782 (0.1463 0.3060) 0.2176 (0.0300 0.1381) 0.1720 (0.0291 0.1693)
Colius_striatus      0.3710 (0.1809 0.4877) 0.1866 (0.0630 0.3377) 0.1790 (0.0623 0.3480) 0.1709 (0.0580 0.3393)
Falco_peregrinus     0.6978 (0.1618 0.2318) 0.3260 (0.0421 0.1290) 0.3021 (0.0414 0.1370) 0.2622 (0.0393 0.1499) 0.1821 (0.0625 0.3433)
Falco_tinnunculus    0.7168 (0.1618 0.2257) 0.3286 (0.0407 0.1237) 0.3036 (0.0400 0.1316) 0.2623 (0.0379 0.1444) 0.1853 (0.0610 0.3294) 0.1804 (0.0040 0.0224)
Leptosomus_discolor  0.5716 (0.1584 0.2771) 0.2074 (0.0349 0.1685) 0.2053 (0.0328 0.1599) 0.1903 (0.0357 0.1875) 0.1778 (0.0660 0.3713) 0.3890 (0.0428 0.1101) 0.3593 (0.0414 0.1153)


TREE #  1:  (((8, 5), 4), (3, 2), (1, (6, 7)));   MP score: 307
check convergence..
lnL(ntime: 13  np: 16):  -2881.482589      +0.000000
   9..10   10..11   11..8    11..5    10..4     9..12   12..3    12..2     9..13   13..1    13..14   14..6    14..7  
 0.005463 0.000004 0.115818 0.305444 0.101503 0.071386 0.026283 0.022532 0.000004 0.469857 0.081561 0.015790 0.009673 4.136813 0.283490 0.972621

Note: Branch length is defined as number of nucleotide substitutions per codon (not per neucleotide site).

tree length =   1.22532

(((8: 0.115818, 5: 0.305444): 0.000004, 4: 0.101503): 0.005463, (3: 0.026283, 2: 0.022532): 0.071386, (1: 0.469857, (6: 0.015790, 7: 0.009673): 0.081561): 0.000004);

(((Leptosomus_discolor: 0.115818, Colius_striatus: 0.305444): 0.000004, Tyto_alba: 0.101503): 0.005463, (Haliaeetus_leucocephalus: 0.026283, Aquila_chrysaetos: 0.022532): 0.071386, (Manacus_vitellinus: 0.469857, (Falco_peregrinus: 0.015790, Falco_tinnunculus: 0.009673): 0.081561): 0.000004);

Detailed output identifying parameters

kappa (ts/tv) =  4.13681

w (dN/dS) for branches:  0.28349 0.97262

dN & dS for each branch

 branch          t       N       S   dN/dS      dN      dS  N*dN  S*dS

   9..10     0.005   684.1   284.9  0.2835  0.0010  0.0037   0.7   1.0
  10..11     0.000   684.1   284.9  0.2835  0.0000  0.0000   0.0   0.0
  11..8      0.116   684.1   284.9  0.2835  0.0221  0.0781  15.1  22.3
  11..5      0.305   684.1   284.9  0.2835  0.0584  0.2060  40.0  58.7
  10..4      0.102   684.1   284.9  0.2835  0.0194  0.0685  13.3  19.5
   9..12     0.071   684.1   284.9  0.2835  0.0137  0.0482   9.3  13.7
  12..3      0.026   684.1   284.9  0.2835  0.0050  0.0177   3.4   5.1
  12..2      0.023   684.1   284.9  0.2835  0.0043  0.0152   2.9   4.3
   9..13     0.000   684.1   284.9  0.2835  0.0000  0.0000   0.0   0.0
  13..1      0.470   684.1   284.9  0.9726  0.1553  0.1597 106.3  45.5
  13..14     0.082   684.1   284.9  0.2835  0.0156  0.0550  10.7  15.7
  14..6      0.016   684.1   284.9  0.2835  0.0030  0.0107   2.1   3.0
  14..7      0.010   684.1   284.9  0.2835  0.0018  0.0065   1.3   1.9

tree length for dN:       0.2998
tree length for dS:       0.6693

dS tree:
(((Leptosomus_discolor: 0.078121, Colius_striatus: 0.206029): 0.000003, Tyto_alba: 0.068466): 0.003685, (Haliaeetus_leucocephalus: 0.017729, Aquila_chrysaetos: 0.015198): 0.048152, (Manacus_vitellinus: 0.159706, (Falco_peregrinus: 0.010651, Falco_tinnunculus: 0.006525): 0.055015): 0.000003);
dN tree:
(((Leptosomus_discolor: 0.022147, Colius_striatus: 0.058407): 0.000001, Tyto_alba: 0.019409): 0.001045, (Haliaeetus_leucocephalus: 0.005026, Aquila_chrysaetos: 0.004309): 0.013650, (Manacus_vitellinus: 0.155333, (Falco_peregrinus: 0.003019, Falco_tinnunculus: 0.001850): 0.015596): 0.000001);

w ratios as labels for TreeView:
(((Leptosomus_discolor #0.28349 , Colius_striatus #0.28349 ) #0.28349 , Tyto_alba #0.28349 ) #0.28349 , (Haliaeetus_leucocephalus #0.28349 , Aquila_chrysaetos #0.28349 ) #0.28349 , (Manacus_vitellinus #0.972621 , (Falco_peregrinus #0.28349 , Falco_tinnunculus #0.28349 ) #0.28349 ) #0.28349 );


Time used:  0:15
