Acomys_russatus
Apodemus_sylvaticus
Arvicanthis_niloticus
Arvicola_amphibius
Castor_canadensis
Cavia_porcellus
Chinchilla_lanigera
Chionomys_nivalis
Cricetulus_griseus
Dipodomys_spectabilis
Fukomys_damarensis
Grammomys_surdaster
Heterocephalus_glaber
Ictidomys_tridecemlineatus
Jaculus_jaculus
Marmota_flaviventris
Marmota_marmota_marmota
Marmota_monax
Mastomys_coucha
Meriones_unguiculatus
Mesocricetus_auratus
Microtus_fortis
Microtus_ochrogaster
Microtus_oregoni
Mus_caroli
Mus_musculus
Mus_pahari
Nannospalax_galili
Octodon_degus
Onychomys_torridus
Perognathus_longimembris_pacificus
Peromyscus_californicus_insignis
Peromyscus_leucopus
Peromyscus_maniculatus_bairdii
Phodopus_roborovskii
Psammomys_obesus
Rattus_norvegicus
Rattus_rattus
Sciurus_carolinensis
Urocitellus_parryii
