
Loaded 'libv3/convenience/matrix.bf' from /usr/local/lib/hyphy/TemplateBatchFiles/libv3/convenience/matrix.bf
Loaded 'libv3/UtilityFunctions.bf' from /usr/local/lib/hyphy/TemplateBatchFiles/libv3/UtilityFunctions.bf
Loaded 'IOFunctions.bf' from /usr/local/lib/hyphy/TemplateBatchFiles/libv3/IOFunctions.bf
Already loaded 'libv3/UtilityFunctions.bf' from /usr/local/lib/hyphy/TemplateBatchFiles/libv3/UtilityFunctions.bf
Loaded 'convenience/regexp.bf' from /usr/local/lib/hyphy/TemplateBatchFiles/libv3/convenience/regexp.bf
Loaded 'libv3/all-terms.bf' from /usr/local/lib/hyphy/TemplateBatchFiles/libv3/all-terms.bf
Variable 'skipCodeSelectionStep' was not initialized prior to being used
Row and/or column partition is empty. All the data will be used by default.
Overwritten previously defined function:'GaussLaguerreQuardature'
Overwritten previously defined function:'GammaQuadWeight'
Variable 'SKIP_HARVEST_FREQ' was not initialized prior to being used
Variable '_WRAP_PASSTHROUGH_FLAG_' was not initialized prior to being used
Variable 'END_OF_FILE' was not initialized prior to being used
Variable '_DO_TREE_REBALANCE_' was not initialized prior to being used
Variable '_KEEP_I_LABELS_' was not initialized prior to being used
Model MG94customModel assigned to Sylvilagus_bachmani
Sylvilagus_bachmani has 2 parameters - branch length not assigned
Model MG94customModel assigned to Oryctolagus_cuniculus
Oryctolagus_cuniculus has 2 parameters - branch length not assigned
Model MG94customModel assigned to Node1
Node1 has 2 parameters - branch length not assigned
Model MG94customModel assigned to Lepus_timidus
Lepus_timidus has 2 parameters - branch length not assigned
Model MG94customModel assigned to Lepus_americanus
Lepus_americanus has 2 parameters - branch length not assigned
Model MG94customModel assigned to Node4
Node4 has 2 parameters - branch length not assigned
Model MG94customModel assigned to Ochotona_princeps
Ochotona_princeps has 2 parameters - branch length not assigned
Model MG94customModel assigned to Ochotona_curzoniae
Ochotona_curzoniae has 2 parameters - branch length not assigned
Model MG94customModel assigned to Node7
Node7 has 2 parameters - branch length not assigned
The tips of the tree:givenTree were matched with the species names from the data in the following numeric order (0-based) {4,5,3,2,1,0}

Pseudo-optimal path's cost 1425 vs 1845 for 1..k=> a 1.29474 x improvement
Partition 0 reversible model flag computed as 1
Variable 'theLnLik' was not initialized prior to being used
Variable 'SAVE_OPT_STATUS_TO' was not initialized prior to being used
Variable 'givenTree.Sylvilagus_bachmani.nonSynRate' was not initialized prior to being used
Variable 'givenTree.Sylvilagus_bachmani.synRate' was not initialized prior to being used
Variable 'givenTree.Oryctolagus_cuniculus.nonSynRate' was not initialized prior to being used
Variable 'givenTree.Oryctolagus_cuniculus.synRate' was not initialized prior to being used
Variable 'givenTree.Lepus_timidus.nonSynRate' was not initialized prior to being used
Variable 'givenTree.Lepus_timidus.synRate' was not initialized prior to being used
Variable 'givenTree.Lepus_americanus.nonSynRate' was not initialized prior to being used
Variable 'givenTree.Lepus_americanus.synRate' was not initialized prior to being used
Variable 'givenTree.Ochotona_princeps.nonSynRate' was not initialized prior to being used
Variable 'givenTree.Ochotona_princeps.synRate' was not initialized prior to being used
Variable 'givenTree.Ochotona_curzoniae.nonSynRate' was not initialized prior to being used
Variable 'givenTree.Ochotona_curzoniae.synRate' was not initialized prior to being used
Variable 'givenTree.Node1.nonSynRate' was not initialized prior to being used
Variable 'givenTree.Node1.synRate' was not initialized prior to being used
Variable 'givenTree.Node4.nonSynRate' was not initialized prior to being used
Variable 'givenTree.Node4.synRate' was not initialized prior to being used
Variable 'givenTree.Node7.nonSynRate' was not initialized prior to being used
Variable 'givenTree.Node7.synRate' was not initialized prior to being used
Site 77 evaluated to a 0 probability in ComputeTreeBlockByBranch
Site 159 evaluated to a 0 probability in ComputeTreeBlockByBranch
Site 77 evaluated to a 0 probability in ComputeTreeBlockByBranch
Site 82 evaluated to a 0 probability in ComputeTreeBlockByBranch
Site 77 evaluated to a 0 probability in ComputeTreeBlockByBranch
Site 53 evaluated to a 0 probability in ComputeTreeBlockByBranch
Site 118 evaluated to a 0 probability in ComputeTreeBlockByBranch
Site 105 evaluated to a 0 probability in ComputeTreeBlockByBranch
Site 135 evaluated to a 0 probability in ComputeTreeBlockByBranch
Site 77 evaluated to a 0 probability in ComputeTreeBlockByBranch
Site 162 evaluated to a 0 probability in ComputeTreeBlockByBranch
Site 64 evaluated to a 0 probability in ComputeTreeBlockByBranch
Site 136 evaluated to a 0 probability in ComputeTreeBlockByBranch
Site 77 evaluated to a 0 probability in ComputeTreeBlockByBranch
Site 151 evaluated to a 0 probability in ComputeTreeBlockByBranch
Site 118 evaluated to a 0 probability in ComputeTreeBlockByBranch
Site 40 evaluated to a 0 probability in ComputeTreeBlockByBranch
Site 82 evaluated to a 0 probability in ComputeTreeBlockByBranch
Site 87 evaluated to a 0 probability in ComputeTreeBlockByBranch
Site 77 evaluated to a 0 probability in ComputeTreeBlockByBranch
Site 126 evaluated to a 0 probability in ComputeTreeBlockByBranch
Site 63 evaluated to a 0 probability in ComputeTreeBlockByBranch
Site 114 evaluated to a 0 probability in ComputeTreeBlockByBranch
Site 185 evaluated to a 0 probability in ComputeTreeBlockByBranch
Site 74 evaluated to a 0 probability in ComputeTreeBlockByBranch
Site 77 evaluated to a 0 probability in ComputeTreeBlockByBranch
Site 201 evaluated to a 0 probability in ComputeTreeBlockByBranch
Site 129 evaluated to a 0 probability in ComputeTreeBlockByBranch
Site 131 evaluated to a 0 probability in ComputeTreeBlockByBranch
Site 95 evaluated to a 0 probability in ComputeTreeBlockByBranch
Site 121 evaluated to a 0 probability in ComputeTreeBlockByBranch
Site 77 evaluated to a 0 probability in ComputeTreeBlockByBranch
Site 194 evaluated to a 0 probability in ComputeTreeBlockByBranch
Site 82 evaluated to a 0 probability in ComputeTreeBlockByBranch
Site 165 evaluated to a 0 probability in ComputeTreeBlockByBranch
Site 145 evaluated to a 0 probability in ComputeTreeBlockByBranch
Site 206 evaluated to a 0 probability in ComputeTreeBlockByBranch
Site 138 evaluated to a 0 probability in ComputeTreeBlockByBranch
Site 53 evaluated to a 0 probability in ComputeTreeBlockByBranch
Site 219 evaluated to a 0 probability in ComputeTreeBlockByBranch
Site 77 evaluated to a 0 probability in ComputeTreeBlockByBranch
Site 184 evaluated to a 0 probability in ComputeTreeBlockByBranch
Site 47 evaluated to a 0 probability in ComputeTreeBlockByBranch
Site 70 evaluated to a 0 probability in ComputeTreeBlockByBranch
Site 140 evaluated to a 0 probability in ComputeTreeBlockByBranch
Site 117 evaluated to a 0 probability in ComputeTreeBlockByBranch
Site 142 evaluated to a 0 probability in ComputeTreeBlockByBranch
Site 77 evaluated to a 0 probability in ComputeTreeBlockByBranch
Site 210 evaluated to a 0 probability in ComputeTreeBlockByBranch
Site 180 evaluated to a 0 probability in ComputeTreeBlockByBranch
Auto-benchmarked an optimal number (9) of threads.
Set GUI update interval to every 544-th LF evaluation.
Initial guess for givenTree.Sylvilagus_bachmani.nonSynRate is 0.00347604
Initial guess for givenTree.Sylvilagus_bachmani.synRate is 0.00303021
Initial guess for givenTree.Oryctolagus_cuniculus.nonSynRate is 0.0249125
Initial guess for givenTree.Oryctolagus_cuniculus.synRate is 0.00877078
Initial guess for givenTree.Node4.nonSynRate is 0.00117266
Initial guess for givenTree.Node4.synRate is 0.0024184
Initial guess for givenTree.Lepus_timidus.nonSynRate is 0.00469626
Initial guess for givenTree.Lepus_timidus.synRate is 0.000615433
Initial guess for givenTree.Lepus_americanus.nonSynRate is 0.00275516
Initial guess for givenTree.Lepus_americanus.synRate is 0.00267143
Initial guess for givenTree.Node7.nonSynRate is 0.00620076
Initial guess for givenTree.Node7.synRate is -0.000261105
Initial guess for givenTree.Ochotona_princeps.nonSynRate is 0.016493
Initial guess for givenTree.Ochotona_princeps.synRate is 0.00147713
Initial guess for givenTree.Ochotona_curzoniae.nonSynRate is 0.0149712
Initial guess for givenTree.Ochotona_curzoniae.synRate is 0.00428924
Optimization settings:
	OPTIMIZATION_METHOD = 4
	OPTIMIZATION_PRECISION = 0.001
	MAXIMUM_ITERATIONS_PER_VARIABLE = 5000

Initial parameter values

CT = 1
GT = 1
CG = 1
AC = 1
AT = 1
givenTree.Sylvilagus_bachmani.synRate = 0.00303021
givenTree.Sylvilagus_bachmani.nonSynRate = 0.00347604
givenTree.Oryctolagus_cuniculus.synRate = 0.00877078
givenTree.Oryctolagus_cuniculus.nonSynRate = 0.0249125
givenTree.Node1.synRate = 0.1
givenTree.Node1.nonSynRate = 0.1
givenTree.Lepus_timidus.synRate = 0.000615433
givenTree.Lepus_timidus.nonSynRate = 0.00469626
givenTree.Lepus_americanus.synRate = 0.00267143
givenTree.Lepus_americanus.nonSynRate = 0.00275516
givenTree.Node4.synRate = 0.0024184
givenTree.Node4.nonSynRate = 0.00117266
givenTree.Ochotona_princeps.synRate = 0.00147713
givenTree.Ochotona_princeps.nonSynRate = 0.016493
givenTree.Ochotona_curzoniae.synRate = 0.00428924
givenTree.Ochotona_curzoniae.nonSynRate = 0.0149712
givenTree.Node7.synRate = 0
givenTree.Node7.nonSynRate = 0.00620076
Optimization finished in 28 loop passes.
2838 likelihood evaluation calls and 10083 matrix exponentiations calls were made

Variable 'lastDepth' was not initialized prior to being used
No nodel was assigned to Sylvilagus_bachmani
Sylvilagus_bachmani has 0 parameters - branch length not assigned
No nodel was assigned to Oryctolagus_cuniculus
Oryctolagus_cuniculus has 0 parameters - branch length not assigned
No nodel was assigned to Node1
Node1 has 0 parameters - branch length not assigned
No nodel was assigned to Lepus_timidus
Lepus_timidus has 0 parameters - branch length not assigned
No nodel was assigned to Lepus_americanus
Lepus_americanus has 0 parameters - branch length not assigned
No nodel was assigned to Node4
Node4 has 0 parameters - branch length not assigned
No nodel was assigned to Ochotona_princeps
Ochotona_princeps has 0 parameters - branch length not assigned
No nodel was assigned to Ochotona_curzoniae
Ochotona_curzoniae has 0 parameters - branch length not assigned
No nodel was assigned to Node7
Node7 has 0 parameters - branch length not assigned
No nodel was assigned to Sylvilagus_bachmani
Sylvilagus_bachmani has 0 parameters - branch length not assigned
No nodel was assigned to Oryctolagus_cuniculus
Oryctolagus_cuniculus has 0 parameters - branch length not assigned
No nodel was assigned to Node1
Node1 has 0 parameters - branch length not assigned
No nodel was assigned to Lepus_timidus
Lepus_timidus has 0 parameters - branch length not assigned
No nodel was assigned to Lepus_americanus
Lepus_americanus has 0 parameters - branch length not assigned
No nodel was assigned to Node4
Node4 has 0 parameters - branch length not assigned
No nodel was assigned to Ochotona_princeps
Ochotona_princeps has 0 parameters - branch length not assigned
No nodel was assigned to Ochotona_curzoniae
Ochotona_curzoniae has 0 parameters - branch length not assigned
No nodel was assigned to Node7
Node7 has 0 parameters - branch length not assigned
No nodel was assigned to Sylvilagus_bachmani
Sylvilagus_bachmani has 0 parameters - branch length not assigned
No nodel was assigned to Oryctolagus_cuniculus
Oryctolagus_cuniculus has 0 parameters - branch length not assigned
No nodel was assigned to Node1
Node1 has 0 parameters - branch length not assigned
No nodel was assigned to Lepus_timidus
Lepus_timidus has 0 parameters - branch length not assigned
No nodel was assigned to Lepus_americanus
Lepus_americanus has 0 parameters - branch length not assigned
No nodel was assigned to Node4
Node4 has 0 parameters - branch length not assigned
No nodel was assigned to Ochotona_princeps
Ochotona_princeps has 0 parameters - branch length not assigned
No nodel was assigned to Ochotona_curzoniae
Ochotona_curzoniae has 0 parameters - branch length not assigned
No nodel was assigned to Node7
Node7 has 0 parameters - branch length not assigned
No nodel was assigned to Sylvilagus_bachmani
Sylvilagus_bachmani has 0 parameters - branch length not assigned
No nodel was assigned to Oryctolagus_cuniculus
Oryctolagus_cuniculus has 0 parameters - branch length not assigned
No nodel was assigned to Node1
Node1 has 0 parameters - branch length not assigned
No nodel was assigned to Lepus_timidus
Lepus_timidus has 0 parameters - branch length not assigned
No nodel was assigned to Lepus_americanus
Lepus_americanus has 0 parameters - branch length not assigned
No nodel was assigned to Node4
Node4 has 0 parameters - branch length not assigned
No nodel was assigned to Ochotona_princeps
Ochotona_princeps has 0 parameters - branch length not assigned
No nodel was assigned to Ochotona_curzoniae
Ochotona_curzoniae has 0 parameters - branch length not assigned
No nodel was assigned to Node7
Node7 has 0 parameters - branch length not assigned
Variable 'nodeName' was not initialized prior to being used
Variable 'speciesIndex' was not initialized prior to being used
Row and/or column partition is empty. All the data will be used by default.
Model MG94customModel assigned to Sylvilagus_bachmani
Model MG94customModel assigned to Oryctolagus_cuniculus
One branch tree supplied - hopefully this IS what you meant to do.
Rooted tree. Removing one branch - the left root child has been promoted to be the new root
Partition 0 reversible model flag computed as 1
Variable 'twoLnLik' was not initialized prior to being used
Variable 't2.Oryctolagus_cuniculus.nonSynRate' was not initialized prior to being used
Variable 't2.Oryctolagus_cuniculus.synRate' was not initialized prior to being used
Auto-benchmarked an optimal number (2) of threads.
Set GUI update interval to every 5494-th LF evaluation.
Optimization settings:
	OPTIMIZATION_METHOD = 4
	OPTIMIZATION_PRECISION = 0.001
	MAXIMUM_ITERATIONS_PER_VARIABLE = 5000

Initial parameter values

t2.Oryctolagus_cuniculus.nonSynRate = 0.1
t2.Oryctolagus_cuniculus.synRate = 0.1
Optimization finished in 5 loop passes.
158 likelihood evaluation calls and 145 matrix exponentiations calls were made

Row and/or column partition is empty. All the data will be used by default.
Model MG94customModel assigned to Sylvilagus_bachmani
Model MG94customModel assigned to Lepus_timidus
One branch tree supplied - hopefully this IS what you meant to do.
Rooted tree. Removing one branch - the left root child has been promoted to be the new root
Partition 0 reversible model flag computed as 1
Variable 't2.Lepus_timidus.nonSynRate' was not initialized prior to being used
Variable 't2.Lepus_timidus.synRate' was not initialized prior to being used
Auto-benchmarked an optimal number (3) of threads.
Set GUI update interval to every 5050-th LF evaluation.
Optimization settings:
	OPTIMIZATION_METHOD = 4
	OPTIMIZATION_PRECISION = 0.001
	MAXIMUM_ITERATIONS_PER_VARIABLE = 5000

Initial parameter values

t2.Lepus_timidus.nonSynRate = 0.1
t2.Lepus_timidus.synRate = 0.1
Optimization finished in 5 loop passes.
205 likelihood evaluation calls and 186 matrix exponentiations calls were made

Row and/or column partition is empty. All the data will be used by default.
Model MG94customModel assigned to Sylvilagus_bachmani
Model MG94customModel assigned to Lepus_americanus
One branch tree supplied - hopefully this IS what you meant to do.
Rooted tree. Removing one branch - the left root child has been promoted to be the new root
Partition 0 reversible model flag computed as 1
Variable 't2.Lepus_americanus.synRate' was not initialized prior to being used
Variable 't2.Lepus_americanus.nonSynRate' was not initialized prior to being used
Auto-benchmarked an optimal number (3) of threads.
Set GUI update interval to every 7812-th LF evaluation.
Optimization settings:
	OPTIMIZATION_METHOD = 4
	OPTIMIZATION_PRECISION = 0.001
	MAXIMUM_ITERATIONS_PER_VARIABLE = 5000

Initial parameter values

t2.Lepus_americanus.synRate = 0.1
t2.Lepus_americanus.nonSynRate = 0.1
Optimization finished in 6 loop passes.
190 likelihood evaluation calls and 174 matrix exponentiations calls were made

Row and/or column partition is empty. All the data will be used by default.
Model MG94customModel assigned to Sylvilagus_bachmani
Model MG94customModel assigned to Ochotona_princeps
One branch tree supplied - hopefully this IS what you meant to do.
Rooted tree. Removing one branch - the left root child has been promoted to be the new root
Partition 0 reversible model flag computed as 1
Variable 't2.Ochotona_princeps.nonSynRate' was not initialized prior to being used
Variable 't2.Ochotona_princeps.synRate' was not initialized prior to being used
Auto-benchmarked an optimal number (4) of threads.
Set GUI update interval to every 5102-th LF evaluation.
Optimization settings:
	OPTIMIZATION_METHOD = 4
	OPTIMIZATION_PRECISION = 0.001
	MAXIMUM_ITERATIONS_PER_VARIABLE = 5000

Initial parameter values

t2.Ochotona_princeps.nonSynRate = 0.1
t2.Ochotona_princeps.synRate = 0.1
Optimization finished in 6 loop passes.
163 likelihood evaluation calls and 146 matrix exponentiations calls were made

Row and/or column partition is empty. All the data will be used by default.
Model MG94customModel assigned to Sylvilagus_bachmani
Model MG94customModel assigned to Ochotona_curzoniae
One branch tree supplied - hopefully this IS what you meant to do.
Rooted tree. Removing one branch - the left root child has been promoted to be the new root
Partition 0 reversible model flag computed as 1
Variable 't2.Ochotona_curzoniae.synRate' was not initialized prior to being used
Variable 't2.Ochotona_curzoniae.nonSynRate' was not initialized prior to being used
Auto-benchmarked an optimal number (4) of threads.
Set GUI update interval to every 5050-th LF evaluation.
Optimization settings:
	OPTIMIZATION_METHOD = 4
	OPTIMIZATION_PRECISION = 0.001
	MAXIMUM_ITERATIONS_PER_VARIABLE = 5000

Initial parameter values

t2.Ochotona_curzoniae.synRate = 0.1
t2.Ochotona_curzoniae.nonSynRate = 0.1
Optimization finished in 6 loop passes.
188 likelihood evaluation calls and 171 matrix exponentiations calls were made

Row and/or column partition is empty. All the data will be used by default.
Model MG94customModel assigned to Oryctolagus_cuniculus
Model MG94customModel assigned to Lepus_timidus
One branch tree supplied - hopefully this IS what you meant to do.
Rooted tree. Removing one branch - the left root child has been promoted to be the new root
Partition 0 reversible model flag computed as 1
Variable 't2.Lepus_timidus.nonSynRate' was not initialized prior to being used
Variable 't2.Lepus_timidus.synRate' was not initialized prior to being used
Auto-benchmarked an optimal number (3) of threads.
Set GUI update interval to every 5882-th LF evaluation.
Optimization settings:
	OPTIMIZATION_METHOD = 4
	OPTIMIZATION_PRECISION = 0.001
	MAXIMUM_ITERATIONS_PER_VARIABLE = 5000

Initial parameter values

t2.Lepus_timidus.nonSynRate = 0.1
t2.Lepus_timidus.synRate = 0.1
Optimization finished in 6 loop passes.
210 likelihood evaluation calls and 192 matrix exponentiations calls were made

Row and/or column partition is empty. All the data will be used by default.
Model MG94customModel assigned to Oryctolagus_cuniculus
Model MG94customModel assigned to Lepus_americanus
One branch tree supplied - hopefully this IS what you meant to do.
Rooted tree. Removing one branch - the left root child has been promoted to be the new root
Partition 0 reversible model flag computed as 1
Variable 't2.Lepus_americanus.nonSynRate' was not initialized prior to being used
Variable 't2.Lepus_americanus.synRate' was not initialized prior to being used
Auto-benchmarked an optimal number (6) of threads.
Set GUI update interval to every 5882-th LF evaluation.
Optimization settings:
	OPTIMIZATION_METHOD = 4
	OPTIMIZATION_PRECISION = 0.001
	MAXIMUM_ITERATIONS_PER_VARIABLE = 5000

Initial parameter values

t2.Lepus_americanus.nonSynRate = 0.1
t2.Lepus_americanus.synRate = 0.1
Optimization finished in 6 loop passes.
158 likelihood evaluation calls and 140 matrix exponentiations calls were made

Row and/or column partition is empty. All the data will be used by default.
Model MG94customModel assigned to Oryctolagus_cuniculus
Model MG94customModel assigned to Ochotona_princeps
One branch tree supplied - hopefully this IS what you meant to do.
Rooted tree. Removing one branch - the left root child has been promoted to be the new root
Partition 0 reversible model flag computed as 1
Variable 't2.Ochotona_princeps.nonSynRate' was not initialized prior to being used
Variable 't2.Ochotona_princeps.synRate' was not initialized prior to being used
Auto-benchmarked an optimal number (6) of threads.
Set GUI update interval to every 5882-th LF evaluation.
Optimization settings:
	OPTIMIZATION_METHOD = 4
	OPTIMIZATION_PRECISION = 0.001
	MAXIMUM_ITERATIONS_PER_VARIABLE = 5000

Initial parameter values

t2.Ochotona_princeps.nonSynRate = 0.1
t2.Ochotona_princeps.synRate = 0.1
Optimization finished in 5 loop passes.
203 likelihood evaluation calls and 183 matrix exponentiations calls were made

Row and/or column partition is empty. All the data will be used by default.
Model MG94customModel assigned to Oryctolagus_cuniculus
Model MG94customModel assigned to Ochotona_curzoniae
One branch tree supplied - hopefully this IS what you meant to do.
Rooted tree. Removing one branch - the left root child has been promoted to be the new root
Partition 0 reversible model flag computed as 1
Variable 't2.Ochotona_curzoniae.nonSynRate' was not initialized prior to being used
Variable 't2.Ochotona_curzoniae.synRate' was not initialized prior to being used
Auto-benchmarked an optimal number (5) of threads.
Set GUI update interval to every 5102-th LF evaluation.
Optimization settings:
	OPTIMIZATION_METHOD = 4
	OPTIMIZATION_PRECISION = 0.001
	MAXIMUM_ITERATIONS_PER_VARIABLE = 5000

Initial parameter values

t2.Ochotona_curzoniae.nonSynRate = 0.1
t2.Ochotona_curzoniae.synRate = 0.1
Optimization finished in 5 loop passes.
161 likelihood evaluation calls and 141 matrix exponentiations calls were made

Row and/or column partition is empty. All the data will be used by default.
Model MG94customModel assigned to Lepus_timidus
Model MG94customModel assigned to Lepus_americanus
One branch tree supplied - hopefully this IS what you meant to do.
Rooted tree. Removing one branch - the left root child has been promoted to be the new root
Partition 0 reversible model flag computed as 1
Variable 't2.Lepus_americanus.nonSynRate' was not initialized prior to being used
Variable 't2.Lepus_americanus.synRate' was not initialized prior to being used
Auto-benchmarked an optimal number (6) of threads.
Set GUI update interval to every 5102-th LF evaluation.
Optimization settings:
	OPTIMIZATION_METHOD = 4
	OPTIMIZATION_PRECISION = 0.001
	MAXIMUM_ITERATIONS_PER_VARIABLE = 5000

Initial parameter values

t2.Lepus_americanus.nonSynRate = 0.1
t2.Lepus_americanus.synRate = 0.1
Optimization finished in 3 loop passes.
112 likelihood evaluation calls and 102 matrix exponentiations calls were made

Row and/or column partition is empty. All the data will be used by default.
Model MG94customModel assigned to Lepus_timidus
Model MG94customModel assigned to Ochotona_princeps
One branch tree supplied - hopefully this IS what you meant to do.
Rooted tree. Removing one branch - the left root child has been promoted to be the new root
Partition 0 reversible model flag computed as 1
Variable 't2.Ochotona_princeps.nonSynRate' was not initialized prior to being used
Variable 't2.Ochotona_princeps.synRate' was not initialized prior to being used
Auto-benchmarked an optimal number (4) of threads.
Set GUI update interval to every 5102-th LF evaluation.
Optimization settings:
	OPTIMIZATION_METHOD = 4
	OPTIMIZATION_PRECISION = 0.001
	MAXIMUM_ITERATIONS_PER_VARIABLE = 5000

Initial parameter values

t2.Ochotona_princeps.nonSynRate = 0.1
t2.Ochotona_princeps.synRate = 0.1
Optimization finished in 7 loop passes.
147 likelihood evaluation calls and 133 matrix exponentiations calls were made

Row and/or column partition is empty. All the data will be used by default.
Model MG94customModel assigned to Lepus_timidus
Model MG94customModel assigned to Ochotona_curzoniae
One branch tree supplied - hopefully this IS what you meant to do.
Rooted tree. Removing one branch - the left root child has been promoted to be the new root
Partition 0 reversible model flag computed as 1
Variable 't2.Ochotona_curzoniae.nonSynRate' was not initialized prior to being used
Variable 't2.Ochotona_curzoniae.synRate' was not initialized prior to being used
Auto-benchmarked an optimal number (3) of threads.
Set GUI update interval to every 4672-th LF evaluation.
Optimization settings:
	OPTIMIZATION_METHOD = 4
	OPTIMIZATION_PRECISION = 0.001
	MAXIMUM_ITERATIONS_PER_VARIABLE = 5000

Initial parameter values

t2.Ochotona_curzoniae.nonSynRate = 0.1
t2.Ochotona_curzoniae.synRate = 0.1
Optimization finished in 7 loop passes.
72 likelihood evaluation calls and 64 matrix exponentiations calls were made

Row and/or column partition is empty. All the data will be used by default.
Model MG94customModel assigned to Lepus_americanus
Model MG94customModel assigned to Ochotona_princeps
One branch tree supplied - hopefully this IS what you meant to do.
Rooted tree. Removing one branch - the left root child has been promoted to be the new root
Partition 0 reversible model flag computed as 1
Variable 't2.Ochotona_princeps.synRate' was not initialized prior to being used
Variable 't2.Ochotona_princeps.nonSynRate' was not initialized prior to being used
Auto-benchmarked an optimal number (3) of threads.
Set GUI update interval to every 5102-th LF evaluation.
Optimization settings:
	OPTIMIZATION_METHOD = 4
	OPTIMIZATION_PRECISION = 0.001
	MAXIMUM_ITERATIONS_PER_VARIABLE = 5000

Initial parameter values

t2.Ochotona_princeps.synRate = 0.1
t2.Ochotona_princeps.nonSynRate = 0.1
Optimization finished in 8 loop passes.
155 likelihood evaluation calls and 141 matrix exponentiations calls were made

Row and/or column partition is empty. All the data will be used by default.
Model MG94customModel assigned to Lepus_americanus
Model MG94customModel assigned to Ochotona_curzoniae
One branch tree supplied - hopefully this IS what you meant to do.
Rooted tree. Removing one branch - the left root child has been promoted to be the new root
Partition 0 reversible model flag computed as 1
Variable 't2.Ochotona_curzoniae.nonSynRate' was not initialized prior to being used
Variable 't2.Ochotona_curzoniae.synRate' was not initialized prior to being used
Auto-benchmarked an optimal number (4) of threads.
Set GUI update interval to every 4901-th LF evaluation.
Optimization settings:
	OPTIMIZATION_METHOD = 4
	OPTIMIZATION_PRECISION = 0.001
	MAXIMUM_ITERATIONS_PER_VARIABLE = 5000

Initial parameter values

t2.Ochotona_curzoniae.nonSynRate = 0.1
t2.Ochotona_curzoniae.synRate = 0.1
Optimization finished in 7 loop passes.
75 likelihood evaluation calls and 67 matrix exponentiations calls were made

Row and/or column partition is empty. All the data will be used by default.
Model MG94customModel assigned to Ochotona_princeps
Model MG94customModel assigned to Ochotona_curzoniae
One branch tree supplied - hopefully this IS what you meant to do.
Rooted tree. Removing one branch - the left root child has been promoted to be the new root
Partition 0 reversible model flag computed as 1
Auto-benchmarked an optimal number (3) of threads.
Set GUI update interval to every 809-th LF evaluation.
Optimization settings:
	OPTIMIZATION_METHOD = 4
	OPTIMIZATION_PRECISION = 0.001
	MAXIMUM_ITERATIONS_PER_VARIABLE = 5000

Initial parameter values

t2.Ochotona_curzoniae.nonSynRate = 0.1
t2.Ochotona_curzoniae.synRate = 0.1
Optimization finished in 5 loop passes.
67 likelihood evaluation calls and 53 matrix exponentiations calls were made
