Accipiter_gentilis	Aves	0.604	0.414	0.993	0.848	0.992	0.678	0.9	0.848	0.262	0.805	0.338	0.504	0.579	0.382	0.595	0.495	0.5
Anas_platyrhynchos	Aves	0.549	0.388	0.992	0.834	0.991	0.63	0.934	0.84	0.269	0.83	0.299	0.545	0.65	0.489	0.81	0.495	0.501
Antrostomus_carolinensis	Aves	0.498	0.389	0.995	0.858	0.992	0.62	0.904	0.858	0.249	0.814	0.338	0.493	0.54	0.356	0.712	0.496	0.501
Aptenodytes_forsteri	Aves	0.502	0.329	0.995	0.84	0.995	0.641	0.922	0.856	0.256	0.833	0.331	0.511	0.606	0.413	0.774	0.495	0.501
Apteryx_mantelli	Aves	0.465	0.42	0.996	0.833	0.994	0.377	0.903	0.857	0.239	0.778	0.315	0.485	0.579	0.393	0.749	0.496	0.5
Apteryx_rowi	Aves	0.465	0.42	0.996	0.833	0.994	0.377	0.903	0.857	0.239	0.778	0.315	0.485	0.579	0.393	0.749	0.496	0.5
Aquila_chrysaetos	Aves	0.589	0.445	0.993	0.845	0.992	0.677	0.9	0.847	0.252	0.796	0.338	0.503	0.556	0.38	0.557	0.495	0.5
Asarcornis_scutulata	Aves	0.513	0.406	0.993	0.83	0.992	0.598	0.929	0.842	0.257	0.838	0.335	0.543	0.645	0.5	0.788	0.495	0.501
Aythya_fuligula	Aves	0.509	0.416	0.994	0.832	0.992	0.603	0.928	0.841	0.256	0.84	0.333	0.544	0.642	0.5	0.793	0.496	0.501
Balearica_regulorum	Aves	0.504	0.407	0.993	0.839	0.988	0.575	0.914	0.851	0.253	0.796	0.368	0.529	0.568	0.394	0.582	0.495	0.5
Buteo_japonicus	Aves	0.526	0.38	0.994	0.857	0.995	0.65	0.903	0.851	0.252	0.817	0.34	0.519	0.552	0.386	0.593	0.495	0.5
Cairina_moschata	Aves	0.522	0.403	0.991	0.83	0.993	0.6	0.93	0.84	0.259	0.824	0.321	0.549	0.646	0.5	0.786	0.495	0.501
Calidris_pugnax	Aves	0.472	0.313	0.996	0.856	0.996	0.707	0.92	0.865	0.246	0.804	0.358	0.492	0.579	0.3	0.674	0.496	0.501
Caprimulgus_carolinensis	Aves	0.498	0.389	0.995	0.858	0.992	0.62	0.904	0.858	0.249	0.814	0.338	0.493	0.54	0.356	0.712	0.496	0.501
Cariama_cristata	Aves	0.472	0.357	0.995	0.853	0.997	0.67	0.91	0.85	0.245	0.806	0.328	0.508	0.547	0.345	0.601	0.495	0.5
Casuarius_casuarius	Aves	0.459	0.467	0.992	0.845	0.992	0.323	0.897	0.864	0.224	0.8	0.324	0.472	0.566	0.353	0.83	0.496	0.501
Charadrius_vociferus	Aves	0.378	0.33	0.997	0.872	0.997	0.809	0.919	0.868	0.254	0.799	0.358	0.498	0.551	0.285	0.616	0.496	0.5
Chauna_torquata	Aves	0.998	0.854	0.757	0.875	0.005	0.557	0.982	0.771	0.341	0.562	0.033	0.617	0.85	0.883	0.076	0.498	0.5
Colius_striatus	Aves	0.493	0.387	0.998	0.85	0.995	0.58	0.896	0.855	0.243	0.822	0.302	0.469	0.524	0.348	0.852	0.496	0.501
Corythaeola_cristata	Aves	0.414	0.397	0.996	0.844	0.998	0.679	0.911	0.852	0.255	0.816	0.353	0.504	0.562	0.38	0.693	0.495	0.501
Dromaius_novaehollandiae	Aves	0.429	0.439	0.994	0.86	0.995	0.655	0.904	0.866	0.23	0.811	0.338	0.463	0.543	0.346	0.825	0.496	0.501
Egretta_garzetta	Aves	0.457	0.348	0.996	0.847	0.995	0.653	0.914	0.857	0.24	0.784	0.348	0.49	0.53	0.342	0.67	0.496	0.5
Eurypyga_helias	Aves	0.495	0.357	0.995	0.845	0.995	0.467	0.904	0.856	0.255	0.838	0.333	0.501	0.543	0.372	0.757	0.496	0.501
Falco_biarmicus	Aves	0.515	0.427	0.993	0.84	0.992	0.536	0.911	0.849	0.249	0.835	0.344	0.514	0.571	0.373	0.722	0.495	0.501
Falco_cherrug	Aves	0.515	0.427	0.993	0.84	0.992	0.536	0.911	0.849	0.249	0.835	0.344	0.514	0.571	0.373	0.722	0.495	0.501
Falco_naumanni	Aves	0.514	0.434	0.992	0.838	0.992	0.529	0.911	0.849	0.25	0.833	0.334	0.512	0.572	0.381	0.73	0.495	0.501
Falco_peregrinus	Aves	0.506	0.442	0.993	0.846	0.991	0.564	0.911	0.848	0.252	0.831	0.342	0.512	0.557	0.364	0.739	0.495	0.501
Falco_rusticolus	Aves	0.515	0.427	0.993	0.84	0.992	0.536	0.911	0.849	0.249	0.835	0.344	0.514	0.571	0.373	0.722	0.495	0.501
Falco_tinnunculus	Aves	0.52	0.439	0.993	0.841	0.993	0.529	0.91	0.85	0.25	0.837	0.341	0.511	0.572	0.375	0.737	0.495	0.501
Gavia_stellata	Aves	0.516	0.387	0.994	0.848	0.993	0.632	0.907	0.853	0.255	0.815	0.344	0.514	0.554	0.372	0.671	0.496	0.501
Gymnogyps_californianus	Aves	0.489	0.359	0.994	0.851	0.994	0.691	0.91	0.854	0.249	0.847	0.34	0.498	0.562	0.358	0.682	0.495	0.501
Haliaeetus_albicilla	Aves	0.581	0.407	0.994	0.848	0.993	0.716	0.904	0.848	0.264	0.817	0.328	0.505	0.584	0.41	0.644	0.495	0.5
Haliaeetus_leucocephalus	Aves	0.581	0.407	0.994	0.848	0.993	0.716	0.904	0.848	0.264	0.817	0.328	0.505	0.584	0.41	0.644	0.495	0.5
Harpia_harpyja	Aves	0.61	0.413	0.994	0.851	0.992	0.691	0.901	0.845	0.263	0.818	0.336	0.497	0.575	0.418	0.608	0.496	0.5
Heteronetta_atricapilla	Aves	0.459	0.354	0.99	0.835	0.992	0.605	0.922	0.848	0.239	0.826	0.342	0.535	0.604	0.448	0.666	0.495	0.5
Leptosomus_discolor	Aves	0.513	0.377	0.995	0.847	0.995	0.627	0.917	0.849	0.257	0.855	0.325	0.513	0.572	0.407	0.719	0.495	0.501
Mesitornis_unicolor	Aves	0.506	0.448	0.994	0.843	0.996	0.474	0.898	0.846	0.254	0.817	0.332	0.478	0.564	0.366	0.747	0.496	0.501
Nettapus_auritus	Aves	0.487	0.361	0.995	0.84	0.992	0.663	0.93	0.849	0.247	0.851	0.366	0.533	0.608	0.438	0.777	0.495	0.501
Nipponia_nippon	Aves	0.567	0.365	0.994	0.846	0.994	0.524	0.905	0.847	0.258	0.832	0.32	0.482	0.584	0.375	0.736	0.496	0.501
Nothoprocta_perdicaria	Aves	0.373	0.343	0.996	0.866	0.99	0.878	0.908	0.86	0.231	0.784	0.301	0.433	0.48	0.34	0.718	0.496	0.5
Opisthocomus_hoazin	Aves	0.506	0.396	0.996	0.862	0.995	0.77	0.913	0.852	0.253	0.821	0.319	0.505	0.558	0.377	0.709	0.496	0.501
Pelecanus_crispus	Aves	0.513	0.318	0.993	0.845	0.996	0.596	0.927	0.848	0.251	0.875	0.328	0.542	0.594	0.444	0.708	0.496	0.501
Phaethon_lepturus	Aves	0.506	0.328	0.995	0.853	0.993	0.684	0.909	0.85	0.25	0.816	0.356	0.496	0.532	0.384	0.645	0.496	0.5
Phalacrocorax_carbo	Aves	0.494	0.304	0.994	0.838	0.992	0.614	0.914	0.85	0.249	0.807	0.342	0.499	0.532	0.346	0.656	0.495	0.5
Pterocles_gutturalis	Aves	0.472	0.341	0.995	0.857	0.993	0.608	0.902	0.858	0.238	0.798	0.329	0.482	0.562	0.356	0.669	0.496	0.501
Pygoscelis_adeliae	Aves	0.484	0.273	0.995	0.849	0.995	0.723	0.925	0.858	0.26	0.845	0.341	0.515	0.559	0.397	0.716	0.495	0.501
Rhynochetos_jubatus	Aves	0.473	0.296	0.992	0.833	0.995	0.485	0.919	0.851	0.249	0.865	0.314	0.51	0.557	0.412	0.669	0.494	0.501
Rissa_tridactyla	Aves	0.468	0.312	0.993	0.851	0.992	0.793	0.929	0.861	0.256	0.834	0.338	0.522	0.555	0.352	0.741	0.495	0.501
Spheniscus_demersus	Aves	0.489	0.311	0.992	0.84	0.995	0.673	0.925	0.852	0.254	0.837	0.32	0.528	0.599	0.469	0.762	0.495	0.501
Stictonetta_naevosa	Aves	0.454	0.414	0.995	0.84	0.995	0.672	0.928	0.839	0.259	0.8	0.318	0.542	0.611	0.455	0.714	0.495	0.5
Struthio_camelus	Aves	0.55	0.467	0.99	0.847	0.993	0.328	0.891	0.853	0.236	0.816	0.324	0.479	0.582	0.332	0.835	0.496	0.501
Tauraco_erythrolophus	Aves	0.437	0.411	0.995	0.835	0.997	0.688	0.925	0.853	0.258	0.796	0.348	0.522	0.578	0.38	0.703	0.495	0.501
Tinamus_guttatus	Aves	0.481	0.504	0.995	0.862	0.991	0.631	0.901	0.851	0.238	0.756	0.319	0.459	0.532	0.351	0.718	0.496	0.5
