
Loaded 'libv3/all-terms.bf' from /usr/local/lib/hyphy/TemplateBatchFiles/libv3/all-terms.bf
Loaded 'libv3/UtilityFunctions.bf' from /usr/local/lib/hyphy/TemplateBatchFiles/libv3/UtilityFunctions.bf
Loaded 'IOFunctions.bf' from /usr/local/lib/hyphy/TemplateBatchFiles/libv3/IOFunctions.bf
Already loaded 'libv3/UtilityFunctions.bf' from /usr/local/lib/hyphy/TemplateBatchFiles/libv3/UtilityFunctions.bf
Loaded 'convenience/regexp.bf' from /usr/local/lib/hyphy/TemplateBatchFiles/libv3/convenience/regexp.bf
Already loaded 'libv3/all-terms.bf' from /usr/local/lib/hyphy/TemplateBatchFiles/libv3/all-terms.bf
Already loaded 'libv3/IOFunctions.bf' from /usr/local/lib/hyphy/TemplateBatchFiles/libv3/IOFunctions.bf
Loaded 'libv3/tasks/estimators.bf' from /usr/local/lib/hyphy/TemplateBatchFiles/libv3/tasks/estimators.bf
Loaded '../models/model_functions.bf' from /usr/local/lib/hyphy/TemplateBatchFiles/libv3/models/model_functions.bf
Loaded 'DNA.bf' from /usr/local/lib/hyphy/TemplateBatchFiles/libv3/models/DNA.bf
Loaded 'frequencies.bf' from /usr/local/lib/hyphy/TemplateBatchFiles/libv3/models/frequencies.bf
Already loaded '../all-terms.bf' from /usr/local/lib/hyphy/TemplateBatchFiles/libv3/all-terms.bf
Loaded 'parameters.bf' from /usr/local/lib/hyphy/TemplateBatchFiles/libv3/models/parameters.bf
Loaded 'GrabBag' from /usr/local/lib/hyphy/TemplateBatchFiles/Utility/GrabBag.bf
Overwritten previously defined function:'_sortStringsAux'
Already loaded 'libv3/all-terms.bf' from /usr/local/lib/hyphy/TemplateBatchFiles/libv3/all-terms.bf
Already loaded '../UtilityFunctions.bf' from /usr/local/lib/hyphy/TemplateBatchFiles/libv3/UtilityFunctions.bf
Already loaded 'model_functions.bf' from /usr/local/lib/hyphy/TemplateBatchFiles/libv3/models/model_functions.bf
Already loaded 'libv3/all-terms.bf' from /usr/local/lib/hyphy/TemplateBatchFiles/libv3/all-terms.bf
Already loaded 'parameters.bf' from /usr/local/lib/hyphy/TemplateBatchFiles/libv3/models/parameters.bf
Already loaded 'frequencies.bf' from /usr/local/lib/hyphy/TemplateBatchFiles/libv3/models/frequencies.bf
Already loaded '../UtilityFunctions.bf' from /usr/local/lib/hyphy/TemplateBatchFiles/libv3/UtilityFunctions.bf
Already loaded '../convenience/regexp.bf' from /usr/local/lib/hyphy/TemplateBatchFiles/libv3/convenience/regexp.bf
Loaded '../models/DNA/GTR.bf' from /usr/local/lib/hyphy/TemplateBatchFiles/libv3/models/DNA/GTR.bf
Already loaded '../DNA.bf' from /usr/local/lib/hyphy/TemplateBatchFiles/libv3/models/DNA.bf
Already loaded '../parameters.bf' from /usr/local/lib/hyphy/TemplateBatchFiles/libv3/models/parameters.bf
Already loaded '../frequencies.bf' from /usr/local/lib/hyphy/TemplateBatchFiles/libv3/models/frequencies.bf
Already loaded '../../UtilityFunctions.bf' from /usr/local/lib/hyphy/TemplateBatchFiles/libv3/UtilityFunctions.bf
Already loaded 'libv3/all-terms.bf' from /usr/local/lib/hyphy/TemplateBatchFiles/libv3/all-terms.bf
Already loaded '../convenience/regexp.bf' from /usr/local/lib/hyphy/TemplateBatchFiles/libv3/convenience/regexp.bf
Already loaded 'libv3/all-terms.bf' from /usr/local/lib/hyphy/TemplateBatchFiles/libv3/all-terms.bf
Loaded 'libv3/tasks/alignments.bf' from /usr/local/lib/hyphy/TemplateBatchFiles/libv3/tasks/alignments.bf
Already loaded '../IOFunctions.bf' from /usr/local/lib/hyphy/TemplateBatchFiles/libv3/IOFunctions.bf
Already loaded '../all-terms.bf' from /usr/local/lib/hyphy/TemplateBatchFiles/libv3/all-terms.bf
Loaded 'libv3/models/codon.bf' from /usr/local/lib/hyphy/TemplateBatchFiles/libv3/models/codon.bf
Loaded '../tasks/genetic_code.bf' from /usr/local/lib/hyphy/TemplateBatchFiles/libv3/tasks/genetic_code.bf
Loaded 'libv3/convenience/matrix.bf' from /usr/local/lib/hyphy/TemplateBatchFiles/libv3/convenience/matrix.bf
Already loaded 'libv3/UtilityFunctions.bf' from /usr/local/lib/hyphy/TemplateBatchFiles/libv3/UtilityFunctions.bf
Already loaded 'libv3/all-terms.bf' from /usr/local/lib/hyphy/TemplateBatchFiles/libv3/all-terms.bf
Already loaded '../UtilityFunctions.bf' from /usr/local/lib/hyphy/TemplateBatchFiles/libv3/UtilityFunctions.bf
Loaded 'libv3/tasks/trees.bf' from /usr/local/lib/hyphy/TemplateBatchFiles/libv3/tasks/trees.bf
Already loaded '../IOFunctions.bf' from /usr/local/lib/hyphy/TemplateBatchFiles/libv3/IOFunctions.bf
Already loaded '../all-terms.bf' from /usr/local/lib/hyphy/TemplateBatchFiles/libv3/all-terms.bf
Already loaded '../convenience/regexp.bf' from /usr/local/lib/hyphy/TemplateBatchFiles/libv3/convenience/regexp.bf
Already loaded '../UtilityFunctions.bf' from /usr/local/lib/hyphy/TemplateBatchFiles/libv3/UtilityFunctions.bf
Loaded 'TreeTools' from /usr/local/lib/hyphy/TemplateBatchFiles/TreeTools.ibf
Already loaded 'libv3/tasks/genetic_code.bf' from /usr/local/lib/hyphy/TemplateBatchFiles/libv3/tasks/genetic_code.bf
Loaded 'modules/io_functions.ibf' from /usr/local/lib/hyphy/TemplateBatchFiles/SelectionAnalyses/modules/io_functions.ibf
Already loaded 'libv3/UtilityFunctions.bf' from /usr/local/lib/hyphy/TemplateBatchFiles/libv3/UtilityFunctions.bf
Already loaded 'libv3/IOFunctions.bf' from /usr/local/lib/hyphy/TemplateBatchFiles/libv3/IOFunctions.bf
Already loaded 'libv3/convenience/regexp.bf' from /usr/local/lib/hyphy/TemplateBatchFiles/libv3/convenience/regexp.bf
Already loaded 'libv3/all-terms.bf' from /usr/local/lib/hyphy/TemplateBatchFiles/libv3/all-terms.bf
Loaded 'modules/selection_lib.ibf' from /usr/local/lib/hyphy/TemplateBatchFiles/SelectionAnalyses/modules/selection_lib.ibf
Loaded 'libv3/models/codon/BS_REL.bf' from /usr/local/lib/hyphy/TemplateBatchFiles/libv3/models/codon/BS_REL.bf
Already loaded '../codon.bf' from /usr/local/lib/hyphy/TemplateBatchFiles/libv3/models/codon.bf
Already loaded '../DNA.bf' from /usr/local/lib/hyphy/TemplateBatchFiles/libv3/models/DNA.bf
Already loaded '../parameters.bf' from /usr/local/lib/hyphy/TemplateBatchFiles/libv3/models/parameters.bf
Already loaded '../frequencies.bf' from /usr/local/lib/hyphy/TemplateBatchFiles/libv3/models/frequencies.bf
Already loaded '../../UtilityFunctions.bf' from /usr/local/lib/hyphy/TemplateBatchFiles/libv3/UtilityFunctions.bf
Loaded 'MG_REV.bf' from /usr/local/lib/hyphy/TemplateBatchFiles/libv3/models/codon/MG_REV.bf
Already loaded '../codon.bf' from /usr/local/lib/hyphy/TemplateBatchFiles/libv3/models/codon.bf
Already loaded '../DNA.bf' from /usr/local/lib/hyphy/TemplateBatchFiles/libv3/models/DNA.bf
Already loaded '../parameters.bf' from /usr/local/lib/hyphy/TemplateBatchFiles/libv3/models/parameters.bf
Already loaded '../frequencies.bf' from /usr/local/lib/hyphy/TemplateBatchFiles/libv3/models/frequencies.bf
Already loaded '../../UtilityFunctions.bf' from /usr/local/lib/hyphy/TemplateBatchFiles/libv3/UtilityFunctions.bf
Loaded '../../convenience/math.bf' from /usr/local/lib/hyphy/TemplateBatchFiles/libv3/convenience/math.bf
Already loaded 'libv3/UtilityFunctions.bf' from /usr/local/lib/hyphy/TemplateBatchFiles/libv3/UtilityFunctions.bf
Already loaded 'libv3/convenience/math.bf' from /usr/local/lib/hyphy/TemplateBatchFiles/libv3/convenience/math.bf
Variable 'NORMALIZE_SEQUENCE_NAMES' was not initialized prior to being used
Loaded 'modules/shared-load-file.bf' from /usr/local/lib/hyphy/TemplateBatchFiles/SelectionAnalyses/modules/shared-load-file.bf
Variable 'MARKDOWN_OUTPUT' was not initialized prior to being used
Already loaded 'libv3/convenience/matrix.bf' from /usr/local/lib/hyphy/TemplateBatchFiles/libv3/convenience/matrix.bf
Already loaded 'libv3/UtilityFunctions.bf' from /usr/local/lib/hyphy/TemplateBatchFiles/libv3/UtilityFunctions.bf
Variable 'jN_Oucez.skipCodeSelectionStep' was not initialized prior to being used
Row and/or column partition is empty. All the data will be used by default.
Variable 'NEXUS_FILE_TREE_MATRIX' was not initialized prior to being used
Variable 'utility.ToggleEnvVariable.cache' was not initialized prior to being used
Variable 'TREE_NODE_NAME_MAPPING' was not initialized prior to being used
Variable 'TvEGqPRW.PROMPT_FOR_FILE' was not initialized prior to being used
Variable 'END_OF_FILE' was not initialized prior to being used
Variable '_DO_TREE_REBALANCE_' was not initialized prior to being used
Variable '_KEEP_I_LABELS_' was not initialized prior to being used
Variable 'INCLUDE_MODEL_SPECS' was not initialized prior to being used
Variable 'utility.ForEachPair.warn_non_rentrant' was not initialized prior to being used
Row and/or column partition is empty. All the data will be used by default.
Row and/or column partition is empty. All the data will be used by default.
Variable 'GNsGmhGC.cache' was not initialized prior to being used
Row and/or column partition is empty. All the data will be used by default.
Variable 'COUNT_GAPS_IN_FREQUENCIES' was not initialized prior to being used
Variable 'sTskhUgH.model_pi' was not initialized prior to being used
Model sTskhUgH.model assigned to Python_molurus
Model sTskhUgH.model assigned to Hydrophis_cyanocinctus
Model sTskhUgH.model assigned to Ptyas_mucosa
Model sTskhUgH.model assigned to Pantherophis_obsoletus
Model sTskhUgH.model assigned to Pantherophis_guttatus
Model sTskhUgH.model assigned to Node9
Model sTskhUgH.model assigned to Pituophis_catenifer
Model sTskhUgH.model assigned to Node8
Model sTskhUgH.model assigned to Node6
Model sTskhUgH.model assigned to Thamnophis_elegans
Model sTskhUgH.model assigned to Node5
Model sTskhUgH.model assigned to Node3
Model sTskhUgH.model assigned to Vipera_berus
Model sTskhUgH.model assigned to Crotalus_tigris
Model sTskhUgH.model assigned to Bothrops_jararaca
Model sTskhUgH.model assigned to Node17
Model sTskhUgH.model assigned to Protobothrops_mucrosquamatus
Model sTskhUgH.model assigned to Node16
Model sTskhUgH.model assigned to Node14
Model sTskhUgH.model assigned to Node2
Model sTskhUgH.model assigned to Varanus_komodoensis
Model sTskhUgH.model assigned to Anolis_carolinensis
Model sTskhUgH.model assigned to Phrynosoma_platyrhinos
Model sTskhUgH.model assigned to Sceloporus_undulatus
Model sTskhUgH.model assigned to Node26
Model sTskhUgH.model assigned to Node24
Model sTskhUgH.model assigned to Pogona_vitticeps
Model sTskhUgH.model assigned to Node23
Model sTskhUgH.model assigned to Node21
The tips of the tree:sTskhUgH.tree_0 were matched with the species names from the data in the following numeric order (0-based) {15,0,13,11,10,12,14,9,8,7,6,5,1,2,3,4}

Pseudo-optimal path's cost 4844 vs 10666 for 1..k=> a 2.2019 x improvement
Partition 0 reversible model flag computed as 1
Variable 'USE_LAST_RESULTS' was not initialized prior to being used
Variable 'sTskhUgH.tree_0.Python_molurus.t' was not initialized prior to being used
models.generic.SetBranchLength: sTskhUgH.tree_0.Python_molurus.t=237.5085951200554
Variable 'sTskhUgH.tree_0.Hydrophis_cyanocinctus.t' was not initialized prior to being used
models.generic.SetBranchLength: sTskhUgH.tree_0.Hydrophis_cyanocinctus.t=104.7977678058733
Variable 'sTskhUgH.tree_0.Ptyas_mucosa.t' was not initialized prior to being used
models.generic.SetBranchLength: sTskhUgH.tree_0.Ptyas_mucosa.t=84.71034661740448
Variable 'sTskhUgH.tree_0.Pantherophis_obsoletus.t' was not initialized prior to being used
models.generic.SetBranchLength: sTskhUgH.tree_0.Pantherophis_obsoletus.t=32.10766500224946
Variable 'sTskhUgH.tree_0.Pantherophis_guttatus.t' was not initialized prior to being used
models.generic.SetBranchLength: sTskhUgH.tree_0.Pantherophis_guttatus.t=32.10766500224946
Variable 'sTskhUgH.tree_0.Node9.t' was not initialized prior to being used
models.generic.SetBranchLength: sTskhUgH.tree_0.Node9.t=6.226407766963407
Variable 'sTskhUgH.tree_0.Pituophis_catenifer.t' was not initialized prior to being used
models.generic.SetBranchLength: sTskhUgH.tree_0.Pituophis_catenifer.t=38.33407276921287
Variable 'sTskhUgH.tree_0.Node8.t' was not initialized prior to being used
models.generic.SetBranchLength: sTskhUgH.tree_0.Node8.t=46.3762738481916
Variable 'sTskhUgH.tree_0.Node6.t' was not initialized prior to being used
models.generic.SetBranchLength: sTskhUgH.tree_0.Node6.t=11.40505715992797
Variable 'sTskhUgH.tree_0.Thamnophis_elegans.t' was not initialized prior to being used
models.generic.SetBranchLength: sTskhUgH.tree_0.Thamnophis_elegans.t=96.11540377733246
Variable 'sTskhUgH.tree_0.Node5.t' was not initialized prior to being used
models.generic.SetBranchLength: sTskhUgH.tree_0.Node5.t=8.682364028540817
Variable 'sTskhUgH.tree_0.Node3.t' was not initialized prior to being used
models.generic.SetBranchLength: sTskhUgH.tree_0.Node3.t=0.9491546167692705
Variable 'sTskhUgH.tree_0.Vipera_berus.t' was not initialized prior to being used
models.generic.SetBranchLength: sTskhUgH.tree_0.Vipera_berus.t=93.0976193118269
Variable 'sTskhUgH.tree_0.Crotalus_tigris.t' was not initialized prior to being used
models.generic.SetBranchLength: sTskhUgH.tree_0.Crotalus_tigris.t=61.89685412894927
Variable 'sTskhUgH.tree_0.Bothrops_jararaca.t' was not initialized prior to being used
models.generic.SetBranchLength: sTskhUgH.tree_0.Bothrops_jararaca.t=61.89685412894927
Variable 'sTskhUgH.tree_0.Node17.t' was not initialized prior to being used
models.generic.SetBranchLength: sTskhUgH.tree_0.Node17.t=8.27130736578512
Variable 'sTskhUgH.tree_0.Protobothrops_mucrosquamatus.t' was not initialized prior to being used
models.generic.SetBranchLength: sTskhUgH.tree_0.Protobothrops_mucrosquamatus.t=70.16816149473438
Variable 'sTskhUgH.tree_0.Node16.t' was not initialized prior to being used
models.generic.SetBranchLength: sTskhUgH.tree_0.Node16.t=22.92945781709252
Variable 'sTskhUgH.tree_0.Node14.t' was not initialized prior to being used
models.generic.SetBranchLength: sTskhUgH.tree_0.Node14.t=12.64930311081563
Variable 'sTskhUgH.tree_0.Node2.t' was not initialized prior to being used
models.generic.SetBranchLength: sTskhUgH.tree_0.Node2.t=131.7616726974129
Variable 'sTskhUgH.tree_0.Varanus_komodoensis.t' was not initialized prior to being used
models.generic.SetBranchLength: sTskhUgH.tree_0.Varanus_komodoensis.t=435.1760112371178
Variable 'sTskhUgH.tree_0.Anolis_carolinensis.t' was not initialized prior to being used
models.generic.SetBranchLength: sTskhUgH.tree_0.Anolis_carolinensis.t=234.8777494086993
Variable 'sTskhUgH.tree_0.Phrynosoma_platyrhinos.t' was not initialized prior to being used
models.generic.SetBranchLength: sTskhUgH.tree_0.Phrynosoma_platyrhinos.t=149.8216943080005
Variable 'sTskhUgH.tree_0.Sceloporus_undulatus.t' was not initialized prior to being used
models.generic.SetBranchLength: sTskhUgH.tree_0.Sceloporus_undulatus.t=149.8216943080005
Variable 'sTskhUgH.tree_0.Node26.t' was not initialized prior to being used
models.generic.SetBranchLength: sTskhUgH.tree_0.Node26.t=85.05605510069886
Variable 'sTskhUgH.tree_0.Node24.t' was not initialized prior to being used
models.generic.SetBranchLength: sTskhUgH.tree_0.Node24.t=170.5024825039595
Variable 'sTskhUgH.tree_0.Pogona_vitticeps.t' was not initialized prior to being used
models.generic.SetBranchLength: sTskhUgH.tree_0.Pogona_vitticeps.t=405.3802319126589
Variable 'sTskhUgH.tree_0.Node23.t' was not initialized prior to being used
models.generic.SetBranchLength: sTskhUgH.tree_0.Node23.t=29.79577932445904
Variable 'sTskhUgH.tree_0.Node21.t' was not initialized prior to being used
models.generic.SetBranchLength: sTskhUgH.tree_0.Node21.t=219.1264845164619
Variable 'sTskhUgH.sTskhUgH.likelihoodFunction' was not initialized prior to being used
Variable 'SAVE_OPT_STATUS_TO' was not initialized prior to being used
Auto-benchmarked an optimal number (1) of threads.
Set GUI update interval to every 1213-th LF evaluation.
Optimization settings:
	OPTIMIZATION_METHOD = 4
	OPTIMIZATION_PRECISION = 0.001
	MAXIMUM_ITERATIONS_PER_VARIABLE = 5000

Initial parameter values

sTskhUgH.model.theta_GT = 0.25
sTskhUgH.model.theta_CT = 1
sTskhUgH.model.theta_AC = 0.25
sTskhUgH.model.theta_CG = 0.25
sTskhUgH.model.theta_AT = 0.25
sTskhUgH.tree_0.Python_molurus.t = 237.509
sTskhUgH.tree_0.Hydrophis_cyanocinctus.t = 104.798
sTskhUgH.tree_0.Ptyas_mucosa.t = 84.7103
sTskhUgH.tree_0.Pantherophis_obsoletus.t = 32.1077
sTskhUgH.tree_0.Pantherophis_guttatus.t = 32.1077
sTskhUgH.tree_0.Node9.t = 6.22641
sTskhUgH.tree_0.Pituophis_catenifer.t = 38.3341
sTskhUgH.tree_0.Node8.t = 46.3763
sTskhUgH.tree_0.Node6.t = 11.4051
sTskhUgH.tree_0.Thamnophis_elegans.t = 96.1154
sTskhUgH.tree_0.Node5.t = 8.68236
sTskhUgH.tree_0.Node3.t = 0.949155
sTskhUgH.tree_0.Vipera_berus.t = 93.0976
sTskhUgH.tree_0.Crotalus_tigris.t = 61.8969
sTskhUgH.tree_0.Bothrops_jararaca.t = 61.8969
sTskhUgH.tree_0.Node17.t = 8.27131
sTskhUgH.tree_0.Protobothrops_mucrosquamatus.t = 70.1682
sTskhUgH.tree_0.Node16.t = 22.9295
sTskhUgH.tree_0.Node14.t = 12.6493
sTskhUgH.tree_0.Node2.t = 131.762
sTskhUgH.tree_0.Varanus_komodoensis.t = 435.176
sTskhUgH.tree_0.Anolis_carolinensis.t = 234.878
sTskhUgH.tree_0.Phrynosoma_platyrhinos.t = 149.822
sTskhUgH.tree_0.Sceloporus_undulatus.t = 149.822
sTskhUgH.tree_0.Node26.t = 85.0561
sTskhUgH.tree_0.Node24.t = 170.502
sTskhUgH.tree_0.Pogona_vitticeps.t = 405.38
sTskhUgH.tree_0.Node23.t = 29.7958
sTskhUgH.tree_0.Node21.t = 219.126
Optimization finished in 29 loop passes.
3323 likelihood evaluation calls and 25557 matrix exponentiations calls were made

Variable 'BRANCH_LENGTH_STENCIL' was not initialized prior to being used
Variable 'sTskhUgH.option' was not initialized prior to being used
Variable 'busted.terms.json.nucleotide_gtr' was not initialized prior to being used
Variable 'Unknown' was not initialized prior to being used
Variable 'XUtHHLQH.initial_value' was not initialized prior to being used
Variable 'uLZzTDnn.data_filter' was not initialized prior to being used
Row and/or column partition is empty. All the data will be used by default.
Auto-benchmarked an optimal number (2) of threads.
Set GUI update interval to every 2873-th LF evaluation.
Optimization settings:
	OPTIMIZATION_METHOD = 4
	OPTIMIZATION_PRECISION = 0.001
	MAXIMUM_ITERATIONS_PER_VARIABLE = 5000

Initial parameter values

frequencies._aux.CF3x4.p0_0 = 0.346006
frequencies._aux.CF3x4.p0_1 = 0.237098
frequencies._aux.CF3x4.p0_2 = 0.472218
frequencies._aux.CF3x4.p1_0 = 0.277108
frequencies._aux.CF3x4.p1_1 = 0.278947
frequencies._aux.CF3x4.p1_2 = 0.279229
frequencies._aux.CF3x4.p2_0 = 0.254142
frequencies._aux.CF3x4.p2_1 = 0.313026
frequencies._aux.CF3x4.p2_2 = 0.339123
Optimization finished in 5 loop passes.
197 likelihood evaluation calls and 0 matrix exponentiations calls were made

Variable 'uLZzTDnn.model_MGREV_pi' was not initialized prior to being used
Model uLZzTDnn.model_MGREV assigned to Python_molurus
Model uLZzTDnn.model_MGREV assigned to Hydrophis_cyanocinctus
Model uLZzTDnn.model_MGREV assigned to Ptyas_mucosa
Model uLZzTDnn.model_MGREV assigned to Pantherophis_obsoletus
Model uLZzTDnn.model_MGREV assigned to Pantherophis_guttatus
Model uLZzTDnn.model_MGREV assigned to Node9
Model uLZzTDnn.model_MGREV assigned to Pituophis_catenifer
Model uLZzTDnn.model_MGREV assigned to Node8
Model uLZzTDnn.model_MGREV assigned to Node6
Model uLZzTDnn.model_MGREV assigned to Thamnophis_elegans
Model uLZzTDnn.model_MGREV assigned to Node5
Model uLZzTDnn.model_MGREV assigned to Node3
Model uLZzTDnn.model_MGREV assigned to Vipera_berus
Model uLZzTDnn.model_MGREV assigned to Crotalus_tigris
Model uLZzTDnn.model_MGREV assigned to Bothrops_jararaca
Model uLZzTDnn.model_MGREV assigned to Node17
Model uLZzTDnn.model_MGREV assigned to Protobothrops_mucrosquamatus
Model uLZzTDnn.model_MGREV assigned to Node16
Model uLZzTDnn.model_MGREV assigned to Node14
Model uLZzTDnn.model_MGREV assigned to Node2
Model uLZzTDnn.model_MGREV assigned to Varanus_komodoensis
Model uLZzTDnn.model_MGREV assigned to Anolis_carolinensis
Model uLZzTDnn.model_MGREV assigned to Phrynosoma_platyrhinos
Model uLZzTDnn.model_MGREV assigned to Sceloporus_undulatus
Model uLZzTDnn.model_MGREV assigned to Node26
Model uLZzTDnn.model_MGREV assigned to Node24
Model uLZzTDnn.model_MGREV assigned to Pogona_vitticeps
Model uLZzTDnn.model_MGREV assigned to Node23
Model uLZzTDnn.model_MGREV assigned to Node21
The tips of the tree:uLZzTDnn.tree_0 were matched with the species names from the data in the following numeric order (0-based) {15,0,13,11,10,12,14,9,8,7,6,5,1,2,3,4}

Pseudo-optimal path's cost 6527 vs 9597 for 1..k=> a 1.47035 x improvement
Partition 0 reversible model flag computed as 1
Variable 'uLZzTDnn.uLZzTDnn.likelihoodFunction' was not initialized prior to being used
Variable 'uLZzTDnn.tree_0.Python_molurus.alpha' was not initialized prior to being used
Variable 'uLZzTDnn.tree_0.Hydrophis_cyanocinctus.alpha' was not initialized prior to being used
Variable 'uLZzTDnn.tree_0.Ptyas_mucosa.alpha' was not initialized prior to being used
Variable 'uLZzTDnn.tree_0.Pantherophis_obsoletus.alpha' was not initialized prior to being used
Variable 'uLZzTDnn.tree_0.Pantherophis_guttatus.alpha' was not initialized prior to being used
Variable 'uLZzTDnn.tree_0.Node9.alpha' was not initialized prior to being used
Variable 'uLZzTDnn.tree_0.Pituophis_catenifer.alpha' was not initialized prior to being used
Variable 'uLZzTDnn.tree_0.Node8.alpha' was not initialized prior to being used
Variable 'uLZzTDnn.tree_0.Node6.alpha' was not initialized prior to being used
Variable 'uLZzTDnn.tree_0.Thamnophis_elegans.alpha' was not initialized prior to being used
Variable 'uLZzTDnn.tree_0.Node5.alpha' was not initialized prior to being used
Variable 'uLZzTDnn.tree_0.Node3.alpha' was not initialized prior to being used
Variable 'uLZzTDnn.tree_0.Vipera_berus.alpha' was not initialized prior to being used
Variable 'uLZzTDnn.tree_0.Crotalus_tigris.alpha' was not initialized prior to being used
Variable 'uLZzTDnn.tree_0.Bothrops_jararaca.alpha' was not initialized prior to being used
Variable 'uLZzTDnn.tree_0.Node17.alpha' was not initialized prior to being used
Variable 'uLZzTDnn.tree_0.Protobothrops_mucrosquamatus.alpha' was not initialized prior to being used
Variable 'uLZzTDnn.tree_0.Node16.alpha' was not initialized prior to being used
Variable 'uLZzTDnn.tree_0.Node14.alpha' was not initialized prior to being used
Variable 'uLZzTDnn.tree_0.Node2.alpha' was not initialized prior to being used
Variable 'uLZzTDnn.tree_0.Varanus_komodoensis.alpha' was not initialized prior to being used
Variable 'uLZzTDnn.tree_0.Anolis_carolinensis.alpha' was not initialized prior to being used
Variable 'uLZzTDnn.tree_0.Phrynosoma_platyrhinos.alpha' was not initialized prior to being used
Variable 'uLZzTDnn.tree_0.Sceloporus_undulatus.alpha' was not initialized prior to being used
Variable 'uLZzTDnn.tree_0.Node26.alpha' was not initialized prior to being used
Variable 'uLZzTDnn.tree_0.Node24.alpha' was not initialized prior to being used
Variable 'uLZzTDnn.tree_0.Pogona_vitticeps.alpha' was not initialized prior to being used
Variable 'uLZzTDnn.tree_0.Node23.alpha' was not initialized prior to being used
Variable 'uLZzTDnn.tree_0.Node21.alpha' was not initialized prior to being used
Site 50 evaluated to a 0 probability in ComputeTreeBlockByBranch
Site 171 evaluated to a 0 probability in ComputeTreeBlockByBranch
Site 50 evaluated to a 0 probability in ComputeTreeBlockByBranch
Site 181 evaluated to a 0 probability in ComputeTreeBlockByBranch
Site 81 evaluated to a 0 probability in ComputeTreeBlockByBranch
Site 50 evaluated to a 0 probability in ComputeTreeBlockByBranch
Auto-benchmarked an optimal number (2) of threads.
Set GUI update interval to every 18-th LF evaluation.
Initial guess for uLZzTDnn.tree_0.Node2.alpha is 1.49653e-05
Initial guess for uLZzTDnn.tree_0.Node3.alpha is 5.0368e-06
Initial guess for uLZzTDnn.tree_0.Hydrophis_cyanocinctus.alpha is 2.31491e-05
Initial guess for uLZzTDnn.tree_0.Node5.alpha is -5.50268e-07
Initial guess for uLZzTDnn.tree_0.Node6.alpha is 7.69311e-06
Initial guess for uLZzTDnn.tree_0.Ptyas_mucosa.alpha is 4.79583e-05
Initial guess for uLZzTDnn.tree_0.Node8.alpha is 7.76322e-06
Initial guess for uLZzTDnn.tree_0.Node9.alpha is -2.37643e-06
Initial guess for uLZzTDnn.tree_0.Pantherophis_obsoletus.alpha is 7.44163e-06
Initial guess for uLZzTDnn.tree_0.Pantherophis_guttatus.alpha is 5.47132e-07
Initial guess for uLZzTDnn.tree_0.Pituophis_catenifer.alpha is 4.73453e-07
Initial guess for uLZzTDnn.tree_0.Thamnophis_elegans.alpha is 4.61598e-06
Initial guess for uLZzTDnn.tree_0.Node14.alpha is 8.34845e-06
Initial guess for uLZzTDnn.tree_0.Vipera_berus.alpha is 1.25032e-05
Initial guess for uLZzTDnn.tree_0.Node16.alpha is 1.59615e-06
Initial guess for uLZzTDnn.tree_0.Node17.alpha is 1.39387e-06
Initial guess for uLZzTDnn.tree_0.Crotalus_tigris.alpha is 1.16671e-05
Initial guess for uLZzTDnn.tree_0.Bothrops_jararaca.alpha is 3.21181e-06
Initial guess for uLZzTDnn.tree_0.Protobothrops_mucrosquamatus.alpha is 7.01356e-06
Initial guess for uLZzTDnn.tree_0.Node21.alpha is 5.27429e-05
Initial guess for uLZzTDnn.tree_0.Varanus_komodoensis.alpha is 1.59819e-06
Initial guess for uLZzTDnn.tree_0.Node23.alpha is -5.17832e-07
Initial guess for uLZzTDnn.tree_0.Node24.alpha is 1.95859e-05
Initial guess for uLZzTDnn.tree_0.Anolis_carolinensis.alpha is 6.47078e-05
Initial guess for uLZzTDnn.tree_0.Node26.alpha is 1.5228e-05
Initial guess for uLZzTDnn.tree_0.Phrynosoma_platyrhinos.alpha is 4.88417e-05
Initial guess for uLZzTDnn.tree_0.Sceloporus_undulatus.alpha is 1.51925e-05
Initial guess for uLZzTDnn.tree_0.Pogona_vitticeps.alpha is 1.53954e-05
Optimization settings:
	OPTIMIZATION_METHOD = 4
	OPTIMIZATION_PRECISION = 0.001
	MAXIMUM_ITERATIONS_PER_VARIABLE = 5000

Initial parameter values

uLZzTDnn.model_MGREV.theta_GT = 1
uLZzTDnn.model_MGREV.theta_CT = 1
uLZzTDnn.model_MGREV.theta_CG = 1
uLZzTDnn.model_MGREV.theta_AT = 1
uLZzTDnn.model_MGREV.theta_AC = 1
uLZzTDnn.model_MGREV.omega_0 = 1
uLZzTDnn.tree_0.Python_molurus.alpha = 0.1
uLZzTDnn.tree_0.Hydrophis_cyanocinctus.alpha = 2.31491e-05
uLZzTDnn.tree_0.Ptyas_mucosa.alpha = 4.79583e-05
uLZzTDnn.tree_0.Pantherophis_obsoletus.alpha = 7.44163e-06
uLZzTDnn.tree_0.Pantherophis_guttatus.alpha = 5.47132e-07
uLZzTDnn.tree_0.Node9.alpha = 0
uLZzTDnn.tree_0.Pituophis_catenifer.alpha = 4.73453e-07
uLZzTDnn.tree_0.Node8.alpha = 7.76322e-06
uLZzTDnn.tree_0.Node6.alpha = 7.69311e-06
uLZzTDnn.tree_0.Thamnophis_elegans.alpha = 4.61598e-06
uLZzTDnn.tree_0.Node5.alpha = 0
uLZzTDnn.tree_0.Node3.alpha = 5.0368e-06
uLZzTDnn.tree_0.Vipera_berus.alpha = 1.25032e-05
uLZzTDnn.tree_0.Crotalus_tigris.alpha = 1.16671e-05
uLZzTDnn.tree_0.Bothrops_jararaca.alpha = 3.21181e-06
uLZzTDnn.tree_0.Node17.alpha = 1.39387e-06
uLZzTDnn.tree_0.Protobothrops_mucrosquamatus.alpha = 7.01356e-06
uLZzTDnn.tree_0.Node16.alpha = 1.59615e-06
uLZzTDnn.tree_0.Node14.alpha = 8.34845e-06
uLZzTDnn.tree_0.Node2.alpha = 1.49653e-05
uLZzTDnn.tree_0.Varanus_komodoensis.alpha = 1.59819e-06
uLZzTDnn.tree_0.Anolis_carolinensis.alpha = 6.47078e-05
uLZzTDnn.tree_0.Phrynosoma_platyrhinos.alpha = 4.88417e-05
uLZzTDnn.tree_0.Sceloporus_undulatus.alpha = 1.51925e-05
uLZzTDnn.tree_0.Node26.alpha = 1.5228e-05
uLZzTDnn.tree_0.Node24.alpha = 1.95859e-05
uLZzTDnn.tree_0.Pogona_vitticeps.alpha = 1.53954e-05
uLZzTDnn.tree_0.Node23.alpha = 0
uLZzTDnn.tree_0.Node21.alpha = 5.27429e-05
uLZzTDnn.model_MGREV.omega_1 = 1
Failing bound checks on uLZzTDnn.tree_0.Crotalus_tigris.beta =         10074.20821565995
Optimization finished in 40 loop passes.
5571 likelihood evaluation calls and 38637 matrix exponentiations calls were made

Row and/or column partition is empty. All the data will be used by default.
Auto-benchmarked an optimal number (3) of threads.
Set GUI update interval to every 2840-th LF evaluation.
Optimization settings:
	OPTIMIZATION_METHOD = 4
	OPTIMIZATION_PRECISION = 0.001
	MAXIMUM_ITERATIONS_PER_VARIABLE = 5000

Initial parameter values

frequencies._aux.CF3x4.p0_0 = 0.346006
frequencies._aux.CF3x4.p0_1 = 0.237098
frequencies._aux.CF3x4.p0_2 = 0.472218
frequencies._aux.CF3x4.p1_0 = 0.277108
frequencies._aux.CF3x4.p1_1 = 0.278947
frequencies._aux.CF3x4.p1_2 = 0.279229
frequencies._aux.CF3x4.p2_0 = 0.254142
frequencies._aux.CF3x4.p2_1 = 0.313026
frequencies._aux.CF3x4.p2_2 = 0.339123
Optimization finished in 5 loop passes.
198 likelihood evaluation calls and 0 matrix exponentiations calls were made

Variable 'uLZzTDnn.model_MGREV_pi' was not initialized prior to being used
Model uLZzTDnn.model_MGREV assigned to Python_molurus
Model uLZzTDnn.model_MGREV assigned to Hydrophis_cyanocinctus
Model uLZzTDnn.model_MGREV assigned to Ptyas_mucosa
Model uLZzTDnn.model_MGREV assigned to Pantherophis_obsoletus
Model uLZzTDnn.model_MGREV assigned to Pantherophis_guttatus
Model uLZzTDnn.model_MGREV assigned to Node9
Model uLZzTDnn.model_MGREV assigned to Pituophis_catenifer
Model uLZzTDnn.model_MGREV assigned to Node8
Model uLZzTDnn.model_MGREV assigned to Node6
Model uLZzTDnn.model_MGREV assigned to Thamnophis_elegans
Model uLZzTDnn.model_MGREV assigned to Node5
Model uLZzTDnn.model_MGREV assigned to Node3
Model uLZzTDnn.model_MGREV assigned to Vipera_berus
Model uLZzTDnn.model_MGREV assigned to Crotalus_tigris
Model uLZzTDnn.model_MGREV assigned to Bothrops_jararaca
Model uLZzTDnn.model_MGREV assigned to Node17
Model uLZzTDnn.model_MGREV assigned to Protobothrops_mucrosquamatus
Model uLZzTDnn.model_MGREV assigned to Node16
Model uLZzTDnn.model_MGREV assigned to Node14
Model uLZzTDnn.model_MGREV assigned to Node2
Model uLZzTDnn.model_MGREV assigned to Varanus_komodoensis
Model uLZzTDnn.model_MGREV assigned to Anolis_carolinensis
Model uLZzTDnn.model_MGREV assigned to Phrynosoma_platyrhinos
Model uLZzTDnn.model_MGREV assigned to Sceloporus_undulatus
Model uLZzTDnn.model_MGREV assigned to Node26
Model uLZzTDnn.model_MGREV assigned to Node24
Model uLZzTDnn.model_MGREV assigned to Pogona_vitticeps
Model uLZzTDnn.model_MGREV assigned to Node23
Model uLZzTDnn.model_MGREV assigned to Node21
The tips of the tree:uLZzTDnn.tree_0 were matched with the species names from the data in the following numeric order (0-based) {15,0,13,11,10,12,14,9,8,7,6,5,1,2,3,4}

Pseudo-optimal path's cost 6527 vs 9597 for 1..k=> a 1.47035 x improvement
Partition 0 reversible model flag computed as 1
Variable 'uLZzTDnn.tree_0.Pogona_vitticeps.alpha' was not initialized prior to being used
Variable 'uLZzTDnn.tree_0.Node24.alpha' was not initialized prior to being used
Variable 'uLZzTDnn.tree_0.Node23.alpha' was not initialized prior to being used
Variable 'uLZzTDnn.tree_0.Hydrophis_cyanocinctus.alpha' was not initialized prior to being used
Variable 'uLZzTDnn.tree_0.Node26.alpha' was not initialized prior to being used
Variable 'uLZzTDnn.tree_0.Sceloporus_undulatus.alpha' was not initialized prior to being used
Variable 'uLZzTDnn.tree_0.Pantherophis_obsoletus.alpha' was not initialized prior to being used
Variable 'uLZzTDnn.tree_0.Phrynosoma_platyrhinos.alpha' was not initialized prior to being used
Variable 'uLZzTDnn.tree_0.Anolis_carolinensis.alpha' was not initialized prior to being used
Variable 'uLZzTDnn.tree_0.Pantherophis_guttatus.alpha' was not initialized prior to being used
Variable 'uLZzTDnn.tree_0.Varanus_komodoensis.alpha' was not initialized prior to being used
Variable 'uLZzTDnn.tree_0.Node2.alpha' was not initialized prior to being used
Variable 'uLZzTDnn.tree_0.Node14.alpha' was not initialized prior to being used
Variable 'uLZzTDnn.tree_0.Node9.alpha' was not initialized prior to being used
Variable 'uLZzTDnn.tree_0.Node16.alpha' was not initialized prior to being used
Variable 'uLZzTDnn.tree_0.Protobothrops_mucrosquamatus.alpha' was not initialized prior to being used
Variable 'uLZzTDnn.tree_0.Thamnophis_elegans.alpha' was not initialized prior to being used
Variable 'uLZzTDnn.tree_0.Node17.alpha' was not initialized prior to being used
Variable 'uLZzTDnn.tree_0.Node8.alpha' was not initialized prior to being used
Variable 'uLZzTDnn.tree_0.Bothrops_jararaca.alpha' was not initialized prior to being used
Variable 'uLZzTDnn.tree_0.Crotalus_tigris.alpha' was not initialized prior to being used
Variable 'uLZzTDnn.tree_0.Vipera_berus.alpha' was not initialized prior to being used
Variable 'uLZzTDnn.tree_0.Python_molurus.alpha' was not initialized prior to being used
Variable 'uLZzTDnn.tree_0.Node3.alpha' was not initialized prior to being used
Variable 'uLZzTDnn.tree_0.Node5.alpha' was not initialized prior to being used
Variable 'uLZzTDnn.tree_0.Ptyas_mucosa.alpha' was not initialized prior to being used
Variable 'uLZzTDnn.tree_0.Pituophis_catenifer.alpha' was not initialized prior to being used
Variable 'uLZzTDnn.tree_0.Node6.alpha' was not initialized prior to being used
Variable 'uLZzTDnn.tree_0.Node21.alpha' was not initialized prior to being used
Site 50 evaluated to a 0 probability in ComputeTreeBlockByBranch
Site 171 evaluated to a 0 probability in ComputeTreeBlockByBranch
Site 50 evaluated to a 0 probability in ComputeTreeBlockByBranch
Site 181 evaluated to a 0 probability in ComputeTreeBlockByBranch
Site 81 evaluated to a 0 probability in ComputeTreeBlockByBranch
Site 50 evaluated to a 0 probability in ComputeTreeBlockByBranch
Site 233 evaluated to a 0 probability in ComputeTreeBlockByBranch
Site 53 evaluated to a 0 probability in ComputeTreeBlockByBranch
Site 50 evaluated to a 0 probability in ComputeTreeBlockByBranch
Site 335 evaluated to a 0 probability in ComputeTreeBlockByBranch
Auto-benchmarked an optimal number (3) of threads.
Set GUI update interval to every 14-th LF evaluation.
Initial guess for uLZzTDnn.tree_0.Node2.alpha is 1.49653e-05
Initial guess for uLZzTDnn.tree_0.Node3.alpha is 5.0368e-06
Initial guess for uLZzTDnn.tree_0.Hydrophis_cyanocinctus.alpha is 2.31491e-05
Initial guess for uLZzTDnn.tree_0.Node5.alpha is -5.50268e-07
Initial guess for uLZzTDnn.tree_0.Node6.alpha is 7.69311e-06
Initial guess for uLZzTDnn.tree_0.Ptyas_mucosa.alpha is 4.79583e-05
Initial guess for uLZzTDnn.tree_0.Node8.alpha is 7.76322e-06
Initial guess for uLZzTDnn.tree_0.Node9.alpha is -2.37643e-06
Initial guess for uLZzTDnn.tree_0.Pantherophis_obsoletus.alpha is 7.44163e-06
Initial guess for uLZzTDnn.tree_0.Pantherophis_guttatus.alpha is 5.47132e-07
Initial guess for uLZzTDnn.tree_0.Pituophis_catenifer.alpha is 4.73453e-07
Initial guess for uLZzTDnn.tree_0.Thamnophis_elegans.alpha is 4.61598e-06
Initial guess for uLZzTDnn.tree_0.Node14.alpha is 8.34845e-06
Initial guess for uLZzTDnn.tree_0.Vipera_berus.alpha is 1.25032e-05
Initial guess for uLZzTDnn.tree_0.Node16.alpha is 1.59615e-06
Initial guess for uLZzTDnn.tree_0.Node17.alpha is 1.39387e-06
Initial guess for uLZzTDnn.tree_0.Crotalus_tigris.alpha is 1.16671e-05
Initial guess for uLZzTDnn.tree_0.Bothrops_jararaca.alpha is 3.21181e-06
Initial guess for uLZzTDnn.tree_0.Protobothrops_mucrosquamatus.alpha is 7.01356e-06
Initial guess for uLZzTDnn.tree_0.Node21.alpha is 5.27429e-05
Initial guess for uLZzTDnn.tree_0.Varanus_komodoensis.alpha is 1.59819e-06
Initial guess for uLZzTDnn.tree_0.Node23.alpha is -5.17832e-07
Initial guess for uLZzTDnn.tree_0.Node24.alpha is 1.95859e-05
Initial guess for uLZzTDnn.tree_0.Anolis_carolinensis.alpha is 6.47078e-05
Initial guess for uLZzTDnn.tree_0.Node26.alpha is 1.5228e-05
Initial guess for uLZzTDnn.tree_0.Phrynosoma_platyrhinos.alpha is 4.88417e-05
Initial guess for uLZzTDnn.tree_0.Sceloporus_undulatus.alpha is 1.51925e-05
Initial guess for uLZzTDnn.tree_0.Pogona_vitticeps.alpha is 1.53954e-05
Optimization settings:
	OPTIMIZATION_METHOD = 4
	OPTIMIZATION_PRECISION = 0.001
	MAXIMUM_ITERATIONS_PER_VARIABLE = 5000

Initial parameter values

uLZzTDnn.model_MGREV.theta_CT = 1
uLZzTDnn.model_MGREV.theta_GT = 1
uLZzTDnn.model_MGREV.theta_CG = 1
uLZzTDnn.model_MGREV.theta_AC = 1
uLZzTDnn.model_MGREV.theta_AT = 1
uLZzTDnn.model_MGREV.omega_0 = 1
uLZzTDnn.tree_0.Python_molurus.alpha = 0.1
uLZzTDnn.tree_0.Hydrophis_cyanocinctus.alpha = 2.31491e-05
uLZzTDnn.tree_0.Ptyas_mucosa.alpha = 4.79583e-05
uLZzTDnn.tree_0.Pantherophis_obsoletus.alpha = 7.44163e-06
uLZzTDnn.tree_0.Pantherophis_guttatus.alpha = 5.47132e-07
uLZzTDnn.tree_0.Node9.alpha = 0
uLZzTDnn.tree_0.Pituophis_catenifer.alpha = 4.73453e-07
uLZzTDnn.tree_0.Node8.alpha = 7.76322e-06
uLZzTDnn.tree_0.Node6.alpha = 7.69311e-06
uLZzTDnn.tree_0.Thamnophis_elegans.alpha = 4.61598e-06
uLZzTDnn.tree_0.Node5.alpha = 0
uLZzTDnn.tree_0.Node3.alpha = 5.0368e-06
uLZzTDnn.tree_0.Vipera_berus.alpha = 1.25032e-05
uLZzTDnn.tree_0.Crotalus_tigris.alpha = 1.16671e-05
uLZzTDnn.tree_0.Bothrops_jararaca.alpha = 3.21181e-06
uLZzTDnn.tree_0.Node17.alpha = 1.39387e-06
uLZzTDnn.tree_0.Protobothrops_mucrosquamatus.alpha = 7.01356e-06
uLZzTDnn.tree_0.Node16.alpha = 1.59615e-06
uLZzTDnn.tree_0.Node14.alpha = 8.34845e-06
uLZzTDnn.tree_0.Node2.alpha = 1.49653e-05
uLZzTDnn.tree_0.Varanus_komodoensis.alpha = 1.59819e-06
uLZzTDnn.tree_0.Anolis_carolinensis.alpha = 6.47078e-05
uLZzTDnn.tree_0.Phrynosoma_platyrhinos.alpha = 4.88417e-05
uLZzTDnn.tree_0.Sceloporus_undulatus.alpha = 1.51925e-05
uLZzTDnn.tree_0.Node26.alpha = 1.5228e-05
uLZzTDnn.tree_0.Node24.alpha = 1.95859e-05
uLZzTDnn.tree_0.Pogona_vitticeps.alpha = 1.53954e-05
uLZzTDnn.tree_0.Node23.alpha = 0
uLZzTDnn.tree_0.Node21.alpha = 5.27429e-05
uLZzTDnn.model_MGREV.omega_1 = 1
Failing bound checks on uLZzTDnn.tree_0.Crotalus_tigris.beta =         10074.20821565995
Optimization finished in 31 loop passes.
5458 likelihood evaluation calls and 38004 matrix exponentiations calls were made

Overwritten previously defined function:'gluERcZH.rate_generator'
Overwritten previously defined function:'gluERcZH.rate_generator'
Auto-benchmarked an optimal number (3) of threads.
Set GUI update interval to every 2857-th LF evaluation.
Optimization settings:
	OPTIMIZATION_METHOD = 4
	OPTIMIZATION_PRECISION = 0.001
	MAXIMUM_ITERATIONS_PER_VARIABLE = 5000

Initial parameter values

frequencies._aux.CF3x4.p0_0 = 0.346006
frequencies._aux.CF3x4.p0_1 = 0.237098
frequencies._aux.CF3x4.p0_2 = 0.472218
frequencies._aux.CF3x4.p1_0 = 0.277108
frequencies._aux.CF3x4.p1_1 = 0.278947
frequencies._aux.CF3x4.p1_2 = 0.279229
frequencies._aux.CF3x4.p2_0 = 0.254142
frequencies._aux.CF3x4.p2_1 = 0.313026
frequencies._aux.CF3x4.p2_2 = 0.339123
Optimization finished in 5 loop passes.
198 likelihood evaluation calls and 0 matrix exponentiations calls were made

Variable 'busted.test_pi' was not initialized prior to being used
Overwritten previously defined function:'gluERcZH.rate_generator'
Overwritten previously defined function:'gluERcZH.rate_generator'
Overwritten previously defined function:'gluERcZH.rate_generator'
Auto-benchmarked an optimal number (3) of threads.
Set GUI update interval to every 2673-th LF evaluation.
Optimization settings:
	OPTIMIZATION_METHOD = 4
	OPTIMIZATION_PRECISION = 0.001
	MAXIMUM_ITERATIONS_PER_VARIABLE = 5000

Initial parameter values

frequencies._aux.CF3x4.p0_0 = 0.346006
frequencies._aux.CF3x4.p0_1 = 0.237098
frequencies._aux.CF3x4.p0_2 = 0.472218
frequencies._aux.CF3x4.p1_0 = 0.277108
frequencies._aux.CF3x4.p1_1 = 0.278947
frequencies._aux.CF3x4.p1_2 = 0.279229
frequencies._aux.CF3x4.p2_0 = 0.254142
frequencies._aux.CF3x4.p2_1 = 0.313026
frequencies._aux.CF3x4.p2_2 = 0.339123
Optimization finished in 5 loop passes.
198 likelihood evaluation calls and 0 matrix exponentiations calls were made

Variable 'busted.background_pi' was not initialized prior to being used
Variable 'ASSUME_REVERSIBLE_MODELS' was not initialized prior to being used
No nodel was assigned to Python_molurus
No nodel was assigned to Hydrophis_cyanocinctus
No nodel was assigned to Ptyas_mucosa
No nodel was assigned to Pantherophis_obsoletus
No nodel was assigned to Pantherophis_guttatus
No nodel was assigned to Node9
No nodel was assigned to Pituophis_catenifer
No nodel was assigned to Node8
No nodel was assigned to Node6
No nodel was assigned to Thamnophis_elegans
No nodel was assigned to Node5
No nodel was assigned to Node3
No nodel was assigned to Vipera_berus
No nodel was assigned to Crotalus_tigris
No nodel was assigned to Bothrops_jararaca
No nodel was assigned to Node17
No nodel was assigned to Protobothrops_mucrosquamatus
No nodel was assigned to Node16
No nodel was assigned to Node14
No nodel was assigned to Node2
No nodel was assigned to Varanus_komodoensis
No nodel was assigned to Anolis_carolinensis
No nodel was assigned to Phrynosoma_platyrhinos
No nodel was assigned to Sceloporus_undulatus
No nodel was assigned to Node26
No nodel was assigned to Node24
No nodel was assigned to Pogona_vitticeps
No nodel was assigned to Node23
No nodel was assigned to Node21
The tips of the tree:mVozzXpI.tree_id_0 were matched with the species names from the data in the following numeric order (0-based) {15,0,13,11,10,12,14,9,8,7,6,5,1,2,3,4}

Pseudo-optimal path's cost 6527 vs 9597 for 1..k=> a 1.47035 x improvement
Partition 0 is ASSUMED to have a reversible model
busted.background.theta_AC was already constrained in estimators.SetGlobals2
busted.background.theta_AG was already constrained in estimators.SetGlobals2
busted.background.theta_AT was already constrained in estimators.SetGlobals2
busted.background.theta_CG was already constrained in estimators.SetGlobals2
busted.background.theta_CT was already constrained in estimators.SetGlobals2
busted.background.theta_GT was already constrained in estimators.SetGlobals2
busted.test.theta_AG was already constrained in estimators.SetGlobals2
Variable 'mVozzXpI.tree_id_0.Python_molurus.t' was not initialized prior to being used
models.generic.SetBranchLength: mVozzXpI.tree_id_0.Python_molurus.t=0.3595074605380418
Variable 'mVozzXpI.tree_id_0.Hydrophis_cyanocinctus.t' was not initialized prior to being used
models.generic.SetBranchLength: mVozzXpI.tree_id_0.Hydrophis_cyanocinctus.t=0.4088400556492731
Variable 'mVozzXpI.tree_id_0.Ptyas_mucosa.t' was not initialized prior to being used
models.generic.SetBranchLength: mVozzXpI.tree_id_0.Ptyas_mucosa.t=0.1029780835411881
Variable 'mVozzXpI.tree_id_0.Pantherophis_obsoletus.t' was not initialized prior to being used
models.generic.SetBranchLength: mVozzXpI.tree_id_0.Pantherophis_obsoletus.t=0.008584510024754379
Variable 'mVozzXpI.tree_id_0.Pantherophis_guttatus.t' was not initialized prior to being used
models.generic.SetBranchLength: mVozzXpI.tree_id_0.Pantherophis_guttatus.t=0.008576038441002859
Variable 'mVozzXpI.tree_id_0.Node9.t' was not initialized prior to being used
models.generic.SetBranchLength: mVozzXpI.tree_id_0.Node9.t=0
Variable 'mVozzXpI.tree_id_0.Pituophis_catenifer.t' was not initialized prior to being used
models.generic.SetBranchLength: mVozzXpI.tree_id_0.Pituophis_catenifer.t=0.03516215671112871
Variable 'mVozzXpI.tree_id_0.Node8.t' was not initialized prior to being used
models.generic.SetBranchLength: mVozzXpI.tree_id_0.Node8.t=0.1243464806263228
Variable 'mVozzXpI.tree_id_0.Node6.t' was not initialized prior to being used
models.generic.SetBranchLength: mVozzXpI.tree_id_0.Node6.t=0.09201890726272685
Variable 'mVozzXpI.tree_id_0.Thamnophis_elegans.t' was not initialized prior to being used
models.generic.SetBranchLength: mVozzXpI.tree_id_0.Thamnophis_elegans.t=0.2508469118897771
Variable 'mVozzXpI.tree_id_0.Node5.t' was not initialized prior to being used
models.generic.SetBranchLength: mVozzXpI.tree_id_0.Node5.t=0.2603750301684101
Variable 'mVozzXpI.tree_id_0.Node3.t' was not initialized prior to being used
models.generic.SetBranchLength: mVozzXpI.tree_id_0.Node3.t=0.2841592468094698
Variable 'mVozzXpI.tree_id_0.Vipera_berus.t' was not initialized prior to being used
models.generic.SetBranchLength: mVozzXpI.tree_id_0.Vipera_berus.t=0.1803130027234318
Variable 'mVozzXpI.tree_id_0.Crotalus_tigris.t' was not initialized prior to being used
models.generic.SetBranchLength: mVozzXpI.tree_id_0.Crotalus_tigris.t=0.09504022123629231
Variable 'mVozzXpI.tree_id_0.Bothrops_jararaca.t' was not initialized prior to being used
models.generic.SetBranchLength: mVozzXpI.tree_id_0.Bothrops_jararaca.t=0.07470449089764851
Variable 'mVozzXpI.tree_id_0.Node17.t' was not initialized prior to being used
models.generic.SetBranchLength: mVozzXpI.tree_id_0.Node17.t=0.03211337228240063
Variable 'mVozzXpI.tree_id_0.Protobothrops_mucrosquamatus.t' was not initialized prior to being used
models.generic.SetBranchLength: mVozzXpI.tree_id_0.Protobothrops_mucrosquamatus.t=0.02190030737972955
Variable 'mVozzXpI.tree_id_0.Node16.t' was not initialized prior to being used
models.generic.SetBranchLength: mVozzXpI.tree_id_0.Node16.t=0.04032832673660243
Variable 'mVozzXpI.tree_id_0.Node14.t' was not initialized prior to being used
models.generic.SetBranchLength: mVozzXpI.tree_id_0.Node14.t=0.1671848943631299
Variable 'mVozzXpI.tree_id_0.Node2.t' was not initialized prior to being used
models.generic.SetBranchLength: mVozzXpI.tree_id_0.Node2.t=0.3246081056616734
Variable 'mVozzXpI.tree_id_0.Varanus_komodoensis.t' was not initialized prior to being used
models.generic.SetBranchLength: mVozzXpI.tree_id_0.Varanus_komodoensis.t=1.406264507285609
Variable 'mVozzXpI.tree_id_0.Anolis_carolinensis.t' was not initialized prior to being used
models.generic.SetBranchLength: mVozzXpI.tree_id_0.Anolis_carolinensis.t=1.040834525600429
Variable 'mVozzXpI.tree_id_0.Phrynosoma_platyrhinos.t' was not initialized prior to being used
models.generic.SetBranchLength: mVozzXpI.tree_id_0.Phrynosoma_platyrhinos.t=0.2028386192801797
Variable 'mVozzXpI.tree_id_0.Sceloporus_undulatus.t' was not initialized prior to being used
models.generic.SetBranchLength: mVozzXpI.tree_id_0.Sceloporus_undulatus.t=0.322088112356843
Variable 'mVozzXpI.tree_id_0.Node26.t' was not initialized prior to being used
models.generic.SetBranchLength: mVozzXpI.tree_id_0.Node26.t=0.2759566595188834
Variable 'mVozzXpI.tree_id_0.Node24.t' was not initialized prior to being used
models.generic.SetBranchLength: mVozzXpI.tree_id_0.Node24.t=0.5397942690714587
Variable 'mVozzXpI.tree_id_0.Pogona_vitticeps.t' was not initialized prior to being used
models.generic.SetBranchLength: mVozzXpI.tree_id_0.Pogona_vitticeps.t=1.342927509187154
Variable 'mVozzXpI.tree_id_0.Node23.t' was not initialized prior to being used
models.generic.SetBranchLength: mVozzXpI.tree_id_0.Node23.t=0.2414758982125407
Variable 'mVozzXpI.tree_id_0.Node21.t' was not initialized prior to being used
models.generic.SetBranchLength: mVozzXpI.tree_id_0.Node21.t=1.382133806753052
Variable 'mVozzXpI.mVozzXpI.likelihoodFunction' was not initialized prior to being used
Auto-benchmarked an optimal number (5) of threads.
Set GUI update interval to every 11-th LF evaluation.
Optimization settings:
	OPTIMIZATION_METHOD = 4
	OPTIMIZATION_PRECISION = 0.001
	MAXIMUM_ITERATIONS_PER_VARIABLE = 5000

Initial parameter values

busted.test.theta_CT = 0.890657
busted.test.theta_GT = 0.291573
busted.test.theta_CG = 0.337502
busted.test.theta_AT = 0.22016
busted.test.theta_AC = 0.367996
busted.background.omega1 = 0
busted.background.bsrel_mixture_aux_1 = 0.666667
busted.background.omega2 = 0.238095
busted.background.omega3 = 9.52381
busted.background.bsrel_mixture_aux_0 = 0.7
busted.test.omega2 = 0.238095
busted.test.bsrel_mixture_aux_1 = 0.666667
busted.test.omega3 = 9.52381
busted.test.bsrel_mixture_aux_0 = 0.7
busted.test.omega1 = 0
mVozzXpI.tree_id_0.Python_molurus.t = 0.359507
mVozzXpI.tree_id_0.Hydrophis_cyanocinctus.t = 0.40884
mVozzXpI.tree_id_0.Ptyas_mucosa.t = 0.102978
mVozzXpI.tree_id_0.Pantherophis_obsoletus.t = 0.00858451
mVozzXpI.tree_id_0.Pantherophis_guttatus.t = 0.00857604
mVozzXpI.tree_id_0.Node9.t = 0
mVozzXpI.tree_id_0.Pituophis_catenifer.t = 0.0351622
mVozzXpI.tree_id_0.Node8.t = 0.124346
mVozzXpI.tree_id_0.Node6.t = 0.0920189
mVozzXpI.tree_id_0.Thamnophis_elegans.t = 0.250847
mVozzXpI.tree_id_0.Node5.t = 0.260375
mVozzXpI.tree_id_0.Node3.t = 0.284159
mVozzXpI.tree_id_0.Vipera_berus.t = 0.180313
mVozzXpI.tree_id_0.Crotalus_tigris.t = 0.0950402
mVozzXpI.tree_id_0.Bothrops_jararaca.t = 0.0747045
mVozzXpI.tree_id_0.Node17.t = 0.0321134
mVozzXpI.tree_id_0.Protobothrops_mucrosquamatus.t = 0.0219003
mVozzXpI.tree_id_0.Node16.t = 0.0403283
mVozzXpI.tree_id_0.Node14.t = 0.167185
mVozzXpI.tree_id_0.Node2.t = 0.324608
mVozzXpI.tree_id_0.Varanus_komodoensis.t = 1.40626
mVozzXpI.tree_id_0.Anolis_carolinensis.t = 1.04083
mVozzXpI.tree_id_0.Phrynosoma_platyrhinos.t = 0.202839
mVozzXpI.tree_id_0.Sceloporus_undulatus.t = 0.322088
mVozzXpI.tree_id_0.Node26.t = 0.275957
mVozzXpI.tree_id_0.Node24.t = 0.539794
mVozzXpI.tree_id_0.Pogona_vitticeps.t = 1.34293
mVozzXpI.tree_id_0.Node23.t = 0.241476
mVozzXpI.tree_id_0.Node21.t = 1.38213
Optimization finished in 35 loop passes.
4991 likelihood evaluation calls and 146352 matrix exponentiations calls were made

Variable '_rp_fneA.mVozzXpI.likelihoodFunction' was not initialized prior to being used
Auto-benchmarked an optimal number (3) of threads.
Set GUI update interval to every 7-th LF evaluation.
Optimization settings:
	OPTIMIZATION_METHOD = 4
	OPTIMIZATION_PRECISION = 0.001
	MAXIMUM_ITERATIONS_PER_VARIABLE = 5000

Initial parameter values

busted.test.theta_CG = 0.325882
busted.test.theta_CT = 0.866596
busted.test.theta_AC = 0.341239
busted.test.theta_GT = 0.246092
busted.test.theta_AT = 0.193132
busted.background.bsrel_mixture_aux_1 = 0.723025
busted.background.omega2 = 0.584369
busted.background.omega3 = 2.85976
busted.background.omega1 = 0.0462015
busted.test.omega2 = 1
busted.test.bsrel_mixture_aux_1 = 0.718655
busted.test.omega1 = 0.0970779
busted.test.bsrel_mixture_aux_0 = 0.762775
busted.background.bsrel_mixture_aux_0 = 0.661303
mVozzXpI.tree_id_0.Python_molurus.t = 0.226056
mVozzXpI.tree_id_0.Hydrophis_cyanocinctus.t = 0.338756
mVozzXpI.tree_id_0.Ptyas_mucosa.t = 0.0594595
mVozzXpI.tree_id_0.Pantherophis_obsoletus.t = 0.00499684
mVozzXpI.tree_id_0.Pantherophis_guttatus.t = 0.00496384
mVozzXpI.tree_id_0.Node9.t = 0
mVozzXpI.tree_id_0.Pituophis_catenifer.t = 0.0206922
mVozzXpI.tree_id_0.Node8.t = 0.0730201
mVozzXpI.tree_id_0.Node6.t = 0.049904
mVozzXpI.tree_id_0.Thamnophis_elegans.t = 0.152694
mVozzXpI.tree_id_0.Node5.t = 0.0342677
mVozzXpI.tree_id_0.Node3.t = 0.0553353
mVozzXpI.tree_id_0.Vipera_berus.t = 0.105971
mVozzXpI.tree_id_0.Crotalus_tigris.t = 0.0557833
mVozzXpI.tree_id_0.Bothrops_jararaca.t = 0.0449503
mVozzXpI.tree_id_0.Node17.t = 0.018424
mVozzXpI.tree_id_0.Protobothrops_mucrosquamatus.t = 0.0125847
mVozzXpI.tree_id_0.Node16.t = 0.0208795
mVozzXpI.tree_id_0.Node14.t = 0.0885893
mVozzXpI.tree_id_0.Node2.t = 0.20305
mVozzXpI.tree_id_0.Varanus_komodoensis.t = 0.926376
mVozzXpI.tree_id_0.Anolis_carolinensis.t = 0.669153
mVozzXpI.tree_id_0.Phrynosoma_platyrhinos.t = 0.118654
mVozzXpI.tree_id_0.Sceloporus_undulatus.t = 0.199118
mVozzXpI.tree_id_0.Node26.t = 0.162344
mVozzXpI.tree_id_0.Node24.t = 0.339443
mVozzXpI.tree_id_0.Pogona_vitticeps.t = 0.856204
mVozzXpI.tree_id_0.Node23.t = 0.139047
mVozzXpI.tree_id_0.Node21.t = 0.927565
Optimization finished in 11 loop passes.
1337 likelihood evaluation calls and 41535 matrix exponentiations calls were made

Variable 'USE_JSON_FOR_MATRIX' was not initialized prior to being used