
Before deleting alignment gaps
      8   1047

Geospiza_fortis                 ATG GCA ACT AGA GAT ACT GCT AAC NNN TAT TAT AAC TTC TCC ATC ACT GAC CCC TAT AAA AAC AGA AAT GAG AAT TTT CAT NNN TTA ATA AGA GTC TTC CTG CCA AAT AAG TAT TTT GTT GTT TTA ATC CTT CAC CTA GCA GGA AAT GCA CCG GTC TTT GTC ATA CTA AGT TTC TAC ATG AAA CTG AAG ACA CTG ACA GAA ACT GAC NNN GTA CTT TTG CTG AAC CTG GCT ATA GCT GAC TGC ATT TTT CTT TGG ATG CAG CCA CTC TGG GCA CAC TCT GTT GCT CAA GAG TGG GTT TCA GGC ACT GTG GCA TGT CAT NNN CTT --- --- --- --- --- --- --- GTA TAC ACT TCA ATG TTA ACT CTA ATG TGT ATC ACC TTT GAC CAG CTT ATT GCT GTT ACT TTT GCC ACC AAA GCA CAT ATG NNN CAA ACC AAA CAA ATG ATA TGG GGC AAA TTA ATC TCT GTC TTG ATC --- --- --- TCA CAA GCA TTT GCT TCA CCA CAC TTT GTT TTT TGG GAG GTG NNN AAT TTT GAT AAG GCA ATA TGT CAG GAA GAA TAC CCA AAC CGT CAC ACA GAA CTG GTT CTT GAA GTG ATC CAA GTG ACT CTT GCT TAT TTT ATT CCC ATG TTA GCC ATG ATC ATC TGC TAC TCA CTA ATT ATT AAA ACC TTA CTG TGT GCT AGA AGT CTT CAA AAG AAC AAA TGT ATA --- AAA ATA TTT TCT GTA CTT GTC CTG TTT ATT CTT ACC CAG ATA CCC TAT ACT TTC TTC AGA TTG ATA AAA ATC ACA GAC TGG AAC TTT AAA TTG AAC AGC CAT TTT GAA TAT GCA ATT ACC AAA ACA AAA GCT CTT GCT TAT TTT TAT GCC TGT CTT AAC CCT --- NNN TAT TTC TTC ATG GGA ATG AAA ATC AGG AAG NNN CTA NNN CAC AAA GTT ATT AAA AAA TCA AGA TGT GCC AAA TGG CAA GTT ACA GCT CAA CAG TGG CAA GCC ACC GAA GAG GAA GAT TCT ACA TCT TCT ACT GCT TTA TAT AGT GCA GAT GCC ACA AAC ATG TAC CCA CTA 
Falco_peregrinus                ATG GCA ACT ACA GAT GCT GTT AAC TTT TAT TAT AAC TTC TCC ATC AAT GAT CCC AAT GAA AAC GGA AGT GAG AAT CTT CAC AGA TTT ACA AAT GTC TTC CTG CCC TGT ATG TAT TCA GCT GTT TTC ATC CTT GGG CTA GCA GGA AAT ACA CTG GTC TTT GTC ATA CTA GTT TTC TAC GAG AAA CTG AAG GTG CTG ACA --- --- --- GAT ATA TTT TTG CTG AAC TTG GCT ATA GCT GAC TGG GTC TTC CTT TGG ACG CTG CCA TTC TGG GCA TAT TCT GGT GTT CAG GAG TGG ACT TTT GGC ACT GTG GCA TGT CGT GTT ATA CGG GGC TTG TAT ACT CTG AAC TTG TAC ACT TCG ATG TTA ACT CTA ACG TCT ATC ACC TTT GAC CGG CTT ATT GCT ATT ACT TTT GCC ACA AAA GCA CAT GTG TGT CAA ACC AAA CGA ATG ACA TGG GGC AAA CTG ATC TGT GTC TTG ATC TGG GCG ATC TCA CTA GCA TTT GCT GCA CCA CAG TTT ATT TTT AGT GAG GTG TTT AGT ATT GAT AAG GCA ATA TGT CAG GAA GAA TAC CCA AAC TAT CGC ACA GAA CTA GTT CTT GAA GTG ATC CAA GTG ACC CTT GGC TAT TTT ATT CCC ATG CTA GCC ATG GTC ATC TGC TAC TCA CTA ATC ATT AGA ACC TTA CTG CAT GCC AGG AGT TTT CAA AAG AAC AAA TCT CTA AAA AAA ATA TTT TCT GTA GTT GCC ATA TTT ATT CTT ACT CAG TCA CCC TAT ACT TTC TTG AGA CTG TTA AAG ATC ATA GAT TGG AGC TTT AAC TTG AAC AGC AAC TTT GAA TAT GCA ATC ATC ATA ACA GAA GCT CTT GCT TAT TTC CAT GGC TGT CTT AAC CCT GTT CTG TAT TTC TTC ATG GGG GTG AAA TTC AGG AGG AAC TTA CGG --- AAA ATT ATT AAA AAC TCA AGA TGC ACT AAA TGG CAA GTT ACA GCT AAA CAG TGG CAA ACC ACA GAA GAG GAA GGC TCT AAA ACT TTT ACT GCC TCA AAT AAT GCA GAT GCA ACA AGC ATG TAC CCG CTA 
Falco_tinnunculus               ATG GCA ACT ACA GAT GCT GTT AAC TTT TAT TAT AAC TTC TCC ATC AAT GAT CCC AAT GAA AAT GGA AGT GAG AAT CTT CAC AGA TTT ACA AAT GTC TTC CTG CCC TGT ATG TAT TCA GCT GTT TTC ATC CTT GGG CTA GCA GGA AAT ACA CTG GTC TTT GTC ATA CTA GTT TTC TAC GAG AAA CTG AAG GTG CTG ACA --- --- --- GAT ATA TTT TTG CTG AAC TTG GCT ATA GCT GAC TGG GTC TTC CTT TGG ACG CTG CCA TTC TGG GCA TAT TCT GCT GTT CAG GAG TGG ACT TTT GGC ACT GTG GCA TGT CGT GTT ATA CGG GGC TTG TAT ACT CTG AAC TTG TAC ACT TCA ATG TTA ACT CTA ACG TCT ATC ACC TTT GAC CGG CTT ATT GCT ATT ACT TTT GCC ACA AAA GCA CAT GTG TGT CAA ACC AAA CGA ATG ACA TGG GGC AAA CTG ATC TGT GTC TTG ATC TGG GCG ATC TCA CTA GCA TTT GCT GCA CCA CAG TTT ATT TTT AGT GAG GTG TTT AGT ATT GAT AAG GCA ATA TGT CAG GAA GAA TAC CCA AAC TAT CGC ACA GAA CTA GTT CTT GAA GTG ATC CAA GTG ACC CTT GGC TAT TTT ATT CCC ATG CTA GCC ATG GTC ATC TGC TAC TCA CTA ATC ATT AGA ACC TTA CTG CAT GCC AGG AGT TTT CAA AAG AAC AAA TCT CTA AAA AAA ATA TTT TCT GTA GTT GCC ATA TTT ATT CTT ACT CAG TCA CCC TAT ACT TTC TTG AGA CTG TTA AAG ATC ATA GAC TGG AGC TTT AAC TTG AAC AGC AAC TTT GAA TAT GCA ATC ATC ATA ACA GAA GCT CTT GCT TAT TTC CAT GGC TGT CTT AAC CCT GTT CTG TAT TTC TTC ATG GGG GTG AAA TTC AGG AGG AAC TTA CGG --- AAA ATT GTT AAA AAC TCA AGA TGC ATT AAA TGG CAA GTT ACA GCT AAA CAG TGG CAA ACC ACA GAA GAG GAA GGC TCT AAA ACA TTT ACT GCC TCA AAT AAT GCA GAT GCA ACA AGC ATG TAC CCA CTA 
Aquila_chrysaetos               ATG GCA ACT ACA GAT GCT GCC AAC TTT TAT TAT AAC TTC TCC ATC ATT GAT CCC AAC GAA AAT GGA AGT GAG AAT TTT CAC ACA TTT ACA AGA GTC TTC CTG CCC TGT ATG TAT TCG GCT GTT TTC ATC CTT GGG CTA GCA GGA AAT GCA CTT GTC TTT GTC ATA CTA GCT TTC TAT GAG AAA CAG AAG ATG CTA ACA --- --- --- GAT ATA TTT TTG CTG AAC TTG GCT ATA GCT GAC TGG GTC TTC CTT TGG ACG CTG CCA TTC TGG GCA TAT TCT GCT GCT CAG GAG TGG ACT TTT GGC ACC ATG GCA TGT CGT ATT ATA CGA GGC TTG TAT ACT CTG AAC TTT TAC ACT TCA ATG CTA ACT CTA ACA TCT ATC ACC TTT GAC CGG CTT ATT GCT ATT ACT TTT GCG ACC AAA GCA CGT ATG TGT CAA ACC AAA CGA ATG ACA TGG GGC AAA TTA ATC TGT GTC TTG ATC TGG GTG ATC TCA CTA GCA TTT GCT GCA CCA CAG TTT ATT TTT AGT GAG GTG TTT AGT ATT GAT AAG ACA ATA TGC CAG GAA GAA TAC CCA AAC CAT CAC ACA GAA ATG GTT CTT GAA GTG ATC CAA GTG ACC CTT GGC TAT TTT ATT CCC ATG CTA GCC ATG ATC ATC TGC TAC TCA CTA ATT ATT AGA ACC TTA CTG CAT GCC AGG AGT TTT CAA AAG AAC AAA TCT CTA AAG AAA ATA TTT TCT GTA GTT GCT ATA TTT ATT CTT ACT CAG TCA CCC TAC ACT TTC TTG AGA CTG ATA AAG ATC ATA GAC TGG AGC TTT AAC CTG AAC AGC AGC TTT GAA TAT GCA ATC ATT ATA ACA GAA GCT CTT GCT TAT TTC CAC GGC TGT CTT AAT CCT GTT CTG TAT TTC TTC ATG GGG GTG AAA TTC AGG AGG AAC TTA CAG --- AAA ATT ATT AAA AAT TCA AGA TGC GTC AAA CGG CAA ATT ATA GCT AAA CAG CGG CAA ACC ACT GAA GAA GAA GGC TCT AAA ACT TTT ACT GCC TCA AAT AAT GCA GAT GCA ACA AGC ATG TAC CAG CTA 
Haliaeetus_leucocephalus        ATG GCA ACT ACA GAT ACT GCC AAC TTT TAT TAT AAC TTC TCC ATC ATT GAT CCC AAC GAA AAT GGA AGT GAG AAT TTT CAT ACA TTT ACA AGA GTC TTC CTG CCC TGT ATG TAT TCG GCT GTT TTC ATC CTT GGG CTA GCA GGA AAT GCA CTT GTC TTT GTC ATA CTA GCT TTC TAT GAG AAA CGG AAG ATG CTG ACA --- --- --- GAT ATA TTT TTG CTG AAC TTG GCC ATA GCT GAC TGG GTC TTC CTT TGG ACA CTG CCA TTC TGG GCA TAT TCT GCT GCT CAG GAG TGG ACT TTT GGC ACC GTG GCA TGT CGT ATT ATA CGA GGC TTG TAT ACT CTG AAC TTG TAC ACT TCA ATG CTA ACT CTA ACG TCT ATC ACC TTT GAC CGG CTT ATT GCT ATT ACT TTT GCA ACC AAA GCA CGT ATG TGT CAA ACC AAA CGA ATG ACA TGG GGC AAA TTA ATC TGT GTC TTG ATC TGG GTG ATC TCA CTA GCA TTT GCT GCA CCA CAG TTT ATT TTT AGT GAG GTG TTT AGT ATT GAT AAG ACA ATA TGC CAG GAA GAA TAC CCA AAC CAT CAC ACA GAA ATG GTT CTT GAA GTG ATC CAA GTG ACC CTT GGC TAT TTT ATT CCC ATG CTA GCC ATG ATC ATC TGC TAC TCA CTA ATT ATT AGA ACC TTA CTG CAT GCC AGG AGT TTT CAA AAG AAC AAA TCT CTA AAG AAA ATA TTT TCT GTA GTT GCC ATA TTT ATT CTT ACT CAG TCA CCC TAC ACT TTC TTG AGA CTG ATA AAG ATC ATA GAC TGG AGC TTT AAC CTG AAC AGC AGC TTT GAA TAT GCA ATC ATT ATA ACA GAA GCT CTT GCT TAT TTC CAC GGC TGT CTT AAT CCT GTT CTG TAT TTC TTC ATG GGG GTG AAA TTC AGG AGG AAC TTA CAG --- AAA ATT ATT AAA AAT TCA AGA TGC GTC AAA CGG CAA GTT ATG GTT AAA CAG TGG CAA ACC ACT GAA GAA GAA GGC TCT AAA ACT TTT ACT GCC TCC AAT AAT GCA GAT GCA ACA AGC ATG TAC CAG CTA 
Tyto_alba                       ATG GCA AAT ACA GAT GCT GCC AAC TTT TAT TAT AAC TTC TCC ATC ATT GAT CCC AAT GAA AAT GGA AGT GAG AAT TTT CAC ACA TTT ACA ACA ATC TTC CTG CCC TGC ATG TAC TCG GCT GTT TTC ATC CTT GGG CTA GCA GGA AAT GCC CTG GTC TTT GTC ATA CTA GTT TTC TAT GAG AAA CTG AAG ATG CTG ACA --- --- --- GAT ATA TTT TTG CTG AAC TTG GCT ATA GCT GAC TGG GTC TTC CTT TGG ACG CTG CCA TTC TGG GCA TAT TCT GCA GCT CAG GAG TGG ACT TTT GGC ACC GTG GCA TGT CGT ATT ATA CGG GGC TTG TAT ACT CTG AAC TTG TAC ACT TCA ATG TTA ACT CTA ACA TCT ATC ACC TTT GAT CGG CTT ATT GCT ATT ACT TTT GCC ACC AAA GCA CAT ATG TGT CAA ACC AAA CGA ATG ATA TGG GGC AAA TTA ATC TGT GTC TTG ATC TGG GTT ATA TCA CTA GCA TTT GCC ACA CCG CAG TTT ATT TTT AGT GAG GTG TTT AGT ATT GAT AAG GCA ATA TGT CAG GAA GAA TAC TCA AAC CAT CAC ACA GAA CTG GTT CTT GAA GTG ATC CAA GTG ACC CTT GGC TAT TTT ATT CCC ATG CTA GCC ATG ATC ATC TGC TAC TCA CTA ATT ATT AGA ACC TTA CTG CAT GCC AGG AGT TTT CAA AAG AAC AAA TCT CTG AAA AAA ATA TTT TCT GTA GTT GTT ATA TTT ATT CTT ACT CAG TCA CCC TAT ACT TTC TTG AGA CTA ATA AAG ATC ATA GAC TGG AGC TTT AAC TTG AAC AGC AGC TTT GAA TAC GCA ATC ATT GTA ACA GAA GCT CTA GCT TAT TTC CAT GGC TGT CTT AAC CCT GTT CTG TAT TTC TTC ATG GGG GTG AAA TTC AGG AGG AAC TTA CAG --- AAA ATA ATT AAA AAC TCA AGA TGC ATC AAA CGG CAA GTT GCA GCT AAA CCA TGG CAA ACC ACC GAA GAG GAA GGC TCT AAA ACT TTT TCT GCC TCA AAT AAT GCA GAT GCA ACA AGC ATG TAC CCG CTA 
Leptosomus_discolor             ATG GCA ACT TCA GAT GCC ACT AAC TTT TAT TAT AAC TTC TCC ATC ATT GAT CCC AAC GAA AAC AGA AGC GAC AAT TTT CAC ACA TTT ACA AAA GTC TTC CTG CCC TGT ATG TAT TTG ACT GTT TTC ATC CTT GGG CTA GCA GGA AAT GCG CTG GTC TTT GTC ATA CTA GTT TTC TAC GAG AAA CTG AAG ATG CTG ACA --- --- --- GAT ATA TTT TTG CTG AAC TTG GCT ACA GCT GAC TGG GTC TTC CTT TGG ACA CTT CCA TTC TGG GCA TAT TCT GCT GCT CAG GAG TGG ACT TTT GGC ACT GTG GCA TGT CGT ATT ATA CGG GGC TTG TAT ACT CTA AAC TTG TAC ACT TCA ATG TTA ACT CTA ACG TCT ATC ACC TTT GAC CGG CTT ATT GCT ATT ACT TTT GCC ACC AAA GCA CGT ATG TGT CAA ACC AAA CGA ATG ACA TGG GGC AAA TTA ATC TGT GTC TTG ATC TGG GTG ATC TCA CTA GCA TTT GCT GCA CCA CAG TTT ATT TTT AGT GAG GTG TTC AGT ATT GAT AAG GCA ATA TGT GAG GAA GAA TAC CCA AGC CAT CGC ACA GAA CTG GTT CTT GAG GTG ATT CAA GTG ACC CTT GGC TAT TTT ATT CCC ATG CTA GCC ATG ATC ATC TGC TAC TCA CTA ATT ATT AGA ACC TTA CTG CAC GCC AGG AGT TTT CAA AAG AAC AAA TCT CTG AAA AAG ATA TTT TCT GTA GTT GCC GTA TTT ATT CTT ACT CAG TCA CCC TAT ACT TTC TTG AGA CTG ATA AAG ATC ATA GAT TGG AGC TTT AAC TTG AAC AGC AGC TTT GAA TAT GCA ATC ATC GTA ACA GAA GCT CTT GCT TAT TTC CAT GGC TGT CTT AAC CCT GTT CTG TAT TTC TTC ATG GGG GTG AAA TTC AGG AGG AAC CTC CAG --- AAA ATT ATT AAA AAC TCA AGA TGC GTC AAA TGG CAA GTT ACG GCT AAA CAG TGG CAA CCA ACT GAA GAG GAA GGC TCT AAA ACT TTC ACT GCC TCA AAT AAT GCA GAT GCA ACA AGC ATG TAC CCA CTA 
Colius_striatus                 ATG GCA ACG ACA GAC GCA GAT AAC TTT TAT TAT AAC TTC TCC ATC GTT GAT CCA GAC GAA AAT GGA AGT GAG AAT TTT CAC ACG TTT ACA AGA GTC TTC CTG CCC TGT ACC TAC TCG GTT GTT TTC ATC CTG GGG CTA GCA GGA AAC ACA CTG GTC TTT GTC ATA CTG GTT TTC TAT GAG AAG CTG AAG ATG CTG ACA --- --- --- GAT ATA TTT TTG CTG AAC TTG GCT GTA GCT GAC TGG GTC TTC CTT TGG ACG CTG CCA TTC TGG GCG CAT TCG GCC GCT CAG GAG TGG GCT TTC GGC ACG GTG GCG TGT CGT GTC ATA CGG GGC TTG TAT ACG CTG AAC TTG TAC ACT TCC ATG TTA ACC CTG ACA TCT ATC ACC TTT GAC AGG CTT GTT GCT ATT ACT TTT GCC ACC AAA GCA CAC ATG TGT CAA ACC AAA CGA ACG ACG TGG GGC AAG GCA GTG TGT GTC TTG ATC TGG GTG ATC TCA CTA GGC TTT GCC ACA CCA CAG TTT ATT TTT AGT GAG GTG GTT AGC ATT GAT AAG GCG ATA TGT CAC GAA AAA TAC CCA AAC CAC GGC ACA GAA CTG GTT CTT GAA GTG ATC CAA GTG ACA CTT GGC TAT TTT ATT CCC ATG CTA GCC ATG ATC ATC TGC TAC TCA CTA ATT GTT AGA ACC TTA CTG CAC GCC AGG AAT TTC CAA AAG AAG AAA TCT CTC AAG AAA ATA TTT TCT GTA GTT GCC ATA TTT ATT CTG ACT CAG TCA CCT TAT ACT TTC CTG AGA CTC ATA AAG ATC ATA GAC TGG AGC TTT AAC TTG AAC AGC AGC TTT GAA TAT GCA ATC ATC GTA ACA GAA GCT CTC GCT TAC CTC CAC GGC TGT CTC AAC CCT ATC CTG TAT TTC TTC ATG GGG GTC AAA TTC AGG AGG AAC TTA AGG --- AAA ATT ATT AAG AGT TTA AGA TGC ATC AAA GGG AGA GTT ACA GCG AAG CAC TGG CAA ACC ACT GAA GAG GAA GGC TCT AAA ACA TTT ACT GCC TCC AAT AAC GCA GAT GCC ACA AGC ATG GAT CCG CTA 



After deleting gaps. 972 sites
      8    972

Geospiza_fortis                 ATG GCA ACT AGA GAT ACT GCT AAC TAT TAT AAC TTC TCC ATC ACT GAC CCC TAT AAA AAC AGA AAT GAG AAT TTT CAT TTA ATA AGA GTC TTC CTG CCA AAT AAG TAT TTT GTT GTT TTA ATC CTT CAC CTA GCA GGA AAT GCA CCG GTC TTT GTC ATA CTA AGT TTC TAC ATG AAA CTG AAG ACA CTG ACA GTA CTT TTG CTG AAC CTG GCT ATA GCT GAC TGC ATT TTT CTT TGG ATG CAG CCA CTC TGG GCA CAC TCT GTT GCT CAA GAG TGG GTT TCA GGC ACT GTG GCA TGT CAT CTT GTA TAC ACT TCA ATG TTA ACT CTA ATG TGT ATC ACC TTT GAC CAG CTT ATT GCT GTT ACT TTT GCC ACC AAA GCA CAT ATG CAA ACC AAA CAA ATG ATA TGG GGC AAA TTA ATC TCT GTC TTG ATC TCA CAA GCA TTT GCT TCA CCA CAC TTT GTT TTT TGG GAG GTG AAT TTT GAT AAG GCA ATA TGT CAG GAA GAA TAC CCA AAC CGT CAC ACA GAA CTG GTT CTT GAA GTG ATC CAA GTG ACT CTT GCT TAT TTT ATT CCC ATG TTA GCC ATG ATC ATC TGC TAC TCA CTA ATT ATT AAA ACC TTA CTG TGT GCT AGA AGT CTT CAA AAG AAC AAA TGT ATA AAA ATA TTT TCT GTA CTT GTC CTG TTT ATT CTT ACC CAG ATA CCC TAT ACT TTC TTC AGA TTG ATA AAA ATC ACA GAC TGG AAC TTT AAA TTG AAC AGC CAT TTT GAA TAT GCA ATT ACC AAA ACA AAA GCT CTT GCT TAT TTT TAT GCC TGT CTT AAC CCT TAT TTC TTC ATG GGA ATG AAA ATC AGG AAG CTA AAA GTT ATT AAA AAA TCA AGA TGT GCC AAA TGG CAA GTT ACA GCT CAA CAG TGG CAA GCC ACC GAA GAG GAA GAT TCT ACA TCT TCT ACT GCT TTA TAT AGT GCA GAT GCC ACA AAC ATG TAC CCA CTA 
Falco_peregrinus                ATG GCA ACT ACA GAT GCT GTT AAC TAT TAT AAC TTC TCC ATC AAT GAT CCC AAT GAA AAC GGA AGT GAG AAT CTT CAC TTT ACA AAT GTC TTC CTG CCC TGT ATG TAT TCA GCT GTT TTC ATC CTT GGG CTA GCA GGA AAT ACA CTG GTC TTT GTC ATA CTA GTT TTC TAC GAG AAA CTG AAG GTG CTG ACA ATA TTT TTG CTG AAC TTG GCT ATA GCT GAC TGG GTC TTC CTT TGG ACG CTG CCA TTC TGG GCA TAT TCT GGT GTT CAG GAG TGG ACT TTT GGC ACT GTG GCA TGT CGT ATA TTG TAC ACT TCG ATG TTA ACT CTA ACG TCT ATC ACC TTT GAC CGG CTT ATT GCT ATT ACT TTT GCC ACA AAA GCA CAT GTG CAA ACC AAA CGA ATG ACA TGG GGC AAA CTG ATC TGT GTC TTG ATC TCA CTA GCA TTT GCT GCA CCA CAG TTT ATT TTT AGT GAG GTG AGT ATT GAT AAG GCA ATA TGT CAG GAA GAA TAC CCA AAC TAT CGC ACA GAA CTA GTT CTT GAA GTG ATC CAA GTG ACC CTT GGC TAT TTT ATT CCC ATG CTA GCC ATG GTC ATC TGC TAC TCA CTA ATC ATT AGA ACC TTA CTG CAT GCC AGG AGT TTT CAA AAG AAC AAA TCT CTA AAA ATA TTT TCT GTA GTT GCC ATA TTT ATT CTT ACT CAG TCA CCC TAT ACT TTC TTG AGA CTG TTA AAG ATC ATA GAT TGG AGC TTT AAC TTG AAC AGC AAC TTT GAA TAT GCA ATC ATC ATA ACA GAA GCT CTT GCT TAT TTC CAT GGC TGT CTT AAC CCT TAT TTC TTC ATG GGG GTG AAA TTC AGG AGG TTA AAA ATT ATT AAA AAC TCA AGA TGC ACT AAA TGG CAA GTT ACA GCT AAA CAG TGG CAA ACC ACA GAA GAG GAA GGC TCT AAA ACT TTT ACT GCC TCA AAT AAT GCA GAT GCA ACA AGC ATG TAC CCG CTA 
Falco_tinnunculus               ATG GCA ACT ACA GAT GCT GTT AAC TAT TAT AAC TTC TCC ATC AAT GAT CCC AAT GAA AAT GGA AGT GAG AAT CTT CAC TTT ACA AAT GTC TTC CTG CCC TGT ATG TAT TCA GCT GTT TTC ATC CTT GGG CTA GCA GGA AAT ACA CTG GTC TTT GTC ATA CTA GTT TTC TAC GAG AAA CTG AAG GTG CTG ACA ATA TTT TTG CTG AAC TTG GCT ATA GCT GAC TGG GTC TTC CTT TGG ACG CTG CCA TTC TGG GCA TAT TCT GCT GTT CAG GAG TGG ACT TTT GGC ACT GTG GCA TGT CGT ATA TTG TAC ACT TCA ATG TTA ACT CTA ACG TCT ATC ACC TTT GAC CGG CTT ATT GCT ATT ACT TTT GCC ACA AAA GCA CAT GTG CAA ACC AAA CGA ATG ACA TGG GGC AAA CTG ATC TGT GTC TTG ATC TCA CTA GCA TTT GCT GCA CCA CAG TTT ATT TTT AGT GAG GTG AGT ATT GAT AAG GCA ATA TGT CAG GAA GAA TAC CCA AAC TAT CGC ACA GAA CTA GTT CTT GAA GTG ATC CAA GTG ACC CTT GGC TAT TTT ATT CCC ATG CTA GCC ATG GTC ATC TGC TAC TCA CTA ATC ATT AGA ACC TTA CTG CAT GCC AGG AGT TTT CAA AAG AAC AAA TCT CTA AAA ATA TTT TCT GTA GTT GCC ATA TTT ATT CTT ACT CAG TCA CCC TAT ACT TTC TTG AGA CTG TTA AAG ATC ATA GAC TGG AGC TTT AAC TTG AAC AGC AAC TTT GAA TAT GCA ATC ATC ATA ACA GAA GCT CTT GCT TAT TTC CAT GGC TGT CTT AAC CCT TAT TTC TTC ATG GGG GTG AAA TTC AGG AGG TTA AAA ATT GTT AAA AAC TCA AGA TGC ATT AAA TGG CAA GTT ACA GCT AAA CAG TGG CAA ACC ACA GAA GAG GAA GGC TCT AAA ACA TTT ACT GCC TCA AAT AAT GCA GAT GCA ACA AGC ATG TAC CCA CTA 
Aquila_chrysaetos               ATG GCA ACT ACA GAT GCT GCC AAC TAT TAT AAC TTC TCC ATC ATT GAT CCC AAC GAA AAT GGA AGT GAG AAT TTT CAC TTT ACA AGA GTC TTC CTG CCC TGT ATG TAT TCG GCT GTT TTC ATC CTT GGG CTA GCA GGA AAT GCA CTT GTC TTT GTC ATA CTA GCT TTC TAT GAG AAA CAG AAG ATG CTA ACA ATA TTT TTG CTG AAC TTG GCT ATA GCT GAC TGG GTC TTC CTT TGG ACG CTG CCA TTC TGG GCA TAT TCT GCT GCT CAG GAG TGG ACT TTT GGC ACC ATG GCA TGT CGT ATA TTT TAC ACT TCA ATG CTA ACT CTA ACA TCT ATC ACC TTT GAC CGG CTT ATT GCT ATT ACT TTT GCG ACC AAA GCA CGT ATG CAA ACC AAA CGA ATG ACA TGG GGC AAA TTA ATC TGT GTC TTG ATC TCA CTA GCA TTT GCT GCA CCA CAG TTT ATT TTT AGT GAG GTG AGT ATT GAT AAG ACA ATA TGC CAG GAA GAA TAC CCA AAC CAT CAC ACA GAA ATG GTT CTT GAA GTG ATC CAA GTG ACC CTT GGC TAT TTT ATT CCC ATG CTA GCC ATG ATC ATC TGC TAC TCA CTA ATT ATT AGA ACC TTA CTG CAT GCC AGG AGT TTT CAA AAG AAC AAA TCT CTA AAA ATA TTT TCT GTA GTT GCT ATA TTT ATT CTT ACT CAG TCA CCC TAC ACT TTC TTG AGA CTG ATA AAG ATC ATA GAC TGG AGC TTT AAC CTG AAC AGC AGC TTT GAA TAT GCA ATC ATT ATA ACA GAA GCT CTT GCT TAT TTC CAC GGC TGT CTT AAT CCT TAT TTC TTC ATG GGG GTG AAA TTC AGG AGG TTA AAA ATT ATT AAA AAT TCA AGA TGC GTC AAA CGG CAA ATT ATA GCT AAA CAG CGG CAA ACC ACT GAA GAA GAA GGC TCT AAA ACT TTT ACT GCC TCA AAT AAT GCA GAT GCA ACA AGC ATG TAC CAG CTA 
Haliaeetus_leucocephalus        ATG GCA ACT ACA GAT ACT GCC AAC TAT TAT AAC TTC TCC ATC ATT GAT CCC AAC GAA AAT GGA AGT GAG AAT TTT CAT TTT ACA AGA GTC TTC CTG CCC TGT ATG TAT TCG GCT GTT TTC ATC CTT GGG CTA GCA GGA AAT GCA CTT GTC TTT GTC ATA CTA GCT TTC TAT GAG AAA CGG AAG ATG CTG ACA ATA TTT TTG CTG AAC TTG GCC ATA GCT GAC TGG GTC TTC CTT TGG ACA CTG CCA TTC TGG GCA TAT TCT GCT GCT CAG GAG TGG ACT TTT GGC ACC GTG GCA TGT CGT ATA TTG TAC ACT TCA ATG CTA ACT CTA ACG TCT ATC ACC TTT GAC CGG CTT ATT GCT ATT ACT TTT GCA ACC AAA GCA CGT ATG CAA ACC AAA CGA ATG ACA TGG GGC AAA TTA ATC TGT GTC TTG ATC TCA CTA GCA TTT GCT GCA CCA CAG TTT ATT TTT AGT GAG GTG AGT ATT GAT AAG ACA ATA TGC CAG GAA GAA TAC CCA AAC CAT CAC ACA GAA ATG GTT CTT GAA GTG ATC CAA GTG ACC CTT GGC TAT TTT ATT CCC ATG CTA GCC ATG ATC ATC TGC TAC TCA CTA ATT ATT AGA ACC TTA CTG CAT GCC AGG AGT TTT CAA AAG AAC AAA TCT CTA AAA ATA TTT TCT GTA GTT GCC ATA TTT ATT CTT ACT CAG TCA CCC TAC ACT TTC TTG AGA CTG ATA AAG ATC ATA GAC TGG AGC TTT AAC CTG AAC AGC AGC TTT GAA TAT GCA ATC ATT ATA ACA GAA GCT CTT GCT TAT TTC CAC GGC TGT CTT AAT CCT TAT TTC TTC ATG GGG GTG AAA TTC AGG AGG TTA AAA ATT ATT AAA AAT TCA AGA TGC GTC AAA CGG CAA GTT ATG GTT AAA CAG TGG CAA ACC ACT GAA GAA GAA GGC TCT AAA ACT TTT ACT GCC TCC AAT AAT GCA GAT GCA ACA AGC ATG TAC CAG CTA 
Tyto_alba                       ATG GCA AAT ACA GAT GCT GCC AAC TAT TAT AAC TTC TCC ATC ATT GAT CCC AAT GAA AAT GGA AGT GAG AAT TTT CAC TTT ACA ACA ATC TTC CTG CCC TGC ATG TAC TCG GCT GTT TTC ATC CTT GGG CTA GCA GGA AAT GCC CTG GTC TTT GTC ATA CTA GTT TTC TAT GAG AAA CTG AAG ATG CTG ACA ATA TTT TTG CTG AAC TTG GCT ATA GCT GAC TGG GTC TTC CTT TGG ACG CTG CCA TTC TGG GCA TAT TCT GCA GCT CAG GAG TGG ACT TTT GGC ACC GTG GCA TGT CGT ATA TTG TAC ACT TCA ATG TTA ACT CTA ACA TCT ATC ACC TTT GAT CGG CTT ATT GCT ATT ACT TTT GCC ACC AAA GCA CAT ATG CAA ACC AAA CGA ATG ATA TGG GGC AAA TTA ATC TGT GTC TTG ATC TCA CTA GCA TTT GCC ACA CCG CAG TTT ATT TTT AGT GAG GTG AGT ATT GAT AAG GCA ATA TGT CAG GAA GAA TAC TCA AAC CAT CAC ACA GAA CTG GTT CTT GAA GTG ATC CAA GTG ACC CTT GGC TAT TTT ATT CCC ATG CTA GCC ATG ATC ATC TGC TAC TCA CTA ATT ATT AGA ACC TTA CTG CAT GCC AGG AGT TTT CAA AAG AAC AAA TCT CTG AAA ATA TTT TCT GTA GTT GTT ATA TTT ATT CTT ACT CAG TCA CCC TAT ACT TTC TTG AGA CTA ATA AAG ATC ATA GAC TGG AGC TTT AAC TTG AAC AGC AGC TTT GAA TAC GCA ATC ATT GTA ACA GAA GCT CTA GCT TAT TTC CAT GGC TGT CTT AAC CCT TAT TTC TTC ATG GGG GTG AAA TTC AGG AGG TTA AAA ATA ATT AAA AAC TCA AGA TGC ATC AAA CGG CAA GTT GCA GCT AAA CCA TGG CAA ACC ACC GAA GAG GAA GGC TCT AAA ACT TTT TCT GCC TCA AAT AAT GCA GAT GCA ACA AGC ATG TAC CCG CTA 
Leptosomus_discolor             ATG GCA ACT TCA GAT GCC ACT AAC TAT TAT AAC TTC TCC ATC ATT GAT CCC AAC GAA AAC AGA AGC GAC AAT TTT CAC TTT ACA AAA GTC TTC CTG CCC TGT ATG TAT TTG ACT GTT TTC ATC CTT GGG CTA GCA GGA AAT GCG CTG GTC TTT GTC ATA CTA GTT TTC TAC GAG AAA CTG AAG ATG CTG ACA ATA TTT TTG CTG AAC TTG GCT ACA GCT GAC TGG GTC TTC CTT TGG ACA CTT CCA TTC TGG GCA TAT TCT GCT GCT CAG GAG TGG ACT TTT GGC ACT GTG GCA TGT CGT ATA TTG TAC ACT TCA ATG TTA ACT CTA ACG TCT ATC ACC TTT GAC CGG CTT ATT GCT ATT ACT TTT GCC ACC AAA GCA CGT ATG CAA ACC AAA CGA ATG ACA TGG GGC AAA TTA ATC TGT GTC TTG ATC TCA CTA GCA TTT GCT GCA CCA CAG TTT ATT TTT AGT GAG GTG AGT ATT GAT AAG GCA ATA TGT GAG GAA GAA TAC CCA AGC CAT CGC ACA GAA CTG GTT CTT GAG GTG ATT CAA GTG ACC CTT GGC TAT TTT ATT CCC ATG CTA GCC ATG ATC ATC TGC TAC TCA CTA ATT ATT AGA ACC TTA CTG CAC GCC AGG AGT TTT CAA AAG AAC AAA TCT CTG AAG ATA TTT TCT GTA GTT GCC GTA TTT ATT CTT ACT CAG TCA CCC TAT ACT TTC TTG AGA CTG ATA AAG ATC ATA GAT TGG AGC TTT AAC TTG AAC AGC AGC TTT GAA TAT GCA ATC ATC GTA ACA GAA GCT CTT GCT TAT TTC CAT GGC TGT CTT AAC CCT TAT TTC TTC ATG GGG GTG AAA TTC AGG AGG CTC AAA ATT ATT AAA AAC TCA AGA TGC GTC AAA TGG CAA GTT ACG GCT AAA CAG TGG CAA CCA ACT GAA GAG GAA GGC TCT AAA ACT TTC ACT GCC TCA AAT AAT GCA GAT GCA ACA AGC ATG TAC CCA CTA 
Colius_striatus                 ATG GCA ACG ACA GAC GCA GAT AAC TAT TAT AAC TTC TCC ATC GTT GAT CCA GAC GAA AAT GGA AGT GAG AAT TTT CAC TTT ACA AGA GTC TTC CTG CCC TGT ACC TAC TCG GTT GTT TTC ATC CTG GGG CTA GCA GGA AAC ACA CTG GTC TTT GTC ATA CTG GTT TTC TAT GAG AAG CTG AAG ATG CTG ACA ATA TTT TTG CTG AAC TTG GCT GTA GCT GAC TGG GTC TTC CTT TGG ACG CTG CCA TTC TGG GCG CAT TCG GCC GCT CAG GAG TGG GCT TTC GGC ACG GTG GCG TGT CGT ATA TTG TAC ACT TCC ATG TTA ACC CTG ACA TCT ATC ACC TTT GAC AGG CTT GTT GCT ATT ACT TTT GCC ACC AAA GCA CAC ATG CAA ACC AAA CGA ACG ACG TGG GGC AAG GCA GTG TGT GTC TTG ATC TCA CTA GGC TTT GCC ACA CCA CAG TTT ATT TTT AGT GAG GTG AGC ATT GAT AAG GCG ATA TGT CAC GAA AAA TAC CCA AAC CAC GGC ACA GAA CTG GTT CTT GAA GTG ATC CAA GTG ACA CTT GGC TAT TTT ATT CCC ATG CTA GCC ATG ATC ATC TGC TAC TCA CTA ATT GTT AGA ACC TTA CTG CAC GCC AGG AAT TTC CAA AAG AAG AAA TCT CTC AAA ATA TTT TCT GTA GTT GCC ATA TTT ATT CTG ACT CAG TCA CCT TAT ACT TTC CTG AGA CTC ATA AAG ATC ATA GAC TGG AGC TTT AAC TTG AAC AGC AGC TTT GAA TAT GCA ATC ATC GTA ACA GAA GCT CTC GCT TAC CTC CAC GGC TGT CTC AAC CCT TAT TTC TTC ATG GGG GTC AAA TTC AGG AGG TTA AAA ATT ATT AAG AGT TTA AGA TGC ATC AAA GGG AGA GTT ACA GCG AAG CAC TGG CAA ACC ACT GAA GAG GAA GGC TCT AAA ACA TTT ACT GCC TCC AAT AAC GCA GAT GCC ACA AGC ATG GAT CCG CTA 



Printing out site pattern counts


         8        675  P

Geospiza_fortis                 AAA AAA AAA AAA AAA AAA AAA AAA AAA AAC AAC AAC AAC AAC AAC AAG AAG AAG AAT AAT AAT AAT AAT ACA ACA ACA ACA ACA ACC ACC ACC ACC ACC ACT ACT ACT ACT ACT ACT ACT ACT AGA AGA AGA AGA AGA AGC AGG AGT AGT AGT ATA ATA ATA ATA ATA ATA ATA ATC ATC ATC ATC ATC ATG ATG ATG ATG ATG ATG ATG ATT ATT ATT ATT ATT ATT CAA CAA CAA CAA CAA CAA CAC CAC CAC CAC CAG CAG CAG CAG CAG CAT CAT CAT CAT CCA CCA CCA CCA CCA CCC CCC CCC CCG CCT CGT CTA CTA CTA CTC CTG CTG CTG CTG CTG CTG CTT CTT CTT CTT CTT CTT CTT CTT GAA GAA GAA GAC GAC GAC GAC GAG GAG GAG GAT GAT GAT GCA GCA GCA GCA GCA GCC GCC GCC GCC GCC GCC GCT GCT GCT GCT GCT GCT GCT GCT GGA GGA GGC GTA GTA GTA GTC GTC GTC GTG GTG GTT GTT GTT GTT GTT GTT GTT TAC TAC TAC TAT TAT TAT TAT TAT TAT TAT TAT TCA TCA TCA TCA TCA TCC TCT TCT TCT TCT TCT TGC TGC TGG TGG TGG TGG TGT TGT TGT TGT TGT TTA TTA TTA TTA TTA TTA TTA TTC TTC TTG TTG TTG TTT TTT TTT TTT TTT TTT 
Falco_peregrinus                ... ... ... ..C ..C ..G .G. .T. G.. ... ... ... ... ... .G. ... .G. .T. ... ... .G. .G. TG. .A. ... ... .T. GTG ..A ..A ... ..T .T. .A. ..C ... ... ... ... ... G.. .AT .C. ... ..G G.. ... ... .A. ... GT. .C. .C. ... ... C.. TC. T.. ... ... ... G.. T.. .C. .C. ... ... GA. G.. G.. ..C ..C ... ... ... G.C A.. ... ... ..G .G. .T. ..G .G. GGG T.T ... ... ... .G. .T. A.C ..C ... .G. ... ... ... ..C ..G ... ... ... .T. ... TA. ... ... T.. T.. A.A ..A ... ... ... T.. A.A ... ... ... ... G.. T.. T.. ... ... ... ... ... ..T ..T ... ... ... ... ... .GC A.. ... ... ... ... A.. A.T ..A ... ... .G. ..C ... ... ... ... .GC .T. .T. ... ..G ... A.. ... T.G .C. ... ... ... ... AC. A.. A.. .C. .G. ... ... ... ... ... A.. A.. C.. ... ... ... ... ... G.. ... ... ..G .TT ... A.. ... ... .G. .T. ... ..G A.T ... ... ... CA. .C. ..C ... ... C.. C.G .C. ... ... ..C ..T ... ..G C.. ... ... A.. C.. .CA ..C ..C ... 
Falco_tinnunculus               ... ... ... ..C ..C ..G .G. .T. G.. ... ... ... ... ..T .G. ... .G. .T. ... ... .G. .G. TG. .A. ... ... .T. GTG ..A ..A ... ..T .T. .A. ..C ... ... ... ... ... G.. .AT .C. ... ..G G.. ... ... .A. ... GT. .C. .C. ... ... C.. TC. T.. ... ... ... G.. T.. .C. .C. ... ... GA. G.. G.. ..C ..C ... ... G.. G.C A.. ... ... ..G .G. .T. ..G .G. GGG T.T ... ... ... .G. .T. A.C ..C ... .G. ... ... ... ..C ... ... ... ... .T. ... TA. ... ... T.. T.. A.A ..A ... ... ... T.. A.A ... ... ... ... G.. T.. T.. ... ... ... ... ... ... ..T ... ... ... ... ... .GC A.. ... ... ... ... A.. ATT ..A ... ... .G. ..C ... ... ... ... .GC .T. .T. ... ..G ... A.. ... T.G .C. ... ... ... ... AC. A.. A.. .C. .C. ... ... ... ... ... A.. A.. C.. ... ... ... ... ... G.. ... ... ... .TT ... A.A ... ... .G. .T. ... ..G A.T ... ... ... CA. .C. ..C ... ... C.. C.G .C. ... ... ..C ..T ... ..G C.. ... ... A.. C.. .CA ..C ..C ... 
Aquila_chrysaetos               ... ... ... ..C ..T ..G .G. .T. G.. ... ... ... ..T ..T .G. ... .G. .T. ... ... .G. .G. TG. .A. ... .T. .T. .TG ... ..T ... ..T .TT .T. ..C ..C ... ... ... ... G.. ... .C. ... ..G G.. ... ... .A. ... GC. .C. .C. ... ... C.. TC. ... ... ... ... ... T.. .CA .C. ... ... GA. ... G.. ..C ... ... ... ... G.C A.. ... ... ..G .G. .T. ..G ... GGG T.T ... ... ... .G. .T. AGC ..C .G. .G. ... ... ... ..C .AG ... ... ... .TT ... .A. ... ... T.. T.. A.A A.. .A. ..A ... T.. A.A ... ... ... ... G.. T.. T.. ... ... ... ... ... ... ..T ..A ... ... ... ... .GC ... A.. ... ... ... A.. .T. ..A ... ..G .G. ..C ... ... ... ... .GC ..C ... ... ..G ... A.. ... T.T .CT ... ... A.. ... AC. A.. A.. .C. .C. A.. ... ... ... ..T A.C A.. C.C ..C ... ... ... ... G.. ... ... ... .TT ... A.. ... ... .G. .T. ... ..G A.T C.. C.. ... CA. .C. ..C ..C ... C.. ... .C. C.. ... ..C ..T ... ..G C.. C.. ... A.. ... .CG ..C ..C ... 
Haliaeetus_leucocephalus        ... ... ... ..C ..T ..G .G. .T. G.. ... ... ... ..T ..T .G. ... .G. .T. ... ... .G. .G. TG. .A. ... .TG .T. .TG ... ..T ... ..T .TT .T. ..C ..C ... ... ... ... ... ... .C. ... ..G G.. ... ... .A. ... GC. .C. .C. ... ... C.. TC. ... ... ... ... ... T.. .C. .CA ... ... GA. ... G.. ..C ... ... ... ... G.C A.. ... ... ..G .G. .T. ..G ... GGG T.T ... ... ... .G. .T. AGC ... .G. .G. ... ... ... ..C .AG ... ... ... .TT ... .A. ... ... T.. T.. A.A A.. .G. ... ... T.. A.A ... ... ... ... G.. T.. T.. ... ... ... ... ... ... ..T ..A ... ... ... ... .GC ... A.. ... ... ... A.. .T. ..A ... ..A .G. ..C ..C ... ... .T. .GC ..C ... ... ..G ... A.. ... T.G .C. ... ... ... ... AC. A.. A.. .C. .C. ... ... ... ... ..T A.C A.. C.C ..C ... ... ... ... G.. ... ... ... .TT ... A.. ... ... .G. .T. ... ..G A.T C.. ... ... CA. .C. ..C ..C ... C.. ... .CC C.. ... ..C ..T ... ..G C.. C.. ... A.. ... .CG ..C ..C ... 
Tyto_alba                       ... ... ... ..C ..C ..G .G. GT. G.. ... ... ... ... ..T .G. ... .G. .T. ... ... .G. .G. TGC .A. ... G.. .T. .TG ... ... ... ..T .TT .T. ..C ..C .A. ... ... T.. G.. .C. .C. ... ..G G.. ... ... .A. ... GT. .C. ... ... ... C.G TC. ... ... ... ... ... T.. .CA .C. ... ... GA. ... G.. ..C ... ... ... ... G.C A.. ... ... ..G .G. .T. ..G ... GGG T.T ... ... .CA .G. .T. AGC ..C ... .G. ... ..G T.. ..C ..G ... ... ... .T. ... .A. ... ... T.. T.. A.A ... ... ... ... T.. A.A ..A ... ... ... G.. T.. T.. ... ... ... ... ..T ... ..T ... ... ... ... ... .GC ..C ... ... ... ... A.. AT. ..A ... ... .G. ..C ... ..C ... ... .GC ..C ... ... ..G ... A.. ... T.G ..T A.. ... ... ... AC. A.A A.. .C. .CA ... ... ... ... ..T A.. A.. C.. ... ..C ..C ... ... A.. ... ... ... .TT ... A.. ... ... .G. .T. ... ..G A.T C.. ... ... CA. .C. ..C ... ... C.. ... .C. ... ... ..C ..T ... ..G C.A ... ... A.. ... .CG ..C ..C ... 
Leptosomus_discolor             ... ... ..G ..C ..C ..G .G. GT. G.. ... ... .G. ... ... .G. ... .G. .T. ... ... .GC .G. TG. .A. ... ..G .T. .TG ... ..T ... ..T .T. .T. ..C ... ... ... ... ... G.C .A. TC. ... ..G ... ... ... .A. ... GT. .C. .C. .C. ... C.G TC. ... ... ... ..T ... T.. .C. .CA ... ... GA. ... G.. ..C ... ... ... ... G.C A.. ... ... ..G .G. .T. ..G .G. GGG T.T ... G.. ... .G. .TT AGC ..C .G. .G. ... ... ... ..C ... ... ... ... .T. ... .A. ... ... ..C T.. G.A ... ... ... ... T.. A.A ... ... ... ... G.. T.. T.. ... ... ..G ... ... ..T ..T ... ..C ... ... ... .GC ..G ... ... ... ... C.A .T. ..A ... ... .G. ..C ... ... ... ... .GC A.. ... ... ..G ... A.. ... T.G .C. ... ... ... ... AC. A.. A.. AC. .C. ... ... ... ... ... A.C A.. C.. ... ... ... ... ... G.. ... ... ... .TT ... A.. ... ... .G. .TC ... ..G A.T ... ... ... CAC .C. ..C ... ... C.. ... .C. ... ... ..C ..T ... ..G C.. ... ... A.. ... ..G ..C ..C ... 
Colius_striatus                 ... ..G ... ..C .GT ..G .G. GT. G.. ... ..G ... ... ..T .G. ... .G. .CC ..C ... .G. .GC TG. .A. ... ... .T. .TG ... ..T ... ..T .T. GT. ..A ..G ..G ..C ... ... G.A ... .C. ... ..G G.. ... ... .AC .A. GT. .C. .CG G.. ... C.C TC. ... ... G.G ... ... T.. .CA .C. .C. ... GA. ... G.C ..C ... ... G.. ... G.C A.G AG. ... ..G .G. .T. ..G GG. GGG ..T ... ..C ..C AG. .T. AGC ..C ..C .G. ... ... ... ..C ..G ..A ... ..T .T. ... .AC ... ..G T.. T.. A.A ... ... ... ... T.. A.A ..C ..C ..G ... G.. T.C T.. A.. ... ... ... ... ... ..T ... ... ... ..C ... .GC A.. ..G ... ..G .GC A.. AT. ... ... ... .G. ..C ... ..C ... ..G .GC .A. ... ... ..G ... A.. ... T.G .C. ... ... ... ... .C. A.. A.. ... .CC ... ... G.T ... ..T G.C A.. C.C ... ..C ... ..C ... A.. ... .T. ..C .TC ... A.A ..G ... .G. .T. ... ..G A.T G.. ... ... CAC .C. ..C ... ... C.. GC. .CC ... ... ..C ..T ... C.G C.C ... ... A.. ... .CG C.C ..C ... 

    6    3    1    1    1    1    1    1    2    4    1    1    1    1    2
    3    1    1    1    1    1    1    1    1    4    1    1    1    1    1
    3    1    1    1    1    1    1    1    3    1    1    1    1    2    1
    1    1    1    1    1    1    1    1    1    3    1    1    1    6    1
    1    1    1    1    1    1    6    1    1    1    1    1    2    2    1
    1    1    1    4    1    1    1    1    1    1    1    1    1    1    1
    1    1    1    1    1    1    1    1    1    1    1    1    1    1    1
    1    3    2    1    1    1    1    1    1    3    1    1    1    1    2
    4    1    1    1    1    5    1    1    1    1    1    1    1    2    1
    2    1    1    1    5    2    1    1    1    1    1    1    1    2    1
    1    4    1    1    1    1    1    1    2    1    1    1    1    1    3
    1    3    1    1    2    1    1    1    2    1    3    1    1    1    1
    1    1    1    1    4    1    2    1    1    1    1    1    1    2    1
    1    1    1    1    1    1    5    1    2    1    1    2    1    1    1
    1    1    1    1    6    1    1    1    2    1    1    1    1    1   11


CODONML (in paml version 4.9j, October 2019)  Geospiza_fortis.aln
Model: free dN/dS Ratios for branches, 
Codon frequency model: F3x4
ns =   8  ls = 324

Codon usage in sequences
--------------------------------------------------------------------------------------------------------------------------------------
Phe TTT  16  16  16  18  17  17 | Ser TCT   6   5   5   5   5   6 | Tyr TAT  11  10  10   9   9   8 | Cys TGT   7   5   5   4   4   4
    TTC   7  11  11  11  11  11 |     TCC   1   1   1   1   2   1 |     TAC   5   5   5   5   5   6 |     TGC   2   2   2   3   3   3
Leu TTA   7   4   4   3   3   4 |     TCA   6   6   7   6   5   7 | *** TAA   0   0   0   0   0   0 | *** TGA   0   0   0   0   0   0
    TTG   4   6   6   4   5   6 |     TCG   0   1   0   1   1   1 |     TAG   0   0   0   0   0   0 | Trp TGG   8   8   8   6   7   7
--------------------------------------------------------------------------------------------------------------------------------------
Leu CTT  12   9   9   9   9   7 | Pro CCT   1   1   1   1   1   1 | His CAT   4   3   3   2   3   4 | Arg CGT   1   1   1   2   2   1
    CTC   1   0   0   0   0   0 |     CCC   3   4   4   4   4   4 |     CAC   4   1   1   3   2   2 |     CGC   0   1   1   0   0   0
    CTA   6   9   9  10   9   9 |     CCA   5   3   4   3   3   2 | Gln CAA   9   5   5   5   5   5 |     CGA   0   1   1   1   1   1
    CTG   8   9   9   6   7   9 |     CCG   1   1   0   0   0   2 |     CAG   5   5   5   7   6   4 |     CGG   0   1   1   3   3   2
--------------------------------------------------------------------------------------------------------------------------------------
Ile ATT   8   9   9  13  12  11 | Thr ACT  10  11   9  10  11   7 | Asn AAT   5   7   8   7   7   7 | Ser AGT   3   4   4   4   4   4
    ATC  10  11  11  10  10  12 |     ACC   7   5   5   7   7   8 |     AAC  10  11  10   8   8   9 |     AGC   1   3   3   4   4   4
    ATA   9   9   9  11  10  11 |     ACA   8  11  12   9   9   9 | Lys AAA  17  12  12  12  12  12 | Arg AGA   6   3   3   4   4   3
Met ATG  12   8   8  12  12  10 |     ACG   0   2   2   1   1   1 |     AAG   5   4   4   4   4   4 |     AGG   1   3   3   3   3   3
--------------------------------------------------------------------------------------------------------------------------------------
Val GTT   9   7   8   3   5   6 | Ala GCT  12   9  10  13   9   9 | Asp GAT   4   5   4   4   4   5 | Gly GGT   0   1   0   0   0   0
    GTC   5   6   6   6   6   4 |     GCC   6   5   5   4   6   7 |     GAC   4   2   3   3   3   2 |     GGC   2   5   5   5   5   5
    GTA   3   1   1   1   1   2 |     GCA  10  11  11  11  12  12 | Glu GAA   7   9   9  10  10   9 |     GGA   2   2   2   2   2   2
    GTG   4   7   7   4   5   5 |     GCG   0   0   0   1   0   0 |     GAG   4   5   5   4   4   5 |     GGG   0   2   2   2   2   2
--------------------------------------------------------------------------------------------------------------------------------------

----------------------------------------------------------------------
Phe TTT  16  15 | Ser TCT   5   4 | Tyr TAT   9   7 | Cys TGT   5   5
    TTC  12  12 |     TCC   1   3 |     TAC   5   5 |     TGC   2   2
Leu TTA   3   4 |     TCA   7   3 | *** TAA   0   0 | *** TGA   0   0
    TTG   7   5 |     TCG   0   2 |     TAG   0   0 | Trp TGG   8   7
----------------------------------------------------------------------
Leu CTT   9   4 | Pro CCT   1   2 | His CAT   2   1 | Arg CGT   2   1
    CTC   1   5 |     CCC   4   2 |     CAC   2   7 |     CGC   1   0
    CTA   7   5 |     CCA   5   4 | Gln CAA   5   4 |     CGA   1   1
    CTG   9  13 |     CCG   0   1 |     CAG   4   3 |     CGG   1   0
----------------------------------------------------------------------
Ile ATT  12   8 | Thr ACT  13   6 | Asn AAT   4   4 | Ser AGT   3   3
    ATC  10  11 |     ACC   5   7 |     AAC  10   9 |     AGC   6   5
    ATA   7   8 |     ACA   8  12 | Lys AAA  12   9 | Arg AGA   4   5
Met ATG  10   8 |     ACG   2   5 |     AAG   5   9 |     AGG   3   4
----------------------------------------------------------------------
Val GTT   5   9 | Ala GCT   9   7 | Asp GAT   5   5 | Gly GGT   0   0
    GTC   6   6 |     GCC   6   8 |     GAC   3   5 |     GGC   5   7
    GTA   3   3 |     GCA  11   7 | Glu GAA   8   8 |     GGA   1   2
    GTG   5   5 |     GCG   1   4 |     GAG   6   5 |     GGG   2   3
----------------------------------------------------------------------

Codon position x base (3x4) table for each sequence.

#1: Geospiza_fortis
position  1:    T:0.24691    C:0.18519    A:0.34568    G:0.22222
position  2:    T:0.37346    C:0.23457    A:0.29012    G:0.10185
position  3:    T:0.33642    C:0.20988    A:0.29321    G:0.16049
Average         T:0.31893    C:0.20988    A:0.30967    G:0.16152

#2: Falco_peregrinus
position  1:    T:0.24691    C:0.16667    A:0.34877    G:0.23765
position  2:    T:0.37654    C:0.23457    A:0.25926    G:0.12963
position  3:    T:0.31790    C:0.22531    A:0.26543    G:0.19136
Average         T:0.31379    C:0.20885    A:0.29115    G:0.18621

#3: Falco_tinnunculus
position  1:    T:0.24691    C:0.16667    A:0.34568    G:0.24074
position  2:    T:0.37963    C:0.23457    A:0.25926    G:0.12654
position  3:    T:0.31481    C:0.22531    A:0.27469    G:0.18519
Average         T:0.31379    C:0.20885    A:0.29321    G:0.18416

#4: Aquila_chrysaetos
position  1:    T:0.23457    C:0.17284    A:0.36728    G:0.22531
position  2:    T:0.37346    C:0.23765    A:0.25617    G:0.13272
position  3:    T:0.32099    C:0.22840    A:0.27160    G:0.17901
Average         T:0.30967    C:0.21296    A:0.29835    G:0.17901

#5: Haliaeetus_leucocephalus
position  1:    T:0.23765    C:0.16975    A:0.36420    G:0.22840
position  2:    T:0.37654    C:0.23457    A:0.25309    G:0.13580
position  3:    T:0.31481    C:0.23457    A:0.26543    G:0.18519
Average         T:0.30967    C:0.21296    A:0.29424    G:0.18313

#6: Tyto_alba      
position  1:    T:0.25000    C:0.16358    A:0.35494    G:0.23148
position  2:    T:0.38272    C:0.23765    A:0.25309    G:0.12654
position  3:    T:0.29938    C:0.24074    A:0.27160    G:0.18827
Average         T:0.31070    C:0.21399    A:0.29321    G:0.18210

#7: Leptosomus_discolor
position  1:    T:0.24691    C:0.16667    A:0.35185    G:0.23457
position  2:    T:0.37654    C:0.24074    A:0.24691    G:0.13580
position  3:    T:0.30864    C:0.24383    A:0.25309    G:0.19444
Average         T:0.31070    C:0.21708    A:0.28395    G:0.18827

#8: Colius_striatus
position  1:    T:0.22840    C:0.16358    A:0.34877    G:0.25926
position  2:    T:0.37346    C:0.23765    A:0.25000    G:0.13889
position  3:    T:0.25000    C:0.29012    A:0.23148    G:0.22840
Average         T:0.28395    C:0.23045    A:0.27675    G:0.20885

Sums of codon usage counts
------------------------------------------------------------------------------
Phe F TTT     131 | Ser S TCT      41 | Tyr Y TAT      73 | Cys C TGT      39
      TTC      86 |       TCC      11 |       TAC      41 |       TGC      19
Leu L TTA      32 |       TCA      47 | *** * TAA       0 | *** * TGA       0
      TTG      43 |       TCG       6 |       TAG       0 | Trp W TGG      59
------------------------------------------------------------------------------
Leu L CTT      68 | Pro P CCT       9 | His H CAT      22 | Arg R CGT      11
      CTC       7 |       CCC      29 |       CAC      22 |       CGC       3
      CTA      64 |       CCA      29 | Gln Q CAA      43 |       CGA       7
      CTG      70 |       CCG       5 |       CAG      39 |       CGG      11
------------------------------------------------------------------------------
Ile I ATT      82 | Thr T ACT      77 | Asn N AAT      49 | Ser S AGT      29
      ATC      85 |       ACC      51 |       AAC      75 |       AGC      30
      ATA      74 |       ACA      78 | Lys K AAA      98 | Arg R AGA      32
Met M ATG      80 |       ACG      14 |       AAG      39 |       AGG      23
------------------------------------------------------------------------------
Val V GTT      52 | Ala A GCT      78 | Asp D GAT      36 | Gly G GGT       1
      GTC      45 |       GCC      47 |       GAC      25 |       GGC      39
      GTA      15 |       GCA      85 | Glu E GAA      70 |       GGA      15
      GTG      42 |       GCG       6 |       GAG      38 |       GGG      15
------------------------------------------------------------------------------


Codon position x base (3x4) table, overall

position  1:    T:0.24228    C:0.16937    A:0.35340    G:0.23495
position  2:    T:0.37654    C:0.23650    A:0.25849    G:0.12847
position  3:    T:0.30787    C:0.23727    A:0.26582    G:0.18904
Average         T:0.30890    C:0.21438    A:0.29257    G:0.18416

Codon frequencies under model, for use in evolver (TTT TTC TTA TTG ... GGG):
  0.02915904  0.02247219  0.02517616  0.01790467
  0.01831403  0.01411419  0.01581249  0.01124546
  0.02001696  0.01542661  0.00000000  0.00000000
  0.00994873  0.00766725  0.00000000  0.00610887
  0.02038347  0.01570906  0.01759926  0.01251617
  0.01280232  0.00986645  0.01105363  0.00786108
  0.01399275  0.01078389  0.01208146  0.00859204
  0.00695461  0.00535975  0.00600467  0.00427037
  0.04253134  0.03277791  0.03672192  0.02611573
  0.02671282  0.02058695  0.02306407  0.01640261
  0.02919672  0.02250123  0.02520870  0.01792781
  0.01451120  0.01118345  0.01252910  0.00891039
  0.02827684  0.02179230  0.02441446  0.01736297
  0.01775994  0.01368717  0.01533408  0.01090523
  0.01941136  0.01495988  0.01675993  0.01191925
  0.00964773  0.00743528  0.00832994  0.00592405


TREE #  1:  (((7, 8), 6), (5, 4), (1, (2, 3)));   MP score: 309
lnL(ntime: 13  np: 27):  -2858.934131      +0.000000
   9..10   10..11   11..7    11..8    10..6     9..12   12..5    12..4     9..13   13..1    13..14   14..2    14..3  
 0.004579 0.000071 0.106174 0.312457 0.105080 0.079280 0.026043 0.025677 0.001308 0.463992 0.071340 0.015649 0.009759 4.361419 0.877716 0.000100 0.303604 0.199965 0.245323 0.247067 0.289944 0.539859 1.867953 1.245103 0.638437 0.298574 0.185007

Note: Branch length is defined as number of nucleotide substitutions per codon (not per neucleotide site).

tree length =  1.221407

(((7: 0.106174, 8: 0.312457): 0.000071, 6: 0.105080): 0.004579, (5: 0.026043, 4: 0.025677): 0.079280, (1: 0.463992, (2: 0.015649, 3: 0.009759): 0.071340): 0.001308);

(((Leptosomus_discolor: 0.106174, Colius_striatus: 0.312457): 0.000071, Tyto_alba: 0.105080): 0.004579, (Haliaeetus_leucocephalus: 0.026043, Aquila_chrysaetos: 0.025677): 0.079280, (Geospiza_fortis: 0.463992, (Falco_peregrinus: 0.015649, Falco_tinnunculus: 0.009759): 0.071340): 0.001308);

Detailed output identifying parameters

kappa (ts/tv) =  4.36142

w (dN/dS) for branches:  0.87772 0.00010 0.30360 0.19997 0.24532 0.24707 0.28994 0.53986 1.86795 1.24510 0.63844 0.29857 0.18501

dN & dS for each branch

 branch          t       N       S   dN/dS      dN      dS  N*dN  S*dS

   9..10     0.005   684.5   287.5  0.8777  0.0015  0.0017   1.0   0.5
  10..11     0.000   684.5   287.5  0.0001  0.0000  0.0001   0.0   0.0
  11..7      0.106   684.5   287.5  0.3036  0.0211  0.0694  14.4  20.0
  11..8      0.312   684.5   287.5  0.2000  0.0477  0.2385  32.6  68.6
  10..6      0.105   684.5   287.5  0.2453  0.0183  0.0748  12.6  21.5
   9..12     0.079   684.5   287.5  0.2471  0.0139  0.0563   9.5  16.2
  12..5      0.026   684.5   287.5  0.2899  0.0050  0.0174   3.4   5.0
  12..4      0.026   684.5   287.5  0.5399  0.0068  0.0127   4.7   3.6
   9..13     0.001   684.5   287.5  1.8680  0.0005  0.0003   0.3   0.1
  13..1      0.464   684.5   287.5  1.2451  0.1642  0.1319 112.4  37.9
  13..14     0.071   684.5   287.5  0.6384  0.0204  0.0319  13.9   9.2
  14..2      0.016   684.5   287.5  0.2986  0.0031  0.0103   2.1   3.0
  14..3      0.010   684.5   287.5  0.1850  0.0014  0.0076   1.0   2.2

tree length for dN:       0.3039
tree length for dS:       0.6528

dS tree:
(((Leptosomus_discolor: 0.069448, Colius_striatus: 0.238539): 0.000080, Tyto_alba: 0.074753): 0.001670, (Haliaeetus_leucocephalus: 0.017362, Aquila_chrysaetos: 0.012662): 0.056252, (Geospiza_fortis: 0.131898, (Falco_peregrinus: 0.010308, Falco_tinnunculus: 0.007634): 0.031902): 0.000271);
dN tree:
(((Leptosomus_discolor: 0.021085, Colius_striatus: 0.047699): 0.000000, Tyto_alba: 0.018338): 0.001466, (Haliaeetus_leucocephalus: 0.005034, Aquila_chrysaetos: 0.006835): 0.013898, (Geospiza_fortis: 0.164227, (Falco_peregrinus: 0.003078, Falco_tinnunculus: 0.001412): 0.020368): 0.000505);

w ratios as labels for TreeView:
(((Leptosomus_discolor #0.303604 , Colius_striatus #0.199965 ) #0.0001 , Tyto_alba #0.245323 ) #0.877716 , (Haliaeetus_leucocephalus #0.289944 , Aquila_chrysaetos #0.539859 ) #0.247067 , (Geospiza_fortis #1.2451 , (Falco_peregrinus #0.298574 , Falco_tinnunculus #0.185007 ) #0.638437 ) #1.86795 );


Time used:  9:50
