
Before deleting alignment gaps
      8   1089

Chloebia_gouldiae               ATG GCT GTC TTT AAA AAG AAG GCA ACG TGG CAA CTA CAA TAT AGT GCT AAC TTT CAT TAT AAC TTC TCC ATC ACT GAT CCC TAT GAG AAC AGA AAT GAG AAT TTT CAT NNN TTA ATA ACA GTC TTC CTG GCA CAT ATG TAT TTT GCT GTG TTC ATC CTT GGC NNN GCA GGA AAT GCA TTG GTC TTT GTC ATA CTA AGT TTC TAC ATG AAA CTA AAG ACA CTG AGA GAA ATT GAT NNN GTA CTT TTG CTA AAT GTG GCT ATA GCT GAT TGG GCT TTT CTT TGG ATG CTG CCC NNN TGG GCA TAC TCT GCT ACT CAG GAG GGG ACT CCA GGC ACA GTG GTA TGT CAT TAT ATG --- GGG CTT --- --- --- --- GCA TGC ACT TCA ATG TTA ACT CTA ATG TCA ATC ACC TTT GAC CAG CTT ATT GCT GTT ACT TTT GTC ACC AAA GCA CGT GTG TTA NNN ACC AAA CCA ATG ACA TGG GGC AAT TTA ATC TCT GTC TTG ATC NNN GTG ATC TCA CAA GCA TTT GCT GTA ACA CAC TTT GGT TTT TGG GAG GCG NNN AAT TTT GAT AAA GCA ATA TGT CAG GAA GAA TAC CCA AAT TAT CAC AGA GAA CTG GTT CCT GAA GAG ATC CAA GTG ACT CTT GCT TAT TTT ATT CCC ATG CTA GCC ATG ATT ATC TCC TAC TCA CTA ATT ATT AAA ACC TTA CTG TGT GCT AGA AGT CTT CAA AGG AAC AAA TCT ATA --- AAA ATA TTT TCT GTA GTT TTC CTG TTT ATT CTT ACC CAG ATG CCC TAT ACT TTC TTC AGA TTG ATA AAA ATC ATA GAC TGG AGC TTT AAA CTG AAC AGC AGC TTT GAA TAT GCA ATT ACC ATA ACA AAA GTT CTT GTT TAT TTT TAT GCC TGT CTT AAC NNN --- CTC TAT TTC TTC ATG GGA ATG AAA ATC AGG AAG NNN TTA NNN CAC AAA GTT ATT AAA AAA TCA AGA TAT GCC AAA TGG CAA GTT ACA GCT CAG CAG TGG CAA GCC ACC AAA GAG GAA GAC TCT AAA TAT TTT ACT GCT TTA TAT AGT GCA GAT GCT ACA AGC ATC TGC TCG CTA TAT ATG TAC TCA CTA 
Aquila_chrysaetos               ATG GCA ACT --- --- --- --- --- --- --- --- --- ACA GAT GCT GCC AAC TTT TAT TAT AAC TTC TCC ATC ATT GAT CCC AAC GAA AAT GGA AGT GAG AAT TTT CAC ACA TTT ACA AGA GTC TTC CTG CCC TGT ATG TAT TCG GCT GTT TTC ATC CTT GGG CTA GCA GGA AAT GCA CTT GTC TTT GTC ATA CTA GCT TTC TAT GAG AAA CAG AAG ATG CTA ACA --- --- --- GAT ATA TTT TTG CTG AAC TTG GCT ATA GCT GAC TGG GTC TTC CTT TGG ACG CTG CCA TTC TGG GCA TAT TCT GCT GCT CAG GAG TGG ACT TTT GGC ACC ATG GCA TGT CGT ATT ATA CGA GGC TTG TAT ACT CTG AAC TTT TAC ACT TCA ATG CTA ACT CTA ACA TCT ATC ACC TTT GAC CGG CTT ATT GCT ATT ACT TTT GCG ACC AAA GCA CGT ATG TGT CAA ACC AAA CGA ATG ACA TGG GGC AAA TTA ATC TGT GTC TTG ATC TGG GTG ATC TCA CTA GCA TTT GCT GCA CCA CAG TTT ATT TTT AGT GAG GTG TTT AGT ATT GAT AAG ACA ATA TGC CAG GAA GAA TAC CCA AAC CAT CAC ACA GAA ATG GTT CTT GAA GTG ATC CAA GTG ACC CTT GGC TAT TTT ATT CCC ATG CTA GCC ATG ATC ATC TGC TAC TCA CTA ATT ATT AGA ACC TTA CTG CAT GCC AGG AGT TTT CAA AAG AAC AAA TCT CTA AAG AAA ATA TTT TCT GTA GTT GCT ATA TTT ATT CTT ACT CAG TCA CCC TAC ACT TTC TTG AGA CTG ATA AAG ATC ATA GAC TGG AGC TTT AAC CTG AAC AGC AGC TTT GAA TAT GCA ATC ATT ATA ACA GAA GCT CTT GCT TAT TTC CAC GGC TGT CTT AAT CCT GTT CTG TAT TTC TTC ATG GGG GTG AAA TTC AGG AGG AAC TTA CAG --- AAA ATT ATT AAA AAT TCA AGA TGC GTC AAA CGG CAA ATT ATA GCT AAA CAG CGG CAA ACC ACT GAA GAA GAA GGC TCT AAA ACT TTT ACT GCC TCA AAT AAT GCA GAT GCA ACA AGC --- --- --- --- --- ATG TAC CAG CTA 
Haliaeetus_leucocephalus        ATG GCA ACT --- --- --- --- --- --- --- --- --- ACA GAT ACT GCC AAC TTT TAT TAT AAC TTC TCC ATC ATT GAT CCC AAC GAA AAT GGA AGT GAG AAT TTT CAT ACA TTT ACA AGA GTC TTC CTG CCC TGT ATG TAT TCG GCT GTT TTC ATC CTT GGG CTA GCA GGA AAT GCA CTT GTC TTT GTC ATA CTA GCT TTC TAT GAG AAA CGG AAG ATG CTG ACA --- --- --- GAT ATA TTT TTG CTG AAC TTG GCC ATA GCT GAC TGG GTC TTC CTT TGG ACA CTG CCA TTC TGG GCA TAT TCT GCT GCT CAG GAG TGG ACT TTT GGC ACC GTG GCA TGT CGT ATT ATA CGA GGC TTG TAT ACT CTG AAC TTG TAC ACT TCA ATG CTA ACT CTA ACG TCT ATC ACC TTT GAC CGG CTT ATT GCT ATT ACT TTT GCA ACC AAA GCA CGT ATG TGT CAA ACC AAA CGA ATG ACA TGG GGC AAA TTA ATC TGT GTC TTG ATC TGG GTG ATC TCA CTA GCA TTT GCT GCA CCA CAG TTT ATT TTT AGT GAG GTG TTT AGT ATT GAT AAG ACA ATA TGC CAG GAA GAA TAC CCA AAC CAT CAC ACA GAA ATG GTT CTT GAA GTG ATC CAA GTG ACC CTT GGC TAT TTT ATT CCC ATG CTA GCC ATG ATC ATC TGC TAC TCA CTA ATT ATT AGA ACC TTA CTG CAT GCC AGG AGT TTT CAA AAG AAC AAA TCT CTA AAG AAA ATA TTT TCT GTA GTT GCC ATA TTT ATT CTT ACT CAG TCA CCC TAC ACT TTC TTG AGA CTG ATA AAG ATC ATA GAC TGG AGC TTT AAC CTG AAC AGC AGC TTT GAA TAT GCA ATC ATT ATA ACA GAA GCT CTT GCT TAT TTC CAC GGC TGT CTT AAT CCT GTT CTG TAT TTC TTC ATG GGG GTG AAA TTC AGG AGG AAC TTA CAG --- AAA ATT ATT AAA AAT TCA AGA TGC GTC AAA CGG CAA GTT ATG GTT AAA CAG TGG CAA ACC ACT GAA GAA GAA GGC TCT AAA ACT TTT ACT GCC TCC AAT AAT GCA GAT GCA ACA AGC --- --- --- --- --- ATG TAC CAG CTA 
Tyto_alba                       ATG GCA AAT --- --- --- --- --- --- --- --- --- ACA GAT GCT GCC AAC TTT TAT TAT AAC TTC TCC ATC ATT GAT CCC AAT GAA AAT GGA AGT GAG AAT TTT CAC ACA TTT ACA ACA ATC TTC CTG CCC TGC ATG TAC TCG GCT GTT TTC ATC CTT GGG CTA GCA GGA AAT GCC CTG GTC TTT GTC ATA CTA GTT TTC TAT GAG AAA CTG AAG ATG CTG ACA --- --- --- GAT ATA TTT TTG CTG AAC TTG GCT ATA GCT GAC TGG GTC TTC CTT TGG ACG CTG CCA TTC TGG GCA TAT TCT GCA GCT CAG GAG TGG ACT TTT GGC ACC GTG GCA TGT CGT ATT ATA CGG GGC TTG TAT ACT CTG AAC TTG TAC ACT TCA ATG TTA ACT CTA ACA TCT ATC ACC TTT GAT CGG CTT ATT GCT ATT ACT TTT GCC ACC AAA GCA CAT ATG TGT CAA ACC AAA CGA ATG ATA TGG GGC AAA TTA ATC TGT GTC TTG ATC TGG GTT ATA TCA CTA GCA TTT GCC ACA CCG CAG TTT ATT TTT AGT GAG GTG TTT AGT ATT GAT AAG GCA ATA TGT CAG GAA GAA TAC TCA AAC CAT CAC ACA GAA CTG GTT CTT GAA GTG ATC CAA GTG ACC CTT GGC TAT TTT ATT CCC ATG CTA GCC ATG ATC ATC TGC TAC TCA CTA ATT ATT AGA ACC TTA CTG CAT GCC AGG AGT TTT CAA AAG AAC AAA TCT CTG AAA AAA ATA TTT TCT GTA GTT GTT ATA TTT ATT CTT ACT CAG TCA CCC TAT ACT TTC TTG AGA CTA ATA AAG ATC ATA GAC TGG AGC TTT AAC TTG AAC AGC AGC TTT GAA TAC GCA ATC ATT GTA ACA GAA GCT CTA GCT TAT TTC CAT GGC TGT CTT AAC CCT GTT CTG TAT TTC TTC ATG GGG GTG AAA TTC AGG AGG AAC TTA CAG --- AAA ATA ATT AAA AAC TCA AGA TGC ATC AAA CGG CAA GTT GCA GCT AAA CCA TGG CAA ACC ACC GAA GAG GAA GGC TCT AAA ACT TTT TCT GCC TCA AAT AAT GCA GAT GCA ACA AGC --- --- --- --- --- ATG TAC CCG CTA 
Leptosomus_discolor             ATG GCA ACT --- --- --- --- --- --- --- --- --- TCA GAT GCC ACT AAC TTT TAT TAT AAC TTC TCC ATC ATT GAT CCC AAC GAA AAC AGA AGC GAC AAT TTT CAC ACA TTT ACA AAA GTC TTC CTG CCC TGT ATG TAT TTG ACT GTT TTC ATC CTT GGG CTA GCA GGA AAT GCG CTG GTC TTT GTC ATA CTA GTT TTC TAC GAG AAA CTG AAG ATG CTG ACA --- --- --- GAT ATA TTT TTG CTG AAC TTG GCT ACA GCT GAC TGG GTC TTC CTT TGG ACA CTT CCA TTC TGG GCA TAT TCT GCT GCT CAG GAG TGG ACT TTT GGC ACT GTG GCA TGT CGT ATT ATA CGG GGC TTG TAT ACT CTA AAC TTG TAC ACT TCA ATG TTA ACT CTA ACG TCT ATC ACC TTT GAC CGG CTT ATT GCT ATT ACT TTT GCC ACC AAA GCA CGT ATG TGT CAA ACC AAA CGA ATG ACA TGG GGC AAA TTA ATC TGT GTC TTG ATC TGG GTG ATC TCA CTA GCA TTT GCT GCA CCA CAG TTT ATT TTT AGT GAG GTG TTC AGT ATT GAT AAG GCA ATA TGT GAG GAA GAA TAC CCA AGC CAT CGC ACA GAA CTG GTT CTT GAG GTG ATT CAA GTG ACC CTT GGC TAT TTT ATT CCC ATG CTA GCC ATG ATC ATC TGC TAC TCA CTA ATT ATT AGA ACC TTA CTG CAC GCC AGG AGT TTT CAA AAG AAC AAA TCT CTG AAA AAG ATA TTT TCT GTA GTT GCC GTA TTT ATT CTT ACT CAG TCA CCC TAT ACT TTC TTG AGA CTG ATA AAG ATC ATA GAT TGG AGC TTT AAC TTG AAC AGC AGC TTT GAA TAT GCA ATC ATC GTA ACA GAA GCT CTT GCT TAT TTC CAT GGC TGT CTT AAC CCT GTT CTG TAT TTC TTC ATG GGG GTG AAA TTC AGG AGG AAC CTC CAG --- AAA ATT ATT AAA AAC TCA AGA TGC GTC AAA TGG CAA GTT ACG GCT AAA CAG TGG CAA CCA ACT GAA GAG GAA GGC TCT AAA ACT TTC ACT GCC TCA AAT AAT GCA GAT GCA ACA AGC --- --- --- --- --- ATG TAC CCA CTA 
Colius_striatus                 ATG GCA ACG --- --- --- --- --- --- --- --- --- ACA GAC GCA GAT AAC TTT TAT TAT AAC TTC TCC ATC GTT GAT CCA GAC GAA AAT GGA AGT GAG AAT TTT CAC ACG TTT ACA AGA GTC TTC CTG CCC TGT ACC TAC TCG GTT GTT TTC ATC CTG GGG CTA GCA GGA AAC ACA CTG GTC TTT GTC ATA CTG GTT TTC TAT GAG AAG CTG AAG ATG CTG ACA --- --- --- GAT ATA TTT TTG CTG AAC TTG GCT GTA GCT GAC TGG GTC TTC CTT TGG ACG CTG CCA TTC TGG GCG CAT TCG GCC GCT CAG GAG TGG GCT TTC GGC ACG GTG GCG TGT CGT GTC ATA CGG GGC TTG TAT ACG CTG AAC TTG TAC ACT TCC ATG TTA ACC CTG ACA TCT ATC ACC TTT GAC AGG CTT GTT GCT ATT ACT TTT GCC ACC AAA GCA CAC ATG TGT CAA ACC AAA CGA ACG ACG TGG GGC AAG GCA GTG TGT GTC TTG ATC TGG GTG ATC TCA CTA GGC TTT GCC ACA CCA CAG TTT ATT TTT AGT GAG GTG GTT AGC ATT GAT AAG GCG ATA TGT CAC GAA AAA TAC CCA AAC CAC GGC ACA GAA CTG GTT CTT GAA GTG ATC CAA GTG ACA CTT GGC TAT TTT ATT CCC ATG CTA GCC ATG ATC ATC TGC TAC TCA CTA ATT GTT AGA ACC TTA CTG CAC GCC AGG AAT TTC CAA AAG AAG AAA TCT CTC AAG AAA ATA TTT TCT GTA GTT GCC ATA TTT ATT CTG ACT CAG TCA CCT TAT ACT TTC CTG AGA CTC ATA AAG ATC ATA GAC TGG AGC TTT AAC TTG AAC AGC AGC TTT GAA TAT GCA ATC ATC GTA ACA GAA GCT CTC GCT TAC CTC CAC GGC TGT CTC AAC CCT ATC CTG TAT TTC TTC ATG GGG GTC AAA TTC AGG AGG AAC TTA AGG --- AAA ATT ATT AAG AGT TTA AGA TGC ATC AAA GGG AGA GTT ACA GCG AAG CAC TGG CAA ACC ACT GAA GAG GAA GGC TCT AAA ACA TTT ACT GCC TCC AAT AAC GCA GAT GCC ACA AGC --- --- --- --- --- ATG GAT CCG CTA 
Falco_peregrinus                ATG GCA ACT --- --- --- --- --- --- --- --- --- ACA GAT GCT GTT AAC TTT TAT TAT AAC TTC TCC ATC AAT GAT CCC AAT GAA AAC GGA AGT GAG AAT CTT CAC AGA TTT ACA AAT GTC TTC CTG CCC TGT ATG TAT TCA GCT GTT TTC ATC CTT GGG CTA GCA GGA AAT ACA CTG GTC TTT GTC ATA CTA GTT TTC TAC GAG AAA CTG AAG GTG CTG ACA --- --- --- GAT ATA TTT TTG CTG AAC TTG GCT ATA GCT GAC TGG GTC TTC CTT TGG ACG CTG CCA TTC TGG GCA TAT TCT GGT GTT CAG GAG TGG ACT TTT GGC ACT GTG GCA TGT CGT GTT ATA CGG GGC TTG TAT ACT CTG AAC TTG TAC ACT TCG ATG TTA ACT CTA ACG TCT ATC ACC TTT GAC CGG CTT ATT GCT ATT ACT TTT GCC ACA AAA GCA CAT GTG TGT CAA ACC AAA CGA ATG ACA TGG GGC AAA CTG ATC TGT GTC TTG ATC TGG GCG ATC TCA CTA GCA TTT GCT GCA CCA CAG TTT ATT TTT AGT GAG GTG TTT AGT ATT GAT AAG GCA ATA TGT CAG GAA GAA TAC CCA AAC TAT CGC ACA GAA CTA GTT CTT GAA GTG ATC CAA GTG ACC CTT GGC TAT TTT ATT CCC ATG CTA GCC ATG GTC ATC TGC TAC TCA CTA ATC ATT AGA ACC TTA CTG CAT GCC AGG AGT TTT CAA AAG AAC AAA TCT CTA AAA AAA ATA TTT TCT GTA GTT GCC ATA TTT ATT CTT ACT CAG TCA CCC TAT ACT TTC TTG AGA CTG TTA AAG ATC ATA GAT TGG AGC TTT AAC TTG AAC AGC AAC TTT GAA TAT GCA ATC ATC ATA ACA GAA GCT CTT GCT TAT TTC CAT GGC TGT CTT AAC CCT GTT CTG TAT TTC TTC ATG GGG GTG AAA TTC AGG AGG AAC TTA CGG --- AAA ATT ATT AAA AAC TCA AGA TGC ACT AAA TGG CAA GTT ACA GCT AAA CAG TGG CAA ACC ACA GAA GAG GAA GGC TCT AAA ACT TTT ACT GCC TCA AAT AAT GCA GAT GCA ACA AGC --- --- --- --- --- ATG TAC CCG CTA 
Falco_tinnunculus               ATG GCA ACT --- --- --- --- --- --- --- --- --- ACA GAT GCT GTT AAC TTT TAT TAT AAC TTC TCC ATC AAT GAT CCC AAT GAA AAT GGA AGT GAG AAT CTT CAC AGA TTT ACA AAT GTC TTC CTG CCC TGT ATG TAT TCA GCT GTT TTC ATC CTT GGG CTA GCA GGA AAT ACA CTG GTC TTT GTC ATA CTA GTT TTC TAC GAG AAA CTG AAG GTG CTG ACA --- --- --- GAT ATA TTT TTG CTG AAC TTG GCT ATA GCT GAC TGG GTC TTC CTT TGG ACG CTG CCA TTC TGG GCA TAT TCT GCT GTT CAG GAG TGG ACT TTT GGC ACT GTG GCA TGT CGT GTT ATA CGG GGC TTG TAT ACT CTG AAC TTG TAC ACT TCA ATG TTA ACT CTA ACG TCT ATC ACC TTT GAC CGG CTT ATT GCT ATT ACT TTT GCC ACA AAA GCA CAT GTG TGT CAA ACC AAA CGA ATG ACA TGG GGC AAA CTG ATC TGT GTC TTG ATC TGG GCG ATC TCA CTA GCA TTT GCT GCA CCA CAG TTT ATT TTT AGT GAG GTG TTT AGT ATT GAT AAG GCA ATA TGT CAG GAA GAA TAC CCA AAC TAT CGC ACA GAA CTA GTT CTT GAA GTG ATC CAA GTG ACC CTT GGC TAT TTT ATT CCC ATG CTA GCC ATG GTC ATC TGC TAC TCA CTA ATC ATT AGA ACC TTA CTG CAT GCC AGG AGT TTT CAA AAG AAC AAA TCT CTA AAA AAA ATA TTT TCT GTA GTT GCC ATA TTT ATT CTT ACT CAG TCA CCC TAT ACT TTC TTG AGA CTG TTA AAG ATC ATA GAC TGG AGC TTT AAC TTG AAC AGC AAC TTT GAA TAT GCA ATC ATC ATA ACA GAA GCT CTT GCT TAT TTC CAT GGC TGT CTT AAC CCT GTT CTG TAT TTC TTC ATG GGG GTG AAA TTC AGG AGG AAC TTA CGG --- AAA ATT GTT AAA AAC TCA AGA TGC ATT AAA TGG CAA GTT ACA GCT AAA CAG TGG CAA ACC ACA GAA GAG GAA GGC TCT AAA ACA TTT ACT GCC TCA AAT AAT GCA GAT GCA ACA AGC --- --- --- --- --- ATG TAC CCA CTA 



After deleting gaps. 984 sites
      8    984

Chloebia_gouldiae               ATG GCT GTC CAA TAT AGT GCT AAC TTT CAT TAT AAC TTC TCC ATC ACT GAT CCC TAT GAG AAC AGA AAT GAG AAT TTT CAT TTA ATA ACA GTC TTC CTG GCA CAT ATG TAT TTT GCT GTG TTC ATC CTT GGC GCA GGA AAT GCA TTG GTC TTT GTC ATA CTA AGT TTC TAC ATG AAA CTA AAG ACA CTG AGA GTA CTT TTG CTA AAT GTG GCT ATA GCT GAT TGG GCT TTT CTT TGG ATG CTG CCC TGG GCA TAC TCT GCT ACT CAG GAG GGG ACT CCA GGC ACA GTG GTA TGT CAT TAT ATG GGG CTT GCA TGC ACT TCA ATG TTA ACT CTA ATG TCA ATC ACC TTT GAC CAG CTT ATT GCT GTT ACT TTT GTC ACC AAA GCA CGT GTG TTA ACC AAA CCA ATG ACA TGG GGC AAT TTA ATC TCT GTC TTG ATC GTG ATC TCA CAA GCA TTT GCT GTA ACA CAC TTT GGT TTT TGG GAG GCG AAT TTT GAT AAA GCA ATA TGT CAG GAA GAA TAC CCA AAT TAT CAC AGA GAA CTG GTT CCT GAA GAG ATC CAA GTG ACT CTT GCT TAT TTT ATT CCC ATG CTA GCC ATG ATT ATC TCC TAC TCA CTA ATT ATT AAA ACC TTA CTG TGT GCT AGA AGT CTT CAA AGG AAC AAA TCT ATA AAA ATA TTT TCT GTA GTT TTC CTG TTT ATT CTT ACC CAG ATG CCC TAT ACT TTC TTC AGA TTG ATA AAA ATC ATA GAC TGG AGC TTT AAA CTG AAC AGC AGC TTT GAA TAT GCA ATT ACC ATA ACA AAA GTT CTT GTT TAT TTT TAT GCC TGT CTT AAC CTC TAT TTC TTC ATG GGA ATG AAA ATC AGG AAG TTA AAA GTT ATT AAA AAA TCA AGA TAT GCC AAA TGG CAA GTT ACA GCT CAG CAG TGG CAA GCC ACC AAA GAG GAA GAC TCT AAA TAT TTT ACT GCT TTA TAT AGT GCA GAT GCT ACA AGC ATG TAC TCA CTA 
Aquila_chrysaetos               ATG GCA ACT ACA GAT GCT GCC AAC TTT TAT TAT AAC TTC TCC ATC ATT GAT CCC AAC GAA AAT GGA AGT GAG AAT TTT CAC TTT ACA AGA GTC TTC CTG CCC TGT ATG TAT TCG GCT GTT TTC ATC CTT GGG GCA GGA AAT GCA CTT GTC TTT GTC ATA CTA GCT TTC TAT GAG AAA CAG AAG ATG CTA ACA ATA TTT TTG CTG AAC TTG GCT ATA GCT GAC TGG GTC TTC CTT TGG ACG CTG CCA TGG GCA TAT TCT GCT GCT CAG GAG TGG ACT TTT GGC ACC ATG GCA TGT CGT ATT ATA GGC TTG TTT TAC ACT TCA ATG CTA ACT CTA ACA TCT ATC ACC TTT GAC CGG CTT ATT GCT ATT ACT TTT GCG ACC AAA GCA CGT ATG TGT ACC AAA CGA ATG ACA TGG GGC AAA TTA ATC TGT GTC TTG ATC GTG ATC TCA CTA GCA TTT GCT GCA CCA CAG TTT ATT TTT AGT GAG GTG AGT ATT GAT AAG ACA ATA TGC CAG GAA GAA TAC CCA AAC CAT CAC ACA GAA ATG GTT CTT GAA GTG ATC CAA GTG ACC CTT GGC TAT TTT ATT CCC ATG CTA GCC ATG ATC ATC TGC TAC TCA CTA ATT ATT AGA ACC TTA CTG CAT GCC AGG AGT TTT CAA AAG AAC AAA TCT CTA AAA ATA TTT TCT GTA GTT GCT ATA TTT ATT CTT ACT CAG TCA CCC TAC ACT TTC TTG AGA CTG ATA AAG ATC ATA GAC TGG AGC TTT AAC CTG AAC AGC AGC TTT GAA TAT GCA ATC ATT ATA ACA GAA GCT CTT GCT TAT TTC CAC GGC TGT CTT AAT CTG TAT TTC TTC ATG GGG GTG AAA TTC AGG AGG TTA AAA ATT ATT AAA AAT TCA AGA TGC GTC AAA CGG CAA ATT ATA GCT AAA CAG CGG CAA ACC ACT GAA GAA GAA GGC TCT AAA ACT TTT ACT GCC TCA AAT AAT GCA GAT GCA ACA AGC ATG TAC CAG CTA 
Haliaeetus_leucocephalus        ATG GCA ACT ACA GAT ACT GCC AAC TTT TAT TAT AAC TTC TCC ATC ATT GAT CCC AAC GAA AAT GGA AGT GAG AAT TTT CAT TTT ACA AGA GTC TTC CTG CCC TGT ATG TAT TCG GCT GTT TTC ATC CTT GGG GCA GGA AAT GCA CTT GTC TTT GTC ATA CTA GCT TTC TAT GAG AAA CGG AAG ATG CTG ACA ATA TTT TTG CTG AAC TTG GCC ATA GCT GAC TGG GTC TTC CTT TGG ACA CTG CCA TGG GCA TAT TCT GCT GCT CAG GAG TGG ACT TTT GGC ACC GTG GCA TGT CGT ATT ATA GGC TTG TTG TAC ACT TCA ATG CTA ACT CTA ACG TCT ATC ACC TTT GAC CGG CTT ATT GCT ATT ACT TTT GCA ACC AAA GCA CGT ATG TGT ACC AAA CGA ATG ACA TGG GGC AAA TTA ATC TGT GTC TTG ATC GTG ATC TCA CTA GCA TTT GCT GCA CCA CAG TTT ATT TTT AGT GAG GTG AGT ATT GAT AAG ACA ATA TGC CAG GAA GAA TAC CCA AAC CAT CAC ACA GAA ATG GTT CTT GAA GTG ATC CAA GTG ACC CTT GGC TAT TTT ATT CCC ATG CTA GCC ATG ATC ATC TGC TAC TCA CTA ATT ATT AGA ACC TTA CTG CAT GCC AGG AGT TTT CAA AAG AAC AAA TCT CTA AAA ATA TTT TCT GTA GTT GCC ATA TTT ATT CTT ACT CAG TCA CCC TAC ACT TTC TTG AGA CTG ATA AAG ATC ATA GAC TGG AGC TTT AAC CTG AAC AGC AGC TTT GAA TAT GCA ATC ATT ATA ACA GAA GCT CTT GCT TAT TTC CAC GGC TGT CTT AAT CTG TAT TTC TTC ATG GGG GTG AAA TTC AGG AGG TTA AAA ATT ATT AAA AAT TCA AGA TGC GTC AAA CGG CAA GTT ATG GTT AAA CAG TGG CAA ACC ACT GAA GAA GAA GGC TCT AAA ACT TTT ACT GCC TCC AAT AAT GCA GAT GCA ACA AGC ATG TAC CAG CTA 
Tyto_alba                       ATG GCA AAT ACA GAT GCT GCC AAC TTT TAT TAT AAC TTC TCC ATC ATT GAT CCC AAT GAA AAT GGA AGT GAG AAT TTT CAC TTT ACA ACA ATC TTC CTG CCC TGC ATG TAC TCG GCT GTT TTC ATC CTT GGG GCA GGA AAT GCC CTG GTC TTT GTC ATA CTA GTT TTC TAT GAG AAA CTG AAG ATG CTG ACA ATA TTT TTG CTG AAC TTG GCT ATA GCT GAC TGG GTC TTC CTT TGG ACG CTG CCA TGG GCA TAT TCT GCA GCT CAG GAG TGG ACT TTT GGC ACC GTG GCA TGT CGT ATT ATA GGC TTG TTG TAC ACT TCA ATG TTA ACT CTA ACA TCT ATC ACC TTT GAT CGG CTT ATT GCT ATT ACT TTT GCC ACC AAA GCA CAT ATG TGT ACC AAA CGA ATG ATA TGG GGC AAA TTA ATC TGT GTC TTG ATC GTT ATA TCA CTA GCA TTT GCC ACA CCG CAG TTT ATT TTT AGT GAG GTG AGT ATT GAT AAG GCA ATA TGT CAG GAA GAA TAC TCA AAC CAT CAC ACA GAA CTG GTT CTT GAA GTG ATC CAA GTG ACC CTT GGC TAT TTT ATT CCC ATG CTA GCC ATG ATC ATC TGC TAC TCA CTA ATT ATT AGA ACC TTA CTG CAT GCC AGG AGT TTT CAA AAG AAC AAA TCT CTG AAA ATA TTT TCT GTA GTT GTT ATA TTT ATT CTT ACT CAG TCA CCC TAT ACT TTC TTG AGA CTA ATA AAG ATC ATA GAC TGG AGC TTT AAC TTG AAC AGC AGC TTT GAA TAC GCA ATC ATT GTA ACA GAA GCT CTA GCT TAT TTC CAT GGC TGT CTT AAC CTG TAT TTC TTC ATG GGG GTG AAA TTC AGG AGG TTA AAA ATA ATT AAA AAC TCA AGA TGC ATC AAA CGG CAA GTT GCA GCT AAA CCA TGG CAA ACC ACC GAA GAG GAA GGC TCT AAA ACT TTT TCT GCC TCA AAT AAT GCA GAT GCA ACA AGC ATG TAC CCG CTA 
Leptosomus_discolor             ATG GCA ACT TCA GAT GCC ACT AAC TTT TAT TAT AAC TTC TCC ATC ATT GAT CCC AAC GAA AAC AGA AGC GAC AAT TTT CAC TTT ACA AAA GTC TTC CTG CCC TGT ATG TAT TTG ACT GTT TTC ATC CTT GGG GCA GGA AAT GCG CTG GTC TTT GTC ATA CTA GTT TTC TAC GAG AAA CTG AAG ATG CTG ACA ATA TTT TTG CTG AAC TTG GCT ACA GCT GAC TGG GTC TTC CTT TGG ACA CTT CCA TGG GCA TAT TCT GCT GCT CAG GAG TGG ACT TTT GGC ACT GTG GCA TGT CGT ATT ATA GGC TTG TTG TAC ACT TCA ATG TTA ACT CTA ACG TCT ATC ACC TTT GAC CGG CTT ATT GCT ATT ACT TTT GCC ACC AAA GCA CGT ATG TGT ACC AAA CGA ATG ACA TGG GGC AAA TTA ATC TGT GTC TTG ATC GTG ATC TCA CTA GCA TTT GCT GCA CCA CAG TTT ATT TTT AGT GAG GTG AGT ATT GAT AAG GCA ATA TGT GAG GAA GAA TAC CCA AGC CAT CGC ACA GAA CTG GTT CTT GAG GTG ATT CAA GTG ACC CTT GGC TAT TTT ATT CCC ATG CTA GCC ATG ATC ATC TGC TAC TCA CTA ATT ATT AGA ACC TTA CTG CAC GCC AGG AGT TTT CAA AAG AAC AAA TCT CTG AAG ATA TTT TCT GTA GTT GCC GTA TTT ATT CTT ACT CAG TCA CCC TAT ACT TTC TTG AGA CTG ATA AAG ATC ATA GAT TGG AGC TTT AAC TTG AAC AGC AGC TTT GAA TAT GCA ATC ATC GTA ACA GAA GCT CTT GCT TAT TTC CAT GGC TGT CTT AAC CTG TAT TTC TTC ATG GGG GTG AAA TTC AGG AGG CTC AAA ATT ATT AAA AAC TCA AGA TGC GTC AAA TGG CAA GTT ACG GCT AAA CAG TGG CAA CCA ACT GAA GAG GAA GGC TCT AAA ACT TTC ACT GCC TCA AAT AAT GCA GAT GCA ACA AGC ATG TAC CCA CTA 
Colius_striatus                 ATG GCA ACG ACA GAC GCA GAT AAC TTT TAT TAT AAC TTC TCC ATC GTT GAT CCA GAC GAA AAT GGA AGT GAG AAT TTT CAC TTT ACA AGA GTC TTC CTG CCC TGT ACC TAC TCG GTT GTT TTC ATC CTG GGG GCA GGA AAC ACA CTG GTC TTT GTC ATA CTG GTT TTC TAT GAG AAG CTG AAG ATG CTG ACA ATA TTT TTG CTG AAC TTG GCT GTA GCT GAC TGG GTC TTC CTT TGG ACG CTG CCA TGG GCG CAT TCG GCC GCT CAG GAG TGG GCT TTC GGC ACG GTG GCG TGT CGT GTC ATA GGC TTG TTG TAC ACT TCC ATG TTA ACC CTG ACA TCT ATC ACC TTT GAC AGG CTT GTT GCT ATT ACT TTT GCC ACC AAA GCA CAC ATG TGT ACC AAA CGA ACG ACG TGG GGC AAG GCA GTG TGT GTC TTG ATC GTG ATC TCA CTA GGC TTT GCC ACA CCA CAG TTT ATT TTT AGT GAG GTG AGC ATT GAT AAG GCG ATA TGT CAC GAA AAA TAC CCA AAC CAC GGC ACA GAA CTG GTT CTT GAA GTG ATC CAA GTG ACA CTT GGC TAT TTT ATT CCC ATG CTA GCC ATG ATC ATC TGC TAC TCA CTA ATT GTT AGA ACC TTA CTG CAC GCC AGG AAT TTC CAA AAG AAG AAA TCT CTC AAA ATA TTT TCT GTA GTT GCC ATA TTT ATT CTG ACT CAG TCA CCT TAT ACT TTC CTG AGA CTC ATA AAG ATC ATA GAC TGG AGC TTT AAC TTG AAC AGC AGC TTT GAA TAT GCA ATC ATC GTA ACA GAA GCT CTC GCT TAC CTC CAC GGC TGT CTC AAC CTG TAT TTC TTC ATG GGG GTC AAA TTC AGG AGG TTA AAA ATT ATT AAG AGT TTA AGA TGC ATC AAA GGG AGA GTT ACA GCG AAG CAC TGG CAA ACC ACT GAA GAG GAA GGC TCT AAA ACA TTT ACT GCC TCC AAT AAC GCA GAT GCC ACA AGC ATG GAT CCG CTA 
Falco_peregrinus                ATG GCA ACT ACA GAT GCT GTT AAC TTT TAT TAT AAC TTC TCC ATC AAT GAT CCC AAT GAA AAC GGA AGT GAG AAT CTT CAC TTT ACA AAT GTC TTC CTG CCC TGT ATG TAT TCA GCT GTT TTC ATC CTT GGG GCA GGA AAT ACA CTG GTC TTT GTC ATA CTA GTT TTC TAC GAG AAA CTG AAG GTG CTG ACA ATA TTT TTG CTG AAC TTG GCT ATA GCT GAC TGG GTC TTC CTT TGG ACG CTG CCA TGG GCA TAT TCT GGT GTT CAG GAG TGG ACT TTT GGC ACT GTG GCA TGT CGT GTT ATA GGC TTG TTG TAC ACT TCG ATG TTA ACT CTA ACG TCT ATC ACC TTT GAC CGG CTT ATT GCT ATT ACT TTT GCC ACA AAA GCA CAT GTG TGT ACC AAA CGA ATG ACA TGG GGC AAA CTG ATC TGT GTC TTG ATC GCG ATC TCA CTA GCA TTT GCT GCA CCA CAG TTT ATT TTT AGT GAG GTG AGT ATT GAT AAG GCA ATA TGT CAG GAA GAA TAC CCA AAC TAT CGC ACA GAA CTA GTT CTT GAA GTG ATC CAA GTG ACC CTT GGC TAT TTT ATT CCC ATG CTA GCC ATG GTC ATC TGC TAC TCA CTA ATC ATT AGA ACC TTA CTG CAT GCC AGG AGT TTT CAA AAG AAC AAA TCT CTA AAA ATA TTT TCT GTA GTT GCC ATA TTT ATT CTT ACT CAG TCA CCC TAT ACT TTC TTG AGA CTG TTA AAG ATC ATA GAT TGG AGC TTT AAC TTG AAC AGC AAC TTT GAA TAT GCA ATC ATC ATA ACA GAA GCT CTT GCT TAT TTC CAT GGC TGT CTT AAC CTG TAT TTC TTC ATG GGG GTG AAA TTC AGG AGG TTA AAA ATT ATT AAA AAC TCA AGA TGC ACT AAA TGG CAA GTT ACA GCT AAA CAG TGG CAA ACC ACA GAA GAG GAA GGC TCT AAA ACT TTT ACT GCC TCA AAT AAT GCA GAT GCA ACA AGC ATG TAC CCG CTA 
Falco_tinnunculus               ATG GCA ACT ACA GAT GCT GTT AAC TTT TAT TAT AAC TTC TCC ATC AAT GAT CCC AAT GAA AAT GGA AGT GAG AAT CTT CAC TTT ACA AAT GTC TTC CTG CCC TGT ATG TAT TCA GCT GTT TTC ATC CTT GGG GCA GGA AAT ACA CTG GTC TTT GTC ATA CTA GTT TTC TAC GAG AAA CTG AAG GTG CTG ACA ATA TTT TTG CTG AAC TTG GCT ATA GCT GAC TGG GTC TTC CTT TGG ACG CTG CCA TGG GCA TAT TCT GCT GTT CAG GAG TGG ACT TTT GGC ACT GTG GCA TGT CGT GTT ATA GGC TTG TTG TAC ACT TCA ATG TTA ACT CTA ACG TCT ATC ACC TTT GAC CGG CTT ATT GCT ATT ACT TTT GCC ACA AAA GCA CAT GTG TGT ACC AAA CGA ATG ACA TGG GGC AAA CTG ATC TGT GTC TTG ATC GCG ATC TCA CTA GCA TTT GCT GCA CCA CAG TTT ATT TTT AGT GAG GTG AGT ATT GAT AAG GCA ATA TGT CAG GAA GAA TAC CCA AAC TAT CGC ACA GAA CTA GTT CTT GAA GTG ATC CAA GTG ACC CTT GGC TAT TTT ATT CCC ATG CTA GCC ATG GTC ATC TGC TAC TCA CTA ATC ATT AGA ACC TTA CTG CAT GCC AGG AGT TTT CAA AAG AAC AAA TCT CTA AAA ATA TTT TCT GTA GTT GCC ATA TTT ATT CTT ACT CAG TCA CCC TAT ACT TTC TTG AGA CTG TTA AAG ATC ATA GAC TGG AGC TTT AAC TTG AAC AGC AAC TTT GAA TAT GCA ATC ATC ATA ACA GAA GCT CTT GCT TAT TTC CAT GGC TGT CTT AAC CTG TAT TTC TTC ATG GGG GTG AAA TTC AGG AGG TTA AAA ATT GTT AAA AAC TCA AGA TGC ATT AAA TGG CAA GTT ACA GCT AAA CAG TGG CAA ACC ACA GAA GAG GAA GGC TCT AAA ACA TTT ACT GCC TCA AAT AAT GCA GAT GCA ACA AGC ATG TAC CCA CTA 



Printing out site pattern counts


         8        714  P

Chloebia_gouldiae               AAA AAA AAA AAA AAA AAA AAA AAA AAC AAC AAC AAC AAG AAG AAT AAT AAT AAT AAT AAT AAT ACA ACA ACA ACA ACA ACA ACA ACC ACC ACC ACC ACC ACT ACT ACT ACT ACT ACT ACT AGA AGA AGA AGA AGC AGC AGG AGG AGT AGT AGT AGT ATA ATA ATA ATA ATA ATA ATC ATC ATC ATC ATC ATG ATG ATG ATG ATG ATG ATG ATG ATG ATT ATT ATT ATT ATT ATT CAA CAA CAA CAA CAC CAC CAG CAG CAG CAG CAG CAT CAT CAT CAT CCA CCA CCA CCC CCC CCC CCC CCT CGT CTA CTA CTA CTA CTC CTG CTG CTG CTG CTG CTG CTT CTT CTT CTT CTT CTT CTT GAA GAA GAA GAC GAC GAC GAG GAG GAG GAG GAG GAT GAT GCA GCA GCA GCA GCA GCA GCA GCC GCC GCC GCC GCG GCT GCT GCT GCT GCT GCT GCT GCT GCT GCT GCT GCT GGA GGA GGC GGC GGG GGG GGT GTA GTA GTA GTA GTC GTC GTC GTC GTG GTG GTG GTG GTG GTG GTT GTT GTT GTT GTT TAC TAC TAC TAC TAT TAT TAT TAT TAT TAT TAT TAT TAT TAT TAT TAT TAT TCA TCA TCA TCA TCA TCC TCC TCT TCT TCT TGC TGG TGG TGG TGG TGT TGT TGT TTA TTA TTA TTA TTA TTA TTA TTC TTC TTC TTG TTG TTG TTT TTT TTT TTT TTT TTT TTT 
Aquila_chrysaetos               ... ... ... ..C ..G ..T .G. G.. ... ... ..T ..T ... .G. ..A ..C ..C ... ... .G. .G. ... ... ..C .G. .T. .TG C.. ... ... ..T ..T .TT ..C ... ... ... ... .T. G.. .C. ... ..G G.. ... ... .A. ... .A. ... GC. GC. .C. ... ... ... ... C.. ... ... ... ... T.. .CA .C. ..A ... ... ... GA. G.. TCA ..C ..C ... ... ... ... AC. ... ... .T. ... ..G A.A ... ... ... .G. ..C .G. T.. TG. ... .G. TTT ..A ... ... ... .T. ... .AG ... ... ..G ..G A.A A.. ..A ... ... ... ... ... ... ... T.G T.. T.. ... ... ... ... ... .G. ..A ..A ... ... .T. ..C ... A.. C.C ... ... ... ... TTT A.. ... .G. .T. .T. ..A ..A ..C ..C ... ... ... ... ... ... .GC .TC ... ..G ... ..G ..C T.. AT. A.. .C. .C. ... ACT .CG ... ... A.. A.. ... ... ..T T.. A.. A.. A.. .C. ... ... ... ..T ..T A.C A.. AC. AT. C.C C.. G.. ..C ... ... ... ... .GC CAG ... ... ... ..T ... .G. ... ... .G. .A. A.T C.. C.. ... CA. ..C ... C.. .C. .GT ... ... ... ..T GCT ... ..G C.. C.T ... A.. .CG ..C ..C ... ... ... 
Haliaeetus_leucocephalus        ... ... ... ..C ..G ..T .G. G.. ... ... ..T ..T ... .G. ..A ..C ..C ... ... .G. .G. ... ... ..C .G. .TG .TG C.. ... ... ..T ..T .TT ..C ... ... ... ... .T. G.. .C. ... ..G G.. ... ... .A. ... .A. ... .C. GC. .C. ... ... ... ... C.. ... ... ... ... T.. .C. .CA ..A ... ... ... GA. G.. TCA ..C ..C ... ... ... ... AC. ... ... .T. ... ..G A.A ... ... ... .G. ... .G. T.. TG. ... .G. TTT ..A ... ... ... .T. ... .GG ... ... ..G ..G A.A A.. ... ... ... ... ... ... ... ... T.G T.. T.. ... ... ... ... ... .G. ..A ..A ... ... .T. ..C ... A.. C.C ... ... ... ... TTG A.. ... .G. .T. .T. ..A ..A ..C ..C ..C ... ... ... ... .T. .GC .TC ... ..G ... ..G ..C T.. AT. A.. .C. .C. ... ACT .CA ... ... A.. ... ... ... ..T T.. A.. A.. ... .C. ... ... ... ..T ..T A.C A.. AC. AT. C.C C.. G.. ..C ... ... ... ... .GC CAG ... ... ... ..T ... .G. ... ... .G. .A. A.T C.. ... ... CA. ..C ... C.. .CC .GT ... ... ... ..T GC. ... ..G C.. C.T ... A.. .CG ..C ..C ... ... ... 
Tyto_alba                       ... ... ... ..C ..G ..C .G. G.. ... ... ... ..T ... .G. ..A ..C ..C ... ... .G. .G. ... .T. ..C ... G.. .TG C.G ... ... ... ..T .TT ..C ... ... ... T.. .T. G.. .C. ... ..G G.. ... ... .A. ... .A. ... GC. GT. .C. ... ... ... G.. C.G ..A ... ... ... T.. .CA .C. ..A ... ... ... GA. G.. TCA ..C ..C ... ... ... ... AC. ... ... .T. ... ..G A.A ... ... .CA .G. ..C .G. T.. TGC T.. .G. TTT ..A ... ... ... .T. .A. ..G ... ... ..G ..G A.A ... ... ... ... T.. ..A ... ... ... T.G T.. T.. ... ... ... ... ..T .G. ..A ... ... ... .T. ..C ... ... C.C ... ... ... ..C TTG A.. ... .G. AT. .T. ..A ..A ..C ..C ... ..A ..C ... ... ... .GC .TC ... ..G ... ..G ..C T.. AT. A.. AC. .C. ... AAT .C. A.. ... A.. ... ... ..T ..T T.. A.A A.. ... .C. ... ... ... ..T ..T A.. A.. AC. AT. C.. C.. G.. ... ..C ..C ... ... .GC C.G ... ... ... ..T ... .G. ... ... .G. .A. A.T C.. ... ... CA. ... ... ... .C. .GT ... ... ... ..T G.T ... ..G C.A C.. ... A.. .CG ..C ..C ... ... ... 
Leptosomus_discolor             ... ... ..G ..C ..G ..C .G. G.. ... ... ... ... ... .G. ..A ..C .GC ... ... .GC .G. ... ... ..T .A. ..G .TG C.. ... ... ..T ..T .T. ..C ... ... ... ... .T. G.. .C. ... ..G ... ... ... .A. ... .A. ... GCC GT. .C. .C. ... ... G.. C.G ... ... ... ..T T.. .C. .CA ..A ... ... ... GA. G.. TCA ..C ..C ... ... ... ... TC. ... ... .T. .G. ..G A.A ... G.. ... .G. ..C .G. T.. TG. ... .G. TTT ..A ... ... ... .T. ... ..G ... ... ..G ..G G.A ... ... ... ..T T.. ... ... ... ... T.G T.. T.. ... ... ..G ..T ... .G. ..A ... ..C ... .T. ..C ... ... C.C ... ... ... ..G TTG C.A ... .G. .T. .T. ..A ..A A.. ..C ... ... ... A.. ... ... .GC .TC ... ..G ... ..G ..C T.. AT. A.. .C. .C. ... ACT .C. ... ... A.. ... ... ... ..T T.. A.. A.. ... .C. ... ... ... ... ..T A.C A.. AC. AT. C.. C.. G.. ... ... ... ... ... .GC C.. ... ... ... ..T ... .G. ... ... .G. .A. A.T ... ... ... CAC ... ... ... .C. .GT C.C ... ... ..T GC. ... ..G C.. C.. ... A.. ..G ..C ..C ..C ... ... 
Colius_striatus                 ... ..G ... ..C ..G .GT .G. G.. ... ..G ... ..T ... .G. ..G ..C ..C ..C ... .G. .GC ... ..G ..G .G. ... .TG C.. ... ... ..T ..T .T. ..A ..C ... G.. ... GT. G.. .C. ... ..G G.. ... ... .A. ... .AC .A. GCA GT. .C. G.. ... ... G.. C.C ... ... G.G ... T.. .CA .C. ..A .CC .C. ... GA. G.C TCA ..C ..C ... ... ... G.. AC. AG. ... .T. GG. ..G A.. ... ..C ..C AG. ..C .G. T.. TG. ... .G. TTC ..A ..A ... ..T .T. .AC ..G ... ..G ..G ..G A.A ... ... ... ... T.. ..C ..C ..G ... T.G T.C T.. A.. ... ... ... ... .G. ..A ... ... ... .T. ..C ... ..G C.C ... ..G .GC A.. TTG A.. ... .G. AT. .T. ..A ..C .A. ..C ... ..C ..C .T. ... ..G .GC .TC ... ..G ... ..G ..C T.. AT. A.. AC. .CG ... ACG .C. ... ... A.. ... ... ... ..T T.. A.. A.. ... .C. ... G.T ... ..T C.T G.C A.. ACA GTC C.C C.C G.C ... ..C ... ..C ... .GC C.G ... ..C .T. ..T ... .G. ..G ... .G. .A. A.T G.. ... ... CAC ... ... ... .CC .GT ... GC. ... ..T GC. ... C.G C.C C.. ... A.. .CG C.C ..C ... ... ... 
Falco_peregrinus                ... ... ... ..C ..G ..C .G. G.. ... ... ... ... ... .G. ..A ..C ..C ... ... .G. .G. ... ... ..T .AT ... GTG C.. ..A ... ..A ..T .T. ..C ... ... ... ... .A. GT. .C. ... ..G G.. .A. ... .A. ... .A. ... GC. GT. .C. ... ... T.. ... C.. ... ... ... ... T.. .C. .C. ..A ... ... ... GA. G.. TCA ..C G.C ..C ... ... ... AC. ... ... .T. .G. ..G A.A ... ... ... .G. ..C .G. T.. TG. ... .G. TTT ..A ... ... ... .T. .A. ..G ... ... ..G ..G A.A ..A ... ... ... T.. ... ... ... ... T.G T.. T.. ... ... ... ..T ... .G. ..A ... ... ... .T. ..C ... ... C.C ... ... ... A.. TTG A.. ... .G. A.T .T. ..A ..A .T. ..C ... .G. ... ... ... ... .GC .TC ... ..G ... ..G ..C T.. AT. A.. .C. .C. ... ACT .C. ... ... ... ... ... .C. ..T T.. A.. A.. ... .C. ... ... ... ... ..T A.. A.. AC. GT. C.. ... G.. ... ... ... ... ... .GC C.G ... ..G ... ..T ... .G. ... ... .G. .A. A.T ... ... ... CA. ... ... ... .C. .GT ... C.G ... ..T GC. ... ..G C.. C.. ... A.. .CA ..C ..C ... C.. ... 
Falco_tinnunculus               ... ... ... ..C ..G ..C .G. G.. ... ... ... ..T ... .G. ..A ..C ..C ... ... .G. .G. ... ... ..T .AT ... GTG C.. ..A ... ..A ..T .T. ..C ... ... ... ... .A. GT. .C. ... ..G G.. .A. ... .A. ... .A. ... GC. GT. .C. ... ... T.. ... C.. ... ... ... ... T.. .C. .C. ..A ... ... ... GA. G.. TCA ..C G.C ..C ... G.. ... AC. ... ... .T. .G. ..G A.A ... ... ... .G. ..C .G. T.. TG. ... .G. TTT ..A ... ... ... .T. .A. ..G ... ... ..G ..G A.A ..A ... ... ... T.. ... ... ... ... T.G T.. T.. ... ... ... ... ... .G. ..A ... ... ... .T. ..C ... ... C.C ... ... ... A.. TTG A.. ... .G. ATT .T. ..A ..A .T. ..C ... ... ... ... ... ... .GC .TC ... ..G ... ..G ..C T.. AT. A.. .C. .C. ... ACT .C. ... ... ... ... ... .C. ..T T.. A.. A.. ... .C. ... ... ... ... ..T A.. A.. ACA GT. C.. ... G.. ... ... ... ... ... .GC C.. ... ... ... ..T ... .G. ... ... .G. .A. A.T ... ... ... CA. ... ... ... .C. .GT ... C.G ... ..T GC. ... ..G C.. C.. ... A.. .CA ..C ..C ... C.. ... 

    7    2    1    1    2    1    1    2    3    1    1    1    1    1    1
    1    1    1    1    1    1    2    1    1    1    1    1    1    1    3
    1    1    1    1    1    3    1    1    1    1    2    2    1    1    1
    3    1    1    1    1    1    1    1    1    4    1    1    1    1    6
    1    1    1    1    1    1    1    1    6    1    1    1    1    1    1
    2    1    2    1    1    3    1    1    1    1    2    1    1    1    1
    1    1    1    1    1    1    1    1    1    1    1    1    1    3    2
    1    1    1    1    1    2    1    1    1    1    2    3    1    1    1
    1    4    1    1    1    1    1    1    1    2    1    1    3    1    1
    4    1    1    1    1    1    1    1    1    1    1    1    1    2    1
    1    1    1    2    1    1    1    1    1    2    1    1    1    1    1
    1    1    1    1    1    1    3    1    1    1    1    1    1    1    1
    1    2    2    1    2    1    1    1    1    1    1    1    1    1    1
    1    1    1    3    1    1    2    1    1    1    1    1    1    3    1
    1    1    1    1    5    1    1    2    1    1    1    1    1    1    1
    1    7    1    1    1    2    1    1    1    1    1    1   12

CODONML (in paml version 4.9, March 2015)  Chloebia_gouldiae.aln.faa
Model: One dN/dS ratio for branches, 
Codon frequency model: F3x4
ns =   8  ls = 328

Codon usage in sequences
--------------------------------------------------------------------------------------------------------------------------------------
Phe TTT  18  19  18  18  17  16 | Ser TCT   5   5   5   6   5   4 | Tyr TAT  15   9   9   8   9   7 | Cys TGT   4   5   5   5   6   6
    TTC   9  10  10  10  11  11 |     TCC   2   1   2   1   1   3 |     TAC   5   5   5   6   5   5 |     TGC   1   3   3   3   2   2
Leu TTA   7   3   3   4   3   4 |     TCA   6   6   5   7   7   3 | *** TAA   0   0   0   0   0   0 | *** TGA   0   0   0   0   0   0
    TTG   4   5   6   7   8   6 |     TCG   0   1   1   1   0   2 |     TAG   0   0   0   0   0   0 | Trp TGG   8   6   7   7   8   7
--------------------------------------------------------------------------------------------------------------------------------------
Leu CTT  10   9   9   7   9   4 | Pro CCT   1   0   0   0   0   1 | His CAT   4   2   3   4   2   1 | Arg CGT   1   2   2   1   2   1
    CTC   1   0   0   0   1   5 |     CCC   4   4   4   4   4   2 |     CAC   2   3   2   2   2   7 |     CGC   0   0   0   0   1   0
    CTA   7   9   8   8   6   4 |     CCA   3   3   3   2   5   4 | Gln CAA   6   4   4   4   4   3 |     CGA   0   1   1   1   1   1
    CTG   7   7   8  10  10  14 |     CCG   0   0   0   2   0   1 |     CAG   6   7   6   4   4   3 |     CGG   0   3   3   2   1   0
--------------------------------------------------------------------------------------------------------------------------------------
Ile ATT   8  14  13  12  13   8 | Thr ACT   9  10  11   7  13   6 | Asn AAT   7   7   7   7   4   4 | Ser AGT   4   4   4   4   3   3
    ATC  10  11  11  12  11  12 |     ACC   7   7   7   8   5   7 |     AAC   6   8   8   9  10   9 |     AGC   4   4   4   4   6   5
    ATA   9  11  10  12   7   8 |     ACA   8   9   9   9   8  12 | Lys AAA  17  12  12  12  12   9 | Arg AGA   6   4   4   3   4   5
Met ATG  14  12  12  10  10   8 |     ACG   0   1   1   1   2   5 |     AAG   2   4   4   4   5   9 |     AGG   2   3   3   3   3   4
--------------------------------------------------------------------------------------------------------------------------------------
Val GTT   7   3   5   7   5   9 | Ala GCT  14  13   9   9   9   7 | Asp GAT   4   4   4   5   5   5 | Gly GGT   1   0   0   0   0   0
    GTC   6   6   6   4   6   7 |     GCC   4   4   6   7   6   8 |     GAC   3   3   3   2   3   5 |     GGC   3   6   6   6   6   8
    GTA   4   1   1   2   3   3 |     GCA  10  11  12  12  11   7 | Glu GAA   6  10  10   9   8   8 |     GGA   2   2   2   2   1   2
    GTG   6   5   6   5   6   6 |     GCG   1   1   0   0   1   4 |     GAG   6   4   4   5   6   5 |     GGG   2   2   2   2   2   3
--------------------------------------------------------------------------------------------------------------------------------------

----------------------------------------------------------------------
Phe TTT  17  17 | Ser TCT   5   5 | Tyr TAT  10  10 | Cys TGT   6   6
    TTC  10  10 |     TCC   1   1 |     TAC   5   5 |     TGC   2   2
Leu TTA   4   4 |     TCA   6   7 | *** TAA   0   0 | *** TGA   0   0
    TTG   7   7 |     TCG   1   0 |     TAG   0   0 | Trp TGG   8   8
----------------------------------------------------------------------
Leu CTT   9   9 | Pro CCT   0   0 | His CAT   3   3 | Arg CGT   1   1
    CTC   0   0 |     CCC   4   4 |     CAC   1   1 |     CGC   1   1
    CTA   8   8 |     CCA   3   4 | Gln CAA   4   4 |     CGA   1   1
    CTG  10  10 |     CCG   1   0 |     CAG   5   5 |     CGG   1   1
----------------------------------------------------------------------
Ile ATT   9   9 | Thr ACT  11   9 | Asn AAT   7   8 | Ser AGT   4   4
    ATC  12  12 |     ACC   5   5 |     AAC  11  10 |     AGC   3   3
    ATA   9   9 |     ACA  11  12 | Lys AAA  12  12 | Arg AGA   3   3
Met ATG   8   8 |     ACG   2   2 |     AAG   4   4 |     AGG   3   3
----------------------------------------------------------------------
Val GTT   8   9 | Ala GCT   9  10 | Asp GAT   5   4 | Gly GGT   1   0
    GTC   6   6 |     GCC   5   5 |     GAC   2   3 |     GGC   6   6
    GTA   1   1 |     GCA  11  11 | Glu GAA   9   9 |     GGA   2   2
    GTG   7   7 |     GCG   1   1 |     GAG   5   5 |     GGG   2   2
----------------------------------------------------------------------

Codon position x base (3x4) table for each sequence.

#1: Chloebia_gouldiae
position  1:    T:0.25610    C:0.15854    A:0.34451    G:0.24085
position  2:    T:0.38720    C:0.22561    A:0.27134    G:0.11585
position  3:    T:0.34146    C:0.20427    A:0.27744    G:0.17683
Average         T:0.32825    C:0.19614    A:0.29776    G:0.17785

#2: Aquila_chrysaetos
position  1:    T:0.23780    C:0.16463    A:0.36890    G:0.22866
position  2:    T:0.38110    C:0.23171    A:0.25000    G:0.13720
position  3:    T:0.32317    C:0.22866    A:0.26220    G:0.18598
Average         T:0.31402    C:0.20833    A:0.29370    G:0.18394

#3: Haliaeetus_leucocephalus
position  1:    T:0.24085    C:0.16159    A:0.36585    G:0.23171
position  2:    T:0.38415    C:0.22866    A:0.24695    G:0.14024
position  3:    T:0.31707    C:0.23476    A:0.25610    G:0.19207
Average         T:0.31402    C:0.20833    A:0.28963    G:0.18801

#4: Tyto_alba      
position  1:    T:0.25305    C:0.15549    A:0.35671    G:0.23476
position  2:    T:0.39024    C:0.23171    A:0.24695    G:0.13110
position  3:    T:0.30488    C:0.23780    A:0.26524    G:0.19207
Average         T:0.31606    C:0.20833    A:0.28963    G:0.18598

#5: Leptosomus_discolor
position  1:    T:0.25000    C:0.15854    A:0.35366    G:0.23780
position  2:    T:0.38415    C:0.23476    A:0.24085    G:0.14024
position  3:    T:0.31098    C:0.24390    A:0.24390    G:0.20122
Average         T:0.31504    C:0.21240    A:0.27947    G:0.19309

#6: Colius_striatus
position  1:    T:0.23171    C:0.15549    A:0.34756    G:0.26524
position  2:    T:0.38110    C:0.23171    A:0.24390    G:0.14329
position  3:    T:0.25000    C:0.29268    A:0.22256    G:0.23476
Average         T:0.28760    C:0.22663    A:0.27134    G:0.21443

#7: Falco_peregrinus
position  1:    T:0.25000    C:0.15854    A:0.34756    G:0.24390
position  2:    T:0.38110    C:0.23171    A:0.25305    G:0.13415
position  3:    T:0.32012    C:0.22561    A:0.25610    G:0.19817
Average         T:0.31707    C:0.20528    A:0.28557    G:0.19207

#8: Falco_tinnunculus
position  1:    T:0.25000    C:0.15854    A:0.34451    G:0.24695
position  2:    T:0.38415    C:0.23171    A:0.25305    G:0.13110
position  3:    T:0.31707    C:0.22561    A:0.26524    G:0.19207
Average         T:0.31707    C:0.20528    A:0.28760    G:0.19004

Sums of codon usage counts
------------------------------------------------------------------------------
Phe F TTT     140 | Ser S TCT      40 | Tyr Y TAT      77 | Cys C TGT      43
      TTC      81 |       TCC      12 |       TAC      41 |       TGC      18
Leu L TTA      32 |       TCA      47 | *** * TAA       0 | *** * TGA       0
      TTG      50 |       TCG       6 |       TAG       0 | Trp W TGG      59
------------------------------------------------------------------------------
Leu L CTT      66 | Pro P CCT       2 | His H CAT      22 | Arg R CGT      11
      CTC       7 |       CCC      30 |       CAC      20 |       CGC       3
      CTA      58 |       CCA      27 | Gln Q CAA      33 |       CGA       7
      CTG      76 |       CCG       4 |       CAG      40 |       CGG      11
------------------------------------------------------------------------------
Ile I ATT      86 | Thr T ACT      76 | Asn N AAT      51 | Ser S AGT      30
      ATC      91 |       ACC      51 |       AAC      71 |       AGC      33
      ATA      75 |       ACA      78 | Lys K AAA      98 | Arg R AGA      32
Met M ATG      82 |       ACG      14 |       AAG      36 |       AGG      24
------------------------------------------------------------------------------
Val V GTT      53 | Ala A GCT      80 | Asp D GAT      36 | Gly G GGT       2
      GTC      47 |       GCC      45 |       GAC      24 |       GGC      47
      GTA      16 |       GCA      85 | Glu E GAA      69 |       GGA      15
      GTG      48 |       GCG       9 |       GAG      40 |       GGG      17
------------------------------------------------------------------------------


Codon position x base (3x4) table, overall

position  1:    T:0.24619    C:0.15892    A:0.35366    G:0.24123
position  2:    T:0.38415    C:0.23095    A:0.25076    G:0.13415
position  3:    T:0.31059    C:0.23666    A:0.25610    G:0.19665
Average         T:0.31364    C:0.20884    A:0.28684    G:0.19068

Codon frequencies under model, for use in evolver (TTT TTC TTA TTG ... GGG):
  0.03048357  0.02322736  0.02513492  0.01930003
  0.01832643  0.01396407  0.01511088  0.01160299
  0.01989900  0.01516231  0.00000000  0.00000000
  0.01064506  0.00811114  0.00000000  0.00673969
  0.01967748  0.01499351  0.01622487  0.01245838
  0.01182991  0.00901396  0.00975423  0.00748986
  0.01284502  0.00978743  0.01059123  0.00813255
  0.00687150  0.00523583  0.00566583  0.00435054
  0.04379065  0.03336686  0.03610713  0.02772512
  0.02632652  0.02005984  0.02170727  0.01666808
  0.02858556  0.02178115  0.02356993  0.01809834
  0.01529197  0.01165192  0.01260884  0.00968179
  0.02987013  0.02275994  0.02462911  0.01891164
  0.01795764  0.01368306  0.01480679  0.01136950
  0.01949856  0.01485718  0.01607734  0.01234510
  0.01043084  0.00794791  0.00860064  0.00660406



Nei & Gojobori 1986. dN/dS (dN, dS)
(Note: This matrix is not used in later ML. analysis.
Use runmode = -2 for ML pairwise comparison.)

Chloebia_gouldiae   
Aquila_chrysaetos    0.5425 (0.1748 0.3223)
Haliaeetus_leucocephalus 0.5395 (0.1711 0.3171) 0.2905 (0.0106 0.0365)
Tyto_alba            0.4810 (0.1738 0.3613) 0.2278 (0.0309 0.1359) 0.1724 (0.0287 0.1663)
Leptosomus_discolor  0.5232 (0.1705 0.3258) 0.2159 (0.0358 0.1657) 0.2058 (0.0323 0.1572) 0.1908 (0.0351 0.1842)
Colius_striatus      0.4021 (0.2210 0.5497) 0.1868 (0.0627 0.3356) 0.1754 (0.0606 0.3453) 0.1673 (0.0563 0.3368) 0.1744 (0.0642 0.3682)
Falco_peregrinus     0.6045 (0.1744 0.2886) 0.3112 (0.0428 0.1375) 0.2804 (0.0407 0.1453) 0.2447 (0.0387 0.1581) 0.3559 (0.0422 0.1185) 0.1786 (0.0615 0.3443)
Falco_tinnunculus    0.6296 (0.1765 0.2804) 0.3132 (0.0414 0.1322) 0.2811 (0.0393 0.1399) 0.2443 (0.0373 0.1526) 0.3298 (0.0408 0.1236) 0.1816 (0.0600 0.3305) 0.1804 (0.0040 0.0221)


TREE #  1:  (((5, 6), 4), (3, 2), (1, (7, 8)));   MP score: 329
lnL(ntime: 13  np: 15):  -2999.414938      +0.000000
   9..10   10..11   11..5    11..6    10..4     9..12   12..3    12..2     9..13   13..1    13..14   14..7    14..8  
 0.005330 0.000078 0.101495 0.300086 0.108576 0.070476 0.025549 0.025431 0.006105 0.595549 0.078690 0.015660 0.009390 3.974364 0.423862

Note: Branch length is defined as number of nucleotide substitutions per codon (not per neucleotide site).

tree length =   1.34242

(((5: 0.101495, 6: 0.300086): 0.000078, 4: 0.108576): 0.005330, (3: 0.025549, 2: 0.025431): 0.070476, (1: 0.595549, (7: 0.015660, 8: 0.009390): 0.078690): 0.006105);

(((Leptosomus_discolor: 0.101495, Colius_striatus: 0.300086): 0.000078, Tyto_alba: 0.108576): 0.005330, (Haliaeetus_leucocephalus: 0.025549, Aquila_chrysaetos: 0.025431): 0.070476, (Chloebia_gouldiae: 0.595549, (Falco_peregrinus: 0.015660, Falco_tinnunculus: 0.009390): 0.078690): 0.006105);

Detailed output identifying parameters

kappa (ts/tv) =  3.97436

omega (dN/dS) =  0.42386

dN & dS for each branch

 branch          t       N       S   dN/dS      dN      dS  N*dN  S*dS

   9..10     0.005   695.9   288.1  0.4239  0.0013  0.0030   0.9   0.9
  10..11     0.000   695.9   288.1  0.4239  0.0000  0.0000   0.0   0.0
  11..5      0.101   695.9   288.1  0.4239  0.0242  0.0571  16.8  16.5
  11..6      0.300   695.9   288.1  0.4239  0.0716  0.1688  49.8  48.6
  10..4      0.109   695.9   288.1  0.4239  0.0259  0.0611  18.0  17.6
   9..12     0.070   695.9   288.1  0.4239  0.0168  0.0396  11.7  11.4
  12..3      0.026   695.9   288.1  0.4239  0.0061  0.0144   4.2   4.1
  12..2      0.025   695.9   288.1  0.4239  0.0061  0.0143   4.2   4.1
   9..13     0.006   695.9   288.1  0.4239  0.0015  0.0034   1.0   1.0
  13..1      0.596   695.9   288.1  0.4239  0.1420  0.3350  98.8  96.5
  13..14     0.079   695.9   288.1  0.4239  0.0188  0.0443  13.1  12.8
  14..7      0.016   695.9   288.1  0.4239  0.0037  0.0088   2.6   2.5
  14..8      0.009   695.9   288.1  0.4239  0.0022  0.0053   1.6   1.5

tree length for dN:       0.3201
tree length for dS:       0.7551


Time used:  0:13
