Merops_nubicus
Dryobates_pubescens
Buceros_rhinoceros
Apaloderma_vittatum
Leptosomus_discolor
Colius_striatus
Tyto_alba_alba
Haliaeetus_leucocephalus
Aquila_chrysaetos
Melopsittacus_undulatus
Nestor_notabilis
Strigops_habroptila
Parus_major
Ficedula_albicollis
Corvus_moneduloides
Corvus_brachyrhynchos
Taeniopygia_guttata
Lonchura_striata_domestica
Chloebia_gouldiae
Geospiza_fortis
Camarhynchus_parvulus
Coloeus_monedula
Zonotrichia_albicollis
Serinus_canaria
Passer_domesticus
Oriolus_oriolus
Manacus_vitellinus
Acanthisitta_chloris
Malurus_cyaneus
Falco_peregrinus
Falco_tinnunculus
