
Loaded 'libv3/convenience/matrix.bf' from /usr/local/lib/hyphy/TemplateBatchFiles/libv3/convenience/matrix.bf
Loaded 'libv3/UtilityFunctions.bf' from /usr/local/lib/hyphy/TemplateBatchFiles/libv3/UtilityFunctions.bf
Loaded 'IOFunctions.bf' from /usr/local/lib/hyphy/TemplateBatchFiles/libv3/IOFunctions.bf
Already loaded 'libv3/UtilityFunctions.bf' from /usr/local/lib/hyphy/TemplateBatchFiles/libv3/UtilityFunctions.bf
Loaded 'convenience/regexp.bf' from /usr/local/lib/hyphy/TemplateBatchFiles/libv3/convenience/regexp.bf
Loaded 'libv3/all-terms.bf' from /usr/local/lib/hyphy/TemplateBatchFiles/libv3/all-terms.bf
Variable 'skipCodeSelectionStep' was not initialized prior to being used
Row and/or column partition is empty. All the data will be used by default.
Overwritten previously defined function:'GaussLaguerreQuardature'
Overwritten previously defined function:'GammaQuadWeight'
Variable 'SKIP_HARVEST_FREQ' was not initialized prior to being used
Variable '_WRAP_PASSTHROUGH_FLAG_' was not initialized prior to being used
Variable 'END_OF_FILE' was not initialized prior to being used
Variable '_DO_TREE_REBALANCE_' was not initialized prior to being used
Variable '_KEEP_I_LABELS_' was not initialized prior to being used
Model MG94customModel assigned to Leptosomus_discolor
Leptosomus_discolor has 2 parameters - branch length not assigned
Model MG94customModel assigned to Colius_striatus
Colius_striatus has 2 parameters - branch length not assigned
Model MG94customModel assigned to Node2
Node2 has 2 parameters - branch length not assigned
Model MG94customModel assigned to Tyto_alba
Tyto_alba has 2 parameters - branch length not assigned
Model MG94customModel assigned to Node1
Node1 has 2 parameters - branch length not assigned
Model MG94customModel assigned to Haliaeetus_leucocephalus
Haliaeetus_leucocephalus has 2 parameters - branch length not assigned
Model MG94customModel assigned to Aquila_chrysaetos
Aquila_chrysaetos has 2 parameters - branch length not assigned
Model MG94customModel assigned to Node6
Node6 has 2 parameters - branch length not assigned
Model MG94customModel assigned to Acanthisitta_chloris
Acanthisitta_chloris has 2 parameters - branch length not assigned
Model MG94customModel assigned to Falco_peregrinus
Falco_peregrinus has 2 parameters - branch length not assigned
Model MG94customModel assigned to Falco_tinnunculus
Falco_tinnunculus has 2 parameters - branch length not assigned
Model MG94customModel assigned to Node11
Node11 has 2 parameters - branch length not assigned
Model MG94customModel assigned to Node9
Node9 has 2 parameters - branch length not assigned
The tips of the tree:givenTree were matched with the species names from the data in the following numeric order (0-based) {4,5,3,2,1,0,6,7}

Pseudo-optimal path's cost 2248 vs 3194 for 1..k=> a 1.42082 x improvement
Partition 0 reversible model flag computed as 1
Variable 'theLnLik' was not initialized prior to being used
Variable 'SAVE_OPT_STATUS_TO' was not initialized prior to being used
Variable 'givenTree.Leptosomus_discolor.nonSynRate' was not initialized prior to being used
Variable 'givenTree.Leptosomus_discolor.synRate' was not initialized prior to being used
Variable 'givenTree.Colius_striatus.nonSynRate' was not initialized prior to being used
Variable 'givenTree.Colius_striatus.synRate' was not initialized prior to being used
Variable 'givenTree.Tyto_alba.nonSynRate' was not initialized prior to being used
Variable 'givenTree.Tyto_alba.synRate' was not initialized prior to being used
Variable 'givenTree.Haliaeetus_leucocephalus.nonSynRate' was not initialized prior to being used
Variable 'givenTree.Haliaeetus_leucocephalus.synRate' was not initialized prior to being used
Variable 'givenTree.Aquila_chrysaetos.nonSynRate' was not initialized prior to being used
Variable 'givenTree.Aquila_chrysaetos.synRate' was not initialized prior to being used
Variable 'givenTree.Acanthisitta_chloris.nonSynRate' was not initialized prior to being used
Variable 'givenTree.Acanthisitta_chloris.synRate' was not initialized prior to being used
Variable 'givenTree.Falco_peregrinus.nonSynRate' was not initialized prior to being used
Variable 'givenTree.Falco_peregrinus.synRate' was not initialized prior to being used
Variable 'givenTree.Falco_tinnunculus.nonSynRate' was not initialized prior to being used
Variable 'givenTree.Falco_tinnunculus.synRate' was not initialized prior to being used
Variable 'givenTree.Node2.nonSynRate' was not initialized prior to being used
Variable 'givenTree.Node2.synRate' was not initialized prior to being used
Variable 'givenTree.Node1.nonSynRate' was not initialized prior to being used
Variable 'givenTree.Node1.synRate' was not initialized prior to being used
Variable 'givenTree.Node6.nonSynRate' was not initialized prior to being used
Variable 'givenTree.Node6.synRate' was not initialized prior to being used
Variable 'givenTree.Node11.nonSynRate' was not initialized prior to being used
Variable 'givenTree.Node11.synRate' was not initialized prior to being used
Variable 'givenTree.Node9.nonSynRate' was not initialized prior to being used
Variable 'givenTree.Node9.synRate' was not initialized prior to being used
Site 23 evaluated to a 0 probability in ComputeTreeBlockByBranch
Site 23 evaluated to a 0 probability in ComputeTreeBlockByBranch
Site 6 evaluated to a 0 probability in ComputeTreeBlockByBranch
Auto-benchmarked an optimal number (1) of threads.
Set GUI update interval to every 102-th LF evaluation.
Initial guess for givenTree.Node2.nonSynRate is -5.02526e-05
Initial guess for givenTree.Node2.synRate is -0.000595642
Initial guess for givenTree.Leptosomus_discolor.nonSynRate is 0.0277957
Initial guess for givenTree.Leptosomus_discolor.synRate is 0.00748274
Initial guess for givenTree.Colius_striatus.nonSynRate is 0.0614936
Initial guess for givenTree.Colius_striatus.synRate is 0.031911
Initial guess for givenTree.Tyto_alba.nonSynRate is 0.0184786
Initial guess for givenTree.Tyto_alba.synRate is 0.00997064
Initial guess for givenTree.Node6.nonSynRate is -0.0029349
Initial guess for givenTree.Node6.synRate is -0.000246786
Initial guess for givenTree.Haliaeetus_leucocephalus.nonSynRate is 0.00736172
Initial guess for givenTree.Haliaeetus_leucocephalus.synRate is 0.000778676
Initial guess for givenTree.Aquila_chrysaetos.nonSynRate is 0.00612882
Initial guess for givenTree.Aquila_chrysaetos.synRate is 0.00111887
Initial guess for givenTree.Node9.nonSynRate is 0.0161303
Initial guess for givenTree.Node9.synRate is 0.0050902
Initial guess for givenTree.Acanthisitta_chloris.nonSynRate is 0.0819864
Initial guess for givenTree.Acanthisitta_chloris.synRate is 0.0508032
Initial guess for givenTree.Node11.nonSynRate is -0.000345494
Initial guess for givenTree.Node11.synRate is 1.25541e-05
Initial guess for givenTree.Falco_peregrinus.nonSynRate is 0.00372868
Initial guess for givenTree.Falco_peregrinus.synRate is 0.00111922
Initial guess for givenTree.Falco_tinnunculus.nonSynRate is 0.00199707
Initial guess for givenTree.Falco_tinnunculus.synRate is 0.000778327
Optimization settings:
	OPTIMIZATION_METHOD = 4
	OPTIMIZATION_PRECISION = 0.001
	MAXIMUM_ITERATIONS_PER_VARIABLE = 5000

Initial parameter values

GT = 1
CT = 1
AC = 1
CG = 1
AT = 1
givenTree.Leptosomus_discolor.synRate = 0.00748274
givenTree.Leptosomus_discolor.nonSynRate = 0.0277957
givenTree.Colius_striatus.synRate = 0.031911
givenTree.Colius_striatus.nonSynRate = 0.0614936
givenTree.Node2.synRate = 0
givenTree.Node2.nonSynRate = 0
givenTree.Tyto_alba.synRate = 0.00997064
givenTree.Tyto_alba.nonSynRate = 0.0184786
givenTree.Node1.synRate = 0.1
givenTree.Node1.nonSynRate = 0.1
givenTree.Haliaeetus_leucocephalus.synRate = 0.000778676
givenTree.Haliaeetus_leucocephalus.nonSynRate = 0.00736172
givenTree.Aquila_chrysaetos.synRate = 0.00111887
givenTree.Aquila_chrysaetos.nonSynRate = 0.00612882
givenTree.Node6.synRate = 0
givenTree.Node6.nonSynRate = 0
givenTree.Acanthisitta_chloris.synRate = 0.0508032
givenTree.Acanthisitta_chloris.nonSynRate = 0.0819864
givenTree.Falco_peregrinus.synRate = 0.00111922
givenTree.Falco_peregrinus.nonSynRate = 0.00372868
givenTree.Falco_tinnunculus.synRate = 0.000778327
givenTree.Falco_tinnunculus.nonSynRate = 0.00199707
givenTree.Node11.synRate = 1.25541e-05
givenTree.Node11.nonSynRate = 0
givenTree.Node9.synRate = 0.0050902
givenTree.Node9.nonSynRate = 0.0161303
Optimization finished in 23 loop passes.
3184 likelihood evaluation calls and 12080 matrix exponentiations calls were made

Variable 'lastDepth' was not initialized prior to being used
No nodel was assigned to Leptosomus_discolor
Leptosomus_discolor has 0 parameters - branch length not assigned
No nodel was assigned to Colius_striatus
Colius_striatus has 0 parameters - branch length not assigned
No nodel was assigned to Node2
Node2 has 0 parameters - branch length not assigned
No nodel was assigned to Tyto_alba
Tyto_alba has 0 parameters - branch length not assigned
No nodel was assigned to Node1
Node1 has 0 parameters - branch length not assigned
No nodel was assigned to Haliaeetus_leucocephalus
Haliaeetus_leucocephalus has 0 parameters - branch length not assigned
No nodel was assigned to Aquila_chrysaetos
Aquila_chrysaetos has 0 parameters - branch length not assigned
No nodel was assigned to Node6
Node6 has 0 parameters - branch length not assigned
No nodel was assigned to Acanthisitta_chloris
Acanthisitta_chloris has 0 parameters - branch length not assigned
No nodel was assigned to Falco_peregrinus
Falco_peregrinus has 0 parameters - branch length not assigned
No nodel was assigned to Falco_tinnunculus
Falco_tinnunculus has 0 parameters - branch length not assigned
No nodel was assigned to Node11
Node11 has 0 parameters - branch length not assigned
No nodel was assigned to Node9
Node9 has 0 parameters - branch length not assigned
No nodel was assigned to Leptosomus_discolor
Leptosomus_discolor has 0 parameters - branch length not assigned
No nodel was assigned to Colius_striatus
Colius_striatus has 0 parameters - branch length not assigned
No nodel was assigned to Node2
Node2 has 0 parameters - branch length not assigned
No nodel was assigned to Tyto_alba
Tyto_alba has 0 parameters - branch length not assigned
No nodel was assigned to Node1
Node1 has 0 parameters - branch length not assigned
No nodel was assigned to Haliaeetus_leucocephalus
Haliaeetus_leucocephalus has 0 parameters - branch length not assigned
No nodel was assigned to Aquila_chrysaetos
Aquila_chrysaetos has 0 parameters - branch length not assigned
No nodel was assigned to Node6
Node6 has 0 parameters - branch length not assigned
No nodel was assigned to Acanthisitta_chloris
Acanthisitta_chloris has 0 parameters - branch length not assigned
No nodel was assigned to Falco_peregrinus
Falco_peregrinus has 0 parameters - branch length not assigned
No nodel was assigned to Falco_tinnunculus
Falco_tinnunculus has 0 parameters - branch length not assigned
No nodel was assigned to Node11
Node11 has 0 parameters - branch length not assigned
No nodel was assigned to Node9
Node9 has 0 parameters - branch length not assigned
No nodel was assigned to Leptosomus_discolor
Leptosomus_discolor has 0 parameters - branch length not assigned
No nodel was assigned to Colius_striatus
Colius_striatus has 0 parameters - branch length not assigned
No nodel was assigned to Node2
Node2 has 0 parameters - branch length not assigned
No nodel was assigned to Tyto_alba
Tyto_alba has 0 parameters - branch length not assigned
No nodel was assigned to Node1
Node1 has 0 parameters - branch length not assigned
No nodel was assigned to Haliaeetus_leucocephalus
Haliaeetus_leucocephalus has 0 parameters - branch length not assigned
No nodel was assigned to Aquila_chrysaetos
Aquila_chrysaetos has 0 parameters - branch length not assigned
No nodel was assigned to Node6
Node6 has 0 parameters - branch length not assigned
No nodel was assigned to Acanthisitta_chloris
Acanthisitta_chloris has 0 parameters - branch length not assigned
No nodel was assigned to Falco_peregrinus
Falco_peregrinus has 0 parameters - branch length not assigned
No nodel was assigned to Falco_tinnunculus
Falco_tinnunculus has 0 parameters - branch length not assigned
No nodel was assigned to Node11
Node11 has 0 parameters - branch length not assigned
No nodel was assigned to Node9
Node9 has 0 parameters - branch length not assigned
No nodel was assigned to Leptosomus_discolor
Leptosomus_discolor has 0 parameters - branch length not assigned
No nodel was assigned to Colius_striatus
Colius_striatus has 0 parameters - branch length not assigned
No nodel was assigned to Node2
Node2 has 0 parameters - branch length not assigned
No nodel was assigned to Tyto_alba
Tyto_alba has 0 parameters - branch length not assigned
No nodel was assigned to Node1
Node1 has 0 parameters - branch length not assigned
No nodel was assigned to Haliaeetus_leucocephalus
Haliaeetus_leucocephalus has 0 parameters - branch length not assigned
No nodel was assigned to Aquila_chrysaetos
Aquila_chrysaetos has 0 parameters - branch length not assigned
No nodel was assigned to Node6
Node6 has 0 parameters - branch length not assigned
No nodel was assigned to Acanthisitta_chloris
Acanthisitta_chloris has 0 parameters - branch length not assigned
No nodel was assigned to Falco_peregrinus
Falco_peregrinus has 0 parameters - branch length not assigned
No nodel was assigned to Falco_tinnunculus
Falco_tinnunculus has 0 parameters - branch length not assigned
No nodel was assigned to Node11
Node11 has 0 parameters - branch length not assigned
No nodel was assigned to Node9
Node9 has 0 parameters - branch length not assigned
Variable 'nodeName' was not initialized prior to being used
Variable 'speciesIndex' was not initialized prior to being used
Row and/or column partition is empty. All the data will be used by default.
Model MG94customModel assigned to Leptosomus_discolor
Model MG94customModel assigned to Colius_striatus
One branch tree supplied - hopefully this IS what you meant to do.
Rooted tree. Removing one branch - the left root child has been promoted to be the new root
Partition 0 reversible model flag computed as 1
Variable 'twoLnLik' was not initialized prior to being used
Variable 't2.Colius_striatus.nonSynRate' was not initialized prior to being used
Variable 't2.Colius_striatus.synRate' was not initialized prior to being used
Auto-benchmarked an optimal number (3) of threads.
Set GUI update interval to every 5617-th LF evaluation.
Optimization settings:
	OPTIMIZATION_METHOD = 4
	OPTIMIZATION_PRECISION = 0.001
	MAXIMUM_ITERATIONS_PER_VARIABLE = 5000

Initial parameter values

t2.Colius_striatus.nonSynRate = 0.1
t2.Colius_striatus.synRate = 0.1
Optimization finished in 6 loop passes.
157 likelihood evaluation calls and 141 matrix exponentiations calls were made

Row and/or column partition is empty. All the data will be used by default.
Model MG94customModel assigned to Leptosomus_discolor
Model MG94customModel assigned to Tyto_alba
One branch tree supplied - hopefully this IS what you meant to do.
Rooted tree. Removing one branch - the left root child has been promoted to be the new root
Partition 0 reversible model flag computed as 1
Variable 't2.Tyto_alba.nonSynRate' was not initialized prior to being used
Variable 't2.Tyto_alba.synRate' was not initialized prior to being used
Auto-benchmarked an optimal number (4) of threads.
Set GUI update interval to every 5747-th LF evaluation.
Optimization settings:
	OPTIMIZATION_METHOD = 4
	OPTIMIZATION_PRECISION = 0.001
	MAXIMUM_ITERATIONS_PER_VARIABLE = 5000

Initial parameter values

t2.Tyto_alba.nonSynRate = 0.1
t2.Tyto_alba.synRate = 0.1
Optimization finished in 6 loop passes.
176 likelihood evaluation calls and 158 matrix exponentiations calls were made

Row and/or column partition is empty. All the data will be used by default.
Model MG94customModel assigned to Leptosomus_discolor
Model MG94customModel assigned to Haliaeetus_leucocephalus
One branch tree supplied - hopefully this IS what you meant to do.
Rooted tree. Removing one branch - the left root child has been promoted to be the new root
Partition 0 reversible model flag computed as 1
Variable 't2.Haliaeetus_leucocephalus.synRate' was not initialized prior to being used
Variable 't2.Haliaeetus_leucocephalus.nonSynRate' was not initialized prior to being used
Auto-benchmarked an optimal number (2) of threads.
Set GUI update interval to every 5263-th LF evaluation.
Optimization settings:
	OPTIMIZATION_METHOD = 4
	OPTIMIZATION_PRECISION = 0.001
	MAXIMUM_ITERATIONS_PER_VARIABLE = 5000

Initial parameter values

t2.Haliaeetus_leucocephalus.synRate = 0.1
t2.Haliaeetus_leucocephalus.nonSynRate = 0.1
Optimization finished in 6 loop passes.
174 likelihood evaluation calls and 157 matrix exponentiations calls were made

Row and/or column partition is empty. All the data will be used by default.
Model MG94customModel assigned to Leptosomus_discolor
Model MG94customModel assigned to Aquila_chrysaetos
One branch tree supplied - hopefully this IS what you meant to do.
Rooted tree. Removing one branch - the left root child has been promoted to be the new root
Partition 0 reversible model flag computed as 1
Variable 't2.Aquila_chrysaetos.synRate' was not initialized prior to being used
Variable 't2.Aquila_chrysaetos.nonSynRate' was not initialized prior to being used
Auto-benchmarked an optimal number (3) of threads.
Set GUI update interval to every 5617-th LF evaluation.
Optimization settings:
	OPTIMIZATION_METHOD = 4
	OPTIMIZATION_PRECISION = 0.001
	MAXIMUM_ITERATIONS_PER_VARIABLE = 5000

Initial parameter values

t2.Aquila_chrysaetos.synRate = 0.1
t2.Aquila_chrysaetos.nonSynRate = 0.1
Optimization finished in 6 loop passes.
167 likelihood evaluation calls and 147 matrix exponentiations calls were made

Row and/or column partition is empty. All the data will be used by default.
Model MG94customModel assigned to Leptosomus_discolor
Model MG94customModel assigned to Acanthisitta_chloris
One branch tree supplied - hopefully this IS what you meant to do.
Rooted tree. Removing one branch - the left root child has been promoted to be the new root
Partition 0 reversible model flag computed as 1
Variable 't2.Acanthisitta_chloris.synRate' was not initialized prior to being used
Variable 't2.Acanthisitta_chloris.nonSynRate' was not initialized prior to being used
Auto-benchmarked an optimal number (3) of threads.
Set GUI update interval to every 5494-th LF evaluation.
Optimization settings:
	OPTIMIZATION_METHOD = 4
	OPTIMIZATION_PRECISION = 0.001
	MAXIMUM_ITERATIONS_PER_VARIABLE = 5000

Initial parameter values

t2.Acanthisitta_chloris.synRate = 0.1
t2.Acanthisitta_chloris.nonSynRate = 0.1
Optimization finished in 6 loop passes.
161 likelihood evaluation calls and 145 matrix exponentiations calls were made

Row and/or column partition is empty. All the data will be used by default.
Model MG94customModel assigned to Leptosomus_discolor
Model MG94customModel assigned to Falco_peregrinus
One branch tree supplied - hopefully this IS what you meant to do.
Rooted tree. Removing one branch - the left root child has been promoted to be the new root
Partition 0 reversible model flag computed as 1
Variable 't2.Falco_peregrinus.nonSynRate' was not initialized prior to being used
Variable 't2.Falco_peregrinus.synRate' was not initialized prior to being used
Auto-benchmarked an optimal number (3) of threads.
Set GUI update interval to every 5494-th LF evaluation.
Optimization settings:
	OPTIMIZATION_METHOD = 4
	OPTIMIZATION_PRECISION = 0.001
	MAXIMUM_ITERATIONS_PER_VARIABLE = 5000

Initial parameter values

t2.Falco_peregrinus.nonSynRate = 0.1
t2.Falco_peregrinus.synRate = 0.1
Optimization finished in 6 loop passes.
166 likelihood evaluation calls and 148 matrix exponentiations calls were made

Row and/or column partition is empty. All the data will be used by default.
Model MG94customModel assigned to Leptosomus_discolor
Model MG94customModel assigned to Falco_tinnunculus
One branch tree supplied - hopefully this IS what you meant to do.
Rooted tree. Removing one branch - the left root child has been promoted to be the new root
Partition 0 reversible model flag computed as 1
Variable 't2.Falco_tinnunculus.nonSynRate' was not initialized prior to being used
Variable 't2.Falco_tinnunculus.synRate' was not initialized prior to being used
Auto-benchmarked an optimal number (4) of threads.
Set GUI update interval to every 5747-th LF evaluation.
Optimization settings:
	OPTIMIZATION_METHOD = 4
	OPTIMIZATION_PRECISION = 0.001
	MAXIMUM_ITERATIONS_PER_VARIABLE = 5000

Initial parameter values

t2.Falco_tinnunculus.nonSynRate = 0.1
t2.Falco_tinnunculus.synRate = 0.1
Optimization finished in 6 loop passes.
143 likelihood evaluation calls and 123 matrix exponentiations calls were made

Row and/or column partition is empty. All the data will be used by default.
Model MG94customModel assigned to Colius_striatus
Model MG94customModel assigned to Tyto_alba
One branch tree supplied - hopefully this IS what you meant to do.
Rooted tree. Removing one branch - the left root child has been promoted to be the new root
Partition 0 reversible model flag computed as 1
Variable 't2.Tyto_alba.synRate' was not initialized prior to being used
Variable 't2.Tyto_alba.nonSynRate' was not initialized prior to being used
Auto-benchmarked an optimal number (3) of threads.
Set GUI update interval to every 5747-th LF evaluation.
Optimization settings:
	OPTIMIZATION_METHOD = 4
	OPTIMIZATION_PRECISION = 0.001
	MAXIMUM_ITERATIONS_PER_VARIABLE = 5000

Initial parameter values

t2.Tyto_alba.synRate = 0.1
t2.Tyto_alba.nonSynRate = 0.1
Optimization finished in 5 loop passes.
150 likelihood evaluation calls and 136 matrix exponentiations calls were made

Row and/or column partition is empty. All the data will be used by default.
Model MG94customModel assigned to Colius_striatus
Model MG94customModel assigned to Haliaeetus_leucocephalus
One branch tree supplied - hopefully this IS what you meant to do.
Rooted tree. Removing one branch - the left root child has been promoted to be the new root
Partition 0 reversible model flag computed as 1
Variable 't2.Haliaeetus_leucocephalus.nonSynRate' was not initialized prior to being used
Variable 't2.Haliaeetus_leucocephalus.synRate' was not initialized prior to being used
Auto-benchmarked an optimal number (3) of threads.
Set GUI update interval to every 5555-th LF evaluation.
Optimization settings:
	OPTIMIZATION_METHOD = 4
	OPTIMIZATION_PRECISION = 0.001
	MAXIMUM_ITERATIONS_PER_VARIABLE = 5000

Initial parameter values

t2.Haliaeetus_leucocephalus.nonSynRate = 0.1
t2.Haliaeetus_leucocephalus.synRate = 0.1
Optimization finished in 6 loop passes.
143 likelihood evaluation calls and 129 matrix exponentiations calls were made

Row and/or column partition is empty. All the data will be used by default.
Model MG94customModel assigned to Colius_striatus
Model MG94customModel assigned to Aquila_chrysaetos
One branch tree supplied - hopefully this IS what you meant to do.
Rooted tree. Removing one branch - the left root child has been promoted to be the new root
Partition 0 reversible model flag computed as 1
Variable 't2.Aquila_chrysaetos.nonSynRate' was not initialized prior to being used
Variable 't2.Aquila_chrysaetos.synRate' was not initialized prior to being used
Auto-benchmarked an optimal number (5) of threads.
Set GUI update interval to every 5813-th LF evaluation.
Optimization settings:
	OPTIMIZATION_METHOD = 4
	OPTIMIZATION_PRECISION = 0.001
	MAXIMUM_ITERATIONS_PER_VARIABLE = 5000

Initial parameter values

t2.Aquila_chrysaetos.nonSynRate = 0.1
t2.Aquila_chrysaetos.synRate = 0.1
Optimization finished in 8 loop passes.
193 likelihood evaluation calls and 180 matrix exponentiations calls were made

Row and/or column partition is empty. All the data will be used by default.
Model MG94customModel assigned to Colius_striatus
Model MG94customModel assigned to Acanthisitta_chloris
One branch tree supplied - hopefully this IS what you meant to do.
Rooted tree. Removing one branch - the left root child has been promoted to be the new root
Partition 0 reversible model flag computed as 1
Variable 't2.Acanthisitta_chloris.nonSynRate' was not initialized prior to being used
Variable 't2.Acanthisitta_chloris.synRate' was not initialized prior to being used
Auto-benchmarked an optimal number (4) of threads.
Set GUI update interval to every 5681-th LF evaluation.
Optimization settings:
	OPTIMIZATION_METHOD = 4
	OPTIMIZATION_PRECISION = 0.001
	MAXIMUM_ITERATIONS_PER_VARIABLE = 5000

Initial parameter values

t2.Acanthisitta_chloris.nonSynRate = 0.1
t2.Acanthisitta_chloris.synRate = 0.1
Optimization finished in 9 loop passes.
204 likelihood evaluation calls and 191 matrix exponentiations calls were made

Row and/or column partition is empty. All the data will be used by default.
Model MG94customModel assigned to Colius_striatus
Model MG94customModel assigned to Falco_peregrinus
One branch tree supplied - hopefully this IS what you meant to do.
Rooted tree. Removing one branch - the left root child has been promoted to be the new root
Partition 0 reversible model flag computed as 1
Variable 't2.Falco_peregrinus.nonSynRate' was not initialized prior to being used
Variable 't2.Falco_peregrinus.synRate' was not initialized prior to being used
Auto-benchmarked an optimal number (1) of threads.
Set GUI update interval to every 4201-th LF evaluation.
Optimization settings:
	OPTIMIZATION_METHOD = 4
	OPTIMIZATION_PRECISION = 0.001
	MAXIMUM_ITERATIONS_PER_VARIABLE = 5000

Initial parameter values

t2.Falco_peregrinus.nonSynRate = 0.1
t2.Falco_peregrinus.synRate = 0.1
Optimization finished in 7 loop passes.
214 likelihood evaluation calls and 193 matrix exponentiations calls were made

Row and/or column partition is empty. All the data will be used by default.
Model MG94customModel assigned to Colius_striatus
Model MG94customModel assigned to Falco_tinnunculus
One branch tree supplied - hopefully this IS what you meant to do.
Rooted tree. Removing one branch - the left root child has been promoted to be the new root
Partition 0 reversible model flag computed as 1
Variable 't2.Falco_tinnunculus.nonSynRate' was not initialized prior to being used
Variable 't2.Falco_tinnunculus.synRate' was not initialized prior to being used
Auto-benchmarked an optimal number (4) of threads.
Set GUI update interval to every 5681-th LF evaluation.
Optimization settings:
	OPTIMIZATION_METHOD = 4
	OPTIMIZATION_PRECISION = 0.001
	MAXIMUM_ITERATIONS_PER_VARIABLE = 5000

Initial parameter values

t2.Falco_tinnunculus.nonSynRate = 0.1
t2.Falco_tinnunculus.synRate = 0.1
Optimization finished in 7 loop passes.
109 likelihood evaluation calls and 97 matrix exponentiations calls were made

Row and/or column partition is empty. All the data will be used by default.
Model MG94customModel assigned to Tyto_alba
Model MG94customModel assigned to Haliaeetus_leucocephalus
One branch tree supplied - hopefully this IS what you meant to do.
Rooted tree. Removing one branch - the left root child has been promoted to be the new root
Partition 0 reversible model flag computed as 1
Variable 't2.Haliaeetus_leucocephalus.nonSynRate' was not initialized prior to being used
Variable 't2.Haliaeetus_leucocephalus.synRate' was not initialized prior to being used
Auto-benchmarked an optimal number (1) of threads.
Set GUI update interval to every 4237-th LF evaluation.
Optimization settings:
	OPTIMIZATION_METHOD = 4
	OPTIMIZATION_PRECISION = 0.001
	MAXIMUM_ITERATIONS_PER_VARIABLE = 5000

Initial parameter values

t2.Haliaeetus_leucocephalus.nonSynRate = 0.1
t2.Haliaeetus_leucocephalus.synRate = 0.1
Optimization finished in 3 loop passes.
102 likelihood evaluation calls and 93 matrix exponentiations calls were made

Row and/or column partition is empty. All the data will be used by default.
Model MG94customModel assigned to Tyto_alba
Model MG94customModel assigned to Aquila_chrysaetos
One branch tree supplied - hopefully this IS what you meant to do.
Rooted tree. Removing one branch - the left root child has been promoted to be the new root
Partition 0 reversible model flag computed as 1
Variable 't2.Aquila_chrysaetos.nonSynRate' was not initialized prior to being used
Variable 't2.Aquila_chrysaetos.synRate' was not initialized prior to being used
Auto-benchmarked an optimal number (4) of threads.
Set GUI update interval to every 5747-th LF evaluation.
Optimization settings:
	OPTIMIZATION_METHOD = 4
	OPTIMIZATION_PRECISION = 0.001
	MAXIMUM_ITERATIONS_PER_VARIABLE = 5000

Initial parameter values

t2.Aquila_chrysaetos.nonSynRate = 0.1
t2.Aquila_chrysaetos.synRate = 0.1
Optimization finished in 6 loop passes.
148 likelihood evaluation calls and 136 matrix exponentiations calls were made

Row and/or column partition is empty. All the data will be used by default.
Model MG94customModel assigned to Tyto_alba
Model MG94customModel assigned to Acanthisitta_chloris
One branch tree supplied - hopefully this IS what you meant to do.
Rooted tree. Removing one branch - the left root child has been promoted to be the new root
Partition 0 reversible model flag computed as 1
Variable 't2.Acanthisitta_chloris.nonSynRate' was not initialized prior to being used
Variable 't2.Acanthisitta_chloris.synRate' was not initialized prior to being used
Auto-benchmarked an optimal number (4) of threads.
Set GUI update interval to every 5747-th LF evaluation.
Optimization settings:
	OPTIMIZATION_METHOD = 4
	OPTIMIZATION_PRECISION = 0.001
	MAXIMUM_ITERATIONS_PER_VARIABLE = 5000

Initial parameter values

t2.Acanthisitta_chloris.nonSynRate = 0.1
t2.Acanthisitta_chloris.synRate = 0.1
Optimization finished in 5 loop passes.
177 likelihood evaluation calls and 163 matrix exponentiations calls were made

Row and/or column partition is empty. All the data will be used by default.
Model MG94customModel assigned to Tyto_alba
Model MG94customModel assigned to Falco_peregrinus
One branch tree supplied - hopefully this IS what you meant to do.
Rooted tree. Removing one branch - the left root child has been promoted to be the new root
Partition 0 reversible model flag computed as 1
Variable 't2.Falco_peregrinus.nonSynRate' was not initialized prior to being used
Variable 't2.Falco_peregrinus.synRate' was not initialized prior to being used
Auto-benchmarked an optimal number (2) of threads.
Set GUI update interval to every 5208-th LF evaluation.
Optimization settings:
	OPTIMIZATION_METHOD = 4
	OPTIMIZATION_PRECISION = 0.001
	MAXIMUM_ITERATIONS_PER_VARIABLE = 5000

Initial parameter values

t2.Falco_peregrinus.nonSynRate = 0.1
t2.Falco_peregrinus.synRate = 0.1
Optimization finished in 7 loop passes.
206 likelihood evaluation calls and 186 matrix exponentiations calls were made

Row and/or column partition is empty. All the data will be used by default.
Model MG94customModel assigned to Tyto_alba
Model MG94customModel assigned to Falco_tinnunculus
One branch tree supplied - hopefully this IS what you meant to do.
Rooted tree. Removing one branch - the left root child has been promoted to be the new root
Partition 0 reversible model flag computed as 1
Variable 't2.Falco_tinnunculus.nonSynRate' was not initialized prior to being used
Variable 't2.Falco_tinnunculus.synRate' was not initialized prior to being used
Auto-benchmarked an optimal number (4) of threads.
Set GUI update interval to every 5494-th LF evaluation.
Optimization settings:
	OPTIMIZATION_METHOD = 4
	OPTIMIZATION_PRECISION = 0.001
	MAXIMUM_ITERATIONS_PER_VARIABLE = 5000

Initial parameter values

t2.Falco_tinnunculus.nonSynRate = 0.1
t2.Falco_tinnunculus.synRate = 0.1
Optimization finished in 6 loop passes.
183 likelihood evaluation calls and 160 matrix exponentiations calls were made

Row and/or column partition is empty. All the data will be used by default.
Model MG94customModel assigned to Haliaeetus_leucocephalus
Model MG94customModel assigned to Aquila_chrysaetos
One branch tree supplied - hopefully this IS what you meant to do.
Rooted tree. Removing one branch - the left root child has been promoted to be the new root
Partition 0 reversible model flag computed as 1
Variable 't2.Aquila_chrysaetos.nonSynRate' was not initialized prior to being used
Variable 't2.Aquila_chrysaetos.synRate' was not initialized prior to being used
Auto-benchmarked an optimal number (4) of threads.
Set GUI update interval to every 5747-th LF evaluation.
Optimization settings:
	OPTIMIZATION_METHOD = 4
	OPTIMIZATION_PRECISION = 0.001
	MAXIMUM_ITERATIONS_PER_VARIABLE = 5000

Initial parameter values

t2.Aquila_chrysaetos.nonSynRate = 0.1
t2.Aquila_chrysaetos.synRate = 0.1
Optimization finished in 8 loop passes.
114 likelihood evaluation calls and 104 matrix exponentiations calls were made

Row and/or column partition is empty. All the data will be used by default.
Model MG94customModel assigned to Haliaeetus_leucocephalus
Model MG94customModel assigned to Acanthisitta_chloris
One branch tree supplied - hopefully this IS what you meant to do.
Rooted tree. Removing one branch - the left root child has been promoted to be the new root
Partition 0 reversible model flag computed as 1
Variable 't2.Acanthisitta_chloris.nonSynRate' was not initialized prior to being used
Variable 't2.Acanthisitta_chloris.synRate' was not initialized prior to being used
Auto-benchmarked an optimal number (6) of threads.
Set GUI update interval to every 5681-th LF evaluation.
Optimization settings:
	OPTIMIZATION_METHOD = 4
	OPTIMIZATION_PRECISION = 0.001
	MAXIMUM_ITERATIONS_PER_VARIABLE = 5000

Initial parameter values

t2.Acanthisitta_chloris.nonSynRate = 0.1
t2.Acanthisitta_chloris.synRate = 0.1
Optimization finished in 5 loop passes.
182 likelihood evaluation calls and 166 matrix exponentiations calls were made

Row and/or column partition is empty. All the data will be used by default.
Model MG94customModel assigned to Haliaeetus_leucocephalus
Model MG94customModel assigned to Falco_peregrinus
One branch tree supplied - hopefully this IS what you meant to do.
Rooted tree. Removing one branch - the left root child has been promoted to be the new root
Partition 0 reversible model flag computed as 1
Variable 't2.Falco_peregrinus.nonSynRate' was not initialized prior to being used
Variable 't2.Falco_peregrinus.synRate' was not initialized prior to being used
Auto-benchmarked an optimal number (4) of threads.
Set GUI update interval to every 5747-th LF evaluation.
Optimization settings:
	OPTIMIZATION_METHOD = 4
	OPTIMIZATION_PRECISION = 0.001
	MAXIMUM_ITERATIONS_PER_VARIABLE = 5000

Initial parameter values

t2.Falco_peregrinus.nonSynRate = 0.1
t2.Falco_peregrinus.synRate = 0.1
Optimization finished in 7 loop passes.
74 likelihood evaluation calls and 63 matrix exponentiations calls were made

Row and/or column partition is empty. All the data will be used by default.
Model MG94customModel assigned to Haliaeetus_leucocephalus
Model MG94customModel assigned to Falco_tinnunculus
One branch tree supplied - hopefully this IS what you meant to do.
Rooted tree. Removing one branch - the left root child has been promoted to be the new root
Partition 0 reversible model flag computed as 1
Variable 't2.Falco_tinnunculus.nonSynRate' was not initialized prior to being used
Variable 't2.Falco_tinnunculus.synRate' was not initialized prior to being used
Auto-benchmarked an optimal number (4) of threads.
Set GUI update interval to every 5747-th LF evaluation.
Optimization settings:
	OPTIMIZATION_METHOD = 4
	OPTIMIZATION_PRECISION = 0.001
	MAXIMUM_ITERATIONS_PER_VARIABLE = 5000

Initial parameter values

t2.Falco_tinnunculus.nonSynRate = 0.1
t2.Falco_tinnunculus.synRate = 0.1
Optimization finished in 7 loop passes.
114 likelihood evaluation calls and 100 matrix exponentiations calls were made

Row and/or column partition is empty. All the data will be used by default.
Model MG94customModel assigned to Aquila_chrysaetos
Model MG94customModel assigned to Acanthisitta_chloris
One branch tree supplied - hopefully this IS what you meant to do.
Rooted tree. Removing one branch - the left root child has been promoted to be the new root
Partition 0 reversible model flag computed as 1
Variable 't2.Acanthisitta_chloris.nonSynRate' was not initialized prior to being used
Variable 't2.Acanthisitta_chloris.synRate' was not initialized prior to being used
Auto-benchmarked an optimal number (5) of threads.
Set GUI update interval to every 5555-th LF evaluation.
Optimization settings:
	OPTIMIZATION_METHOD = 4
	OPTIMIZATION_PRECISION = 0.001
	MAXIMUM_ITERATIONS_PER_VARIABLE = 5000

Initial parameter values

t2.Acanthisitta_chloris.nonSynRate = 0.1
t2.Acanthisitta_chloris.synRate = 0.1
Optimization finished in 5 loop passes.
209 likelihood evaluation calls and 195 matrix exponentiations calls were made

Row and/or column partition is empty. All the data will be used by default.
Model MG94customModel assigned to Aquila_chrysaetos
Model MG94customModel assigned to Falco_peregrinus
One branch tree supplied - hopefully this IS what you meant to do.
Rooted tree. Removing one branch - the left root child has been promoted to be the new root
Partition 0 reversible model flag computed as 1
Variable 't2.Falco_peregrinus.nonSynRate' was not initialized prior to being used
Variable 't2.Falco_peregrinus.synRate' was not initialized prior to being used
Auto-benchmarked an optimal number (5) of threads.
Set GUI update interval to every 5555-th LF evaluation.
Optimization settings:
	OPTIMIZATION_METHOD = 4
	OPTIMIZATION_PRECISION = 0.001
	MAXIMUM_ITERATIONS_PER_VARIABLE = 5000

Initial parameter values

t2.Falco_peregrinus.nonSynRate = 0.1
t2.Falco_peregrinus.synRate = 0.1
Optimization finished in 7 loop passes.
137 likelihood evaluation calls and 126 matrix exponentiations calls were made

Row and/or column partition is empty. All the data will be used by default.
Model MG94customModel assigned to Aquila_chrysaetos
Model MG94customModel assigned to Falco_tinnunculus
One branch tree supplied - hopefully this IS what you meant to do.
Rooted tree. Removing one branch - the left root child has been promoted to be the new root
Partition 0 reversible model flag computed as 1
Variable 't2.Falco_tinnunculus.nonSynRate' was not initialized prior to being used
Variable 't2.Falco_tinnunculus.synRate' was not initialized prior to being used
Auto-benchmarked an optimal number (3) of threads.
Set GUI update interval to every 5617-th LF evaluation.
Optimization settings:
	OPTIMIZATION_METHOD = 4
	OPTIMIZATION_PRECISION = 0.001
	MAXIMUM_ITERATIONS_PER_VARIABLE = 5000

Initial parameter values

t2.Falco_tinnunculus.nonSynRate = 0.1
t2.Falco_tinnunculus.synRate = 0.1
Optimization finished in 6 loop passes.
65 likelihood evaluation calls and 57 matrix exponentiations calls were made

Row and/or column partition is empty. All the data will be used by default.
Model MG94customModel assigned to Acanthisitta_chloris
Model MG94customModel assigned to Falco_peregrinus
One branch tree supplied - hopefully this IS what you meant to do.
Rooted tree. Removing one branch - the left root child has been promoted to be the new root
Partition 0 reversible model flag computed as 1
Variable 't2.Falco_peregrinus.nonSynRate' was not initialized prior to being used
Variable 't2.Falco_peregrinus.synRate' was not initialized prior to being used
Auto-benchmarked an optimal number (3) of threads.
Set GUI update interval to every 5494-th LF evaluation.
Optimization settings:
	OPTIMIZATION_METHOD = 4
	OPTIMIZATION_PRECISION = 0.001
	MAXIMUM_ITERATIONS_PER_VARIABLE = 5000

Initial parameter values

t2.Falco_peregrinus.nonSynRate = 0.1
t2.Falco_peregrinus.synRate = 0.1
Optimization finished in 5 loop passes.
203 likelihood evaluation calls and 189 matrix exponentiations calls were made

Row and/or column partition is empty. All the data will be used by default.
Model MG94customModel assigned to Acanthisitta_chloris
Model MG94customModel assigned to Falco_tinnunculus
One branch tree supplied - hopefully this IS what you meant to do.
Rooted tree. Removing one branch - the left root child has been promoted to be the new root
Partition 0 reversible model flag computed as 1
Variable 't2.Falco_tinnunculus.nonSynRate' was not initialized prior to being used
Variable 't2.Falco_tinnunculus.synRate' was not initialized prior to being used
Auto-benchmarked an optimal number (4) of threads.
Set GUI update interval to every 5813-th LF evaluation.
Optimization settings:
	OPTIMIZATION_METHOD = 4
	OPTIMIZATION_PRECISION = 0.001
	MAXIMUM_ITERATIONS_PER_VARIABLE = 5000

Initial parameter values

t2.Falco_tinnunculus.nonSynRate = 0.1
t2.Falco_tinnunculus.synRate = 0.1
Optimization finished in 5 loop passes.
184 likelihood evaluation calls and 167 matrix exponentiations calls were made

Row and/or column partition is empty. All the data will be used by default.
Model MG94customModel assigned to Falco_peregrinus
Model MG94customModel assigned to Falco_tinnunculus
One branch tree supplied - hopefully this IS what you meant to do.
Rooted tree. Removing one branch - the left root child has been promoted to be the new root
Partition 0 reversible model flag computed as 1
Auto-benchmarked an optimal number (2) of threads.
Set GUI update interval to every 703-th LF evaluation.
Optimization settings:
	OPTIMIZATION_METHOD = 4
	OPTIMIZATION_PRECISION = 0.001
	MAXIMUM_ITERATIONS_PER_VARIABLE = 5000

Initial parameter values

t2.Falco_tinnunculus.nonSynRate = 0.1
t2.Falco_tinnunculus.synRate = 0.1
Optimization finished in 5 loop passes.
154 likelihood evaluation calls and 135 matrix exponentiations calls were made
