
Loaded 'libv3/convenience/matrix.bf' from /usr/local/lib/hyphy/TemplateBatchFiles/libv3/convenience/matrix.bf
Loaded 'libv3/UtilityFunctions.bf' from /usr/local/lib/hyphy/TemplateBatchFiles/libv3/UtilityFunctions.bf
Loaded 'IOFunctions.bf' from /usr/local/lib/hyphy/TemplateBatchFiles/libv3/IOFunctions.bf
Already loaded 'libv3/UtilityFunctions.bf' from /usr/local/lib/hyphy/TemplateBatchFiles/libv3/UtilityFunctions.bf
Loaded 'convenience/regexp.bf' from /usr/local/lib/hyphy/TemplateBatchFiles/libv3/convenience/regexp.bf
Loaded 'libv3/all-terms.bf' from /usr/local/lib/hyphy/TemplateBatchFiles/libv3/all-terms.bf
Variable 'skipCodeSelectionStep' was not initialized prior to being used
Row and/or column partition is empty. All the data will be used by default.
Overwritten previously defined function:'GaussLaguerreQuardature'
Overwritten previously defined function:'GammaQuadWeight'
Variable 'SKIP_HARVEST_FREQ' was not initialized prior to being used
Variable '_WRAP_PASSTHROUGH_FLAG_' was not initialized prior to being used
Variable 'END_OF_FILE' was not initialized prior to being used
Variable '_DO_TREE_REBALANCE_' was not initialized prior to being used
Variable '_KEEP_I_LABELS_' was not initialized prior to being used
Model MG94customModel assigned to Gavialis_gangeticus
Gavialis_gangeticus has 2 parameters - branch length not assigned
Model MG94customModel assigned to Pelodiscus_sinensis
Pelodiscus_sinensis has 2 parameters - branch length not assigned
Model MG94customModel assigned to Trachemys_scripta
Trachemys_scripta has 2 parameters - branch length not assigned
Model MG94customModel assigned to Chrysemys_picta
Chrysemys_picta has 2 parameters - branch length not assigned
Model MG94customModel assigned to Node6
Node6 has 2 parameters - branch length not assigned
Model MG94customModel assigned to Terrapene_carolina
Terrapene_carolina has 2 parameters - branch length not assigned
Model MG94customModel assigned to Node5
Node5 has 2 parameters - branch length not assigned
Model MG94customModel assigned to Mauremys_reevesii
Mauremys_reevesii has 2 parameters - branch length not assigned
Model MG94customModel assigned to Gopherus_evgoodei
Gopherus_evgoodei has 2 parameters - branch length not assigned
Model MG94customModel assigned to Chelonoidis_abingdonii
Chelonoidis_abingdonii has 2 parameters - branch length not assigned
Model MG94customModel assigned to Node12
Node12 has 2 parameters - branch length not assigned
Model MG94customModel assigned to Node10
Node10 has 2 parameters - branch length not assigned
Model MG94customModel assigned to Node4
Node4 has 2 parameters - branch length not assigned
Model MG94customModel assigned to Chelonia_mydas
Chelonia_mydas has 2 parameters - branch length not assigned
Model MG94customModel assigned to Node3
Node3 has 2 parameters - branch length not assigned
The tips of the tree:givenTree were matched with the species names from the data in the following numeric order (0-based) {0,8,5,4,6,3,2,1,7}

Pseudo-optimal path's cost 2203 vs 4155 for 1..k=> a 1.88606 x improvement
Partition 0 reversible model flag computed as 1
Variable 'theLnLik' was not initialized prior to being used
Variable 'SAVE_OPT_STATUS_TO' was not initialized prior to being used
Variable 'givenTree.Gavialis_gangeticus.nonSynRate' was not initialized prior to being used
Variable 'givenTree.Gavialis_gangeticus.synRate' was not initialized prior to being used
Variable 'givenTree.Pelodiscus_sinensis.nonSynRate' was not initialized prior to being used
Variable 'givenTree.Pelodiscus_sinensis.synRate' was not initialized prior to being used
Variable 'givenTree.Trachemys_scripta.nonSynRate' was not initialized prior to being used
Variable 'givenTree.Trachemys_scripta.synRate' was not initialized prior to being used
Variable 'givenTree.Chrysemys_picta.nonSynRate' was not initialized prior to being used
Variable 'givenTree.Chrysemys_picta.synRate' was not initialized prior to being used
Variable 'givenTree.Terrapene_carolina.nonSynRate' was not initialized prior to being used
Variable 'givenTree.Terrapene_carolina.synRate' was not initialized prior to being used
Variable 'givenTree.Mauremys_reevesii.nonSynRate' was not initialized prior to being used
Variable 'givenTree.Mauremys_reevesii.synRate' was not initialized prior to being used
Variable 'givenTree.Gopherus_evgoodei.nonSynRate' was not initialized prior to being used
Variable 'givenTree.Gopherus_evgoodei.synRate' was not initialized prior to being used
Variable 'givenTree.Chelonoidis_abingdonii.nonSynRate' was not initialized prior to being used
Variable 'givenTree.Chelonoidis_abingdonii.synRate' was not initialized prior to being used
Variable 'givenTree.Chelonia_mydas.nonSynRate' was not initialized prior to being used
Variable 'givenTree.Chelonia_mydas.synRate' was not initialized prior to being used
Variable 'givenTree.Node6.nonSynRate' was not initialized prior to being used
Variable 'givenTree.Node6.synRate' was not initialized prior to being used
Variable 'givenTree.Node5.nonSynRate' was not initialized prior to being used
Variable 'givenTree.Node5.synRate' was not initialized prior to being used
Variable 'givenTree.Node12.nonSynRate' was not initialized prior to being used
Variable 'givenTree.Node12.synRate' was not initialized prior to being used
Variable 'givenTree.Node10.nonSynRate' was not initialized prior to being used
Variable 'givenTree.Node10.synRate' was not initialized prior to being used
Variable 'givenTree.Node4.nonSynRate' was not initialized prior to being used
Variable 'givenTree.Node4.synRate' was not initialized prior to being used
Variable 'givenTree.Node3.nonSynRate' was not initialized prior to being used
Variable 'givenTree.Node3.synRate' was not initialized prior to being used
Site 14 evaluated to a 0 probability in ComputeTreeBlockByBranch
Site 16 evaluated to a 0 probability in ComputeTreeBlockByBranch
Site 14 evaluated to a 0 probability in ComputeTreeBlockByBranch
Auto-benchmarked an optimal number (1) of threads.
Set GUI update interval to every 106-th LF evaluation.
Initial guess for givenTree.Pelodiscus_sinensis.nonSynRate is 0.189775
Initial guess for givenTree.Pelodiscus_sinensis.synRate is 0.211179
Initial guess for givenTree.Node3.nonSynRate is 0.0151068
Initial guess for givenTree.Node3.synRate is 0.0277848
Initial guess for givenTree.Node4.nonSynRate is 0.00176287
Initial guess for givenTree.Node4.synRate is 0.00375495
Initial guess for givenTree.Node5.nonSynRate is 0.00656642
Initial guess for givenTree.Node5.synRate is 0.00210185
Initial guess for givenTree.Node6.nonSynRate is 0.00312885
Initial guess for givenTree.Node6.synRate is 0.00204565
Initial guess for givenTree.Trachemys_scripta.nonSynRate is 0.0464436
Initial guess for givenTree.Trachemys_scripta.synRate is 0.011151
Initial guess for givenTree.Chrysemys_picta.nonSynRate is 0.00395109
Initial guess for givenTree.Chrysemys_picta.synRate is 0.00090548
Initial guess for givenTree.Terrapene_carolina.nonSynRate is 0.00185313
Initial guess for givenTree.Terrapene_carolina.synRate is 5.60617e-05
Initial guess for givenTree.Node10.nonSynRate is 0.00722243
Initial guess for givenTree.Node10.synRate is 0.00213378
Initial guess for givenTree.Mauremys_reevesii.nonSynRate is 0.000769633
Initial guess for givenTree.Mauremys_reevesii.synRate is 0.000847352
Initial guess for givenTree.Node12.nonSynRate is -0.00181204
Initial guess for givenTree.Node12.synRate is -0.00108382
Initial guess for givenTree.Gopherus_evgoodei.nonSynRate is 0.00471955
Initial guess for givenTree.Gopherus_evgoodei.synRate is 0.00887419
Initial guess for givenTree.Chelonoidis_abingdonii.nonSynRate is 0.00999487
Initial guess for givenTree.Chelonoidis_abingdonii.synRate is 0.00585173
Initial guess for givenTree.Chelonia_mydas.nonSynRate is 0.00575984
Initial guess for givenTree.Chelonia_mydas.synRate is 0.00189305
Optimization settings:
	OPTIMIZATION_METHOD = 4
	OPTIMIZATION_PRECISION = 0.001
	MAXIMUM_ITERATIONS_PER_VARIABLE = 5000

Initial parameter values

GT = 1
CT = 1
AC = 1
CG = 1
AT = 1
givenTree.Gavialis_gangeticus.synRate = 0.1
givenTree.Gavialis_gangeticus.nonSynRate = 0.1
givenTree.Pelodiscus_sinensis.synRate = 0.211179
givenTree.Pelodiscus_sinensis.nonSynRate = 0.189775
givenTree.Trachemys_scripta.synRate = 0.011151
givenTree.Trachemys_scripta.nonSynRate = 0.0464436
givenTree.Chrysemys_picta.synRate = 0.00090548
givenTree.Chrysemys_picta.nonSynRate = 0.00395109
givenTree.Node6.synRate = 0.00204565
givenTree.Node6.nonSynRate = 0.00312885
givenTree.Terrapene_carolina.synRate = 5.60617e-05
givenTree.Terrapene_carolina.nonSynRate = 0.00185313
givenTree.Node5.synRate = 0.00210185
givenTree.Node5.nonSynRate = 0.00656642
givenTree.Mauremys_reevesii.synRate = 0.000847352
givenTree.Mauremys_reevesii.nonSynRate = 0.000769633
givenTree.Gopherus_evgoodei.synRate = 0.00887419
givenTree.Gopherus_evgoodei.nonSynRate = 0.00471955
givenTree.Chelonoidis_abingdonii.synRate = 0.00585173
givenTree.Chelonoidis_abingdonii.nonSynRate = 0.00999487
givenTree.Node12.synRate = 0
givenTree.Node12.nonSynRate = 0
givenTree.Node10.synRate = 0.00213378
givenTree.Node10.nonSynRate = 0.00722243
givenTree.Node4.synRate = 0.00375495
givenTree.Node4.nonSynRate = 0.00176287
givenTree.Chelonia_mydas.synRate = 0.00189305
givenTree.Chelonia_mydas.nonSynRate = 0.00575984
givenTree.Node3.synRate = 0.0277848
givenTree.Node3.nonSynRate = 0.0151068
Optimization finished in 27 loop passes.
3387 likelihood evaluation calls and 13266 matrix exponentiations calls were made

Variable 'lastDepth' was not initialized prior to being used
No nodel was assigned to Gavialis_gangeticus
Gavialis_gangeticus has 0 parameters - branch length not assigned
No nodel was assigned to Pelodiscus_sinensis
Pelodiscus_sinensis has 0 parameters - branch length not assigned
No nodel was assigned to Trachemys_scripta
Trachemys_scripta has 0 parameters - branch length not assigned
No nodel was assigned to Chrysemys_picta
Chrysemys_picta has 0 parameters - branch length not assigned
No nodel was assigned to Node6
Node6 has 0 parameters - branch length not assigned
No nodel was assigned to Terrapene_carolina
Terrapene_carolina has 0 parameters - branch length not assigned
No nodel was assigned to Node5
Node5 has 0 parameters - branch length not assigned
No nodel was assigned to Mauremys_reevesii
Mauremys_reevesii has 0 parameters - branch length not assigned
No nodel was assigned to Gopherus_evgoodei
Gopherus_evgoodei has 0 parameters - branch length not assigned
No nodel was assigned to Chelonoidis_abingdonii
Chelonoidis_abingdonii has 0 parameters - branch length not assigned
No nodel was assigned to Node12
Node12 has 0 parameters - branch length not assigned
No nodel was assigned to Node10
Node10 has 0 parameters - branch length not assigned
No nodel was assigned to Node4
Node4 has 0 parameters - branch length not assigned
No nodel was assigned to Chelonia_mydas
Chelonia_mydas has 0 parameters - branch length not assigned
No nodel was assigned to Node3
Node3 has 0 parameters - branch length not assigned
No nodel was assigned to Gavialis_gangeticus
Gavialis_gangeticus has 0 parameters - branch length not assigned
No nodel was assigned to Pelodiscus_sinensis
Pelodiscus_sinensis has 0 parameters - branch length not assigned
No nodel was assigned to Trachemys_scripta
Trachemys_scripta has 0 parameters - branch length not assigned
No nodel was assigned to Chrysemys_picta
Chrysemys_picta has 0 parameters - branch length not assigned
No nodel was assigned to Node6
Node6 has 0 parameters - branch length not assigned
No nodel was assigned to Terrapene_carolina
Terrapene_carolina has 0 parameters - branch length not assigned
No nodel was assigned to Node5
Node5 has 0 parameters - branch length not assigned
No nodel was assigned to Mauremys_reevesii
Mauremys_reevesii has 0 parameters - branch length not assigned
No nodel was assigned to Gopherus_evgoodei
Gopherus_evgoodei has 0 parameters - branch length not assigned
No nodel was assigned to Chelonoidis_abingdonii
Chelonoidis_abingdonii has 0 parameters - branch length not assigned
No nodel was assigned to Node12
Node12 has 0 parameters - branch length not assigned
No nodel was assigned to Node10
Node10 has 0 parameters - branch length not assigned
No nodel was assigned to Node4
Node4 has 0 parameters - branch length not assigned
No nodel was assigned to Chelonia_mydas
Chelonia_mydas has 0 parameters - branch length not assigned
No nodel was assigned to Node3
Node3 has 0 parameters - branch length not assigned
No nodel was assigned to Gavialis_gangeticus
Gavialis_gangeticus has 0 parameters - branch length not assigned
No nodel was assigned to Pelodiscus_sinensis
Pelodiscus_sinensis has 0 parameters - branch length not assigned
No nodel was assigned to Trachemys_scripta
Trachemys_scripta has 0 parameters - branch length not assigned
No nodel was assigned to Chrysemys_picta
Chrysemys_picta has 0 parameters - branch length not assigned
No nodel was assigned to Node6
Node6 has 0 parameters - branch length not assigned
No nodel was assigned to Terrapene_carolina
Terrapene_carolina has 0 parameters - branch length not assigned
No nodel was assigned to Node5
Node5 has 0 parameters - branch length not assigned
No nodel was assigned to Mauremys_reevesii
Mauremys_reevesii has 0 parameters - branch length not assigned
No nodel was assigned to Gopherus_evgoodei
Gopherus_evgoodei has 0 parameters - branch length not assigned
No nodel was assigned to Chelonoidis_abingdonii
Chelonoidis_abingdonii has 0 parameters - branch length not assigned
No nodel was assigned to Node12
Node12 has 0 parameters - branch length not assigned
No nodel was assigned to Node10
Node10 has 0 parameters - branch length not assigned
No nodel was assigned to Node4
Node4 has 0 parameters - branch length not assigned
No nodel was assigned to Chelonia_mydas
Chelonia_mydas has 0 parameters - branch length not assigned
No nodel was assigned to Node3
Node3 has 0 parameters - branch length not assigned
No nodel was assigned to Gavialis_gangeticus
Gavialis_gangeticus has 0 parameters - branch length not assigned
No nodel was assigned to Pelodiscus_sinensis
Pelodiscus_sinensis has 0 parameters - branch length not assigned
No nodel was assigned to Trachemys_scripta
Trachemys_scripta has 0 parameters - branch length not assigned
No nodel was assigned to Chrysemys_picta
Chrysemys_picta has 0 parameters - branch length not assigned
No nodel was assigned to Node6
Node6 has 0 parameters - branch length not assigned
No nodel was assigned to Terrapene_carolina
Terrapene_carolina has 0 parameters - branch length not assigned
No nodel was assigned to Node5
Node5 has 0 parameters - branch length not assigned
No nodel was assigned to Mauremys_reevesii
Mauremys_reevesii has 0 parameters - branch length not assigned
No nodel was assigned to Gopherus_evgoodei
Gopherus_evgoodei has 0 parameters - branch length not assigned
No nodel was assigned to Chelonoidis_abingdonii
Chelonoidis_abingdonii has 0 parameters - branch length not assigned
No nodel was assigned to Node12
Node12 has 0 parameters - branch length not assigned
No nodel was assigned to Node10
Node10 has 0 parameters - branch length not assigned
No nodel was assigned to Node4
Node4 has 0 parameters - branch length not assigned
No nodel was assigned to Chelonia_mydas
Chelonia_mydas has 0 parameters - branch length not assigned
No nodel was assigned to Node3
Node3 has 0 parameters - branch length not assigned
Variable 'nodeName' was not initialized prior to being used
Variable 'speciesIndex' was not initialized prior to being used
Row and/or column partition is empty. All the data will be used by default.
Model MG94customModel assigned to Gavialis_gangeticus
Model MG94customModel assigned to Pelodiscus_sinensis
One branch tree supplied - hopefully this IS what you meant to do.
Rooted tree. Removing one branch - the left root child has been promoted to be the new root
Partition 0 reversible model flag computed as 1
Variable 'twoLnLik' was not initialized prior to being used
Variable 't2.Pelodiscus_sinensis.nonSynRate' was not initialized prior to being used
Variable 't2.Pelodiscus_sinensis.synRate' was not initialized prior to being used
Auto-benchmarked an optimal number (3) of threads.
Set GUI update interval to every 6410-th LF evaluation.
Optimization settings:
	OPTIMIZATION_METHOD = 4
	OPTIMIZATION_PRECISION = 0.001
	MAXIMUM_ITERATIONS_PER_VARIABLE = 5000

Initial parameter values

t2.Pelodiscus_sinensis.nonSynRate = 0.1
t2.Pelodiscus_sinensis.synRate = 0.1
Optimization finished in 6 loop passes.
161 likelihood evaluation calls and 144 matrix exponentiations calls were made

Row and/or column partition is empty. All the data will be used by default.
Model MG94customModel assigned to Gavialis_gangeticus
Model MG94customModel assigned to Trachemys_scripta
One branch tree supplied - hopefully this IS what you meant to do.
Rooted tree. Removing one branch - the left root child has been promoted to be the new root
Partition 0 reversible model flag computed as 1
Variable 't2.Trachemys_scripta.nonSynRate' was not initialized prior to being used
Variable 't2.Trachemys_scripta.synRate' was not initialized prior to being used
Auto-benchmarked an optimal number (3) of threads.
Set GUI update interval to every 5747-th LF evaluation.
Optimization settings:
	OPTIMIZATION_METHOD = 4
	OPTIMIZATION_PRECISION = 0.001
	MAXIMUM_ITERATIONS_PER_VARIABLE = 5000

Initial parameter values

t2.Trachemys_scripta.nonSynRate = 0.1
t2.Trachemys_scripta.synRate = 0.1
Optimization finished in 5 loop passes.
190 likelihood evaluation calls and 170 matrix exponentiations calls were made

Row and/or column partition is empty. All the data will be used by default.
Model MG94customModel assigned to Gavialis_gangeticus
Model MG94customModel assigned to Chrysemys_picta
One branch tree supplied - hopefully this IS what you meant to do.
Rooted tree. Removing one branch - the left root child has been promoted to be the new root
Partition 0 reversible model flag computed as 1
Variable 't2.Chrysemys_picta.synRate' was not initialized prior to being used
Variable 't2.Chrysemys_picta.nonSynRate' was not initialized prior to being used
Auto-benchmarked an optimal number (4) of threads.
Set GUI update interval to every 6493-th LF evaluation.
Optimization settings:
	OPTIMIZATION_METHOD = 4
	OPTIMIZATION_PRECISION = 0.001
	MAXIMUM_ITERATIONS_PER_VARIABLE = 5000

Initial parameter values

t2.Chrysemys_picta.synRate = 0.1
t2.Chrysemys_picta.nonSynRate = 0.1
Optimization finished in 6 loop passes.
157 likelihood evaluation calls and 140 matrix exponentiations calls were made

Row and/or column partition is empty. All the data will be used by default.
Model MG94customModel assigned to Gavialis_gangeticus
Model MG94customModel assigned to Terrapene_carolina
One branch tree supplied - hopefully this IS what you meant to do.
Rooted tree. Removing one branch - the left root child has been promoted to be the new root
Partition 0 reversible model flag computed as 1
Variable 't2.Terrapene_carolina.synRate' was not initialized prior to being used
Variable 't2.Terrapene_carolina.nonSynRate' was not initialized prior to being used
Auto-benchmarked an optimal number (4) of threads.
Set GUI update interval to every 5747-th LF evaluation.
Optimization settings:
	OPTIMIZATION_METHOD = 4
	OPTIMIZATION_PRECISION = 0.001
	MAXIMUM_ITERATIONS_PER_VARIABLE = 5000

Initial parameter values

t2.Terrapene_carolina.synRate = 0.1
t2.Terrapene_carolina.nonSynRate = 0.1
Optimization finished in 6 loop passes.
233 likelihood evaluation calls and 216 matrix exponentiations calls were made

Row and/or column partition is empty. All the data will be used by default.
Model MG94customModel assigned to Gavialis_gangeticus
Model MG94customModel assigned to Mauremys_reevesii
One branch tree supplied - hopefully this IS what you meant to do.
Rooted tree. Removing one branch - the left root child has been promoted to be the new root
Partition 0 reversible model flag computed as 1
Variable 't2.Mauremys_reevesii.synRate' was not initialized prior to being used
Variable 't2.Mauremys_reevesii.nonSynRate' was not initialized prior to being used
Auto-benchmarked an optimal number (3) of threads.
Set GUI update interval to every 5747-th LF evaluation.
Optimization settings:
	OPTIMIZATION_METHOD = 4
	OPTIMIZATION_PRECISION = 0.001
	MAXIMUM_ITERATIONS_PER_VARIABLE = 5000

Initial parameter values

t2.Mauremys_reevesii.synRate = 0.1
t2.Mauremys_reevesii.nonSynRate = 0.1
Optimization finished in 5 loop passes.
166 likelihood evaluation calls and 147 matrix exponentiations calls were made

Row and/or column partition is empty. All the data will be used by default.
Model MG94customModel assigned to Gavialis_gangeticus
Model MG94customModel assigned to Gopherus_evgoodei
One branch tree supplied - hopefully this IS what you meant to do.
Rooted tree. Removing one branch - the left root child has been promoted to be the new root
Partition 0 reversible model flag computed as 1
Variable 't2.Gopherus_evgoodei.nonSynRate' was not initialized prior to being used
Variable 't2.Gopherus_evgoodei.synRate' was not initialized prior to being used
Auto-benchmarked an optimal number (4) of threads.
Set GUI update interval to every 5494-th LF evaluation.
Optimization settings:
	OPTIMIZATION_METHOD = 4
	OPTIMIZATION_PRECISION = 0.001
	MAXIMUM_ITERATIONS_PER_VARIABLE = 5000

Initial parameter values

t2.Gopherus_evgoodei.nonSynRate = 0.1
t2.Gopherus_evgoodei.synRate = 0.1
Optimization finished in 5 loop passes.
155 likelihood evaluation calls and 133 matrix exponentiations calls were made

Row and/or column partition is empty. All the data will be used by default.
Model MG94customModel assigned to Gavialis_gangeticus
Model MG94customModel assigned to Chelonoidis_abingdonii
One branch tree supplied - hopefully this IS what you meant to do.
Rooted tree. Removing one branch - the left root child has been promoted to be the new root
Partition 0 reversible model flag computed as 1
Variable 't2.Chelonoidis_abingdonii.nonSynRate' was not initialized prior to being used
Variable 't2.Chelonoidis_abingdonii.synRate' was not initialized prior to being used
Auto-benchmarked an optimal number (4) of threads.
Set GUI update interval to every 6250-th LF evaluation.
Optimization settings:
	OPTIMIZATION_METHOD = 4
	OPTIMIZATION_PRECISION = 0.001
	MAXIMUM_ITERATIONS_PER_VARIABLE = 5000

Initial parameter values

t2.Chelonoidis_abingdonii.nonSynRate = 0.1
t2.Chelonoidis_abingdonii.synRate = 0.1
Optimization finished in 5 loop passes.
182 likelihood evaluation calls and 163 matrix exponentiations calls were made

Row and/or column partition is empty. All the data will be used by default.
Model MG94customModel assigned to Gavialis_gangeticus
Model MG94customModel assigned to Chelonia_mydas
One branch tree supplied - hopefully this IS what you meant to do.
Rooted tree. Removing one branch - the left root child has been promoted to be the new root
Partition 0 reversible model flag computed as 1
Variable 't2.Chelonia_mydas.nonSynRate' was not initialized prior to being used
Variable 't2.Chelonia_mydas.synRate' was not initialized prior to being used
Auto-benchmarked an optimal number (2) of threads.
Set GUI update interval to every 6097-th LF evaluation.
Optimization settings:
	OPTIMIZATION_METHOD = 4
	OPTIMIZATION_PRECISION = 0.001
	MAXIMUM_ITERATIONS_PER_VARIABLE = 5000

Initial parameter values

t2.Chelonia_mydas.nonSynRate = 0.1
t2.Chelonia_mydas.synRate = 0.1
Optimization finished in 6 loop passes.
207 likelihood evaluation calls and 191 matrix exponentiations calls were made

Row and/or column partition is empty. All the data will be used by default.
Model MG94customModel assigned to Pelodiscus_sinensis
Model MG94customModel assigned to Trachemys_scripta
One branch tree supplied - hopefully this IS what you meant to do.
Rooted tree. Removing one branch - the left root child has been promoted to be the new root
Partition 0 reversible model flag computed as 1
Variable 't2.Trachemys_scripta.nonSynRate' was not initialized prior to being used
Variable 't2.Trachemys_scripta.synRate' was not initialized prior to being used
Auto-benchmarked an optimal number (4) of threads.
Set GUI update interval to every 5555-th LF evaluation.
Optimization settings:
	OPTIMIZATION_METHOD = 4
	OPTIMIZATION_PRECISION = 0.001
	MAXIMUM_ITERATIONS_PER_VARIABLE = 5000

Initial parameter values

t2.Trachemys_scripta.nonSynRate = 0.1
t2.Trachemys_scripta.synRate = 0.1
Optimization finished in 5 loop passes.
131 likelihood evaluation calls and 113 matrix exponentiations calls were made

Row and/or column partition is empty. All the data will be used by default.
Model MG94customModel assigned to Pelodiscus_sinensis
Model MG94customModel assigned to Chrysemys_picta
One branch tree supplied - hopefully this IS what you meant to do.
Rooted tree. Removing one branch - the left root child has been promoted to be the new root
Partition 0 reversible model flag computed as 1
Variable 't2.Chrysemys_picta.nonSynRate' was not initialized prior to being used
Variable 't2.Chrysemys_picta.synRate' was not initialized prior to being used
Auto-benchmarked an optimal number (4) of threads.
Set GUI update interval to every 5681-th LF evaluation.
Optimization settings:
	OPTIMIZATION_METHOD = 4
	OPTIMIZATION_PRECISION = 0.001
	MAXIMUM_ITERATIONS_PER_VARIABLE = 5000

Initial parameter values

t2.Chrysemys_picta.nonSynRate = 0.1
t2.Chrysemys_picta.synRate = 0.1
Optimization finished in 7 loop passes.
166 likelihood evaluation calls and 149 matrix exponentiations calls were made

Row and/or column partition is empty. All the data will be used by default.
Model MG94customModel assigned to Pelodiscus_sinensis
Model MG94customModel assigned to Terrapene_carolina
One branch tree supplied - hopefully this IS what you meant to do.
Rooted tree. Removing one branch - the left root child has been promoted to be the new root
Partition 0 reversible model flag computed as 1
Variable 't2.Terrapene_carolina.synRate' was not initialized prior to being used
Variable 't2.Terrapene_carolina.nonSynRate' was not initialized prior to being used
Auto-benchmarked an optimal number (1) of threads.
Set GUI update interval to every 4000-th LF evaluation.
Optimization settings:
	OPTIMIZATION_METHOD = 4
	OPTIMIZATION_PRECISION = 0.001
	MAXIMUM_ITERATIONS_PER_VARIABLE = 5000

Initial parameter values

t2.Terrapene_carolina.synRate = 0.1
t2.Terrapene_carolina.nonSynRate = 0.1
Optimization finished in 5 loop passes.
194 likelihood evaluation calls and 179 matrix exponentiations calls were made

Row and/or column partition is empty. All the data will be used by default.
Model MG94customModel assigned to Pelodiscus_sinensis
Model MG94customModel assigned to Mauremys_reevesii
One branch tree supplied - hopefully this IS what you meant to do.
Rooted tree. Removing one branch - the left root child has been promoted to be the new root
Partition 0 reversible model flag computed as 1
Variable 't2.Mauremys_reevesii.nonSynRate' was not initialized prior to being used
Variable 't2.Mauremys_reevesii.synRate' was not initialized prior to being used
Auto-benchmarked an optimal number (4) of threads.
Set GUI update interval to every 5747-th LF evaluation.
Optimization settings:
	OPTIMIZATION_METHOD = 4
	OPTIMIZATION_PRECISION = 0.001
	MAXIMUM_ITERATIONS_PER_VARIABLE = 5000

Initial parameter values

t2.Mauremys_reevesii.nonSynRate = 0.1
t2.Mauremys_reevesii.synRate = 0.1
Optimization finished in 6 loop passes.
142 likelihood evaluation calls and 127 matrix exponentiations calls were made

Row and/or column partition is empty. All the data will be used by default.
Model MG94customModel assigned to Pelodiscus_sinensis
Model MG94customModel assigned to Gopherus_evgoodei
One branch tree supplied - hopefully this IS what you meant to do.
Rooted tree. Removing one branch - the left root child has been promoted to be the new root
Partition 0 reversible model flag computed as 1
Variable 't2.Gopherus_evgoodei.nonSynRate' was not initialized prior to being used
Variable 't2.Gopherus_evgoodei.synRate' was not initialized prior to being used
Auto-benchmarked an optimal number (3) of threads.
Set GUI update interval to every 5617-th LF evaluation.
Optimization settings:
	OPTIMIZATION_METHOD = 4
	OPTIMIZATION_PRECISION = 0.001
	MAXIMUM_ITERATIONS_PER_VARIABLE = 5000

Initial parameter values

t2.Gopherus_evgoodei.nonSynRate = 0.1
t2.Gopherus_evgoodei.synRate = 0.1
Optimization finished in 3 loop passes.
100 likelihood evaluation calls and 90 matrix exponentiations calls were made

Row and/or column partition is empty. All the data will be used by default.
Model MG94customModel assigned to Pelodiscus_sinensis
Model MG94customModel assigned to Chelonoidis_abingdonii
One branch tree supplied - hopefully this IS what you meant to do.
Rooted tree. Removing one branch - the left root child has been promoted to be the new root
Partition 0 reversible model flag computed as 1
Variable 't2.Chelonoidis_abingdonii.nonSynRate' was not initialized prior to being used
Variable 't2.Chelonoidis_abingdonii.synRate' was not initialized prior to being used
Auto-benchmarked an optimal number (4) of threads.
Set GUI update interval to every 5813-th LF evaluation.
Optimization settings:
	OPTIMIZATION_METHOD = 4
	OPTIMIZATION_PRECISION = 0.001
	MAXIMUM_ITERATIONS_PER_VARIABLE = 5000

Initial parameter values

t2.Chelonoidis_abingdonii.nonSynRate = 0.1
t2.Chelonoidis_abingdonii.synRate = 0.1
Optimization finished in 7 loop passes.
117 likelihood evaluation calls and 106 matrix exponentiations calls were made

Row and/or column partition is empty. All the data will be used by default.
Model MG94customModel assigned to Pelodiscus_sinensis
Model MG94customModel assigned to Chelonia_mydas
One branch tree supplied - hopefully this IS what you meant to do.
Rooted tree. Removing one branch - the left root child has been promoted to be the new root
Partition 0 reversible model flag computed as 1
Variable 't2.Chelonia_mydas.nonSynRate' was not initialized prior to being used
Variable 't2.Chelonia_mydas.synRate' was not initialized prior to being used
Auto-benchmarked an optimal number (3) of threads.
Set GUI update interval to every 5747-th LF evaluation.
Optimization settings:
	OPTIMIZATION_METHOD = 4
	OPTIMIZATION_PRECISION = 0.001
	MAXIMUM_ITERATIONS_PER_VARIABLE = 5000

Initial parameter values

t2.Chelonia_mydas.nonSynRate = 0.1
t2.Chelonia_mydas.synRate = 0.1
Optimization finished in 6 loop passes.
220 likelihood evaluation calls and 203 matrix exponentiations calls were made

Row and/or column partition is empty. All the data will be used by default.
Model MG94customModel assigned to Trachemys_scripta
Model MG94customModel assigned to Chrysemys_picta
One branch tree supplied - hopefully this IS what you meant to do.
Rooted tree. Removing one branch - the left root child has been promoted to be the new root
Partition 0 reversible model flag computed as 1
Variable 't2.Chrysemys_picta.nonSynRate' was not initialized prior to being used
Variable 't2.Chrysemys_picta.synRate' was not initialized prior to being used
Auto-benchmarked an optimal number (3) of threads.
Set GUI update interval to every 5681-th LF evaluation.
Optimization settings:
	OPTIMIZATION_METHOD = 4
	OPTIMIZATION_PRECISION = 0.001
	MAXIMUM_ITERATIONS_PER_VARIABLE = 5000

Initial parameter values

t2.Chrysemys_picta.nonSynRate = 0.1
t2.Chrysemys_picta.synRate = 0.1
Optimization finished in 5 loop passes.
159 likelihood evaluation calls and 143 matrix exponentiations calls were made

Row and/or column partition is empty. All the data will be used by default.
Model MG94customModel assigned to Trachemys_scripta
Model MG94customModel assigned to Terrapene_carolina
One branch tree supplied - hopefully this IS what you meant to do.
Rooted tree. Removing one branch - the left root child has been promoted to be the new root
Partition 0 reversible model flag computed as 1
Variable 't2.Terrapene_carolina.nonSynRate' was not initialized prior to being used
Variable 't2.Terrapene_carolina.synRate' was not initialized prior to being used
Auto-benchmarked an optimal number (3) of threads.
Set GUI update interval to every 5681-th LF evaluation.
Optimization settings:
	OPTIMIZATION_METHOD = 4
	OPTIMIZATION_PRECISION = 0.001
	MAXIMUM_ITERATIONS_PER_VARIABLE = 5000

Initial parameter values

t2.Terrapene_carolina.nonSynRate = 0.1
t2.Terrapene_carolina.synRate = 0.1
Optimization finished in 7 loop passes.
132 likelihood evaluation calls and 123 matrix exponentiations calls were made

Row and/or column partition is empty. All the data will be used by default.
Model MG94customModel assigned to Trachemys_scripta
Model MG94customModel assigned to Mauremys_reevesii
One branch tree supplied - hopefully this IS what you meant to do.
Rooted tree. Removing one branch - the left root child has been promoted to be the new root
Partition 0 reversible model flag computed as 1
Variable 't2.Mauremys_reevesii.nonSynRate' was not initialized prior to being used
Variable 't2.Mauremys_reevesii.synRate' was not initialized prior to being used
Auto-benchmarked an optimal number (2) of threads.
Set GUI update interval to every 5102-th LF evaluation.
Optimization settings:
	OPTIMIZATION_METHOD = 4
	OPTIMIZATION_PRECISION = 0.001
	MAXIMUM_ITERATIONS_PER_VARIABLE = 5000

Initial parameter values

t2.Mauremys_reevesii.nonSynRate = 0.1
t2.Mauremys_reevesii.synRate = 0.1
Optimization finished in 7 loop passes.
94 likelihood evaluation calls and 85 matrix exponentiations calls were made

Row and/or column partition is empty. All the data will be used by default.
Model MG94customModel assigned to Trachemys_scripta
Model MG94customModel assigned to Gopherus_evgoodei
One branch tree supplied - hopefully this IS what you meant to do.
Rooted tree. Removing one branch - the left root child has been promoted to be the new root
Partition 0 reversible model flag computed as 1
Variable 't2.Gopherus_evgoodei.nonSynRate' was not initialized prior to being used
Variable 't2.Gopherus_evgoodei.synRate' was not initialized prior to being used
Auto-benchmarked an optimal number (4) of threads.
Set GUI update interval to every 5681-th LF evaluation.
Optimization settings:
	OPTIMIZATION_METHOD = 4
	OPTIMIZATION_PRECISION = 0.001
	MAXIMUM_ITERATIONS_PER_VARIABLE = 5000

Initial parameter values

t2.Gopherus_evgoodei.nonSynRate = 0.1
t2.Gopherus_evgoodei.synRate = 0.1
Optimization finished in 5 loop passes.
183 likelihood evaluation calls and 163 matrix exponentiations calls were made

Row and/or column partition is empty. All the data will be used by default.
Model MG94customModel assigned to Trachemys_scripta
Model MG94customModel assigned to Chelonoidis_abingdonii
One branch tree supplied - hopefully this IS what you meant to do.
Rooted tree. Removing one branch - the left root child has been promoted to be the new root
Partition 0 reversible model flag computed as 1
Variable 't2.Chelonoidis_abingdonii.nonSynRate' was not initialized prior to being used
Variable 't2.Chelonoidis_abingdonii.synRate' was not initialized prior to being used
Auto-benchmarked an optimal number (4) of threads.
Set GUI update interval to every 5882-th LF evaluation.
Optimization settings:
	OPTIMIZATION_METHOD = 4
	OPTIMIZATION_PRECISION = 0.001
	MAXIMUM_ITERATIONS_PER_VARIABLE = 5000

Initial parameter values

t2.Chelonoidis_abingdonii.nonSynRate = 0.1
t2.Chelonoidis_abingdonii.synRate = 0.1
Optimization finished in 6 loop passes.
171 likelihood evaluation calls and 154 matrix exponentiations calls were made

Row and/or column partition is empty. All the data will be used by default.
Model MG94customModel assigned to Trachemys_scripta
Model MG94customModel assigned to Chelonia_mydas
One branch tree supplied - hopefully this IS what you meant to do.
Rooted tree. Removing one branch - the left root child has been promoted to be the new root
Partition 0 reversible model flag computed as 1
Variable 't2.Chelonia_mydas.nonSynRate' was not initialized prior to being used
Variable 't2.Chelonia_mydas.synRate' was not initialized prior to being used
Auto-benchmarked an optimal number (5) of threads.
Set GUI update interval to every 5813-th LF evaluation.
Optimization settings:
	OPTIMIZATION_METHOD = 4
	OPTIMIZATION_PRECISION = 0.001
	MAXIMUM_ITERATIONS_PER_VARIABLE = 5000

Initial parameter values

t2.Chelonia_mydas.nonSynRate = 0.1
t2.Chelonia_mydas.synRate = 0.1
Optimization finished in 7 loop passes.
147 likelihood evaluation calls and 137 matrix exponentiations calls were made

Row and/or column partition is empty. All the data will be used by default.
Model MG94customModel assigned to Chrysemys_picta
Model MG94customModel assigned to Terrapene_carolina
One branch tree supplied - hopefully this IS what you meant to do.
Rooted tree. Removing one branch - the left root child has been promoted to be the new root
Partition 0 reversible model flag computed as 1
Variable 't2.Terrapene_carolina.nonSynRate' was not initialized prior to being used
Variable 't2.Terrapene_carolina.synRate' was not initialized prior to being used
Auto-benchmarked an optimal number (4) of threads.
Set GUI update interval to every 5813-th LF evaluation.
Optimization settings:
	OPTIMIZATION_METHOD = 4
	OPTIMIZATION_PRECISION = 0.001
	MAXIMUM_ITERATIONS_PER_VARIABLE = 5000

Initial parameter values

t2.Terrapene_carolina.nonSynRate = 0.1
t2.Terrapene_carolina.synRate = 0.1
Optimization finished in 7 loop passes.
165 likelihood evaluation calls and 149 matrix exponentiations calls were made

Row and/or column partition is empty. All the data will be used by default.
Model MG94customModel assigned to Chrysemys_picta
Model MG94customModel assigned to Mauremys_reevesii
One branch tree supplied - hopefully this IS what you meant to do.
Rooted tree. Removing one branch - the left root child has been promoted to be the new root
Partition 0 reversible model flag computed as 1
Variable 't2.Mauremys_reevesii.nonSynRate' was not initialized prior to being used
Variable 't2.Mauremys_reevesii.synRate' was not initialized prior to being used
Auto-benchmarked an optimal number (4) of threads.
Set GUI update interval to every 5747-th LF evaluation.
Optimization settings:
	OPTIMIZATION_METHOD = 4
	OPTIMIZATION_PRECISION = 0.001
	MAXIMUM_ITERATIONS_PER_VARIABLE = 5000

Initial parameter values

t2.Mauremys_reevesii.nonSynRate = 0.1
t2.Mauremys_reevesii.synRate = 0.1
Optimization finished in 6 loop passes.
98 likelihood evaluation calls and 88 matrix exponentiations calls were made

Row and/or column partition is empty. All the data will be used by default.
Model MG94customModel assigned to Chrysemys_picta
Model MG94customModel assigned to Gopherus_evgoodei
One branch tree supplied - hopefully this IS what you meant to do.
Rooted tree. Removing one branch - the left root child has been promoted to be the new root
Partition 0 reversible model flag computed as 1
Variable 't2.Gopherus_evgoodei.nonSynRate' was not initialized prior to being used
Variable 't2.Gopherus_evgoodei.synRate' was not initialized prior to being used
Auto-benchmarked an optimal number (3) of threads.
Set GUI update interval to every 5747-th LF evaluation.
Optimization settings:
	OPTIMIZATION_METHOD = 4
	OPTIMIZATION_PRECISION = 0.001
	MAXIMUM_ITERATIONS_PER_VARIABLE = 5000

Initial parameter values

t2.Gopherus_evgoodei.nonSynRate = 0.1
t2.Gopherus_evgoodei.synRate = 0.1
Optimization finished in 5 loop passes.
200 likelihood evaluation calls and 186 matrix exponentiations calls were made

Row and/or column partition is empty. All the data will be used by default.
Model MG94customModel assigned to Chrysemys_picta
Model MG94customModel assigned to Chelonoidis_abingdonii
One branch tree supplied - hopefully this IS what you meant to do.
Rooted tree. Removing one branch - the left root child has been promoted to be the new root
Partition 0 reversible model flag computed as 1
Variable 't2.Chelonoidis_abingdonii.nonSynRate' was not initialized prior to being used
Variable 't2.Chelonoidis_abingdonii.synRate' was not initialized prior to being used
Auto-benchmarked an optimal number (3) of threads.
Set GUI update interval to every 5681-th LF evaluation.
Optimization settings:
	OPTIMIZATION_METHOD = 4
	OPTIMIZATION_PRECISION = 0.001
	MAXIMUM_ITERATIONS_PER_VARIABLE = 5000

Initial parameter values

t2.Chelonoidis_abingdonii.nonSynRate = 0.1
t2.Chelonoidis_abingdonii.synRate = 0.1
Optimization finished in 6 loop passes.
163 likelihood evaluation calls and 146 matrix exponentiations calls were made

Row and/or column partition is empty. All the data will be used by default.
Model MG94customModel assigned to Chrysemys_picta
Model MG94customModel assigned to Chelonia_mydas
One branch tree supplied - hopefully this IS what you meant to do.
Rooted tree. Removing one branch - the left root child has been promoted to be the new root
Partition 0 reversible model flag computed as 1
Variable 't2.Chelonia_mydas.nonSynRate' was not initialized prior to being used
Variable 't2.Chelonia_mydas.synRate' was not initialized prior to being used
Auto-benchmarked an optimal number (4) of threads.
Set GUI update interval to every 5617-th LF evaluation.
Optimization settings:
	OPTIMIZATION_METHOD = 4
	OPTIMIZATION_PRECISION = 0.001
	MAXIMUM_ITERATIONS_PER_VARIABLE = 5000

Initial parameter values

t2.Chelonia_mydas.nonSynRate = 0.1
t2.Chelonia_mydas.synRate = 0.1
Optimization finished in 5 loop passes.
149 likelihood evaluation calls and 127 matrix exponentiations calls were made

Row and/or column partition is empty. All the data will be used by default.
Model MG94customModel assigned to Terrapene_carolina
Model MG94customModel assigned to Mauremys_reevesii
One branch tree supplied - hopefully this IS what you meant to do.
Rooted tree. Removing one branch - the left root child has been promoted to be the new root
Partition 0 reversible model flag computed as 1
Variable 't2.Mauremys_reevesii.nonSynRate' was not initialized prior to being used
Variable 't2.Mauremys_reevesii.synRate' was not initialized prior to being used
Auto-benchmarked an optimal number (2) of threads.
Set GUI update interval to every 5263-th LF evaluation.
Optimization settings:
	OPTIMIZATION_METHOD = 4
	OPTIMIZATION_PRECISION = 0.001
	MAXIMUM_ITERATIONS_PER_VARIABLE = 5000

Initial parameter values

t2.Mauremys_reevesii.nonSynRate = 0.1
t2.Mauremys_reevesii.synRate = 0.1
Optimization finished in 8 loop passes.
218 likelihood evaluation calls and 192 matrix exponentiations calls were made

Row and/or column partition is empty. All the data will be used by default.
Model MG94customModel assigned to Terrapene_carolina
Model MG94customModel assigned to Gopherus_evgoodei
One branch tree supplied - hopefully this IS what you meant to do.
Rooted tree. Removing one branch - the left root child has been promoted to be the new root
Partition 0 reversible model flag computed as 1
Variable 't2.Gopherus_evgoodei.nonSynRate' was not initialized prior to being used
Variable 't2.Gopherus_evgoodei.synRate' was not initialized prior to being used
Auto-benchmarked an optimal number (4) of threads.
Set GUI update interval to every 5813-th LF evaluation.
Optimization settings:
	OPTIMIZATION_METHOD = 4
	OPTIMIZATION_PRECISION = 0.001
	MAXIMUM_ITERATIONS_PER_VARIABLE = 5000

Initial parameter values

t2.Gopherus_evgoodei.nonSynRate = 0.1
t2.Gopherus_evgoodei.synRate = 0.1
Optimization finished in 6 loop passes.
160 likelihood evaluation calls and 136 matrix exponentiations calls were made

Row and/or column partition is empty. All the data will be used by default.
Model MG94customModel assigned to Terrapene_carolina
Model MG94customModel assigned to Chelonoidis_abingdonii
One branch tree supplied - hopefully this IS what you meant to do.
Rooted tree. Removing one branch - the left root child has been promoted to be the new root
Partition 0 reversible model flag computed as 1
Variable 't2.Chelonoidis_abingdonii.nonSynRate' was not initialized prior to being used
Variable 't2.Chelonoidis_abingdonii.synRate' was not initialized prior to being used
Auto-benchmarked an optimal number (4) of threads.
Set GUI update interval to every 5813-th LF evaluation.
Optimization settings:
	OPTIMIZATION_METHOD = 4
	OPTIMIZATION_PRECISION = 0.001
	MAXIMUM_ITERATIONS_PER_VARIABLE = 5000

Initial parameter values

t2.Chelonoidis_abingdonii.nonSynRate = 0.1
t2.Chelonoidis_abingdonii.synRate = 0.1
Optimization finished in 7 loop passes.
135 likelihood evaluation calls and 124 matrix exponentiations calls were made

Row and/or column partition is empty. All the data will be used by default.
Model MG94customModel assigned to Terrapene_carolina
Model MG94customModel assigned to Chelonia_mydas
One branch tree supplied - hopefully this IS what you meant to do.
Rooted tree. Removing one branch - the left root child has been promoted to be the new root
Partition 0 reversible model flag computed as 1
Variable 't2.Chelonia_mydas.nonSynRate' was not initialized prior to being used
Variable 't2.Chelonia_mydas.synRate' was not initialized prior to being used
Auto-benchmarked an optimal number (4) of threads.
Set GUI update interval to every 5813-th LF evaluation.
Optimization settings:
	OPTIMIZATION_METHOD = 4
	OPTIMIZATION_PRECISION = 0.001
	MAXIMUM_ITERATIONS_PER_VARIABLE = 5000

Initial parameter values

t2.Chelonia_mydas.nonSynRate = 0.1
t2.Chelonia_mydas.synRate = 0.1
Optimization finished in 6 loop passes.
171 likelihood evaluation calls and 154 matrix exponentiations calls were made

Row and/or column partition is empty. All the data will be used by default.
Model MG94customModel assigned to Mauremys_reevesii
Model MG94customModel assigned to Gopherus_evgoodei
One branch tree supplied - hopefully this IS what you meant to do.
Rooted tree. Removing one branch - the left root child has been promoted to be the new root
Partition 0 reversible model flag computed as 1
Variable 't2.Gopherus_evgoodei.nonSynRate' was not initialized prior to being used
Variable 't2.Gopherus_evgoodei.synRate' was not initialized prior to being used
Auto-benchmarked an optimal number (5) of threads.
Set GUI update interval to every 5813-th LF evaluation.
Optimization settings:
	OPTIMIZATION_METHOD = 4
	OPTIMIZATION_PRECISION = 0.001
	MAXIMUM_ITERATIONS_PER_VARIABLE = 5000

Initial parameter values

t2.Gopherus_evgoodei.nonSynRate = 0.1
t2.Gopherus_evgoodei.synRate = 0.1
Optimization finished in 5 loop passes.
157 likelihood evaluation calls and 140 matrix exponentiations calls were made

Row and/or column partition is empty. All the data will be used by default.
Model MG94customModel assigned to Mauremys_reevesii
Model MG94customModel assigned to Chelonoidis_abingdonii
One branch tree supplied - hopefully this IS what you meant to do.
Rooted tree. Removing one branch - the left root child has been promoted to be the new root
Partition 0 reversible model flag computed as 1
Variable 't2.Chelonoidis_abingdonii.nonSynRate' was not initialized prior to being used
Variable 't2.Chelonoidis_abingdonii.synRate' was not initialized prior to being used
Auto-benchmarked an optimal number (3) of threads.
Set GUI update interval to every 5681-th LF evaluation.
Optimization settings:
	OPTIMIZATION_METHOD = 4
	OPTIMIZATION_PRECISION = 0.001
	MAXIMUM_ITERATIONS_PER_VARIABLE = 5000

Initial parameter values

t2.Chelonoidis_abingdonii.nonSynRate = 0.1
t2.Chelonoidis_abingdonii.synRate = 0.1
Optimization finished in 6 loop passes.
173 likelihood evaluation calls and 155 matrix exponentiations calls were made

Row and/or column partition is empty. All the data will be used by default.
Model MG94customModel assigned to Mauremys_reevesii
Model MG94customModel assigned to Chelonia_mydas
One branch tree supplied - hopefully this IS what you meant to do.
Rooted tree. Removing one branch - the left root child has been promoted to be the new root
Partition 0 reversible model flag computed as 1
Variable 't2.Chelonia_mydas.nonSynRate' was not initialized prior to being used
Variable 't2.Chelonia_mydas.synRate' was not initialized prior to being used
Auto-benchmarked an optimal number (5) of threads.
Set GUI update interval to every 5747-th LF evaluation.
Optimization settings:
	OPTIMIZATION_METHOD = 4
	OPTIMIZATION_PRECISION = 0.001
	MAXIMUM_ITERATIONS_PER_VARIABLE = 5000

Initial parameter values

t2.Chelonia_mydas.nonSynRate = 0.1
t2.Chelonia_mydas.synRate = 0.1
Optimization finished in 7 loop passes.
137 likelihood evaluation calls and 127 matrix exponentiations calls were made

Row and/or column partition is empty. All the data will be used by default.
Model MG94customModel assigned to Gopherus_evgoodei
Model MG94customModel assigned to Chelonoidis_abingdonii
One branch tree supplied - hopefully this IS what you meant to do.
Rooted tree. Removing one branch - the left root child has been promoted to be the new root
Partition 0 reversible model flag computed as 1
Variable 't2.Chelonoidis_abingdonii.nonSynRate' was not initialized prior to being used
Variable 't2.Chelonoidis_abingdonii.synRate' was not initialized prior to being used
Auto-benchmarked an optimal number (4) of threads.
Set GUI update interval to every 5747-th LF evaluation.
Optimization settings:
	OPTIMIZATION_METHOD = 4
	OPTIMIZATION_PRECISION = 0.001
	MAXIMUM_ITERATIONS_PER_VARIABLE = 5000

Initial parameter values

t2.Chelonoidis_abingdonii.nonSynRate = 0.1
t2.Chelonoidis_abingdonii.synRate = 0.1
Optimization finished in 5 loop passes.
109 likelihood evaluation calls and 100 matrix exponentiations calls were made

Row and/or column partition is empty. All the data will be used by default.
Model MG94customModel assigned to Gopherus_evgoodei
Model MG94customModel assigned to Chelonia_mydas
One branch tree supplied - hopefully this IS what you meant to do.
Rooted tree. Removing one branch - the left root child has been promoted to be the new root
Partition 0 reversible model flag computed as 1
Variable 't2.Chelonia_mydas.nonSynRate' was not initialized prior to being used
Variable 't2.Chelonia_mydas.synRate' was not initialized prior to being used
Auto-benchmarked an optimal number (3) of threads.
Set GUI update interval to every 5747-th LF evaluation.
Optimization settings:
	OPTIMIZATION_METHOD = 4
	OPTIMIZATION_PRECISION = 0.001
	MAXIMUM_ITERATIONS_PER_VARIABLE = 5000

Initial parameter values

t2.Chelonia_mydas.nonSynRate = 0.1
t2.Chelonia_mydas.synRate = 0.1
Optimization finished in 8 loop passes.
144 likelihood evaluation calls and 129 matrix exponentiations calls were made

Row and/or column partition is empty. All the data will be used by default.
Model MG94customModel assigned to Chelonoidis_abingdonii
Model MG94customModel assigned to Chelonia_mydas
One branch tree supplied - hopefully this IS what you meant to do.
Rooted tree. Removing one branch - the left root child has been promoted to be the new root
Partition 0 reversible model flag computed as 1
Auto-benchmarked an optimal number (1) of threads.
Set GUI update interval to every 730-th LF evaluation.
Optimization settings:
	OPTIMIZATION_METHOD = 4
	OPTIMIZATION_PRECISION = 0.001
	MAXIMUM_ITERATIONS_PER_VARIABLE = 5000

Initial parameter values

t2.Chelonia_mydas.nonSynRate = 0.1
t2.Chelonia_mydas.synRate = 0.1
Optimization finished in 7 loop passes.
132 likelihood evaluation calls and 120 matrix exponentiations calls were made
