
Loaded 'libv3/all-terms.bf' from /usr/local/lib/hyphy/TemplateBatchFiles/libv3/all-terms.bf
Loaded 'libv3/UtilityFunctions.bf' from /usr/local/lib/hyphy/TemplateBatchFiles/libv3/UtilityFunctions.bf
Loaded 'IOFunctions.bf' from /usr/local/lib/hyphy/TemplateBatchFiles/libv3/IOFunctions.bf
Already loaded 'libv3/UtilityFunctions.bf' from /usr/local/lib/hyphy/TemplateBatchFiles/libv3/UtilityFunctions.bf
Loaded 'convenience/regexp.bf' from /usr/local/lib/hyphy/TemplateBatchFiles/libv3/convenience/regexp.bf
Already loaded 'libv3/all-terms.bf' from /usr/local/lib/hyphy/TemplateBatchFiles/libv3/all-terms.bf
Already loaded 'libv3/IOFunctions.bf' from /usr/local/lib/hyphy/TemplateBatchFiles/libv3/IOFunctions.bf
Loaded 'libv3/tasks/estimators.bf' from /usr/local/lib/hyphy/TemplateBatchFiles/libv3/tasks/estimators.bf
Loaded '../models/model_functions.bf' from /usr/local/lib/hyphy/TemplateBatchFiles/libv3/models/model_functions.bf
Loaded 'DNA.bf' from /usr/local/lib/hyphy/TemplateBatchFiles/libv3/models/DNA.bf
Loaded 'frequencies.bf' from /usr/local/lib/hyphy/TemplateBatchFiles/libv3/models/frequencies.bf
Already loaded '../all-terms.bf' from /usr/local/lib/hyphy/TemplateBatchFiles/libv3/all-terms.bf
Loaded 'parameters.bf' from /usr/local/lib/hyphy/TemplateBatchFiles/libv3/models/parameters.bf
Loaded 'GrabBag' from /usr/local/lib/hyphy/TemplateBatchFiles/Utility/GrabBag.bf
Overwritten previously defined function:'_sortStringsAux'
Already loaded 'libv3/all-terms.bf' from /usr/local/lib/hyphy/TemplateBatchFiles/libv3/all-terms.bf
Already loaded '../UtilityFunctions.bf' from /usr/local/lib/hyphy/TemplateBatchFiles/libv3/UtilityFunctions.bf
Already loaded 'model_functions.bf' from /usr/local/lib/hyphy/TemplateBatchFiles/libv3/models/model_functions.bf
Already loaded 'libv3/all-terms.bf' from /usr/local/lib/hyphy/TemplateBatchFiles/libv3/all-terms.bf
Already loaded 'parameters.bf' from /usr/local/lib/hyphy/TemplateBatchFiles/libv3/models/parameters.bf
Already loaded 'frequencies.bf' from /usr/local/lib/hyphy/TemplateBatchFiles/libv3/models/frequencies.bf
Already loaded '../UtilityFunctions.bf' from /usr/local/lib/hyphy/TemplateBatchFiles/libv3/UtilityFunctions.bf
Already loaded '../convenience/regexp.bf' from /usr/local/lib/hyphy/TemplateBatchFiles/libv3/convenience/regexp.bf
Loaded '../models/DNA/GTR.bf' from /usr/local/lib/hyphy/TemplateBatchFiles/libv3/models/DNA/GTR.bf
Already loaded '../DNA.bf' from /usr/local/lib/hyphy/TemplateBatchFiles/libv3/models/DNA.bf
Already loaded '../parameters.bf' from /usr/local/lib/hyphy/TemplateBatchFiles/libv3/models/parameters.bf
Already loaded '../frequencies.bf' from /usr/local/lib/hyphy/TemplateBatchFiles/libv3/models/frequencies.bf
Already loaded '../../UtilityFunctions.bf' from /usr/local/lib/hyphy/TemplateBatchFiles/libv3/UtilityFunctions.bf
Already loaded 'libv3/all-terms.bf' from /usr/local/lib/hyphy/TemplateBatchFiles/libv3/all-terms.bf
Already loaded '../convenience/regexp.bf' from /usr/local/lib/hyphy/TemplateBatchFiles/libv3/convenience/regexp.bf
Already loaded 'libv3/all-terms.bf' from /usr/local/lib/hyphy/TemplateBatchFiles/libv3/all-terms.bf
Loaded 'libv3/tasks/alignments.bf' from /usr/local/lib/hyphy/TemplateBatchFiles/libv3/tasks/alignments.bf
Already loaded '../IOFunctions.bf' from /usr/local/lib/hyphy/TemplateBatchFiles/libv3/IOFunctions.bf
Already loaded '../all-terms.bf' from /usr/local/lib/hyphy/TemplateBatchFiles/libv3/all-terms.bf
Loaded 'libv3/models/codon.bf' from /usr/local/lib/hyphy/TemplateBatchFiles/libv3/models/codon.bf
Loaded '../tasks/genetic_code.bf' from /usr/local/lib/hyphy/TemplateBatchFiles/libv3/tasks/genetic_code.bf
Loaded 'libv3/convenience/matrix.bf' from /usr/local/lib/hyphy/TemplateBatchFiles/libv3/convenience/matrix.bf
Already loaded 'libv3/UtilityFunctions.bf' from /usr/local/lib/hyphy/TemplateBatchFiles/libv3/UtilityFunctions.bf
Already loaded 'libv3/all-terms.bf' from /usr/local/lib/hyphy/TemplateBatchFiles/libv3/all-terms.bf
Already loaded '../UtilityFunctions.bf' from /usr/local/lib/hyphy/TemplateBatchFiles/libv3/UtilityFunctions.bf
Loaded 'libv3/tasks/trees.bf' from /usr/local/lib/hyphy/TemplateBatchFiles/libv3/tasks/trees.bf
Already loaded '../IOFunctions.bf' from /usr/local/lib/hyphy/TemplateBatchFiles/libv3/IOFunctions.bf
Already loaded '../all-terms.bf' from /usr/local/lib/hyphy/TemplateBatchFiles/libv3/all-terms.bf
Already loaded '../convenience/regexp.bf' from /usr/local/lib/hyphy/TemplateBatchFiles/libv3/convenience/regexp.bf
Already loaded '../UtilityFunctions.bf' from /usr/local/lib/hyphy/TemplateBatchFiles/libv3/UtilityFunctions.bf
Loaded 'TreeTools' from /usr/local/lib/hyphy/TemplateBatchFiles/TreeTools.ibf
Already loaded 'libv3/tasks/genetic_code.bf' from /usr/local/lib/hyphy/TemplateBatchFiles/libv3/tasks/genetic_code.bf
Loaded 'modules/io_functions.ibf' from /usr/local/lib/hyphy/TemplateBatchFiles/SelectionAnalyses/modules/io_functions.ibf
Already loaded 'libv3/UtilityFunctions.bf' from /usr/local/lib/hyphy/TemplateBatchFiles/libv3/UtilityFunctions.bf
Already loaded 'libv3/IOFunctions.bf' from /usr/local/lib/hyphy/TemplateBatchFiles/libv3/IOFunctions.bf
Already loaded 'libv3/convenience/regexp.bf' from /usr/local/lib/hyphy/TemplateBatchFiles/libv3/convenience/regexp.bf
Already loaded 'libv3/all-terms.bf' from /usr/local/lib/hyphy/TemplateBatchFiles/libv3/all-terms.bf
Loaded 'modules/selection_lib.ibf' from /usr/local/lib/hyphy/TemplateBatchFiles/SelectionAnalyses/modules/selection_lib.ibf
Loaded 'libv3/models/codon/BS_REL.bf' from /usr/local/lib/hyphy/TemplateBatchFiles/libv3/models/codon/BS_REL.bf
Already loaded '../codon.bf' from /usr/local/lib/hyphy/TemplateBatchFiles/libv3/models/codon.bf
Already loaded '../DNA.bf' from /usr/local/lib/hyphy/TemplateBatchFiles/libv3/models/DNA.bf
Already loaded '../parameters.bf' from /usr/local/lib/hyphy/TemplateBatchFiles/libv3/models/parameters.bf
Already loaded '../frequencies.bf' from /usr/local/lib/hyphy/TemplateBatchFiles/libv3/models/frequencies.bf
Already loaded '../../UtilityFunctions.bf' from /usr/local/lib/hyphy/TemplateBatchFiles/libv3/UtilityFunctions.bf
Loaded 'MG_REV.bf' from /usr/local/lib/hyphy/TemplateBatchFiles/libv3/models/codon/MG_REV.bf
Already loaded '../codon.bf' from /usr/local/lib/hyphy/TemplateBatchFiles/libv3/models/codon.bf
Already loaded '../DNA.bf' from /usr/local/lib/hyphy/TemplateBatchFiles/libv3/models/DNA.bf
Already loaded '../parameters.bf' from /usr/local/lib/hyphy/TemplateBatchFiles/libv3/models/parameters.bf
Already loaded '../frequencies.bf' from /usr/local/lib/hyphy/TemplateBatchFiles/libv3/models/frequencies.bf
Already loaded '../../UtilityFunctions.bf' from /usr/local/lib/hyphy/TemplateBatchFiles/libv3/UtilityFunctions.bf
Loaded '../../convenience/math.bf' from /usr/local/lib/hyphy/TemplateBatchFiles/libv3/convenience/math.bf
Already loaded 'libv3/UtilityFunctions.bf' from /usr/local/lib/hyphy/TemplateBatchFiles/libv3/UtilityFunctions.bf
Already loaded 'libv3/convenience/math.bf' from /usr/local/lib/hyphy/TemplateBatchFiles/libv3/convenience/math.bf
Variable 'NORMALIZE_SEQUENCE_NAMES' was not initialized prior to being used
Loaded 'modules/shared-load-file.bf' from /usr/local/lib/hyphy/TemplateBatchFiles/SelectionAnalyses/modules/shared-load-file.bf
Variable 'MARKDOWN_OUTPUT' was not initialized prior to being used
Already loaded 'libv3/convenience/matrix.bf' from /usr/local/lib/hyphy/TemplateBatchFiles/libv3/convenience/matrix.bf
Already loaded 'libv3/UtilityFunctions.bf' from /usr/local/lib/hyphy/TemplateBatchFiles/libv3/UtilityFunctions.bf
Variable 'pWRJlJIo.skipCodeSelectionStep' was not initialized prior to being used
Row and/or column partition is empty. All the data will be used by default.
Variable 'NEXUS_FILE_TREE_MATRIX' was not initialized prior to being used
Variable 'utility.ToggleEnvVariable.cache' was not initialized prior to being used
Variable 'TREE_NODE_NAME_MAPPING' was not initialized prior to being used
Variable 'iQRlqllZ.PROMPT_FOR_FILE' was not initialized prior to being used
Variable 'END_OF_FILE' was not initialized prior to being used
Variable '_DO_TREE_REBALANCE_' was not initialized prior to being used
Variable '_KEEP_I_LABELS_' was not initialized prior to being used
Variable 'INCLUDE_MODEL_SPECS' was not initialized prior to being used
Variable 'utility.ForEachPair.warn_non_rentrant' was not initialized prior to being used
Row and/or column partition is empty. All the data will be used by default.
Row and/or column partition is empty. All the data will be used by default.
Variable 'ZLqMygaB.cache' was not initialized prior to being used
Row and/or column partition is empty. All the data will be used by default.
Variable 'COUNT_GAPS_IN_FREQUENCIES' was not initialized prior to being used
Variable 'DyyzpurZ.model_pi' was not initialized prior to being used
Model DyyzpurZ.model assigned to Leptosomus_discolor
Model DyyzpurZ.model assigned to Colius_striatus
Model DyyzpurZ.model assigned to Node2
Model DyyzpurZ.model assigned to Tyto_alba
Model DyyzpurZ.model assigned to Node1
Model DyyzpurZ.model assigned to Haliaeetus_leucocephalus
Model DyyzpurZ.model assigned to Aquila_chrysaetos
Model DyyzpurZ.model assigned to Node6
Model DyyzpurZ.model assigned to Corvus_brachyrhynchos
Model DyyzpurZ.model assigned to Falco_peregrinus
Model DyyzpurZ.model assigned to Falco_tinnunculus
Model DyyzpurZ.model assigned to Node11
Model DyyzpurZ.model assigned to Node9
The tips of the tree:DyyzpurZ.tree_0 were matched with the species names from the data in the following numeric order (0-based) {6,7,5,4,3,0,1,2}

Pseudo-optimal path's cost 1008 vs 1676 for 1..k=> a 1.6627 x improvement
Partition 0 reversible model flag computed as 1
Variable 'USE_LAST_RESULTS' was not initialized prior to being used
Variable 'DyyzpurZ.tree_0.Leptosomus_discolor.t' was not initialized prior to being used
models.generic.SetBranchLength: DyyzpurZ.tree_0.Leptosomus_discolor.t=180.1316890917454
Variable 'DyyzpurZ.tree_0.Colius_striatus.t' was not initialized prior to being used
models.generic.SetBranchLength: DyyzpurZ.tree_0.Colius_striatus.t=180.1316890917454
Variable 'DyyzpurZ.tree_0.Node2.t' was not initialized prior to being used
models.generic.SetBranchLength: DyyzpurZ.tree_0.Node2.t=7.02246169999888
Variable 'DyyzpurZ.tree_0.Tyto_alba.t' was not initialized prior to being used
models.generic.SetBranchLength: DyyzpurZ.tree_0.Tyto_alba.t=184.889205544683
Variable 'DyyzpurZ.tree_0.Node1.t' was not initialized prior to being used
models.generic.SetBranchLength: DyyzpurZ.tree_0.Node1.t=5.294100445659325
Variable 'DyyzpurZ.tree_0.Haliaeetus_leucocephalus.t' was not initialized prior to being used
models.generic.SetBranchLength: DyyzpurZ.tree_0.Haliaeetus_leucocephalus.t=77.79615219483188
Variable 'DyyzpurZ.tree_0.Aquila_chrysaetos.t' was not initialized prior to being used
models.generic.SetBranchLength: DyyzpurZ.tree_0.Aquila_chrysaetos.t=77.79615219483188
Variable 'DyyzpurZ.tree_0.Node6.t' was not initialized prior to being used
models.generic.SetBranchLength: DyyzpurZ.tree_0.Node6.t=114.6520990425717
Variable 'DyyzpurZ.tree_0.Corvus_brachyrhynchos.t' was not initialized prior to being used
models.generic.SetBranchLength: DyyzpurZ.tree_0.Corvus_brachyrhynchos.t=180.5009902781387
Variable 'DyyzpurZ.tree_0.Falco_peregrinus.t' was not initialized prior to being used
models.generic.SetBranchLength: DyyzpurZ.tree_0.Falco_peregrinus.t=19.02328813882642
Variable 'DyyzpurZ.tree_0.Falco_tinnunculus.t' was not initialized prior to being used
models.generic.SetBranchLength: DyyzpurZ.tree_0.Falco_tinnunculus.t=19.02328813882642
Variable 'DyyzpurZ.tree_0.Node11.t' was not initialized prior to being used
models.generic.SetBranchLength: DyyzpurZ.tree_0.Node11.t=161.4777021393123
Variable 'DyyzpurZ.tree_0.Node9.t' was not initialized prior to being used
models.generic.SetBranchLength: DyyzpurZ.tree_0.Node9.t=11.94726095926482
Variable 'DyyzpurZ.DyyzpurZ.likelihoodFunction' was not initialized prior to being used
Variable 'SAVE_OPT_STATUS_TO' was not initialized prior to being used
Auto-benchmarked an optimal number (1) of threads.
Set GUI update interval to every 3875-th LF evaluation.
Optimization settings:
	OPTIMIZATION_METHOD = 4
	OPTIMIZATION_PRECISION = 0.001
	MAXIMUM_ITERATIONS_PER_VARIABLE = 5000

Initial parameter values

DyyzpurZ.model.theta_GT = 0.25
DyyzpurZ.model.theta_CT = 1
DyyzpurZ.model.theta_AC = 0.25
DyyzpurZ.model.theta_CG = 0.25
DyyzpurZ.model.theta_AT = 0.25
DyyzpurZ.tree_0.Leptosomus_discolor.t = 180.132
DyyzpurZ.tree_0.Colius_striatus.t = 180.132
DyyzpurZ.tree_0.Node2.t = 7.02246
DyyzpurZ.tree_0.Tyto_alba.t = 184.889
DyyzpurZ.tree_0.Node1.t = 5.2941
DyyzpurZ.tree_0.Haliaeetus_leucocephalus.t = 77.7962
DyyzpurZ.tree_0.Aquila_chrysaetos.t = 77.7962
DyyzpurZ.tree_0.Node6.t = 114.652
DyyzpurZ.tree_0.Corvus_brachyrhynchos.t = 180.501
DyyzpurZ.tree_0.Falco_peregrinus.t = 19.0233
DyyzpurZ.tree_0.Falco_tinnunculus.t = 19.0233
DyyzpurZ.tree_0.Node11.t = 161.478
DyyzpurZ.tree_0.Node9.t = 11.9473
Optimization finished in 24 loop passes.
1397 likelihood evaluation calls and 7897 matrix exponentiations calls were made

Variable 'BRANCH_LENGTH_STENCIL' was not initialized prior to being used
Variable 'DyyzpurZ.option' was not initialized prior to being used
Variable 'busted.terms.json.nucleotide_gtr' was not initialized prior to being used
Variable 'Unknown' was not initialized prior to being used
Variable 'xWPIhEAN.initial_value' was not initialized prior to being used
Variable 'RnNTfmGs.data_filter' was not initialized prior to being used
Row and/or column partition is empty. All the data will be used by default.
Auto-benchmarked an optimal number (3) of threads.
Set GUI update interval to every 2857-th LF evaluation.
Optimization settings:
	OPTIMIZATION_METHOD = 4
	OPTIMIZATION_PRECISION = 0.001
	MAXIMUM_ITERATIONS_PER_VARIABLE = 5000

Initial parameter values

frequencies._aux.CF3x4.p0_0 = 0.349432
frequencies._aux.CF3x4.p0_1 = 0.262009
frequencies._aux.CF3x4.p0_2 = 0.493343
frequencies._aux.CF3x4.p1_0 = 0.254261
frequencies._aux.CF3x4.p1_1 = 0.306667
frequencies._aux.CF3x4.p1_2 = 0.267857
frequencies._aux.CF3x4.p2_0 = 0.256037
frequencies._aux.CF3x4.p2_1 = 0.3179
frequencies._aux.CF3x4.p2_2 = 0.392582
Optimization finished in 4 loop passes.
169 likelihood evaluation calls and 0 matrix exponentiations calls were made

Variable 'RnNTfmGs.model_MGREV_pi' was not initialized prior to being used
Model RnNTfmGs.model_MGREV assigned to Leptosomus_discolor
Model RnNTfmGs.model_MGREV assigned to Colius_striatus
Model RnNTfmGs.model_MGREV assigned to Node2
Model RnNTfmGs.model_MGREV assigned to Tyto_alba
Model RnNTfmGs.model_MGREV assigned to Node1
Model RnNTfmGs.model_MGREV assigned to Haliaeetus_leucocephalus
Model RnNTfmGs.model_MGREV assigned to Aquila_chrysaetos
Model RnNTfmGs.model_MGREV assigned to Node6
Model RnNTfmGs.model_MGREV assigned to Corvus_brachyrhynchos
Model RnNTfmGs.model_MGREV assigned to Falco_peregrinus
Model RnNTfmGs.model_MGREV assigned to Falco_tinnunculus
Model RnNTfmGs.model_MGREV assigned to Node11
Model RnNTfmGs.model_MGREV assigned to Node9
The tips of the tree:RnNTfmGs.tree_0 were matched with the species names from the data in the following numeric order (0-based) {6,7,5,4,3,0,1,2}

Pseudo-optimal path's cost 2287 vs 3239 for 1..k=> a 1.41627 x improvement
Partition 0 reversible model flag computed as 1
Variable 'RnNTfmGs.RnNTfmGs.likelihoodFunction' was not initialized prior to being used
Variable 'RnNTfmGs.tree_0.Leptosomus_discolor.alpha' was not initialized prior to being used
Variable 'RnNTfmGs.tree_0.Colius_striatus.alpha' was not initialized prior to being used
Variable 'RnNTfmGs.tree_0.Node2.alpha' was not initialized prior to being used
Variable 'RnNTfmGs.tree_0.Tyto_alba.alpha' was not initialized prior to being used
Variable 'RnNTfmGs.tree_0.Node1.alpha' was not initialized prior to being used
Variable 'RnNTfmGs.tree_0.Haliaeetus_leucocephalus.alpha' was not initialized prior to being used
Variable 'RnNTfmGs.tree_0.Aquila_chrysaetos.alpha' was not initialized prior to being used
Variable 'RnNTfmGs.tree_0.Node6.alpha' was not initialized prior to being used
Variable 'RnNTfmGs.tree_0.Corvus_brachyrhynchos.alpha' was not initialized prior to being used
Variable 'RnNTfmGs.tree_0.Falco_peregrinus.alpha' was not initialized prior to being used
Variable 'RnNTfmGs.tree_0.Falco_tinnunculus.alpha' was not initialized prior to being used
Variable 'RnNTfmGs.tree_0.Node11.alpha' was not initialized prior to being used
Variable 'RnNTfmGs.tree_0.Node9.alpha' was not initialized prior to being used
Site 21 evaluated to a 0 probability in ComputeTreeBlockByBranch
Site 21 evaluated to a 0 probability in ComputeTreeBlockByBranch
Site 229 evaluated to a 0 probability in ComputeTreeBlockByBranch
Auto-benchmarked an optimal number (1) of threads.
Set GUI update interval to every 102-th LF evaluation.
Initial guess for RnNTfmGs.tree_0.Node2.alpha is -1.49115e-06
Initial guess for RnNTfmGs.tree_0.Leptosomus_discolor.alpha is 2.12798e-05
Initial guess for RnNTfmGs.tree_0.Colius_striatus.alpha is 5.22597e-05
Initial guess for RnNTfmGs.tree_0.Tyto_alba.alpha is 1.81447e-05
Initial guess for RnNTfmGs.tree_0.Node6.alpha is -2.3018e-06
Initial guess for RnNTfmGs.tree_0.Haliaeetus_leucocephalus.alpha is 4.54603e-06
Initial guess for RnNTfmGs.tree_0.Aquila_chrysaetos.alpha is 5.01946e-06
Initial guess for RnNTfmGs.tree_0.Node9.alpha is 1.39167e-05
Initial guess for RnNTfmGs.tree_0.Corvus_brachyrhynchos.alpha is 8.03662e-05
Initial guess for RnNTfmGs.tree_0.Node11.alpha is 1.00921e-06
Initial guess for RnNTfmGs.tree_0.Falco_peregrinus.alpha is 2.83978e-06
Initial guess for RnNTfmGs.tree_0.Falco_tinnunculus.alpha is 1.94294e-06
Optimization settings:
	OPTIMIZATION_METHOD = 4
	OPTIMIZATION_PRECISION = 0.001
	MAXIMUM_ITERATIONS_PER_VARIABLE = 5000

Initial parameter values

RnNTfmGs.model_MGREV.theta_GT = 1
RnNTfmGs.model_MGREV.theta_CT = 1
RnNTfmGs.model_MGREV.theta_CG = 1
RnNTfmGs.model_MGREV.theta_AC = 1
RnNTfmGs.model_MGREV.theta_AT = 1
RnNTfmGs.model_MGREV.omega_0 = 1
RnNTfmGs.tree_0.Leptosomus_discolor.alpha = 2.12798e-05
RnNTfmGs.tree_0.Colius_striatus.alpha = 5.22597e-05
RnNTfmGs.tree_0.Node2.alpha = 0
RnNTfmGs.tree_0.Tyto_alba.alpha = 1.81447e-05
RnNTfmGs.tree_0.Node1.alpha = 0.1
RnNTfmGs.tree_0.Haliaeetus_leucocephalus.alpha = 4.54603e-06
RnNTfmGs.tree_0.Aquila_chrysaetos.alpha = 5.01946e-06
RnNTfmGs.tree_0.Node6.alpha = 0
RnNTfmGs.tree_0.Corvus_brachyrhynchos.alpha = 8.03662e-05
RnNTfmGs.tree_0.Falco_peregrinus.alpha = 2.83978e-06
RnNTfmGs.tree_0.Falco_tinnunculus.alpha = 1.94294e-06
RnNTfmGs.tree_0.Node11.alpha = 1.00921e-06
RnNTfmGs.tree_0.Node9.alpha = 1.39167e-05
RnNTfmGs.model_MGREV.omega_1 = 1
Failing bound checks on RnNTfmGs.tree_0.Node6.beta =         10000.32030877995
Optimization finished in 22 loop passes.
1376 likelihood evaluation calls and 7754 matrix exponentiations calls were made

Row and/or column partition is empty. All the data will be used by default.
Auto-benchmarked an optimal number (3) of threads.
Set GUI update interval to every 2941-th LF evaluation.
Optimization settings:
	OPTIMIZATION_METHOD = 4
	OPTIMIZATION_PRECISION = 0.001
	MAXIMUM_ITERATIONS_PER_VARIABLE = 5000

Initial parameter values

frequencies._aux.CF3x4.p0_0 = 0.349432
frequencies._aux.CF3x4.p0_1 = 0.262009
frequencies._aux.CF3x4.p0_2 = 0.493343
frequencies._aux.CF3x4.p1_0 = 0.254261
frequencies._aux.CF3x4.p1_1 = 0.306667
frequencies._aux.CF3x4.p1_2 = 0.267857
frequencies._aux.CF3x4.p2_0 = 0.256037
frequencies._aux.CF3x4.p2_1 = 0.3179
frequencies._aux.CF3x4.p2_2 = 0.392582
Optimization finished in 4 loop passes.
169 likelihood evaluation calls and 0 matrix exponentiations calls were made

Variable 'RnNTfmGs.model_MGREV_pi' was not initialized prior to being used
Model RnNTfmGs.model_MGREV assigned to Leptosomus_discolor
Model RnNTfmGs.model_MGREV assigned to Colius_striatus
Model RnNTfmGs.model_MGREV assigned to Node2
Model RnNTfmGs.model_MGREV assigned to Tyto_alba
Model RnNTfmGs.model_MGREV assigned to Node1
Model RnNTfmGs.model_MGREV assigned to Haliaeetus_leucocephalus
Model RnNTfmGs.model_MGREV assigned to Aquila_chrysaetos
Model RnNTfmGs.model_MGREV assigned to Node6
Model RnNTfmGs.model_MGREV assigned to Corvus_brachyrhynchos
Model RnNTfmGs.model_MGREV assigned to Falco_peregrinus
Model RnNTfmGs.model_MGREV assigned to Falco_tinnunculus
Model RnNTfmGs.model_MGREV assigned to Node11
Model RnNTfmGs.model_MGREV assigned to Node9
The tips of the tree:RnNTfmGs.tree_0 were matched with the species names from the data in the following numeric order (0-based) {6,7,5,4,3,0,1,2}

Pseudo-optimal path's cost 2287 vs 3239 for 1..k=> a 1.41627 x improvement
Partition 0 reversible model flag computed as 1
Variable 'RnNTfmGs.tree_0.Falco_tinnunculus.alpha' was not initialized prior to being used
Variable 'RnNTfmGs.tree_0.Falco_peregrinus.alpha' was not initialized prior to being used
Variable 'RnNTfmGs.tree_0.Node11.alpha' was not initialized prior to being used
Variable 'RnNTfmGs.tree_0.Node2.alpha' was not initialized prior to being used
Variable 'RnNTfmGs.tree_0.Corvus_brachyrhynchos.alpha' was not initialized prior to being used
Variable 'RnNTfmGs.tree_0.Node6.alpha' was not initialized prior to being used
Variable 'RnNTfmGs.tree_0.Aquila_chrysaetos.alpha' was not initialized prior to being used
Variable 'RnNTfmGs.tree_0.Haliaeetus_leucocephalus.alpha' was not initialized prior to being used
Variable 'RnNTfmGs.tree_0.Node1.alpha' was not initialized prior to being used
Variable 'RnNTfmGs.tree_0.Tyto_alba.alpha' was not initialized prior to being used
Variable 'RnNTfmGs.tree_0.Colius_striatus.alpha' was not initialized prior to being used
Variable 'RnNTfmGs.tree_0.Leptosomus_discolor.alpha' was not initialized prior to being used
Variable 'RnNTfmGs.tree_0.Node9.alpha' was not initialized prior to being used
Site 21 evaluated to a 0 probability in ComputeTreeBlockByBranch
Site 21 evaluated to a 0 probability in ComputeTreeBlockByBranch
Site 229 evaluated to a 0 probability in ComputeTreeBlockByBranch
Site 21 evaluated to a 0 probability in ComputeTreeBlockByBranch
Site 163 evaluated to a 0 probability in ComputeTreeBlockByBranch
Site 156 evaluated to a 0 probability in ComputeTreeBlockByBranch
Site 21 evaluated to a 0 probability in ComputeTreeBlockByBranch
Site 229 evaluated to a 0 probability in ComputeTreeBlockByBranch
Site 247 evaluated to a 0 probability in ComputeTreeBlockByBranch
Site 158 evaluated to a 0 probability in ComputeTreeBlockByBranch
Auto-benchmarked an optimal number (3) of threads.
Set GUI update interval to every 106-th LF evaluation.
Initial guess for RnNTfmGs.tree_0.Node2.alpha is -1.49115e-06
Initial guess for RnNTfmGs.tree_0.Leptosomus_discolor.alpha is 2.12798e-05
Initial guess for RnNTfmGs.tree_0.Colius_striatus.alpha is 5.22597e-05
Initial guess for RnNTfmGs.tree_0.Tyto_alba.alpha is 1.81447e-05
Initial guess for RnNTfmGs.tree_0.Node6.alpha is -2.3018e-06
Initial guess for RnNTfmGs.tree_0.Haliaeetus_leucocephalus.alpha is 4.54603e-06
Initial guess for RnNTfmGs.tree_0.Aquila_chrysaetos.alpha is 5.01946e-06
Initial guess for RnNTfmGs.tree_0.Node9.alpha is 1.39167e-05
Initial guess for RnNTfmGs.tree_0.Corvus_brachyrhynchos.alpha is 8.03662e-05
Initial guess for RnNTfmGs.tree_0.Node11.alpha is 1.00921e-06
Initial guess for RnNTfmGs.tree_0.Falco_peregrinus.alpha is 2.83978e-06
Initial guess for RnNTfmGs.tree_0.Falco_tinnunculus.alpha is 1.94294e-06
Optimization settings:
	OPTIMIZATION_METHOD = 4
	OPTIMIZATION_PRECISION = 0.001
	MAXIMUM_ITERATIONS_PER_VARIABLE = 5000

Initial parameter values

RnNTfmGs.model_MGREV.theta_CG = 1
RnNTfmGs.model_MGREV.theta_CT = 1
RnNTfmGs.model_MGREV.theta_GT = 1
RnNTfmGs.model_MGREV.theta_AT = 1
RnNTfmGs.model_MGREV.theta_AC = 1
RnNTfmGs.model_MGREV.omega_0 = 1
RnNTfmGs.tree_0.Leptosomus_discolor.alpha = 2.12798e-05
RnNTfmGs.tree_0.Colius_striatus.alpha = 5.22597e-05
RnNTfmGs.tree_0.Node2.alpha = 0
RnNTfmGs.tree_0.Tyto_alba.alpha = 1.81447e-05
RnNTfmGs.tree_0.Node1.alpha = 0.1
RnNTfmGs.tree_0.Haliaeetus_leucocephalus.alpha = 4.54603e-06
RnNTfmGs.tree_0.Aquila_chrysaetos.alpha = 5.01946e-06
RnNTfmGs.tree_0.Node6.alpha = 0
RnNTfmGs.tree_0.Corvus_brachyrhynchos.alpha = 8.03662e-05
RnNTfmGs.tree_0.Falco_peregrinus.alpha = 2.83978e-06
RnNTfmGs.tree_0.Falco_tinnunculus.alpha = 1.94294e-06
RnNTfmGs.tree_0.Node11.alpha = 1.00921e-06
RnNTfmGs.tree_0.Node9.alpha = 1.39167e-05
RnNTfmGs.model_MGREV.omega_1 = 1
Failing bound checks on RnNTfmGs.tree_0.Node6.beta =         10000.32030877995
Optimization finished in 26 loop passes.
1612 likelihood evaluation calls and 9117 matrix exponentiations calls were made

Overwritten previously defined function:'XUlVuIUh.rate_generator'
Overwritten previously defined function:'XUlVuIUh.rate_generator'
Auto-benchmarked an optimal number (2) of threads.
Set GUI update interval to every 2857-th LF evaluation.
Optimization settings:
	OPTIMIZATION_METHOD = 4
	OPTIMIZATION_PRECISION = 0.001
	MAXIMUM_ITERATIONS_PER_VARIABLE = 5000

Initial parameter values

frequencies._aux.CF3x4.p0_0 = 0.349432
frequencies._aux.CF3x4.p0_1 = 0.262009
frequencies._aux.CF3x4.p0_2 = 0.493343
frequencies._aux.CF3x4.p1_0 = 0.254261
frequencies._aux.CF3x4.p1_1 = 0.306667
frequencies._aux.CF3x4.p1_2 = 0.267857
frequencies._aux.CF3x4.p2_0 = 0.256037
frequencies._aux.CF3x4.p2_1 = 0.3179
frequencies._aux.CF3x4.p2_2 = 0.392582
Optimization finished in 4 loop passes.
168 likelihood evaluation calls and 0 matrix exponentiations calls were made

Variable 'busted.test_pi' was not initialized prior to being used
Overwritten previously defined function:'XUlVuIUh.rate_generator'
Overwritten previously defined function:'XUlVuIUh.rate_generator'
Overwritten previously defined function:'XUlVuIUh.rate_generator'
Auto-benchmarked an optimal number (2) of threads.
Set GUI update interval to every 2824-th LF evaluation.
Optimization settings:
	OPTIMIZATION_METHOD = 4
	OPTIMIZATION_PRECISION = 0.001
	MAXIMUM_ITERATIONS_PER_VARIABLE = 5000

Initial parameter values

frequencies._aux.CF3x4.p0_0 = 0.349432
frequencies._aux.CF3x4.p0_1 = 0.262009
frequencies._aux.CF3x4.p0_2 = 0.493343
frequencies._aux.CF3x4.p1_0 = 0.254261
frequencies._aux.CF3x4.p1_1 = 0.306667
frequencies._aux.CF3x4.p1_2 = 0.267857
frequencies._aux.CF3x4.p2_0 = 0.256037
frequencies._aux.CF3x4.p2_1 = 0.3179
frequencies._aux.CF3x4.p2_2 = 0.392582
Optimization finished in 4 loop passes.
168 likelihood evaluation calls and 0 matrix exponentiations calls were made

Variable 'busted.background_pi' was not initialized prior to being used
Variable 'ASSUME_REVERSIBLE_MODELS' was not initialized prior to being used
No nodel was assigned to Leptosomus_discolor
No nodel was assigned to Colius_striatus
No nodel was assigned to Node2
No nodel was assigned to Tyto_alba
No nodel was assigned to Node1
No nodel was assigned to Haliaeetus_leucocephalus
No nodel was assigned to Aquila_chrysaetos
No nodel was assigned to Node6
No nodel was assigned to Corvus_brachyrhynchos
No nodel was assigned to Falco_peregrinus
No nodel was assigned to Falco_tinnunculus
No nodel was assigned to Node11
No nodel was assigned to Node9
The tips of the tree:swhVHnmW.tree_id_0 were matched with the species names from the data in the following numeric order (0-based) {6,7,5,4,3,0,1,2}

Pseudo-optimal path's cost 2287 vs 3239 for 1..k=> a 1.41627 x improvement
Partition 0 is ASSUMED to have a reversible model
busted.background.theta_AC was already constrained in estimators.SetGlobals2
busted.background.theta_AG was already constrained in estimators.SetGlobals2
busted.background.theta_AT was already constrained in estimators.SetGlobals2
busted.background.theta_CG was already constrained in estimators.SetGlobals2
busted.background.theta_CT was already constrained in estimators.SetGlobals2
busted.background.theta_GT was already constrained in estimators.SetGlobals2
busted.test.theta_AG was already constrained in estimators.SetGlobals2
Variable 'swhVHnmW.tree_id_0.Leptosomus_discolor.t' was not initialized prior to being used
models.generic.SetBranchLength: swhVHnmW.tree_id_0.Leptosomus_discolor.t=0.3313284703385693
Variable 'swhVHnmW.tree_id_0.Colius_striatus.t' was not initialized prior to being used
models.generic.SetBranchLength: swhVHnmW.tree_id_0.Colius_striatus.t=0.9278805563911873
Variable 'swhVHnmW.tree_id_0.Node2.t' was not initialized prior to being used
models.generic.SetBranchLength: swhVHnmW.tree_id_0.Node2.t=0
Variable 'swhVHnmW.tree_id_0.Tyto_alba.t' was not initialized prior to being used
models.generic.SetBranchLength: swhVHnmW.tree_id_0.Tyto_alba.t=0.2886229225476115
Variable 'swhVHnmW.tree_id_0.Node1.t' was not initialized prior to being used
models.generic.SetBranchLength: swhVHnmW.tree_id_0.Node1.t=0
Variable 'swhVHnmW.tree_id_0.Haliaeetus_leucocephalus.t' was not initialized prior to being used
models.generic.SetBranchLength: swhVHnmW.tree_id_0.Haliaeetus_leucocephalus.t=0.07425750118639272
Variable 'swhVHnmW.tree_id_0.Aquila_chrysaetos.t' was not initialized prior to being used
models.generic.SetBranchLength: swhVHnmW.tree_id_0.Aquila_chrysaetos.t=0.07096216728268787
Variable 'swhVHnmW.tree_id_0.Node6.t' was not initialized prior to being used
models.generic.SetBranchLength: swhVHnmW.tree_id_0.Node6.t=0.2214248715712433
Variable 'swhVHnmW.tree_id_0.Corvus_brachyrhynchos.t' was not initialized prior to being used
models.generic.SetBranchLength: swhVHnmW.tree_id_0.Corvus_brachyrhynchos.t=0.8880328672156836
Variable 'swhVHnmW.tree_id_0.Falco_peregrinus.t' was not initialized prior to being used
models.generic.SetBranchLength: swhVHnmW.tree_id_0.Falco_peregrinus.t=0.04321387687072756
Variable 'swhVHnmW.tree_id_0.Falco_tinnunculus.t' was not initialized prior to being used
models.generic.SetBranchLength: swhVHnmW.tree_id_0.Falco_tinnunculus.t=0.02748267511275643
Variable 'swhVHnmW.tree_id_0.Node11.t' was not initialized prior to being used
models.generic.SetBranchLength: swhVHnmW.tree_id_0.Node11.t=0.5420583375295044
Variable 'swhVHnmW.tree_id_0.Node9.t' was not initialized prior to being used
models.generic.SetBranchLength: swhVHnmW.tree_id_0.Node9.t=0.3617457304538736
Variable 'swhVHnmW.swhVHnmW.likelihoodFunction' was not initialized prior to being used
Auto-benchmarked an optimal number (4) of threads.
Set GUI update interval to every 2-th LF evaluation.
Optimization settings:
	OPTIMIZATION_METHOD = 4
	OPTIMIZATION_PRECISION = 0.001
	MAXIMUM_ITERATIONS_PER_VARIABLE = 5000

Initial parameter values

busted.test.theta_GT = 0.221385
busted.test.theta_CT = 0.877427
busted.test.theta_AC = 0.278836
busted.test.theta_CG = 0.325496
busted.test.theta_AT = 0.183246
busted.background.omega3 = 9.52381
busted.background.omega2 = 0.238095
busted.background.omega1 = 0
busted.background.bsrel_mixture_aux_1 = 0.666667
busted.test.bsrel_mixture_aux_0 = 0.7
busted.background.bsrel_mixture_aux_0 = 0.7
busted.test.omega1 = 0
busted.test.bsrel_mixture_aux_1 = 0.666667
busted.test.omega3 = 9.52381
busted.test.omega2 = 0.238095
swhVHnmW.tree_id_0.Leptosomus_discolor.t = 0.331328
swhVHnmW.tree_id_0.Colius_striatus.t = 0.927881
swhVHnmW.tree_id_0.Node2.t = 0
swhVHnmW.tree_id_0.Tyto_alba.t = 0.288623
swhVHnmW.tree_id_0.Node1.t = 0
swhVHnmW.tree_id_0.Haliaeetus_leucocephalus.t = 0.0742575
swhVHnmW.tree_id_0.Aquila_chrysaetos.t = 0.0709622
swhVHnmW.tree_id_0.Node6.t = 0.221425
swhVHnmW.tree_id_0.Corvus_brachyrhynchos.t = 0.888033
swhVHnmW.tree_id_0.Falco_peregrinus.t = 0.0432139
swhVHnmW.tree_id_0.Falco_tinnunculus.t = 0.0274827
swhVHnmW.tree_id_0.Node11.t = 0.542058
swhVHnmW.tree_id_0.Node9.t = 0.361746
Optimization finished in 39 loop passes.
4174 likelihood evaluation calls and 87990 matrix exponentiations calls were made

Variable 'AuZWvvZw.swhVHnmW.likelihoodFunction' was not initialized prior to being used
Auto-benchmarked an optimal number (6) of threads.
Set GUI update interval to every 4-th LF evaluation.
Optimization settings:
	OPTIMIZATION_METHOD = 4
	OPTIMIZATION_PRECISION = 0.001
	MAXIMUM_ITERATIONS_PER_VARIABLE = 5000

Initial parameter values

busted.test.theta_GT = 0.202674
busted.test.theta_CT = 0.829781
busted.test.theta_AC = 0.240718
busted.test.theta_CG = 0.285023
busted.test.theta_AT = 0.150272
busted.background.omega3 = 1.6396
busted.background.omega1 = 0.16613
busted.background.bsrel_mixture_aux_1 = 0.696989
busted.background.omega2 = 0.282512
busted.background.bsrel_mixture_aux_0 = 0.763222
busted.test.bsrel_mixture_aux_0 = 0.822292
busted.test.omega1 = 0.718387
busted.test.omega2 = 1
busted.test.bsrel_mixture_aux_1 = 0.89977
swhVHnmW.tree_id_0.Leptosomus_discolor.t = 0.22892
swhVHnmW.tree_id_0.Colius_striatus.t = 0.678018
swhVHnmW.tree_id_0.Node2.t = 0
swhVHnmW.tree_id_0.Tyto_alba.t = 0.219376
swhVHnmW.tree_id_0.Node1.t = 0
swhVHnmW.tree_id_0.Haliaeetus_leucocephalus.t = 0.051127
swhVHnmW.tree_id_0.Aquila_chrysaetos.t = 0.052043
swhVHnmW.tree_id_0.Node6.t = 0.171669
swhVHnmW.tree_id_0.Corvus_brachyrhynchos.t = 0.478673
swhVHnmW.tree_id_0.Falco_peregrinus.t = 0.0315522
swhVHnmW.tree_id_0.Falco_tinnunculus.t = 0.0189387
swhVHnmW.tree_id_0.Node11.t = 0.189031
swhVHnmW.tree_id_0.Node9.t = 0
Optimization finished in 33 loop passes.
3021 likelihood evaluation calls and 62025 matrix exponentiations calls were made

Variable 'USE_JSON_FOR_MATRIX' was not initialized prior to being used