
Before deleting alignment gaps
      8   1050

Oriolus_oriolus                 ATG GCA ACT ACA GAT ACT GCT AAC TTT TAT TAC AGC TTC TCT ATC ACT GAT CCT TAC GAA AAC CAA AAT GAG AAT TTT CAT NNN TTT ATA GGA GTC TTC NNN TTG CCC TGT ATG TAT TTT GTT GTT TTC ATC CTT GGC ATA GCA GGA AAT GCA CTG GTC TTG GTC ATA CTA GTT TTC TAC ATG AAA CTG AAG ACG CTG ACA GAA ACT GAC NNN GTA CTT TTG CTG AAT GTA GCT ATA GCT GAC TGG GTT TTT CTT TGG ATG CTG TCA CTC TGG GCA TTT TCA GCT GCT CAG GAG TGG ACT TTA GGC ATC ATG GCA TGT TGT ATT ATA CGG GGC TGG NNN --- --- --- --- TAC ACT TCA GTG TTA ACT CTA ACT --- CTC ACC TTT GAC CAG CTT ATT GCT GTT ACT TTT GCC ACC AAA GCA CAC ATG NNN CAA ACC AAA CGA ATG ACA TGG GAC AAA CTA ATC TCT GTC TTG ATC TGG ATG ATC TCA CAA GCA TTT GCT GCA TCA CAG TAT --- TTT TGG GAG GTG NNN AAT TTT GAC AAG GCA GTA TGT CAG GAA GAA TAC TCA AAC CAT AGC ACG GTA CTG GTT CTT GAA GTG ATC CAA GTG ACC CTT GCT TAT TTT GTT CCC NNN CTA GCC ATG ATC ATC TGC TAC TCA CTA ATT ATT AGA ACC TTA TTG TGT GCT AGA AGT CGT CCA AAG AAC AAA TCT ATA NNN AAA ATA TTT TCT GTA GCT GTC CTG TTT ATT CTT ACC CAG ATA CCC TAT ACT TTC TTC AGA TTG ATT AAG ATC ATA GAC TGG AAC TTT AAA TTG AAC AGC AGC TTT GAA AAT GCA ATT ATC ATA ACA AAA GCT CTT GCT TAT TTT TAT GGC TGT CTT AAG CCT --- NNN TAT TTC TTC ATG GGA ATG AAA ATC AGG AAG NNN CTA NNN CAC AAA ATT ATT AAA AAA TCA AGA TGT GCC AAA TGG CAA GTT --- --- NNN CAG TGG CAA ACC ATT GAA GAG GAA GAC TCA NNN ACT TTT ACT GCT TCA TTT AGT GCA GAT GCC ACA GGC AGG TGC GCA CTG 
Aquila_chrysaetos               ATG GCA ACT ACA GAT GCT GCC AAC TTT TAT TAT AAC TTC TCC ATC ATT GAT CCC AAC GAA AAT GGA AGT GAG AAT TTT CAC ACA TTT ACA AGA GTC TTC CTG --- CCC TGT ATG TAT TCG GCT GTT TTC ATC CTT GGG CTA GCA GGA AAT GCA CTT GTC TTT GTC ATA CTA GCT TTC TAT GAG AAA CAG AAG ATG CTA ACA --- --- --- GAT ATA TTT TTG CTG AAC TTG GCT ATA GCT GAC TGG GTC TTC CTT TGG ACG CTG CCA TTC TGG GCA TAT TCT GCT GCT CAG GAG TGG ACT TTT GGC ACC ATG GCA TGT CGT ATT ATA CGA GGC TTG TAT ACT CTG AAC TTT TAC ACT TCA ATG CTA ACT CTA ACA TCT ATC ACC TTT GAC CGG CTT ATT GCT ATT ACT TTT GCG ACC AAA GCA CGT ATG TGT CAA ACC AAA CGA ATG ACA TGG GGC AAA TTA ATC TGT GTC TTG ATC TGG GTG ATC TCA CTA GCA TTT GCT GCA CCA CAG TTT ATT TTT AGT GAG GTG TTT AGT ATT GAT AAG ACA ATA TGC CAG GAA GAA TAC CCA AAC CAT CAC ACA GAA ATG GTT CTT GAA GTG ATC CAA GTG ACC CTT GGC TAT TTT ATT CCC ATG CTA GCC ATG ATC ATC TGC TAC TCA CTA ATT ATT AGA ACC TTA CTG CAT GCC AGG AGT TTT CAA AAG AAC AAA TCT CTA AAG AAA ATA TTT TCT GTA GTT GCT ATA TTT ATT CTT ACT CAG TCA CCC TAC ACT TTC TTG AGA CTG ATA AAG ATC ATA GAC TGG AGC TTT AAC CTG AAC AGC AGC TTT GAA TAT GCA ATC ATT ATA ACA GAA GCT CTT GCT TAT TTC CAC GGC TGT CTT AAT CCT GTT CTG TAT TTC TTC ATG GGG GTG AAA TTC AGG AGG AAC TTA CAG --- AAA ATT ATT AAA AAT TCA AGA TGC GTC AAA CGG CAA ATT ATA GCT AAA CAG CGG CAA ACC ACT GAA GAA GAA GGC TCT AAA ACT TTT ACT GCC TCA AAT AAT GCA GAT GCA ACA AGC ATG TAC CAG CTA 
Haliaeetus_leucocephalus        ATG GCA ACT ACA GAT ACT GCC AAC TTT TAT TAT AAC TTC TCC ATC ATT GAT CCC AAC GAA AAT GGA AGT GAG AAT TTT CAT ACA TTT ACA AGA GTC TTC CTG --- CCC TGT ATG TAT TCG GCT GTT TTC ATC CTT GGG CTA GCA GGA AAT GCA CTT GTC TTT GTC ATA CTA GCT TTC TAT GAG AAA CGG AAG ATG CTG ACA --- --- --- GAT ATA TTT TTG CTG AAC TTG GCC ATA GCT GAC TGG GTC TTC CTT TGG ACA CTG CCA TTC TGG GCA TAT TCT GCT GCT CAG GAG TGG ACT TTT GGC ACC GTG GCA TGT CGT ATT ATA CGA GGC TTG TAT ACT CTG AAC TTG TAC ACT TCA ATG CTA ACT CTA ACG TCT ATC ACC TTT GAC CGG CTT ATT GCT ATT ACT TTT GCA ACC AAA GCA CGT ATG TGT CAA ACC AAA CGA ATG ACA TGG GGC AAA TTA ATC TGT GTC TTG ATC TGG GTG ATC TCA CTA GCA TTT GCT GCA CCA CAG TTT ATT TTT AGT GAG GTG TTT AGT ATT GAT AAG ACA ATA TGC CAG GAA GAA TAC CCA AAC CAT CAC ACA GAA ATG GTT CTT GAA GTG ATC CAA GTG ACC CTT GGC TAT TTT ATT CCC ATG CTA GCC ATG ATC ATC TGC TAC TCA CTA ATT ATT AGA ACC TTA CTG CAT GCC AGG AGT TTT CAA AAG AAC AAA TCT CTA AAG AAA ATA TTT TCT GTA GTT GCC ATA TTT ATT CTT ACT CAG TCA CCC TAC ACT TTC TTG AGA CTG ATA AAG ATC ATA GAC TGG AGC TTT AAC CTG AAC AGC AGC TTT GAA TAT GCA ATC ATT ATA ACA GAA GCT CTT GCT TAT TTC CAC GGC TGT CTT AAT CCT GTT CTG TAT TTC TTC ATG GGG GTG AAA TTC AGG AGG AAC TTA CAG --- AAA ATT ATT AAA AAT TCA AGA TGC GTC AAA CGG CAA GTT ATG GTT AAA CAG TGG CAA ACC ACT GAA GAA GAA GGC TCT AAA ACT TTT ACT GCC TCC AAT AAT GCA GAT GCA ACA AGC ATG TAC CAG CTA 
Tyto_alba                       ATG GCA AAT ACA GAT GCT GCC AAC TTT TAT TAT AAC TTC TCC ATC ATT GAT CCC AAT GAA AAT GGA AGT GAG AAT TTT CAC ACA TTT ACA ACA ATC TTC CTG --- CCC TGC ATG TAC TCG GCT GTT TTC ATC CTT GGG CTA GCA GGA AAT GCC CTG GTC TTT GTC ATA CTA GTT TTC TAT GAG AAA CTG AAG ATG CTG ACA --- --- --- GAT ATA TTT TTG CTG AAC TTG GCT ATA GCT GAC TGG GTC TTC CTT TGG ACG CTG CCA TTC TGG GCA TAT TCT GCA GCT CAG GAG TGG ACT TTT GGC ACC GTG GCA TGT CGT ATT ATA CGG GGC TTG TAT ACT CTG AAC TTG TAC ACT TCA ATG TTA ACT CTA ACA TCT ATC ACC TTT GAT CGG CTT ATT GCT ATT ACT TTT GCC ACC AAA GCA CAT ATG TGT CAA ACC AAA CGA ATG ATA TGG GGC AAA TTA ATC TGT GTC TTG ATC TGG GTT ATA TCA CTA GCA TTT GCC ACA CCG CAG TTT ATT TTT AGT GAG GTG TTT AGT ATT GAT AAG GCA ATA TGT CAG GAA GAA TAC TCA AAC CAT CAC ACA GAA CTG GTT CTT GAA GTG ATC CAA GTG ACC CTT GGC TAT TTT ATT CCC ATG CTA GCC ATG ATC ATC TGC TAC TCA CTA ATT ATT AGA ACC TTA CTG CAT GCC AGG AGT TTT CAA AAG AAC AAA TCT CTG AAA AAA ATA TTT TCT GTA GTT GTT ATA TTT ATT CTT ACT CAG TCA CCC TAT ACT TTC TTG AGA CTA ATA AAG ATC ATA GAC TGG AGC TTT AAC TTG AAC AGC AGC TTT GAA TAC GCA ATC ATT GTA ACA GAA GCT CTA GCT TAT TTC CAT GGC TGT CTT AAC CCT GTT CTG TAT TTC TTC ATG GGG GTG AAA TTC AGG AGG AAC TTA CAG --- AAA ATA ATT AAA AAC TCA AGA TGC ATC AAA CGG CAA GTT GCA GCT AAA CCA TGG CAA ACC ACC GAA GAG GAA GGC TCT AAA ACT TTT TCT GCC TCA AAT AAT GCA GAT GCA ACA AGC ATG TAC CCG CTA 
Leptosomus_discolor             ATG GCA ACT TCA GAT GCC ACT AAC TTT TAT TAT AAC TTC TCC ATC ATT GAT CCC AAC GAA AAC AGA AGC GAC AAT TTT CAC ACA TTT ACA AAA GTC TTC CTG --- CCC TGT ATG TAT TTG ACT GTT TTC ATC CTT GGG CTA GCA GGA AAT GCG CTG GTC TTT GTC ATA CTA GTT TTC TAC GAG AAA CTG AAG ATG CTG ACA --- --- --- GAT ATA TTT TTG CTG AAC TTG GCT ACA GCT GAC TGG GTC TTC CTT TGG ACA CTT CCA TTC TGG GCA TAT TCT GCT GCT CAG GAG TGG ACT TTT GGC ACT GTG GCA TGT CGT ATT ATA CGG GGC TTG TAT ACT CTA AAC TTG TAC ACT TCA ATG TTA ACT CTA ACG TCT ATC ACC TTT GAC CGG CTT ATT GCT ATT ACT TTT GCC ACC AAA GCA CGT ATG TGT CAA ACC AAA CGA ATG ACA TGG GGC AAA TTA ATC TGT GTC TTG ATC TGG GTG ATC TCA CTA GCA TTT GCT GCA CCA CAG TTT ATT TTT AGT GAG GTG TTC AGT ATT GAT AAG GCA ATA TGT GAG GAA GAA TAC CCA AGC CAT CGC ACA GAA CTG GTT CTT GAG GTG ATT CAA GTG ACC CTT GGC TAT TTT ATT CCC ATG CTA GCC ATG ATC ATC TGC TAC TCA CTA ATT ATT AGA ACC TTA CTG CAC GCC AGG AGT TTT CAA AAG AAC AAA TCT CTG AAA AAG ATA TTT TCT GTA GTT GCC GTA TTT ATT CTT ACT CAG TCA CCC TAT ACT TTC TTG AGA CTG ATA AAG ATC ATA GAT TGG AGC TTT AAC TTG AAC AGC AGC TTT GAA TAT GCA ATC ATC GTA ACA GAA GCT CTT GCT TAT TTC CAT GGC TGT CTT AAC CCT GTT CTG TAT TTC TTC ATG GGG GTG AAA TTC AGG AGG AAC CTC CAG --- AAA ATT ATT AAA AAC TCA AGA TGC GTC AAA TGG CAA GTT ACG GCT AAA CAG TGG CAA CCA ACT GAA GAG GAA GGC TCT AAA ACT TTC ACT GCC TCA AAT AAT GCA GAT GCA ACA AGC ATG TAC CCA CTA 
Colius_striatus                 ATG GCA ACG ACA GAC GCA GAT AAC TTT TAT TAT AAC TTC TCC ATC GTT GAT CCA GAC GAA AAT GGA AGT GAG AAT TTT CAC ACG TTT ACA AGA GTC TTC CTG --- CCC TGT ACC TAC TCG GTT GTT TTC ATC CTG GGG CTA GCA GGA AAC ACA CTG GTC TTT GTC ATA CTG GTT TTC TAT GAG AAG CTG AAG ATG CTG ACA --- --- --- GAT ATA TTT TTG CTG AAC TTG GCT GTA GCT GAC TGG GTC TTC CTT TGG ACG CTG CCA TTC TGG GCG CAT TCG GCC GCT CAG GAG TGG GCT TTC GGC ACG GTG GCG TGT CGT GTC ATA CGG GGC TTG TAT ACG CTG AAC TTG TAC ACT TCC ATG TTA ACC CTG ACA TCT ATC ACC TTT GAC AGG CTT GTT GCT ATT ACT TTT GCC ACC AAA GCA CAC ATG TGT CAA ACC AAA CGA ACG ACG TGG GGC AAG GCA GTG TGT GTC TTG ATC TGG GTG ATC TCA CTA GGC TTT GCC ACA CCA CAG TTT ATT TTT AGT GAG GTG GTT AGC ATT GAT AAG GCG ATA TGT CAC GAA AAA TAC CCA AAC CAC GGC ACA GAA CTG GTT CTT GAA GTG ATC CAA GTG ACA CTT GGC TAT TTT ATT CCC ATG CTA GCC ATG ATC ATC TGC TAC TCA CTA ATT GTT AGA ACC TTA CTG CAC GCC AGG AAT TTC CAA AAG AAG AAA TCT CTC AAG AAA ATA TTT TCT GTA GTT GCC ATA TTT ATT CTG ACT CAG TCA CCT TAT ACT TTC CTG AGA CTC ATA AAG ATC ATA GAC TGG AGC TTT AAC TTG AAC AGC AGC TTT GAA TAT GCA ATC ATC GTA ACA GAA GCT CTC GCT TAC CTC CAC GGC TGT CTC AAC CCT ATC CTG TAT TTC TTC ATG GGG GTC AAA TTC AGG AGG AAC TTA AGG --- AAA ATT ATT AAG AGT TTA AGA TGC ATC AAA GGG AGA GTT ACA GCG AAG CAC TGG CAA ACC ACT GAA GAG GAA GGC TCT AAA ACA TTT ACT GCC TCC AAT AAC GCA GAT GCC ACA AGC ATG GAT CCG CTA 
Falco_peregrinus                ATG GCA ACT ACA GAT GCT GTT AAC TTT TAT TAT AAC TTC TCC ATC AAT GAT CCC AAT GAA AAC GGA AGT GAG AAT CTT CAC AGA TTT ACA AAT GTC TTC CTG --- CCC TGT ATG TAT TCA GCT GTT TTC ATC CTT GGG CTA GCA GGA AAT ACA CTG GTC TTT GTC ATA CTA GTT TTC TAC GAG AAA CTG AAG GTG CTG ACA --- --- --- GAT ATA TTT TTG CTG AAC TTG GCT ATA GCT GAC TGG GTC TTC CTT TGG ACG CTG CCA TTC TGG GCA TAT TCT GGT GTT CAG GAG TGG ACT TTT GGC ACT GTG GCA TGT CGT GTT ATA CGG GGC TTG TAT ACT CTG AAC TTG TAC ACT TCG ATG TTA ACT CTA ACG TCT ATC ACC TTT GAC CGG CTT ATT GCT ATT ACT TTT GCC ACA AAA GCA CAT GTG TGT CAA ACC AAA CGA ATG ACA TGG GGC AAA CTG ATC TGT GTC TTG ATC TGG GCG ATC TCA CTA GCA TTT GCT GCA CCA CAG TTT ATT TTT AGT GAG GTG TTT AGT ATT GAT AAG GCA ATA TGT CAG GAA GAA TAC CCA AAC TAT CGC ACA GAA CTA GTT CTT GAA GTG ATC CAA GTG ACC CTT GGC TAT TTT ATT CCC ATG CTA GCC ATG GTC ATC TGC TAC TCA CTA ATC ATT AGA ACC TTA CTG CAT GCC AGG AGT TTT CAA AAG AAC AAA TCT CTA AAA AAA ATA TTT TCT GTA GTT GCC ATA TTT ATT CTT ACT CAG TCA CCC TAT ACT TTC TTG AGA CTG TTA AAG ATC ATA GAT TGG AGC TTT AAC TTG AAC AGC AAC TTT GAA TAT GCA ATC ATC ATA ACA GAA GCT CTT GCT TAT TTC CAT GGC TGT CTT AAC CCT GTT CTG TAT TTC TTC ATG GGG GTG AAA TTC AGG AGG AAC TTA CGG --- AAA ATT ATT AAA AAC TCA AGA TGC ACT AAA TGG CAA GTT ACA GCT AAA CAG TGG CAA ACC ACA GAA GAG GAA GGC TCT AAA ACT TTT ACT GCC TCA AAT AAT GCA GAT GCA ACA AGC ATG TAC CCG CTA 
Falco_tinnunculus               ATG GCA ACT ACA GAT GCT GTT AAC TTT TAT TAT AAC TTC TCC ATC AAT GAT CCC AAT GAA AAT GGA AGT GAG AAT CTT CAC AGA TTT ACA AAT GTC TTC CTG --- CCC TGT ATG TAT TCA GCT GTT TTC ATC CTT GGG CTA GCA GGA AAT ACA CTG GTC TTT GTC ATA CTA GTT TTC TAC GAG AAA CTG AAG GTG CTG ACA --- --- --- GAT ATA TTT TTG CTG AAC TTG GCT ATA GCT GAC TGG GTC TTC CTT TGG ACG CTG CCA TTC TGG GCA TAT TCT GCT GTT CAG GAG TGG ACT TTT GGC ACT GTG GCA TGT CGT GTT ATA CGG GGC TTG TAT ACT CTG AAC TTG TAC ACT TCA ATG TTA ACT CTA ACG TCT ATC ACC TTT GAC CGG CTT ATT GCT ATT ACT TTT GCC ACA AAA GCA CAT GTG TGT CAA ACC AAA CGA ATG ACA TGG GGC AAA CTG ATC TGT GTC TTG ATC TGG GCG ATC TCA CTA GCA TTT GCT GCA CCA CAG TTT ATT TTT AGT GAG GTG TTT AGT ATT GAT AAG GCA ATA TGT CAG GAA GAA TAC CCA AAC TAT CGC ACA GAA CTA GTT CTT GAA GTG ATC CAA GTG ACC CTT GGC TAT TTT ATT CCC ATG CTA GCC ATG GTC ATC TGC TAC TCA CTA ATC ATT AGA ACC TTA CTG CAT GCC AGG AGT TTT CAA AAG AAC AAA TCT CTA AAA AAA ATA TTT TCT GTA GTT GCC ATA TTT ATT CTT ACT CAG TCA CCC TAT ACT TTC TTG AGA CTG TTA AAG ATC ATA GAC TGG AGC TTT AAC TTG AAC AGC AAC TTT GAA TAT GCA ATC ATC ATA ACA GAA GCT CTT GCT TAT TTC CAT GGC TGT CTT AAC CCT GTT CTG TAT TTC TTC ATG GGG GTG AAA TTC AGG AGG AAC TTA CGG --- AAA ATT GTT AAA AAC TCA AGA TGC ATT AAA TGG CAA GTT ACA GCT AAA CAG TGG CAA ACC ACA GAA GAG GAA GGC TCT AAA ACA TTT ACT GCC TCA AAT AAT GCA GAT GCA ACA AGC ATG TAC CCA CTA 



After deleting gaps. 969 sites
      8    969

Oriolus_oriolus                 ATG GCA ACT ACA GAT ACT GCT AAC TTT TAT TAC AGC TTC TCT ATC ACT GAT CCT TAC GAA AAC CAA AAT GAG AAT TTT CAT TTT ATA GGA GTC TTC CCC TGT ATG TAT TTT GTT GTT TTC ATC CTT GGC ATA GCA GGA AAT GCA CTG GTC TTG GTC ATA CTA GTT TTC TAC ATG AAA CTG AAG ACG CTG ACA GTA CTT TTG CTG AAT GTA GCT ATA GCT GAC TGG GTT TTT CTT TGG ATG CTG TCA CTC TGG GCA TTT TCA GCT GCT CAG GAG TGG ACT TTA GGC ATC ATG GCA TGT TGT ATT ATA CGG GGC TGG TAC ACT TCA GTG TTA ACT CTA ACT CTC ACC TTT GAC CAG CTT ATT GCT GTT ACT TTT GCC ACC AAA GCA CAC ATG CAA ACC AAA CGA ATG ACA TGG GAC AAA CTA ATC TCT GTC TTG ATC TGG ATG ATC TCA CAA GCA TTT GCT GCA TCA CAG TAT TTT TGG GAG GTG AAT TTT GAC AAG GCA GTA TGT CAG GAA GAA TAC TCA AAC CAT AGC ACG GTA CTG GTT CTT GAA GTG ATC CAA GTG ACC CTT GCT TAT TTT GTT CCC CTA GCC ATG ATC ATC TGC TAC TCA CTA ATT ATT AGA ACC TTA TTG TGT GCT AGA AGT CGT CCA AAG AAC AAA TCT ATA AAA ATA TTT TCT GTA GCT GTC CTG TTT ATT CTT ACC CAG ATA CCC TAT ACT TTC TTC AGA TTG ATT AAG ATC ATA GAC TGG AAC TTT AAA TTG AAC AGC AGC TTT GAA AAT GCA ATT ATC ATA ACA AAA GCT CTT GCT TAT TTT TAT GGC TGT CTT AAG CCT TAT TTC TTC ATG GGA ATG AAA ATC AGG AAG CTA AAA ATT ATT AAA AAA TCA AGA TGT GCC AAA TGG CAA GTT CAG TGG CAA ACC ATT GAA GAG GAA GAC TCA ACT TTT ACT GCT TCA TTT AGT GCA GAT GCC ACA GGC AGG TGC GCA CTG 
Aquila_chrysaetos               ATG GCA ACT ACA GAT GCT GCC AAC TTT TAT TAT AAC TTC TCC ATC ATT GAT CCC AAC GAA AAT GGA AGT GAG AAT TTT CAC TTT ACA AGA GTC TTC CCC TGT ATG TAT TCG GCT GTT TTC ATC CTT GGG CTA GCA GGA AAT GCA CTT GTC TTT GTC ATA CTA GCT TTC TAT GAG AAA CAG AAG ATG CTA ACA ATA TTT TTG CTG AAC TTG GCT ATA GCT GAC TGG GTC TTC CTT TGG ACG CTG CCA TTC TGG GCA TAT TCT GCT GCT CAG GAG TGG ACT TTT GGC ACC ATG GCA TGT CGT ATT ATA CGA GGC TTG TAC ACT TCA ATG CTA ACT CTA ACA ATC ACC TTT GAC CGG CTT ATT GCT ATT ACT TTT GCG ACC AAA GCA CGT ATG CAA ACC AAA CGA ATG ACA TGG GGC AAA TTA ATC TGT GTC TTG ATC TGG GTG ATC TCA CTA GCA TTT GCT GCA CCA CAG TTT TTT AGT GAG GTG AGT ATT GAT AAG ACA ATA TGC CAG GAA GAA TAC CCA AAC CAT CAC ACA GAA ATG GTT CTT GAA GTG ATC CAA GTG ACC CTT GGC TAT TTT ATT CCC CTA GCC ATG ATC ATC TGC TAC TCA CTA ATT ATT AGA ACC TTA CTG CAT GCC AGG AGT TTT CAA AAG AAC AAA TCT CTA AAA ATA TTT TCT GTA GTT GCT ATA TTT ATT CTT ACT CAG TCA CCC TAC ACT TTC TTG AGA CTG ATA AAG ATC ATA GAC TGG AGC TTT AAC CTG AAC AGC AGC TTT GAA TAT GCA ATC ATT ATA ACA GAA GCT CTT GCT TAT TTC CAC GGC TGT CTT AAT CCT TAT TTC TTC ATG GGG GTG AAA TTC AGG AGG TTA AAA ATT ATT AAA AAT TCA AGA TGC GTC AAA CGG CAA ATT CAG CGG CAA ACC ACT GAA GAA GAA GGC TCT ACT TTT ACT GCC TCA AAT AAT GCA GAT GCA ACA AGC ATG TAC CAG CTA 
Haliaeetus_leucocephalus        ATG GCA ACT ACA GAT ACT GCC AAC TTT TAT TAT AAC TTC TCC ATC ATT GAT CCC AAC GAA AAT GGA AGT GAG AAT TTT CAT TTT ACA AGA GTC TTC CCC TGT ATG TAT TCG GCT GTT TTC ATC CTT GGG CTA GCA GGA AAT GCA CTT GTC TTT GTC ATA CTA GCT TTC TAT GAG AAA CGG AAG ATG CTG ACA ATA TTT TTG CTG AAC TTG GCC ATA GCT GAC TGG GTC TTC CTT TGG ACA CTG CCA TTC TGG GCA TAT TCT GCT GCT CAG GAG TGG ACT TTT GGC ACC GTG GCA TGT CGT ATT ATA CGA GGC TTG TAC ACT TCA ATG CTA ACT CTA ACG ATC ACC TTT GAC CGG CTT ATT GCT ATT ACT TTT GCA ACC AAA GCA CGT ATG CAA ACC AAA CGA ATG ACA TGG GGC AAA TTA ATC TGT GTC TTG ATC TGG GTG ATC TCA CTA GCA TTT GCT GCA CCA CAG TTT TTT AGT GAG GTG AGT ATT GAT AAG ACA ATA TGC CAG GAA GAA TAC CCA AAC CAT CAC ACA GAA ATG GTT CTT GAA GTG ATC CAA GTG ACC CTT GGC TAT TTT ATT CCC CTA GCC ATG ATC ATC TGC TAC TCA CTA ATT ATT AGA ACC TTA CTG CAT GCC AGG AGT TTT CAA AAG AAC AAA TCT CTA AAA ATA TTT TCT GTA GTT GCC ATA TTT ATT CTT ACT CAG TCA CCC TAC ACT TTC TTG AGA CTG ATA AAG ATC ATA GAC TGG AGC TTT AAC CTG AAC AGC AGC TTT GAA TAT GCA ATC ATT ATA ACA GAA GCT CTT GCT TAT TTC CAC GGC TGT CTT AAT CCT TAT TTC TTC ATG GGG GTG AAA TTC AGG AGG TTA AAA ATT ATT AAA AAT TCA AGA TGC GTC AAA CGG CAA GTT CAG TGG CAA ACC ACT GAA GAA GAA GGC TCT ACT TTT ACT GCC TCC AAT AAT GCA GAT GCA ACA AGC ATG TAC CAG CTA 
Tyto_alba                       ATG GCA AAT ACA GAT GCT GCC AAC TTT TAT TAT AAC TTC TCC ATC ATT GAT CCC AAT GAA AAT GGA AGT GAG AAT TTT CAC TTT ACA ACA ATC TTC CCC TGC ATG TAC TCG GCT GTT TTC ATC CTT GGG CTA GCA GGA AAT GCC CTG GTC TTT GTC ATA CTA GTT TTC TAT GAG AAA CTG AAG ATG CTG ACA ATA TTT TTG CTG AAC TTG GCT ATA GCT GAC TGG GTC TTC CTT TGG ACG CTG CCA TTC TGG GCA TAT TCT GCA GCT CAG GAG TGG ACT TTT GGC ACC GTG GCA TGT CGT ATT ATA CGG GGC TTG TAC ACT TCA ATG TTA ACT CTA ACA ATC ACC TTT GAT CGG CTT ATT GCT ATT ACT TTT GCC ACC AAA GCA CAT ATG CAA ACC AAA CGA ATG ATA TGG GGC AAA TTA ATC TGT GTC TTG ATC TGG GTT ATA TCA CTA GCA TTT GCC ACA CCG CAG TTT TTT AGT GAG GTG AGT ATT GAT AAG GCA ATA TGT CAG GAA GAA TAC TCA AAC CAT CAC ACA GAA CTG GTT CTT GAA GTG ATC CAA GTG ACC CTT GGC TAT TTT ATT CCC CTA GCC ATG ATC ATC TGC TAC TCA CTA ATT ATT AGA ACC TTA CTG CAT GCC AGG AGT TTT CAA AAG AAC AAA TCT CTG AAA ATA TTT TCT GTA GTT GTT ATA TTT ATT CTT ACT CAG TCA CCC TAT ACT TTC TTG AGA CTA ATA AAG ATC ATA GAC TGG AGC TTT AAC TTG AAC AGC AGC TTT GAA TAC GCA ATC ATT GTA ACA GAA GCT CTA GCT TAT TTC CAT GGC TGT CTT AAC CCT TAT TTC TTC ATG GGG GTG AAA TTC AGG AGG TTA AAA ATA ATT AAA AAC TCA AGA TGC ATC AAA CGG CAA GTT CCA TGG CAA ACC ACC GAA GAG GAA GGC TCT ACT TTT TCT GCC TCA AAT AAT GCA GAT GCA ACA AGC ATG TAC CCG CTA 
Leptosomus_discolor             ATG GCA ACT TCA GAT GCC ACT AAC TTT TAT TAT AAC TTC TCC ATC ATT GAT CCC AAC GAA AAC AGA AGC GAC AAT TTT CAC TTT ACA AAA GTC TTC CCC TGT ATG TAT TTG ACT GTT TTC ATC CTT GGG CTA GCA GGA AAT GCG CTG GTC TTT GTC ATA CTA GTT TTC TAC GAG AAA CTG AAG ATG CTG ACA ATA TTT TTG CTG AAC TTG GCT ACA GCT GAC TGG GTC TTC CTT TGG ACA CTT CCA TTC TGG GCA TAT TCT GCT GCT CAG GAG TGG ACT TTT GGC ACT GTG GCA TGT CGT ATT ATA CGG GGC TTG TAC ACT TCA ATG TTA ACT CTA ACG ATC ACC TTT GAC CGG CTT ATT GCT ATT ACT TTT GCC ACC AAA GCA CGT ATG CAA ACC AAA CGA ATG ACA TGG GGC AAA TTA ATC TGT GTC TTG ATC TGG GTG ATC TCA CTA GCA TTT GCT GCA CCA CAG TTT TTT AGT GAG GTG AGT ATT GAT AAG GCA ATA TGT GAG GAA GAA TAC CCA AGC CAT CGC ACA GAA CTG GTT CTT GAG GTG ATT CAA GTG ACC CTT GGC TAT TTT ATT CCC CTA GCC ATG ATC ATC TGC TAC TCA CTA ATT ATT AGA ACC TTA CTG CAC GCC AGG AGT TTT CAA AAG AAC AAA TCT CTG AAG ATA TTT TCT GTA GTT GCC GTA TTT ATT CTT ACT CAG TCA CCC TAT ACT TTC TTG AGA CTG ATA AAG ATC ATA GAT TGG AGC TTT AAC TTG AAC AGC AGC TTT GAA TAT GCA ATC ATC GTA ACA GAA GCT CTT GCT TAT TTC CAT GGC TGT CTT AAC CCT TAT TTC TTC ATG GGG GTG AAA TTC AGG AGG CTC AAA ATT ATT AAA AAC TCA AGA TGC GTC AAA TGG CAA GTT CAG TGG CAA CCA ACT GAA GAG GAA GGC TCT ACT TTC ACT GCC TCA AAT AAT GCA GAT GCA ACA AGC ATG TAC CCA CTA 
Colius_striatus                 ATG GCA ACG ACA GAC GCA GAT AAC TTT TAT TAT AAC TTC TCC ATC GTT GAT CCA GAC GAA AAT GGA AGT GAG AAT TTT CAC TTT ACA AGA GTC TTC CCC TGT ACC TAC TCG GTT GTT TTC ATC CTG GGG CTA GCA GGA AAC ACA CTG GTC TTT GTC ATA CTG GTT TTC TAT GAG AAG CTG AAG ATG CTG ACA ATA TTT TTG CTG AAC TTG GCT GTA GCT GAC TGG GTC TTC CTT TGG ACG CTG CCA TTC TGG GCG CAT TCG GCC GCT CAG GAG TGG GCT TTC GGC ACG GTG GCG TGT CGT GTC ATA CGG GGC TTG TAC ACT TCC ATG TTA ACC CTG ACA ATC ACC TTT GAC AGG CTT GTT GCT ATT ACT TTT GCC ACC AAA GCA CAC ATG CAA ACC AAA CGA ACG ACG TGG GGC AAG GCA GTG TGT GTC TTG ATC TGG GTG ATC TCA CTA GGC TTT GCC ACA CCA CAG TTT TTT AGT GAG GTG AGC ATT GAT AAG GCG ATA TGT CAC GAA AAA TAC CCA AAC CAC GGC ACA GAA CTG GTT CTT GAA GTG ATC CAA GTG ACA CTT GGC TAT TTT ATT CCC CTA GCC ATG ATC ATC TGC TAC TCA CTA ATT GTT AGA ACC TTA CTG CAC GCC AGG AAT TTC CAA AAG AAG AAA TCT CTC AAA ATA TTT TCT GTA GTT GCC ATA TTT ATT CTG ACT CAG TCA CCT TAT ACT TTC CTG AGA CTC ATA AAG ATC ATA GAC TGG AGC TTT AAC TTG AAC AGC AGC TTT GAA TAT GCA ATC ATC GTA ACA GAA GCT CTC GCT TAC CTC CAC GGC TGT CTC AAC CCT TAT TTC TTC ATG GGG GTC AAA TTC AGG AGG TTA AAA ATT ATT AAG AGT TTA AGA TGC ATC AAA GGG AGA GTT CAC TGG CAA ACC ACT GAA GAG GAA GGC TCT ACA TTT ACT GCC TCC AAT AAC GCA GAT GCC ACA AGC ATG GAT CCG CTA 
Falco_peregrinus                ATG GCA ACT ACA GAT GCT GTT AAC TTT TAT TAT AAC TTC TCC ATC AAT GAT CCC AAT GAA AAC GGA AGT GAG AAT CTT CAC TTT ACA AAT GTC TTC CCC TGT ATG TAT TCA GCT GTT TTC ATC CTT GGG CTA GCA GGA AAT ACA CTG GTC TTT GTC ATA CTA GTT TTC TAC GAG AAA CTG AAG GTG CTG ACA ATA TTT TTG CTG AAC TTG GCT ATA GCT GAC TGG GTC TTC CTT TGG ACG CTG CCA TTC TGG GCA TAT TCT GGT GTT CAG GAG TGG ACT TTT GGC ACT GTG GCA TGT CGT GTT ATA CGG GGC TTG TAC ACT TCG ATG TTA ACT CTA ACG ATC ACC TTT GAC CGG CTT ATT GCT ATT ACT TTT GCC ACA AAA GCA CAT GTG CAA ACC AAA CGA ATG ACA TGG GGC AAA CTG ATC TGT GTC TTG ATC TGG GCG ATC TCA CTA GCA TTT GCT GCA CCA CAG TTT TTT AGT GAG GTG AGT ATT GAT AAG GCA ATA TGT CAG GAA GAA TAC CCA AAC TAT CGC ACA GAA CTA GTT CTT GAA GTG ATC CAA GTG ACC CTT GGC TAT TTT ATT CCC CTA GCC ATG GTC ATC TGC TAC TCA CTA ATC ATT AGA ACC TTA CTG CAT GCC AGG AGT TTT CAA AAG AAC AAA TCT CTA AAA ATA TTT TCT GTA GTT GCC ATA TTT ATT CTT ACT CAG TCA CCC TAT ACT TTC TTG AGA CTG TTA AAG ATC ATA GAT TGG AGC TTT AAC TTG AAC AGC AAC TTT GAA TAT GCA ATC ATC ATA ACA GAA GCT CTT GCT TAT TTC CAT GGC TGT CTT AAC CCT TAT TTC TTC ATG GGG GTG AAA TTC AGG AGG TTA AAA ATT ATT AAA AAC TCA AGA TGC ACT AAA TGG CAA GTT CAG TGG CAA ACC ACA GAA GAG GAA GGC TCT ACT TTT ACT GCC TCA AAT AAT GCA GAT GCA ACA AGC ATG TAC CCG CTA 
Falco_tinnunculus               ATG GCA ACT ACA GAT GCT GTT AAC TTT TAT TAT AAC TTC TCC ATC AAT GAT CCC AAT GAA AAT GGA AGT GAG AAT CTT CAC TTT ACA AAT GTC TTC CCC TGT ATG TAT TCA GCT GTT TTC ATC CTT GGG CTA GCA GGA AAT ACA CTG GTC TTT GTC ATA CTA GTT TTC TAC GAG AAA CTG AAG GTG CTG ACA ATA TTT TTG CTG AAC TTG GCT ATA GCT GAC TGG GTC TTC CTT TGG ACG CTG CCA TTC TGG GCA TAT TCT GCT GTT CAG GAG TGG ACT TTT GGC ACT GTG GCA TGT CGT GTT ATA CGG GGC TTG TAC ACT TCA ATG TTA ACT CTA ACG ATC ACC TTT GAC CGG CTT ATT GCT ATT ACT TTT GCC ACA AAA GCA CAT GTG CAA ACC AAA CGA ATG ACA TGG GGC AAA CTG ATC TGT GTC TTG ATC TGG GCG ATC TCA CTA GCA TTT GCT GCA CCA CAG TTT TTT AGT GAG GTG AGT ATT GAT AAG GCA ATA TGT CAG GAA GAA TAC CCA AAC TAT CGC ACA GAA CTA GTT CTT GAA GTG ATC CAA GTG ACC CTT GGC TAT TTT ATT CCC CTA GCC ATG GTC ATC TGC TAC TCA CTA ATC ATT AGA ACC TTA CTG CAT GCC AGG AGT TTT CAA AAG AAC AAA TCT CTA AAA ATA TTT TCT GTA GTT GCC ATA TTT ATT CTT ACT CAG TCA CCC TAT ACT TTC TTG AGA CTG TTA AAG ATC ATA GAC TGG AGC TTT AAC TTG AAC AGC AAC TTT GAA TAT GCA ATC ATC ATA ACA GAA GCT CTT GCT TAT TTC CAT GGC TGT CTT AAC CCT TAT TTC TTC ATG GGG GTG AAA TTC AGG AGG TTA AAA ATT GTT AAA AAC TCA AGA TGC ATT AAA TGG CAA GTT CAG TGG CAA ACC ACA GAA GAG GAA GGC TCT ACA TTT ACT GCC TCA AAT AAT GCA GAT GCA ACA AGC ATG TAC CCA CTA 



Printing out site pattern counts


         8        684  P

Oriolus_oriolus                 AAA AAA AAA AAA AAA AAA AAC AAC AAC AAC AAC AAG AAG AAG AAT AAT AAT AAT AAT AAT ACA ACA ACA ACC ACC ACC ACC ACC ACG ACG ACT ACT ACT ACT ACT ACT ACT ACT ACT AGA AGA AGC AGC AGC AGC AGG AGG AGT AGT ATA ATA ATA ATA ATA ATA ATA ATC ATC ATC ATC ATC ATC ATC ATC ATG ATG ATG ATG ATG ATG ATG ATG ATG ATT ATT ATT ATT ATT ATT ATT ATT ATT CAA CAA CAA CAA CAC CAG CAG CAG CAG CAT CAT CCA CCC CCC CCT CCT CGA CGG CGT CTA CTA CTA CTA CTC CTC CTG CTG CTG CTG CTG CTG CTG CTG CTT CTT CTT CTT CTT GAA GAA GAA GAC GAC GAC GAC GAC GAG GAG GAG GAT GAT GCA GCA GCA GCA GCA GCA GCA GCC GCC GCC GCC GCT GCT GCT GCT GCT GCT GCT GCT GCT GGA GGA GGA GGC GGC GGC GTA GTA GTA GTA GTC GTC GTC GTG GTG GTT GTT GTT GTT GTT GTT TAC TAC TAC TAC TAT TAT TAT TAT TAT TAT TCA TCA TCA TCA TCA TCA TCA TCA TCA TCT TCT TCT TGC TGC TGG TGG TGG TGG TGG TGT TGT TGT TGT TGT TGT TTA TTA TTA TTC TTC TTG TTG TTG TTG TTG TTT TTT TTT TTT TTT TTT TTT TTT TTT 
Aquila_chrysaetos               ... ... ... ..C ..T G.. ... ... ... ..T .G. ... ..T .G. ..C ... ... .G. .G. T.. ... ... ... ... ... ... ... ..T ..A .T. ..A ... ... ... ... ... ... .T. G.. ... ..G .A. ... ... CA. ... .T. .A. ... .C. ... ... ... C.. C.. TC. .C. ... ... ... ... ... ..T T.. .C. ... ... ... ... ... GA. G.. G.. .C. ..A ..C ... ... ... ... ... ... ... ... .T. GG. .GT ... ... ... .G. ..C ... .A. ... ... ..C ... ... ..A TT. ... ... T.. T.. A.. T.. A.A A.. .A. ..A ..A ... ... ..T ... ... ... ... T.. ... ... ... ... ... ... ..T .G. ..A ... ... ... ... A.. CAG ... ... ... ... ... ..A ... ..G .T. ..C ..C ... ... ... ... ... .GC .T. A.. ... ..G A.. ... ..G A.. .A. ... T.G .CT ... ... A.. ... A.. A.. .C. .C. ..C ... A.. ... ..T ..T C.C ..C ... ... ... .T. C.. C.. C.. ... ... ... ... ..T ..T ..C ... .G. .A. ... A.T C.. C.. ... .T. CA. C.. ..C ..C ... ... C.. ... ..T ... ..G C.. C.. C.. ... ..T AA. A.. .A. .CG ..C ..C ... ... ... 
Haliaeetus_leucocephalus        ... ... ... ..C ..T G.. ... ... ... ..T .G. ... ..T .G. ..C ... ... .G. .G. T.. ... ... ... ... ... ... ... ..T ..A .T. ..G ... ... ... ... ... ... .T. ... ... ..G .A. ... ... CA. ... .T. .A. ... .C. ... ... ... C.. C.. TC. .C. ... ... ... ... ... ..T T.. .CA ... ... ... ... G.. GA. G.. G.. .C. ..A ..C ... ... ... ... ... ... ... ... .T. GG. .GT ... ... ... .G. ... ... .A. ... ... ..C ... ... ..A TT. ... ... T.. T.. A.. T.. A.A A.. .G. ..A ... ... ... ..T ... ... ... ... T.. ... ... ... ... ... ... ..T .G. ..A ... ... ... ... A.. CAG ... ... ... ... ... ..A ... ..A .T. ..C ..C ..C ... ... ... ... .GC .T. A.. ... ..G A.. ... ..G A.. .A. ... T.G .C. ... ... A.. ... A.. ... .C. .C. ..C ... A.. ... ..T ..T C.C ..C ... ... ... .T. C.. C.. C.. ... ... ... ..C ..T ..T ..C ... .G. .A. ... A.T C.. ... ... .T. CA. C.. ..C ..C ... ... C.. ... ..T ... ..G C.. C.. C.. ... ..T AA. A.. .A. .CG ..C ..C ... ... ... 
Tyto_alba                       ... ... ... ..C ..C G.. ... ... ... ..T .G. ... ..C .G. ..C ... ... .G. .G. T.C ... ... .T. ... ... ... ... ..T ..A .T. ..A .A. ... ... ... ... T.. .T. G.. ... ..G .A. ... ... CA. ... .T. .A. ... .C. ... ... G.. C.. C.G TC. .C. ..A ... ... ... ... ..T T.. .C. ... ... ... ... G.. GA. G.. G.T .CC ..A ..C ..A ... ... ... ... ... ... ... .T. GG. ..T ... ... .CA .G. ..C ... .A. ... ... ..C ... ... ... TT. ... ... T.. T.. A.. T.. A.A ... ... ..A ... ... ... ... ..A ... ... ... T.. ... ... ... ... ... ..T ..T .G. ... ... ... ... ... ... C.G A.. ... ... ... ..C ..A ... ... AT. ..C ..C ... ..A ..C ... ... .GC .T. AC. ... ..G A.. ... ..G A.. .A. ... T.G ..T A.. ... A.. ... A.. ... .C. ... ..C ... A.T ... ..T ..T C.. ... ..C ... ... .T. C.. C.G ... ... ... ... ... ..T ..T ..C ... .G. .A. ... A.T C.. ... ... .T. CA. C.. ..C ... ..C ... ... ... ..T ... ..G C.A C.. ... ... ..T AA. A.. .A. .CG ..C ..C ... ... ... 
Leptosomus_discolor             ... ... ..G ..C ..C G.. ... ... .G. ... .G. ... ..C .G. ..C ... ... .GC .G. T.. ... T.. ... ... ... ... C.A ..T ..A .T. ..G ... ... ... ... ... ... .T. G.C ... ..G .A. ... ... C.. ... .T. .A. ... .C. .C. ... G.. C.. C.G TC. .CT ... ... ... ... ..T ... T.. .CA ... ... ... ... G.. GA. G.. G.. .C. ..A ..C ... ... ... ... ... ... ... ... .T. AG. .GT ... G.. ... .G. ..C ... .A. ... ... ..C ... ... ... TT. ... ... ..C T.. A.. T.. G.A ... ... ..A ... ... ..T ... ... ... ... ... T.. ... ... ..G ... ..T ... ..T .G. ... ..C ... ... ... ... C.. ... ... ... ... ..G ..A ... ... .T. A.. ..C ... ... ... ... ... .GC .T. AA. ... ..G A.. ... ..G A.. .A. ... T.G .C. ... ... A.. ... A.. ... AC. ... ..C ... A.. ... ... ..T C.. ... ... ... ... .T. C.. C.. C.. ... ... ... ... ..T ..T ..C ... .G. .A. ... A.T ... ... ... .T. CAC C.. ..C ... ... ... ... ... ..T ... ..G C.. C.. ... ... ..T AA. A.. .A. ..G ..C ..C ..C ... ... 
Colius_striatus                 ... ..G ... ..C .GT G.. ... ..G ... ..T .G. ... ..C .G. ..C ..C ... .G. .GC T.. ... ... ..G ..A ... ... ... ..T ..A .T. ..A ..G ..A ..C ... G.. ... GT. G.A ... ..G .A. ... ... G.. ... .T. .AC .A. .C. G.. ... G.. C.. C.C TC. .CG ... ... ... G.G ... ... T.. .C. .CC .C. ... ... G.. GA. G.C G.. .C. ..A ..C ... ... ... ... G.C G.. AG. ... .T. GG. ... ... ..C ..C AG. ..C ..C .A. ... ..T ..A ... ... ... TTC ... ..G T.. GC. A.. T.. A.A ... ... ..A ... ... ... ... ..C ..C ..G ... T.. A.. ... ... ... ... ... ..T .G. ... ... ... ..C ... ..G C.G A.. ... ..G .GC A.. ... ... ... AT. .A. ..C ... ..C ..C ... ... .GC .T. A.. ... ..G A.. ... ..G A.. .A. ... T.G .C. ... ... A.. ... A.. ... ... ... ..C ... G.. ... ..T ..T C.C ... ..C ..C ... .T. C.. C.. C.. ... ..C .T. ..C ..G ..T ..C ... .G. GAT ... A.T G.. ... ... .T. CAC C.. ..C ... ... ... ... ... ..C ... C.G C.C C.. ... ... ..T AA. A.. CA. .CG C.C ..C ... ... ... 
Falco_peregrinus                ... ... ... ..C ..C G.. ... ... ... ... .G. ... ..C .G. ..C ... ... .G. .G. T.. ... ... ... ... ..A ... ... ..T ..A GT. ..G ... ... ... ... ... ... .A. G.. ... ..G .A. .A. ... C.. ... .T. .A. ... .C. ... ... ... C.. C.. TC. .CT ... ... G.. ... ... ... T.. .C. ... ... ... G.. G.. GA. G.. GC. .CA T.A ..C ... ..C ... ... G.. ... ... ... .T. GG. ..T ... ... ... .G. ..C T.. .A. ... ... ..C ... ... ... TT. ... ... T.. ..G A.. T.. A.A ..A ... ..A ... ... ... ... ... ... ... ... T.. ... ... ... ... ..T ... ..T .G. ... ... ... ... ... ... C.G ... ... ... ... A.. ..A ... ... A.T .T. ..C ... .G. ... ... .T. .GC .T. AAT ... ..G A.. ... ..G A.. .A. ... T.G .C. ... ... A.. ... A.. ... .C. ... ..C ... A.T ... ... ..T C.. ... ... ... ... .T. C.. C.. C.. ... ..G ... ... ..T ..T ..C ... .G. .A. ... A.T ... ... ... .T. CA. C.. ..C ... ... ... ... ... ..T ... ..G C.. C.. ... ... ..T AA. A.. .A. .CA ..C ..C ... C.. ... 
Falco_tinnunculus               ... ... ... ..C ..C G.. ... ... ... ..T .G. ... ..C .G. ..C ... ... .G. .G. T.. ... ... ... ... ..A ... ... ..T ..A GT. ..G ... ..A ... ... ... ... .A. G.. ... ..G .A. .A. ... C.. ... .T. .A. ... .C. ... ... ... C.. C.. TC. .CT ... ... G.. ... ... ... T.. .C. ... ... ... G.. G.. GA. G.. GC. .CA T.A ..C ... ..C ... G.. G.. ... ... ... .T. GG. ..T ... ... ... .G. ..C T.. .A. ... ... ..C ... ... ... TT. ... ... T.. ..G A.. T.. A.A ..A ... ..A ... ... ... ... ... ... ... ... T.. ... ... ... ... ... ... ..T .G. ... ... ... ... ... ... C.. ... ... ... ... A.. ..A ... ... ATT .T. ..C ... ... ... ... .T. .GC .T. AAT ... ..G A.. ... ..G A.. .A. ... T.G .C. ... ... A.. ... A.. ... .C. ... ..C ... A.T ... ... ..T C.. ... ... ... ... .T. C.. C.. C.. ... ... ... ... ..T ..T ..C ... .G. .A. ... A.T ... ... ... .T. CA. C.. ..C ... ... ... ... ... ..T ... ..G C.. C.. ... ... ..T AA. A.. .A. .CA ..C ..C ... C.. ... 

    6    3    1    1    1    1    2    1    1    1    1    4    1    1    1
    1    1    1    1    1    3    1    1    1    1    3    1    1    1    1
    1    1    1    1    3    1    1    1    1    3    1    1    1    1    1
    1    1    1    1    1    1    4    1    1    1    1    1    1    5    1
    1    1    1    1    1    1    1    3    1    1    1    1    1    1    1
    1    1    1    1    1    1    2    1    3    1    1    1    3    1    1
    1    1    1    1    2    1    1    1    1    1    1    2    2    1    1
    1    1    1    1    1    1    1    1    1    1    1    1    2    4    1
    1    5    1    1    1    1    1    2    1    1    2    1    2    1    1
    1    5    2    1    1    1    1    1    1    1    2    1    1    1    4
    1    1    1    1    1    1    1    3    1    2    1    1    1    1    1
    3    1    3    2    1    1    1    1    2    1    3    1    1    1    1
    1    1    3    1    1    1    1    2    1    1    1    1    1    1    2
    1    1    1    1    1    1    7    1    1    1    1    1    1    2    1
    1    1    7    1    1    1    1    2    1    1    1    1    1    1    1
    1    1   11

CODONML (in paml version 4.9, March 2015)  Oriolus_oriolus.aln.faa
Model: several dN/dS ratios for branches for branches,  omega = 1.000 fixed

Codon frequency model: F3x4
ns =   8  ls = 323

Codon usage in sequences
--------------------------------------------------------------------------------------------------------------------------------------
Phe TTT  19  18  18  18  17  16 | Ser TCT   4   4   4   5   4   3 | Tyr TAT   8   9   9   8   9   7 | Cys TGT   7   4   4   4   5   5
    TTC   8  11  11  11  12  12 |     TCC   0   1   2   1   1   3 |     TAC   6   5   5   6   5   5 |     TGC   2   3   3   3   2   2
Leu TTA   3   3   3   4   3   4 |     TCA  10   6   5   7   7   3 | *** TAA   0   0   0   0   0   0 | *** TGA   0   0   0   0   0   0
    TTG   6   5   5   6   7   5 |     TCG   0   1   1   1   0   2 |     TAG   0   0   0   0   0   0 | Trp TGG  11   7   8   8   9   8
--------------------------------------------------------------------------------------------------------------------------------------
Leu CTT   9   9   9   7   9   4 | Pro CCT   2   1   1   1   1   2 | His CAT   2   2   3   4   2   1 | Arg CGT   1   2   2   1   2   1
    CTC   2   0   0   0   1   5 |     CCC   3   4   4   4   4   2 |     CAC   1   3   2   2   2   7 |     CGC   0   0   0   0   1   0
    CTA   6  10   9   9   7   5 |     CCA   1   3   3   2   5   4 | Gln CAA   6   5   5   5   5   4 |     CGA   1   2   2   1   1   1
    CTG   8   5   6   8   8  12 |     CCG   0   0   0   2   0   1 |     CAG   6   7   6   4   4   3 |     CGG   1   3   3   3   2   1
--------------------------------------------------------------------------------------------------------------------------------------
Ile ATT  10  13  12  11  12   7 | Thr ACT  11  10  11   7  13   6 | Asn AAT   6   7   7   7   4   4 | Ser AGT   2   4   4   4   3   3
    ATC  12  11  11  12  11  12 |     ACC   7   7   7   8   5   7 |     AAC   6   8   8   9  10   9 |     AGC   4   4   4   4   6   5
    ATA  10  10  10  12   7   8 |     ACA   5   9   9   9   8  11 | Lys AAA  13  10  10  10  10   8 | Arg AGA   4   4   4   3   4   5
Met ATG  11  11  10   9   9   7 |     ACG   2   1   1   1   1   5 |     AAG   6   4   4   4   5   8 |     AGG   2   3   3   3   3   4
--------------------------------------------------------------------------------------------------------------------------------------
Val GTT   8   3   4   7   5   9 | Ala GCT  13  12   9   8   8   7 | Asp GAT   3   4   4   5   5   5 | Gly GGT   0   0   0   0   0   0
    GTC   5   6   6   4   6   7 |     GCC   4   4   6   7   6   8 |     GAC   6   3   3   2   3   5 |     GGC   5   6   6   6   6   8
    GTA   5   1   1   2   3   3 |     GCA  12  11  12  11  11   7 | Glu GAA   7  10  10   9   8   8 |     GGA   3   2   2   2   1   2
    GTG   4   5   6   5   6   6 |     GCG   0   1   0   0   1   3 |     GAG   4   4   4   5   6   5 |     GGG   0   2   2   2   2   3
--------------------------------------------------------------------------------------------------------------------------------------

----------------------------------------------------------------------
Phe TTT  17  17 | Ser TCT   4   4 | Tyr TAT  10  10 | Cys TGT   5   5
    TTC  11  11 |     TCC   1   1 |     TAC   5   5 |     TGC   2   2
Leu TTA   4   4 |     TCA   6   7 | *** TAA   0   0 | *** TGA   0   0
    TTG   6   6 |     TCG   1   0 |     TAG   0   0 | Trp TGG   9   9
----------------------------------------------------------------------
Leu CTT   9   9 | Pro CCT   1   1 | His CAT   3   3 | Arg CGT   1   1
    CTC   0   0 |     CCC   4   4 |     CAC   1   1 |     CGC   1   1
    CTA   9   9 |     CCA   3   4 | Gln CAA   5   5 |     CGA   1   1
    CTG   8   8 |     CCG   1   0 |     CAG   5   5 |     CGG   2   2
----------------------------------------------------------------------
Ile ATT   8   8 | Thr ACT  11   9 | Asn AAT   7   8 | Ser AGT   4   4
    ATC  12  12 |     ACC   5   5 |     AAC  11  10 |     AGC   3   3
    ATA   9   9 |     ACA  10  11 | Lys AAA  10  10 | Arg AGA   3   3
Met ATG   7   7 |     ACG   2   2 |     AAG   4   4 |     AGG   3   3
----------------------------------------------------------------------
Val GTT   8   9 | Ala GCT   8   9 | Asp GAT   5   4 | Gly GGT   1   0
    GTC   6   6 |     GCC   5   5 |     GAC   2   3 |     GGC   6   6
    GTA   1   1 |     GCA  11  11 | Glu GAA   9   9 |     GGA   2   2
    GTG   7   7 |     GCG   1   1 |     GAG   5   5 |     GGG   2   2
----------------------------------------------------------------------

Codon position x base (3x4) table for each sequence.

#1: Oriolus_oriolus
position  1:    T:0.26006    C:0.15170    A:0.34365    G:0.24458
position  2:    T:0.39009    C:0.22910    A:0.24768    G:0.13313
position  3:    T:0.32508    C:0.21981    A:0.26625    G:0.18885
Average         T:0.32508    C:0.20021    A:0.28586    G:0.18885

#2: Aquila_chrysaetos
position  1:    T:0.23839    C:0.17337    A:0.35913    G:0.22910
position  2:    T:0.37461    C:0.23220    A:0.25077    G:0.14241
position  3:    T:0.31579    C:0.23529    A:0.26625    G:0.18266
Average         T:0.30960    C:0.21362    A:0.29205    G:0.18473

#3: Haliaeetus_leucocephalus
position  1:    T:0.24149    C:0.17028    A:0.35604    G:0.23220
position  2:    T:0.37461    C:0.23220    A:0.24768    G:0.14551
position  3:    T:0.31269    C:0.24149    A:0.26316    G:0.18266
Average         T:0.30960    C:0.21465    A:0.28896    G:0.18679

#4: Tyto_alba      
position  1:    T:0.25387    C:0.16409    A:0.34985    G:0.23220
position  2:    T:0.38700    C:0.22910    A:0.24768    G:0.13622
position  3:    T:0.30031    C:0.24458    A:0.26625    G:0.18885
Average         T:0.31373    C:0.21259    A:0.28793    G:0.18576

#5: Leptosomus_discolor
position  1:    T:0.25077    C:0.16718    A:0.34365    G:0.23839
position  2:    T:0.38080    C:0.23220    A:0.24149    G:0.14551
position  3:    T:0.30650    C:0.25077    A:0.24768    G:0.19505
Average         T:0.31269    C:0.21672    A:0.27761    G:0.19298

#6: Colius_striatus
position  1:    T:0.23220    C:0.16409    A:0.33746    G:0.26625
position  2:    T:0.37771    C:0.22910    A:0.24458    G:0.14861
position  3:    T:0.24768    C:0.30031    A:0.22601    G:0.22601
Average         T:0.28586    C:0.23117    A:0.26935    G:0.21362

#7: Falco_peregrinus
position  1:    T:0.25077    C:0.16718    A:0.33746    G:0.24458
position  2:    T:0.37771    C:0.22910    A:0.25387    G:0.13932
position  3:    T:0.31579    C:0.23220    A:0.25697    G:0.19505
Average         T:0.31476    C:0.20949    A:0.28277    G:0.19298

#8: Falco_tinnunculus
position  1:    T:0.25077    C:0.16718    A:0.33437    G:0.24768
position  2:    T:0.38080    C:0.22910    A:0.25387    G:0.13622
position  3:    T:0.31269    C:0.23220    A:0.26625    G:0.18885
Average         T:0.31476    C:0.20949    A:0.28483    G:0.19092

Sums of codon usage counts
------------------------------------------------------------------------------
Phe F TTT     140 | Ser S TCT      32 | Tyr Y TAT      70 | Cys C TGT      39
      TTC      87 |       TCC      10 |       TAC      42 |       TGC      19
Leu L TTA      28 |       TCA      51 | *** * TAA       0 | *** * TGA       0
      TTG      46 |       TCG       6 |       TAG       0 | Trp W TGG      69
------------------------------------------------------------------------------
Leu L CTT      65 | Pro P CCT      10 | His H CAT      20 | Arg R CGT      11
      CTC       8 |       CCC      29 |       CAC      19 |       CGC       3
      CTA      64 |       CCA      25 | Gln Q CAA      40 |       CGA      10
      CTG      63 |       CCG       4 |       CAG      40 |       CGG      17
------------------------------------------------------------------------------
Ile I ATT      81 | Thr T ACT      78 | Asn N AAT      50 | Ser S AGT      28
      ATC      93 |       ACC      51 |       AAC      71 |       AGC      33
      ATA      75 |       ACA      72 | Lys K AAA      81 | Arg R AGA      30
Met M ATG      71 |       ACG      15 |       AAG      39 |       AGG      24
------------------------------------------------------------------------------
Val V GTT      53 | Ala A GCT      74 | Asp D GAT      35 | Gly G GGT       1
      GTC      46 |       GCC      45 |       GAC      27 |       GGC      49
      GTA      17 |       GCA      86 | Glu E GAA      70 |       GGA      16
      GTG      46 |       GCG       7 |       GAG      38 |       GGG      15
------------------------------------------------------------------------------


Codon position x base (3x4) table, overall

position  1:    T:0.24729    C:0.16563    A:0.34520    G:0.24187
position  2:    T:0.38042    C:0.23026    A:0.24845    G:0.14087
position  3:    T:0.30457    C:0.24458    A:0.25735    G:0.19350
Average         T:0.31076    C:0.21349    A:0.28367    G:0.19208

Codon frequencies under model, for use in evolver (TTT TTC TTA TTG ... GGG):
  0.02974229  0.02388453  0.02513166  0.01889599
  0.01800271  0.01445706  0.01521194  0.01143755
  0.01942477  0.01559905  0.00000000  0.00000000
  0.01101342  0.00884432  0.00000000  0.00699709
  0.01992128  0.01599778  0.01683310  0.01265647
  0.01205815  0.00968329  0.01018891  0.00766083
  0.01301064  0.01044819  0.01099375  0.00826597
  0.00737675  0.00592390  0.00623321  0.00468663
  0.04151818  0.03334116  0.03508207  0.02637750
  0.02513054  0.02018107  0.02123483  0.01596603
  0.02711564  0.02177520  0.02291220  0.01722722
  0.01537398  0.01234606  0.01299072  0.00976746
  0.02909065  0.02336124  0.02458105  0.01848199
  0.01760828  0.01414032  0.01487866  0.01118696
  0.01899919  0.01525729  0.01605395  0.01207064
  0.01077212  0.00865055  0.00910224  0.00684379



Nei & Gojobori 1986. dN/dS (dN, dS)
(Note: This matrix is not used in later ML. analysis.
Use runmode = -2 for ML pairwise comparison.)

Oriolus_oriolus     
Aquila_chrysaetos    0.5100 (0.1311 0.2570)
Haliaeetus_leucocephalus 0.5087 (0.1288 0.2531) 0.1817 (0.0067 0.0370)
Tyto_alba            0.4502 (0.1328 0.2950) 0.1899 (0.0273 0.1435) 0.1434 (0.0245 0.1709)
Leptosomus_discolor  0.5564 (0.1336 0.2401) 0.1917 (0.0328 0.1713) 0.1819 (0.0301 0.1652) 0.1883 (0.0343 0.1820)
Colius_striatus      0.3945 (0.1693 0.4291) 0.1815 (0.0608 0.3349) 0.1699 (0.0579 0.3410) 0.1690 (0.0558 0.3300) 0.1840 (0.0652 0.3545)
Falco_peregrinus     0.6548 (0.1414 0.2160) 0.2800 (0.0407 0.1452) 0.2519 (0.0379 0.1503) 0.2352 (0.0379 0.1610) 0.3710 (0.0428 0.1154) 0.1850 (0.0624 0.3375)
Falco_tinnunculus    0.6812 (0.1431 0.2100) 0.2808 (0.0392 0.1397) 0.2517 (0.0364 0.1448) 0.2345 (0.0365 0.1555) 0.3433 (0.0414 0.1206) 0.1884 (0.0610 0.3237) 0.1801 (0.0040 0.0225)


TREE #  1:  (((5, 6), 4), (3, 2), (1, (7, 8)));   MP score: 303
lnL(ntime: 13  np: 15):  -2814.930586      +0.000000
   9..10   10..11   11..5    11..6    10..4     9..12   12..3    12..2     9..13   13..1    13..14   14..7    14..8  
 0.005428 0.000004 0.103068 0.300561 0.108101 0.073925 0.019560 0.022691 0.000004 0.410206 0.085413 0.015796 0.009693 4.089483 0.268463

Note: Branch length is defined as number of nucleotide substitutions per codon (not per neucleotide site).

tree length =   1.15445

(((5: 0.103068, 6: 0.300561): 0.000004, 4: 0.108101): 0.005428, (3: 0.019560, 2: 0.022691): 0.073925, (1: 0.410206, (7: 0.015796, 8: 0.009693): 0.085413): 0.000004);

(((Leptosomus_discolor: 0.103068, Colius_striatus: 0.300561): 0.000004, Tyto_alba: 0.108101): 0.005428, (Haliaeetus_leucocephalus: 0.019560, Aquila_chrysaetos: 0.022691): 0.073925, (Oriolus_oriolus: 0.410206, (Falco_peregrinus: 0.015796, Falco_tinnunculus: 0.009693): 0.085413): 0.000004);

Detailed output identifying parameters

kappa (ts/tv) =  4.08948

w (dN/dS) for branches:  0.26846 1.00000

dN & dS for each branch

 branch          t       N       S   dN/dS      dN      dS  N*dN  S*dS

   9..10     0.005   683.1   285.9  0.2685  0.0010  0.0037   0.7   1.1
  10..11     0.000   683.1   285.9  0.2685  0.0000  0.0000   0.0   0.0
  11..5      0.103   683.1   285.9  0.2685  0.0190  0.0709  13.0  20.3
  11..6      0.301   683.1   285.9  0.2685  0.0555  0.2069  37.9  59.1
  10..4      0.108   683.1   285.9  0.2685  0.0200  0.0744  13.6  21.3
   9..12     0.074   683.1   285.9  0.2685  0.0137  0.0509   9.3  14.5
  12..3      0.020   683.1   285.9  0.2685  0.0036  0.0135   2.5   3.8
  12..2      0.023   683.1   285.9  0.2685  0.0042  0.0156   2.9   4.5
   9..13     0.000   683.1   285.9  0.2685  0.0000  0.0000   0.0   0.0
  13..1      0.410   683.1   285.9  1.0000  0.1367  0.1367  93.4  39.1
  13..14     0.085   683.1   285.9  0.2685  0.0158  0.0588  10.8  16.8
  14..7      0.016   683.1   285.9  0.2685  0.0029  0.0109   2.0   3.1
  14..8      0.010   683.1   285.9  0.2685  0.0018  0.0067   1.2   1.9

tree length for dN:       0.2743
tree length for dS:       0.6490

dS tree:
(((Leptosomus_discolor: 0.070941, Colius_striatus: 0.206875): 0.000003, Tyto_alba: 0.074406): 0.003736, (Haliaeetus_leucocephalus: 0.013463, Aquila_chrysaetos: 0.015618): 0.050882, (Oriolus_oriolus: 0.136735, (Falco_peregrinus: 0.010872, Falco_tinnunculus: 0.006672): 0.058789): 0.000003);
dN tree:
(((Leptosomus_discolor: 0.019045, Colius_striatus: 0.055538): 0.000001, Tyto_alba: 0.019975): 0.001003, (Haliaeetus_leucocephalus: 0.003614, Aquila_chrysaetos: 0.004193): 0.013660, (Oriolus_oriolus: 0.136735, (Falco_peregrinus: 0.002919, Falco_tinnunculus: 0.001791): 0.015783): 0.000001);

w ratios as labels for TreeView:
(((Leptosomus_discolor #0.268463 , Colius_striatus #0.268463 ) #0.268463 , Tyto_alba #0.268463 ) #0.268463 , (Haliaeetus_leucocephalus #0.268463 , Aquila_chrysaetos #0.268463 ) #0.268463 , (Oriolus_oriolus #1 , (Falco_peregrinus #0.268463 , Falco_tinnunculus #0.268463 ) #0.268463 ) #0.268463 );


Time used:  0:13
