
Before deleting alignment gaps
      8   1056

Corvus_brachyrhynchos           ATG GCA ACT ACA GAT ACT GCT AAC TTT TAT TAT AAT TTC TCC ATC ACT GAT CCC TAT GAA AAC AGA AAT GAG AAT TTT CAT NNN TTT ATA GGA GTC TTC NNN TTG CCA TGT ATG TAT TTT GTT GTT TTC ATC CTT GGC ATA GCA GGA AAT GCA CTG GTC TTT GGC ATA CTA GTT TTC CAC ATG AAA CTG AAG ATG CTG ACA GAA ACT GAC NNN GTA CTT TTG CTG AAC GTG GCT ATA GCT GAC CGG GCT TTT CTT TGG ATG CTG CCA CTC TGG GCA TTT TCA GCT GCT CAG GAG TGG ACT TCA GGC ATC GTG GCA TGT CAT ATT ATA TGG GGC TTG NNN --- --- --- --- TAC ACT TCA ATG TTA ACT CTG ATG TCT ATC ACC TTT GAC CAG CTT ATT GCT GTT ACT TTT GCC ACC AAA CCA CAC NNN TGT CAA ACC ATA CAA ATG GCA TGG GGC AAA TTA ATC TCT GTC TTG ATT TGG GTG ATC NNN CAA GTA TTT GCT GCA CCA CAC TTT TTG --- --- GGA GGT GTT AAT TTT GAT AAG GCA ATA TGT CAG GAA GAA TAC CCA AAC CCC ATA GCA NNN GAA CTG TTT CTT GAA GTG ATC CAA GTG ACC CTT GTT TAT TTT ATT CCT ACA CTA GCC ACG ATC ATC TGC TAC TCA CTA ATT ATT AGA ACC TTA CTG TGT GCT AGA AGT CTC CAA AAG AAC AAA --- CTT ATA AAA ATA CTT TCT GTA GTT GTC CTA TTT ATT CTT ACC CAA ATA CCC TAT ACT TTC TTC AGA TTG ATA AAG ATC ATA GAC TGG AGC TTT AAA TTG AAC AGC AGC TTT GAA AAG GCA ATT ATC GTA ACA AAA GCT CTT GCT TAT TTT TAT GGC TGT CTT AAC CCT --- NNN TAT TTC TTC ATG GAA ATG AAA ATC AGG AAG NNN TTA NNN CAC AAA ATT ATT AAA AAA TCA AGA TGT GCC AAA TGG CAA GTT ACA GTA --- --- NNN CAA ACA ACT GAA GAG GAA GAC TCA NNN ACT TTT ACT GCT CCA TAT AGT GCA GAT GCC ACA AGC ATG TAC CCA CTG NNN 
Falco_peregrinus                ATG GCA ACT ACA GAT GCT GTT AAC TTT TAT TAT AAC TTC TCC ATC AAT GAT CCC AAT GAA AAC GGA AGT GAG AAT CTT CAC AGA TTT ACA AAT GTC TTC CTG --- CCC TGT ATG TAT TCA GCT GTT TTC ATC CTT GGG CTA GCA GGA AAT ACA CTG GTC TTT GTC ATA CTA GTT TTC TAC GAG AAA CTG AAG GTG CTG ACA --- --- --- GAT ATA TTT TTG CTG AAC TTG GCT ATA GCT GAC TGG GTC TTC CTT TGG ACG CTG CCA TTC TGG GCA TAT TCT GGT GTT CAG GAG TGG ACT TTT GGC ACT GTG GCA TGT CGT GTT ATA CGG GGC TTG TAT ACT CTG AAC TTG TAC ACT TCG ATG TTA ACT CTA ACG TCT ATC ACC TTT GAC CGG CTT ATT GCT ATT ACT TTT GCC ACA AAA GCA CAT GTG TGT CAA ACC AAA CGA ATG ACA TGG GGC AAA CTG ATC TGT GTC TTG ATC TGG GCG ATC TCA CTA GCA TTT GCT GCA CCA CAG TTT ATT TTT AGT GAG GTG TTT AGT ATT GAT AAG GCA ATA TGT CAG GAA GAA TAC CCA AAC TAT --- CGC ACA GAA CTA GTT CTT GAA GTG ATC CAA GTG ACC CTT GGC TAT TTT ATT CCC ATG CTA GCC ATG GTC ATC TGC TAC TCA CTA ATC ATT AGA ACC TTA CTG CAT GCC AGG AGT TTT CAA AAG AAC AAA TCT CTA AAA AAA ATA TTT TCT GTA GTT GCC ATA TTT ATT CTT ACT CAG TCA CCC TAT ACT TTC TTG AGA CTG TTA AAG ATC ATA GAT TGG AGC TTT AAC TTG AAC AGC AAC TTT GAA TAT GCA ATC ATC ATA ACA GAA GCT CTT GCT TAT TTC CAT GGC TGT CTT AAC CCT GTT CTG TAT TTC TTC ATG GGG GTG AAA TTC AGG AGG AAC TTA CGG --- AAA ATT ATT AAA AAC TCA AGA TGC ACT AAA TGG CAA GTT ACA GCT AAA CAG TGG CAA ACC ACA GAA GAG GAA GGC TCT AAA ACT TTT ACT GCC TCA AAT AAT GCA GAT GCA ACA AGC ATG TAC CCG CTA --- 
Falco_tinnunculus               ATG GCA ACT ACA GAT GCT GTT AAC TTT TAT TAT AAC TTC TCC ATC AAT GAT CCC AAT GAA AAT GGA AGT GAG AAT CTT CAC AGA TTT ACA AAT GTC TTC CTG --- CCC TGT ATG TAT TCA GCT GTT TTC ATC CTT GGG CTA GCA GGA AAT ACA CTG GTC TTT GTC ATA CTA GTT TTC TAC GAG AAA CTG AAG GTG CTG ACA --- --- --- GAT ATA TTT TTG CTG AAC TTG GCT ATA GCT GAC TGG GTC TTC CTT TGG ACG CTG CCA TTC TGG GCA TAT TCT GCT GTT CAG GAG TGG ACT TTT GGC ACT GTG GCA TGT CGT GTT ATA CGG GGC TTG TAT ACT CTG AAC TTG TAC ACT TCA ATG TTA ACT CTA ACG TCT ATC ACC TTT GAC CGG CTT ATT GCT ATT ACT TTT GCC ACA AAA GCA CAT GTG TGT CAA ACC AAA CGA ATG ACA TGG GGC AAA CTG ATC TGT GTC TTG ATC TGG GCG ATC TCA CTA GCA TTT GCT GCA CCA CAG TTT ATT TTT AGT GAG GTG TTT AGT ATT GAT AAG GCA ATA TGT CAG GAA GAA TAC CCA AAC TAT --- CGC ACA GAA CTA GTT CTT GAA GTG ATC CAA GTG ACC CTT GGC TAT TTT ATT CCC ATG CTA GCC ATG GTC ATC TGC TAC TCA CTA ATC ATT AGA ACC TTA CTG CAT GCC AGG AGT TTT CAA AAG AAC AAA TCT CTA AAA AAA ATA TTT TCT GTA GTT GCC ATA TTT ATT CTT ACT CAG TCA CCC TAT ACT TTC TTG AGA CTG TTA AAG ATC ATA GAC TGG AGC TTT AAC TTG AAC AGC AAC TTT GAA TAT GCA ATC ATC ATA ACA GAA GCT CTT GCT TAT TTC CAT GGC TGT CTT AAC CCT GTT CTG TAT TTC TTC ATG GGG GTG AAA TTC AGG AGG AAC TTA CGG --- AAA ATT GTT AAA AAC TCA AGA TGC ATT AAA TGG CAA GTT ACA GCT AAA CAG TGG CAA ACC ACA GAA GAG GAA GGC TCT AAA ACA TTT ACT GCC TCA AAT AAT GCA GAT GCA ACA AGC ATG TAC CCA CTA --- 
Aquila_chrysaetos               ATG GCA ACT ACA GAT GCT GCC AAC TTT TAT TAT AAC TTC TCC ATC ATT GAT CCC AAC GAA AAT GGA AGT GAG AAT TTT CAC ACA TTT ACA AGA GTC TTC CTG --- CCC TGT ATG TAT TCG GCT GTT TTC ATC CTT GGG CTA GCA GGA AAT GCA CTT GTC TTT GTC ATA CTA GCT TTC TAT GAG AAA CAG AAG ATG CTA ACA --- --- --- GAT ATA TTT TTG CTG AAC TTG GCT ATA GCT GAC TGG GTC TTC CTT TGG ACG CTG CCA TTC TGG GCA TAT TCT GCT GCT CAG GAG TGG ACT TTT GGC ACC ATG GCA TGT CGT ATT ATA CGA GGC TTG TAT ACT CTG AAC TTT TAC ACT TCA ATG CTA ACT CTA ACA TCT ATC ACC TTT GAC CGG CTT ATT GCT ATT ACT TTT GCG ACC AAA GCA CGT ATG TGT CAA ACC AAA CGA ATG ACA TGG GGC AAA TTA ATC TGT GTC TTG ATC TGG GTG ATC TCA CTA GCA TTT GCT GCA CCA CAG TTT ATT TTT AGT GAG GTG TTT AGT ATT GAT AAG ACA ATA TGC CAG GAA GAA TAC CCA AAC CAT --- CAC ACA GAA ATG GTT CTT GAA GTG ATC CAA GTG ACC CTT GGC TAT TTT ATT CCC ATG CTA GCC ATG ATC ATC TGC TAC TCA CTA ATT ATT AGA ACC TTA CTG CAT GCC AGG AGT TTT CAA AAG AAC AAA TCT CTA AAG AAA ATA TTT TCT GTA GTT GCT ATA TTT ATT CTT ACT CAG TCA CCC TAC ACT TTC TTG AGA CTG ATA AAG ATC ATA GAC TGG AGC TTT AAC CTG AAC AGC AGC TTT GAA TAT GCA ATC ATT ATA ACA GAA GCT CTT GCT TAT TTC CAC GGC TGT CTT AAT CCT GTT CTG TAT TTC TTC ATG GGG GTG AAA TTC AGG AGG AAC TTA CAG --- AAA ATT ATT AAA AAT TCA AGA TGC GTC AAA CGG CAA ATT ATA GCT AAA CAG CGG CAA ACC ACT GAA GAA GAA GGC TCT AAA ACT TTT ACT GCC TCA AAT AAT GCA GAT GCA ACA AGC ATG TAC CAG CTA --- 
Haliaeetus_leucocephalus        ATG GCA ACT ACA GAT ACT GCC AAC TTT TAT TAT AAC TTC TCC ATC ATT GAT CCC AAC GAA AAT GGA AGT GAG AAT TTT CAT ACA TTT ACA AGA GTC TTC CTG --- CCC TGT ATG TAT TCG GCT GTT TTC ATC CTT GGG CTA GCA GGA AAT GCA CTT GTC TTT GTC ATA CTA GCT TTC TAT GAG AAA CGG AAG ATG CTG ACA --- --- --- GAT ATA TTT TTG CTG AAC TTG GCC ATA GCT GAC TGG GTC TTC CTT TGG ACA CTG CCA TTC TGG GCA TAT TCT GCT GCT CAG GAG TGG ACT TTT GGC ACC GTG GCA TGT CGT ATT ATA CGA GGC TTG TAT ACT CTG AAC TTG TAC ACT TCA ATG CTA ACT CTA ACG TCT ATC ACC TTT GAC CGG CTT ATT GCT ATT ACT TTT GCA ACC AAA GCA CGT ATG TGT CAA ACC AAA CGA ATG ACA TGG GGC AAA TTA ATC TGT GTC TTG ATC TGG GTG ATC TCA CTA GCA TTT GCT GCA CCA CAG TTT ATT TTT AGT GAG GTG TTT AGT ATT GAT AAG ACA ATA TGC CAG GAA GAA TAC CCA AAC CAT --- CAC ACA GAA ATG GTT CTT GAA GTG ATC CAA GTG ACC CTT GGC TAT TTT ATT CCC ATG CTA GCC ATG ATC ATC TGC TAC TCA CTA ATT ATT AGA ACC TTA CTG CAT GCC AGG AGT TTT CAA AAG AAC AAA TCT CTA AAG AAA ATA TTT TCT GTA GTT GCC ATA TTT ATT CTT ACT CAG TCA CCC TAC ACT TTC TTG AGA CTG ATA AAG ATC ATA GAC TGG AGC TTT AAC CTG AAC AGC AGC TTT GAA TAT GCA ATC ATT ATA ACA GAA GCT CTT GCT TAT TTC CAC GGC TGT CTT AAT CCT GTT CTG TAT TTC TTC ATG GGG GTG AAA TTC AGG AGG AAC TTA CAG --- AAA ATT ATT AAA AAT TCA AGA TGC GTC AAA CGG CAA GTT ATG GTT AAA CAG TGG CAA ACC ACT GAA GAA GAA GGC TCT AAA ACT TTT ACT GCC TCC AAT AAT GCA GAT GCA ACA AGC ATG TAC CAG CTA --- 
Tyto_alba                       ATG GCA AAT ACA GAT GCT GCC AAC TTT TAT TAT AAC TTC TCC ATC ATT GAT CCC AAT GAA AAT GGA AGT GAG AAT TTT CAC ACA TTT ACA ACA ATC TTC CTG --- CCC TGC ATG TAC TCG GCT GTT TTC ATC CTT GGG CTA GCA GGA AAT GCC CTG GTC TTT GTC ATA CTA GTT TTC TAT GAG AAA CTG AAG ATG CTG ACA --- --- --- GAT ATA TTT TTG CTG AAC TTG GCT ATA GCT GAC TGG GTC TTC CTT TGG ACG CTG CCA TTC TGG GCA TAT TCT GCA GCT CAG GAG TGG ACT TTT GGC ACC GTG GCA TGT CGT ATT ATA CGG GGC TTG TAT ACT CTG AAC TTG TAC ACT TCA ATG TTA ACT CTA ACA TCT ATC ACC TTT GAT CGG CTT ATT GCT ATT ACT TTT GCC ACC AAA GCA CAT ATG TGT CAA ACC AAA CGA ATG ATA TGG GGC AAA TTA ATC TGT GTC TTG ATC TGG GTT ATA TCA CTA GCA TTT GCC ACA CCG CAG TTT ATT TTT AGT GAG GTG TTT AGT ATT GAT AAG GCA ATA TGT CAG GAA GAA TAC TCA AAC CAT --- CAC ACA GAA CTG GTT CTT GAA GTG ATC CAA GTG ACC CTT GGC TAT TTT ATT CCC ATG CTA GCC ATG ATC ATC TGC TAC TCA CTA ATT ATT AGA ACC TTA CTG CAT GCC AGG AGT TTT CAA AAG AAC AAA TCT CTG AAA AAA ATA TTT TCT GTA GTT GTT ATA TTT ATT CTT ACT CAG TCA CCC TAT ACT TTC TTG AGA CTA ATA AAG ATC ATA GAC TGG AGC TTT AAC TTG AAC AGC AGC TTT GAA TAC GCA ATC ATT GTA ACA GAA GCT CTA GCT TAT TTC CAT GGC TGT CTT AAC CCT GTT CTG TAT TTC TTC ATG GGG GTG AAA TTC AGG AGG AAC TTA CAG --- AAA ATA ATT AAA AAC TCA AGA TGC ATC AAA CGG CAA GTT GCA GCT AAA CCA TGG CAA ACC ACC GAA GAG GAA GGC TCT AAA ACT TTT TCT GCC TCA AAT AAT GCA GAT GCA ACA AGC ATG TAC CCG CTA --- 
Leptosomus_discolor             ATG GCA ACT TCA GAT GCC ACT AAC TTT TAT TAT AAC TTC TCC ATC ATT GAT CCC AAC GAA AAC AGA AGC GAC AAT TTT CAC ACA TTT ACA AAA GTC TTC CTG --- CCC TGT ATG TAT TTG ACT GTT TTC ATC CTT GGG CTA GCA GGA AAT GCG CTG GTC TTT GTC ATA CTA GTT TTC TAC GAG AAA CTG AAG ATG CTG ACA --- --- --- GAT ATA TTT TTG CTG AAC TTG GCT ACA GCT GAC TGG GTC TTC CTT TGG ACA CTT CCA TTC TGG GCA TAT TCT GCT GCT CAG GAG TGG ACT TTT GGC ACT GTG GCA TGT CGT ATT ATA CGG GGC TTG TAT ACT CTA AAC TTG TAC ACT TCA ATG TTA ACT CTA ACG TCT ATC ACC TTT GAC CGG CTT ATT GCT ATT ACT TTT GCC ACC AAA GCA CGT ATG TGT CAA ACC AAA CGA ATG ACA TGG GGC AAA TTA ATC TGT GTC TTG ATC TGG GTG ATC TCA CTA GCA TTT GCT GCA CCA CAG TTT ATT TTT AGT GAG GTG TTC AGT ATT GAT AAG GCA ATA TGT GAG GAA GAA TAC CCA AGC CAT --- CGC ACA GAA CTG GTT CTT GAG GTG ATT CAA GTG ACC CTT GGC TAT TTT ATT CCC ATG CTA GCC ATG ATC ATC TGC TAC TCA CTA ATT ATT AGA ACC TTA CTG CAC GCC AGG AGT TTT CAA AAG AAC AAA TCT CTG AAA AAG ATA TTT TCT GTA GTT GCC GTA TTT ATT CTT ACT CAG TCA CCC TAT ACT TTC TTG AGA CTG ATA AAG ATC ATA GAT TGG AGC TTT AAC TTG AAC AGC AGC TTT GAA TAT GCA ATC ATC GTA ACA GAA GCT CTT GCT TAT TTC CAT GGC TGT CTT AAC CCT GTT CTG TAT TTC TTC ATG GGG GTG AAA TTC AGG AGG AAC CTC CAG --- AAA ATT ATT AAA AAC TCA AGA TGC GTC AAA TGG CAA GTT ACG GCT AAA CAG TGG CAA CCA ACT GAA GAG GAA GGC TCT AAA ACT TTC ACT GCC TCA AAT AAT GCA GAT GCA ACA AGC ATG TAC CCA CTA --- 
Colius_striatus                 ATG GCA ACG ACA GAC GCA GAT AAC TTT TAT TAT AAC TTC TCC ATC GTT GAT CCA GAC GAA AAT GGA AGT GAG AAT TTT CAC ACG TTT ACA AGA GTC TTC CTG --- CCC TGT ACC TAC TCG GTT GTT TTC ATC CTG GGG CTA GCA GGA AAC ACA CTG GTC TTT GTC ATA CTG GTT TTC TAT GAG AAG CTG AAG ATG CTG ACA --- --- --- GAT ATA TTT TTG CTG AAC TTG GCT GTA GCT GAC TGG GTC TTC CTT TGG ACG CTG CCA TTC TGG GCG CAT TCG GCC GCT CAG GAG TGG GCT TTC GGC ACG GTG GCG TGT CGT GTC ATA CGG GGC TTG TAT ACG CTG AAC TTG TAC ACT TCC ATG TTA ACC CTG ACA TCT ATC ACC TTT GAC AGG CTT GTT GCT ATT ACT TTT GCC ACC AAA GCA CAC ATG TGT CAA ACC AAA CGA ACG ACG TGG GGC AAG GCA GTG TGT GTC TTG ATC TGG GTG ATC TCA CTA GGC TTT GCC ACA CCA CAG TTT ATT TTT AGT GAG GTG GTT AGC ATT GAT AAG GCG ATA TGT CAC GAA AAA TAC CCA AAC CAC --- GGC ACA GAA CTG GTT CTT GAA GTG ATC CAA GTG ACA CTT GGC TAT TTT ATT CCC ATG CTA GCC ATG ATC ATC TGC TAC TCA CTA ATT GTT AGA ACC TTA CTG CAC GCC AGG AAT TTC CAA AAG AAG AAA TCT CTC AAG AAA ATA TTT TCT GTA GTT GCC ATA TTT ATT CTG ACT CAG TCA CCT TAT ACT TTC CTG AGA CTC ATA AAG ATC ATA GAC TGG AGC TTT AAC TTG AAC AGC AGC TTT GAA TAT GCA ATC ATC GTA ACA GAA GCT CTC GCT TAC CTC CAC GGC TGT CTC AAC CCT ATC CTG TAT TTC TTC ATG GGG GTC AAA TTC AGG AGG AAC TTA AGG --- AAA ATT ATT AAG AGT TTA AGA TGC ATC AAA GGG AGA GTT ACA GCG AAG CAC TGG CAA ACC ACT GAA GAG GAA GGC TCT AAA ACA TTT ACT GCC TCC AAT AAC GCA GAT GCC ACA AGC ATG GAT CCG CTA --- 



After deleting gaps. 969 sites
      8    969

Corvus_brachyrhynchos           ATG GCA ACT ACA GAT ACT GCT AAC TTT TAT TAT AAT TTC TCC ATC ACT GAT CCC TAT GAA AAC AGA AAT GAG AAT TTT CAT TTT ATA GGA GTC TTC CCA TGT ATG TAT TTT GTT GTT TTC ATC CTT GGC ATA GCA GGA AAT GCA CTG GTC TTT GGC ATA CTA GTT TTC CAC ATG AAA CTG AAG ATG CTG ACA GTA CTT TTG CTG AAC GTG GCT ATA GCT GAC CGG GCT TTT CTT TGG ATG CTG CCA CTC TGG GCA TTT TCA GCT GCT CAG GAG TGG ACT TCA GGC ATC GTG GCA TGT CAT ATT ATA TGG GGC TTG TAC ACT TCA ATG TTA ACT CTG ATG TCT ATC ACC TTT GAC CAG CTT ATT GCT GTT ACT TTT GCC ACC AAA CCA CAC TGT CAA ACC ATA CAA ATG GCA TGG GGC AAA TTA ATC TCT GTC TTG ATT TGG GTG ATC CAA GTA TTT GCT GCA CCA CAC TTT TTG GGA GGT GTT AAT TTT GAT AAG GCA ATA TGT CAG GAA GAA TAC CCA AAC CCC GCA GAA CTG TTT CTT GAA GTG ATC CAA GTG ACC CTT GTT TAT TTT ATT CCT ACA CTA GCC ACG ATC ATC TGC TAC TCA CTA ATT ATT AGA ACC TTA CTG TGT GCT AGA AGT CTC CAA AAG AAC AAA CTT ATA AAA ATA CTT TCT GTA GTT GTC CTA TTT ATT CTT ACC CAA ATA CCC TAT ACT TTC TTC AGA TTG ATA AAG ATC ATA GAC TGG AGC TTT AAA TTG AAC AGC AGC TTT GAA AAG GCA ATT ATC GTA ACA AAA GCT CTT GCT TAT TTT TAT GGC TGT CTT AAC CCT TAT TTC TTC ATG GAA ATG AAA ATC AGG AAG TTA AAA ATT ATT AAA AAA TCA AGA TGT GCC AAA TGG CAA GTT ACA GTA CAA ACA ACT GAA GAG GAA GAC TCA ACT TTT ACT GCT CCA TAT AGT GCA GAT GCC ACA AGC ATG TAC CCA CTG 
Falco_peregrinus                ATG GCA ACT ACA GAT GCT GTT AAC TTT TAT TAT AAC TTC TCC ATC AAT GAT CCC AAT GAA AAC GGA AGT GAG AAT CTT CAC TTT ACA AAT GTC TTC CCC TGT ATG TAT TCA GCT GTT TTC ATC CTT GGG CTA GCA GGA AAT ACA CTG GTC TTT GTC ATA CTA GTT TTC TAC GAG AAA CTG AAG GTG CTG ACA ATA TTT TTG CTG AAC TTG GCT ATA GCT GAC TGG GTC TTC CTT TGG ACG CTG CCA TTC TGG GCA TAT TCT GGT GTT CAG GAG TGG ACT TTT GGC ACT GTG GCA TGT CGT GTT ATA CGG GGC TTG TAC ACT TCG ATG TTA ACT CTA ACG TCT ATC ACC TTT GAC CGG CTT ATT GCT ATT ACT TTT GCC ACA AAA GCA CAT TGT CAA ACC AAA CGA ATG ACA TGG GGC AAA CTG ATC TGT GTC TTG ATC TGG GCG ATC CTA GCA TTT GCT GCA CCA CAG TTT ATT GAG GTG TTT AGT ATT GAT AAG GCA ATA TGT CAG GAA GAA TAC CCA AAC TAT CGC GAA CTA GTT CTT GAA GTG ATC CAA GTG ACC CTT GGC TAT TTT ATT CCC ATG CTA GCC ATG GTC ATC TGC TAC TCA CTA ATC ATT AGA ACC TTA CTG CAT GCC AGG AGT TTT CAA AAG AAC AAA CTA AAA AAA ATA TTT TCT GTA GTT GCC ATA TTT ATT CTT ACT CAG TCA CCC TAT ACT TTC TTG AGA CTG TTA AAG ATC ATA GAT TGG AGC TTT AAC TTG AAC AGC AAC TTT GAA TAT GCA ATC ATC ATA ACA GAA GCT CTT GCT TAT TTC CAT GGC TGT CTT AAC CCT TAT TTC TTC ATG GGG GTG AAA TTC AGG AGG TTA AAA ATT ATT AAA AAC TCA AGA TGC ACT AAA TGG CAA GTT ACA GCT CAA ACC ACA GAA GAG GAA GGC TCT ACT TTT ACT GCC TCA AAT AAT GCA GAT GCA ACA AGC ATG TAC CCG CTA 
Falco_tinnunculus               ATG GCA ACT ACA GAT GCT GTT AAC TTT TAT TAT AAC TTC TCC ATC AAT GAT CCC AAT GAA AAT GGA AGT GAG AAT CTT CAC TTT ACA AAT GTC TTC CCC TGT ATG TAT TCA GCT GTT TTC ATC CTT GGG CTA GCA GGA AAT ACA CTG GTC TTT GTC ATA CTA GTT TTC TAC GAG AAA CTG AAG GTG CTG ACA ATA TTT TTG CTG AAC TTG GCT ATA GCT GAC TGG GTC TTC CTT TGG ACG CTG CCA TTC TGG GCA TAT TCT GCT GTT CAG GAG TGG ACT TTT GGC ACT GTG GCA TGT CGT GTT ATA CGG GGC TTG TAC ACT TCA ATG TTA ACT CTA ACG TCT ATC ACC TTT GAC CGG CTT ATT GCT ATT ACT TTT GCC ACA AAA GCA CAT TGT CAA ACC AAA CGA ATG ACA TGG GGC AAA CTG ATC TGT GTC TTG ATC TGG GCG ATC CTA GCA TTT GCT GCA CCA CAG TTT ATT GAG GTG TTT AGT ATT GAT AAG GCA ATA TGT CAG GAA GAA TAC CCA AAC TAT CGC GAA CTA GTT CTT GAA GTG ATC CAA GTG ACC CTT GGC TAT TTT ATT CCC ATG CTA GCC ATG GTC ATC TGC TAC TCA CTA ATC ATT AGA ACC TTA CTG CAT GCC AGG AGT TTT CAA AAG AAC AAA CTA AAA AAA ATA TTT TCT GTA GTT GCC ATA TTT ATT CTT ACT CAG TCA CCC TAT ACT TTC TTG AGA CTG TTA AAG ATC ATA GAC TGG AGC TTT AAC TTG AAC AGC AAC TTT GAA TAT GCA ATC ATC ATA ACA GAA GCT CTT GCT TAT TTC CAT GGC TGT CTT AAC CCT TAT TTC TTC ATG GGG GTG AAA TTC AGG AGG TTA AAA ATT GTT AAA AAC TCA AGA TGC ATT AAA TGG CAA GTT ACA GCT CAA ACC ACA GAA GAG GAA GGC TCT ACA TTT ACT GCC TCA AAT AAT GCA GAT GCA ACA AGC ATG TAC CCA CTA 
Aquila_chrysaetos               ATG GCA ACT ACA GAT GCT GCC AAC TTT TAT TAT AAC TTC TCC ATC ATT GAT CCC AAC GAA AAT GGA AGT GAG AAT TTT CAC TTT ACA AGA GTC TTC CCC TGT ATG TAT TCG GCT GTT TTC ATC CTT GGG CTA GCA GGA AAT GCA CTT GTC TTT GTC ATA CTA GCT TTC TAT GAG AAA CAG AAG ATG CTA ACA ATA TTT TTG CTG AAC TTG GCT ATA GCT GAC TGG GTC TTC CTT TGG ACG CTG CCA TTC TGG GCA TAT TCT GCT GCT CAG GAG TGG ACT TTT GGC ACC ATG GCA TGT CGT ATT ATA CGA GGC TTG TAC ACT TCA ATG CTA ACT CTA ACA TCT ATC ACC TTT GAC CGG CTT ATT GCT ATT ACT TTT GCG ACC AAA GCA CGT TGT CAA ACC AAA CGA ATG ACA TGG GGC AAA TTA ATC TGT GTC TTG ATC TGG GTG ATC CTA GCA TTT GCT GCA CCA CAG TTT ATT GAG GTG TTT AGT ATT GAT AAG ACA ATA TGC CAG GAA GAA TAC CCA AAC CAT CAC GAA ATG GTT CTT GAA GTG ATC CAA GTG ACC CTT GGC TAT TTT ATT CCC ATG CTA GCC ATG ATC ATC TGC TAC TCA CTA ATT ATT AGA ACC TTA CTG CAT GCC AGG AGT TTT CAA AAG AAC AAA CTA AAG AAA ATA TTT TCT GTA GTT GCT ATA TTT ATT CTT ACT CAG TCA CCC TAC ACT TTC TTG AGA CTG ATA AAG ATC ATA GAC TGG AGC TTT AAC CTG AAC AGC AGC TTT GAA TAT GCA ATC ATT ATA ACA GAA GCT CTT GCT TAT TTC CAC GGC TGT CTT AAT CCT TAT TTC TTC ATG GGG GTG AAA TTC AGG AGG TTA AAA ATT ATT AAA AAT TCA AGA TGC GTC AAA CGG CAA ATT ATA GCT CAA ACC ACT GAA GAA GAA GGC TCT ACT TTT ACT GCC TCA AAT AAT GCA GAT GCA ACA AGC ATG TAC CAG CTA 
Haliaeetus_leucocephalus        ATG GCA ACT ACA GAT ACT GCC AAC TTT TAT TAT AAC TTC TCC ATC ATT GAT CCC AAC GAA AAT GGA AGT GAG AAT TTT CAT TTT ACA AGA GTC TTC CCC TGT ATG TAT TCG GCT GTT TTC ATC CTT GGG CTA GCA GGA AAT GCA CTT GTC TTT GTC ATA CTA GCT TTC TAT GAG AAA CGG AAG ATG CTG ACA ATA TTT TTG CTG AAC TTG GCC ATA GCT GAC TGG GTC TTC CTT TGG ACA CTG CCA TTC TGG GCA TAT TCT GCT GCT CAG GAG TGG ACT TTT GGC ACC GTG GCA TGT CGT ATT ATA CGA GGC TTG TAC ACT TCA ATG CTA ACT CTA ACG TCT ATC ACC TTT GAC CGG CTT ATT GCT ATT ACT TTT GCA ACC AAA GCA CGT TGT CAA ACC AAA CGA ATG ACA TGG GGC AAA TTA ATC TGT GTC TTG ATC TGG GTG ATC CTA GCA TTT GCT GCA CCA CAG TTT ATT GAG GTG TTT AGT ATT GAT AAG ACA ATA TGC CAG GAA GAA TAC CCA AAC CAT CAC GAA ATG GTT CTT GAA GTG ATC CAA GTG ACC CTT GGC TAT TTT ATT CCC ATG CTA GCC ATG ATC ATC TGC TAC TCA CTA ATT ATT AGA ACC TTA CTG CAT GCC AGG AGT TTT CAA AAG AAC AAA CTA AAG AAA ATA TTT TCT GTA GTT GCC ATA TTT ATT CTT ACT CAG TCA CCC TAC ACT TTC TTG AGA CTG ATA AAG ATC ATA GAC TGG AGC TTT AAC CTG AAC AGC AGC TTT GAA TAT GCA ATC ATT ATA ACA GAA GCT CTT GCT TAT TTC CAC GGC TGT CTT AAT CCT TAT TTC TTC ATG GGG GTG AAA TTC AGG AGG TTA AAA ATT ATT AAA AAT TCA AGA TGC GTC AAA CGG CAA GTT ATG GTT CAA ACC ACT GAA GAA GAA GGC TCT ACT TTT ACT GCC TCC AAT AAT GCA GAT GCA ACA AGC ATG TAC CAG CTA 
Tyto_alba                       ATG GCA AAT ACA GAT GCT GCC AAC TTT TAT TAT AAC TTC TCC ATC ATT GAT CCC AAT GAA AAT GGA AGT GAG AAT TTT CAC TTT ACA ACA ATC TTC CCC TGC ATG TAC TCG GCT GTT TTC ATC CTT GGG CTA GCA GGA AAT GCC CTG GTC TTT GTC ATA CTA GTT TTC TAT GAG AAA CTG AAG ATG CTG ACA ATA TTT TTG CTG AAC TTG GCT ATA GCT GAC TGG GTC TTC CTT TGG ACG CTG CCA TTC TGG GCA TAT TCT GCA GCT CAG GAG TGG ACT TTT GGC ACC GTG GCA TGT CGT ATT ATA CGG GGC TTG TAC ACT TCA ATG TTA ACT CTA ACA TCT ATC ACC TTT GAT CGG CTT ATT GCT ATT ACT TTT GCC ACC AAA GCA CAT TGT CAA ACC AAA CGA ATG ATA TGG GGC AAA TTA ATC TGT GTC TTG ATC TGG GTT ATA CTA GCA TTT GCC ACA CCG CAG TTT ATT GAG GTG TTT AGT ATT GAT AAG GCA ATA TGT CAG GAA GAA TAC TCA AAC CAT CAC GAA CTG GTT CTT GAA GTG ATC CAA GTG ACC CTT GGC TAT TTT ATT CCC ATG CTA GCC ATG ATC ATC TGC TAC TCA CTA ATT ATT AGA ACC TTA CTG CAT GCC AGG AGT TTT CAA AAG AAC AAA CTG AAA AAA ATA TTT TCT GTA GTT GTT ATA TTT ATT CTT ACT CAG TCA CCC TAT ACT TTC TTG AGA CTA ATA AAG ATC ATA GAC TGG AGC TTT AAC TTG AAC AGC AGC TTT GAA TAC GCA ATC ATT GTA ACA GAA GCT CTA GCT TAT TTC CAT GGC TGT CTT AAC CCT TAT TTC TTC ATG GGG GTG AAA TTC AGG AGG TTA AAA ATA ATT AAA AAC TCA AGA TGC ATC AAA CGG CAA GTT GCA GCT CAA ACC ACC GAA GAG GAA GGC TCT ACT TTT TCT GCC TCA AAT AAT GCA GAT GCA ACA AGC ATG TAC CCG CTA 
Leptosomus_discolor             ATG GCA ACT TCA GAT GCC ACT AAC TTT TAT TAT AAC TTC TCC ATC ATT GAT CCC AAC GAA AAC AGA AGC GAC AAT TTT CAC TTT ACA AAA GTC TTC CCC TGT ATG TAT TTG ACT GTT TTC ATC CTT GGG CTA GCA GGA AAT GCG CTG GTC TTT GTC ATA CTA GTT TTC TAC GAG AAA CTG AAG ATG CTG ACA ATA TTT TTG CTG AAC TTG GCT ACA GCT GAC TGG GTC TTC CTT TGG ACA CTT CCA TTC TGG GCA TAT TCT GCT GCT CAG GAG TGG ACT TTT GGC ACT GTG GCA TGT CGT ATT ATA CGG GGC TTG TAC ACT TCA ATG TTA ACT CTA ACG TCT ATC ACC TTT GAC CGG CTT ATT GCT ATT ACT TTT GCC ACC AAA GCA CGT TGT CAA ACC AAA CGA ATG ACA TGG GGC AAA TTA ATC TGT GTC TTG ATC TGG GTG ATC CTA GCA TTT GCT GCA CCA CAG TTT ATT GAG GTG TTC AGT ATT GAT AAG GCA ATA TGT GAG GAA GAA TAC CCA AGC CAT CGC GAA CTG GTT CTT GAG GTG ATT CAA GTG ACC CTT GGC TAT TTT ATT CCC ATG CTA GCC ATG ATC ATC TGC TAC TCA CTA ATT ATT AGA ACC TTA CTG CAC GCC AGG AGT TTT CAA AAG AAC AAA CTG AAA AAG ATA TTT TCT GTA GTT GCC GTA TTT ATT CTT ACT CAG TCA CCC TAT ACT TTC TTG AGA CTG ATA AAG ATC ATA GAT TGG AGC TTT AAC TTG AAC AGC AGC TTT GAA TAT GCA ATC ATC GTA ACA GAA GCT CTT GCT TAT TTC CAT GGC TGT CTT AAC CCT TAT TTC TTC ATG GGG GTG AAA TTC AGG AGG CTC AAA ATT ATT AAA AAC TCA AGA TGC GTC AAA TGG CAA GTT ACG GCT CAA CCA ACT GAA GAG GAA GGC TCT ACT TTC ACT GCC TCA AAT AAT GCA GAT GCA ACA AGC ATG TAC CCA CTA 
Colius_striatus                 ATG GCA ACG ACA GAC GCA GAT AAC TTT TAT TAT AAC TTC TCC ATC GTT GAT CCA GAC GAA AAT GGA AGT GAG AAT TTT CAC TTT ACA AGA GTC TTC CCC TGT ACC TAC TCG GTT GTT TTC ATC CTG GGG CTA GCA GGA AAC ACA CTG GTC TTT GTC ATA CTG GTT TTC TAT GAG AAG CTG AAG ATG CTG ACA ATA TTT TTG CTG AAC TTG GCT GTA GCT GAC TGG GTC TTC CTT TGG ACG CTG CCA TTC TGG GCG CAT TCG GCC GCT CAG GAG TGG GCT TTC GGC ACG GTG GCG TGT CGT GTC ATA CGG GGC TTG TAC ACT TCC ATG TTA ACC CTG ACA TCT ATC ACC TTT GAC AGG CTT GTT GCT ATT ACT TTT GCC ACC AAA GCA CAC TGT CAA ACC AAA CGA ACG ACG TGG GGC AAG GCA GTG TGT GTC TTG ATC TGG GTG ATC CTA GGC TTT GCC ACA CCA CAG TTT ATT GAG GTG GTT AGC ATT GAT AAG GCG ATA TGT CAC GAA AAA TAC CCA AAC CAC GGC GAA CTG GTT CTT GAA GTG ATC CAA GTG ACA CTT GGC TAT TTT ATT CCC ATG CTA GCC ATG ATC ATC TGC TAC TCA CTA ATT GTT AGA ACC TTA CTG CAC GCC AGG AAT TTC CAA AAG AAG AAA CTC AAG AAA ATA TTT TCT GTA GTT GCC ATA TTT ATT CTG ACT CAG TCA CCT TAT ACT TTC CTG AGA CTC ATA AAG ATC ATA GAC TGG AGC TTT AAC TTG AAC AGC AGC TTT GAA TAT GCA ATC ATC GTA ACA GAA GCT CTC GCT TAC CTC CAC GGC TGT CTC AAC CCT TAT TTC TTC ATG GGG GTC AAA TTC AGG AGG TTA AAA ATT ATT AAG AGT TTA AGA TGC ATC AAA GGG AGA GTT ACA GCG CAA ACC ACT GAA GAG GAA GGC TCT ACA TTT ACT GCC TCC AAT AAC GCA GAT GCC ACA AGC ATG GAT CCG CTA 



Printing out site pattern counts


         8        678  P

Corvus_brachyrhynchos           AAA AAA AAA AAA AAA AAA AAC AAC AAC AAC AAC AAG AAG AAG AAT AAT AAT AAT AAT ACA ACA ACA ACA ACA ACC ACC ACC ACC ACG ACT ACT ACT ACT ACT ACT ACT ACT ACT AGA AGA AGA AGC AGC AGG AGT AGT ATA ATA ATA ATA ATA ATA ATA ATA ATC ATC ATC ATC ATC ATC ATC ATC ATG ATG ATG ATG ATG ATG ATG ATG ATT ATT ATT ATT ATT ATT ATT CAA CAA CAA CAA CAA CAC CAC CAC CAG CAG CAG CAT CAT CCA CCA CCA CCA CCA CCA CCA CCC CCC CCC CCT CCT CGG CTA CTA CTA CTC CTC CTG CTG CTG CTG CTG CTG CTG CTG CTT CTT CTT CTT CTT CTT GAA GAA GAA GAA GAC GAC GAC GAC GAG GAG GAG GAT GAT GCA GCA GCA GCA GCA GCA GCA GCC GCC GCC GCC GCT GCT GCT GCT GCT GCT GCT GCT GGA GGA GGA GGC GGC GGC GGT GTA GTA GTA GTA GTA GTC GTC GTC GTG GTG GTG GTG GTT GTT GTT GTT GTT GTT GTT TAC TAC TAT TAT TAT TAT TAT TAT TAT TCA TCA TCA TCA TCA TCA TCC TCT TCT TGC TGG TGG TGG TGT TGT TGT TGT TGT TTA TTA TTA TTA TTC TTC TTG TTG TTG TTG TTT TTT TTT TTT TTT TTT TTT TTT TTT 
Falco_peregrinus                ... ... ... ..C ..C G.. ... ... ... ... ... ... .G. T.T ..C ... ... .G. .G. ... ... ... ..C .TG ..A ... ... ..T .T. .A. ..A ... ... ... ... ... ... G.. ... ..G G.. .A. ... ... .A. ... .A. .A. .C. ... ... C.. TC. T.. .CT ... ... ... ... ... G.. T.. .C. .C. ... ... ... GA. G.. G.. ..C ..C ... ... ... ... G.. ... ... ..G .G. .T. ..G ..T T.. ... ... .G. ..C .G. ... ... ... ..C ..G G.. T.. ... ... TAT ..C ... T.. A.. ... ... T.. T.T ..A ..A ..A ... ... ... ... ... ..A ... ... ... ... T.. ... ... ... .GG ... ... ..T .G. ... ... ... ... ... A.. A.. CGC ... ... ... ... A.T ..A ... ... ..C ... ... ... .G. .TC .T. .T. AAT .AG ... ... ..G .T. .TG A.. A.. .C. .CT ... .C. ... ... .C. ... ... T.. A.. .C. .GC ... ... ... T.. ... ... A.. A.. C.. ... ... ... ... ... ... ..G ..T ..T .TT ... ... .G. ... C.. ... ... CA. ..C ... ... ... C.G ... ... ... ... ..G A.T C.. ... ... A.. C.. G.. .A. .CA ..C ..C ... ... 
Falco_tinnunculus               ... ... ... ..C ..C G.. ... ... ... ... ..T ... .G. T.T ..C ... ... .G. .G. ... ... ... ..C .TG ..A ... ... ..T .T. .A. ..A ..A ... ... ... ... ... G.. ... ..G G.. .A. ... ... .A. ... .A. .A. .C. ... ... C.. TC. T.. .CT ... ... ... ... ... G.. T.. .C. .C. ... ... ... GA. G.. G.. ..C ..C ... ... ... G.. G.. ... ... ..G .G. .T. ..G ..T T.. ... ... .G. ..C .G. ... ... ... ..C ... G.. T.. ... ... TAT ..C ... T.. A.. ... ... T.. T.T ..A ..A ..A ... ... ... ... ... ..A ... ... ... ... T.. ... ... ... .GG ... ... ... .G. ... ... ... ... ... A.. A.. CGC ... ... ... ... ATT ..A ... ... ..C ... ... ... ... .TC .T. .T. AAT .AG ... ... ..G .T. .TG A.. A.. .C. .CT ... .C. ... ... .C. ... ... T.. A.. .C. .GC ... ... ... T.. ... ... A.. A.. C.. ... ... ... ... ... ... ... ..T ..T .TT ... ... .G. ... C.. ... ... CA. ..C ... ... ... C.G ... ... ... ... ..G A.T C.. ... ... A.. C.. G.. .A. .CA ..C ..C ... ... 
Aquila_chrysaetos               ... ... ... ..C ..T G.. ... ... ... ..T ..T ... .G. T.T ..C ... ... .G. .G. ... ... .T. ..C .TG ... ... ... ..T .T. .T. ... ... ... ... ... ... ... G.. ... ..G G.. ... ... ... .A. ... .A. .AG .C. ... ... C.. TC. ... .C. ... ... ... ... ..T ... T.. .CA .C. ... ... ... GA. ... G.. ..C ... ... ... ... ... ... ... ... ..G .G. .T. ..G .GT T.T ... ... .G. ..C .G. ... ... ... ..C .AG G.. T.. ... ... .AT ..C ... T.. A.. ... ... T.. T.T A.. ..A ..A .A. ..A ... ... ..T ..A ... ... ... ... T.. ... ... ... .GG ... ... ... .G. ..A ... ... ... ... A.. ... CAC A.. ... ... ... .T. ..A ... ..G ..C ... ... ... ... .TC ..C ... A.. .AG ... ... ..G .T. .TG A.. A.. .C. .CT ... .CT ... ... ... A.. ... T.. A.. .C. .GC A.. .C. ... T.. ... ... A.C A.. C.C ..C ... ... ... ... ... ... ..T ..T .TT ... ... .G. ... C.A C.. ... CA. ..C ..C ... ... ... C.. ... ... ... ..G A.T C.. C.. ... A.. ... G.. .A. .CG ..C ..C ... ... 
Haliaeetus_leucocephalus        ... ... ... ..C ..T G.. ... ... ... ..T ..T ... .G. T.T ..C ... ... .G. .G. ... ... .TG ..C .TG ... ... ... ..T .T. .T. ... ... ... ... ... ... ... ... ... ..G G.. ... ... ... .A. ... .A. .AG .C. ... ... C.. TC. ... .C. ... ... ... ... ..T ... T.. .C. .CA ... ... ... GA. ... G.. ..C ... ... ... ... ... ... ... ... ..G .G. .T. ..G .GT T.T ... ... .G. ... .G. ... ... ... ..C .AG G.. T.C ... ... .AT ..C ... T.. A.. ... ... T.. T.T A.. ..A ..A .G. ... ... ... ..T ..A ... ... ... ... T.. ... ... ... .GG ... ... ... .G. ..A ... ... ... ... A.. ... CAC A.. ... ... ... .T. ..A ... ..A ..C ..C ... ... ... .TC ..C ... A.. .AG ... ... ..G .T. .TG A.. A.. .C. ..T ... .C. ... ... ... ... ... T.. A.. .C. .GC ... .C. ... T.. ... ... A.C A.. C.C ..C ... ... ... ... ... ... ..T ..T .TT ... ... .G. ... C.A C.. ... CA. ..C ..C ... ... ... C.. ... ... ... ..G A.T C.. C.. ... A.. ... G.. .A. .CG ..C ..C ... ... 
Tyto_alba                       ... ... ... ..C ..C G.. ... ... ... ... ..T ... .G. T.C ..C ... ... .G. .G. ... ... G.. ..C .TG ... ... ... ..T .T. .T. ..C ... .A. ... ... ... T.. G.. ... ..G G.. ... ... ... .A. ... .A. .A. .C. ... ... C.. TC. ... .C. ..A ... ... ... ..T ... T.. .CA .C. ... ... ... GA. ... G.. ..C ... ..A ... ... ... ... ... ... ..G .G. .T. ..G ..T T.T ... ... .G. ..C .G. ... ..G T.. ..C ..G G.. T.. ... ... .AT ..C ... T.. A.. ... ... T.. T.T ... ..A ..A ... ... ... ... ... ..G ..A ... ... ... T.. ... ... ... .GG ... ..T ... .G. ... ... ... ... ... AT. ..C CAC ... A.. ... ... AT. ..A ... ... ..C ... ..C ... ..A .TC ..C ... AC. .AG ... ... ..G .T. .TG A.. ... .C. .CT ... ..T A.. ... ..T ... ... T.. A.. .C. .GC ... ... ... T.. ... ... A.. A.. C.. ... ..C ... ... ... ... ... ..T ..T .TT ... ... .G. ... C.. C.. ... CA. ..C ... ..C ... ... ... ... ... ... ..G A.T C.A ... ... A.. ... G.. .A. .CG ..C ..C ... ... 
Leptosomus_discolor             ... ... ..G ..C ..C G.. ... ... .G. ... ... ... .G. T.T ..C ... ... .GC .G. ... T.. ..G C.. .TG ... ... ... ..T .T. .T. ... ... ... ... ... ... ... G.C ... ..G ... ... ... ... .A. ... .A. .A. .C. .C. ... C.. TC. ... .CT ... ... ... ..T ... ... T.. .C. .CA ... ... ... GA. ... G.. ..C ... ... ... ... ... ... ... ... ..G .G. .T. ..G .GT T.. ... G.. .G. ..C .G. ... ... ... ..C ... G.. T.. ... ... .AT ..C ... T.. G.. ... ... T.. T.T ... ..A ..A ... ... ... ..T ... ..G ... ... ... ... T.. ... ... ..G .GG ... ... ..T .G. ... ..C ... ... ... A.. ..G CGC ... ... ... ... .T. ..A ... ... ..C ... ... ... ... .TC A.. ... AA. .AG ... ... ..G .T. .TG A.. ... .C. .CT ... .C. ... ... ... ... ... T.. A.. AC. .GC ... ... ... T.C ... ... A.C A.. C.. ... ... ... ... ... ... ... ..T ..T .TT ... ... .G. ... C.. ... ... CAC ..C ... ... ... ... ... C.C ... ... ..G A.T C.. ... ... A.. ... G.. .A. ..G ..C ..C ..C ... 
Colius_striatus                 ... ..G ... ..C .GT G.. ... ..G ... ... ..T ... .G. T.T ..C ..C ... .G. .GC ... ... ... ..C .TG ... ..A ... ..T .T. GT. ... ..A ..G ..C ... G.. ... G.A ... ..G G.. ... ... ... .AC .A. .A. .AG .C. G.. ... C.. TC. ... .CG ... ... G.G ... ... ... T.. .CA .C. .CC .C. ... GA. ... G.C ..C ... ... ... G.. ... G.C AG. ... ..G .G. .T. ..G ... T.T ... ..C AG. ..C .G. ... ... ... ..C ..G G.. T.C ..A ..T .A. ..C ... T.. A.. ... ..G T.. T.. ... ..A ... ... ... ... ... ... ..C ..C ..C ..G ... T.. A.. ... ... .GG ... ... ... .G. ... ... ... ..C ... A.G A.. .GC ..G A.. ... ..G AT. ... ... ... ..C ... ..C ... ..C .TC .A. ... A.. .AG ... ... ..G .T. .TG A.. ... .GC .CG ... .C. ... ... ... ... ... T.. A.. ... .GC ... ... ... ... G.T ... G.C A.. C.C ... ..C ..C ... ... .T. ..C ..G ..T .TC ... ... .G. ... C.. G.. ... CAC ..C ... ... ... GC. ... ... ... ... C.G A.T C.C ... ... A.. ... G.. CA. .CG C.C ..C ... ... 

    5    3    1    1    1    1    3    1    1    1    1    4    1    1    1
    1    1    1    1    3    1    1    1    1    1    1    3    1    1    1
    1    1    1    1    3    1    1    1    3    1    1    1    3    1    1
    1    1    1    1    1    5    1    1    1    1    1    5    1    1    1
    1    1    1    1    1    1    4    1    1    1    2    1    1    2    2
    1    1    1    4    1    1    1    1    1    1    1    1    1    1    1
    1    1    1    1    1    1    1    1    1    1    1    1    1    1    2
    1    1    1    1    1    1    1    1    2    1    1    1    1    1    2
    4    2    1    6    1    1    1    1    1    1    1    1    1    1    3
    1    1    1    1    1    4    2    1    1    1    1    2    1    1    4
    1    1    1    1    1    1    1    4    1    1    1    1    1    1    1
    1    1    1    2    1    1    2    1    1    1    1    1    1    2    1
    1    3    1    1    1    1    1    1    4    1    1    1    1    1    1
    1    2    1    1    1    1    6    1    1    1    1    3    1    1    1
    1    7    1    1    1    1    3    1    1    1    1    1    1    1    1
   11

CODONML (in paml version 4.9j, October 2019)  Corvus_brachyrhynchos.aln
Model: free dN/dS Ratios for branches, 
Codon frequency model: F3x4
ns =   8  ls = 323

Codon usage in sequences
--------------------------------------------------------------------------------------------------------------------------------------
Phe TTT  19  17  17  18  18  18 | Ser TCT   3   4   4   4   4   5 | Tyr TAT  10  10  10   9   9   8 | Cys TGT   7   6   6   5   5   5
    TTC   8  11  11  11  11  11 |     TCC   1   1   1   1   2   1 |     TAC   4   5   5   5   5   6 |     TGC   1   2   2   3   3   3
Leu TTA   4   4   4   3   3   4 |     TCA   6   5   6   5   4   6 | *** TAA   0   0   0   0   0   0 | *** TGA   0   0   0   0   0   0
    TTG   6   6   6   5   5   6 |     TCG   0   1   0   1   1   1 |     TAG   0   0   0   0   0   0 | Trp TGG   8   8   8   7   7   7
--------------------------------------------------------------------------------------------------------------------------------------
Leu CTT  11   9   9   9   9   7 | Pro CCT   2   1   1   1   1   1 | His CAT   2   3   3   2   3   4 | Arg CGT   0   1   1   2   2   1
    CTC   2   0   0   0   0   0 |     CCC   3   4   4   4   4   4 |     CAC   3   1   1   3   2   2 |     CGC   0   1   1   0   0   0
    CTA   4   9   9  10   9   9 |     CCA   7   3   4   3   3   1 | Gln CAA   8   5   5   5   5   5 |     CGA   0   1   1   2   2   1
    CTG   9   8   8   5   6   8 |     CCG   0   1   0   0   0   2 |     CAG   3   4   4   6   5   4 |     CGG   1   2   2   2   3   3
--------------------------------------------------------------------------------------------------------------------------------------
Ile ATT  10   9   9  14  13  12 | Thr ACT  11  11   9  10  11   7 | Asn AAT   5   7   8   7   7   7 | Ser AGT   2   3   3   3   3   3
    ATC  12  12  12  11  11  12 |     ACC   6   5   5   7   7   8 |     AAC   7  11  10   8   8   9 |     AGC   4   3   3   4   4   4
    ATA  12   9   9  11  10  12 |     ACA   7  10  11   8   8   8 | Lys AAA  12  11  11  10  10  11 | Arg AGA   5   3   3   4   4   3
Met ATG  11   8   8  11  11   9 |     ACG   1   2   2   1   1   1 |     AAG   6   4   4   5   5   4 |     AGG   1   3   3   3   3   3
--------------------------------------------------------------------------------------------------------------------------------------
Val GTT   8   8   9   3   5   7 | Ala GCT  12   9  10  13   9   9 | Asp GAT   4   5   4   4   4   5 | Gly GGT   1   1   0   0   0   0
    GTC   4   6   6   6   6   4 |     GCC   4   5   5   4   6   7 |     GAC   4   2   3   3   3   2 |     GGC   6   6   6   6   6   6
    GTA   5   1   1   1   1   2 |     GCA  11  11  11  11  12  12 | Glu GAA   9   9   9  10  10   9 |     GGA   3   2   2   2   2   2
    GTG   5   6   6   5   6   5 |     GCG   0   1   1   1   0   0 |     GAG   3   5   5   4   4   5 |     GGG   0   2   2   2   2   2
--------------------------------------------------------------------------------------------------------------------------------------

----------------------------------------------------------------------
Phe TTT  16  15 | Ser TCT   4   3 | Tyr TAT   9   7 | Cys TGT   6   6
    TTC  13  12 |     TCC   1   3 |     TAC   5   5 |     TGC   2   2
Leu TTA   3   4 |     TCA   6   2 | *** TAA   0   0 | *** TGA   0   0
    TTG   7   5 |     TCG   0   2 |     TAG   0   0 | Trp TGG   8   7
----------------------------------------------------------------------
Leu CTT   9   4 | Pro CCT   1   2 | His CAT   2   1 | Arg CGT   2   1
    CTC   1   5 |     CCC   4   2 |     CAC   2   6 |     CGC   1   0
    CTA   7   5 |     CCA   5   4 | Gln CAA   5   4 |     CGA   1   1
    CTG   8  12 |     CCG   0   1 |     CAG   3   3 |     CGG   2   1
----------------------------------------------------------------------
Ile ATT  13   8 | Thr ACT  13   6 | Asn AAT   4   4 | Ser AGT   2   2
    ATC  11  12 |     ACC   5   7 |     AAC  10   9 |     AGC   6   5
    ATA   7   8 |     ACA   7  11 | Lys AAA  11   8 | Arg AGA   4   5
Met ATG   9   7 |     ACG   2   5 |     AAG   5   9 |     AGG   3   4
----------------------------------------------------------------------
Val GTT   5  10 | Ala GCT   9   7 | Asp GAT   5   5 | Gly GGT   0   0
    GTC   6   7 |     GCC   6   8 |     GAC   3   5 |     GGC   6   8
    GTA   3   3 |     GCA  11   7 | Glu GAA   8   8 |     GGA   1   2
    GTG   6   6 |     GCG   1   4 |     GAG   6   5 |     GGG   2   3
----------------------------------------------------------------------

Codon position x base (3x4) table for each sequence.

#1: Corvus_brachyrhynchos
position  1:    T:0.23839    C:0.17028    A:0.34675    G:0.24458
position  2:    T:0.40248    C:0.22910    A:0.24768    G:0.12074
position  3:    T:0.33127    C:0.21362    A:0.28793    G:0.16718
Average         T:0.32405    C:0.20433    A:0.29412    G:0.17750

#2: Falco_peregrinus
position  1:    T:0.24768    C:0.16409    A:0.34365    G:0.24458
position  2:    T:0.38080    C:0.22910    A:0.25387    G:0.13622
position  3:    T:0.32198    C:0.23220    A:0.25697    G:0.18885
Average         T:0.31682    C:0.20846    A:0.28483    G:0.18989

#3: Falco_tinnunculus
position  1:    T:0.24768    C:0.16409    A:0.34056    G:0.24768
position  2:    T:0.38390    C:0.22910    A:0.25387    G:0.13313
position  3:    T:0.31889    C:0.23220    A:0.26625    G:0.18266
Average         T:0.31682    C:0.20846    A:0.28689    G:0.18782

#4: Aquila_chrysaetos
position  1:    T:0.23839    C:0.16718    A:0.36223    G:0.23220
position  2:    T:0.38080    C:0.22910    A:0.25077    G:0.13932
position  3:    T:0.32198    C:0.23529    A:0.26316    G:0.17957
Average         T:0.31373    C:0.21053    A:0.29205    G:0.18369

#5: Haliaeetus_leucocephalus
position  1:    T:0.23839    C:0.16718    A:0.35913    G:0.23529
position  2:    T:0.38390    C:0.22601    A:0.24768    G:0.14241
position  3:    T:0.31889    C:0.24149    A:0.25697    G:0.18266
Average         T:0.31373    C:0.21156    A:0.28793    G:0.18679

#6: Tyto_alba      
position  1:    T:0.25077    C:0.16099    A:0.34985    G:0.23839
position  2:    T:0.39009    C:0.22601    A:0.25077    G:0.13313
position  3:    T:0.30650    C:0.24458    A:0.26316    G:0.18576
Average         T:0.31579    C:0.21053    A:0.28793    G:0.18576

#7: Leptosomus_discolor
position  1:    T:0.24768    C:0.16409    A:0.34675    G:0.24149
position  2:    T:0.38390    C:0.23220    A:0.24149    G:0.14241
position  3:    T:0.30960    C:0.25387    A:0.24458    G:0.19195
Average         T:0.31373    C:0.21672    A:0.27761    G:0.19195

#8: Colius_striatus
position  1:    T:0.22601    C:0.16099    A:0.34056    G:0.27245
position  2:    T:0.38080    C:0.22910    A:0.24458    G:0.14551
position  3:    T:0.25077    C:0.29721    A:0.22291    G:0.22910
Average         T:0.28586    C:0.22910    A:0.26935    G:0.21569

Sums of codon usage counts
------------------------------------------------------------------------------
Phe F TTT     138 | Ser S TCT      31 | Tyr Y TAT      72 | Cys C TGT      46
      TTC      88 |       TCC      11 |       TAC      40 |       TGC      18
Leu L TTA      29 |       TCA      40 | *** * TAA       0 | *** * TGA       0
      TTG      46 |       TCG       6 |       TAG       0 | Trp W TGG      60
------------------------------------------------------------------------------
Leu L CTT      67 | Pro P CCT      10 | His H CAT      20 | Arg R CGT      10
      CTC       8 |       CCC      29 |       CAC      20 |       CGC       3
      CTA      62 |       CCA      30 | Gln Q CAA      42 |       CGA       9
      CTG      64 |       CCG       4 |       CAG      32 |       CGG      16
------------------------------------------------------------------------------
Ile I ATT      88 | Thr T ACT      78 | Asn N AAT      49 | Ser S AGT      21
      ATC      93 |       ACC      50 |       AAC      72 |       AGC      33
      ATA      78 |       ACA      70 | Lys K AAA      84 | Arg R AGA      31
Met M ATG      74 |       ACG      15 |       AAG      42 |       AGG      23
------------------------------------------------------------------------------
Val V GTT      55 | Ala A GCT      78 | Asp D GAT      36 | Gly G GGT       2
      GTC      45 |       GCC      45 |       GAC      25 |       GGC      50
      GTA      17 |       GCA      86 | Glu E GAA      72 |       GGA      16
      GTG      45 |       GCG       8 |       GAG      37 |       GGG      15
------------------------------------------------------------------------------


Codon position x base (3x4) table, overall

position  1:    T:0.24187    C:0.16486    A:0.34868    G:0.24458
position  2:    T:0.38584    C:0.22872    A:0.24884    G:0.13661
position  3:    T:0.30998    C:0.24381    A:0.25774    G:0.18847
Average         T:0.31256    C:0.21246    A:0.28509    G:0.18989

Codon frequencies under model, for use in evolver (TTT TTC TTA TTG ... GGG):
  0.02998959  0.02358732  0.02493516  0.01823337
  0.01777718  0.01398205  0.01478102  0.01080835
  0.01934133  0.01521228  0.00000000  0.00000000
  0.01061818  0.00835138  0.00000000  0.00645575
  0.02044090  0.01607711  0.01699581  0.01242786
  0.01211692  0.00953016  0.01007475  0.00736697
  0.01318305  0.01036869  0.01096119  0.00801516
  0.00723735  0.00569230  0.00601757  0.00440024
  0.04323299  0.03400347  0.03594653  0.02628522
  0.02562758  0.02015652  0.02130832  0.01558131
  0.02788246  0.02193002  0.02318317  0.01695226
  0.01530717  0.01203934  0.01272731  0.00930660
  0.03032547  0.02385149  0.02521444  0.01843758
  0.01797628  0.01413865  0.01494657  0.01092940
  0.01955795  0.01538266  0.01626167  0.01189104
  0.01073710  0.00844491  0.00892748  0.00652805


TREE #  1:  (((7, 8), 6), (5, 4), (1, (2, 3)));   MP score: 304
check convergence..
lnL(ntime: 13  np: 27):  -2831.491604      +0.000000
   9..10   10..11   11..7    11..8    10..6     9..12   12..5    12..4     9..13   13..1    13..14   14..2    14..3  
 0.000067 0.000004 0.111738 0.319354 0.104925 0.087971 0.026753 0.018701 0.000004 0.413023 0.082380 0.015843 0.009727 4.059873 0.000100 0.000100 0.268852 0.203014 0.222583 0.251945 0.307506 0.282075 0.000100 0.816064 0.648388 0.293948 0.182563

Note: Branch length is defined as number of nucleotide substitutions per codon (not per neucleotide site).

tree length =  1.190490

(((7: 0.111738, 8: 0.319354): 0.000004, 6: 0.104925): 0.000067, (5: 0.026753, 4: 0.018701): 0.087971, (1: 0.413023, (2: 0.015843, 3: 0.009727): 0.082380): 0.000004);

(((Leptosomus_discolor: 0.111738, Colius_striatus: 0.319354): 0.000004, Tyto_alba: 0.104925): 0.000067, (Haliaeetus_leucocephalus: 0.026753, Aquila_chrysaetos: 0.018701): 0.087971, (Corvus_brachyrhynchos: 0.413023, (Falco_peregrinus: 0.015843, Falco_tinnunculus: 0.009727): 0.082380): 0.000004);

Detailed output identifying parameters

kappa (ts/tv) =  4.05987

w (dN/dS) for branches:  0.00010 0.00010 0.26885 0.20301 0.22258 0.25194 0.30751 0.28207 0.00010 0.81606 0.64839 0.29395 0.18256

dN & dS for each branch

 branch          t       N       S   dN/dS      dN      dS  N*dN  S*dS

   9..10     0.000   683.6   285.4  0.0001  0.0000  0.0001   0.0   0.0
  10..11     0.000   683.6   285.4  0.0001  0.0000  0.0000   0.0   0.0
  11..7      0.112   683.6   285.4  0.2689  0.0207  0.0769  14.1  22.0
  11..8      0.319   683.6   285.4  0.2030  0.0494  0.2432  33.8  69.4
  10..6      0.105   683.6   285.4  0.2226  0.0172  0.0775  11.8  22.1
   9..12     0.088   683.6   285.4  0.2519  0.0156  0.0621  10.7  17.7
  12..5      0.027   683.6   285.4  0.3075  0.0054  0.0174   3.7   5.0
  12..4      0.019   683.6   285.4  0.2821  0.0036  0.0126   2.4   3.6
   9..13     0.000   683.6   285.4  0.0001  0.0000  0.0000   0.0   0.0
  13..1      0.413   683.6   285.4  0.8161  0.1291  0.1582  88.3  45.1
  13..14     0.082   683.6   285.4  0.6484  0.0237  0.0365  16.2  10.4
  14..2      0.016   683.6   285.4  0.2939  0.0031  0.0105   2.1   3.0
  14..3      0.010   683.6   285.4  0.1826  0.0014  0.0077   1.0   2.2

tree length for dN:       0.2691
tree length for dS:       0.7027

dS tree:
(((Leptosomus_discolor: 0.076928, Colius_striatus: 0.243197): 0.000005, Tyto_alba: 0.077460): 0.000076, (Haliaeetus_leucocephalus: 0.017436, Aquila_chrysaetos: 0.012631): 0.062095, (Corvus_brachyrhynchos: 0.158204, (Falco_peregrinus: 0.010523, Falco_tinnunculus: 0.007660): 0.036519): 0.000005);
dN tree:
(((Leptosomus_discolor: 0.020682, Colius_striatus: 0.049372): 0.000000, Tyto_alba: 0.017241): 0.000000, (Haliaeetus_leucocephalus: 0.005362, Aquila_chrysaetos: 0.003563): 0.015644, (Corvus_brachyrhynchos: 0.129105, (Falco_peregrinus: 0.003093, Falco_tinnunculus: 0.001398): 0.023679): 0.000000);

w ratios as labels for TreeView:
(((Leptosomus_discolor #0.268852 , Colius_striatus #0.203014 ) #0.0001 , Tyto_alba #0.222583 ) #0.0001 , (Haliaeetus_leucocephalus #0.307506 , Aquila_chrysaetos #0.282075 ) #0.251945 , (Corvus_brachyrhynchos #0.816064 , (Falco_peregrinus #0.293948 , Falco_tinnunculus #0.182563 ) #0.648388 ) #0.0001 );


Time used: 10:15
