
Loaded 'libv3/convenience/matrix.bf' from /usr/local/lib/hyphy/TemplateBatchFiles/libv3/convenience/matrix.bf
Loaded 'libv3/UtilityFunctions.bf' from /usr/local/lib/hyphy/TemplateBatchFiles/libv3/UtilityFunctions.bf
Loaded 'IOFunctions.bf' from /usr/local/lib/hyphy/TemplateBatchFiles/libv3/IOFunctions.bf
Already loaded 'libv3/UtilityFunctions.bf' from /usr/local/lib/hyphy/TemplateBatchFiles/libv3/UtilityFunctions.bf
Loaded 'convenience/regexp.bf' from /usr/local/lib/hyphy/TemplateBatchFiles/libv3/convenience/regexp.bf
Loaded 'libv3/all-terms.bf' from /usr/local/lib/hyphy/TemplateBatchFiles/libv3/all-terms.bf
Variable 'skipCodeSelectionStep' was not initialized prior to being used
Row and/or column partition is empty. All the data will be used by default.
Overwritten previously defined function:'GaussLaguerreQuardature'
Overwritten previously defined function:'GammaQuadWeight'
Variable 'SKIP_HARVEST_FREQ' was not initialized prior to being used
Variable '_WRAP_PASSTHROUGH_FLAG_' was not initialized prior to being used
Variable 'END_OF_FILE' was not initialized prior to being used
Variable '_DO_TREE_REBALANCE_' was not initialized prior to being used
Variable '_KEEP_I_LABELS_' was not initialized prior to being used
Model MG94customModel assigned to Leptosomus_discolor
Leptosomus_discolor has 2 parameters - branch length not assigned
Model MG94customModel assigned to Colius_striatus
Colius_striatus has 2 parameters - branch length not assigned
Model MG94customModel assigned to Node2
Node2 has 2 parameters - branch length not assigned
Model MG94customModel assigned to Tyto_alba
Tyto_alba has 2 parameters - branch length not assigned
Model MG94customModel assigned to Node1
Node1 has 2 parameters - branch length not assigned
Model MG94customModel assigned to Haliaeetus_leucocephalus
Haliaeetus_leucocephalus has 2 parameters - branch length not assigned
Model MG94customModel assigned to Aquila_chrysaetos
Aquila_chrysaetos has 2 parameters - branch length not assigned
Model MG94customModel assigned to Node6
Node6 has 2 parameters - branch length not assigned
Model MG94customModel assigned to Corvus_brachyrhynchos
Corvus_brachyrhynchos has 2 parameters - branch length not assigned
Model MG94customModel assigned to Falco_peregrinus
Falco_peregrinus has 2 parameters - branch length not assigned
Model MG94customModel assigned to Falco_tinnunculus
Falco_tinnunculus has 2 parameters - branch length not assigned
Model MG94customModel assigned to Node11
Node11 has 2 parameters - branch length not assigned
Model MG94customModel assigned to Node9
Node9 has 2 parameters - branch length not assigned
The tips of the tree:givenTree were matched with the species names from the data in the following numeric order (0-based) {6,7,5,4,3,0,1,2}

Pseudo-optimal path's cost 2287 vs 3239 for 1..k=> a 1.41627 x improvement
Partition 0 reversible model flag computed as 1
Variable 'theLnLik' was not initialized prior to being used
Variable 'SAVE_OPT_STATUS_TO' was not initialized prior to being used
Variable 'givenTree.Leptosomus_discolor.nonSynRate' was not initialized prior to being used
Variable 'givenTree.Leptosomus_discolor.synRate' was not initialized prior to being used
Variable 'givenTree.Colius_striatus.nonSynRate' was not initialized prior to being used
Variable 'givenTree.Colius_striatus.synRate' was not initialized prior to being used
Variable 'givenTree.Tyto_alba.nonSynRate' was not initialized prior to being used
Variable 'givenTree.Tyto_alba.synRate' was not initialized prior to being used
Variable 'givenTree.Haliaeetus_leucocephalus.nonSynRate' was not initialized prior to being used
Variable 'givenTree.Haliaeetus_leucocephalus.synRate' was not initialized prior to being used
Variable 'givenTree.Aquila_chrysaetos.nonSynRate' was not initialized prior to being used
Variable 'givenTree.Aquila_chrysaetos.synRate' was not initialized prior to being used
Variable 'givenTree.Corvus_brachyrhynchos.nonSynRate' was not initialized prior to being used
Variable 'givenTree.Corvus_brachyrhynchos.synRate' was not initialized prior to being used
Variable 'givenTree.Falco_peregrinus.nonSynRate' was not initialized prior to being used
Variable 'givenTree.Falco_peregrinus.synRate' was not initialized prior to being used
Variable 'givenTree.Falco_tinnunculus.nonSynRate' was not initialized prior to being used
Variable 'givenTree.Falco_tinnunculus.synRate' was not initialized prior to being used
Variable 'givenTree.Node2.nonSynRate' was not initialized prior to being used
Variable 'givenTree.Node2.synRate' was not initialized prior to being used
Variable 'givenTree.Node1.nonSynRate' was not initialized prior to being used
Variable 'givenTree.Node1.synRate' was not initialized prior to being used
Variable 'givenTree.Node6.nonSynRate' was not initialized prior to being used
Variable 'givenTree.Node6.synRate' was not initialized prior to being used
Variable 'givenTree.Node11.nonSynRate' was not initialized prior to being used
Variable 'givenTree.Node11.synRate' was not initialized prior to being used
Variable 'givenTree.Node9.nonSynRate' was not initialized prior to being used
Variable 'givenTree.Node9.synRate' was not initialized prior to being used
Site 21 evaluated to a 0 probability in ComputeTreeBlockByBranch
Site 229 evaluated to a 0 probability in ComputeTreeBlockByBranch
Site 21 evaluated to a 0 probability in ComputeTreeBlockByBranch
Site 163 evaluated to a 0 probability in ComputeTreeBlockByBranch
Site 156 evaluated to a 0 probability in ComputeTreeBlockByBranch
Site 21 evaluated to a 0 probability in ComputeTreeBlockByBranch
Auto-benchmarked an optimal number (2) of threads.
Set GUI update interval to every 16-th LF evaluation.
Initial guess for givenTree.Node2.nonSynRate is -0.00161797
Initial guess for givenTree.Node2.synRate is -0.000792923
Initial guess for givenTree.Leptosomus_discolor.nonSynRate is 0.0280419
Initial guess for givenTree.Leptosomus_discolor.synRate is 0.0079575
Initial guess for givenTree.Colius_striatus.nonSynRate is 0.0612452
Initial guess for givenTree.Colius_striatus.synRate is 0.031436
Initial guess for givenTree.Tyto_alba.nonSynRate is 0.0192005
Initial guess for givenTree.Tyto_alba.synRate is 0.0106025
Initial guess for givenTree.Node6.nonSynRate is -0.00365335
Initial guess for givenTree.Node6.synRate is -0.000878653
Initial guess for givenTree.Haliaeetus_leucocephalus.nonSynRate is 0.00636774
Initial guess for givenTree.Haliaeetus_leucocephalus.synRate is 0.000874264
Initial guess for givenTree.Aquila_chrysaetos.nonSynRate is 0.00712261
Initial guess for givenTree.Aquila_chrysaetos.synRate is 0.00102328
Initial guess for givenTree.Node9.nonSynRate is 0.0179385
Initial guess for givenTree.Node9.synRate is 0.0054981
Initial guess for givenTree.Corvus_brachyrhynchos.nonSynRate is 0.0866152
Initial guess for givenTree.Corvus_brachyrhynchos.synRate is 0.0455205
Initial guess for givenTree.Node11.nonSynRate is 0.00326519
Initial guess for givenTree.Node11.synRate is -0.000926871
Initial guess for givenTree.Falco_peregrinus.nonSynRate is 0.00350179
Initial guess for givenTree.Falco_peregrinus.synRate is 0.00111921
Initial guess for givenTree.Falco_tinnunculus.nonSynRate is 0.00222397
Initial guess for givenTree.Falco_tinnunculus.synRate is 0.000778329
Optimization settings:
	OPTIMIZATION_METHOD = 4
	OPTIMIZATION_PRECISION = 0.001
	MAXIMUM_ITERATIONS_PER_VARIABLE = 5000

Initial parameter values

GT = 1
CT = 1
AC = 1
CG = 1
AT = 1
givenTree.Leptosomus_discolor.synRate = 0.0079575
givenTree.Leptosomus_discolor.nonSynRate = 0.0280419
givenTree.Colius_striatus.synRate = 0.031436
givenTree.Colius_striatus.nonSynRate = 0.0612452
givenTree.Node2.synRate = 0
givenTree.Node2.nonSynRate = 0
givenTree.Tyto_alba.synRate = 0.0106025
givenTree.Tyto_alba.nonSynRate = 0.0192005
givenTree.Node1.synRate = 0.1
givenTree.Node1.nonSynRate = 0.1
givenTree.Haliaeetus_leucocephalus.synRate = 0.000874264
givenTree.Haliaeetus_leucocephalus.nonSynRate = 0.00636774
givenTree.Aquila_chrysaetos.synRate = 0.00102328
givenTree.Aquila_chrysaetos.nonSynRate = 0.00712261
givenTree.Node6.synRate = 0
givenTree.Node6.nonSynRate = 0
givenTree.Corvus_brachyrhynchos.synRate = 0.0455205
givenTree.Corvus_brachyrhynchos.nonSynRate = 0.0866152
givenTree.Falco_peregrinus.synRate = 0.00111921
givenTree.Falco_peregrinus.nonSynRate = 0.00350179
givenTree.Falco_tinnunculus.synRate = 0.000778329
givenTree.Falco_tinnunculus.nonSynRate = 0.00222397
givenTree.Node11.synRate = 0
givenTree.Node11.nonSynRate = 0.00326519
givenTree.Node9.synRate = 0.0054981
givenTree.Node9.nonSynRate = 0.0179385
Optimization finished in 21 loop passes.
2612 likelihood evaluation calls and 9878 matrix exponentiations calls were made

Variable 'lastDepth' was not initialized prior to being used
No nodel was assigned to Leptosomus_discolor
Leptosomus_discolor has 0 parameters - branch length not assigned
No nodel was assigned to Colius_striatus
Colius_striatus has 0 parameters - branch length not assigned
No nodel was assigned to Node2
Node2 has 0 parameters - branch length not assigned
No nodel was assigned to Tyto_alba
Tyto_alba has 0 parameters - branch length not assigned
No nodel was assigned to Node1
Node1 has 0 parameters - branch length not assigned
No nodel was assigned to Haliaeetus_leucocephalus
Haliaeetus_leucocephalus has 0 parameters - branch length not assigned
No nodel was assigned to Aquila_chrysaetos
Aquila_chrysaetos has 0 parameters - branch length not assigned
No nodel was assigned to Node6
Node6 has 0 parameters - branch length not assigned
No nodel was assigned to Corvus_brachyrhynchos
Corvus_brachyrhynchos has 0 parameters - branch length not assigned
No nodel was assigned to Falco_peregrinus
Falco_peregrinus has 0 parameters - branch length not assigned
No nodel was assigned to Falco_tinnunculus
Falco_tinnunculus has 0 parameters - branch length not assigned
No nodel was assigned to Node11
Node11 has 0 parameters - branch length not assigned
No nodel was assigned to Node9
Node9 has 0 parameters - branch length not assigned
No nodel was assigned to Leptosomus_discolor
Leptosomus_discolor has 0 parameters - branch length not assigned
No nodel was assigned to Colius_striatus
Colius_striatus has 0 parameters - branch length not assigned
No nodel was assigned to Node2
Node2 has 0 parameters - branch length not assigned
No nodel was assigned to Tyto_alba
Tyto_alba has 0 parameters - branch length not assigned
No nodel was assigned to Node1
Node1 has 0 parameters - branch length not assigned
No nodel was assigned to Haliaeetus_leucocephalus
Haliaeetus_leucocephalus has 0 parameters - branch length not assigned
No nodel was assigned to Aquila_chrysaetos
Aquila_chrysaetos has 0 parameters - branch length not assigned
No nodel was assigned to Node6
Node6 has 0 parameters - branch length not assigned
No nodel was assigned to Corvus_brachyrhynchos
Corvus_brachyrhynchos has 0 parameters - branch length not assigned
No nodel was assigned to Falco_peregrinus
Falco_peregrinus has 0 parameters - branch length not assigned
No nodel was assigned to Falco_tinnunculus
Falco_tinnunculus has 0 parameters - branch length not assigned
No nodel was assigned to Node11
Node11 has 0 parameters - branch length not assigned
No nodel was assigned to Node9
Node9 has 0 parameters - branch length not assigned
No nodel was assigned to Leptosomus_discolor
Leptosomus_discolor has 0 parameters - branch length not assigned
No nodel was assigned to Colius_striatus
Colius_striatus has 0 parameters - branch length not assigned
No nodel was assigned to Node2
Node2 has 0 parameters - branch length not assigned
No nodel was assigned to Tyto_alba
Tyto_alba has 0 parameters - branch length not assigned
No nodel was assigned to Node1
Node1 has 0 parameters - branch length not assigned
No nodel was assigned to Haliaeetus_leucocephalus
Haliaeetus_leucocephalus has 0 parameters - branch length not assigned
No nodel was assigned to Aquila_chrysaetos
Aquila_chrysaetos has 0 parameters - branch length not assigned
No nodel was assigned to Node6
Node6 has 0 parameters - branch length not assigned
No nodel was assigned to Corvus_brachyrhynchos
Corvus_brachyrhynchos has 0 parameters - branch length not assigned
No nodel was assigned to Falco_peregrinus
Falco_peregrinus has 0 parameters - branch length not assigned
No nodel was assigned to Falco_tinnunculus
Falco_tinnunculus has 0 parameters - branch length not assigned
No nodel was assigned to Node11
Node11 has 0 parameters - branch length not assigned
No nodel was assigned to Node9
Node9 has 0 parameters - branch length not assigned
No nodel was assigned to Leptosomus_discolor
Leptosomus_discolor has 0 parameters - branch length not assigned
No nodel was assigned to Colius_striatus
Colius_striatus has 0 parameters - branch length not assigned
No nodel was assigned to Node2
Node2 has 0 parameters - branch length not assigned
No nodel was assigned to Tyto_alba
Tyto_alba has 0 parameters - branch length not assigned
No nodel was assigned to Node1
Node1 has 0 parameters - branch length not assigned
No nodel was assigned to Haliaeetus_leucocephalus
Haliaeetus_leucocephalus has 0 parameters - branch length not assigned
No nodel was assigned to Aquila_chrysaetos
Aquila_chrysaetos has 0 parameters - branch length not assigned
No nodel was assigned to Node6
Node6 has 0 parameters - branch length not assigned
No nodel was assigned to Corvus_brachyrhynchos
Corvus_brachyrhynchos has 0 parameters - branch length not assigned
No nodel was assigned to Falco_peregrinus
Falco_peregrinus has 0 parameters - branch length not assigned
No nodel was assigned to Falco_tinnunculus
Falco_tinnunculus has 0 parameters - branch length not assigned
No nodel was assigned to Node11
Node11 has 0 parameters - branch length not assigned
No nodel was assigned to Node9
Node9 has 0 parameters - branch length not assigned
Variable 'nodeName' was not initialized prior to being used
Variable 'speciesIndex' was not initialized prior to being used
Row and/or column partition is empty. All the data will be used by default.
Model MG94customModel assigned to Leptosomus_discolor
Model MG94customModel assigned to Colius_striatus
One branch tree supplied - hopefully this IS what you meant to do.
Rooted tree. Removing one branch - the left root child has been promoted to be the new root
Partition 0 reversible model flag computed as 1
Variable 'twoLnLik' was not initialized prior to being used
Variable 't2.Colius_striatus.nonSynRate' was not initialized prior to being used
Variable 't2.Colius_striatus.synRate' was not initialized prior to being used
Auto-benchmarked an optimal number (6) of threads.
Set GUI update interval to every 5434-th LF evaluation.
Optimization settings:
	OPTIMIZATION_METHOD = 4
	OPTIMIZATION_PRECISION = 0.001
	MAXIMUM_ITERATIONS_PER_VARIABLE = 5000

Initial parameter values

t2.Colius_striatus.nonSynRate = 0.1
t2.Colius_striatus.synRate = 0.1
Optimization finished in 6 loop passes.
219 likelihood evaluation calls and 202 matrix exponentiations calls were made

Row and/or column partition is empty. All the data will be used by default.
Model MG94customModel assigned to Leptosomus_discolor
Model MG94customModel assigned to Tyto_alba
One branch tree supplied - hopefully this IS what you meant to do.
Rooted tree. Removing one branch - the left root child has been promoted to be the new root
Partition 0 reversible model flag computed as 1
Variable 't2.Tyto_alba.nonSynRate' was not initialized prior to being used
Variable 't2.Tyto_alba.synRate' was not initialized prior to being used
Auto-benchmarked an optimal number (3) of threads.
Set GUI update interval to every 5319-th LF evaluation.
Optimization settings:
	OPTIMIZATION_METHOD = 4
	OPTIMIZATION_PRECISION = 0.001
	MAXIMUM_ITERATIONS_PER_VARIABLE = 5000

Initial parameter values

t2.Tyto_alba.nonSynRate = 0.1
t2.Tyto_alba.synRate = 0.1
Optimization finished in 6 loop passes.
212 likelihood evaluation calls and 195 matrix exponentiations calls were made

Row and/or column partition is empty. All the data will be used by default.
Model MG94customModel assigned to Leptosomus_discolor
Model MG94customModel assigned to Haliaeetus_leucocephalus
One branch tree supplied - hopefully this IS what you meant to do.
Rooted tree. Removing one branch - the left root child has been promoted to be the new root
Partition 0 reversible model flag computed as 1
Variable 't2.Haliaeetus_leucocephalus.synRate' was not initialized prior to being used
Variable 't2.Haliaeetus_leucocephalus.nonSynRate' was not initialized prior to being used
Auto-benchmarked an optimal number (4) of threads.
Set GUI update interval to every 5376-th LF evaluation.
Optimization settings:
	OPTIMIZATION_METHOD = 4
	OPTIMIZATION_PRECISION = 0.001
	MAXIMUM_ITERATIONS_PER_VARIABLE = 5000

Initial parameter values

t2.Haliaeetus_leucocephalus.synRate = 0.1
t2.Haliaeetus_leucocephalus.nonSynRate = 0.1
Optimization finished in 6 loop passes.
170 likelihood evaluation calls and 152 matrix exponentiations calls were made

Row and/or column partition is empty. All the data will be used by default.
Model MG94customModel assigned to Leptosomus_discolor
Model MG94customModel assigned to Aquila_chrysaetos
One branch tree supplied - hopefully this IS what you meant to do.
Rooted tree. Removing one branch - the left root child has been promoted to be the new root
Partition 0 reversible model flag computed as 1
Variable 't2.Aquila_chrysaetos.synRate' was not initialized prior to being used
Variable 't2.Aquila_chrysaetos.nonSynRate' was not initialized prior to being used
Auto-benchmarked an optimal number (3) of threads.
Set GUI update interval to every 5681-th LF evaluation.
Optimization settings:
	OPTIMIZATION_METHOD = 4
	OPTIMIZATION_PRECISION = 0.001
	MAXIMUM_ITERATIONS_PER_VARIABLE = 5000

Initial parameter values

t2.Aquila_chrysaetos.synRate = 0.1
t2.Aquila_chrysaetos.nonSynRate = 0.1
Optimization finished in 6 loop passes.
231 likelihood evaluation calls and 214 matrix exponentiations calls were made

Row and/or column partition is empty. All the data will be used by default.
Model MG94customModel assigned to Leptosomus_discolor
Model MG94customModel assigned to Corvus_brachyrhynchos
One branch tree supplied - hopefully this IS what you meant to do.
Rooted tree. Removing one branch - the left root child has been promoted to be the new root
Partition 0 reversible model flag computed as 1
Variable 't2.Corvus_brachyrhynchos.synRate' was not initialized prior to being used
Variable 't2.Corvus_brachyrhynchos.nonSynRate' was not initialized prior to being used
Auto-benchmarked an optimal number (3) of threads.
Set GUI update interval to every 5319-th LF evaluation.
Optimization settings:
	OPTIMIZATION_METHOD = 4
	OPTIMIZATION_PRECISION = 0.001
	MAXIMUM_ITERATIONS_PER_VARIABLE = 5000

Initial parameter values

t2.Corvus_brachyrhynchos.synRate = 0.1
t2.Corvus_brachyrhynchos.nonSynRate = 0.1
Optimization finished in 6 loop passes.
218 likelihood evaluation calls and 199 matrix exponentiations calls were made

Row and/or column partition is empty. All the data will be used by default.
Model MG94customModel assigned to Leptosomus_discolor
Model MG94customModel assigned to Falco_peregrinus
One branch tree supplied - hopefully this IS what you meant to do.
Rooted tree. Removing one branch - the left root child has been promoted to be the new root
Partition 0 reversible model flag computed as 1
Variable 't2.Falco_peregrinus.nonSynRate' was not initialized prior to being used
Variable 't2.Falco_peregrinus.synRate' was not initialized prior to being used
Auto-benchmarked an optimal number (5) of threads.
Set GUI update interval to every 5882-th LF evaluation.
Optimization settings:
	OPTIMIZATION_METHOD = 4
	OPTIMIZATION_PRECISION = 0.001
	MAXIMUM_ITERATIONS_PER_VARIABLE = 5000

Initial parameter values

t2.Falco_peregrinus.nonSynRate = 0.1
t2.Falco_peregrinus.synRate = 0.1
Optimization finished in 6 loop passes.
175 likelihood evaluation calls and 159 matrix exponentiations calls were made

Row and/or column partition is empty. All the data will be used by default.
Model MG94customModel assigned to Leptosomus_discolor
Model MG94customModel assigned to Falco_tinnunculus
One branch tree supplied - hopefully this IS what you meant to do.
Rooted tree. Removing one branch - the left root child has been promoted to be the new root
Partition 0 reversible model flag computed as 1
Variable 't2.Falco_tinnunculus.nonSynRate' was not initialized prior to being used
Variable 't2.Falco_tinnunculus.synRate' was not initialized prior to being used
Auto-benchmarked an optimal number (4) of threads.
Set GUI update interval to every 5882-th LF evaluation.
Optimization settings:
	OPTIMIZATION_METHOD = 4
	OPTIMIZATION_PRECISION = 0.001
	MAXIMUM_ITERATIONS_PER_VARIABLE = 5000

Initial parameter values

t2.Falco_tinnunculus.nonSynRate = 0.1
t2.Falco_tinnunculus.synRate = 0.1
Optimization finished in 6 loop passes.
199 likelihood evaluation calls and 179 matrix exponentiations calls were made

Row and/or column partition is empty. All the data will be used by default.
Model MG94customModel assigned to Colius_striatus
Model MG94customModel assigned to Tyto_alba
One branch tree supplied - hopefully this IS what you meant to do.
Rooted tree. Removing one branch - the left root child has been promoted to be the new root
Partition 0 reversible model flag computed as 1
Variable 't2.Tyto_alba.synRate' was not initialized prior to being used
Variable 't2.Tyto_alba.nonSynRate' was not initialized prior to being used
Auto-benchmarked an optimal number (2) of threads.
Set GUI update interval to every 5434-th LF evaluation.
Optimization settings:
	OPTIMIZATION_METHOD = 4
	OPTIMIZATION_PRECISION = 0.001
	MAXIMUM_ITERATIONS_PER_VARIABLE = 5000

Initial parameter values

t2.Tyto_alba.synRate = 0.1
t2.Tyto_alba.nonSynRate = 0.1
Optimization finished in 5 loop passes.
143 likelihood evaluation calls and 127 matrix exponentiations calls were made

Row and/or column partition is empty. All the data will be used by default.
Model MG94customModel assigned to Colius_striatus
Model MG94customModel assigned to Haliaeetus_leucocephalus
One branch tree supplied - hopefully this IS what you meant to do.
Rooted tree. Removing one branch - the left root child has been promoted to be the new root
Partition 0 reversible model flag computed as 1
Variable 't2.Haliaeetus_leucocephalus.nonSynRate' was not initialized prior to being used
Variable 't2.Haliaeetus_leucocephalus.synRate' was not initialized prior to being used
Auto-benchmarked an optimal number (3) of threads.
Set GUI update interval to every 5555-th LF evaluation.
Optimization settings:
	OPTIMIZATION_METHOD = 4
	OPTIMIZATION_PRECISION = 0.001
	MAXIMUM_ITERATIONS_PER_VARIABLE = 5000

Initial parameter values

t2.Haliaeetus_leucocephalus.nonSynRate = 0.1
t2.Haliaeetus_leucocephalus.synRate = 0.1
Optimization finished in 7 loop passes.
189 likelihood evaluation calls and 171 matrix exponentiations calls were made

Row and/or column partition is empty. All the data will be used by default.
Model MG94customModel assigned to Colius_striatus
Model MG94customModel assigned to Aquila_chrysaetos
One branch tree supplied - hopefully this IS what you meant to do.
Rooted tree. Removing one branch - the left root child has been promoted to be the new root
Partition 0 reversible model flag computed as 1
Variable 't2.Aquila_chrysaetos.nonSynRate' was not initialized prior to being used
Variable 't2.Aquila_chrysaetos.synRate' was not initialized prior to being used
Auto-benchmarked an optimal number (3) of threads.
Set GUI update interval to every 5813-th LF evaluation.
Optimization settings:
	OPTIMIZATION_METHOD = 4
	OPTIMIZATION_PRECISION = 0.001
	MAXIMUM_ITERATIONS_PER_VARIABLE = 5000

Initial parameter values

t2.Aquila_chrysaetos.nonSynRate = 0.1
t2.Aquila_chrysaetos.synRate = 0.1
Optimization finished in 8 loop passes.
144 likelihood evaluation calls and 124 matrix exponentiations calls were made

Row and/or column partition is empty. All the data will be used by default.
Model MG94customModel assigned to Colius_striatus
Model MG94customModel assigned to Corvus_brachyrhynchos
One branch tree supplied - hopefully this IS what you meant to do.
Rooted tree. Removing one branch - the left root child has been promoted to be the new root
Partition 0 reversible model flag computed as 1
Variable 't2.Corvus_brachyrhynchos.nonSynRate' was not initialized prior to being used
Variable 't2.Corvus_brachyrhynchos.synRate' was not initialized prior to being used
Auto-benchmarked an optimal number (4) of threads.
Set GUI update interval to every 5813-th LF evaluation.
Optimization settings:
	OPTIMIZATION_METHOD = 4
	OPTIMIZATION_PRECISION = 0.001
	MAXIMUM_ITERATIONS_PER_VARIABLE = 5000

Initial parameter values

t2.Corvus_brachyrhynchos.nonSynRate = 0.1
t2.Corvus_brachyrhynchos.synRate = 0.1
Optimization finished in 7 loop passes.
116 likelihood evaluation calls and 101 matrix exponentiations calls were made

Row and/or column partition is empty. All the data will be used by default.
Model MG94customModel assigned to Colius_striatus
Model MG94customModel assigned to Falco_peregrinus
One branch tree supplied - hopefully this IS what you meant to do.
Rooted tree. Removing one branch - the left root child has been promoted to be the new root
Partition 0 reversible model flag computed as 1
Variable 't2.Falco_peregrinus.nonSynRate' was not initialized prior to being used
Variable 't2.Falco_peregrinus.synRate' was not initialized prior to being used
Auto-benchmarked an optimal number (2) of threads.
Set GUI update interval to every 5555-th LF evaluation.
Optimization settings:
	OPTIMIZATION_METHOD = 4
	OPTIMIZATION_PRECISION = 0.001
	MAXIMUM_ITERATIONS_PER_VARIABLE = 5000

Initial parameter values

t2.Falco_peregrinus.nonSynRate = 0.1
t2.Falco_peregrinus.synRate = 0.1
Optimization finished in 6 loop passes.
102 likelihood evaluation calls and 94 matrix exponentiations calls were made

Row and/or column partition is empty. All the data will be used by default.
Model MG94customModel assigned to Colius_striatus
Model MG94customModel assigned to Falco_tinnunculus
One branch tree supplied - hopefully this IS what you meant to do.
Rooted tree. Removing one branch - the left root child has been promoted to be the new root
Partition 0 reversible model flag computed as 1
Variable 't2.Falco_tinnunculus.nonSynRate' was not initialized prior to being used
Variable 't2.Falco_tinnunculus.synRate' was not initialized prior to being used
Auto-benchmarked an optimal number (4) of threads.
Set GUI update interval to every 5617-th LF evaluation.
Optimization settings:
	OPTIMIZATION_METHOD = 4
	OPTIMIZATION_PRECISION = 0.001
	MAXIMUM_ITERATIONS_PER_VARIABLE = 5000

Initial parameter values

t2.Falco_tinnunculus.nonSynRate = 0.1
t2.Falco_tinnunculus.synRate = 0.1
Optimization finished in 5 loop passes.
168 likelihood evaluation calls and 149 matrix exponentiations calls were made

Row and/or column partition is empty. All the data will be used by default.
Model MG94customModel assigned to Tyto_alba
Model MG94customModel assigned to Haliaeetus_leucocephalus
One branch tree supplied - hopefully this IS what you meant to do.
Rooted tree. Removing one branch - the left root child has been promoted to be the new root
Partition 0 reversible model flag computed as 1
Variable 't2.Haliaeetus_leucocephalus.nonSynRate' was not initialized prior to being used
Variable 't2.Haliaeetus_leucocephalus.synRate' was not initialized prior to being used
Auto-benchmarked an optimal number (4) of threads.
Set GUI update interval to every 5813-th LF evaluation.
Optimization settings:
	OPTIMIZATION_METHOD = 4
	OPTIMIZATION_PRECISION = 0.001
	MAXIMUM_ITERATIONS_PER_VARIABLE = 5000

Initial parameter values

t2.Haliaeetus_leucocephalus.nonSynRate = 0.1
t2.Haliaeetus_leucocephalus.synRate = 0.1
Optimization finished in 7 loop passes.
170 likelihood evaluation calls and 156 matrix exponentiations calls were made

Row and/or column partition is empty. All the data will be used by default.
Model MG94customModel assigned to Tyto_alba
Model MG94customModel assigned to Aquila_chrysaetos
One branch tree supplied - hopefully this IS what you meant to do.
Rooted tree. Removing one branch - the left root child has been promoted to be the new root
Partition 0 reversible model flag computed as 1
Variable 't2.Aquila_chrysaetos.nonSynRate' was not initialized prior to being used
Variable 't2.Aquila_chrysaetos.synRate' was not initialized prior to being used
Auto-benchmarked an optimal number (3) of threads.
Set GUI update interval to every 5747-th LF evaluation.
Optimization settings:
	OPTIMIZATION_METHOD = 4
	OPTIMIZATION_PRECISION = 0.001
	MAXIMUM_ITERATIONS_PER_VARIABLE = 5000

Initial parameter values

t2.Aquila_chrysaetos.nonSynRate = 0.1
t2.Aquila_chrysaetos.synRate = 0.1
Optimization finished in 8 loop passes.
147 likelihood evaluation calls and 127 matrix exponentiations calls were made

Row and/or column partition is empty. All the data will be used by default.
Model MG94customModel assigned to Tyto_alba
Model MG94customModel assigned to Corvus_brachyrhynchos
One branch tree supplied - hopefully this IS what you meant to do.
Rooted tree. Removing one branch - the left root child has been promoted to be the new root
Partition 0 reversible model flag computed as 1
Variable 't2.Corvus_brachyrhynchos.nonSynRate' was not initialized prior to being used
Variable 't2.Corvus_brachyrhynchos.synRate' was not initialized prior to being used
Auto-benchmarked an optimal number (4) of threads.
Set GUI update interval to every 5813-th LF evaluation.
Optimization settings:
	OPTIMIZATION_METHOD = 4
	OPTIMIZATION_PRECISION = 0.001
	MAXIMUM_ITERATIONS_PER_VARIABLE = 5000

Initial parameter values

t2.Corvus_brachyrhynchos.nonSynRate = 0.1
t2.Corvus_brachyrhynchos.synRate = 0.1
Optimization finished in 6 loop passes.
158 likelihood evaluation calls and 131 matrix exponentiations calls were made

Row and/or column partition is empty. All the data will be used by default.
Model MG94customModel assigned to Tyto_alba
Model MG94customModel assigned to Falco_peregrinus
One branch tree supplied - hopefully this IS what you meant to do.
Rooted tree. Removing one branch - the left root child has been promoted to be the new root
Partition 0 reversible model flag computed as 1
Variable 't2.Falco_peregrinus.nonSynRate' was not initialized prior to being used
Variable 't2.Falco_peregrinus.synRate' was not initialized prior to being used
Auto-benchmarked an optimal number (2) of threads.
Set GUI update interval to every 5434-th LF evaluation.
Optimization settings:
	OPTIMIZATION_METHOD = 4
	OPTIMIZATION_PRECISION = 0.001
	MAXIMUM_ITERATIONS_PER_VARIABLE = 5000

Initial parameter values

t2.Falco_peregrinus.nonSynRate = 0.1
t2.Falco_peregrinus.synRate = 0.1
Optimization finished in 7 loop passes.
123 likelihood evaluation calls and 112 matrix exponentiations calls were made

Row and/or column partition is empty. All the data will be used by default.
Model MG94customModel assigned to Tyto_alba
Model MG94customModel assigned to Falco_tinnunculus
One branch tree supplied - hopefully this IS what you meant to do.
Rooted tree. Removing one branch - the left root child has been promoted to be the new root
Partition 0 reversible model flag computed as 1
Variable 't2.Falco_tinnunculus.nonSynRate' was not initialized prior to being used
Variable 't2.Falco_tinnunculus.synRate' was not initialized prior to being used
Auto-benchmarked an optimal number (2) of threads.
Set GUI update interval to every 5494-th LF evaluation.
Optimization settings:
	OPTIMIZATION_METHOD = 4
	OPTIMIZATION_PRECISION = 0.001
	MAXIMUM_ITERATIONS_PER_VARIABLE = 5000

Initial parameter values

t2.Falco_tinnunculus.nonSynRate = 0.1
t2.Falco_tinnunculus.synRate = 0.1
Optimization finished in 5 loop passes.
188 likelihood evaluation calls and 172 matrix exponentiations calls were made

Row and/or column partition is empty. All the data will be used by default.
Model MG94customModel assigned to Haliaeetus_leucocephalus
Model MG94customModel assigned to Aquila_chrysaetos
One branch tree supplied - hopefully this IS what you meant to do.
Rooted tree. Removing one branch - the left root child has been promoted to be the new root
Partition 0 reversible model flag computed as 1
Variable 't2.Aquila_chrysaetos.nonSynRate' was not initialized prior to being used
Variable 't2.Aquila_chrysaetos.synRate' was not initialized prior to being used
Auto-benchmarked an optimal number (4) of threads.
Set GUI update interval to every 5747-th LF evaluation.
Optimization settings:
	OPTIMIZATION_METHOD = 4
	OPTIMIZATION_PRECISION = 0.001
	MAXIMUM_ITERATIONS_PER_VARIABLE = 5000

Initial parameter values

t2.Aquila_chrysaetos.nonSynRate = 0.1
t2.Aquila_chrysaetos.synRate = 0.1
Optimization finished in 3 loop passes.
115 likelihood evaluation calls and 106 matrix exponentiations calls were made

Row and/or column partition is empty. All the data will be used by default.
Model MG94customModel assigned to Haliaeetus_leucocephalus
Model MG94customModel assigned to Corvus_brachyrhynchos
One branch tree supplied - hopefully this IS what you meant to do.
Rooted tree. Removing one branch - the left root child has been promoted to be the new root
Partition 0 reversible model flag computed as 1
Variable 't2.Corvus_brachyrhynchos.nonSynRate' was not initialized prior to being used
Variable 't2.Corvus_brachyrhynchos.synRate' was not initialized prior to being used
Auto-benchmarked an optimal number (4) of threads.
Set GUI update interval to every 5813-th LF evaluation.
Optimization settings:
	OPTIMIZATION_METHOD = 4
	OPTIMIZATION_PRECISION = 0.001
	MAXIMUM_ITERATIONS_PER_VARIABLE = 5000

Initial parameter values

t2.Corvus_brachyrhynchos.nonSynRate = 0.1
t2.Corvus_brachyrhynchos.synRate = 0.1
Optimization finished in 6 loop passes.
197 likelihood evaluation calls and 179 matrix exponentiations calls were made

Row and/or column partition is empty. All the data will be used by default.
Model MG94customModel assigned to Haliaeetus_leucocephalus
Model MG94customModel assigned to Falco_peregrinus
One branch tree supplied - hopefully this IS what you meant to do.
Rooted tree. Removing one branch - the left root child has been promoted to be the new root
Partition 0 reversible model flag computed as 1
Variable 't2.Falco_peregrinus.nonSynRate' was not initialized prior to being used
Variable 't2.Falco_peregrinus.synRate' was not initialized prior to being used
Auto-benchmarked an optimal number (4) of threads.
Set GUI update interval to every 5813-th LF evaluation.
Optimization settings:
	OPTIMIZATION_METHOD = 4
	OPTIMIZATION_PRECISION = 0.001
	MAXIMUM_ITERATIONS_PER_VARIABLE = 5000

Initial parameter values

t2.Falco_peregrinus.nonSynRate = 0.1
t2.Falco_peregrinus.synRate = 0.1
Optimization finished in 6 loop passes.
63 likelihood evaluation calls and 57 matrix exponentiations calls were made

Row and/or column partition is empty. All the data will be used by default.
Model MG94customModel assigned to Haliaeetus_leucocephalus
Model MG94customModel assigned to Falco_tinnunculus
One branch tree supplied - hopefully this IS what you meant to do.
Rooted tree. Removing one branch - the left root child has been promoted to be the new root
Partition 0 reversible model flag computed as 1
Variable 't2.Falco_tinnunculus.nonSynRate' was not initialized prior to being used
Variable 't2.Falco_tinnunculus.synRate' was not initialized prior to being used
Auto-benchmarked an optimal number (3) of threads.
Set GUI update interval to every 5747-th LF evaluation.
Optimization settings:
	OPTIMIZATION_METHOD = 4
	OPTIMIZATION_PRECISION = 0.001
	MAXIMUM_ITERATIONS_PER_VARIABLE = 5000

Initial parameter values

t2.Falco_tinnunculus.nonSynRate = 0.1
t2.Falco_tinnunculus.synRate = 0.1
Optimization finished in 7 loop passes.
137 likelihood evaluation calls and 126 matrix exponentiations calls were made

Row and/or column partition is empty. All the data will be used by default.
Model MG94customModel assigned to Aquila_chrysaetos
Model MG94customModel assigned to Corvus_brachyrhynchos
One branch tree supplied - hopefully this IS what you meant to do.
Rooted tree. Removing one branch - the left root child has been promoted to be the new root
Partition 0 reversible model flag computed as 1
Variable 't2.Corvus_brachyrhynchos.nonSynRate' was not initialized prior to being used
Variable 't2.Corvus_brachyrhynchos.synRate' was not initialized prior to being used
Auto-benchmarked an optimal number (4) of threads.
Set GUI update interval to every 5617-th LF evaluation.
Optimization settings:
	OPTIMIZATION_METHOD = 4
	OPTIMIZATION_PRECISION = 0.001
	MAXIMUM_ITERATIONS_PER_VARIABLE = 5000

Initial parameter values

t2.Corvus_brachyrhynchos.nonSynRate = 0.1
t2.Corvus_brachyrhynchos.synRate = 0.1
Optimization finished in 5 loop passes.
135 likelihood evaluation calls and 120 matrix exponentiations calls were made

Row and/or column partition is empty. All the data will be used by default.
Model MG94customModel assigned to Aquila_chrysaetos
Model MG94customModel assigned to Falco_peregrinus
One branch tree supplied - hopefully this IS what you meant to do.
Rooted tree. Removing one branch - the left root child has been promoted to be the new root
Partition 0 reversible model flag computed as 1
Variable 't2.Falco_peregrinus.nonSynRate' was not initialized prior to being used
Variable 't2.Falco_peregrinus.synRate' was not initialized prior to being used
Auto-benchmarked an optimal number (3) of threads.
Set GUI update interval to every 5747-th LF evaluation.
Optimization settings:
	OPTIMIZATION_METHOD = 4
	OPTIMIZATION_PRECISION = 0.001
	MAXIMUM_ITERATIONS_PER_VARIABLE = 5000

Initial parameter values

t2.Falco_peregrinus.nonSynRate = 0.1
t2.Falco_peregrinus.synRate = 0.1
Optimization finished in 5 loop passes.
127 likelihood evaluation calls and 114 matrix exponentiations calls were made

Row and/or column partition is empty. All the data will be used by default.
Model MG94customModel assigned to Aquila_chrysaetos
Model MG94customModel assigned to Falco_tinnunculus
One branch tree supplied - hopefully this IS what you meant to do.
Rooted tree. Removing one branch - the left root child has been promoted to be the new root
Partition 0 reversible model flag computed as 1
Variable 't2.Falco_tinnunculus.nonSynRate' was not initialized prior to being used
Variable 't2.Falco_tinnunculus.synRate' was not initialized prior to being used
Auto-benchmarked an optimal number (3) of threads.
Set GUI update interval to every 5747-th LF evaluation.
Optimization settings:
	OPTIMIZATION_METHOD = 4
	OPTIMIZATION_PRECISION = 0.001
	MAXIMUM_ITERATIONS_PER_VARIABLE = 5000

Initial parameter values

t2.Falco_tinnunculus.nonSynRate = 0.1
t2.Falco_tinnunculus.synRate = 0.1
Optimization finished in 5 loop passes.
174 likelihood evaluation calls and 160 matrix exponentiations calls were made

Row and/or column partition is empty. All the data will be used by default.
Model MG94customModel assigned to Corvus_brachyrhynchos
Model MG94customModel assigned to Falco_peregrinus
One branch tree supplied - hopefully this IS what you meant to do.
Rooted tree. Removing one branch - the left root child has been promoted to be the new root
Partition 0 reversible model flag computed as 1
Variable 't2.Falco_peregrinus.nonSynRate' was not initialized prior to being used
Variable 't2.Falco_peregrinus.synRate' was not initialized prior to being used
Auto-benchmarked an optimal number (2) of threads.
Set GUI update interval to every 5494-th LF evaluation.
Optimization settings:
	OPTIMIZATION_METHOD = 4
	OPTIMIZATION_PRECISION = 0.001
	MAXIMUM_ITERATIONS_PER_VARIABLE = 5000

Initial parameter values

t2.Falco_peregrinus.nonSynRate = 0.1
t2.Falco_peregrinus.synRate = 0.1
Optimization finished in 5 loop passes.
52 likelihood evaluation calls and 46 matrix exponentiations calls were made

Row and/or column partition is empty. All the data will be used by default.
Model MG94customModel assigned to Corvus_brachyrhynchos
Model MG94customModel assigned to Falco_tinnunculus
One branch tree supplied - hopefully this IS what you meant to do.
Rooted tree. Removing one branch - the left root child has been promoted to be the new root
Partition 0 reversible model flag computed as 1
Variable 't2.Falco_tinnunculus.nonSynRate' was not initialized prior to being used
Variable 't2.Falco_tinnunculus.synRate' was not initialized prior to being used
Auto-benchmarked an optimal number (4) of threads.
Set GUI update interval to every 5813-th LF evaluation.
Optimization settings:
	OPTIMIZATION_METHOD = 4
	OPTIMIZATION_PRECISION = 0.001
	MAXIMUM_ITERATIONS_PER_VARIABLE = 5000

Initial parameter values

t2.Falco_tinnunculus.nonSynRate = 0.1
t2.Falco_tinnunculus.synRate = 0.1
Optimization finished in 5 loop passes.
188 likelihood evaluation calls and 172 matrix exponentiations calls were made

Row and/or column partition is empty. All the data will be used by default.
Model MG94customModel assigned to Falco_peregrinus
Model MG94customModel assigned to Falco_tinnunculus
One branch tree supplied - hopefully this IS what you meant to do.
Rooted tree. Removing one branch - the left root child has been promoted to be the new root
Partition 0 reversible model flag computed as 1
Auto-benchmarked an optimal number (4) of threads.
Set GUI update interval to every 732-th LF evaluation.
Optimization settings:
	OPTIMIZATION_METHOD = 4
	OPTIMIZATION_PRECISION = 0.001
	MAXIMUM_ITERATIONS_PER_VARIABLE = 5000

Initial parameter values

t2.Falco_tinnunculus.nonSynRate = 0.1
t2.Falco_tinnunculus.synRate = 0.1
Optimization finished in 5 loop passes.
185 likelihood evaluation calls and 168 matrix exponentiations calls were made
