
Loaded 'libv3/convenience/matrix.bf' from /usr/local/lib/hyphy/TemplateBatchFiles/libv3/convenience/matrix.bf
Loaded 'libv3/UtilityFunctions.bf' from /usr/local/lib/hyphy/TemplateBatchFiles/libv3/UtilityFunctions.bf
Loaded 'IOFunctions.bf' from /usr/local/lib/hyphy/TemplateBatchFiles/libv3/IOFunctions.bf
Already loaded 'libv3/UtilityFunctions.bf' from /usr/local/lib/hyphy/TemplateBatchFiles/libv3/UtilityFunctions.bf
Loaded 'convenience/regexp.bf' from /usr/local/lib/hyphy/TemplateBatchFiles/libv3/convenience/regexp.bf
Loaded 'libv3/all-terms.bf' from /usr/local/lib/hyphy/TemplateBatchFiles/libv3/all-terms.bf
Variable 'skipCodeSelectionStep' was not initialized prior to being used
Row and/or column partition is empty. All the data will be used by default.
Overwritten previously defined function:'GaussLaguerreQuardature'
Overwritten previously defined function:'GammaQuadWeight'
Variable 'SKIP_HARVEST_FREQ' was not initialized prior to being used
Variable '_WRAP_PASSTHROUGH_FLAG_' was not initialized prior to being used
Variable 'END_OF_FILE' was not initialized prior to being used
Variable '_DO_TREE_REBALANCE_' was not initialized prior to being used
Variable '_KEEP_I_LABELS_' was not initialized prior to being used
Model MG94customModel assigned to Solenodon_paradoxus
Solenodon_paradoxus has 2 parameters - branch length not assigned
Model MG94customModel assigned to Suncus_etruscus
Suncus_etruscus has 2 parameters - branch length not assigned
Model MG94customModel assigned to Sorex_fumeus
Sorex_fumeus has 2 parameters - branch length not assigned
Model MG94customModel assigned to Sorex_araneus
Sorex_araneus has 2 parameters - branch length not assigned
Model MG94customModel assigned to Node5
Node5 has 2 parameters - branch length not assigned
Model MG94customModel assigned to Node3
Node3 has 2 parameters - branch length not assigned
Model MG94customModel assigned to Erinaceus_europaeus
Erinaceus_europaeus has 2 parameters - branch length not assigned
Model MG94customModel assigned to Node2
Node2 has 2 parameters - branch length not assigned
Model MG94customModel assigned to Uropsilus_gracilis
Uropsilus_gracilis has 2 parameters - branch length not assigned
Model MG94customModel assigned to Galemys_pyrenaicus
Galemys_pyrenaicus has 2 parameters - branch length not assigned
Model MG94customModel assigned to Condylura_cristata
Condylura_cristata has 2 parameters - branch length not assigned
Model MG94customModel assigned to Node12
Node12 has 2 parameters - branch length not assigned
Model MG94customModel assigned to Talpa_occidentalis
Talpa_occidentalis has 2 parameters - branch length not assigned
Model MG94customModel assigned to Node11
Node11 has 2 parameters - branch length not assigned
Model MG94customModel assigned to Node9
Node9 has 2 parameters - branch length not assigned
The tips of the tree:givenTree were matched with the species names from the data in the following numeric order (0-based) {4,7,6,5,0,8,2,1,3}

Pseudo-optimal path's cost 3828 vs 4804 for 1..k=> a 1.25496 x improvement
Partition 0 reversible model flag computed as 1
Variable 'theLnLik' was not initialized prior to being used
Variable 'SAVE_OPT_STATUS_TO' was not initialized prior to being used
Variable 'givenTree.Solenodon_paradoxus.nonSynRate' was not initialized prior to being used
Variable 'givenTree.Solenodon_paradoxus.synRate' was not initialized prior to being used
Variable 'givenTree.Suncus_etruscus.nonSynRate' was not initialized prior to being used
Variable 'givenTree.Suncus_etruscus.synRate' was not initialized prior to being used
Variable 'givenTree.Sorex_fumeus.nonSynRate' was not initialized prior to being used
Variable 'givenTree.Sorex_fumeus.synRate' was not initialized prior to being used
Variable 'givenTree.Sorex_araneus.nonSynRate' was not initialized prior to being used
Variable 'givenTree.Sorex_araneus.synRate' was not initialized prior to being used
Variable 'givenTree.Erinaceus_europaeus.nonSynRate' was not initialized prior to being used
Variable 'givenTree.Erinaceus_europaeus.synRate' was not initialized prior to being used
Variable 'givenTree.Uropsilus_gracilis.nonSynRate' was not initialized prior to being used
Variable 'givenTree.Uropsilus_gracilis.synRate' was not initialized prior to being used
Variable 'givenTree.Galemys_pyrenaicus.nonSynRate' was not initialized prior to being used
Variable 'givenTree.Galemys_pyrenaicus.synRate' was not initialized prior to being used
Variable 'givenTree.Condylura_cristata.nonSynRate' was not initialized prior to being used
Variable 'givenTree.Condylura_cristata.synRate' was not initialized prior to being used
Variable 'givenTree.Talpa_occidentalis.nonSynRate' was not initialized prior to being used
Variable 'givenTree.Talpa_occidentalis.synRate' was not initialized prior to being used
Variable 'givenTree.Node5.nonSynRate' was not initialized prior to being used
Variable 'givenTree.Node5.synRate' was not initialized prior to being used
Variable 'givenTree.Node3.nonSynRate' was not initialized prior to being used
Variable 'givenTree.Node3.synRate' was not initialized prior to being used
Variable 'givenTree.Node2.nonSynRate' was not initialized prior to being used
Variable 'givenTree.Node2.synRate' was not initialized prior to being used
Variable 'givenTree.Node12.nonSynRate' was not initialized prior to being used
Variable 'givenTree.Node12.synRate' was not initialized prior to being used
Variable 'givenTree.Node11.nonSynRate' was not initialized prior to being used
Variable 'givenTree.Node11.synRate' was not initialized prior to being used
Variable 'givenTree.Node9.nonSynRate' was not initialized prior to being used
Variable 'givenTree.Node9.synRate' was not initialized prior to being used
Site 11 evaluated to a 0 probability in ComputeTreeBlockByBranch
Site 11 evaluated to a 0 probability in ComputeTreeBlockByBranch
Site 207 evaluated to a 0 probability in ComputeTreeBlockByBranch
Site 201 evaluated to a 0 probability in ComputeTreeBlockByBranch
Site 128 evaluated to a 0 probability in ComputeTreeBlockByBranch
Site 11 evaluated to a 0 probability in ComputeTreeBlockByBranch
Site 178 evaluated to a 0 probability in ComputeTreeBlockByBranch
Site 282 evaluated to a 0 probability in ComputeTreeBlockByBranch
Site 20 evaluated to a 0 probability in ComputeTreeBlockByBranch
Site 11 evaluated to a 0 probability in ComputeTreeBlockByBranch
Site 304 evaluated to a 0 probability in ComputeTreeBlockByBranch
Site 95 evaluated to a 0 probability in ComputeTreeBlockByBranch
Site 126 evaluated to a 0 probability in ComputeTreeBlockByBranch
Site 151 evaluated to a 0 probability in ComputeTreeBlockByBranch
Site 11 evaluated to a 0 probability in ComputeTreeBlockByBranch
Site 117 evaluated to a 0 probability in ComputeTreeBlockByBranch
Site 28 evaluated to a 0 probability in ComputeTreeBlockByBranch
Site 63 evaluated to a 0 probability in ComputeTreeBlockByBranch
Site 181 evaluated to a 0 probability in ComputeTreeBlockByBranch
Site 184 evaluated to a 0 probability in ComputeTreeBlockByBranch
Site 11 evaluated to a 0 probability in ComputeTreeBlockByBranch
Site 91 evaluated to a 0 probability in ComputeTreeBlockByBranch
Site 305 evaluated to a 0 probability in ComputeTreeBlockByBranch
Site 67 evaluated to a 0 probability in ComputeTreeBlockByBranch
Site 328 evaluated to a 0 probability in ComputeTreeBlockByBranch
Site 112 evaluated to a 0 probability in ComputeTreeBlockByBranch
Site 47 evaluated to a 0 probability in ComputeTreeBlockByBranch
Site 11 evaluated to a 0 probability in ComputeTreeBlockByBranch
Site 257 evaluated to a 0 probability in ComputeTreeBlockByBranch
Site 69 evaluated to a 0 probability in ComputeTreeBlockByBranch
Site 74 evaluated to a 0 probability in ComputeTreeBlockByBranch
Site 100 evaluated to a 0 probability in ComputeTreeBlockByBranch
Site 83 evaluated to a 0 probability in ComputeTreeBlockByBranch
Site 309 evaluated to a 0 probability in ComputeTreeBlockByBranch
Site 146 evaluated to a 0 probability in ComputeTreeBlockByBranch
Site 11 evaluated to a 0 probability in ComputeTreeBlockByBranch
Site 170 evaluated to a 0 probability in ComputeTreeBlockByBranch
Site 149 evaluated to a 0 probability in ComputeTreeBlockByBranch
Site 43 evaluated to a 0 probability in ComputeTreeBlockByBranch
Site 184 evaluated to a 0 probability in ComputeTreeBlockByBranch
Site 301 evaluated to a 0 probability in ComputeTreeBlockByBranch
Site 181 evaluated to a 0 probability in ComputeTreeBlockByBranch
Site 217 evaluated to a 0 probability in ComputeTreeBlockByBranch
Site 11 evaluated to a 0 probability in ComputeTreeBlockByBranch
Site 56 evaluated to a 0 probability in ComputeTreeBlockByBranch
Auto-benchmarked an optimal number (8) of threads.
Set GUI update interval to every 327-th LF evaluation.
Initial guess for givenTree.Node2.nonSynRate is 0.0100945
Initial guess for givenTree.Node2.synRate is 0.00442394
Initial guess for givenTree.Node3.nonSynRate is 0.0182598
Initial guess for givenTree.Node3.synRate is 0.0244107
Initial guess for givenTree.Suncus_etruscus.nonSynRate is 0.0619697
Initial guess for givenTree.Suncus_etruscus.synRate is 0.0291487
Initial guess for givenTree.Node5.nonSynRate is 0.0278241
Initial guess for givenTree.Node5.synRate is 0.0228089
Initial guess for givenTree.Sorex_fumeus.nonSynRate is 0.0788681
Initial guess for givenTree.Sorex_fumeus.synRate is 0.0308452
Initial guess for givenTree.Sorex_araneus.nonSynRate is 0.0297176
Initial guess for givenTree.Sorex_araneus.synRate is 0.00617314
Initial guess for givenTree.Erinaceus_europaeus.nonSynRate is 0.0278455
Initial guess for givenTree.Erinaceus_europaeus.synRate is 0.00882518
Initial guess for givenTree.Node9.nonSynRate is 0.00749644
Initial guess for givenTree.Node9.synRate is 0.000944245
Initial guess for givenTree.Uropsilus_gracilis.nonSynRate is 0.124651
Initial guess for givenTree.Uropsilus_gracilis.synRate is 0.0602134
Initial guess for givenTree.Node11.nonSynRate is 0.011228
Initial guess for givenTree.Node11.synRate is 0.006247
Initial guess for givenTree.Node12.nonSynRate is -0.000693023
Initial guess for givenTree.Node12.synRate is 0.00267274
Initial guess for givenTree.Galemys_pyrenaicus.nonSynRate is 0.0591578
Initial guess for givenTree.Galemys_pyrenaicus.synRate is 0.0338161
Initial guess for givenTree.Condylura_cristata.nonSynRate is 0.0447625
Initial guess for givenTree.Condylura_cristata.synRate is 0.020687
Initial guess for givenTree.Talpa_occidentalis.nonSynRate is 0.0575212
Initial guess for givenTree.Talpa_occidentalis.synRate is 0.0203417
Optimization settings:
	OPTIMIZATION_METHOD = 4
	OPTIMIZATION_PRECISION = 0.001
	MAXIMUM_ITERATIONS_PER_VARIABLE = 5000

Initial parameter values

GT = 1
CT = 1
AC = 1
CG = 1
AT = 1
givenTree.Solenodon_paradoxus.synRate = 0.1
givenTree.Solenodon_paradoxus.nonSynRate = 0.1
givenTree.Suncus_etruscus.synRate = 0.0291487
givenTree.Suncus_etruscus.nonSynRate = 0.0619697
givenTree.Sorex_fumeus.synRate = 0.0308452
givenTree.Sorex_fumeus.nonSynRate = 0.0788681
givenTree.Sorex_araneus.synRate = 0.00617314
givenTree.Sorex_araneus.nonSynRate = 0.0297176
givenTree.Node5.synRate = 0.0228089
givenTree.Node5.nonSynRate = 0.0278241
givenTree.Node3.synRate = 0.0244107
givenTree.Node3.nonSynRate = 0.0182598
givenTree.Erinaceus_europaeus.synRate = 0.00882518
givenTree.Erinaceus_europaeus.nonSynRate = 0.0278455
givenTree.Node2.synRate = 0.00442394
givenTree.Node2.nonSynRate = 0.0100945
givenTree.Uropsilus_gracilis.synRate = 0.0602134
givenTree.Uropsilus_gracilis.nonSynRate = 0.124651
givenTree.Galemys_pyrenaicus.synRate = 0.0338161
givenTree.Galemys_pyrenaicus.nonSynRate = 0.0591578
givenTree.Condylura_cristata.synRate = 0.020687
givenTree.Condylura_cristata.nonSynRate = 0.0447625
givenTree.Node12.synRate = 0.00267274
givenTree.Node12.nonSynRate = 0
givenTree.Talpa_occidentalis.synRate = 0.0203417
givenTree.Talpa_occidentalis.nonSynRate = 0.0575212
givenTree.Node11.synRate = 0.006247
givenTree.Node11.nonSynRate = 0.011228
givenTree.Node9.synRate = 0.000944245
givenTree.Node9.nonSynRate = 0.00749644
Optimization finished in 28 loop passes.
3894 likelihood evaluation calls and 16205 matrix exponentiations calls were made

Variable 'lastDepth' was not initialized prior to being used
No nodel was assigned to Solenodon_paradoxus
Solenodon_paradoxus has 0 parameters - branch length not assigned
No nodel was assigned to Suncus_etruscus
Suncus_etruscus has 0 parameters - branch length not assigned
No nodel was assigned to Sorex_fumeus
Sorex_fumeus has 0 parameters - branch length not assigned
No nodel was assigned to Sorex_araneus
Sorex_araneus has 0 parameters - branch length not assigned
No nodel was assigned to Node5
Node5 has 0 parameters - branch length not assigned
No nodel was assigned to Node3
Node3 has 0 parameters - branch length not assigned
No nodel was assigned to Erinaceus_europaeus
Erinaceus_europaeus has 0 parameters - branch length not assigned
No nodel was assigned to Node2
Node2 has 0 parameters - branch length not assigned
No nodel was assigned to Uropsilus_gracilis
Uropsilus_gracilis has 0 parameters - branch length not assigned
No nodel was assigned to Galemys_pyrenaicus
Galemys_pyrenaicus has 0 parameters - branch length not assigned
No nodel was assigned to Condylura_cristata
Condylura_cristata has 0 parameters - branch length not assigned
No nodel was assigned to Node12
Node12 has 0 parameters - branch length not assigned
No nodel was assigned to Talpa_occidentalis
Talpa_occidentalis has 0 parameters - branch length not assigned
No nodel was assigned to Node11
Node11 has 0 parameters - branch length not assigned
No nodel was assigned to Node9
Node9 has 0 parameters - branch length not assigned
No nodel was assigned to Solenodon_paradoxus
Solenodon_paradoxus has 0 parameters - branch length not assigned
No nodel was assigned to Suncus_etruscus
Suncus_etruscus has 0 parameters - branch length not assigned
No nodel was assigned to Sorex_fumeus
Sorex_fumeus has 0 parameters - branch length not assigned
No nodel was assigned to Sorex_araneus
Sorex_araneus has 0 parameters - branch length not assigned
No nodel was assigned to Node5
Node5 has 0 parameters - branch length not assigned
No nodel was assigned to Node3
Node3 has 0 parameters - branch length not assigned
No nodel was assigned to Erinaceus_europaeus
Erinaceus_europaeus has 0 parameters - branch length not assigned
No nodel was assigned to Node2
Node2 has 0 parameters - branch length not assigned
No nodel was assigned to Uropsilus_gracilis
Uropsilus_gracilis has 0 parameters - branch length not assigned
No nodel was assigned to Galemys_pyrenaicus
Galemys_pyrenaicus has 0 parameters - branch length not assigned
No nodel was assigned to Condylura_cristata
Condylura_cristata has 0 parameters - branch length not assigned
No nodel was assigned to Node12
Node12 has 0 parameters - branch length not assigned
No nodel was assigned to Talpa_occidentalis
Talpa_occidentalis has 0 parameters - branch length not assigned
No nodel was assigned to Node11
Node11 has 0 parameters - branch length not assigned
No nodel was assigned to Node9
Node9 has 0 parameters - branch length not assigned
No nodel was assigned to Solenodon_paradoxus
Solenodon_paradoxus has 0 parameters - branch length not assigned
No nodel was assigned to Suncus_etruscus
Suncus_etruscus has 0 parameters - branch length not assigned
No nodel was assigned to Sorex_fumeus
Sorex_fumeus has 0 parameters - branch length not assigned
No nodel was assigned to Sorex_araneus
Sorex_araneus has 0 parameters - branch length not assigned
No nodel was assigned to Node5
Node5 has 0 parameters - branch length not assigned
No nodel was assigned to Node3
Node3 has 0 parameters - branch length not assigned
No nodel was assigned to Erinaceus_europaeus
Erinaceus_europaeus has 0 parameters - branch length not assigned
No nodel was assigned to Node2
Node2 has 0 parameters - branch length not assigned
No nodel was assigned to Uropsilus_gracilis
Uropsilus_gracilis has 0 parameters - branch length not assigned
No nodel was assigned to Galemys_pyrenaicus
Galemys_pyrenaicus has 0 parameters - branch length not assigned
No nodel was assigned to Condylura_cristata
Condylura_cristata has 0 parameters - branch length not assigned
No nodel was assigned to Node12
Node12 has 0 parameters - branch length not assigned
No nodel was assigned to Talpa_occidentalis
Talpa_occidentalis has 0 parameters - branch length not assigned
No nodel was assigned to Node11
Node11 has 0 parameters - branch length not assigned
No nodel was assigned to Node9
Node9 has 0 parameters - branch length not assigned
No nodel was assigned to Solenodon_paradoxus
Solenodon_paradoxus has 0 parameters - branch length not assigned
No nodel was assigned to Suncus_etruscus
Suncus_etruscus has 0 parameters - branch length not assigned
No nodel was assigned to Sorex_fumeus
Sorex_fumeus has 0 parameters - branch length not assigned
No nodel was assigned to Sorex_araneus
Sorex_araneus has 0 parameters - branch length not assigned
No nodel was assigned to Node5
Node5 has 0 parameters - branch length not assigned
No nodel was assigned to Node3
Node3 has 0 parameters - branch length not assigned
No nodel was assigned to Erinaceus_europaeus
Erinaceus_europaeus has 0 parameters - branch length not assigned
No nodel was assigned to Node2
Node2 has 0 parameters - branch length not assigned
No nodel was assigned to Uropsilus_gracilis
Uropsilus_gracilis has 0 parameters - branch length not assigned
No nodel was assigned to Galemys_pyrenaicus
Galemys_pyrenaicus has 0 parameters - branch length not assigned
No nodel was assigned to Condylura_cristata
Condylura_cristata has 0 parameters - branch length not assigned
No nodel was assigned to Node12
Node12 has 0 parameters - branch length not assigned
No nodel was assigned to Talpa_occidentalis
Talpa_occidentalis has 0 parameters - branch length not assigned
No nodel was assigned to Node11
Node11 has 0 parameters - branch length not assigned
No nodel was assigned to Node9
Node9 has 0 parameters - branch length not assigned
Variable 'nodeName' was not initialized prior to being used
Variable 'speciesIndex' was not initialized prior to being used
Row and/or column partition is empty. All the data will be used by default.
Model MG94customModel assigned to Solenodon_paradoxus
Model MG94customModel assigned to Suncus_etruscus
One branch tree supplied - hopefully this IS what you meant to do.
Rooted tree. Removing one branch - the left root child has been promoted to be the new root
Partition 0 reversible model flag computed as 1
Variable 'twoLnLik' was not initialized prior to being used
Variable 't2.Suncus_etruscus.nonSynRate' was not initialized prior to being used
Variable 't2.Suncus_etruscus.synRate' was not initialized prior to being used
Auto-benchmarked an optimal number (4) of threads.
Set GUI update interval to every 5050-th LF evaluation.
Optimization settings:
	OPTIMIZATION_METHOD = 4
	OPTIMIZATION_PRECISION = 0.001
	MAXIMUM_ITERATIONS_PER_VARIABLE = 5000

Initial parameter values

t2.Suncus_etruscus.nonSynRate = 0.1
t2.Suncus_etruscus.synRate = 0.1
Optimization finished in 6 loop passes.
236 likelihood evaluation calls and 221 matrix exponentiations calls were made

Row and/or column partition is empty. All the data will be used by default.
Model MG94customModel assigned to Solenodon_paradoxus
Model MG94customModel assigned to Sorex_fumeus
One branch tree supplied - hopefully this IS what you meant to do.
Rooted tree. Removing one branch - the left root child has been promoted to be the new root
Partition 0 reversible model flag computed as 1
Variable 't2.Sorex_fumeus.nonSynRate' was not initialized prior to being used
Variable 't2.Sorex_fumeus.synRate' was not initialized prior to being used
Auto-benchmarked an optimal number (5) of threads.
Set GUI update interval to every 8064-th LF evaluation.
Optimization settings:
	OPTIMIZATION_METHOD = 4
	OPTIMIZATION_PRECISION = 0.001
	MAXIMUM_ITERATIONS_PER_VARIABLE = 5000

Initial parameter values

t2.Sorex_fumeus.nonSynRate = 0.1
t2.Sorex_fumeus.synRate = 0.1
Optimization finished in 6 loop passes.
222 likelihood evaluation calls and 205 matrix exponentiations calls were made

Row and/or column partition is empty. All the data will be used by default.
Model MG94customModel assigned to Solenodon_paradoxus
Model MG94customModel assigned to Sorex_araneus
One branch tree supplied - hopefully this IS what you meant to do.
Rooted tree. Removing one branch - the left root child has been promoted to be the new root
Partition 0 reversible model flag computed as 1
Variable 't2.Sorex_araneus.synRate' was not initialized prior to being used
Variable 't2.Sorex_araneus.nonSynRate' was not initialized prior to being used
Auto-benchmarked an optimal number (4) of threads.
Set GUI update interval to every 7936-th LF evaluation.
Optimization settings:
	OPTIMIZATION_METHOD = 4
	OPTIMIZATION_PRECISION = 0.001
	MAXIMUM_ITERATIONS_PER_VARIABLE = 5000

Initial parameter values

t2.Sorex_araneus.synRate = 0.1
t2.Sorex_araneus.nonSynRate = 0.1
Optimization finished in 5 loop passes.
188 likelihood evaluation calls and 170 matrix exponentiations calls were made

Row and/or column partition is empty. All the data will be used by default.
Model MG94customModel assigned to Solenodon_paradoxus
Model MG94customModel assigned to Erinaceus_europaeus
One branch tree supplied - hopefully this IS what you meant to do.
Rooted tree. Removing one branch - the left root child has been promoted to be the new root
Partition 0 reversible model flag computed as 1
Variable 't2.Erinaceus_europaeus.synRate' was not initialized prior to being used
Variable 't2.Erinaceus_europaeus.nonSynRate' was not initialized prior to being used
Auto-benchmarked an optimal number (4) of threads.
Set GUI update interval to every 7812-th LF evaluation.
Optimization settings:
	OPTIMIZATION_METHOD = 4
	OPTIMIZATION_PRECISION = 0.001
	MAXIMUM_ITERATIONS_PER_VARIABLE = 5000

Initial parameter values

t2.Erinaceus_europaeus.synRate = 0.1
t2.Erinaceus_europaeus.nonSynRate = 0.1
Optimization finished in 6 loop passes.
202 likelihood evaluation calls and 181 matrix exponentiations calls were made

Row and/or column partition is empty. All the data will be used by default.
Model MG94customModel assigned to Solenodon_paradoxus
Model MG94customModel assigned to Uropsilus_gracilis
One branch tree supplied - hopefully this IS what you meant to do.
Rooted tree. Removing one branch - the left root child has been promoted to be the new root
Partition 0 reversible model flag computed as 1
Variable 't2.Uropsilus_gracilis.synRate' was not initialized prior to being used
Variable 't2.Uropsilus_gracilis.nonSynRate' was not initialized prior to being used
Auto-benchmarked an optimal number (4) of threads.
Set GUI update interval to every 7936-th LF evaluation.
Optimization settings:
	OPTIMIZATION_METHOD = 4
	OPTIMIZATION_PRECISION = 0.001
	MAXIMUM_ITERATIONS_PER_VARIABLE = 5000

Initial parameter values

t2.Uropsilus_gracilis.synRate = 0.1
t2.Uropsilus_gracilis.nonSynRate = 0.1
Optimization finished in 6 loop passes.
256 likelihood evaluation calls and 239 matrix exponentiations calls were made

Row and/or column partition is empty. All the data will be used by default.
Model MG94customModel assigned to Solenodon_paradoxus
Model MG94customModel assigned to Galemys_pyrenaicus
One branch tree supplied - hopefully this IS what you meant to do.
Rooted tree. Removing one branch - the left root child has been promoted to be the new root
Partition 0 reversible model flag computed as 1
Variable 't2.Galemys_pyrenaicus.nonSynRate' was not initialized prior to being used
Variable 't2.Galemys_pyrenaicus.synRate' was not initialized prior to being used
Auto-benchmarked an optimal number (3) of threads.
Set GUI update interval to every 7812-th LF evaluation.
Optimization settings:
	OPTIMIZATION_METHOD = 4
	OPTIMIZATION_PRECISION = 0.001
	MAXIMUM_ITERATIONS_PER_VARIABLE = 5000

Initial parameter values

t2.Galemys_pyrenaicus.nonSynRate = 0.1
t2.Galemys_pyrenaicus.synRate = 0.1
Optimization finished in 6 loop passes.
215 likelihood evaluation calls and 195 matrix exponentiations calls were made

Row and/or column partition is empty. All the data will be used by default.
Model MG94customModel assigned to Solenodon_paradoxus
Model MG94customModel assigned to Condylura_cristata
One branch tree supplied - hopefully this IS what you meant to do.
Rooted tree. Removing one branch - the left root child has been promoted to be the new root
Partition 0 reversible model flag computed as 1
Variable 't2.Condylura_cristata.nonSynRate' was not initialized prior to being used
Variable 't2.Condylura_cristata.synRate' was not initialized prior to being used
Auto-benchmarked an optimal number (4) of threads.
Set GUI update interval to every 8196-th LF evaluation.
Optimization settings:
	OPTIMIZATION_METHOD = 4
	OPTIMIZATION_PRECISION = 0.001
	MAXIMUM_ITERATIONS_PER_VARIABLE = 5000

Initial parameter values

t2.Condylura_cristata.nonSynRate = 0.1
t2.Condylura_cristata.synRate = 0.1
Optimization finished in 6 loop passes.
220 likelihood evaluation calls and 202 matrix exponentiations calls were made

Row and/or column partition is empty. All the data will be used by default.
Model MG94customModel assigned to Solenodon_paradoxus
Model MG94customModel assigned to Talpa_occidentalis
One branch tree supplied - hopefully this IS what you meant to do.
Rooted tree. Removing one branch - the left root child has been promoted to be the new root
Partition 0 reversible model flag computed as 1
Variable 't2.Talpa_occidentalis.synRate' was not initialized prior to being used
Variable 't2.Talpa_occidentalis.nonSynRate' was not initialized prior to being used
Auto-benchmarked an optimal number (2) of threads.
Set GUI update interval to every 4716-th LF evaluation.
Optimization settings:
	OPTIMIZATION_METHOD = 4
	OPTIMIZATION_PRECISION = 0.001
	MAXIMUM_ITERATIONS_PER_VARIABLE = 5000

Initial parameter values

t2.Talpa_occidentalis.synRate = 0.1
t2.Talpa_occidentalis.nonSynRate = 0.1
Optimization finished in 6 loop passes.
242 likelihood evaluation calls and 224 matrix exponentiations calls were made

Row and/or column partition is empty. All the data will be used by default.
Model MG94customModel assigned to Suncus_etruscus
Model MG94customModel assigned to Sorex_fumeus
One branch tree supplied - hopefully this IS what you meant to do.
Rooted tree. Removing one branch - the left root child has been promoted to be the new root
Partition 0 reversible model flag computed as 1
Variable 't2.Sorex_fumeus.nonSynRate' was not initialized prior to being used
Variable 't2.Sorex_fumeus.synRate' was not initialized prior to being used
Auto-benchmarked an optimal number (5) of threads.
Set GUI update interval to every 7936-th LF evaluation.
Optimization settings:
	OPTIMIZATION_METHOD = 4
	OPTIMIZATION_PRECISION = 0.001
	MAXIMUM_ITERATIONS_PER_VARIABLE = 5000

Initial parameter values

t2.Sorex_fumeus.nonSynRate = 0.1
t2.Sorex_fumeus.synRate = 0.1
Optimization finished in 5 loop passes.
201 likelihood evaluation calls and 185 matrix exponentiations calls were made

Row and/or column partition is empty. All the data will be used by default.
Model MG94customModel assigned to Suncus_etruscus
Model MG94customModel assigned to Sorex_araneus
One branch tree supplied - hopefully this IS what you meant to do.
Rooted tree. Removing one branch - the left root child has been promoted to be the new root
Partition 0 reversible model flag computed as 1
Variable 't2.Sorex_araneus.nonSynRate' was not initialized prior to being used
Variable 't2.Sorex_araneus.synRate' was not initialized prior to being used
Auto-benchmarked an optimal number (4) of threads.
Set GUI update interval to every 7692-th LF evaluation.
Optimization settings:
	OPTIMIZATION_METHOD = 4
	OPTIMIZATION_PRECISION = 0.001
	MAXIMUM_ITERATIONS_PER_VARIABLE = 5000

Initial parameter values

t2.Sorex_araneus.nonSynRate = 0.1
t2.Sorex_araneus.synRate = 0.1
Optimization finished in 6 loop passes.
155 likelihood evaluation calls and 133 matrix exponentiations calls were made

Row and/or column partition is empty. All the data will be used by default.
Model MG94customModel assigned to Suncus_etruscus
Model MG94customModel assigned to Erinaceus_europaeus
One branch tree supplied - hopefully this IS what you meant to do.
Rooted tree. Removing one branch - the left root child has been promoted to be the new root
Partition 0 reversible model flag computed as 1
Variable 't2.Erinaceus_europaeus.nonSynRate' was not initialized prior to being used
Variable 't2.Erinaceus_europaeus.synRate' was not initialized prior to being used
Auto-benchmarked an optimal number (3) of threads.
Set GUI update interval to every 7812-th LF evaluation.
Optimization settings:
	OPTIMIZATION_METHOD = 4
	OPTIMIZATION_PRECISION = 0.001
	MAXIMUM_ITERATIONS_PER_VARIABLE = 5000

Initial parameter values

t2.Erinaceus_europaeus.nonSynRate = 0.1
t2.Erinaceus_europaeus.synRate = 0.1
Optimization finished in 6 loop passes.
173 likelihood evaluation calls and 158 matrix exponentiations calls were made

Row and/or column partition is empty. All the data will be used by default.
Model MG94customModel assigned to Suncus_etruscus
Model MG94customModel assigned to Uropsilus_gracilis
One branch tree supplied - hopefully this IS what you meant to do.
Rooted tree. Removing one branch - the left root child has been promoted to be the new root
Partition 0 reversible model flag computed as 1
Variable 't2.Uropsilus_gracilis.nonSynRate' was not initialized prior to being used
Variable 't2.Uropsilus_gracilis.synRate' was not initialized prior to being used
Auto-benchmarked an optimal number (4) of threads.
Set GUI update interval to every 7936-th LF evaluation.
Optimization settings:
	OPTIMIZATION_METHOD = 4
	OPTIMIZATION_PRECISION = 0.001
	MAXIMUM_ITERATIONS_PER_VARIABLE = 5000

Initial parameter values

t2.Uropsilus_gracilis.nonSynRate = 0.1
t2.Uropsilus_gracilis.synRate = 0.1
Optimization finished in 6 loop passes.
164 likelihood evaluation calls and 145 matrix exponentiations calls were made

Row and/or column partition is empty. All the data will be used by default.
Model MG94customModel assigned to Suncus_etruscus
Model MG94customModel assigned to Galemys_pyrenaicus
One branch tree supplied - hopefully this IS what you meant to do.
Rooted tree. Removing one branch - the left root child has been promoted to be the new root
Partition 0 reversible model flag computed as 1
Variable 't2.Galemys_pyrenaicus.nonSynRate' was not initialized prior to being used
Variable 't2.Galemys_pyrenaicus.synRate' was not initialized prior to being used
Auto-benchmarked an optimal number (4) of threads.
Set GUI update interval to every 7936-th LF evaluation.
Optimization settings:
	OPTIMIZATION_METHOD = 4
	OPTIMIZATION_PRECISION = 0.001
	MAXIMUM_ITERATIONS_PER_VARIABLE = 5000

Initial parameter values

t2.Galemys_pyrenaicus.nonSynRate = 0.1
t2.Galemys_pyrenaicus.synRate = 0.1
Optimization finished in 6 loop passes.
242 likelihood evaluation calls and 225 matrix exponentiations calls were made

Row and/or column partition is empty. All the data will be used by default.
Model MG94customModel assigned to Suncus_etruscus
Model MG94customModel assigned to Condylura_cristata
One branch tree supplied - hopefully this IS what you meant to do.
Rooted tree. Removing one branch - the left root child has been promoted to be the new root
Partition 0 reversible model flag computed as 1
Variable 't2.Condylura_cristata.nonSynRate' was not initialized prior to being used
Variable 't2.Condylura_cristata.synRate' was not initialized prior to being used
Auto-benchmarked an optimal number (5) of threads.
Set GUI update interval to every 6250-th LF evaluation.
Optimization settings:
	OPTIMIZATION_METHOD = 4
	OPTIMIZATION_PRECISION = 0.001
	MAXIMUM_ITERATIONS_PER_VARIABLE = 5000

Initial parameter values

t2.Condylura_cristata.nonSynRate = 0.1
t2.Condylura_cristata.synRate = 0.1
Optimization finished in 6 loop passes.
210 likelihood evaluation calls and 190 matrix exponentiations calls were made

Row and/or column partition is empty. All the data will be used by default.
Model MG94customModel assigned to Suncus_etruscus
Model MG94customModel assigned to Talpa_occidentalis
One branch tree supplied - hopefully this IS what you meant to do.
Rooted tree. Removing one branch - the left root child has been promoted to be the new root
Partition 0 reversible model flag computed as 1
Variable 't2.Talpa_occidentalis.nonSynRate' was not initialized prior to being used
Variable 't2.Talpa_occidentalis.synRate' was not initialized prior to being used
Auto-benchmarked an optimal number (3) of threads.
Set GUI update interval to every 5000-th LF evaluation.
Optimization settings:
	OPTIMIZATION_METHOD = 4
	OPTIMIZATION_PRECISION = 0.001
	MAXIMUM_ITERATIONS_PER_VARIABLE = 5000

Initial parameter values

t2.Talpa_occidentalis.nonSynRate = 0.1
t2.Talpa_occidentalis.synRate = 0.1
Optimization finished in 5 loop passes.
163 likelihood evaluation calls and 142 matrix exponentiations calls were made

Row and/or column partition is empty. All the data will be used by default.
Model MG94customModel assigned to Sorex_fumeus
Model MG94customModel assigned to Sorex_araneus
One branch tree supplied - hopefully this IS what you meant to do.
Rooted tree. Removing one branch - the left root child has been promoted to be the new root
Partition 0 reversible model flag computed as 1
Variable 't2.Sorex_araneus.nonSynRate' was not initialized prior to being used
Variable 't2.Sorex_araneus.synRate' was not initialized prior to being used
Auto-benchmarked an optimal number (5) of threads.
Set GUI update interval to every 5102-th LF evaluation.
Optimization settings:
	OPTIMIZATION_METHOD = 4
	OPTIMIZATION_PRECISION = 0.001
	MAXIMUM_ITERATIONS_PER_VARIABLE = 5000

Initial parameter values

t2.Sorex_araneus.nonSynRate = 0.1
t2.Sorex_araneus.synRate = 0.1
Optimization finished in 6 loop passes.
185 likelihood evaluation calls and 160 matrix exponentiations calls were made

Row and/or column partition is empty. All the data will be used by default.
Model MG94customModel assigned to Sorex_fumeus
Model MG94customModel assigned to Erinaceus_europaeus
One branch tree supplied - hopefully this IS what you meant to do.
Rooted tree. Removing one branch - the left root child has been promoted to be the new root
Partition 0 reversible model flag computed as 1
Variable 't2.Erinaceus_europaeus.nonSynRate' was not initialized prior to being used
Variable 't2.Erinaceus_europaeus.synRate' was not initialized prior to being used
Auto-benchmarked an optimal number (3) of threads.
Set GUI update interval to every 5882-th LF evaluation.
Optimization settings:
	OPTIMIZATION_METHOD = 4
	OPTIMIZATION_PRECISION = 0.001
	MAXIMUM_ITERATIONS_PER_VARIABLE = 5000

Initial parameter values

t2.Erinaceus_europaeus.nonSynRate = 0.1
t2.Erinaceus_europaeus.synRate = 0.1
Optimization finished in 6 loop passes.
194 likelihood evaluation calls and 171 matrix exponentiations calls were made

Row and/or column partition is empty. All the data will be used by default.
Model MG94customModel assigned to Sorex_fumeus
Model MG94customModel assigned to Uropsilus_gracilis
One branch tree supplied - hopefully this IS what you meant to do.
Rooted tree. Removing one branch - the left root child has been promoted to be the new root
Partition 0 reversible model flag computed as 1
Variable 't2.Uropsilus_gracilis.nonSynRate' was not initialized prior to being used
Variable 't2.Uropsilus_gracilis.synRate' was not initialized prior to being used
Auto-benchmarked an optimal number (3) of threads.
Set GUI update interval to every 4901-th LF evaluation.
Optimization settings:
	OPTIMIZATION_METHOD = 4
	OPTIMIZATION_PRECISION = 0.001
	MAXIMUM_ITERATIONS_PER_VARIABLE = 5000

Initial parameter values

t2.Uropsilus_gracilis.nonSynRate = 0.1
t2.Uropsilus_gracilis.synRate = 0.1
Optimization finished in 6 loop passes.
184 likelihood evaluation calls and 167 matrix exponentiations calls were made

Row and/or column partition is empty. All the data will be used by default.
Model MG94customModel assigned to Sorex_fumeus
Model MG94customModel assigned to Galemys_pyrenaicus
One branch tree supplied - hopefully this IS what you meant to do.
Rooted tree. Removing one branch - the left root child has been promoted to be the new root
Partition 0 reversible model flag computed as 1
Variable 't2.Galemys_pyrenaicus.nonSynRate' was not initialized prior to being used
Variable 't2.Galemys_pyrenaicus.synRate' was not initialized prior to being used
Auto-benchmarked an optimal number (4) of threads.
Set GUI update interval to every 5813-th LF evaluation.
Optimization settings:
	OPTIMIZATION_METHOD = 4
	OPTIMIZATION_PRECISION = 0.001
	MAXIMUM_ITERATIONS_PER_VARIABLE = 5000

Initial parameter values

t2.Galemys_pyrenaicus.nonSynRate = 0.1
t2.Galemys_pyrenaicus.synRate = 0.1
Optimization finished in 6 loop passes.
164 likelihood evaluation calls and 146 matrix exponentiations calls were made

Row and/or column partition is empty. All the data will be used by default.
Model MG94customModel assigned to Sorex_fumeus
Model MG94customModel assigned to Condylura_cristata
One branch tree supplied - hopefully this IS what you meant to do.
Rooted tree. Removing one branch - the left root child has been promoted to be the new root
Partition 0 reversible model flag computed as 1
Variable 't2.Condylura_cristata.nonSynRate' was not initialized prior to being used
Variable 't2.Condylura_cristata.synRate' was not initialized prior to being used
Auto-benchmarked an optimal number (9) of threads.
Set GUI update interval to every 6172-th LF evaluation.
Optimization settings:
	OPTIMIZATION_METHOD = 4
	OPTIMIZATION_PRECISION = 0.001
	MAXIMUM_ITERATIONS_PER_VARIABLE = 5000

Initial parameter values

t2.Condylura_cristata.nonSynRate = 0.1
t2.Condylura_cristata.synRate = 0.1
Optimization finished in 6 loop passes.
239 likelihood evaluation calls and 223 matrix exponentiations calls were made

Row and/or column partition is empty. All the data will be used by default.
Model MG94customModel assigned to Sorex_fumeus
Model MG94customModel assigned to Talpa_occidentalis
One branch tree supplied - hopefully this IS what you meant to do.
Rooted tree. Removing one branch - the left root child has been promoted to be the new root
Partition 0 reversible model flag computed as 1
Variable 't2.Talpa_occidentalis.nonSynRate' was not initialized prior to being used
Variable 't2.Talpa_occidentalis.synRate' was not initialized prior to being used
Auto-benchmarked an optimal number (2) of threads.
Set GUI update interval to every 4716-th LF evaluation.
Optimization settings:
	OPTIMIZATION_METHOD = 4
	OPTIMIZATION_PRECISION = 0.001
	MAXIMUM_ITERATIONS_PER_VARIABLE = 5000

Initial parameter values

t2.Talpa_occidentalis.nonSynRate = 0.1
t2.Talpa_occidentalis.synRate = 0.1
Optimization finished in 6 loop passes.
230 likelihood evaluation calls and 215 matrix exponentiations calls were made

Row and/or column partition is empty. All the data will be used by default.
Model MG94customModel assigned to Sorex_araneus
Model MG94customModel assigned to Erinaceus_europaeus
One branch tree supplied - hopefully this IS what you meant to do.
Rooted tree. Removing one branch - the left root child has been promoted to be the new root
Partition 0 reversible model flag computed as 1
Variable 't2.Erinaceus_europaeus.nonSynRate' was not initialized prior to being used
Variable 't2.Erinaceus_europaeus.synRate' was not initialized prior to being used
Auto-benchmarked an optimal number (3) of threads.
Set GUI update interval to every 5000-th LF evaluation.
Optimization settings:
	OPTIMIZATION_METHOD = 4
	OPTIMIZATION_PRECISION = 0.001
	MAXIMUM_ITERATIONS_PER_VARIABLE = 5000

Initial parameter values

t2.Erinaceus_europaeus.nonSynRate = 0.1
t2.Erinaceus_europaeus.synRate = 0.1
Optimization finished in 5 loop passes.
163 likelihood evaluation calls and 147 matrix exponentiations calls were made

Row and/or column partition is empty. All the data will be used by default.
Model MG94customModel assigned to Sorex_araneus
Model MG94customModel assigned to Uropsilus_gracilis
One branch tree supplied - hopefully this IS what you meant to do.
Rooted tree. Removing one branch - the left root child has been promoted to be the new root
Partition 0 reversible model flag computed as 1
Variable 't2.Uropsilus_gracilis.nonSynRate' was not initialized prior to being used
Variable 't2.Uropsilus_gracilis.synRate' was not initialized prior to being used
Auto-benchmarked an optimal number (4) of threads.
Set GUI update interval to every 5813-th LF evaluation.
Optimization settings:
	OPTIMIZATION_METHOD = 4
	OPTIMIZATION_PRECISION = 0.001
	MAXIMUM_ITERATIONS_PER_VARIABLE = 5000

Initial parameter values

t2.Uropsilus_gracilis.nonSynRate = 0.1
t2.Uropsilus_gracilis.synRate = 0.1
Optimization finished in 6 loop passes.
191 likelihood evaluation calls and 176 matrix exponentiations calls were made

Row and/or column partition is empty. All the data will be used by default.
Model MG94customModel assigned to Sorex_araneus
Model MG94customModel assigned to Galemys_pyrenaicus
One branch tree supplied - hopefully this IS what you meant to do.
Rooted tree. Removing one branch - the left root child has been promoted to be the new root
Partition 0 reversible model flag computed as 1
Variable 't2.Galemys_pyrenaicus.nonSynRate' was not initialized prior to being used
Variable 't2.Galemys_pyrenaicus.synRate' was not initialized prior to being used
Auto-benchmarked an optimal number (1) of threads.
Set GUI update interval to every 4761-th LF evaluation.
Optimization settings:
	OPTIMIZATION_METHOD = 4
	OPTIMIZATION_PRECISION = 0.001
	MAXIMUM_ITERATIONS_PER_VARIABLE = 5000

Initial parameter values

t2.Galemys_pyrenaicus.nonSynRate = 0.1
t2.Galemys_pyrenaicus.synRate = 0.1
Optimization finished in 6 loop passes.
178 likelihood evaluation calls and 163 matrix exponentiations calls were made

Row and/or column partition is empty. All the data will be used by default.
Model MG94customModel assigned to Sorex_araneus
Model MG94customModel assigned to Condylura_cristata
One branch tree supplied - hopefully this IS what you meant to do.
Rooted tree. Removing one branch - the left root child has been promoted to be the new root
Partition 0 reversible model flag computed as 1
Variable 't2.Condylura_cristata.nonSynRate' was not initialized prior to being used
Variable 't2.Condylura_cristata.synRate' was not initialized prior to being used
Auto-benchmarked an optimal number (4) of threads.
Set GUI update interval to every 8333-th LF evaluation.
Optimization settings:
	OPTIMIZATION_METHOD = 4
	OPTIMIZATION_PRECISION = 0.001
	MAXIMUM_ITERATIONS_PER_VARIABLE = 5000

Initial parameter values

t2.Condylura_cristata.nonSynRate = 0.1
t2.Condylura_cristata.synRate = 0.1
Optimization finished in 6 loop passes.
244 likelihood evaluation calls and 225 matrix exponentiations calls were made

Row and/or column partition is empty. All the data will be used by default.
Model MG94customModel assigned to Sorex_araneus
Model MG94customModel assigned to Talpa_occidentalis
One branch tree supplied - hopefully this IS what you meant to do.
Rooted tree. Removing one branch - the left root child has been promoted to be the new root
Partition 0 reversible model flag computed as 1
Variable 't2.Talpa_occidentalis.nonSynRate' was not initialized prior to being used
Variable 't2.Talpa_occidentalis.synRate' was not initialized prior to being used
Auto-benchmarked an optimal number (3) of threads.
Set GUI update interval to every 4807-th LF evaluation.
Optimization settings:
	OPTIMIZATION_METHOD = 4
	OPTIMIZATION_PRECISION = 0.001
	MAXIMUM_ITERATIONS_PER_VARIABLE = 5000

Initial parameter values

t2.Talpa_occidentalis.nonSynRate = 0.1
t2.Talpa_occidentalis.synRate = 0.1
Optimization finished in 7 loop passes.
136 likelihood evaluation calls and 125 matrix exponentiations calls were made

Row and/or column partition is empty. All the data will be used by default.
Model MG94customModel assigned to Erinaceus_europaeus
Model MG94customModel assigned to Uropsilus_gracilis
One branch tree supplied - hopefully this IS what you meant to do.
Rooted tree. Removing one branch - the left root child has been promoted to be the new root
Partition 0 reversible model flag computed as 1
Variable 't2.Uropsilus_gracilis.nonSynRate' was not initialized prior to being used
Variable 't2.Uropsilus_gracilis.synRate' was not initialized prior to being used
Auto-benchmarked an optimal number (3) of threads.
Set GUI update interval to every 4761-th LF evaluation.
Optimization settings:
	OPTIMIZATION_METHOD = 4
	OPTIMIZATION_PRECISION = 0.001
	MAXIMUM_ITERATIONS_PER_VARIABLE = 5000

Initial parameter values

t2.Uropsilus_gracilis.nonSynRate = 0.1
t2.Uropsilus_gracilis.synRate = 0.1
Optimization finished in 5 loop passes.
180 likelihood evaluation calls and 163 matrix exponentiations calls were made

Row and/or column partition is empty. All the data will be used by default.
Model MG94customModel assigned to Erinaceus_europaeus
Model MG94customModel assigned to Galemys_pyrenaicus
One branch tree supplied - hopefully this IS what you meant to do.
Rooted tree. Removing one branch - the left root child has been promoted to be the new root
Partition 0 reversible model flag computed as 1
Variable 't2.Galemys_pyrenaicus.nonSynRate' was not initialized prior to being used
Variable 't2.Galemys_pyrenaicus.synRate' was not initialized prior to being used
Auto-benchmarked an optimal number (4) of threads.
Set GUI update interval to every 5813-th LF evaluation.
Optimization settings:
	OPTIMIZATION_METHOD = 4
	OPTIMIZATION_PRECISION = 0.001
	MAXIMUM_ITERATIONS_PER_VARIABLE = 5000

Initial parameter values

t2.Galemys_pyrenaicus.nonSynRate = 0.1
t2.Galemys_pyrenaicus.synRate = 0.1
Optimization finished in 6 loop passes.
233 likelihood evaluation calls and 217 matrix exponentiations calls were made

Row and/or column partition is empty. All the data will be used by default.
Model MG94customModel assigned to Erinaceus_europaeus
Model MG94customModel assigned to Condylura_cristata
One branch tree supplied - hopefully this IS what you meant to do.
Rooted tree. Removing one branch - the left root child has been promoted to be the new root
Partition 0 reversible model flag computed as 1
Variable 't2.Condylura_cristata.nonSynRate' was not initialized prior to being used
Variable 't2.Condylura_cristata.synRate' was not initialized prior to being used
Auto-benchmarked an optimal number (4) of threads.
Set GUI update interval to every 5154-th LF evaluation.
Optimization settings:
	OPTIMIZATION_METHOD = 4
	OPTIMIZATION_PRECISION = 0.001
	MAXIMUM_ITERATIONS_PER_VARIABLE = 5000

Initial parameter values

t2.Condylura_cristata.nonSynRate = 0.1
t2.Condylura_cristata.synRate = 0.1
Optimization finished in 6 loop passes.
233 likelihood evaluation calls and 215 matrix exponentiations calls were made

Row and/or column partition is empty. All the data will be used by default.
Model MG94customModel assigned to Erinaceus_europaeus
Model MG94customModel assigned to Talpa_occidentalis
One branch tree supplied - hopefully this IS what you meant to do.
Rooted tree. Removing one branch - the left root child has been promoted to be the new root
Partition 0 reversible model flag computed as 1
Variable 't2.Talpa_occidentalis.nonSynRate' was not initialized prior to being used
Variable 't2.Talpa_occidentalis.synRate' was not initialized prior to being used
Auto-benchmarked an optimal number (3) of threads.
Set GUI update interval to every 4950-th LF evaluation.
Optimization settings:
	OPTIMIZATION_METHOD = 4
	OPTIMIZATION_PRECISION = 0.001
	MAXIMUM_ITERATIONS_PER_VARIABLE = 5000

Initial parameter values

t2.Talpa_occidentalis.nonSynRate = 0.1
t2.Talpa_occidentalis.synRate = 0.1
Optimization finished in 6 loop passes.
188 likelihood evaluation calls and 173 matrix exponentiations calls were made

Row and/or column partition is empty. All the data will be used by default.
Model MG94customModel assigned to Uropsilus_gracilis
Model MG94customModel assigned to Galemys_pyrenaicus
One branch tree supplied - hopefully this IS what you meant to do.
Rooted tree. Removing one branch - the left root child has been promoted to be the new root
Partition 0 reversible model flag computed as 1
Variable 't2.Galemys_pyrenaicus.nonSynRate' was not initialized prior to being used
Variable 't2.Galemys_pyrenaicus.synRate' was not initialized prior to being used
Auto-benchmarked an optimal number (5) of threads.
Set GUI update interval to every 5050-th LF evaluation.
Optimization settings:
	OPTIMIZATION_METHOD = 4
	OPTIMIZATION_PRECISION = 0.001
	MAXIMUM_ITERATIONS_PER_VARIABLE = 5000

Initial parameter values

t2.Galemys_pyrenaicus.nonSynRate = 0.1
t2.Galemys_pyrenaicus.synRate = 0.1
Optimization finished in 7 loop passes.
157 likelihood evaluation calls and 144 matrix exponentiations calls were made

Row and/or column partition is empty. All the data will be used by default.
Model MG94customModel assigned to Uropsilus_gracilis
Model MG94customModel assigned to Condylura_cristata
One branch tree supplied - hopefully this IS what you meant to do.
Rooted tree. Removing one branch - the left root child has been promoted to be the new root
Partition 0 reversible model flag computed as 1
Variable 't2.Condylura_cristata.nonSynRate' was not initialized prior to being used
Variable 't2.Condylura_cristata.synRate' was not initialized prior to being used
Auto-benchmarked an optimal number (5) of threads.
Set GUI update interval to every 8333-th LF evaluation.
Optimization settings:
	OPTIMIZATION_METHOD = 4
	OPTIMIZATION_PRECISION = 0.001
	MAXIMUM_ITERATIONS_PER_VARIABLE = 5000

Initial parameter values

t2.Condylura_cristata.nonSynRate = 0.1
t2.Condylura_cristata.synRate = 0.1
Optimization finished in 6 loop passes.
175 likelihood evaluation calls and 162 matrix exponentiations calls were made

Row and/or column partition is empty. All the data will be used by default.
Model MG94customModel assigned to Uropsilus_gracilis
Model MG94customModel assigned to Talpa_occidentalis
One branch tree supplied - hopefully this IS what you meant to do.
Rooted tree. Removing one branch - the left root child has been promoted to be the new root
Partition 0 reversible model flag computed as 1
Variable 't2.Talpa_occidentalis.nonSynRate' was not initialized prior to being used
Variable 't2.Talpa_occidentalis.synRate' was not initialized prior to being used
Auto-benchmarked an optimal number (4) of threads.
Set GUI update interval to every 4901-th LF evaluation.
Optimization settings:
	OPTIMIZATION_METHOD = 4
	OPTIMIZATION_PRECISION = 0.001
	MAXIMUM_ITERATIONS_PER_VARIABLE = 5000

Initial parameter values

t2.Talpa_occidentalis.nonSynRate = 0.1
t2.Talpa_occidentalis.synRate = 0.1
Optimization finished in 6 loop passes.
188 likelihood evaluation calls and 170 matrix exponentiations calls were made

Row and/or column partition is empty. All the data will be used by default.
Model MG94customModel assigned to Galemys_pyrenaicus
Model MG94customModel assigned to Condylura_cristata
One branch tree supplied - hopefully this IS what you meant to do.
Rooted tree. Removing one branch - the left root child has been promoted to be the new root
Partition 0 reversible model flag computed as 1
Variable 't2.Condylura_cristata.nonSynRate' was not initialized prior to being used
Variable 't2.Condylura_cristata.synRate' was not initialized prior to being used
Auto-benchmarked an optimal number (4) of threads.
Set GUI update interval to every 5319-th LF evaluation.
Optimization settings:
	OPTIMIZATION_METHOD = 4
	OPTIMIZATION_PRECISION = 0.001
	MAXIMUM_ITERATIONS_PER_VARIABLE = 5000

Initial parameter values

t2.Condylura_cristata.nonSynRate = 0.1
t2.Condylura_cristata.synRate = 0.1
Optimization finished in 6 loop passes.
178 likelihood evaluation calls and 165 matrix exponentiations calls were made

Row and/or column partition is empty. All the data will be used by default.
Model MG94customModel assigned to Galemys_pyrenaicus
Model MG94customModel assigned to Talpa_occidentalis
One branch tree supplied - hopefully this IS what you meant to do.
Rooted tree. Removing one branch - the left root child has been promoted to be the new root
Partition 0 reversible model flag computed as 1
Variable 't2.Talpa_occidentalis.nonSynRate' was not initialized prior to being used
Variable 't2.Talpa_occidentalis.synRate' was not initialized prior to being used
Auto-benchmarked an optimal number (3) of threads.
Set GUI update interval to every 5000-th LF evaluation.
Optimization settings:
	OPTIMIZATION_METHOD = 4
	OPTIMIZATION_PRECISION = 0.001
	MAXIMUM_ITERATIONS_PER_VARIABLE = 5000

Initial parameter values

t2.Talpa_occidentalis.nonSynRate = 0.1
t2.Talpa_occidentalis.synRate = 0.1
Optimization finished in 6 loop passes.
163 likelihood evaluation calls and 143 matrix exponentiations calls were made

Row and/or column partition is empty. All the data will be used by default.
Model MG94customModel assigned to Condylura_cristata
Model MG94customModel assigned to Talpa_occidentalis
One branch tree supplied - hopefully this IS what you meant to do.
Rooted tree. Removing one branch - the left root child has been promoted to be the new root
Partition 0 reversible model flag computed as 1
Auto-benchmarked an optimal number (4) of threads.
Set GUI update interval to every 821-th LF evaluation.
Optimization settings:
	OPTIMIZATION_METHOD = 4
	OPTIMIZATION_PRECISION = 0.001
	MAXIMUM_ITERATIONS_PER_VARIABLE = 5000

Initial parameter values

t2.Talpa_occidentalis.nonSynRate = 0.1
t2.Talpa_occidentalis.synRate = 0.1
Optimization finished in 6 loop passes.
244 likelihood evaluation calls and 226 matrix exponentiations calls were made
