NW_010672778.1:12568-38176	NC_044006.1	82.609	3197	429	32	12347	15476	24158384	24161520	0.0	3230
NW_010672778.1:12568-38176	NC_044006.1	80.848	3300	434	48	1	3169	24142736	24145968	0.0	3065
NW_010672778.1:12568-38176	NC_044006.1	80.471	2207	278	29	20332	22416	24166228	24168403	0.0	2045
NW_010672778.1:12568-38176	NC_044006.1	80.049	1644	210	22	3182	4739	24146075	24147686	0.0	1494
NW_010672778.1:12568-38176	NC_044006.1	78.205	1638	247	27	18729	20287	24164482	24166088	0.0	1323
NW_010672778.1:12568-38176	NC_044006.1	79.325	1393	202	19	5777	7099	24150449	24151825	0.0	1206
NW_010672778.1:12568-38176	NC_044006.1	79.318	1407	198	23	9592	10955	24155601	24156957	0.0	1206
NW_010672778.1:12568-38176	NC_044006.1	76.978	1529	241	23	16802	18276	24162239	24163710	0.0	1174
NW_010672778.1:12568-38176	NC_044006.1	87.662	924	102	6	22615	23528	24168623	24169544	0.0	1137
NW_010672778.1:12568-38176	NC_044006.1	81.508	1114	155	14	23881	24947	24170467	24171576	0.0	1064
NW_010672778.1:12568-38176	NC_044006.1	77.613	1148	176	18	7153	8241	24152396	24153521	0.0	904
NW_010672778.1:12568-38176	NC_044006.1	80.862	789	125	8	15994	16775	24161507	24162276	0.0	730
NW_010672778.1:12568-38176	NC_044006.1	84.343	677	87	7	4757	5431	24149230	24149889	0.0	729
NW_010672778.1:12568-38176	NC_044006.1	84.420	552	79	3	25063	25607	24171692	24172243	1.40e-169	601
NW_010672778.1:12568-38176	NC_044006.1	73.326	911	107	22	8669	9463	24154584	24155474	2.37e-160	572
NW_010672778.1:12568-38176	NC_044006.1	80.416	577	64	12	11174	11711	24156973	24157539	1.08e-145	522
NW_010672778.1:12568-38176	NC_044006.1	78.788	363	46	6	5430	5773	24150169	24150519	1.23e-81	309
NW_010672778.1:12568-38176	NC_044006.1	83.959	293	36	4	11715	12006	24157629	24157911	1.23e-81	309
NW_010672778.1:12568-38176	NC_044006.1	84.151	265	36	2	18270	18533	24164024	24164283	1.40e-74	286
NW_010672778.1:12568-38176	NC_044006.1	87.019	208	24	3	10967	11173	24150975	24150770	1.50e-61	243
NW_010672778.1:12568-38176	NC_044006.1	75.185	270	42	4	8421	8665	24153734	24154003	8.30e-46	190
NW_010672778.1:12568-38176	NC_044006.1	69.084	262	32	4	12028	12242	24158208	24158467	5.60e-29	134
NW_010672778.1:12568-38176	NC_044006.1	89.091	55	4	1	12291	12345	24158285	24158337	1.96e-09	70.7
NW_010672778.1:12568-38176	NC_044006.1	91.176	34	3	0	11952	11985	33544954	33544987	0.006	49.1
