
Loaded 'libv3/convenience/matrix.bf' from /usr/local/lib/hyphy/TemplateBatchFiles/libv3/convenience/matrix.bf
Loaded 'libv3/UtilityFunctions.bf' from /usr/local/lib/hyphy/TemplateBatchFiles/libv3/UtilityFunctions.bf
Loaded 'IOFunctions.bf' from /usr/local/lib/hyphy/TemplateBatchFiles/libv3/IOFunctions.bf
Already loaded 'libv3/UtilityFunctions.bf' from /usr/local/lib/hyphy/TemplateBatchFiles/libv3/UtilityFunctions.bf
Loaded 'convenience/regexp.bf' from /usr/local/lib/hyphy/TemplateBatchFiles/libv3/convenience/regexp.bf
Loaded 'libv3/all-terms.bf' from /usr/local/lib/hyphy/TemplateBatchFiles/libv3/all-terms.bf
Variable 'skipCodeSelectionStep' was not initialized prior to being used
Row and/or column partition is empty. All the data will be used by default.
Overwritten previously defined function:'GaussLaguerreQuardature'
Overwritten previously defined function:'GammaQuadWeight'
Variable 'SKIP_HARVEST_FREQ' was not initialized prior to being used
Variable '_WRAP_PASSTHROUGH_FLAG_' was not initialized prior to being used
Variable 'END_OF_FILE' was not initialized prior to being used
Variable '_DO_TREE_REBALANCE_' was not initialized prior to being used
Variable '_KEEP_I_LABELS_' was not initialized prior to being used
Model MG94customModel assigned to Heterohyrax_brucei
Heterohyrax_brucei has 2 parameters - branch length not assigned
Model MG94customModel assigned to Procavia_capensis
Procavia_capensis has 2 parameters - branch length not assigned
Model MG94customModel assigned to Node2
Node2 has 2 parameters - branch length not assigned
Model MG94customModel assigned to Dugong_dugon
Dugong_dugon has 2 parameters - branch length not assigned
Model MG94customModel assigned to Trichechus_manatus
Trichechus_manatus has 2 parameters - branch length not assigned
Model MG94customModel assigned to Node5
Node5 has 2 parameters - branch length not assigned
Model MG94customModel assigned to Node1
Node1 has 2 parameters - branch length not assigned
Model MG94customModel assigned to Loxodonta_africana
Loxodonta_africana has 2 parameters - branch length not assigned
Model MG94customModel assigned to Elephas_maximus
Elephas_maximus has 2 parameters - branch length not assigned
Model MG94customModel assigned to Node8
Node8 has 2 parameters - branch length not assigned
Model MG94customModel assigned to Chrysochloris_asiatica
Chrysochloris_asiatica has 2 parameters - branch length not assigned
Model MG94customModel assigned to Echinops_telfairi
Echinops_telfairi has 2 parameters - branch length not assigned
Model MG94customModel assigned to Node13
Node13 has 2 parameters - branch length not assigned
Model MG94customModel assigned to Elephantulus_edwardii
Elephantulus_edwardii has 2 parameters - branch length not assigned
Model MG94customModel assigned to Node12
Node12 has 2 parameters - branch length not assigned
Model MG94customModel assigned to Orycteropus_afer
Orycteropus_afer has 2 parameters - branch length not assigned
Model MG94customModel assigned to Node11
Node11 has 2 parameters - branch length not assigned
The tips of the tree:givenTree were matched with the species names from the data in the following numeric order (0-based) {6,7,5,4,3,2,1,9,0,8}

Pseudo-optimal path's cost 3652 vs 4876 for 1..k=> a 1.33516 x improvement
Partition 0 reversible model flag computed as 1
Variable 'theLnLik' was not initialized prior to being used
Variable 'SAVE_OPT_STATUS_TO' was not initialized prior to being used
Variable 'givenTree.Heterohyrax_brucei.nonSynRate' was not initialized prior to being used
Variable 'givenTree.Heterohyrax_brucei.synRate' was not initialized prior to being used
Variable 'givenTree.Procavia_capensis.nonSynRate' was not initialized prior to being used
Variable 'givenTree.Procavia_capensis.synRate' was not initialized prior to being used
Variable 'givenTree.Dugong_dugon.nonSynRate' was not initialized prior to being used
Variable 'givenTree.Dugong_dugon.synRate' was not initialized prior to being used
Variable 'givenTree.Trichechus_manatus.nonSynRate' was not initialized prior to being used
Variable 'givenTree.Trichechus_manatus.synRate' was not initialized prior to being used
Variable 'givenTree.Loxodonta_africana.nonSynRate' was not initialized prior to being used
Variable 'givenTree.Loxodonta_africana.synRate' was not initialized prior to being used
Variable 'givenTree.Elephas_maximus.nonSynRate' was not initialized prior to being used
Variable 'givenTree.Elephas_maximus.synRate' was not initialized prior to being used
Variable 'givenTree.Chrysochloris_asiatica.nonSynRate' was not initialized prior to being used
Variable 'givenTree.Chrysochloris_asiatica.synRate' was not initialized prior to being used
Variable 'givenTree.Echinops_telfairi.nonSynRate' was not initialized prior to being used
Variable 'givenTree.Echinops_telfairi.synRate' was not initialized prior to being used
Variable 'givenTree.Elephantulus_edwardii.nonSynRate' was not initialized prior to being used
Variable 'givenTree.Elephantulus_edwardii.synRate' was not initialized prior to being used
Variable 'givenTree.Orycteropus_afer.nonSynRate' was not initialized prior to being used
Variable 'givenTree.Orycteropus_afer.synRate' was not initialized prior to being used
Variable 'givenTree.Node2.nonSynRate' was not initialized prior to being used
Variable 'givenTree.Node2.synRate' was not initialized prior to being used
Variable 'givenTree.Node5.nonSynRate' was not initialized prior to being used
Variable 'givenTree.Node5.synRate' was not initialized prior to being used
Variable 'givenTree.Node1.nonSynRate' was not initialized prior to being used
Variable 'givenTree.Node1.synRate' was not initialized prior to being used
Variable 'givenTree.Node8.nonSynRate' was not initialized prior to being used
Variable 'givenTree.Node8.synRate' was not initialized prior to being used
Variable 'givenTree.Node13.nonSynRate' was not initialized prior to being used
Variable 'givenTree.Node13.synRate' was not initialized prior to being used
Variable 'givenTree.Node12.nonSynRate' was not initialized prior to being used
Variable 'givenTree.Node12.synRate' was not initialized prior to being used
Variable 'givenTree.Node11.nonSynRate' was not initialized prior to being used
Variable 'givenTree.Node11.synRate' was not initialized prior to being used
Site 173 evaluated to a 0 probability in ComputeTreeBlockByBranch
Site 173 evaluated to a 0 probability in ComputeTreeBlockByBranch
Site 142 evaluated to a 0 probability in ComputeTreeBlockByBranch
Site 173 evaluated to a 0 probability in ComputeTreeBlockByBranch
Site 186 evaluated to a 0 probability in ComputeTreeBlockByBranch
Site 227 evaluated to a 0 probability in ComputeTreeBlockByBranch
Site 277 evaluated to a 0 probability in ComputeTreeBlockByBranch
Site 173 evaluated to a 0 probability in ComputeTreeBlockByBranch
Site 231 evaluated to a 0 probability in ComputeTreeBlockByBranch
Site 148 evaluated to a 0 probability in ComputeTreeBlockByBranch
Site 173 evaluated to a 0 probability in ComputeTreeBlockByBranch
Site 117 evaluated to a 0 probability in ComputeTreeBlockByBranch
Site 257 evaluated to a 0 probability in ComputeTreeBlockByBranch
Site 213 evaluated to a 0 probability in ComputeTreeBlockByBranch
Site 243 evaluated to a 0 probability in ComputeTreeBlockByBranch
Site 294 evaluated to a 0 probability in ComputeTreeBlockByBranch
Site 148 evaluated to a 0 probability in ComputeTreeBlockByBranch
Site 173 evaluated to a 0 probability in ComputeTreeBlockByBranch
Site 258 evaluated to a 0 probability in ComputeTreeBlockByBranch
Site 186 evaluated to a 0 probability in ComputeTreeBlockByBranch
Site 227 evaluated to a 0 probability in ComputeTreeBlockByBranch
Site 268 evaluated to a 0 probability in ComputeTreeBlockByBranch
Site 305 evaluated to a 0 probability in ComputeTreeBlockByBranch
Site 229 evaluated to a 0 probability in ComputeTreeBlockByBranch
Site 173 evaluated to a 0 probability in ComputeTreeBlockByBranch
Site 200 evaluated to a 0 probability in ComputeTreeBlockByBranch
Site 295 evaluated to a 0 probability in ComputeTreeBlockByBranch
Site 140 evaluated to a 0 probability in ComputeTreeBlockByBranch
Site 220 evaluated to a 0 probability in ComputeTreeBlockByBranch
Site 231 evaluated to a 0 probability in ComputeTreeBlockByBranch
Site 180 evaluated to a 0 probability in ComputeTreeBlockByBranch
Site 173 evaluated to a 0 probability in ComputeTreeBlockByBranch
Site 259 evaluated to a 0 probability in ComputeTreeBlockByBranch
Site 148 evaluated to a 0 probability in ComputeTreeBlockByBranch
Site 115 evaluated to a 0 probability in ComputeTreeBlockByBranch
Site 277 evaluated to a 0 probability in ComputeTreeBlockByBranch
Site 122 evaluated to a 0 probability in ComputeTreeBlockByBranch
Site 77 evaluated to a 0 probability in ComputeTreeBlockByBranch
Site 50 evaluated to a 0 probability in ComputeTreeBlockByBranch
Site 164 evaluated to a 0 probability in ComputeTreeBlockByBranch
Site 309 evaluated to a 0 probability in ComputeTreeBlockByBranch
Site 173 evaluated to a 0 probability in ComputeTreeBlockByBranch
Site 182 evaluated to a 0 probability in ComputeTreeBlockByBranch
Site 303 evaluated to a 0 probability in ComputeTreeBlockByBranch
Site 66 evaluated to a 0 probability in ComputeTreeBlockByBranch
Site 213 evaluated to a 0 probability in ComputeTreeBlockByBranch
Site 117 evaluated to a 0 probability in ComputeTreeBlockByBranch
Site 142 evaluated to a 0 probability in ComputeTreeBlockByBranch
Site 192 evaluated to a 0 probability in ComputeTreeBlockByBranch
Site 309 evaluated to a 0 probability in ComputeTreeBlockByBranch
Site 173 evaluated to a 0 probability in ComputeTreeBlockByBranch
Site 257 evaluated to a 0 probability in ComputeTreeBlockByBranch
Site 243 evaluated to a 0 probability in ComputeTreeBlockByBranch
Site 179 evaluated to a 0 probability in ComputeTreeBlockByBranch
Site 291 evaluated to a 0 probability in ComputeTreeBlockByBranch
Auto-benchmarked an optimal number (9) of threads.
Set GUI update interval to every 293-th LF evaluation.
Initial guess for givenTree.Node2.nonSynRate is -0.000509268
Initial guess for givenTree.Node2.synRate is -0.00179705
Initial guess for givenTree.Heterohyrax_brucei.nonSynRate is 0.00516645
Initial guess for givenTree.Heterohyrax_brucei.synRate is -0.000162706
Initial guess for givenTree.Procavia_capensis.nonSynRate is 0.000779591
Initial guess for givenTree.Procavia_capensis.synRate is 0.00100517
Initial guess for givenTree.Node5.nonSynRate is 0.041428
Initial guess for givenTree.Node5.synRate is 0.0318486
Initial guess for givenTree.Dugong_dugon.nonSynRate is 0.0024771
Initial guess for givenTree.Dugong_dugon.synRate is 0.00255793
Initial guess for givenTree.Trichechus_manatus.nonSynRate is 0.00516784
Initial guess for givenTree.Trichechus_manatus.synRate is 0.000803508
Initial guess for givenTree.Node8.nonSynRate is 0.0208732
Initial guess for givenTree.Node8.synRate is 0.0113013
Initial guess for givenTree.Loxodonta_africana.nonSynRate is 0.00259308
Initial guess for givenTree.Loxodonta_africana.synRate is 3.20257e-18
Initial guess for givenTree.Elephas_maximus.nonSynRate is 0.00245908
Initial guess for givenTree.Elephas_maximus.synRate is 4.73177e-18
Initial guess for givenTree.Node11.nonSynRate is 0.0204301
Initial guess for givenTree.Node11.synRate is 0.0103531
Initial guess for givenTree.Node12.nonSynRate is 0.0119879
Initial guess for givenTree.Node12.synRate is 0.00520421
Initial guess for givenTree.Node13.nonSynRate is 0.0171233
Initial guess for givenTree.Node13.synRate is 0.0065146
Initial guess for givenTree.Chrysochloris_asiatica.nonSynRate is 0.0567143
Initial guess for givenTree.Chrysochloris_asiatica.synRate is 0.0263225
Initial guess for givenTree.Echinops_telfairi.nonSynRate is 0.0628867
Initial guess for givenTree.Echinops_telfairi.synRate is 0.0408368
Initial guess for givenTree.Elephantulus_edwardii.nonSynRate is 0.104757
Initial guess for givenTree.Elephantulus_edwardii.synRate is 0.0508288
Initial guess for givenTree.Orycteropus_afer.nonSynRate is 0.0292186
Initial guess for givenTree.Orycteropus_afer.synRate is 0.011965
Optimization settings:
	OPTIMIZATION_METHOD = 4
	OPTIMIZATION_PRECISION = 0.001
	MAXIMUM_ITERATIONS_PER_VARIABLE = 5000

Initial parameter values

GT = 1
CT = 1
CG = 1
AC = 1
AT = 1
givenTree.Heterohyrax_brucei.synRate = 0
givenTree.Heterohyrax_brucei.nonSynRate = 0.00516645
givenTree.Procavia_capensis.synRate = 0.00100517
givenTree.Procavia_capensis.nonSynRate = 0.000779591
givenTree.Node2.synRate = 0
givenTree.Node2.nonSynRate = 0
givenTree.Dugong_dugon.synRate = 0.00255793
givenTree.Dugong_dugon.nonSynRate = 0.0024771
givenTree.Trichechus_manatus.synRate = 0.000803508
givenTree.Trichechus_manatus.nonSynRate = 0.00516784
givenTree.Node5.synRate = 0.0318486
givenTree.Node5.nonSynRate = 0.041428
givenTree.Node1.synRate = 0.1
givenTree.Node1.nonSynRate = 0.1
givenTree.Loxodonta_africana.synRate = 3.20257e-18
givenTree.Loxodonta_africana.nonSynRate = 0.00259308
givenTree.Elephas_maximus.synRate = 4.73177e-18
givenTree.Elephas_maximus.nonSynRate = 0.00245908
givenTree.Node8.synRate = 0.0113013
givenTree.Node8.nonSynRate = 0.0208732
givenTree.Chrysochloris_asiatica.synRate = 0.0263225
givenTree.Chrysochloris_asiatica.nonSynRate = 0.0567143
givenTree.Echinops_telfairi.synRate = 0.0408368
givenTree.Echinops_telfairi.nonSynRate = 0.0628867
givenTree.Node13.synRate = 0.0065146
givenTree.Node13.nonSynRate = 0.0171233
givenTree.Elephantulus_edwardii.synRate = 0.0508288
givenTree.Elephantulus_edwardii.nonSynRate = 0.104757
givenTree.Node12.synRate = 0.00520421
givenTree.Node12.nonSynRate = 0.0119879
givenTree.Orycteropus_afer.synRate = 0.011965
givenTree.Orycteropus_afer.nonSynRate = 0.0292186
givenTree.Node11.synRate = 0.0103531
givenTree.Node11.nonSynRate = 0.0204301
Optimization finished in 28 loop passes.
3393 likelihood evaluation calls and 13363 matrix exponentiations calls were made

Variable 'lastDepth' was not initialized prior to being used
No nodel was assigned to Heterohyrax_brucei
Heterohyrax_brucei has 0 parameters - branch length not assigned
No nodel was assigned to Procavia_capensis
Procavia_capensis has 0 parameters - branch length not assigned
No nodel was assigned to Node2
Node2 has 0 parameters - branch length not assigned
No nodel was assigned to Dugong_dugon
Dugong_dugon has 0 parameters - branch length not assigned
No nodel was assigned to Trichechus_manatus
Trichechus_manatus has 0 parameters - branch length not assigned
No nodel was assigned to Node5
Node5 has 0 parameters - branch length not assigned
No nodel was assigned to Node1
Node1 has 0 parameters - branch length not assigned
No nodel was assigned to Loxodonta_africana
Loxodonta_africana has 0 parameters - branch length not assigned
No nodel was assigned to Elephas_maximus
Elephas_maximus has 0 parameters - branch length not assigned
No nodel was assigned to Node8
Node8 has 0 parameters - branch length not assigned
No nodel was assigned to Chrysochloris_asiatica
Chrysochloris_asiatica has 0 parameters - branch length not assigned
No nodel was assigned to Echinops_telfairi
Echinops_telfairi has 0 parameters - branch length not assigned
No nodel was assigned to Node13
Node13 has 0 parameters - branch length not assigned
No nodel was assigned to Elephantulus_edwardii
Elephantulus_edwardii has 0 parameters - branch length not assigned
No nodel was assigned to Node12
Node12 has 0 parameters - branch length not assigned
No nodel was assigned to Orycteropus_afer
Orycteropus_afer has 0 parameters - branch length not assigned
No nodel was assigned to Node11
Node11 has 0 parameters - branch length not assigned
No nodel was assigned to Heterohyrax_brucei
Heterohyrax_brucei has 0 parameters - branch length not assigned
No nodel was assigned to Procavia_capensis
Procavia_capensis has 0 parameters - branch length not assigned
No nodel was assigned to Node2
Node2 has 0 parameters - branch length not assigned
No nodel was assigned to Dugong_dugon
Dugong_dugon has 0 parameters - branch length not assigned
No nodel was assigned to Trichechus_manatus
Trichechus_manatus has 0 parameters - branch length not assigned
No nodel was assigned to Node5
Node5 has 0 parameters - branch length not assigned
No nodel was assigned to Node1
Node1 has 0 parameters - branch length not assigned
No nodel was assigned to Loxodonta_africana
Loxodonta_africana has 0 parameters - branch length not assigned
No nodel was assigned to Elephas_maximus
Elephas_maximus has 0 parameters - branch length not assigned
No nodel was assigned to Node8
Node8 has 0 parameters - branch length not assigned
No nodel was assigned to Chrysochloris_asiatica
Chrysochloris_asiatica has 0 parameters - branch length not assigned
No nodel was assigned to Echinops_telfairi
Echinops_telfairi has 0 parameters - branch length not assigned
No nodel was assigned to Node13
Node13 has 0 parameters - branch length not assigned
No nodel was assigned to Elephantulus_edwardii
Elephantulus_edwardii has 0 parameters - branch length not assigned
No nodel was assigned to Node12
Node12 has 0 parameters - branch length not assigned
No nodel was assigned to Orycteropus_afer
Orycteropus_afer has 0 parameters - branch length not assigned
No nodel was assigned to Node11
Node11 has 0 parameters - branch length not assigned
No nodel was assigned to Heterohyrax_brucei
Heterohyrax_brucei has 0 parameters - branch length not assigned
No nodel was assigned to Procavia_capensis
Procavia_capensis has 0 parameters - branch length not assigned
No nodel was assigned to Node2
Node2 has 0 parameters - branch length not assigned
No nodel was assigned to Dugong_dugon
Dugong_dugon has 0 parameters - branch length not assigned
No nodel was assigned to Trichechus_manatus
Trichechus_manatus has 0 parameters - branch length not assigned
No nodel was assigned to Node5
Node5 has 0 parameters - branch length not assigned
No nodel was assigned to Node1
Node1 has 0 parameters - branch length not assigned
No nodel was assigned to Loxodonta_africana
Loxodonta_africana has 0 parameters - branch length not assigned
No nodel was assigned to Elephas_maximus
Elephas_maximus has 0 parameters - branch length not assigned
No nodel was assigned to Node8
Node8 has 0 parameters - branch length not assigned
No nodel was assigned to Chrysochloris_asiatica
Chrysochloris_asiatica has 0 parameters - branch length not assigned
No nodel was assigned to Echinops_telfairi
Echinops_telfairi has 0 parameters - branch length not assigned
No nodel was assigned to Node13
Node13 has 0 parameters - branch length not assigned
No nodel was assigned to Elephantulus_edwardii
Elephantulus_edwardii has 0 parameters - branch length not assigned
No nodel was assigned to Node12
Node12 has 0 parameters - branch length not assigned
No nodel was assigned to Orycteropus_afer
Orycteropus_afer has 0 parameters - branch length not assigned
No nodel was assigned to Node11
Node11 has 0 parameters - branch length not assigned
No nodel was assigned to Heterohyrax_brucei
Heterohyrax_brucei has 0 parameters - branch length not assigned
No nodel was assigned to Procavia_capensis
Procavia_capensis has 0 parameters - branch length not assigned
No nodel was assigned to Node2
Node2 has 0 parameters - branch length not assigned
No nodel was assigned to Dugong_dugon
Dugong_dugon has 0 parameters - branch length not assigned
No nodel was assigned to Trichechus_manatus
Trichechus_manatus has 0 parameters - branch length not assigned
No nodel was assigned to Node5
Node5 has 0 parameters - branch length not assigned
No nodel was assigned to Node1
Node1 has 0 parameters - branch length not assigned
No nodel was assigned to Loxodonta_africana
Loxodonta_africana has 0 parameters - branch length not assigned
No nodel was assigned to Elephas_maximus
Elephas_maximus has 0 parameters - branch length not assigned
No nodel was assigned to Node8
Node8 has 0 parameters - branch length not assigned
No nodel was assigned to Chrysochloris_asiatica
Chrysochloris_asiatica has 0 parameters - branch length not assigned
No nodel was assigned to Echinops_telfairi
Echinops_telfairi has 0 parameters - branch length not assigned
No nodel was assigned to Node13
Node13 has 0 parameters - branch length not assigned
No nodel was assigned to Elephantulus_edwardii
Elephantulus_edwardii has 0 parameters - branch length not assigned
No nodel was assigned to Node12
Node12 has 0 parameters - branch length not assigned
No nodel was assigned to Orycteropus_afer
Orycteropus_afer has 0 parameters - branch length not assigned
No nodel was assigned to Node11
Node11 has 0 parameters - branch length not assigned
Variable 'nodeName' was not initialized prior to being used
Variable 'speciesIndex' was not initialized prior to being used
Row and/or column partition is empty. All the data will be used by default.
Model MG94customModel assigned to Heterohyrax_brucei
Model MG94customModel assigned to Procavia_capensis
One branch tree supplied - hopefully this IS what you meant to do.
Rooted tree. Removing one branch - the left root child has been promoted to be the new root
Partition 0 reversible model flag computed as 1
Variable 'twoLnLik' was not initialized prior to being used
Variable 't2.Procavia_capensis.nonSynRate' was not initialized prior to being used
Variable 't2.Procavia_capensis.synRate' was not initialized prior to being used
Auto-benchmarked an optimal number (4) of threads.
Set GUI update interval to every 7812-th LF evaluation.
Optimization settings:
	OPTIMIZATION_METHOD = 4
	OPTIMIZATION_PRECISION = 0.001
	MAXIMUM_ITERATIONS_PER_VARIABLE = 5000

Initial parameter values

t2.Procavia_capensis.nonSynRate = 0.1
t2.Procavia_capensis.synRate = 0.1
Optimization finished in 6 loop passes.
198 likelihood evaluation calls and 180 matrix exponentiations calls were made

Row and/or column partition is empty. All the data will be used by default.
Model MG94customModel assigned to Heterohyrax_brucei
Model MG94customModel assigned to Dugong_dugon
One branch tree supplied - hopefully this IS what you meant to do.
Rooted tree. Removing one branch - the left root child has been promoted to be the new root
Partition 0 reversible model flag computed as 1
Variable 't2.Dugong_dugon.nonSynRate' was not initialized prior to being used
Variable 't2.Dugong_dugon.synRate' was not initialized prior to being used
Auto-benchmarked an optimal number (3) of threads.
Set GUI update interval to every 8064-th LF evaluation.
Optimization settings:
	OPTIMIZATION_METHOD = 4
	OPTIMIZATION_PRECISION = 0.001
	MAXIMUM_ITERATIONS_PER_VARIABLE = 5000

Initial parameter values

t2.Dugong_dugon.nonSynRate = 0.1
t2.Dugong_dugon.synRate = 0.1
Optimization finished in 5 loop passes.
191 likelihood evaluation calls and 172 matrix exponentiations calls were made

Row and/or column partition is empty. All the data will be used by default.
Model MG94customModel assigned to Heterohyrax_brucei
Model MG94customModel assigned to Trichechus_manatus
One branch tree supplied - hopefully this IS what you meant to do.
Rooted tree. Removing one branch - the left root child has been promoted to be the new root
Partition 0 reversible model flag computed as 1
Variable 't2.Trichechus_manatus.synRate' was not initialized prior to being used
Variable 't2.Trichechus_manatus.nonSynRate' was not initialized prior to being used
Auto-benchmarked an optimal number (4) of threads.
Set GUI update interval to every 8771-th LF evaluation.
Optimization settings:
	OPTIMIZATION_METHOD = 4
	OPTIMIZATION_PRECISION = 0.001
	MAXIMUM_ITERATIONS_PER_VARIABLE = 5000

Initial parameter values

t2.Trichechus_manatus.synRate = 0.1
t2.Trichechus_manatus.nonSynRate = 0.1
Optimization finished in 5 loop passes.
184 likelihood evaluation calls and 166 matrix exponentiations calls were made

Row and/or column partition is empty. All the data will be used by default.
Model MG94customModel assigned to Heterohyrax_brucei
Model MG94customModel assigned to Loxodonta_africana
One branch tree supplied - hopefully this IS what you meant to do.
Rooted tree. Removing one branch - the left root child has been promoted to be the new root
Partition 0 reversible model flag computed as 1
Variable 't2.Loxodonta_africana.nonSynRate' was not initialized prior to being used
Variable 't2.Loxodonta_africana.synRate' was not initialized prior to being used
Auto-benchmarked an optimal number (5) of threads.
Set GUI update interval to every 8771-th LF evaluation.
Optimization settings:
	OPTIMIZATION_METHOD = 4
	OPTIMIZATION_PRECISION = 0.001
	MAXIMUM_ITERATIONS_PER_VARIABLE = 5000

Initial parameter values

t2.Loxodonta_africana.nonSynRate = 0.1
t2.Loxodonta_africana.synRate = 0.1
Optimization finished in 5 loop passes.
185 likelihood evaluation calls and 166 matrix exponentiations calls were made

Row and/or column partition is empty. All the data will be used by default.
Model MG94customModel assigned to Heterohyrax_brucei
Model MG94customModel assigned to Elephas_maximus
One branch tree supplied - hopefully this IS what you meant to do.
Rooted tree. Removing one branch - the left root child has been promoted to be the new root
Partition 0 reversible model flag computed as 1
Variable 't2.Elephas_maximus.synRate' was not initialized prior to being used
Variable 't2.Elephas_maximus.nonSynRate' was not initialized prior to being used
Auto-benchmarked an optimal number (5) of threads.
Set GUI update interval to every 9090-th LF evaluation.
Optimization settings:
	OPTIMIZATION_METHOD = 4
	OPTIMIZATION_PRECISION = 0.001
	MAXIMUM_ITERATIONS_PER_VARIABLE = 5000

Initial parameter values

t2.Elephas_maximus.synRate = 0.1
t2.Elephas_maximus.nonSynRate = 0.1
Optimization finished in 5 loop passes.
172 likelihood evaluation calls and 151 matrix exponentiations calls were made

Row and/or column partition is empty. All the data will be used by default.
Model MG94customModel assigned to Heterohyrax_brucei
Model MG94customModel assigned to Chrysochloris_asiatica
One branch tree supplied - hopefully this IS what you meant to do.
Rooted tree. Removing one branch - the left root child has been promoted to be the new root
Partition 0 reversible model flag computed as 1
Variable 't2.Chrysochloris_asiatica.nonSynRate' was not initialized prior to being used
Variable 't2.Chrysochloris_asiatica.synRate' was not initialized prior to being used
Auto-benchmarked an optimal number (4) of threads.
Set GUI update interval to every 8333-th LF evaluation.
Optimization settings:
	OPTIMIZATION_METHOD = 4
	OPTIMIZATION_PRECISION = 0.001
	MAXIMUM_ITERATIONS_PER_VARIABLE = 5000

Initial parameter values

t2.Chrysochloris_asiatica.nonSynRate = 0.1
t2.Chrysochloris_asiatica.synRate = 0.1
Optimization finished in 5 loop passes.
171 likelihood evaluation calls and 154 matrix exponentiations calls were made

Row and/or column partition is empty. All the data will be used by default.
Model MG94customModel assigned to Heterohyrax_brucei
Model MG94customModel assigned to Echinops_telfairi
One branch tree supplied - hopefully this IS what you meant to do.
Rooted tree. Removing one branch - the left root child has been promoted to be the new root
Partition 0 reversible model flag computed as 1
Variable 't2.Echinops_telfairi.nonSynRate' was not initialized prior to being used
Variable 't2.Echinops_telfairi.synRate' was not initialized prior to being used
Auto-benchmarked an optimal number (4) of threads.
Set GUI update interval to every 8333-th LF evaluation.
Optimization settings:
	OPTIMIZATION_METHOD = 4
	OPTIMIZATION_PRECISION = 0.001
	MAXIMUM_ITERATIONS_PER_VARIABLE = 5000

Initial parameter values

t2.Echinops_telfairi.nonSynRate = 0.1
t2.Echinops_telfairi.synRate = 0.1
Optimization finished in 5 loop passes.
166 likelihood evaluation calls and 145 matrix exponentiations calls were made

Row and/or column partition is empty. All the data will be used by default.
Model MG94customModel assigned to Heterohyrax_brucei
Model MG94customModel assigned to Elephantulus_edwardii
One branch tree supplied - hopefully this IS what you meant to do.
Rooted tree. Removing one branch - the left root child has been promoted to be the new root
Partition 0 reversible model flag computed as 1
Variable 't2.Elephantulus_edwardii.nonSynRate' was not initialized prior to being used
Variable 't2.Elephantulus_edwardii.synRate' was not initialized prior to being used
Auto-benchmarked an optimal number (4) of threads.
Set GUI update interval to every 8196-th LF evaluation.
Optimization settings:
	OPTIMIZATION_METHOD = 4
	OPTIMIZATION_PRECISION = 0.001
	MAXIMUM_ITERATIONS_PER_VARIABLE = 5000

Initial parameter values

t2.Elephantulus_edwardii.nonSynRate = 0.1
t2.Elephantulus_edwardii.synRate = 0.1
Optimization finished in 6 loop passes.
203 likelihood evaluation calls and 186 matrix exponentiations calls were made

Row and/or column partition is empty. All the data will be used by default.
Model MG94customModel assigned to Heterohyrax_brucei
Model MG94customModel assigned to Orycteropus_afer
One branch tree supplied - hopefully this IS what you meant to do.
Rooted tree. Removing one branch - the left root child has been promoted to be the new root
Partition 0 reversible model flag computed as 1
Variable 't2.Orycteropus_afer.nonSynRate' was not initialized prior to being used
Variable 't2.Orycteropus_afer.synRate' was not initialized prior to being used
Auto-benchmarked an optimal number (3) of threads.
Set GUI update interval to every 7812-th LF evaluation.
Optimization settings:
	OPTIMIZATION_METHOD = 4
	OPTIMIZATION_PRECISION = 0.001
	MAXIMUM_ITERATIONS_PER_VARIABLE = 5000

Initial parameter values

t2.Orycteropus_afer.nonSynRate = 0.1
t2.Orycteropus_afer.synRate = 0.1
Optimization finished in 6 loop passes.
166 likelihood evaluation calls and 150 matrix exponentiations calls were made

Row and/or column partition is empty. All the data will be used by default.
Model MG94customModel assigned to Procavia_capensis
Model MG94customModel assigned to Dugong_dugon
One branch tree supplied - hopefully this IS what you meant to do.
Rooted tree. Removing one branch - the left root child has been promoted to be the new root
Partition 0 reversible model flag computed as 1
Variable 't2.Dugong_dugon.nonSynRate' was not initialized prior to being used
Variable 't2.Dugong_dugon.synRate' was not initialized prior to being used
Auto-benchmarked an optimal number (3) of threads.
Set GUI update interval to every 8196-th LF evaluation.
Optimization settings:
	OPTIMIZATION_METHOD = 4
	OPTIMIZATION_PRECISION = 0.001
	MAXIMUM_ITERATIONS_PER_VARIABLE = 5000

Initial parameter values

t2.Dugong_dugon.nonSynRate = 0.1
t2.Dugong_dugon.synRate = 0.1
Optimization finished in 5 loop passes.
219 likelihood evaluation calls and 197 matrix exponentiations calls were made

Row and/or column partition is empty. All the data will be used by default.
Model MG94customModel assigned to Procavia_capensis
Model MG94customModel assigned to Trichechus_manatus
One branch tree supplied - hopefully this IS what you meant to do.
Rooted tree. Removing one branch - the left root child has been promoted to be the new root
Partition 0 reversible model flag computed as 1
Variable 't2.Trichechus_manatus.nonSynRate' was not initialized prior to being used
Variable 't2.Trichechus_manatus.synRate' was not initialized prior to being used
Auto-benchmarked an optimal number (5) of threads.
Set GUI update interval to every 8474-th LF evaluation.
Optimization settings:
	OPTIMIZATION_METHOD = 4
	OPTIMIZATION_PRECISION = 0.001
	MAXIMUM_ITERATIONS_PER_VARIABLE = 5000

Initial parameter values

t2.Trichechus_manatus.nonSynRate = 0.1
t2.Trichechus_manatus.synRate = 0.1
Optimization finished in 5 loop passes.
169 likelihood evaluation calls and 147 matrix exponentiations calls were made

Row and/or column partition is empty. All the data will be used by default.
Model MG94customModel assigned to Procavia_capensis
Model MG94customModel assigned to Loxodonta_africana
One branch tree supplied - hopefully this IS what you meant to do.
Rooted tree. Removing one branch - the left root child has been promoted to be the new root
Partition 0 reversible model flag computed as 1
Variable 't2.Loxodonta_africana.nonSynRate' was not initialized prior to being used
Variable 't2.Loxodonta_africana.synRate' was not initialized prior to being used
Auto-benchmarked an optimal number (5) of threads.
Set GUI update interval to every 8620-th LF evaluation.
Optimization settings:
	OPTIMIZATION_METHOD = 4
	OPTIMIZATION_PRECISION = 0.001
	MAXIMUM_ITERATIONS_PER_VARIABLE = 5000

Initial parameter values

t2.Loxodonta_africana.nonSynRate = 0.1
t2.Loxodonta_africana.synRate = 0.1
Optimization finished in 5 loop passes.
180 likelihood evaluation calls and 159 matrix exponentiations calls were made

Row and/or column partition is empty. All the data will be used by default.
Model MG94customModel assigned to Procavia_capensis
Model MG94customModel assigned to Elephas_maximus
One branch tree supplied - hopefully this IS what you meant to do.
Rooted tree. Removing one branch - the left root child has been promoted to be the new root
Partition 0 reversible model flag computed as 1
Variable 't2.Elephas_maximus.nonSynRate' was not initialized prior to being used
Variable 't2.Elephas_maximus.synRate' was not initialized prior to being used
Auto-benchmarked an optimal number (4) of threads.
Set GUI update interval to every 8333-th LF evaluation.
Optimization settings:
	OPTIMIZATION_METHOD = 4
	OPTIMIZATION_PRECISION = 0.001
	MAXIMUM_ITERATIONS_PER_VARIABLE = 5000

Initial parameter values

t2.Elephas_maximus.nonSynRate = 0.1
t2.Elephas_maximus.synRate = 0.1
Optimization finished in 5 loop passes.
170 likelihood evaluation calls and 149 matrix exponentiations calls were made

Row and/or column partition is empty. All the data will be used by default.
Model MG94customModel assigned to Procavia_capensis
Model MG94customModel assigned to Chrysochloris_asiatica
One branch tree supplied - hopefully this IS what you meant to do.
Rooted tree. Removing one branch - the left root child has been promoted to be the new root
Partition 0 reversible model flag computed as 1
Variable 't2.Chrysochloris_asiatica.nonSynRate' was not initialized prior to being used
Variable 't2.Chrysochloris_asiatica.synRate' was not initialized prior to being used
Auto-benchmarked an optimal number (3) of threads.
Set GUI update interval to every 8196-th LF evaluation.
Optimization settings:
	OPTIMIZATION_METHOD = 4
	OPTIMIZATION_PRECISION = 0.001
	MAXIMUM_ITERATIONS_PER_VARIABLE = 5000

Initial parameter values

t2.Chrysochloris_asiatica.nonSynRate = 0.1
t2.Chrysochloris_asiatica.synRate = 0.1
Optimization finished in 6 loop passes.
239 likelihood evaluation calls and 221 matrix exponentiations calls were made

Row and/or column partition is empty. All the data will be used by default.
Model MG94customModel assigned to Procavia_capensis
Model MG94customModel assigned to Echinops_telfairi
One branch tree supplied - hopefully this IS what you meant to do.
Rooted tree. Removing one branch - the left root child has been promoted to be the new root
Partition 0 reversible model flag computed as 1
Variable 't2.Echinops_telfairi.nonSynRate' was not initialized prior to being used
Variable 't2.Echinops_telfairi.synRate' was not initialized prior to being used
Auto-benchmarked an optimal number (4) of threads.
Set GUI update interval to every 8474-th LF evaluation.
Optimization settings:
	OPTIMIZATION_METHOD = 4
	OPTIMIZATION_PRECISION = 0.001
	MAXIMUM_ITERATIONS_PER_VARIABLE = 5000

Initial parameter values

t2.Echinops_telfairi.nonSynRate = 0.1
t2.Echinops_telfairi.synRate = 0.1
Optimization finished in 6 loop passes.
253 likelihood evaluation calls and 237 matrix exponentiations calls were made

Row and/or column partition is empty. All the data will be used by default.
Model MG94customModel assigned to Procavia_capensis
Model MG94customModel assigned to Elephantulus_edwardii
One branch tree supplied - hopefully this IS what you meant to do.
Rooted tree. Removing one branch - the left root child has been promoted to be the new root
Partition 0 reversible model flag computed as 1
Variable 't2.Elephantulus_edwardii.nonSynRate' was not initialized prior to being used
Variable 't2.Elephantulus_edwardii.synRate' was not initialized prior to being used
Auto-benchmarked an optimal number (4) of threads.
Set GUI update interval to every 8333-th LF evaluation.
Optimization settings:
	OPTIMIZATION_METHOD = 4
	OPTIMIZATION_PRECISION = 0.001
	MAXIMUM_ITERATIONS_PER_VARIABLE = 5000

Initial parameter values

t2.Elephantulus_edwardii.nonSynRate = 0.1
t2.Elephantulus_edwardii.synRate = 0.1
Optimization finished in 5 loop passes.
235 likelihood evaluation calls and 216 matrix exponentiations calls were made

Row and/or column partition is empty. All the data will be used by default.
Model MG94customModel assigned to Procavia_capensis
Model MG94customModel assigned to Orycteropus_afer
One branch tree supplied - hopefully this IS what you meant to do.
Rooted tree. Removing one branch - the left root child has been promoted to be the new root
Partition 0 reversible model flag computed as 1
Variable 't2.Orycteropus_afer.nonSynRate' was not initialized prior to being used
Variable 't2.Orycteropus_afer.synRate' was not initialized prior to being used
Auto-benchmarked an optimal number (5) of threads.
Set GUI update interval to every 8064-th LF evaluation.
Optimization settings:
	OPTIMIZATION_METHOD = 4
	OPTIMIZATION_PRECISION = 0.001
	MAXIMUM_ITERATIONS_PER_VARIABLE = 5000

Initial parameter values

t2.Orycteropus_afer.nonSynRate = 0.1
t2.Orycteropus_afer.synRate = 0.1
Optimization finished in 6 loop passes.
184 likelihood evaluation calls and 167 matrix exponentiations calls were made

Row and/or column partition is empty. All the data will be used by default.
Model MG94customModel assigned to Dugong_dugon
Model MG94customModel assigned to Trichechus_manatus
One branch tree supplied - hopefully this IS what you meant to do.
Rooted tree. Removing one branch - the left root child has been promoted to be the new root
Partition 0 reversible model flag computed as 1
Variable 't2.Trichechus_manatus.nonSynRate' was not initialized prior to being used
Variable 't2.Trichechus_manatus.synRate' was not initialized prior to being used
Auto-benchmarked an optimal number (4) of threads.
Set GUI update interval to every 7812-th LF evaluation.
Optimization settings:
	OPTIMIZATION_METHOD = 4
	OPTIMIZATION_PRECISION = 0.001
	MAXIMUM_ITERATIONS_PER_VARIABLE = 5000

Initial parameter values

t2.Trichechus_manatus.nonSynRate = 0.1
t2.Trichechus_manatus.synRate = 0.1
Optimization finished in 7 loop passes.
205 likelihood evaluation calls and 185 matrix exponentiations calls were made

Row and/or column partition is empty. All the data will be used by default.
Model MG94customModel assigned to Dugong_dugon
Model MG94customModel assigned to Loxodonta_africana
One branch tree supplied - hopefully this IS what you meant to do.
Rooted tree. Removing one branch - the left root child has been promoted to be the new root
Partition 0 reversible model flag computed as 1
Variable 't2.Loxodonta_africana.nonSynRate' was not initialized prior to being used
Variable 't2.Loxodonta_africana.synRate' was not initialized prior to being used
Auto-benchmarked an optimal number (4) of threads.
Set GUI update interval to every 8064-th LF evaluation.
Optimization settings:
	OPTIMIZATION_METHOD = 4
	OPTIMIZATION_PRECISION = 0.001
	MAXIMUM_ITERATIONS_PER_VARIABLE = 5000

Initial parameter values

t2.Loxodonta_africana.nonSynRate = 0.1
t2.Loxodonta_africana.synRate = 0.1
Optimization finished in 6 loop passes.
211 likelihood evaluation calls and 194 matrix exponentiations calls were made

Row and/or column partition is empty. All the data will be used by default.
Model MG94customModel assigned to Dugong_dugon
Model MG94customModel assigned to Elephas_maximus
One branch tree supplied - hopefully this IS what you meant to do.
Rooted tree. Removing one branch - the left root child has been promoted to be the new root
Partition 0 reversible model flag computed as 1
Variable 't2.Elephas_maximus.nonSynRate' was not initialized prior to being used
Variable 't2.Elephas_maximus.synRate' was not initialized prior to being used
Auto-benchmarked an optimal number (3) of threads.
Set GUI update interval to every 7812-th LF evaluation.
Optimization settings:
	OPTIMIZATION_METHOD = 4
	OPTIMIZATION_PRECISION = 0.001
	MAXIMUM_ITERATIONS_PER_VARIABLE = 5000

Initial parameter values

t2.Elephas_maximus.nonSynRate = 0.1
t2.Elephas_maximus.synRate = 0.1
Optimization finished in 6 loop passes.
197 likelihood evaluation calls and 178 matrix exponentiations calls were made

Row and/or column partition is empty. All the data will be used by default.
Model MG94customModel assigned to Dugong_dugon
Model MG94customModel assigned to Chrysochloris_asiatica
One branch tree supplied - hopefully this IS what you meant to do.
Rooted tree. Removing one branch - the left root child has been promoted to be the new root
Partition 0 reversible model flag computed as 1
Variable 't2.Chrysochloris_asiatica.nonSynRate' was not initialized prior to being used
Variable 't2.Chrysochloris_asiatica.synRate' was not initialized prior to being used
Auto-benchmarked an optimal number (5) of threads.
Set GUI update interval to every 8771-th LF evaluation.
Optimization settings:
	OPTIMIZATION_METHOD = 4
	OPTIMIZATION_PRECISION = 0.001
	MAXIMUM_ITERATIONS_PER_VARIABLE = 5000

Initial parameter values

t2.Chrysochloris_asiatica.nonSynRate = 0.1
t2.Chrysochloris_asiatica.synRate = 0.1
Optimization finished in 7 loop passes.
160 likelihood evaluation calls and 143 matrix exponentiations calls were made

Row and/or column partition is empty. All the data will be used by default.
Model MG94customModel assigned to Dugong_dugon
Model MG94customModel assigned to Echinops_telfairi
One branch tree supplied - hopefully this IS what you meant to do.
Rooted tree. Removing one branch - the left root child has been promoted to be the new root
Partition 0 reversible model flag computed as 1
Variable 't2.Echinops_telfairi.nonSynRate' was not initialized prior to being used
Variable 't2.Echinops_telfairi.synRate' was not initialized prior to being used
Auto-benchmarked an optimal number (4) of threads.
Set GUI update interval to every 8620-th LF evaluation.
Optimization settings:
	OPTIMIZATION_METHOD = 4
	OPTIMIZATION_PRECISION = 0.001
	MAXIMUM_ITERATIONS_PER_VARIABLE = 5000

Initial parameter values

t2.Echinops_telfairi.nonSynRate = 0.1
t2.Echinops_telfairi.synRate = 0.1
Optimization finished in 6 loop passes.
187 likelihood evaluation calls and 173 matrix exponentiations calls were made

Row and/or column partition is empty. All the data will be used by default.
Model MG94customModel assigned to Dugong_dugon
Model MG94customModel assigned to Elephantulus_edwardii
One branch tree supplied - hopefully this IS what you meant to do.
Rooted tree. Removing one branch - the left root child has been promoted to be the new root
Partition 0 reversible model flag computed as 1
Variable 't2.Elephantulus_edwardii.nonSynRate' was not initialized prior to being used
Variable 't2.Elephantulus_edwardii.synRate' was not initialized prior to being used
Auto-benchmarked an optimal number (4) of threads.
Set GUI update interval to every 8771-th LF evaluation.
Optimization settings:
	OPTIMIZATION_METHOD = 4
	OPTIMIZATION_PRECISION = 0.001
	MAXIMUM_ITERATIONS_PER_VARIABLE = 5000

Initial parameter values

t2.Elephantulus_edwardii.nonSynRate = 0.1
t2.Elephantulus_edwardii.synRate = 0.1
Optimization finished in 6 loop passes.
171 likelihood evaluation calls and 151 matrix exponentiations calls were made

Row and/or column partition is empty. All the data will be used by default.
Model MG94customModel assigned to Dugong_dugon
Model MG94customModel assigned to Orycteropus_afer
One branch tree supplied - hopefully this IS what you meant to do.
Rooted tree. Removing one branch - the left root child has been promoted to be the new root
Partition 0 reversible model flag computed as 1
Variable 't2.Orycteropus_afer.nonSynRate' was not initialized prior to being used
Variable 't2.Orycteropus_afer.synRate' was not initialized prior to being used
Auto-benchmarked an optimal number (5) of threads.
Set GUI update interval to every 8474-th LF evaluation.
Optimization settings:
	OPTIMIZATION_METHOD = 4
	OPTIMIZATION_PRECISION = 0.001
	MAXIMUM_ITERATIONS_PER_VARIABLE = 5000

Initial parameter values

t2.Orycteropus_afer.nonSynRate = 0.1
t2.Orycteropus_afer.synRate = 0.1
Optimization finished in 6 loop passes.
249 likelihood evaluation calls and 228 matrix exponentiations calls were made

Row and/or column partition is empty. All the data will be used by default.
Model MG94customModel assigned to Trichechus_manatus
Model MG94customModel assigned to Loxodonta_africana
One branch tree supplied - hopefully this IS what you meant to do.
Rooted tree. Removing one branch - the left root child has been promoted to be the new root
Partition 0 reversible model flag computed as 1
Variable 't2.Loxodonta_africana.nonSynRate' was not initialized prior to being used
Variable 't2.Loxodonta_africana.synRate' was not initialized prior to being used
Auto-benchmarked an optimal number (3) of threads.
Set GUI update interval to every 7812-th LF evaluation.
Optimization settings:
	OPTIMIZATION_METHOD = 4
	OPTIMIZATION_PRECISION = 0.001
	MAXIMUM_ITERATIONS_PER_VARIABLE = 5000

Initial parameter values

t2.Loxodonta_africana.nonSynRate = 0.1
t2.Loxodonta_africana.synRate = 0.1
Optimization finished in 6 loop passes.
182 likelihood evaluation calls and 161 matrix exponentiations calls were made

Row and/or column partition is empty. All the data will be used by default.
Model MG94customModel assigned to Trichechus_manatus
Model MG94customModel assigned to Elephas_maximus
One branch tree supplied - hopefully this IS what you meant to do.
Rooted tree. Removing one branch - the left root child has been promoted to be the new root
Partition 0 reversible model flag computed as 1
Variable 't2.Elephas_maximus.nonSynRate' was not initialized prior to being used
Variable 't2.Elephas_maximus.synRate' was not initialized prior to being used
Auto-benchmarked an optimal number (4) of threads.
Set GUI update interval to every 7936-th LF evaluation.
Optimization settings:
	OPTIMIZATION_METHOD = 4
	OPTIMIZATION_PRECISION = 0.001
	MAXIMUM_ITERATIONS_PER_VARIABLE = 5000

Initial parameter values

t2.Elephas_maximus.nonSynRate = 0.1
t2.Elephas_maximus.synRate = 0.1
Optimization finished in 5 loop passes.
173 likelihood evaluation calls and 155 matrix exponentiations calls were made

Row and/or column partition is empty. All the data will be used by default.
Model MG94customModel assigned to Trichechus_manatus
Model MG94customModel assigned to Chrysochloris_asiatica
One branch tree supplied - hopefully this IS what you meant to do.
Rooted tree. Removing one branch - the left root child has been promoted to be the new root
Partition 0 reversible model flag computed as 1
Variable 't2.Chrysochloris_asiatica.nonSynRate' was not initialized prior to being used
Variable 't2.Chrysochloris_asiatica.synRate' was not initialized prior to being used
Auto-benchmarked an optimal number (5) of threads.
Set GUI update interval to every 8771-th LF evaluation.
Optimization settings:
	OPTIMIZATION_METHOD = 4
	OPTIMIZATION_PRECISION = 0.001
	MAXIMUM_ITERATIONS_PER_VARIABLE = 5000

Initial parameter values

t2.Chrysochloris_asiatica.nonSynRate = 0.1
t2.Chrysochloris_asiatica.synRate = 0.1
Optimization finished in 6 loop passes.
159 likelihood evaluation calls and 142 matrix exponentiations calls were made

Row and/or column partition is empty. All the data will be used by default.
Model MG94customModel assigned to Trichechus_manatus
Model MG94customModel assigned to Echinops_telfairi
One branch tree supplied - hopefully this IS what you meant to do.
Rooted tree. Removing one branch - the left root child has been promoted to be the new root
Partition 0 reversible model flag computed as 1
Variable 't2.Echinops_telfairi.nonSynRate' was not initialized prior to being used
Variable 't2.Echinops_telfairi.synRate' was not initialized prior to being used
Auto-benchmarked an optimal number (4) of threads.
Set GUI update interval to every 4032-th LF evaluation.
Optimization settings:
	OPTIMIZATION_METHOD = 4
	OPTIMIZATION_PRECISION = 0.001
	MAXIMUM_ITERATIONS_PER_VARIABLE = 5000

Initial parameter values

t2.Echinops_telfairi.nonSynRate = 0.1
t2.Echinops_telfairi.synRate = 0.1
Optimization finished in 6 loop passes.
170 likelihood evaluation calls and 153 matrix exponentiations calls were made

Row and/or column partition is empty. All the data will be used by default.
Model MG94customModel assigned to Trichechus_manatus
Model MG94customModel assigned to Elephantulus_edwardii
One branch tree supplied - hopefully this IS what you meant to do.
Rooted tree. Removing one branch - the left root child has been promoted to be the new root
Partition 0 reversible model flag computed as 1
Variable 't2.Elephantulus_edwardii.nonSynRate' was not initialized prior to being used
Variable 't2.Elephantulus_edwardii.synRate' was not initialized prior to being used
Auto-benchmarked an optimal number (4) of threads.
Set GUI update interval to every 8333-th LF evaluation.
Optimization settings:
	OPTIMIZATION_METHOD = 4
	OPTIMIZATION_PRECISION = 0.001
	MAXIMUM_ITERATIONS_PER_VARIABLE = 5000

Initial parameter values

t2.Elephantulus_edwardii.nonSynRate = 0.1
t2.Elephantulus_edwardii.synRate = 0.1
Optimization finished in 6 loop passes.
167 likelihood evaluation calls and 152 matrix exponentiations calls were made

Row and/or column partition is empty. All the data will be used by default.
Model MG94customModel assigned to Trichechus_manatus
Model MG94customModel assigned to Orycteropus_afer
One branch tree supplied - hopefully this IS what you meant to do.
Rooted tree. Removing one branch - the left root child has been promoted to be the new root
Partition 0 reversible model flag computed as 1
Variable 't2.Orycteropus_afer.nonSynRate' was not initialized prior to being used
Variable 't2.Orycteropus_afer.synRate' was not initialized prior to being used
Auto-benchmarked an optimal number (4) of threads.
Set GUI update interval to every 8333-th LF evaluation.
Optimization settings:
	OPTIMIZATION_METHOD = 4
	OPTIMIZATION_PRECISION = 0.001
	MAXIMUM_ITERATIONS_PER_VARIABLE = 5000

Initial parameter values

t2.Orycteropus_afer.nonSynRate = 0.1
t2.Orycteropus_afer.synRate = 0.1
Optimization finished in 6 loop passes.
257 likelihood evaluation calls and 239 matrix exponentiations calls were made

Row and/or column partition is empty. All the data will be used by default.
Model MG94customModel assigned to Loxodonta_africana
Model MG94customModel assigned to Elephas_maximus
One branch tree supplied - hopefully this IS what you meant to do.
Rooted tree. Removing one branch - the left root child has been promoted to be the new root
Partition 0 reversible model flag computed as 1
Variable 't2.Elephas_maximus.nonSynRate' was not initialized prior to being used
Variable 't2.Elephas_maximus.synRate' was not initialized prior to being used
Auto-benchmarked an optimal number (4) of threads.
Set GUI update interval to every 7936-th LF evaluation.
Optimization settings:
	OPTIMIZATION_METHOD = 4
	OPTIMIZATION_PRECISION = 0.001
	MAXIMUM_ITERATIONS_PER_VARIABLE = 5000

Initial parameter values

t2.Elephas_maximus.nonSynRate = 0.1
t2.Elephas_maximus.synRate = 0.1
Optimization finished in 5 loop passes.
131 likelihood evaluation calls and 120 matrix exponentiations calls were made

Row and/or column partition is empty. All the data will be used by default.
Model MG94customModel assigned to Loxodonta_africana
Model MG94customModel assigned to Chrysochloris_asiatica
One branch tree supplied - hopefully this IS what you meant to do.
Rooted tree. Removing one branch - the left root child has been promoted to be the new root
Partition 0 reversible model flag computed as 1
Variable 't2.Chrysochloris_asiatica.nonSynRate' was not initialized prior to being used
Variable 't2.Chrysochloris_asiatica.synRate' was not initialized prior to being used
Auto-benchmarked an optimal number (3) of threads.
Set GUI update interval to every 8928-th LF evaluation.
Optimization settings:
	OPTIMIZATION_METHOD = 4
	OPTIMIZATION_PRECISION = 0.001
	MAXIMUM_ITERATIONS_PER_VARIABLE = 5000

Initial parameter values

t2.Chrysochloris_asiatica.nonSynRate = 0.1
t2.Chrysochloris_asiatica.synRate = 0.1
Optimization finished in 5 loop passes.
195 likelihood evaluation calls and 179 matrix exponentiations calls were made

Row and/or column partition is empty. All the data will be used by default.
Model MG94customModel assigned to Loxodonta_africana
Model MG94customModel assigned to Echinops_telfairi
One branch tree supplied - hopefully this IS what you meant to do.
Rooted tree. Removing one branch - the left root child has been promoted to be the new root
Partition 0 reversible model flag computed as 1
Variable 't2.Echinops_telfairi.nonSynRate' was not initialized prior to being used
Variable 't2.Echinops_telfairi.synRate' was not initialized prior to being used
Auto-benchmarked an optimal number (3) of threads.
Set GUI update interval to every 8474-th LF evaluation.
Optimization settings:
	OPTIMIZATION_METHOD = 4
	OPTIMIZATION_PRECISION = 0.001
	MAXIMUM_ITERATIONS_PER_VARIABLE = 5000

Initial parameter values

t2.Echinops_telfairi.nonSynRate = 0.1
t2.Echinops_telfairi.synRate = 0.1
Optimization finished in 5 loop passes.
183 likelihood evaluation calls and 166 matrix exponentiations calls were made

Row and/or column partition is empty. All the data will be used by default.
Model MG94customModel assigned to Loxodonta_africana
Model MG94customModel assigned to Elephantulus_edwardii
One branch tree supplied - hopefully this IS what you meant to do.
Rooted tree. Removing one branch - the left root child has been promoted to be the new root
Partition 0 reversible model flag computed as 1
Variable 't2.Elephantulus_edwardii.nonSynRate' was not initialized prior to being used
Variable 't2.Elephantulus_edwardii.synRate' was not initialized prior to being used
Auto-benchmarked an optimal number (5) of threads.
Set GUI update interval to every 8620-th LF evaluation.
Optimization settings:
	OPTIMIZATION_METHOD = 4
	OPTIMIZATION_PRECISION = 0.001
	MAXIMUM_ITERATIONS_PER_VARIABLE = 5000

Initial parameter values

t2.Elephantulus_edwardii.nonSynRate = 0.1
t2.Elephantulus_edwardii.synRate = 0.1
Optimization finished in 6 loop passes.
176 likelihood evaluation calls and 162 matrix exponentiations calls were made

Row and/or column partition is empty. All the data will be used by default.
Model MG94customModel assigned to Loxodonta_africana
Model MG94customModel assigned to Orycteropus_afer
One branch tree supplied - hopefully this IS what you meant to do.
Rooted tree. Removing one branch - the left root child has been promoted to be the new root
Partition 0 reversible model flag computed as 1
Variable 't2.Orycteropus_afer.nonSynRate' was not initialized prior to being used
Variable 't2.Orycteropus_afer.synRate' was not initialized prior to being used
Auto-benchmarked an optimal number (5) of threads.
Set GUI update interval to every 8474-th LF evaluation.
Optimization settings:
	OPTIMIZATION_METHOD = 4
	OPTIMIZATION_PRECISION = 0.001
	MAXIMUM_ITERATIONS_PER_VARIABLE = 5000

Initial parameter values

t2.Orycteropus_afer.nonSynRate = 0.1
t2.Orycteropus_afer.synRate = 0.1
Optimization finished in 6 loop passes.
183 likelihood evaluation calls and 168 matrix exponentiations calls were made

Row and/or column partition is empty. All the data will be used by default.
Model MG94customModel assigned to Elephas_maximus
Model MG94customModel assigned to Chrysochloris_asiatica
One branch tree supplied - hopefully this IS what you meant to do.
Rooted tree. Removing one branch - the left root child has been promoted to be the new root
Partition 0 reversible model flag computed as 1
Variable 't2.Chrysochloris_asiatica.nonSynRate' was not initialized prior to being used
Variable 't2.Chrysochloris_asiatica.synRate' was not initialized prior to being used
Auto-benchmarked an optimal number (4) of threads.
Set GUI update interval to every 8771-th LF evaluation.
Optimization settings:
	OPTIMIZATION_METHOD = 4
	OPTIMIZATION_PRECISION = 0.001
	MAXIMUM_ITERATIONS_PER_VARIABLE = 5000

Initial parameter values

t2.Chrysochloris_asiatica.nonSynRate = 0.1
t2.Chrysochloris_asiatica.synRate = 0.1
Optimization finished in 5 loop passes.
252 likelihood evaluation calls and 234 matrix exponentiations calls were made

Row and/or column partition is empty. All the data will be used by default.
Model MG94customModel assigned to Elephas_maximus
Model MG94customModel assigned to Echinops_telfairi
One branch tree supplied - hopefully this IS what you meant to do.
Rooted tree. Removing one branch - the left root child has been promoted to be the new root
Partition 0 reversible model flag computed as 1
Variable 't2.Echinops_telfairi.nonSynRate' was not initialized prior to being used
Variable 't2.Echinops_telfairi.synRate' was not initialized prior to being used
Auto-benchmarked an optimal number (5) of threads.
Set GUI update interval to every 8771-th LF evaluation.
Optimization settings:
	OPTIMIZATION_METHOD = 4
	OPTIMIZATION_PRECISION = 0.001
	MAXIMUM_ITERATIONS_PER_VARIABLE = 5000

Initial parameter values

t2.Echinops_telfairi.nonSynRate = 0.1
t2.Echinops_telfairi.synRate = 0.1
Optimization finished in 5 loop passes.
205 likelihood evaluation calls and 191 matrix exponentiations calls were made

Row and/or column partition is empty. All the data will be used by default.
Model MG94customModel assigned to Elephas_maximus
Model MG94customModel assigned to Elephantulus_edwardii
One branch tree supplied - hopefully this IS what you meant to do.
Rooted tree. Removing one branch - the left root child has been promoted to be the new root
Partition 0 reversible model flag computed as 1
Variable 't2.Elephantulus_edwardii.nonSynRate' was not initialized prior to being used
Variable 't2.Elephantulus_edwardii.synRate' was not initialized prior to being used
Auto-benchmarked an optimal number (3) of threads.
Set GUI update interval to every 8620-th LF evaluation.
Optimization settings:
	OPTIMIZATION_METHOD = 4
	OPTIMIZATION_PRECISION = 0.001
	MAXIMUM_ITERATIONS_PER_VARIABLE = 5000

Initial parameter values

t2.Elephantulus_edwardii.nonSynRate = 0.1
t2.Elephantulus_edwardii.synRate = 0.1
Optimization finished in 6 loop passes.
174 likelihood evaluation calls and 160 matrix exponentiations calls were made

Row and/or column partition is empty. All the data will be used by default.
Model MG94customModel assigned to Elephas_maximus
Model MG94customModel assigned to Orycteropus_afer
One branch tree supplied - hopefully this IS what you meant to do.
Rooted tree. Removing one branch - the left root child has been promoted to be the new root
Partition 0 reversible model flag computed as 1
Variable 't2.Orycteropus_afer.nonSynRate' was not initialized prior to being used
Variable 't2.Orycteropus_afer.synRate' was not initialized prior to being used
Auto-benchmarked an optimal number (1) of threads.
Set GUI update interval to every 6024-th LF evaluation.
Optimization settings:
	OPTIMIZATION_METHOD = 4
	OPTIMIZATION_PRECISION = 0.001
	MAXIMUM_ITERATIONS_PER_VARIABLE = 5000

Initial parameter values

t2.Orycteropus_afer.nonSynRate = 0.1
t2.Orycteropus_afer.synRate = 0.1
Optimization finished in 6 loop passes.
257 likelihood evaluation calls and 239 matrix exponentiations calls were made

Row and/or column partition is empty. All the data will be used by default.
Model MG94customModel assigned to Chrysochloris_asiatica
Model MG94customModel assigned to Echinops_telfairi
One branch tree supplied - hopefully this IS what you meant to do.
Rooted tree. Removing one branch - the left root child has been promoted to be the new root
Partition 0 reversible model flag computed as 1
Variable 't2.Echinops_telfairi.nonSynRate' was not initialized prior to being used
Variable 't2.Echinops_telfairi.synRate' was not initialized prior to being used
Auto-benchmarked an optimal number (3) of threads.
Set GUI update interval to every 7812-th LF evaluation.
Optimization settings:
	OPTIMIZATION_METHOD = 4
	OPTIMIZATION_PRECISION = 0.001
	MAXIMUM_ITERATIONS_PER_VARIABLE = 5000

Initial parameter values

t2.Echinops_telfairi.nonSynRate = 0.1
t2.Echinops_telfairi.synRate = 0.1
Optimization finished in 6 loop passes.
138 likelihood evaluation calls and 121 matrix exponentiations calls were made

Row and/or column partition is empty. All the data will be used by default.
Model MG94customModel assigned to Chrysochloris_asiatica
Model MG94customModel assigned to Elephantulus_edwardii
One branch tree supplied - hopefully this IS what you meant to do.
Rooted tree. Removing one branch - the left root child has been promoted to be the new root
Partition 0 reversible model flag computed as 1
Variable 't2.Elephantulus_edwardii.nonSynRate' was not initialized prior to being used
Variable 't2.Elephantulus_edwardii.synRate' was not initialized prior to being used
Auto-benchmarked an optimal number (3) of threads.
Set GUI update interval to every 8474-th LF evaluation.
Optimization settings:
	OPTIMIZATION_METHOD = 4
	OPTIMIZATION_PRECISION = 0.001
	MAXIMUM_ITERATIONS_PER_VARIABLE = 5000

Initial parameter values

t2.Elephantulus_edwardii.nonSynRate = 0.1
t2.Elephantulus_edwardii.synRate = 0.1
Optimization finished in 6 loop passes.
152 likelihood evaluation calls and 138 matrix exponentiations calls were made

Row and/or column partition is empty. All the data will be used by default.
Model MG94customModel assigned to Chrysochloris_asiatica
Model MG94customModel assigned to Orycteropus_afer
One branch tree supplied - hopefully this IS what you meant to do.
Rooted tree. Removing one branch - the left root child has been promoted to be the new root
Partition 0 reversible model flag computed as 1
Variable 't2.Orycteropus_afer.nonSynRate' was not initialized prior to being used
Variable 't2.Orycteropus_afer.synRate' was not initialized prior to being used
Auto-benchmarked an optimal number (4) of threads.
Set GUI update interval to every 8620-th LF evaluation.
Optimization settings:
	OPTIMIZATION_METHOD = 4
	OPTIMIZATION_PRECISION = 0.001
	MAXIMUM_ITERATIONS_PER_VARIABLE = 5000

Initial parameter values

t2.Orycteropus_afer.nonSynRate = 0.1
t2.Orycteropus_afer.synRate = 0.1
Optimization finished in 4 loop passes.
136 likelihood evaluation calls and 123 matrix exponentiations calls were made

Row and/or column partition is empty. All the data will be used by default.
Model MG94customModel assigned to Echinops_telfairi
Model MG94customModel assigned to Elephantulus_edwardii
One branch tree supplied - hopefully this IS what you meant to do.
Rooted tree. Removing one branch - the left root child has been promoted to be the new root
Partition 0 reversible model flag computed as 1
Variable 't2.Elephantulus_edwardii.nonSynRate' was not initialized prior to being used
Variable 't2.Elephantulus_edwardii.synRate' was not initialized prior to being used
Auto-benchmarked an optimal number (4) of threads.
Set GUI update interval to every 8928-th LF evaluation.
Optimization settings:
	OPTIMIZATION_METHOD = 4
	OPTIMIZATION_PRECISION = 0.001
	MAXIMUM_ITERATIONS_PER_VARIABLE = 5000

Initial parameter values

t2.Elephantulus_edwardii.nonSynRate = 0.1
t2.Elephantulus_edwardii.synRate = 0.1
Optimization finished in 6 loop passes.
150 likelihood evaluation calls and 131 matrix exponentiations calls were made

Row and/or column partition is empty. All the data will be used by default.
Model MG94customModel assigned to Echinops_telfairi
Model MG94customModel assigned to Orycteropus_afer
One branch tree supplied - hopefully this IS what you meant to do.
Rooted tree. Removing one branch - the left root child has been promoted to be the new root
Partition 0 reversible model flag computed as 1
Variable 't2.Orycteropus_afer.nonSynRate' was not initialized prior to being used
Variable 't2.Orycteropus_afer.synRate' was not initialized prior to being used
Auto-benchmarked an optimal number (5) of threads.
Set GUI update interval to every 8474-th LF evaluation.
Optimization settings:
	OPTIMIZATION_METHOD = 4
	OPTIMIZATION_PRECISION = 0.001
	MAXIMUM_ITERATIONS_PER_VARIABLE = 5000

Initial parameter values

t2.Orycteropus_afer.nonSynRate = 0.1
t2.Orycteropus_afer.synRate = 0.1
Optimization finished in 6 loop passes.
162 likelihood evaluation calls and 145 matrix exponentiations calls were made

Row and/or column partition is empty. All the data will be used by default.
Model MG94customModel assigned to Elephantulus_edwardii
Model MG94customModel assigned to Orycteropus_afer
One branch tree supplied - hopefully this IS what you meant to do.
Rooted tree. Removing one branch - the left root child has been promoted to be the new root
Partition 0 reversible model flag computed as 1
Auto-benchmarked an optimal number (3) of threads.
Set GUI update interval to every 910-th LF evaluation.
Optimization settings:
	OPTIMIZATION_METHOD = 4
	OPTIMIZATION_PRECISION = 0.001
	MAXIMUM_ITERATIONS_PER_VARIABLE = 5000

Initial parameter values

t2.Orycteropus_afer.nonSynRate = 0.1
t2.Orycteropus_afer.synRate = 0.1
Optimization finished in 6 loop passes.
173 likelihood evaluation calls and 160 matrix exponentiations calls were made
