
Before deleting alignment gaps
      8   1065

Passer_domesticus               ATG GCA ACT ACA GAT AAT GCT AAC TTT TAT TAC AAC TTC TCC CTC ACT CAT CCC TAT GAA AAC AGA AAT GAG AAT TTT CAT NNN TTA ATA AGA GTC TTC CTG CCA CAT ATA TAT TTT GTT GTT TTC ATC CTT GGC CTA GCA GGA AAT GCA CTG GTC TTT GTC GTA CTA AGT TTC TAC ATG AAA CTG AAG ACA CTG GCA GAA NNN CTC ACA GTA CTT TTG CTG AAC CTG GCT ATA GAT GAC TGG ATT TTT CTT TGG ATG CTG CCA CTC NNN GCA TAC TCT GCT GCT CAG GAG TGG ATT CCA GGC ACT GTG GCA TGT CAA GGG GCT TGT ATA CAC TTC ACA ATT AGA --- --- --- --- --- --- --- --- --- --- ATG TTA ATT CTA ATG TCT ATC ACC ATT GAC CAG CTT ATT GCT GTT ACT TTT GCC GCC AAA GCA NNN ATG TGT CAA ACC AAA CAA ATG ACA TGG GGC AAA TTA ATC TCT GTC TTG ATC TGG GTA ATC TCA CAA GCG TTT GCT GCA CCA CAC TTT GTT TTT TGG GAG GTG NNN AAT TTT GAT AAG GAA ATA TGT CAG GAA GAA TAC CCA AAC CGT CAC ACA GAA CTG GTT CTT NNN GTG ATC CAA GTG ACT CTT GCT TAT TTT ATT CCC ATG CTT GCC ATG ATC ATC CGC TAC TCA CTA ATT ATT AAA ACC TTA CTG TGT GCT AAA AGT CTC CAA AAG AAC AAA TCT ATA --- AAA ATA TTT TCT GTA GTT GTC CTG TTT ATT CTT ACC CAG ATA CCC TAT ACG TTC TTC AGA TTG ATA AAA ATC ACA GAC TGG AGC TTT AAA TTG AAC AGC AGC TTT GAA TAC GCA ATT ACC ATA ACA AAA GCT CTT GCT TAT TTT TAT GCC TGT CTT AAT CCT --- NNN TAC TTC TTC ATG GGA ATG AAA ATC AGG AAG NNN ACT AAC ACA AAG TTA TTA AAA AAA TCA AGA TGT GCC AAA TGG NNN GTT ACA GCT CAA CAG TGG CAA ACC ACC AAA GTG GAA GAC TCT AAA TCT TTT ACT GCT TTA TAT AGT GCA GAT GCC ACA AAC ATG TAC TCA CTG 
Colius_striatus                 ATG GCA ACG ACA GAC GCA GAT AAC TTT TAT TAT AAC TTC TCC ATC GTT GAT CCA GAC GAA AAT GGA AGT GAG AAT TTT CAC ACG TTT ACA AGA GTC TTC CTG CCC TGT ACC TAC TCG GTT GTT TTC ATC CTG GGG CTA GCA GGA AAC ACA CTG GTC TTT GTC ATA CTG GTT TTC TAT GAG AAG CTG AAG ATG CTG ACA GAT ATA --- --- --- TTT TTG CTG AAC TTG GCT GTA GCT GAC TGG GTC TTC CTT TGG ACG CTG CCA TTC TGG GCG CAT TCG GCC GCT CAG GAG TGG GCT TTC GGC ACG GTG GCG TGT CGT --- --- --- --- --- --- GTC ATA CGG GGC TTG TAT ACG CTG AAC TTG TAC ACT TCC ATG TTA ACC CTG ACA TCT ATC ACC TTT GAC AGG CTT GTT GCT ATT ACT TTT GCC ACC AAA GCA CAC ATG TGT CAA ACC AAA CGA ACG ACG TGG GGC AAG GCA GTG TGT GTC TTG ATC TGG GTG ATC TCA CTA GGC TTT GCC ACA CCA CAG TTT ATT TTT AGT GAG GTG GTT AGC ATT GAT AAG GCG ATA TGT CAC GAA AAA TAC CCA AAC CAC GGC ACA GAA CTG GTT CTT GAA GTG ATC CAA GTG ACA CTT GGC TAT TTT ATT CCC ATG CTA GCC ATG ATC ATC TGC TAC TCA CTA ATT GTT AGA ACC TTA CTG CAC GCC AGG AAT TTC CAA AAG AAG AAA TCT CTC AAG AAA ATA TTT TCT GTA GTT GCC ATA TTT ATT CTG ACT CAG TCA CCT TAT ACT TTC CTG AGA CTC ATA AAG ATC ATA GAC TGG AGC TTT AAC TTG AAC AGC AGC TTT GAA TAT GCA ATC ATC GTA ACA GAA GCT CTC GCT TAC CTC CAC GGC TGT CTC AAC CCT ATC CTG TAT TTC TTC ATG GGG GTC AAA TTC AGG AGG AAC TTA AGG --- AAA ATT ATT AAG AGT TTA AGA TGC ATC AAA GGG AGA GTT ACA GCG AAG CAC TGG CAA ACC ACT GAA GAG GAA GGC TCT AAA ACA TTT ACT GCC TCC AAT AAC GCA GAT GCC ACA AGC ATG GAT CCG CTA 
Falco_peregrinus                ATG GCA ACT ACA GAT GCT GTT AAC TTT TAT TAT AAC TTC TCC ATC AAT GAT CCC AAT GAA AAC GGA AGT GAG AAT CTT CAC AGA TTT ACA AAT GTC TTC CTG CCC TGT ATG TAT TCA GCT GTT TTC ATC CTT GGG CTA GCA GGA AAT ACA CTG GTC TTT GTC ATA CTA GTT TTC TAC GAG AAA CTG AAG GTG CTG ACA GAT ATA --- --- --- TTT TTG CTG AAC TTG GCT ATA GCT GAC TGG GTC TTC CTT TGG ACG CTG CCA TTC TGG GCA TAT TCT GGT GTT CAG GAG TGG ACT TTT GGC ACT GTG GCA TGT CGT --- --- --- --- --- --- GTT ATA CGG GGC TTG TAT ACT CTG AAC TTG TAC ACT TCG ATG TTA ACT CTA ACG TCT ATC ACC TTT GAC CGG CTT ATT GCT ATT ACT TTT GCC ACA AAA GCA CAT GTG TGT CAA ACC AAA CGA ATG ACA TGG GGC AAA CTG ATC TGT GTC TTG ATC TGG GCG ATC TCA CTA GCA TTT GCT GCA CCA CAG TTT ATT TTT AGT GAG GTG TTT AGT ATT GAT AAG GCA ATA TGT CAG GAA GAA TAC CCA AAC TAT CGC ACA GAA CTA GTT CTT GAA GTG ATC CAA GTG ACC CTT GGC TAT TTT ATT CCC ATG CTA GCC ATG GTC ATC TGC TAC TCA CTA ATC ATT AGA ACC TTA CTG CAT GCC AGG AGT TTT CAA AAG AAC AAA TCT CTA AAA AAA ATA TTT TCT GTA GTT GCC ATA TTT ATT CTT ACT CAG TCA CCC TAT ACT TTC TTG AGA CTG TTA AAG ATC ATA GAT TGG AGC TTT AAC TTG AAC AGC AAC TTT GAA TAT GCA ATC ATC ATA ACA GAA GCT CTT GCT TAT TTC CAT GGC TGT CTT AAC CCT GTT CTG TAT TTC TTC ATG GGG GTG AAA TTC AGG AGG AAC TTA CGG --- AAA ATT ATT AAA AAC TCA AGA TGC ACT AAA TGG CAA GTT ACA GCT AAA CAG TGG CAA ACC ACA GAA GAG GAA GGC TCT AAA ACT TTT ACT GCC TCA AAT AAT GCA GAT GCA ACA AGC ATG TAC CCG CTA 
Falco_tinnunculus               ATG GCA ACT ACA GAT GCT GTT AAC TTT TAT TAT AAC TTC TCC ATC AAT GAT CCC AAT GAA AAT GGA AGT GAG AAT CTT CAC AGA TTT ACA AAT GTC TTC CTG CCC TGT ATG TAT TCA GCT GTT TTC ATC CTT GGG CTA GCA GGA AAT ACA CTG GTC TTT GTC ATA CTA GTT TTC TAC GAG AAA CTG AAG GTG CTG ACA GAT ATA --- --- --- TTT TTG CTG AAC TTG GCT ATA GCT GAC TGG GTC TTC CTT TGG ACG CTG CCA TTC TGG GCA TAT TCT GCT GTT CAG GAG TGG ACT TTT GGC ACT GTG GCA TGT CGT --- --- --- --- --- --- GTT ATA CGG GGC TTG TAT ACT CTG AAC TTG TAC ACT TCA ATG TTA ACT CTA ACG TCT ATC ACC TTT GAC CGG CTT ATT GCT ATT ACT TTT GCC ACA AAA GCA CAT GTG TGT CAA ACC AAA CGA ATG ACA TGG GGC AAA CTG ATC TGT GTC TTG ATC TGG GCG ATC TCA CTA GCA TTT GCT GCA CCA CAG TTT ATT TTT AGT GAG GTG TTT AGT ATT GAT AAG GCA ATA TGT CAG GAA GAA TAC CCA AAC TAT CGC ACA GAA CTA GTT CTT GAA GTG ATC CAA GTG ACC CTT GGC TAT TTT ATT CCC ATG CTA GCC ATG GTC ATC TGC TAC TCA CTA ATC ATT AGA ACC TTA CTG CAT GCC AGG AGT TTT CAA AAG AAC AAA TCT CTA AAA AAA ATA TTT TCT GTA GTT GCC ATA TTT ATT CTT ACT CAG TCA CCC TAT ACT TTC TTG AGA CTG TTA AAG ATC ATA GAC TGG AGC TTT AAC TTG AAC AGC AAC TTT GAA TAT GCA ATC ATC ATA ACA GAA GCT CTT GCT TAT TTC CAT GGC TGT CTT AAC CCT GTT CTG TAT TTC TTC ATG GGG GTG AAA TTC AGG AGG AAC TTA CGG --- AAA ATT GTT AAA AAC TCA AGA TGC ATT AAA TGG CAA GTT ACA GCT AAA CAG TGG CAA ACC ACA GAA GAG GAA GGC TCT AAA ACA TTT ACT GCC TCA AAT AAT GCA GAT GCA ACA AGC ATG TAC CCA CTA 
Aquila_chrysaetos               ATG GCA ACT ACA GAT GCT GCC AAC TTT TAT TAT AAC TTC TCC ATC ATT GAT CCC AAC GAA AAT GGA AGT GAG AAT TTT CAC ACA TTT ACA AGA GTC TTC CTG CCC TGT ATG TAT TCG GCT GTT TTC ATC CTT GGG CTA GCA GGA AAT GCA CTT GTC TTT GTC ATA CTA GCT TTC TAT GAG AAA CAG AAG ATG CTA ACA GAT ATA --- --- --- TTT TTG CTG AAC TTG GCT ATA GCT GAC TGG GTC TTC CTT TGG ACG CTG CCA TTC TGG GCA TAT TCT GCT GCT CAG GAG TGG ACT TTT GGC ACC ATG GCA TGT CGT --- --- --- --- --- --- ATT ATA CGA GGC TTG TAT ACT CTG AAC TTT TAC ACT TCA ATG CTA ACT CTA ACA TCT ATC ACC TTT GAC CGG CTT ATT GCT ATT ACT TTT GCG ACC AAA GCA CGT ATG TGT CAA ACC AAA CGA ATG ACA TGG GGC AAA TTA ATC TGT GTC TTG ATC TGG GTG ATC TCA CTA GCA TTT GCT GCA CCA CAG TTT ATT TTT AGT GAG GTG TTT AGT ATT GAT AAG ACA ATA TGC CAG GAA GAA TAC CCA AAC CAT CAC ACA GAA ATG GTT CTT GAA GTG ATC CAA GTG ACC CTT GGC TAT TTT ATT CCC ATG CTA GCC ATG ATC ATC TGC TAC TCA CTA ATT ATT AGA ACC TTA CTG CAT GCC AGG AGT TTT CAA AAG AAC AAA TCT CTA AAG AAA ATA TTT TCT GTA GTT GCT ATA TTT ATT CTT ACT CAG TCA CCC TAC ACT TTC TTG AGA CTG ATA AAG ATC ATA GAC TGG AGC TTT AAC CTG AAC AGC AGC TTT GAA TAT GCA ATC ATT ATA ACA GAA GCT CTT GCT TAT TTC CAC GGC TGT CTT AAT CCT GTT CTG TAT TTC TTC ATG GGG GTG AAA TTC AGG AGG AAC TTA CAG --- AAA ATT ATT AAA AAT TCA AGA TGC GTC AAA CGG CAA ATT ATA GCT AAA CAG CGG CAA ACC ACT GAA GAA GAA GGC TCT AAA ACT TTT ACT GCC TCA AAT AAT GCA GAT GCA ACA AGC ATG TAC CAG CTA 
Haliaeetus_leucocephalus        ATG GCA ACT ACA GAT ACT GCC AAC TTT TAT TAT AAC TTC TCC ATC ATT GAT CCC AAC GAA AAT GGA AGT GAG AAT TTT CAT ACA TTT ACA AGA GTC TTC CTG CCC TGT ATG TAT TCG GCT GTT TTC ATC CTT GGG CTA GCA GGA AAT GCA CTT GTC TTT GTC ATA CTA GCT TTC TAT GAG AAA CGG AAG ATG CTG ACA GAT ATA --- --- --- TTT TTG CTG AAC TTG GCC ATA GCT GAC TGG GTC TTC CTT TGG ACA CTG CCA TTC TGG GCA TAT TCT GCT GCT CAG GAG TGG ACT TTT GGC ACC GTG GCA TGT CGT --- --- --- --- --- --- ATT ATA CGA GGC TTG TAT ACT CTG AAC TTG TAC ACT TCA ATG CTA ACT CTA ACG TCT ATC ACC TTT GAC CGG CTT ATT GCT ATT ACT TTT GCA ACC AAA GCA CGT ATG TGT CAA ACC AAA CGA ATG ACA TGG GGC AAA TTA ATC TGT GTC TTG ATC TGG GTG ATC TCA CTA GCA TTT GCT GCA CCA CAG TTT ATT TTT AGT GAG GTG TTT AGT ATT GAT AAG ACA ATA TGC CAG GAA GAA TAC CCA AAC CAT CAC ACA GAA ATG GTT CTT GAA GTG ATC CAA GTG ACC CTT GGC TAT TTT ATT CCC ATG CTA GCC ATG ATC ATC TGC TAC TCA CTA ATT ATT AGA ACC TTA CTG CAT GCC AGG AGT TTT CAA AAG AAC AAA TCT CTA AAG AAA ATA TTT TCT GTA GTT GCC ATA TTT ATT CTT ACT CAG TCA CCC TAC ACT TTC TTG AGA CTG ATA AAG ATC ATA GAC TGG AGC TTT AAC CTG AAC AGC AGC TTT GAA TAT GCA ATC ATT ATA ACA GAA GCT CTT GCT TAT TTC CAC GGC TGT CTT AAT CCT GTT CTG TAT TTC TTC ATG GGG GTG AAA TTC AGG AGG AAC TTA CAG --- AAA ATT ATT AAA AAT TCA AGA TGC GTC AAA CGG CAA GTT ATG GTT AAA CAG TGG CAA ACC ACT GAA GAA GAA GGC TCT AAA ACT TTT ACT GCC TCC AAT AAT GCA GAT GCA ACA AGC ATG TAC CAG CTA 
Tyto_alba                       ATG GCA AAT ACA GAT GCT GCC AAC TTT TAT TAT AAC TTC TCC ATC ATT GAT CCC AAT GAA AAT GGA AGT GAG AAT TTT CAC ACA TTT ACA ACA ATC TTC CTG CCC TGC ATG TAC TCG GCT GTT TTC ATC CTT GGG CTA GCA GGA AAT GCC CTG GTC TTT GTC ATA CTA GTT TTC TAT GAG AAA CTG AAG ATG CTG ACA GAT ATA --- --- --- TTT TTG CTG AAC TTG GCT ATA GCT GAC TGG GTC TTC CTT TGG ACG CTG CCA TTC TGG GCA TAT TCT GCA GCT CAG GAG TGG ACT TTT GGC ACC GTG GCA TGT CGT --- --- --- --- --- --- ATT ATA CGG GGC TTG TAT ACT CTG AAC TTG TAC ACT TCA ATG TTA ACT CTA ACA TCT ATC ACC TTT GAT CGG CTT ATT GCT ATT ACT TTT GCC ACC AAA GCA CAT ATG TGT CAA ACC AAA CGA ATG ATA TGG GGC AAA TTA ATC TGT GTC TTG ATC TGG GTT ATA TCA CTA GCA TTT GCC ACA CCG CAG TTT ATT TTT AGT GAG GTG TTT AGT ATT GAT AAG GCA ATA TGT CAG GAA GAA TAC TCA AAC CAT CAC ACA GAA CTG GTT CTT GAA GTG ATC CAA GTG ACC CTT GGC TAT TTT ATT CCC ATG CTA GCC ATG ATC ATC TGC TAC TCA CTA ATT ATT AGA ACC TTA CTG CAT GCC AGG AGT TTT CAA AAG AAC AAA TCT CTG AAA AAA ATA TTT TCT GTA GTT GTT ATA TTT ATT CTT ACT CAG TCA CCC TAT ACT TTC TTG AGA CTA ATA AAG ATC ATA GAC TGG AGC TTT AAC TTG AAC AGC AGC TTT GAA TAC GCA ATC ATT GTA ACA GAA GCT CTA GCT TAT TTC CAT GGC TGT CTT AAC CCT GTT CTG TAT TTC TTC ATG GGG GTG AAA TTC AGG AGG AAC TTA CAG --- AAA ATA ATT AAA AAC TCA AGA TGC ATC AAA CGG CAA GTT GCA GCT AAA CCA TGG CAA ACC ACC GAA GAG GAA GGC TCT AAA ACT TTT TCT GCC TCA AAT AAT GCA GAT GCA ACA AGC ATG TAC CCG CTA 
Leptosomus_discolor             ATG GCA ACT TCA GAT GCC ACT AAC TTT TAT TAT AAC TTC TCC ATC ATT GAT CCC AAC GAA AAC AGA AGC GAC AAT TTT CAC ACA TTT ACA AAA GTC TTC CTG CCC TGT ATG TAT TTG ACT GTT TTC ATC CTT GGG CTA GCA GGA AAT GCG CTG GTC TTT GTC ATA CTA GTT TTC TAC GAG AAA CTG AAG ATG CTG ACA GAT ATA --- --- --- TTT TTG CTG AAC TTG GCT ACA GCT GAC TGG GTC TTC CTT TGG ACA CTT CCA TTC TGG GCA TAT TCT GCT GCT CAG GAG TGG ACT TTT GGC ACT GTG GCA TGT CGT --- --- --- --- --- --- ATT ATA CGG GGC TTG TAT ACT CTA AAC TTG TAC ACT TCA ATG TTA ACT CTA ACG TCT ATC ACC TTT GAC CGG CTT ATT GCT ATT ACT TTT GCC ACC AAA GCA CGT ATG TGT CAA ACC AAA CGA ATG ACA TGG GGC AAA TTA ATC TGT GTC TTG ATC TGG GTG ATC TCA CTA GCA TTT GCT GCA CCA CAG TTT ATT TTT AGT GAG GTG TTC AGT ATT GAT AAG GCA ATA TGT GAG GAA GAA TAC CCA AGC CAT CGC ACA GAA CTG GTT CTT GAG GTG ATT CAA GTG ACC CTT GGC TAT TTT ATT CCC ATG CTA GCC ATG ATC ATC TGC TAC TCA CTA ATT ATT AGA ACC TTA CTG CAC GCC AGG AGT TTT CAA AAG AAC AAA TCT CTG AAA AAG ATA TTT TCT GTA GTT GCC GTA TTT ATT CTT ACT CAG TCA CCC TAT ACT TTC TTG AGA CTG ATA AAG ATC ATA GAT TGG AGC TTT AAC TTG AAC AGC AGC TTT GAA TAT GCA ATC ATC GTA ACA GAA GCT CTT GCT TAT TTC CAT GGC TGT CTT AAC CCT GTT CTG TAT TTC TTC ATG GGG GTG AAA TTC AGG AGG AAC CTC CAG --- AAA ATT ATT AAA AAC TCA AGA TGC GTC AAA TGG CAA GTT ACG GCT AAA CAG TGG CAA CCA ACT GAA GAG GAA GGC TCT AAA ACT TTC ACT GCC TCA AAT AAT GCA GAT GCA ACA AGC ATG TAC CCA CTA 



After deleting gaps. 972 sites
      8    972

Passer_domesticus               ATG GCA ACT ACA GAT AAT GCT AAC TTT TAT TAC AAC TTC TCC CTC ACT CAT CCC TAT GAA AAC AGA AAT GAG AAT TTT CAT TTA ATA AGA GTC TTC CTG CCA CAT ATA TAT TTT GTT GTT TTC ATC CTT GGC CTA GCA GGA AAT GCA CTG GTC TTT GTC GTA CTA AGT TTC TAC ATG AAA CTG AAG ACA CTG GCA GAA CTT TTG CTG AAC CTG GCT ATA GAT GAC TGG ATT TTT CTT TGG ATG CTG CCA CTC GCA TAC TCT GCT GCT CAG GAG TGG ATT CCA GGC ACT GTG GCA TGT CAA ACA ATT AGA ATG TTA ATT CTA ATG TCT ATC ACC ATT GAC CAG CTT ATT GCT GTT ACT TTT GCC GCC AAA GCA ATG TGT CAA ACC AAA CAA ATG ACA TGG GGC AAA TTA ATC TCT GTC TTG ATC TGG GTA ATC TCA CAA GCG TTT GCT GCA CCA CAC TTT GTT TTT TGG GAG GTG AAT TTT GAT AAG GAA ATA TGT CAG GAA GAA TAC CCA AAC CGT CAC ACA GAA CTG GTT CTT GTG ATC CAA GTG ACT CTT GCT TAT TTT ATT CCC ATG CTT GCC ATG ATC ATC CGC TAC TCA CTA ATT ATT AAA ACC TTA CTG TGT GCT AAA AGT CTC CAA AAG AAC AAA TCT ATA AAA ATA TTT TCT GTA GTT GTC CTG TTT ATT CTT ACC CAG ATA CCC TAT ACG TTC TTC AGA TTG ATA AAA ATC ACA GAC TGG AGC TTT AAA TTG AAC AGC AGC TTT GAA TAC GCA ATT ACC ATA ACA AAA GCT CTT GCT TAT TTT TAT GCC TGT CTT AAT CCT TAC TTC TTC ATG GGA ATG AAA ATC AGG AAG ACT AAC AAG TTA TTA AAA AAA TCA AGA TGT GCC AAA TGG GTT ACA GCT CAA CAG TGG CAA ACC ACC AAA GTG GAA GAC TCT AAA TCT TTT ACT GCT TTA TAT AGT GCA GAT GCC ACA AAC ATG TAC TCA CTG 
Colius_striatus                 ATG GCA ACG ACA GAC GCA GAT AAC TTT TAT TAT AAC TTC TCC ATC GTT GAT CCA GAC GAA AAT GGA AGT GAG AAT TTT CAC TTT ACA AGA GTC TTC CTG CCC TGT ACC TAC TCG GTT GTT TTC ATC CTG GGG CTA GCA GGA AAC ACA CTG GTC TTT GTC ATA CTG GTT TTC TAT GAG AAG CTG AAG ATG CTG ACA GAT TTT TTG CTG AAC TTG GCT GTA GCT GAC TGG GTC TTC CTT TGG ACG CTG CCA TTC GCG CAT TCG GCC GCT CAG GAG TGG GCT TTC GGC ACG GTG GCG TGT CGT GTC ATA CGG ATG TTA ACC CTG ACA TCT ATC ACC TTT GAC AGG CTT GTT GCT ATT ACT TTT GCC ACC AAA GCA ATG TGT CAA ACC AAA CGA ACG ACG TGG GGC AAG GCA GTG TGT GTC TTG ATC TGG GTG ATC TCA CTA GGC TTT GCC ACA CCA CAG TTT ATT TTT AGT GAG GTG AGC ATT GAT AAG GCG ATA TGT CAC GAA AAA TAC CCA AAC CAC GGC ACA GAA CTG GTT CTT GTG ATC CAA GTG ACA CTT GGC TAT TTT ATT CCC ATG CTA GCC ATG ATC ATC TGC TAC TCA CTA ATT GTT AGA ACC TTA CTG CAC GCC AGG AAT TTC CAA AAG AAG AAA TCT CTC AAA ATA TTT TCT GTA GTT GCC ATA TTT ATT CTG ACT CAG TCA CCT TAT ACT TTC CTG AGA CTC ATA AAG ATC ATA GAC TGG AGC TTT AAC TTG AAC AGC AGC TTT GAA TAT GCA ATC ATC GTA ACA GAA GCT CTC GCT TAC CTC CAC GGC TGT CTC AAC CCT TAT TTC TTC ATG GGG GTC AAA TTC AGG AGG TTA AGG AAA ATT ATT AAG AGT TTA AGA TGC ATC AAA GGG GTT ACA GCG AAG CAC TGG CAA ACC ACT GAA GAG GAA GGC TCT AAA ACA TTT ACT GCC TCC AAT AAC GCA GAT GCC ACA AGC ATG GAT CCG CTA 
Falco_peregrinus                ATG GCA ACT ACA GAT GCT GTT AAC TTT TAT TAT AAC TTC TCC ATC AAT GAT CCC AAT GAA AAC GGA AGT GAG AAT CTT CAC TTT ACA AAT GTC TTC CTG CCC TGT ATG TAT TCA GCT GTT TTC ATC CTT GGG CTA GCA GGA AAT ACA CTG GTC TTT GTC ATA CTA GTT TTC TAC GAG AAA CTG AAG GTG CTG ACA GAT TTT TTG CTG AAC TTG GCT ATA GCT GAC TGG GTC TTC CTT TGG ACG CTG CCA TTC GCA TAT TCT GGT GTT CAG GAG TGG ACT TTT GGC ACT GTG GCA TGT CGT GTT ATA CGG ATG TTA ACT CTA ACG TCT ATC ACC TTT GAC CGG CTT ATT GCT ATT ACT TTT GCC ACA AAA GCA GTG TGT CAA ACC AAA CGA ATG ACA TGG GGC AAA CTG ATC TGT GTC TTG ATC TGG GCG ATC TCA CTA GCA TTT GCT GCA CCA CAG TTT ATT TTT AGT GAG GTG AGT ATT GAT AAG GCA ATA TGT CAG GAA GAA TAC CCA AAC TAT CGC ACA GAA CTA GTT CTT GTG ATC CAA GTG ACC CTT GGC TAT TTT ATT CCC ATG CTA GCC ATG GTC ATC TGC TAC TCA CTA ATC ATT AGA ACC TTA CTG CAT GCC AGG AGT TTT CAA AAG AAC AAA TCT CTA AAA ATA TTT TCT GTA GTT GCC ATA TTT ATT CTT ACT CAG TCA CCC TAT ACT TTC TTG AGA CTG TTA AAG ATC ATA GAT TGG AGC TTT AAC TTG AAC AGC AAC TTT GAA TAT GCA ATC ATC ATA ACA GAA GCT CTT GCT TAT TTC CAT GGC TGT CTT AAC CCT TAT TTC TTC ATG GGG GTG AAA TTC AGG AGG TTA CGG AAA ATT ATT AAA AAC TCA AGA TGC ACT AAA TGG GTT ACA GCT AAA CAG TGG CAA ACC ACA GAA GAG GAA GGC TCT AAA ACT TTT ACT GCC TCA AAT AAT GCA GAT GCA ACA AGC ATG TAC CCG CTA 
Falco_tinnunculus               ATG GCA ACT ACA GAT GCT GTT AAC TTT TAT TAT AAC TTC TCC ATC AAT GAT CCC AAT GAA AAT GGA AGT GAG AAT CTT CAC TTT ACA AAT GTC TTC CTG CCC TGT ATG TAT TCA GCT GTT TTC ATC CTT GGG CTA GCA GGA AAT ACA CTG GTC TTT GTC ATA CTA GTT TTC TAC GAG AAA CTG AAG GTG CTG ACA GAT TTT TTG CTG AAC TTG GCT ATA GCT GAC TGG GTC TTC CTT TGG ACG CTG CCA TTC GCA TAT TCT GCT GTT CAG GAG TGG ACT TTT GGC ACT GTG GCA TGT CGT GTT ATA CGG ATG TTA ACT CTA ACG TCT ATC ACC TTT GAC CGG CTT ATT GCT ATT ACT TTT GCC ACA AAA GCA GTG TGT CAA ACC AAA CGA ATG ACA TGG GGC AAA CTG ATC TGT GTC TTG ATC TGG GCG ATC TCA CTA GCA TTT GCT GCA CCA CAG TTT ATT TTT AGT GAG GTG AGT ATT GAT AAG GCA ATA TGT CAG GAA GAA TAC CCA AAC TAT CGC ACA GAA CTA GTT CTT GTG ATC CAA GTG ACC CTT GGC TAT TTT ATT CCC ATG CTA GCC ATG GTC ATC TGC TAC TCA CTA ATC ATT AGA ACC TTA CTG CAT GCC AGG AGT TTT CAA AAG AAC AAA TCT CTA AAA ATA TTT TCT GTA GTT GCC ATA TTT ATT CTT ACT CAG TCA CCC TAT ACT TTC TTG AGA CTG TTA AAG ATC ATA GAC TGG AGC TTT AAC TTG AAC AGC AAC TTT GAA TAT GCA ATC ATC ATA ACA GAA GCT CTT GCT TAT TTC CAT GGC TGT CTT AAC CCT TAT TTC TTC ATG GGG GTG AAA TTC AGG AGG TTA CGG AAA ATT GTT AAA AAC TCA AGA TGC ATT AAA TGG GTT ACA GCT AAA CAG TGG CAA ACC ACA GAA GAG GAA GGC TCT AAA ACA TTT ACT GCC TCA AAT AAT GCA GAT GCA ACA AGC ATG TAC CCA CTA 
Aquila_chrysaetos               ATG GCA ACT ACA GAT GCT GCC AAC TTT TAT TAT AAC TTC TCC ATC ATT GAT CCC AAC GAA AAT GGA AGT GAG AAT TTT CAC TTT ACA AGA GTC TTC CTG CCC TGT ATG TAT TCG GCT GTT TTC ATC CTT GGG CTA GCA GGA AAT GCA CTT GTC TTT GTC ATA CTA GCT TTC TAT GAG AAA CAG AAG ATG CTA ACA GAT TTT TTG CTG AAC TTG GCT ATA GCT GAC TGG GTC TTC CTT TGG ACG CTG CCA TTC GCA TAT TCT GCT GCT CAG GAG TGG ACT TTT GGC ACC ATG GCA TGT CGT ATT ATA CGA ATG CTA ACT CTA ACA TCT ATC ACC TTT GAC CGG CTT ATT GCT ATT ACT TTT GCG ACC AAA GCA ATG TGT CAA ACC AAA CGA ATG ACA TGG GGC AAA TTA ATC TGT GTC TTG ATC TGG GTG ATC TCA CTA GCA TTT GCT GCA CCA CAG TTT ATT TTT AGT GAG GTG AGT ATT GAT AAG ACA ATA TGC CAG GAA GAA TAC CCA AAC CAT CAC ACA GAA ATG GTT CTT GTG ATC CAA GTG ACC CTT GGC TAT TTT ATT CCC ATG CTA GCC ATG ATC ATC TGC TAC TCA CTA ATT ATT AGA ACC TTA CTG CAT GCC AGG AGT TTT CAA AAG AAC AAA TCT CTA AAA ATA TTT TCT GTA GTT GCT ATA TTT ATT CTT ACT CAG TCA CCC TAC ACT TTC TTG AGA CTG ATA AAG ATC ATA GAC TGG AGC TTT AAC CTG AAC AGC AGC TTT GAA TAT GCA ATC ATT ATA ACA GAA GCT CTT GCT TAT TTC CAC GGC TGT CTT AAT CCT TAT TTC TTC ATG GGG GTG AAA TTC AGG AGG TTA CAG AAA ATT ATT AAA AAT TCA AGA TGC GTC AAA CGG ATT ATA GCT AAA CAG CGG CAA ACC ACT GAA GAA GAA GGC TCT AAA ACT TTT ACT GCC TCA AAT AAT GCA GAT GCA ACA AGC ATG TAC CAG CTA 
Haliaeetus_leucocephalus        ATG GCA ACT ACA GAT ACT GCC AAC TTT TAT TAT AAC TTC TCC ATC ATT GAT CCC AAC GAA AAT GGA AGT GAG AAT TTT CAT TTT ACA AGA GTC TTC CTG CCC TGT ATG TAT TCG GCT GTT TTC ATC CTT GGG CTA GCA GGA AAT GCA CTT GTC TTT GTC ATA CTA GCT TTC TAT GAG AAA CGG AAG ATG CTG ACA GAT TTT TTG CTG AAC TTG GCC ATA GCT GAC TGG GTC TTC CTT TGG ACA CTG CCA TTC GCA TAT TCT GCT GCT CAG GAG TGG ACT TTT GGC ACC GTG GCA TGT CGT ATT ATA CGA ATG CTA ACT CTA ACG TCT ATC ACC TTT GAC CGG CTT ATT GCT ATT ACT TTT GCA ACC AAA GCA ATG TGT CAA ACC AAA CGA ATG ACA TGG GGC AAA TTA ATC TGT GTC TTG ATC TGG GTG ATC TCA CTA GCA TTT GCT GCA CCA CAG TTT ATT TTT AGT GAG GTG AGT ATT GAT AAG ACA ATA TGC CAG GAA GAA TAC CCA AAC CAT CAC ACA GAA ATG GTT CTT GTG ATC CAA GTG ACC CTT GGC TAT TTT ATT CCC ATG CTA GCC ATG ATC ATC TGC TAC TCA CTA ATT ATT AGA ACC TTA CTG CAT GCC AGG AGT TTT CAA AAG AAC AAA TCT CTA AAA ATA TTT TCT GTA GTT GCC ATA TTT ATT CTT ACT CAG TCA CCC TAC ACT TTC TTG AGA CTG ATA AAG ATC ATA GAC TGG AGC TTT AAC CTG AAC AGC AGC TTT GAA TAT GCA ATC ATT ATA ACA GAA GCT CTT GCT TAT TTC CAC GGC TGT CTT AAT CCT TAT TTC TTC ATG GGG GTG AAA TTC AGG AGG TTA CAG AAA ATT ATT AAA AAT TCA AGA TGC GTC AAA CGG GTT ATG GTT AAA CAG TGG CAA ACC ACT GAA GAA GAA GGC TCT AAA ACT TTT ACT GCC TCC AAT AAT GCA GAT GCA ACA AGC ATG TAC CAG CTA 
Tyto_alba                       ATG GCA AAT ACA GAT GCT GCC AAC TTT TAT TAT AAC TTC TCC ATC ATT GAT CCC AAT GAA AAT GGA AGT GAG AAT TTT CAC TTT ACA ACA ATC TTC CTG CCC TGC ATG TAC TCG GCT GTT TTC ATC CTT GGG CTA GCA GGA AAT GCC CTG GTC TTT GTC ATA CTA GTT TTC TAT GAG AAA CTG AAG ATG CTG ACA GAT TTT TTG CTG AAC TTG GCT ATA GCT GAC TGG GTC TTC CTT TGG ACG CTG CCA TTC GCA TAT TCT GCA GCT CAG GAG TGG ACT TTT GGC ACC GTG GCA TGT CGT ATT ATA CGG ATG TTA ACT CTA ACA TCT ATC ACC TTT GAT CGG CTT ATT GCT ATT ACT TTT GCC ACC AAA GCA ATG TGT CAA ACC AAA CGA ATG ATA TGG GGC AAA TTA ATC TGT GTC TTG ATC TGG GTT ATA TCA CTA GCA TTT GCC ACA CCG CAG TTT ATT TTT AGT GAG GTG AGT ATT GAT AAG GCA ATA TGT CAG GAA GAA TAC TCA AAC CAT CAC ACA GAA CTG GTT CTT GTG ATC CAA GTG ACC CTT GGC TAT TTT ATT CCC ATG CTA GCC ATG ATC ATC TGC TAC TCA CTA ATT ATT AGA ACC TTA CTG CAT GCC AGG AGT TTT CAA AAG AAC AAA TCT CTG AAA ATA TTT TCT GTA GTT GTT ATA TTT ATT CTT ACT CAG TCA CCC TAT ACT TTC TTG AGA CTA ATA AAG ATC ATA GAC TGG AGC TTT AAC TTG AAC AGC AGC TTT GAA TAC GCA ATC ATT GTA ACA GAA GCT CTA GCT TAT TTC CAT GGC TGT CTT AAC CCT TAT TTC TTC ATG GGG GTG AAA TTC AGG AGG TTA CAG AAA ATA ATT AAA AAC TCA AGA TGC ATC AAA CGG GTT GCA GCT AAA CCA TGG CAA ACC ACC GAA GAG GAA GGC TCT AAA ACT TTT TCT GCC TCA AAT AAT GCA GAT GCA ACA AGC ATG TAC CCG CTA 
Leptosomus_discolor             ATG GCA ACT TCA GAT GCC ACT AAC TTT TAT TAT AAC TTC TCC ATC ATT GAT CCC AAC GAA AAC AGA AGC GAC AAT TTT CAC TTT ACA AAA GTC TTC CTG CCC TGT ATG TAT TTG ACT GTT TTC ATC CTT GGG CTA GCA GGA AAT GCG CTG GTC TTT GTC ATA CTA GTT TTC TAC GAG AAA CTG AAG ATG CTG ACA GAT TTT TTG CTG AAC TTG GCT ACA GCT GAC TGG GTC TTC CTT TGG ACA CTT CCA TTC GCA TAT TCT GCT GCT CAG GAG TGG ACT TTT GGC ACT GTG GCA TGT CGT ATT ATA CGG ATG TTA ACT CTA ACG TCT ATC ACC TTT GAC CGG CTT ATT GCT ATT ACT TTT GCC ACC AAA GCA ATG TGT CAA ACC AAA CGA ATG ACA TGG GGC AAA TTA ATC TGT GTC TTG ATC TGG GTG ATC TCA CTA GCA TTT GCT GCA CCA CAG TTT ATT TTT AGT GAG GTG AGT ATT GAT AAG GCA ATA TGT GAG GAA GAA TAC CCA AGC CAT CGC ACA GAA CTG GTT CTT GTG ATT CAA GTG ACC CTT GGC TAT TTT ATT CCC ATG CTA GCC ATG ATC ATC TGC TAC TCA CTA ATT ATT AGA ACC TTA CTG CAC GCC AGG AGT TTT CAA AAG AAC AAA TCT CTG AAG ATA TTT TCT GTA GTT GCC GTA TTT ATT CTT ACT CAG TCA CCC TAT ACT TTC TTG AGA CTG ATA AAG ATC ATA GAT TGG AGC TTT AAC TTG AAC AGC AGC TTT GAA TAT GCA ATC ATC GTA ACA GAA GCT CTT GCT TAT TTC CAT GGC TGT CTT AAC CCT TAT TTC TTC ATG GGG GTG AAA TTC AGG AGG CTC CAG AAA ATT ATT AAA AAC TCA AGA TGC GTC AAA TGG GTT ACG GCT AAA CAG TGG CAA CCA ACT GAA GAG GAA GGC TCT AAA ACT TTC ACT GCC TCA AAT AAT GCA GAT GCA ACA AGC ATG TAC CCA CTA 



Printing out site pattern counts


         8        684  P

Passer_domesticus               AAA AAA AAA AAA AAA AAA AAA AAA AAA AAC AAC AAC AAC AAC AAC AAG AAG AAG AAT AAT AAT AAT AAT AAT ACA ACA ACA ACA ACA ACA ACA ACC ACC ACC ACC ACC ACG ACT ACT ACT ACT ACT ACT ACT AGA AGA AGA AGA AGC AGC AGG AGT AGT AGT ATA ATA ATA ATA ATA ATA ATA ATA ATC ATC ATC ATC ATC ATC ATG ATG ATG ATG ATG ATG ATG ATT ATT ATT ATT ATT ATT ATT ATT ATT CAA CAA CAA CAA CAA CAC CAC CAG CAG CAG CAG CAT CAT CAT CCA CCA CCA CCA CCA CCC CCC CCC CCT CGC CGT CTA CTA CTC CTC CTC CTG CTG CTG CTG CTG CTG CTG CTG CTG CTT CTT CTT CTT CTT CTT GAA GAA GAA GAA GAC GAC GAC GAC GAG GAG GAT GAT GAT GCA GCA GCA GCA GCA GCC GCC GCC GCC GCC GCC GCG GCT GCT GCT GCT GCT GCT GCT GCT GCT GGA GGA GGC GGC GTA GTA GTA GTC GTC GTC GTG GTG GTG GTT GTT GTT GTT TAC TAC TAC TAC TAC TAC TAT TAT TAT TAT TAT TAT TAT TCA TCA TCA TCC TCT TCT TCT TCT TGG TGG TGG TGG TGT TGT TGT TGT TTA TTA TTA TTA TTA TTA TTA TTC TTC TTG TTG TTG TTT TTT TTT TTT TTT TTT TTT 
Colius_striatus                 ... ... ..C ..G ..G .G. .GG .GT G.. ... ... ..G ..T .G. .GG ..A ... .G. ..C ..C ... .GC .G. GCA ... ... ... ..G .T. .TG GTC ... ... ..T ..T .T. ..T ..A ..G ..G ... ... GT. TTA ... ... C.G G.. ... ... ... .AC .A. GT. .C. .CC ... ... C.C G.. G.. TC. ... ... ... ... G.G T.. .CA .C. .C. ... ... GA. G.C .CC ..A ..C ... ... GC. G.C G.. T.. A.G ... .G. .GT .T. ..G GG. AG. ..C ..C ... ..C G.. TG. ... ... ... ..C TTC ..A ... ..T ... T.. .AC ... ..G A.. T.. T.. A.A ..A ... ... ... ... ... ... T.. ..A ..C ..C ..G ... T.. A.. ... ..T .CG ... ... ... .G. ... ... ..C ... .C. A.. A.. A.. ... ..G A.. AT. ... ... ... .G. .GC .A. ..C ..C ..C ..G ... ... ... .GC ... ..G ... ..G A.. ... ..G .C. ... ... .A. ... ... A.. ... ... ... C.T G.T ... ..T ..T ..T A.. C.C G.C ..C ..C ... ... C.G ... .T. ... A.A ..G ... .G. A.T G.. ... ... CAC ..C ... ... A.T A.T GC. .CC ... ... ..T C.G ... C.C ... ... A.. C.C .CG ..C ... ... ... 
Falco_peregrinus                ... ... ..C ... ..G .G. .GG ..C G.. ... ... ... ... .G. CGG ..A ... .G. ..C ... ... .G. .G. GC. ... ... ... ... .T. GTG GTT ... ... ..A ..T .T. ..T ..C ... ... ... ... .A. TTA .AT ... C.G G.. .A. ... ... .A. ... GT. .C. ..G ... T.. C.. ... ... TC. ... ... ... G.. ... T.. .C. .C. ... ... G.. GA. G.. .C. ..A ..C ..C ... .C. G.C ... T.. A.. ... .G. .GT .T. ..G .G. .G. ... ... ... ..C G.. TG. ... ... ... ..C TTT ... ... ... ... T.. TA. ... ... A.. T.. T.T A.A ..A ..A ... ... ... ... ... T.. ..A ... ... ... ... T.. ... ... ..T .C. ... ... ..T .G. ... ... ... ... .C. A.. A.. ... ... ... A.A A.T ..A ... ... .G. ..A .T. ..C ... .G. ... ... ... .T. .GC ... ..G ... ..G A.. ... .CG .C. ... ... .A. ... ... A.. .C. ... ... ..T ... ... ... ..T ..T A.. C.. A.. ... ... ... ... C.G ... ... ... A.. ... ... .G. A.T ... ... ... CA. ..C ... ... A.T A.T C.G .C. ... ... ..T ..G ... C.. ... ... A.. ..C .CA ..C C.. ... ... 
Falco_tinnunculus               ... ... ..C ... ..G .G. .GG ..C G.. ... ... ... ..T .G. CGG ..A ... .G. ..C ... ... .G. .G. GC. ... ... ... ... .T. GTG GTT ... ... ..A ..T .T. ..T ..C ... ... ... ... .A. TTA .AT ... C.G G.. .A. ... ... .A. ... GT. .C. ..G ... T.. C.. ... ... TC. ... ... ... G.. ... T.. .C. .C. ... ... G.. GA. G.. .C. ..A ..C ..C ... .C. G.C ... T.. A.. ... .G. .GT .T. ..G .G. .G. ... ... ... ..C G.. TG. ... ... ... ..C TTT ... ... ... ... T.. TA. ... ... A.. T.. T.T A.A ..A ..A ... ... ... ... ... T.. ..A ... ... ... ... T.. ... ... ..T .C. ... ... ... .G. ... ... ... ... .C. A.. A.. ... ... ... A.A ATT ..A ... ... .G. ..A .T. ..C ... ... ... ... ... .T. .GC ... ..G ... ..G A.. ... .CG .C. ... ... .A. ... ... A.. .C. ... ... ..T ... ... ... ..T ..T A.. C.. A.. ... ... ... ... C.. ... ... ... A.A ... ... .G. A.T ... ... ... CA. ..C ... ... A.T G.T C.G .C. ... ... ..T ..G ... C.. ... ... A.. ..C .CA ..C C.. ... ... 
Aquila_chrysaetos               ... ... ..C ... ..G .G. .GG ..T G.. ... ... ... ..T .G. C.G ..A ... .G. ... ... ... .G. .G. GC. ... ... .T. ... .T. .TG .TT ... ... ..T ..T .TT ..T ..C ..C ... ... ... .T. TTA ... ... C.. G.. ... ... ... .A. ... GC. .C. ..G ... ... C.. ... ... TC. ... ... ... ... ... T.. .CA .C. ... ... ... GA. G.. .C. ..A ..C ... ... .C. G.C ... T.. A.. ... .G. .GT .T. ..G ... .G. ... ... ... ..C G.. TG. ... ... ... ..C TTT ... ... ... ... T.. .A. ... ... A.. T.. T.T A.A ..A A.. .A. ..A ... ... ..T T.. ..A ... ... ... ... T.. ... ... ..T AC. ... ... ... .G. ... ... ... ... .C. A.. ... ... ... ... A.. .T. ..A ... ..G .G. ..A ..C ..C ... ... ... ... ... ... .GC ... ..G ... ..G A.. ... ..G .CT ... ... .AA A.. ... A.. .C. A.. ... ..T ... ... ..T ..T ..T A.. C.C A.C ... ... ..C ... CAG ... ... ... A.. ... ... .G. A.T C.. C.. ... CA. ..C ..C ... A.T A.T ... .C. C.. ... ..T ..G ... C.. C.. ... A.. ..C .CG ..C ... ... ... 
Haliaeetus_leucocephalus        ... ... ..C ... ..G .G. .GG ..T G.. ... ... ... ..T .G. C.G ..A ... .G. ... ... ... .G. .G. .C. ... ... .TG ... .T. .TG .TT ... ... ..T ..T .TT ..T ..C ..C ... ... ... .T. TTA ... ... C.. G.. ... ... ... .A. ... GC. .C. ..G ... ... C.. ... ... TC. ... ... ... ... ... T.. .C. .CA ... ... ... GA. G.. .C. ..A ..C ... ... .C. G.C ... T.. A.. ... .G. .GT .T. ..G ... .G. ... ... ... ... G.. TG. ... ... ... ..C TTT ... ... ... ... T.. .A. ... ... A.. T.. T.T A.A ..A A.. .G. ... ... ... ..T T.. ..A ... ... ... ... T.. ... ... ..T AC. ... ... ... .G. ... ... ... ... .C. A.. ... ... ... ... A.. .T. ..A ... ..A .G. ..A ..C ..C ... ... .T. ..C ... ... .GC ... ..G ... ..G A.. ... ..G .C. ... ... .AA ... ... A.. .C. ... ... ..T ... ... ..T ..T ..T A.. C.C A.C ... ... ..C ... CAG ... ... ... A.. ... ... .G. A.T C.. ... ... CA. ..C ..C ... A.T A.T ... .CC C.. ... ..T ..G ... C.. C.. ... A.. ..C .CG ..C ... ... ... 
Tyto_alba                       ... ... ..C ... ..G .G. .GG ..C G.. ... ... ... ..T .G. C.G ..A ... .G. ..C ... ... .G. .G. GC. ... ... G.. .T. .T. .TG .TT ... ... ... ..T .TT ..T ..C ..C .A. ... T.. .T. TTA .C. ... C.G G.. ... ... ... .A. ... GT. .C. ..G ... ... C.G ... G.. TC. ..A ... ... ... ... T.. .CA .C. ... ... ... GA. G.. .C. ..A ..C ... ... .C. G.C ... T.. A.. ... .G. .GT .T. ..G ... .G. ... .CA ... ..C G.. TGC ... ..G T.. ..C TTT ... ... ... ... T.. .A. ... ... A.. T.. T.T A.A ..A ... ... ... ... ... ... T.. ..A ..A ... ... ... T.. ... ... ..T .C. ... ..T ... .G. ... ... ... ... .C. A.. ..C A.. ... ... A.. AT. ..A ... ... .G. ..A ..C ..C ..C ..A ... ... ... ... .GC ... ..G ... ..G A.. ... ..T ..T A.. ... .A. ... ... A.. .C. ... ... ..T ... ... ..T ... ..T A.. C.. A.. ..C ... ... ... C.G ... ... ... A.. ... ... .G. A.T C.. ... ... CA. ..C ... ... A.. A.T ... .C. ... ... ..T ..G ... C.A ... ... A.. ..C .CG ..C ... ... ... 
Leptosomus_discolor             ... ..G ..C ... ..G .G. .GG ..C G.. ... .G. ... ... .G. C.G ..A ... .G. ..C ... ... .G. .GC GCC ... T.. ..G ... .T. .TG .TT ... C.A ..T ..T .T. ..T ..C ... ... ... ... .T. CTC .A. ... C.G ... ... ... ... .A. ... GT. .C. ..G ... ... C.G .C. G.. TC. ... ... ..T ... ... T.. .C. .CA ... ... ... GA. G.. .C. ..A ..C ... ... .C. G.C ... T.. A.. ... .G. .GT .T. ..G .G. .G. G.. ... ... ..C G.. TG. ... ... ... ..C TTT ... ... ... ... T.. .A. ... ... A.. T.. T.T G.A ..A ... ... ... ... ..T ... T.. ..A ... ... ... ... T.. ... ... ..T .C. ... ... ..T .G. ..C ... ... ... .C. A.. ..G ... ... ... A.. .T. ..A ... ... .G. ..A A.. ..C ... ... ... ... ... ... .GC ... ..G ... ..G A.. ... ..G .C. ... ... .A. ... ... A.. AC. ... ... ..T ... ... ... ..T ..T A.. C.. A.C ... ... ... ... C.. ... ... ... A.. ... ... .G. A.T ... ... ... CAC ..C ... ... A.T A.T ... .C. ... ... ..T ..G ... C.. ... ... A.. ..C ..G ..C ... ..C ... 

    6    1    1    3    1    1    1    1    2    4    1    1    1    1    1
    1    3    1    1    1    1    1    1    1    3    1    1    1    1    1
    1    3    1    1    1    1    1    1    1    1    1    1    1    1    1
    2    1    1    1    2    1    1    1    1    1    1    2    1    1    1
    1    1    1    5    1    1    1    1    1    1    1    6    1    1    1
    1    1    1    1    2    1    1    2    1    1    4    1    1    1    1
    1    1    1    1    2    1    1    1    1    1    1    1    1    1    1
    1    1    1    1    2    2    1    1    1    1    1    1    1    1    3
    1    1    1    1    1    1    2    4    1    1    5    1    1    1    1
    1    1    1    2    1    2    1    1    1    1    5    2    1    1    1
    1    1    1    1    1    2    1    1    1    1    3    1    1    1    1
    2    1    1    1    1    1    1    3    1    1    3    2    1    1    3
    1    1    2    1    1    2    1    1    1    1    1    1    2    1    2
    1    1    1    1    4    1    1    1    1    6    1    1    1    3    1
    1    1    1    1    1    1    1    7    1    1    2    1    1    1    1
    1    1   11

CODONML (in paml version 4.9, March 2015)  Passer_domesticus.aln.faa
Model: several dN/dS ratios for branches for branches,  omega = 1.000 fixed

Codon frequency model: F1x4
ns =   8  ls = 324

Codon usage in sequences
--------------------------------------------------------------------------------------------------------------------------------------
Phe TTT  17  16  17  17  18  18 | Ser TCT   7   4   5   5   5   5 | Tyr TAT   8   7  10  10   9   9 | Cys TGT   6   6   6   6   5   5
    TTC   8  12  11  11  11  11 |     TCC   1   2   1   1   1   2 |     TAC   8   4   4   4   4   4 |     TGC   0   2   2   2   3   3
Leu TTA   7   4   4   4   3   3 |     TCA   4   3   6   6   5   4 | *** TAA   0   0   0   0   0   0 | *** TGA   0   0   0   0   0   0
    TTG   4   4   5   5   4   4 |     TCG   0   2   0   0   1   1 |     TAG   0   0   0   0   0   0 | Trp TGG   9   7   8   8   6   7
--------------------------------------------------------------------------------------------------------------------------------------
Leu CTT  10   4   9   9   9   9 | Pro CCT   1   2   1   1   1   1 | His CAT   3   1   2   2   2   3 | Arg CGT   1   1   1   1   1   1
    CTC   3   5   0   0   0   0 |     CCC   3   2   4   4   4   4 |     CAC   2   6   1   1   3   2 |     CGC   1   0   1   1   0   0
    CTA   4   5   9   9  10   9 |     CCA   5   4   3   4   3   3 | Gln CAA   8   4   4   4   4   4 |     CGA   0   1   1   1   2   2
    CTG  11  13   9   9   6   7 |     CCG   0   1   1   0   0   0 |     CAG   5   3   5   5   8   7 |     CGG   0   1   3   3   3   3
--------------------------------------------------------------------------------------------------------------------------------------
Ile ATT  11   8   9   9  14  13 | Thr ACT   7   5  10   8   9  10 | Asn AAT   6   4   7   8   7   7 | Ser AGT   3   3   4   4   4   4
    ATC  10  12  12  12  11  11 |     ACC   7   7   5   5   7   7 |     AAC   9   9  11  10   8   8 |     AGC   3   5   3   3   4   4
    ATA   9   7   8   8  10   9 |     ACA   9  12  11  12   9   9 | Lys AAA  17   9  12  12  12  12 | Arg AGA   5   4   3   3   4   4
Met ATG  12   8   8   8  12  12 |     ACG   1   5   2   2   1   1 |     AAG   5   9   4   4   4   4 |     AGG   1   5   3   3   3   3
--------------------------------------------------------------------------------------------------------------------------------------
Val GTT   7   9   8   9   3   5 | Ala GCT  12   7   9  10  13   9 | Asp GAT   4   6   6   5   5   5 | Gly GGT   0   0   1   0   0   0
    GTC   5   7   6   6   6   6 |     GCC   6   8   5   5   4   6 |     GAC   4   5   2   3   3   3 |     GGC   3   7   5   5   5   5
    GTA   3   3   1   1   1   1 |     GCA  10   7  11  11  11  12 | Glu GAA   8   7   8   8   9   9 |     GGA   2   2   2   2   2   2
    GTG   5   6   7   7   5   6 |     GCG   1   4   1   1   1   0 |     GAG   3   5   5   5   4   4 |     GGG   0   3   2   2   2   2
--------------------------------------------------------------------------------------------------------------------------------------

----------------------------------------------------------------------
Phe TTT  18  17 | Ser TCT   6   5 | Tyr TAT   8   9 | Cys TGT   5   6
    TTC  11  12 |     TCC   1   1 |     TAC   5   4 |     TGC   3   2
Leu TTA   4   3 |     TCA   6   6 | *** TAA   0   0 | *** TGA   0   0
    TTG   5   6 |     TCG   1   0 |     TAG   0   0 | Trp TGG   7   8
----------------------------------------------------------------------
Leu CTT   7   9 | Pro CCT   1   1 | His CAT   3   2 | Arg CGT   1   1
    CTC   0   1 |     CCC   4   4 |     CAC   2   2 |     CGC   0   1
    CTA   9   7 |     CCA   2   5 | Gln CAA   4   4 |     CGA   1   1
    CTG   9   9 |     CCG   2   0 |     CAG   5   5 |     CGG   3   2
----------------------------------------------------------------------
Ile ATT  12  13 | Thr ACT   6  12 | Asn AAT   7   4 | Ser AGT   4   3
    ATC  12  11 |     ACC   8   5 |     AAC   9  10 |     AGC   4   6
    ATA  11   6 |     ACA   9   8 | Lys AAA  12  12 | Arg AGA   3   4
Met ATG  10  10 |     ACG   1   2 |     AAG   4   5 |     AGG   3   3
----------------------------------------------------------------------
Val GTT   7   5 | Ala GCT   9   9 | Asp GAT   6   6 | Gly GGT   0   0
    GTC   4   6 |     GCC   7   6 |     GAC   2   3 |     GGC   5   5
    GTA   2   3 |     GCA  12  11 | Glu GAA   8   8 |     GGA   2   1
    GTG   5   6 |     GCG   0   1 |     GAG   5   5 |     GGG   2   2
----------------------------------------------------------------------

Codon position x base (3x4) table for each sequence.

#1: Passer_domesticus
position  1:    T:0.24383    C:0.17593    A:0.35494    G:0.22531
position  2:    T:0.38889    C:0.22840    A:0.27778    G:0.10494
position  3:    T:0.31790    C:0.22531    A:0.28086    G:0.17593
Average         T:0.31687    C:0.20988    A:0.30453    G:0.16872

#2: Colius_striatus
position  1:    T:0.22531    C:0.16358    A:0.34568    G:0.26543
position  2:    T:0.37963    C:0.23148    A:0.24383    G:0.14506
position  3:    T:0.25617    C:0.28704    A:0.22222    G:0.23457
Average         T:0.28704    C:0.22737    A:0.27058    G:0.21502

#3: Falco_peregrinus
position  1:    T:0.24383    C:0.16667    A:0.34568    G:0.24383
position  2:    T:0.37963    C:0.23148    A:0.25000    G:0.13889
position  3:    T:0.32407    C:0.22531    A:0.25617    G:0.19444
Average         T:0.31584    C:0.20782    A:0.28395    G:0.19239

#4: Falco_tinnunculus
position  1:    T:0.24383    C:0.16667    A:0.34259    G:0.24691
position  2:    T:0.38272    C:0.23148    A:0.25000    G:0.13580
position  3:    T:0.32099    C:0.22531    A:0.26235    G:0.19136
Average         T:0.31584    C:0.20782    A:0.28498    G:0.19136

#5: Aquila_chrysaetos
position  1:    T:0.23148    C:0.17284    A:0.36728    G:0.22840
position  2:    T:0.37963    C:0.23148    A:0.25309    G:0.13580
position  3:    T:0.32407    C:0.22840    A:0.26235    G:0.18519
Average         T:0.31173    C:0.21091    A:0.29424    G:0.18313

#6: Haliaeetus_leucocephalus
position  1:    T:0.23457    C:0.16975    A:0.36420    G:0.23148
position  2:    T:0.38272    C:0.22840    A:0.25000    G:0.13889
position  3:    T:0.32099    C:0.23457    A:0.25617    G:0.18827
Average         T:0.31276    C:0.21091    A:0.29012    G:0.18621

#7: Tyto_alba      
position  1:    T:0.24691    C:0.16358    A:0.35494    G:0.23457
position  2:    T:0.38889    C:0.23148    A:0.24691    G:0.13272
position  3:    T:0.30864    C:0.23765    A:0.26235    G:0.19136
Average         T:0.31481    C:0.21091    A:0.28807    G:0.18621

#8: Leptosomus_discolor
position  1:    T:0.24383    C:0.16667    A:0.35185    G:0.23765
position  2:    T:0.38272    C:0.23457    A:0.24383    G:0.13889
position  3:    T:0.31481    C:0.24383    A:0.24383    G:0.19753
Average         T:0.31379    C:0.21502    A:0.27984    G:0.19136

Sums of codon usage counts
------------------------------------------------------------------------------
Phe F TTT     138 | Ser S TCT      42 | Tyr Y TAT      70 | Cys C TGT      45
      TTC      87 |       TCC      10 |       TAC      37 |       TGC      17
Leu L TTA      32 |       TCA      40 | *** * TAA       0 | *** * TGA       0
      TTG      37 |       TCG       5 |       TAG       0 | Trp W TGG      60
------------------------------------------------------------------------------
Leu L CTT      66 | Pro P CCT       9 | His H CAT      18 | Arg R CGT       8
      CTC       9 |       CCC      29 |       CAC      19 |       CGC       4
      CTA      62 |       CCA      29 | Gln Q CAA      36 |       CGA       9
      CTG      73 |       CCG       4 |       CAG      43 |       CGG      18
------------------------------------------------------------------------------
Ile I ATT      89 | Thr T ACT      67 | Asn N AAT      50 | Ser S AGT      29
      ATC      91 |       ACC      51 |       AAC      74 |       AGC      32
      ATA      68 |       ACA      79 | Lys K AAA      98 | Arg R AGA      30
Met M ATG      80 |       ACG      15 |       AAG      39 |       AGG      24
------------------------------------------------------------------------------
Val V GTT      53 | Ala A GCT      78 | Asp D GAT      43 | Gly G GGT       1
      GTC      46 |       GCC      47 |       GAC      25 |       GGC      40
      GTA      15 |       GCA      85 | Glu E GAA      65 |       GGA      15
      GTG      47 |       GCG       9 |       GAG      36 |       GGG      15
------------------------------------------------------------------------------


Codon position x base (3x4) table, overall

position  1:    T:0.23920    C:0.16821    A:0.35340    G:0.23920
position  2:    T:0.38310    C:0.23110    A:0.25193    G:0.13387
position  3:    T:0.31096    C:0.23843    A:0.25579    G:0.19483
Average         T:0.31109    C:0.21258    A:0.28704    G:0.18930

Codon frequencies under model, for use in evolver (TTT TTC TTA TTG ... GGG):
  0.03200744  0.02187197  0.02953311  0.01947703
  0.02187197  0.01494600  0.02018116  0.01330944
  0.02953311  0.02018116  0.00000000  0.00000000
  0.01947703  0.01330944  0.00000000  0.01185209
  0.02187197  0.01494600  0.02018116  0.01330944
  0.01494600  0.01021320  0.01379060  0.00909488
  0.02018116  0.01379060  0.01862106  0.01228056
  0.01330944  0.00909488  0.01228056  0.00809901
  0.02953311  0.02018116  0.02725006  0.01797137
  0.02018116  0.01379060  0.01862106  0.01228056
  0.02725006  0.01862106  0.02514351  0.01658210
  0.01797137  0.01228056  0.01658210  0.01093586
  0.01947703  0.01330944  0.01797137  0.01185209
  0.01330944  0.00909488  0.01228056  0.00809901
  0.01797137  0.01228056  0.01658210  0.01093586
  0.01185209  0.00809901  0.01093586  0.00721218



Nei & Gojobori 1986. dN/dS (dN, dS)
(Note: This matrix is not used in later ML. analysis.
Use runmode = -2 for ML pairwise comparison.)

Passer_domesticus   
Colius_striatus      0.3708 (0.1895 0.5111)
Falco_peregrinus     0.6162 (0.1625 0.2638) 0.1774 (0.0601 0.3388)
Falco_tinnunculus    0.6162 (0.1625 0.2638) 0.1804 (0.0586 0.3251) 0.2270 (0.0040 0.0178)
Aquila_chrysaetos    0.4839 (0.1511 0.3122) 0.1809 (0.0605 0.3347) 0.3009 (0.0419 0.1394) 0.2908 (0.0405 0.1394)
Haliaeetus_leucocephalus 0.4846 (0.1479 0.3051) 0.1735 (0.0598 0.3449) 0.2798 (0.0412 0.1474) 0.2702 (0.0398 0.1474) 0.2527 (0.0094 0.0371)
Tyto_alba            0.4880 (0.1546 0.3168) 0.1735 (0.0570 0.3288) 0.2625 (0.0406 0.1547) 0.2533 (0.0392 0.1547) 0.1989 (0.0285 0.1435) 0.1579 (0.0276 0.1749)
Leptosomus_discolor  0.5125 (0.1516 0.2958) 0.1795 (0.0635 0.3539) 0.3887 (0.0427 0.1098) 0.3434 (0.0413 0.1202) 0.2062 (0.0348 0.1687) 0.2042 (0.0327 0.1602) 0.1879 (0.0341 0.1817)


TREE #  1:  (((8, 2), 7), (6, 5), (1, (3, 4)));   MP score: 313
check convergence..
lnL(ntime: 13  np: 15):  -2888.301263      +0.000000
   9..10   10..11   11..8    11..2    10..7     9..12   12..6    12..5     9..13   13..1    13..14   14..3    14..4  
 0.005301 0.000004 0.095006 0.293189 0.109039 0.075333 0.025611 0.021822 0.000004 0.484049 0.082395 0.012007 0.009590 4.207240 0.273830

Note: Branch length is defined as number of nucleotide substitutions per codon (not per neucleotide site).

tree length =   1.21335

(((8: 0.095006, 2: 0.293189): 0.000004, 7: 0.109039): 0.005301, (6: 0.025611, 5: 0.021822): 0.075333, (1: 0.484049, (3: 0.012007, 4: 0.009590): 0.082395): 0.000004);

(((Leptosomus_discolor: 0.095006, Colius_striatus: 0.293189): 0.000004, Tyto_alba: 0.109039): 0.005301, (Haliaeetus_leucocephalus: 0.025611, Aquila_chrysaetos: 0.021822): 0.075333, (Passer_domesticus: 0.484049, (Falco_peregrinus: 0.012007, Falco_tinnunculus: 0.009590): 0.082395): 0.000004);

Detailed output identifying parameters

kappa (ts/tv) =  4.20724

w (dN/dS) for branches:  0.27383 1.00000

dN & dS for each branch

 branch          t       N       S   dN/dS      dN      dS  N*dN  S*dS

   9..10     0.005   689.2   282.8  0.2738  0.0010  0.0036   0.7   1.0
  10..11     0.000   689.2   282.8  0.2738  0.0000  0.0000   0.0   0.0
  11..8      0.095   689.2   282.8  0.2738  0.0179  0.0653  12.3  18.5
  11..2      0.293   689.2   282.8  0.2738  0.0552  0.2015  38.0  57.0
  10..7      0.109   689.2   282.8  0.2738  0.0205  0.0749  14.1  21.2
   9..12     0.075   689.2   282.8  0.2738  0.0142  0.0518   9.8  14.6
  12..6      0.026   689.2   282.8  0.2738  0.0048  0.0176   3.3   5.0
  12..5      0.022   689.2   282.8  0.2738  0.0041  0.0150   2.8   4.2
   9..13     0.000   689.2   282.8  0.2738  0.0000  0.0000   0.0   0.0
  13..1      0.484   689.2   282.8  1.0000  0.1613  0.1613 111.2  45.6
  13..14     0.082   689.2   282.8  0.2738  0.0155  0.0566  10.7  16.0
  14..3      0.012   689.2   282.8  0.2738  0.0023  0.0083   1.6   2.3
  14..4      0.010   689.2   282.8  0.2738  0.0018  0.0066   1.2   1.9

tree length for dN:       0.2986
tree length for dS:       0.6625

dS tree:
(((Leptosomus_discolor: 0.065285, Colius_striatus: 0.201469): 0.000003, Tyto_alba: 0.074928): 0.003643, (Haliaeetus_leucocephalus: 0.017599, Aquila_chrysaetos: 0.014996): 0.051767, (Passer_domesticus: 0.161350, (Falco_peregrinus: 0.008251, Falco_tinnunculus: 0.006590): 0.056619): 0.000003);
dN tree:
(((Leptosomus_discolor: 0.017877, Colius_striatus: 0.055168): 0.000001, Tyto_alba: 0.020518): 0.000998, (Haliaeetus_leucocephalus: 0.004819, Aquila_chrysaetos: 0.004106): 0.014175, (Passer_domesticus: 0.161350, (Falco_peregrinus: 0.002259, Falco_tinnunculus: 0.001804): 0.015504): 0.000001);

w ratios as labels for TreeView:
(((Leptosomus_discolor #0.27383 , Colius_striatus #0.27383 ) #0.27383 , Tyto_alba #0.27383 ) #0.27383 , (Haliaeetus_leucocephalus #0.27383 , Aquila_chrysaetos #0.27383 ) #0.27383 , (Passer_domesticus #1 , (Falco_peregrinus #0.27383 , Falco_tinnunculus #0.27383 ) #0.27383 ) #0.27383 );


Time used:  0:13
