
Loaded 'libv3/all-terms.bf' from /usr/local/lib/hyphy/TemplateBatchFiles/libv3/all-terms.bf
Loaded 'libv3/UtilityFunctions.bf' from /usr/local/lib/hyphy/TemplateBatchFiles/libv3/UtilityFunctions.bf
Loaded 'IOFunctions.bf' from /usr/local/lib/hyphy/TemplateBatchFiles/libv3/IOFunctions.bf
Already loaded 'libv3/UtilityFunctions.bf' from /usr/local/lib/hyphy/TemplateBatchFiles/libv3/UtilityFunctions.bf
Loaded 'convenience/regexp.bf' from /usr/local/lib/hyphy/TemplateBatchFiles/libv3/convenience/regexp.bf
Already loaded 'libv3/all-terms.bf' from /usr/local/lib/hyphy/TemplateBatchFiles/libv3/all-terms.bf
Already loaded 'libv3/IOFunctions.bf' from /usr/local/lib/hyphy/TemplateBatchFiles/libv3/IOFunctions.bf
Loaded 'libv3/models/codon/MG_REV.bf' from /usr/local/lib/hyphy/TemplateBatchFiles/libv3/models/codon/MG_REV.bf
Loaded '../codon.bf' from /usr/local/lib/hyphy/TemplateBatchFiles/libv3/models/codon.bf
Loaded '../tasks/genetic_code.bf' from /usr/local/lib/hyphy/TemplateBatchFiles/libv3/tasks/genetic_code.bf
Loaded 'libv3/convenience/matrix.bf' from /usr/local/lib/hyphy/TemplateBatchFiles/libv3/convenience/matrix.bf
Already loaded 'libv3/UtilityFunctions.bf' from /usr/local/lib/hyphy/TemplateBatchFiles/libv3/UtilityFunctions.bf
Already loaded 'libv3/all-terms.bf' from /usr/local/lib/hyphy/TemplateBatchFiles/libv3/all-terms.bf
Already loaded '../UtilityFunctions.bf' from /usr/local/lib/hyphy/TemplateBatchFiles/libv3/UtilityFunctions.bf
Loaded '../DNA.bf' from /usr/local/lib/hyphy/TemplateBatchFiles/libv3/models/DNA.bf
Loaded 'frequencies.bf' from /usr/local/lib/hyphy/TemplateBatchFiles/libv3/models/frequencies.bf
Already loaded '../all-terms.bf' from /usr/local/lib/hyphy/TemplateBatchFiles/libv3/all-terms.bf
Loaded 'parameters.bf' from /usr/local/lib/hyphy/TemplateBatchFiles/libv3/models/parameters.bf
Loaded 'GrabBag' from /usr/local/lib/hyphy/TemplateBatchFiles/Utility/GrabBag.bf
Overwritten previously defined function:'_sortStringsAux'
Already loaded 'libv3/all-terms.bf' from /usr/local/lib/hyphy/TemplateBatchFiles/libv3/all-terms.bf
Already loaded '../UtilityFunctions.bf' from /usr/local/lib/hyphy/TemplateBatchFiles/libv3/UtilityFunctions.bf
Loaded 'model_functions.bf' from /usr/local/lib/hyphy/TemplateBatchFiles/libv3/models/model_functions.bf
Already loaded 'DNA.bf' from /usr/local/lib/hyphy/TemplateBatchFiles/libv3/models/DNA.bf
Already loaded 'parameters.bf' from /usr/local/lib/hyphy/TemplateBatchFiles/libv3/models/parameters.bf
Already loaded 'frequencies.bf' from /usr/local/lib/hyphy/TemplateBatchFiles/libv3/models/frequencies.bf
Already loaded '../UtilityFunctions.bf' from /usr/local/lib/hyphy/TemplateBatchFiles/libv3/UtilityFunctions.bf
Already loaded '../convenience/regexp.bf' from /usr/local/lib/hyphy/TemplateBatchFiles/libv3/convenience/regexp.bf
Already loaded 'libv3/all-terms.bf' from /usr/local/lib/hyphy/TemplateBatchFiles/libv3/all-terms.bf
Already loaded '../parameters.bf' from /usr/local/lib/hyphy/TemplateBatchFiles/libv3/models/parameters.bf
Already loaded '../frequencies.bf' from /usr/local/lib/hyphy/TemplateBatchFiles/libv3/models/frequencies.bf
Already loaded '../../UtilityFunctions.bf' from /usr/local/lib/hyphy/TemplateBatchFiles/libv3/UtilityFunctions.bf
Loaded 'libv3/tasks/estimators.bf' from /usr/local/lib/hyphy/TemplateBatchFiles/libv3/tasks/estimators.bf
Already loaded '../models/model_functions.bf' from /usr/local/lib/hyphy/TemplateBatchFiles/libv3/models/model_functions.bf
Loaded '../models/DNA/GTR.bf' from /usr/local/lib/hyphy/TemplateBatchFiles/libv3/models/DNA/GTR.bf
Already loaded '../DNA.bf' from /usr/local/lib/hyphy/TemplateBatchFiles/libv3/models/DNA.bf
Already loaded '../parameters.bf' from /usr/local/lib/hyphy/TemplateBatchFiles/libv3/models/parameters.bf
Already loaded '../frequencies.bf' from /usr/local/lib/hyphy/TemplateBatchFiles/libv3/models/frequencies.bf
Already loaded '../../UtilityFunctions.bf' from /usr/local/lib/hyphy/TemplateBatchFiles/libv3/UtilityFunctions.bf
Already loaded 'libv3/all-terms.bf' from /usr/local/lib/hyphy/TemplateBatchFiles/libv3/all-terms.bf
Already loaded '../convenience/regexp.bf' from /usr/local/lib/hyphy/TemplateBatchFiles/libv3/convenience/regexp.bf
Already loaded 'libv3/all-terms.bf' from /usr/local/lib/hyphy/TemplateBatchFiles/libv3/all-terms.bf
Loaded 'libv3/tasks/alignments.bf' from /usr/local/lib/hyphy/TemplateBatchFiles/libv3/tasks/alignments.bf
Already loaded '../IOFunctions.bf' from /usr/local/lib/hyphy/TemplateBatchFiles/libv3/IOFunctions.bf
Already loaded '../all-terms.bf' from /usr/local/lib/hyphy/TemplateBatchFiles/libv3/all-terms.bf
Loaded 'libv3/tasks/mpi.bf' from /usr/local/lib/hyphy/TemplateBatchFiles/libv3/tasks/mpi.bf
Already loaded '../all-terms.bf' from /usr/local/lib/hyphy/TemplateBatchFiles/libv3/all-terms.bf
Already loaded '../models/parameters.bf' from /usr/local/lib/hyphy/TemplateBatchFiles/libv3/models/parameters.bf
Loaded 'libv3/tasks/trees.bf' from /usr/local/lib/hyphy/TemplateBatchFiles/libv3/tasks/trees.bf
Already loaded '../IOFunctions.bf' from /usr/local/lib/hyphy/TemplateBatchFiles/libv3/IOFunctions.bf
Already loaded '../all-terms.bf' from /usr/local/lib/hyphy/TemplateBatchFiles/libv3/all-terms.bf
Already loaded '../convenience/regexp.bf' from /usr/local/lib/hyphy/TemplateBatchFiles/libv3/convenience/regexp.bf
Already loaded '../UtilityFunctions.bf' from /usr/local/lib/hyphy/TemplateBatchFiles/libv3/UtilityFunctions.bf
Loaded 'TreeTools' from /usr/local/lib/hyphy/TemplateBatchFiles/TreeTools.ibf
Loaded 'modules/io_functions.ibf' from /usr/local/lib/hyphy/TemplateBatchFiles/SelectionAnalyses/modules/io_functions.ibf
Already loaded 'libv3/UtilityFunctions.bf' from /usr/local/lib/hyphy/TemplateBatchFiles/libv3/UtilityFunctions.bf
Already loaded 'libv3/IOFunctions.bf' from /usr/local/lib/hyphy/TemplateBatchFiles/libv3/IOFunctions.bf
Already loaded 'libv3/convenience/regexp.bf' from /usr/local/lib/hyphy/TemplateBatchFiles/libv3/convenience/regexp.bf
Already loaded 'libv3/all-terms.bf' from /usr/local/lib/hyphy/TemplateBatchFiles/libv3/all-terms.bf
Loaded 'modules/selection_lib.ibf' from /usr/local/lib/hyphy/TemplateBatchFiles/SelectionAnalyses/modules/selection_lib.ibf
Loaded 'libv3/models/codon/BS_REL.bf' from /usr/local/lib/hyphy/TemplateBatchFiles/libv3/models/codon/BS_REL.bf
Already loaded '../codon.bf' from /usr/local/lib/hyphy/TemplateBatchFiles/libv3/models/codon.bf
Already loaded '../DNA.bf' from /usr/local/lib/hyphy/TemplateBatchFiles/libv3/models/DNA.bf
Already loaded '../parameters.bf' from /usr/local/lib/hyphy/TemplateBatchFiles/libv3/models/parameters.bf
Already loaded '../frequencies.bf' from /usr/local/lib/hyphy/TemplateBatchFiles/libv3/models/frequencies.bf
Already loaded '../../UtilityFunctions.bf' from /usr/local/lib/hyphy/TemplateBatchFiles/libv3/UtilityFunctions.bf
Already loaded 'MG_REV.bf' from /usr/local/lib/hyphy/TemplateBatchFiles/libv3/models/codon/MG_REV.bf
Loaded '../../convenience/math.bf' from /usr/local/lib/hyphy/TemplateBatchFiles/libv3/convenience/math.bf
Already loaded 'libv3/UtilityFunctions.bf' from /usr/local/lib/hyphy/TemplateBatchFiles/libv3/UtilityFunctions.bf
Already loaded 'libv3/convenience/math.bf' from /usr/local/lib/hyphy/TemplateBatchFiles/libv3/convenience/math.bf
Variable 'NORMALIZE_SEQUENCE_NAMES' was not initialized prior to being used
Variable 'ASSUME_REVERSIBLE_MODELS' was not initialized prior to being used
Loaded 'modules/shared-load-file.bf' from /usr/local/lib/hyphy/TemplateBatchFiles/SelectionAnalyses/modules/shared-load-file.bf
Variable 'MARKDOWN_OUTPUT' was not initialized prior to being used
Already loaded 'libv3/convenience/matrix.bf' from /usr/local/lib/hyphy/TemplateBatchFiles/libv3/convenience/matrix.bf
Already loaded 'libv3/UtilityFunctions.bf' from /usr/local/lib/hyphy/TemplateBatchFiles/libv3/UtilityFunctions.bf
Variable 'LEKNgOFB.skipCodeSelectionStep' was not initialized prior to being used
Row and/or column partition is empty. All the data will be used by default.
Variable 'NEXUS_FILE_TREE_MATRIX' was not initialized prior to being used
Variable 'utility.ToggleEnvVariable.cache' was not initialized prior to being used
Variable 'TREE_NODE_NAME_MAPPING' was not initialized prior to being used
Variable 'YjuSpuvy.PROMPT_FOR_FILE' was not initialized prior to being used
Variable 'END_OF_FILE' was not initialized prior to being used
Variable '_DO_TREE_REBALANCE_' was not initialized prior to being used
Variable '_KEEP_I_LABELS_' was not initialized prior to being used
Variable 'INCLUDE_MODEL_SPECS' was not initialized prior to being used
Variable 'utility.ForEachPair.warn_non_rentrant' was not initialized prior to being used
Row and/or column partition is empty. All the data will be used by default.
Row and/or column partition is empty. All the data will be used by default.
Variable 'HrMjAvuC.cache' was not initialized prior to being used
Row and/or column partition is empty. All the data will be used by default.
Variable 'COUNT_GAPS_IN_FREQUENCIES' was not initialized prior to being used
Variable 'ORLiIEHu.model_pi' was not initialized prior to being used
Model ORLiIEHu.model assigned to Leptosomus_discolor
Model ORLiIEHu.model assigned to Colius_striatus
Model ORLiIEHu.model assigned to Node2
Model ORLiIEHu.model assigned to Tyto_alba
Model ORLiIEHu.model assigned to Node1
Model ORLiIEHu.model assigned to Haliaeetus_leucocephalus
Model ORLiIEHu.model assigned to Aquila_chrysaetos
Model ORLiIEHu.model assigned to Node6
Model ORLiIEHu.model assigned to Passer_domesticus
Model ORLiIEHu.model assigned to Falco_peregrinus
Model ORLiIEHu.model assigned to Falco_tinnunculus
Model ORLiIEHu.model assigned to Node11
Model ORLiIEHu.model assigned to Node9
The tips of the tree:ORLiIEHu.tree_0 were matched with the species names from the data in the following numeric order (0-based) {7,1,6,5,4,0,2,3}

Pseudo-optimal path's cost 1007 vs 1679 for 1..k=> a 1.66733 x improvement
Partition 0 is ASSUMED to have a reversible model
Variable 'USE_LAST_RESULTS' was not initialized prior to being used
Variable 'ORLiIEHu.tree_0.Leptosomus_discolor.t' was not initialized prior to being used
models.generic.SetBranchLength: ORLiIEHu.tree_0.Leptosomus_discolor.t=180.0821785540695
Variable 'ORLiIEHu.tree_0.Colius_striatus.t' was not initialized prior to being used
models.generic.SetBranchLength: ORLiIEHu.tree_0.Colius_striatus.t=180.0821785540695
Variable 'ORLiIEHu.tree_0.Node2.t' was not initialized prior to being used
models.generic.SetBranchLength: ORLiIEHu.tree_0.Node2.t=7.02053152404634
Variable 'ORLiIEHu.tree_0.Tyto_alba.t' was not initialized prior to being used
models.generic.SetBranchLength: ORLiIEHu.tree_0.Tyto_alba.t=184.8383873681415
Variable 'ORLiIEHu.tree_0.Node1.t' was not initialized prior to being used
models.generic.SetBranchLength: ORLiIEHu.tree_0.Node1.t=5.292645322682925
Variable 'ORLiIEHu.tree_0.Haliaeetus_leucocephalus.t' was not initialized prior to being used
models.generic.SetBranchLength: ORLiIEHu.tree_0.Haliaeetus_leucocephalus.t=77.77476934241038
Variable 'ORLiIEHu.tree_0.Aquila_chrysaetos.t' was not initialized prior to being used
models.generic.SetBranchLength: ORLiIEHu.tree_0.Aquila_chrysaetos.t=77.77476934241038
Variable 'ORLiIEHu.tree_0.Node6.t' was not initialized prior to being used
models.generic.SetBranchLength: ORLiIEHu.tree_0.Node6.t=114.6205860583884
Variable 'ORLiIEHu.tree_0.Passer_domesticus.t' was not initialized prior to being used
models.generic.SetBranchLength: ORLiIEHu.tree_0.Passer_domesticus.t=180.4513782352785
Variable 'ORLiIEHu.tree_0.Falco_peregrinus.t' was not initialized prior to being used
models.generic.SetBranchLength: ORLiIEHu.tree_0.Falco_peregrinus.t=19.01805944625785
Variable 'ORLiIEHu.tree_0.Falco_tinnunculus.t' was not initialized prior to being used
models.generic.SetBranchLength: ORLiIEHu.tree_0.Falco_tinnunculus.t=19.01805944625785
Variable 'ORLiIEHu.tree_0.Node11.t' was not initialized prior to being used
models.generic.SetBranchLength: ORLiIEHu.tree_0.Node11.t=161.4333187890207
Variable 'ORLiIEHu.tree_0.Node9.t' was not initialized prior to being used
models.generic.SetBranchLength: ORLiIEHu.tree_0.Node9.t=11.9439771655202
Variable 'ORLiIEHu.ORLiIEHu.likelihoodFunction' was not initialized prior to being used
Variable 'SAVE_OPT_STATUS_TO' was not initialized prior to being used
Auto-benchmarked an optimal number (1) of threads.
Set GUI update interval to every 3937-th LF evaluation.
Optimization settings:
	OPTIMIZATION_METHOD = 4
	OPTIMIZATION_PRECISION = 0.001
	MAXIMUM_ITERATIONS_PER_VARIABLE = 5000

Initial parameter values

ORLiIEHu.model.theta_GT = 0.25
ORLiIEHu.model.theta_CT = 1
ORLiIEHu.model.theta_AC = 0.25
ORLiIEHu.model.theta_CG = 0.25
ORLiIEHu.model.theta_AT = 0.25
ORLiIEHu.tree_0.Leptosomus_discolor.t = 180.082
ORLiIEHu.tree_0.Colius_striatus.t = 180.082
ORLiIEHu.tree_0.Node2.t = 7.02053
ORLiIEHu.tree_0.Tyto_alba.t = 184.838
ORLiIEHu.tree_0.Node1.t = 5.29265
ORLiIEHu.tree_0.Haliaeetus_leucocephalus.t = 77.7748
ORLiIEHu.tree_0.Aquila_chrysaetos.t = 77.7748
ORLiIEHu.tree_0.Node6.t = 114.621
ORLiIEHu.tree_0.Passer_domesticus.t = 180.451
ORLiIEHu.tree_0.Falco_peregrinus.t = 19.0181
ORLiIEHu.tree_0.Falco_tinnunculus.t = 19.0181
ORLiIEHu.tree_0.Node11.t = 161.433
ORLiIEHu.tree_0.Node9.t = 11.944
Optimization finished in 26 loop passes.
1407 likelihood evaluation calls and 8329 matrix exponentiations calls were made

Variable 'BRANCH_LENGTH_STENCIL' was not initialized prior to being used
Variable 'ORLiIEHu.option' was not initialized prior to being used
Variable 'absrel.terms.json.nucleotide_gtr' was not initialized prior to being used
Variable 'Unknown' was not initialized prior to being used
Variable 'JjOloqBA.initial_value' was not initialized prior to being used
Variable 'kEckVvwA.data_filter' was not initialized prior to being used
Row and/or column partition is empty. All the data will be used by default.
Auto-benchmarked an optimal number (3) of threads.
Set GUI update interval to every 3086-th LF evaluation.
Optimization settings:
	OPTIMIZATION_METHOD = 4
	OPTIMIZATION_PRECISION = 0.001
	MAXIMUM_ITERATIONS_PER_VARIABLE = 5000

Initial parameter values

frequencies._aux.CF3x4.p0_0 = 0.34956
frequencies._aux.CF3x4.p0_1 = 0.264041
frequencies._aux.CF3x4.p0_2 = 0.490438
frequencies._aux.CF3x4.p1_0 = 0.256602
frequencies._aux.CF3x4.p1_1 = 0.30823
frequencies._aux.CF3x4.p1_2 = 0.26823
frequencies._aux.CF3x4.p2_0 = 0.255546
frequencies._aux.CF3x4.p2_1 = 0.319617
frequencies._aux.CF3x4.p2_2 = 0.395377
Optimization finished in 4 loop passes.
168 likelihood evaluation calls and 0 matrix exponentiations calls were made

Variable 'kEckVvwA.model_MGREV_pi' was not initialized prior to being used
Model kEckVvwA.model_MGREV assigned to Leptosomus_discolor
Model kEckVvwA.model_MGREV assigned to Colius_striatus
Model kEckVvwA.model_MGREV assigned to Node2
Model kEckVvwA.model_MGREV assigned to Tyto_alba
Model kEckVvwA.model_MGREV assigned to Node1
Model kEckVvwA.model_MGREV assigned to Haliaeetus_leucocephalus
Model kEckVvwA.model_MGREV assigned to Aquila_chrysaetos
Model kEckVvwA.model_MGREV assigned to Node6
Model kEckVvwA.model_MGREV assigned to Passer_domesticus
Model kEckVvwA.model_MGREV assigned to Falco_peregrinus
Model kEckVvwA.model_MGREV assigned to Falco_tinnunculus
Model kEckVvwA.model_MGREV assigned to Node11
Model kEckVvwA.model_MGREV assigned to Node9
The tips of the tree:kEckVvwA.tree_0 were matched with the species names from the data in the following numeric order (0-based) {7,1,6,5,4,0,2,3}

Pseudo-optimal path's cost 2305 vs 3245 for 1..k=> a 1.40781 x improvement
Partition 0 is ASSUMED to have a reversible model
Variable 'kEckVvwA.kEckVvwA.likelihoodFunction' was not initialized prior to being used
Variable 'kEckVvwA.tree_0.Leptosomus_discolor.alpha' was not initialized prior to being used
Variable 'kEckVvwA.tree_0.Leptosomus_discolor.beta' was not initialized prior to being used
Variable 'kEckVvwA.tree_0.Colius_striatus.alpha' was not initialized prior to being used
Variable 'kEckVvwA.tree_0.Colius_striatus.beta' was not initialized prior to being used
Variable 'kEckVvwA.tree_0.Tyto_alba.alpha' was not initialized prior to being used
Variable 'kEckVvwA.tree_0.Tyto_alba.beta' was not initialized prior to being used
Variable 'kEckVvwA.tree_0.Haliaeetus_leucocephalus.alpha' was not initialized prior to being used
Variable 'kEckVvwA.tree_0.Haliaeetus_leucocephalus.beta' was not initialized prior to being used
Variable 'kEckVvwA.tree_0.Aquila_chrysaetos.alpha' was not initialized prior to being used
Variable 'kEckVvwA.tree_0.Aquila_chrysaetos.beta' was not initialized prior to being used
Variable 'kEckVvwA.tree_0.Passer_domesticus.alpha' was not initialized prior to being used
Variable 'kEckVvwA.tree_0.Passer_domesticus.beta' was not initialized prior to being used
Variable 'kEckVvwA.tree_0.Falco_peregrinus.alpha' was not initialized prior to being used
Variable 'kEckVvwA.tree_0.Falco_peregrinus.beta' was not initialized prior to being used
Variable 'kEckVvwA.tree_0.Falco_tinnunculus.alpha' was not initialized prior to being used
Variable 'kEckVvwA.tree_0.Falco_tinnunculus.beta' was not initialized prior to being used
Variable 'kEckVvwA.tree_0.Node2.alpha' was not initialized prior to being used
Variable 'kEckVvwA.tree_0.Node2.beta' was not initialized prior to being used
Variable 'kEckVvwA.tree_0.Node1.alpha' was not initialized prior to being used
Variable 'kEckVvwA.tree_0.Node1.beta' was not initialized prior to being used
Variable 'kEckVvwA.tree_0.Node6.alpha' was not initialized prior to being used
Variable 'kEckVvwA.tree_0.Node6.beta' was not initialized prior to being used
Variable 'kEckVvwA.tree_0.Node11.alpha' was not initialized prior to being used
Variable 'kEckVvwA.tree_0.Node11.beta' was not initialized prior to being used
Variable 'kEckVvwA.tree_0.Node9.alpha' was not initialized prior to being used
Variable 'kEckVvwA.tree_0.Node9.beta' was not initialized prior to being used
Site 21 evaluated to a 0 probability in ComputeTreeBlockByBranch
Site 115 evaluated to a 0 probability in ComputeTreeBlockByBranch
Site 21 evaluated to a 0 probability in ComputeTreeBlockByBranch
Auto-benchmarked an optimal number (1) of threads.
Set GUI update interval to every 23-th LF evaluation.
Initial guess for kEckVvwA.tree_0.Node2.beta is -0.000197293
Initial guess for kEckVvwA.tree_0.Node2.alpha is -0.000543973
Initial guess for kEckVvwA.tree_0.Leptosomus_discolor.beta is 0.0271551
Initial guess for kEckVvwA.tree_0.Leptosomus_discolor.alpha is 0.0071621
Initial guess for kEckVvwA.tree_0.Colius_striatus.beta is 0.0612714
Initial guess for kEckVvwA.tree_0.Colius_striatus.alpha is 0.0318851
Initial guess for kEckVvwA.tree_0.Tyto_alba.beta is 0.0187881
Initial guess for kEckVvwA.tree_0.Tyto_alba.alpha is 0.00996657
Initial guess for kEckVvwA.tree_0.Node6.beta is -0.0033711
Initial guess for kEckVvwA.tree_0.Node6.alpha is -0.000327176
Initial guess for kEckVvwA.tree_0.Haliaeetus_leucocephalus.beta is 0.00641267
Initial guess for kEckVvwA.tree_0.Haliaeetus_leucocephalus.alpha is 0.000868779
Initial guess for kEckVvwA.tree_0.Aquila_chrysaetos.beta is 0.00696174
Initial guess for kEckVvwA.tree_0.Aquila_chrysaetos.alpha is 0.0010127
Initial guess for kEckVvwA.tree_0.Node9.beta is 0.0162861
Initial guess for kEckVvwA.tree_0.Node9.alpha is 0.00502815
Initial guess for kEckVvwA.tree_0.Passer_domesticus.beta is 0.106054
Initial guess for kEckVvwA.tree_0.Passer_domesticus.alpha is 0.0530835
Initial guess for kEckVvwA.tree_0.Node11.beta is 0.00249594
Initial guess for kEckVvwA.tree_0.Node11.alpha is -0.000247787
Initial guess for kEckVvwA.tree_0.Falco_peregrinus.beta is 0.00347805
Initial guess for kEckVvwA.tree_0.Falco_peregrinus.alpha is 0.00110963
Initial guess for kEckVvwA.tree_0.Falco_tinnunculus.beta is 0.00219894
Initial guess for kEckVvwA.tree_0.Falco_tinnunculus.alpha is 0.000771851
Optimization settings:
	OPTIMIZATION_METHOD = 4
	OPTIMIZATION_PRECISION = 0.001
	MAXIMUM_ITERATIONS_PER_VARIABLE = 5000

Initial parameter values

kEckVvwA.model_MGREV.theta_GT = 1
kEckVvwA.model_MGREV.theta_CT = 1
kEckVvwA.model_MGREV.theta_AC = 1
kEckVvwA.model_MGREV.theta_CG = 1
kEckVvwA.model_MGREV.theta_AT = 1
kEckVvwA.tree_0.Leptosomus_discolor.alpha = 0.0071621
kEckVvwA.tree_0.Leptosomus_discolor.beta = 0.0271551
kEckVvwA.tree_0.Colius_striatus.alpha = 0.0318851
kEckVvwA.tree_0.Colius_striatus.beta = 0.0612714
kEckVvwA.tree_0.Node2.alpha = 0
kEckVvwA.tree_0.Node2.beta = 0
kEckVvwA.tree_0.Tyto_alba.alpha = 0.00996657
kEckVvwA.tree_0.Tyto_alba.beta = 0.0187881
kEckVvwA.tree_0.Node1.alpha = 0.1
kEckVvwA.tree_0.Node1.beta = 0.1
kEckVvwA.tree_0.Haliaeetus_leucocephalus.alpha = 0.000868779
kEckVvwA.tree_0.Haliaeetus_leucocephalus.beta = 0.00641267
kEckVvwA.tree_0.Aquila_chrysaetos.alpha = 0.0010127
kEckVvwA.tree_0.Aquila_chrysaetos.beta = 0.00696174
kEckVvwA.tree_0.Node6.alpha = 0
kEckVvwA.tree_0.Node6.beta = 0
kEckVvwA.tree_0.Passer_domesticus.alpha = 0.0530835
kEckVvwA.tree_0.Passer_domesticus.beta = 0.106054
kEckVvwA.tree_0.Falco_peregrinus.alpha = 0.00110963
kEckVvwA.tree_0.Falco_peregrinus.beta = 0.00347805
kEckVvwA.tree_0.Falco_tinnunculus.alpha = 0.000771851
kEckVvwA.tree_0.Falco_tinnunculus.beta = 0.00219894
kEckVvwA.tree_0.Node11.alpha = 0
kEckVvwA.tree_0.Node11.beta = 0.00249594
kEckVvwA.tree_0.Node9.alpha = 0.00502815
kEckVvwA.tree_0.Node9.beta = 0.0162861
Optimization finished in 23 loop passes.
3691 likelihood evaluation calls and 13193 matrix exponentiations calls were made

Variable 'bsrel_mixture_aux_0' was not initialized prior to being used
Overwritten previously defined function:'lmZmOzZt.rate_generator'
Auto-benchmarked an optimal number (2) of threads.
Set GUI update interval to every 2857-th LF evaluation.
Optimization settings:
	OPTIMIZATION_METHOD = 4
	OPTIMIZATION_PRECISION = 0.001
	MAXIMUM_ITERATIONS_PER_VARIABLE = 5000

Initial parameter values

frequencies._aux.CF3x4.p0_0 = 0.34956
frequencies._aux.CF3x4.p0_1 = 0.264041
frequencies._aux.CF3x4.p0_2 = 0.490438
frequencies._aux.CF3x4.p1_0 = 0.256602
frequencies._aux.CF3x4.p1_1 = 0.30823
frequencies._aux.CF3x4.p1_2 = 0.26823
frequencies._aux.CF3x4.p2_0 = 0.255546
frequencies._aux.CF3x4.p2_1 = 0.319617
frequencies._aux.CF3x4.p2_2 = 0.395377
Optimization finished in 4 loop passes.
167 likelihood evaluation calls and 0 matrix exponentiations calls were made

Variable 'absrel.model.2_pi' was not initialized prior to being used
Variable 'omega1' was not initialized prior to being used
Variable 'omega2' was not initialized prior to being used
Overwritten previously defined function:'lmZmOzZt.rate_generator'
Overwritten previously defined function:'lmZmOzZt.rate_generator'
Variable 'bsrel_mixture_aux_1' was not initialized prior to being used
Overwritten previously defined function:'lmZmOzZt.rate_generator'
Auto-benchmarked an optimal number (2) of threads.
Set GUI update interval to every 2824-th LF evaluation.
Optimization settings:
	OPTIMIZATION_METHOD = 4
	OPTIMIZATION_PRECISION = 0.001
	MAXIMUM_ITERATIONS_PER_VARIABLE = 5000

Initial parameter values

frequencies._aux.CF3x4.p0_0 = 0.34956
frequencies._aux.CF3x4.p0_1 = 0.264041
frequencies._aux.CF3x4.p0_2 = 0.490438
frequencies._aux.CF3x4.p1_0 = 0.256602
frequencies._aux.CF3x4.p1_1 = 0.30823
frequencies._aux.CF3x4.p1_2 = 0.26823
frequencies._aux.CF3x4.p2_0 = 0.255546
frequencies._aux.CF3x4.p2_1 = 0.319617
frequencies._aux.CF3x4.p2_2 = 0.395377
Optimization finished in 4 loop passes.
167 likelihood evaluation calls and 0 matrix exponentiations calls were made

Variable 'absrel.model.3_pi' was not initialized prior to being used
Variable 'omega3' was not initialized prior to being used
Overwritten previously defined function:'lmZmOzZt.rate_generator'
Overwritten previously defined function:'lmZmOzZt.rate_generator'
Overwritten previously defined function:'lmZmOzZt.rate_generator'
Variable 'bsrel_mixture_aux_2' was not initialized prior to being used
Overwritten previously defined function:'lmZmOzZt.rate_generator'
Auto-benchmarked an optimal number (2) of threads.
Set GUI update interval to every 2824-th LF evaluation.
Optimization settings:
	OPTIMIZATION_METHOD = 4
	OPTIMIZATION_PRECISION = 0.001
	MAXIMUM_ITERATIONS_PER_VARIABLE = 5000

Initial parameter values

frequencies._aux.CF3x4.p0_0 = 0.34956
frequencies._aux.CF3x4.p0_1 = 0.264041
frequencies._aux.CF3x4.p0_2 = 0.490438
frequencies._aux.CF3x4.p1_0 = 0.256602
frequencies._aux.CF3x4.p1_1 = 0.30823
frequencies._aux.CF3x4.p1_2 = 0.26823
frequencies._aux.CF3x4.p2_0 = 0.255546
frequencies._aux.CF3x4.p2_1 = 0.319617
frequencies._aux.CF3x4.p2_2 = 0.395377
Optimization finished in 4 loop passes.
167 likelihood evaluation calls and 0 matrix exponentiations calls were made

Variable 'absrel.model.4_pi' was not initialized prior to being used
Variable 'omega4' was not initialized prior to being used
Overwritten previously defined function:'lmZmOzZt.rate_generator'
Overwritten previously defined function:'lmZmOzZt.rate_generator'
Overwritten previously defined function:'lmZmOzZt.rate_generator'
Overwritten previously defined function:'lmZmOzZt.rate_generator'
Variable 'bsrel_mixture_aux_3' was not initialized prior to being used
Overwritten previously defined function:'lmZmOzZt.rate_generator'
Auto-benchmarked an optimal number (1) of threads.
Set GUI update interval to every 2976-th LF evaluation.
Optimization settings:
	OPTIMIZATION_METHOD = 4
	OPTIMIZATION_PRECISION = 0.001
	MAXIMUM_ITERATIONS_PER_VARIABLE = 5000

Initial parameter values

frequencies._aux.CF3x4.p0_0 = 0.34956
frequencies._aux.CF3x4.p0_1 = 0.264041
frequencies._aux.CF3x4.p0_2 = 0.490438
frequencies._aux.CF3x4.p1_0 = 0.256602
frequencies._aux.CF3x4.p1_1 = 0.30823
frequencies._aux.CF3x4.p1_2 = 0.26823
frequencies._aux.CF3x4.p2_0 = 0.255546
frequencies._aux.CF3x4.p2_1 = 0.319617
frequencies._aux.CF3x4.p2_2 = 0.395377
Optimization finished in 4 loop passes.
166 likelihood evaluation calls and 0 matrix exponentiations calls were made

Variable 'absrel.model.5_pi' was not initialized prior to being used
Variable 'omega5' was not initialized prior to being used
The tips of the tree:kEckVvwA.tree_0 were matched with the species names from the data in the following numeric order (0-based) {7,1,6,5,4,0,2,3}

Pseudo-optimal path's cost 2305 vs 3245 for 1..k=> a 1.40781 x improvement
Variable 'iiBSLYgG.best_val' was not initialized prior to being used
Variable 'kEckVvwA.likelihoodFunction' was not initialized prior to being used
Auto-benchmarked an optimal number (2) of threads.
Set GUI update interval to every 142-th LF evaluation.
Optimization settings:
	OPTIMIZATION_METHOD = 4
	OPTIMIZATION_PRECISION = 0.001
	MAXIMUM_ITERATIONS_PER_VARIABLE = 5000

Initial parameter values

kEckVvwA.tree_0.Passer_domesticus.alpha = 0.608686
kEckVvwA.tree_0.Passer_domesticus.bsrel_mixture_aux_0 = 0.5
kEckVvwA.tree_0.Passer_domesticus.omega1 = 0
kEckVvwA.tree_0.Passer_domesticus.omega2 = 2
kEckVvwA.tree_0.Passer_domesticus.beta = 0.501911
Optimization finished in 177 loop passes.
4189 likelihood evaluation calls and 8062 matrix exponentiations calls were made

The tips of the tree:kEckVvwA.tree_0 were matched with the species names from the data in the following numeric order (0-based) {7,1,6,5,4,0,2,3}

Pseudo-optimal path's cost 2305 vs 3245 for 1..k=> a 1.40781 x improvement
Auto-benchmarked an optimal number (3) of threads.
Set GUI update interval to every 23-th LF evaluation.
Optimization settings:
	OPTIMIZATION_METHOD = 4
	OPTIMIZATION_PRECISION = 0.001
	MAXIMUM_ITERATIONS_PER_VARIABLE = 5000

Initial parameter values

kEckVvwA.tree_0.Passer_domesticus.bsrel_mixture_aux_1 = 0.5
kEckVvwA.tree_0.Passer_domesticus.omega1 = 0.418501
kEckVvwA.tree_0.Passer_domesticus.bsrel_mixture_aux_0 = 0.780688
kEckVvwA.tree_0.Passer_domesticus.alpha = 0.580372
kEckVvwA.tree_0.Passer_domesticus.omega2 = 0.8
kEckVvwA.tree_0.Passer_domesticus.omega3 = 9
Optimization finished in 25 loop passes.
687 likelihood evaluation calls and 2055 matrix exponentiations calls were made

The tips of the tree:kEckVvwA.tree_0 were matched with the species names from the data in the following numeric order (0-based) {7,1,6,5,4,0,2,3}

Pseudo-optimal path's cost 2305 vs 3245 for 1..k=> a 1.40781 x improvement
Variable 'kEckVvwA.tree_0.Passer_domesticus.alpha' was not initialized prior to being used
Variable 'kEckVvwA.tree_0.Passer_domesticus.omega1' was not initialized prior to being used
Variable 'kEckVvwA.tree_0.Passer_domesticus.omega2' was not initialized prior to being used
The tips of the tree:kEckVvwA.tree_0 were matched with the species names from the data in the following numeric order (0-based) {7,1,6,5,4,0,2,3}

Pseudo-optimal path's cost 2305 vs 3245 for 1..k=> a 1.40781 x improvement
Auto-benchmarked an optimal number (2) of threads.
Set GUI update interval to every 13-th LF evaluation.
Optimization settings:
	OPTIMIZATION_METHOD = 4
	OPTIMIZATION_PRECISION = 0.001
	MAXIMUM_ITERATIONS_PER_VARIABLE = 5000

Initial parameter values

kEckVvwA.tree_0.Colius_striatus.alpha = 0.782669
kEckVvwA.tree_0.Colius_striatus.bsrel_mixture_aux_0 = 0.75
kEckVvwA.tree_0.Colius_striatus.omega1 = 0
kEckVvwA.tree_0.Colius_striatus.omega2 = 1
kEckVvwA.tree_0.Colius_striatus.beta = 0.158436
Optimization finished in 13 loop passes.
220 likelihood evaluation calls and 423 matrix exponentiations calls were made

The tips of the tree:kEckVvwA.tree_0 were matched with the species names from the data in the following numeric order (0-based) {7,1,6,5,4,0,2,3}

Pseudo-optimal path's cost 2305 vs 3245 for 1..k=> a 1.40781 x improvement
The tips of the tree:kEckVvwA.tree_0 were matched with the species names from the data in the following numeric order (0-based) {7,1,6,5,4,0,2,3}

Pseudo-optimal path's cost 2305 vs 3245 for 1..k=> a 1.40781 x improvement
Auto-benchmarked an optimal number (2) of threads.
Set GUI update interval to every 200-th LF evaluation.
Optimization settings:
	OPTIMIZATION_METHOD = 4
	OPTIMIZATION_PRECISION = 0.001
	MAXIMUM_ITERATIONS_PER_VARIABLE = 5000

Initial parameter values

kEckVvwA.tree_0.Leptosomus_discolor.alpha = 0.239329
kEckVvwA.tree_0.Leptosomus_discolor.bsrel_mixture_aux_0 = 0.75
kEckVvwA.tree_0.Leptosomus_discolor.beta = 0.0628433
kEckVvwA.tree_0.Leptosomus_discolor.omega1 = 0.2
kEckVvwA.tree_0.Leptosomus_discolor.omega2 = 0.5
Optimization finished in 8 loop passes.
292 likelihood evaluation calls and 559 matrix exponentiations calls were made

The tips of the tree:kEckVvwA.tree_0 were matched with the species names from the data in the following numeric order (0-based) {7,1,6,5,4,0,2,3}

Pseudo-optimal path's cost 2305 vs 3245 for 1..k=> a 1.40781 x improvement
The tips of the tree:kEckVvwA.tree_0 were matched with the species names from the data in the following numeric order (0-based) {7,1,6,5,4,0,2,3}

Pseudo-optimal path's cost 2305 vs 3245 for 1..k=> a 1.40781 x improvement
Auto-benchmarked an optimal number (3) of threads.
Set GUI update interval to every 65-th LF evaluation.
Optimization settings:
	OPTIMIZATION_METHOD = 4
	OPTIMIZATION_PRECISION = 0.001
	MAXIMUM_ITERATIONS_PER_VARIABLE = 5000

Initial parameter values

kEckVvwA.tree_0.Tyto_alba.beta = 0.0546077
kEckVvwA.tree_0.Tyto_alba.omega1 = 0.2
kEckVvwA.tree_0.Tyto_alba.omega2 = 0.25
kEckVvwA.tree_0.Tyto_alba.alpha = 0.256105
kEckVvwA.tree_0.Tyto_alba.bsrel_mixture_aux_0 = 0.75
Optimization finished in 6 loop passes.
200 likelihood evaluation calls and 365 matrix exponentiations calls were made

The tips of the tree:kEckVvwA.tree_0 were matched with the species names from the data in the following numeric order (0-based) {7,1,6,5,4,0,2,3}

Pseudo-optimal path's cost 2305 vs 3245 for 1..k=> a 1.40781 x improvement
The tips of the tree:kEckVvwA.tree_0 were matched with the species names from the data in the following numeric order (0-based) {7,1,6,5,4,0,2,3}

Pseudo-optimal path's cost 2305 vs 3245 for 1..k=> a 1.40781 x improvement
Auto-benchmarked an optimal number (2) of threads.
Set GUI update interval to every 64-th LF evaluation.
Optimization settings:
	OPTIMIZATION_METHOD = 4
	OPTIMIZATION_PRECISION = 0.001
	MAXIMUM_ITERATIONS_PER_VARIABLE = 5000

Initial parameter values

kEckVvwA.tree_0.Node11.omega2 = 9
kEckVvwA.tree_0.Node11.beta = 0.0826701
kEckVvwA.tree_0.Node11.omega1 = 0.6
kEckVvwA.tree_0.Node11.alpha = 0.0991037
kEckVvwA.tree_0.Node11.bsrel_mixture_aux_0 = 0.98
Optimization finished in 26 loop passes.
453 likelihood evaluation calls and 897 matrix exponentiations calls were made

The tips of the tree:kEckVvwA.tree_0 were matched with the species names from the data in the following numeric order (0-based) {7,1,6,5,4,0,2,3}

Pseudo-optimal path's cost 2305 vs 3245 for 1..k=> a 1.40781 x improvement
The tips of the tree:kEckVvwA.tree_0 were matched with the species names from the data in the following numeric order (0-based) {7,1,6,5,4,0,2,3}

Pseudo-optimal path's cost 2305 vs 3245 for 1..k=> a 1.40781 x improvement
Auto-benchmarked an optimal number (8) of threads.
Set GUI update interval to every 76-th LF evaluation.
Optimization settings:
	OPTIMIZATION_METHOD = 4
	OPTIMIZATION_PRECISION = 0.001
	MAXIMUM_ITERATIONS_PER_VARIABLE = 5000

Initial parameter values

kEckVvwA.tree_0.Node6.omega2 = 0.25
kEckVvwA.tree_0.Node6.alpha = 0.19163
kEckVvwA.tree_0.Node6.bsrel_mixture_aux_0 = 0.75
kEckVvwA.tree_0.Node6.beta = 0.0397023
kEckVvwA.tree_0.Node6.omega1 = 0.2
Optimization finished in 6 loop passes.
190 likelihood evaluation calls and 365 matrix exponentiations calls were made

The tips of the tree:kEckVvwA.tree_0 were matched with the species names from the data in the following numeric order (0-based) {7,1,6,5,4,0,2,3}

Pseudo-optimal path's cost 2305 vs 3245 for 1..k=> a 1.40781 x improvement
The tips of the tree:kEckVvwA.tree_0 were matched with the species names from the data in the following numeric order (0-based) {7,1,6,5,4,0,2,3}

Pseudo-optimal path's cost 2305 vs 3245 for 1..k=> a 1.40781 x improvement
Auto-benchmarked an optimal number (5) of threads.
Set GUI update interval to every 37-th LF evaluation.
Optimization settings:
	OPTIMIZATION_METHOD = 4
	OPTIMIZATION_PRECISION = 0.001
	MAXIMUM_ITERATIONS_PER_VARIABLE = 5000

Initial parameter values

kEckVvwA.tree_0.Haliaeetus_leucocephalus.alpha = 0.0528236
kEckVvwA.tree_0.Haliaeetus_leucocephalus.bsrel_mixture_aux_0 = 0.75
kEckVvwA.tree_0.Haliaeetus_leucocephalus.beta = 0.0154133
kEckVvwA.tree_0.Haliaeetus_leucocephalus.omega1 = 0.2
kEckVvwA.tree_0.Haliaeetus_leucocephalus.omega2 = 0.5
Optimization finished in 6 loop passes.
125 likelihood evaluation calls and 249 matrix exponentiations calls were made

The tips of the tree:kEckVvwA.tree_0 were matched with the species names from the data in the following numeric order (0-based) {7,1,6,5,4,0,2,3}

Pseudo-optimal path's cost 2305 vs 3245 for 1..k=> a 1.40781 x improvement
The tips of the tree:kEckVvwA.tree_0 were matched with the species names from the data in the following numeric order (0-based) {7,1,6,5,4,0,2,3}

Pseudo-optimal path's cost 2305 vs 3245 for 1..k=> a 1.40781 x improvement
Auto-benchmarked an optimal number (2) of threads.
Set GUI update interval to every 254-th LF evaluation.
Optimization settings:
	OPTIMIZATION_METHOD = 4
	OPTIMIZATION_PRECISION = 0.001
	MAXIMUM_ITERATIONS_PER_VARIABLE = 5000

Initial parameter values

kEckVvwA.tree_0.Aquila_chrysaetos.beta = 0.0203092
kEckVvwA.tree_0.Aquila_chrysaetos.omega1 = 0.6
kEckVvwA.tree_0.Aquila_chrysaetos.alpha = 0.0378809
kEckVvwA.tree_0.Aquila_chrysaetos.bsrel_mixture_aux_0 = 0.5
kEckVvwA.tree_0.Aquila_chrysaetos.omega2 = 0.5
Optimization finished in 3 loop passes.
98 likelihood evaluation calls and 183 matrix exponentiations calls were made

The tips of the tree:kEckVvwA.tree_0 were matched with the species names from the data in the following numeric order (0-based) {7,1,6,5,4,0,2,3}

Pseudo-optimal path's cost 2305 vs 3245 for 1..k=> a 1.40781 x improvement
The tips of the tree:kEckVvwA.tree_0 were matched with the species names from the data in the following numeric order (0-based) {7,1,6,5,4,0,2,3}

Pseudo-optimal path's cost 2305 vs 3245 for 1..k=> a 1.40781 x improvement
Auto-benchmarked an optimal number (2) of threads.
Set GUI update interval to every 226-th LF evaluation.
Optimization settings:
	OPTIMIZATION_METHOD = 4
	OPTIMIZATION_PRECISION = 0.001
	MAXIMUM_ITERATIONS_PER_VARIABLE = 5000

Initial parameter values

kEckVvwA.tree_0.Falco_peregrinus.omega2 = 0.5
kEckVvwA.tree_0.Falco_peregrinus.beta = 0.00913734
kEckVvwA.tree_0.Falco_peregrinus.omega1 = 0.2
kEckVvwA.tree_0.Falco_peregrinus.alpha = 0.0326015
kEckVvwA.tree_0.Falco_peregrinus.bsrel_mixture_aux_0 = 0.75
Optimization finished in 3 loop passes.
127 likelihood evaluation calls and 247 matrix exponentiations calls were made

The tips of the tree:kEckVvwA.tree_0 were matched with the species names from the data in the following numeric order (0-based) {7,1,6,5,4,0,2,3}

Pseudo-optimal path's cost 2305 vs 3245 for 1..k=> a 1.40781 x improvement
The tips of the tree:kEckVvwA.tree_0 were matched with the species names from the data in the following numeric order (0-based) {7,1,6,5,4,0,2,3}

Pseudo-optimal path's cost 2305 vs 3245 for 1..k=> a 1.40781 x improvement
Auto-benchmarked an optimal number (2) of threads.
Set GUI update interval to every 118-th LF evaluation.
Optimization settings:
	OPTIMIZATION_METHOD = 4
	OPTIMIZATION_PRECISION = 0.001
	MAXIMUM_ITERATIONS_PER_VARIABLE = 5000

Initial parameter values

kEckVvwA.tree_0.Falco_tinnunculus.omega2 = 0.25
kEckVvwA.tree_0.Falco_tinnunculus.beta = 0.0042861
kEckVvwA.tree_0.Falco_tinnunculus.omega1 = 0.2
kEckVvwA.tree_0.Falco_tinnunculus.alpha = 0.0221717
kEckVvwA.tree_0.Falco_tinnunculus.bsrel_mixture_aux_0 = 0.98
Optimization finished in 6 loop passes.
121 likelihood evaluation calls and 239 matrix exponentiations calls were made

The tips of the tree:kEckVvwA.tree_0 were matched with the species names from the data in the following numeric order (0-based) {7,1,6,5,4,0,2,3}

Pseudo-optimal path's cost 2305 vs 3245 for 1..k=> a 1.40781 x improvement
The tips of the tree:kEckVvwA.tree_0 were matched with the species names from the data in the following numeric order (0-based) {7,1,6,5,4,0,2,3}

Pseudo-optimal path's cost 2305 vs 3245 for 1..k=> a 1.40781 x improvement
Auto-benchmarked an optimal number (4) of threads.
Set GUI update interval to every 45-th LF evaluation.
Optimization settings:
	OPTIMIZATION_METHOD = 4
	OPTIMIZATION_PRECISION = 0.001
	MAXIMUM_ITERATIONS_PER_VARIABLE = 5000

Initial parameter values

kEckVvwA.tree_0.Node1.alpha = 4.36953e-13
kEckVvwA.tree_0.Node1.bsrel_mixture_aux_0 = 0.5
kEckVvwA.tree_0.Node1.omega2 = 28
kEckVvwA.tree_0.Node1.beta = 0.00448877
kEckVvwA.tree_0.Node1.omega1 = 0.8
Optimization finished in 4 loop passes.
183 likelihood evaluation calls and 363 matrix exponentiations calls were made

The tips of the tree:kEckVvwA.tree_0 were matched with the species names from the data in the following numeric order (0-based) {7,1,6,5,4,0,2,3}

Pseudo-optimal path's cost 2305 vs 3245 for 1..k=> a 1.40781 x improvement
The tips of the tree:kEckVvwA.tree_0 were matched with the species names from the data in the following numeric order (0-based) {7,1,6,5,4,0,2,3}

Pseudo-optimal path's cost 2305 vs 3245 for 1..k=> a 1.40781 x improvement
Auto-benchmarked an optimal number (6) of threads.
Set GUI update interval to every 173-th LF evaluation.
Optimization settings:
	OPTIMIZATION_METHOD = 4
	OPTIMIZATION_PRECISION = 0.001
	MAXIMUM_ITERATIONS_PER_VARIABLE = 5000

Initial parameter values

kEckVvwA.tree_0.Node9.beta = 0
kEckVvwA.tree_0.Node9.omega1 = 0
kEckVvwA.tree_0.Node9.omega2 = 0.25
kEckVvwA.tree_0.Node9.alpha = 0.0012929
kEckVvwA.tree_0.Node9.bsrel_mixture_aux_0 = 0.98
Optimization finished in 4 loop passes.
105 likelihood evaluation calls and 175 matrix exponentiations calls were made

The tips of the tree:kEckVvwA.tree_0 were matched with the species names from the data in the following numeric order (0-based) {7,1,6,5,4,0,2,3}

Pseudo-optimal path's cost 2305 vs 3245 for 1..k=> a 1.40781 x improvement
The tips of the tree:kEckVvwA.tree_0 were matched with the species names from the data in the following numeric order (0-based) {7,1,6,5,4,0,2,3}

Pseudo-optimal path's cost 2305 vs 3245 for 1..k=> a 1.40781 x improvement
Auto-benchmarked an optimal number (4) of threads.
Set GUI update interval to every 63-th LF evaluation.
Optimization settings:
	OPTIMIZATION_METHOD = 4
	OPTIMIZATION_PRECISION = 0.001
	MAXIMUM_ITERATIONS_PER_VARIABLE = 5000

Initial parameter values

kEckVvwA.tree_0.Node2.alpha = 0
kEckVvwA.tree_0.Node2.bsrel_mixture_aux_0 = 0.98
kEckVvwA.tree_0.Node2.omega2 = 0.25
kEckVvwA.tree_0.Node2.beta = 0
kEckVvwA.tree_0.Node2.omega1 = 0
Optimization finished in 3 loop passes.
133 likelihood evaluation calls and 125 matrix exponentiations calls were made

The tips of the tree:kEckVvwA.tree_0 were matched with the species names from the data in the following numeric order (0-based) {7,1,6,5,4,0,2,3}

Pseudo-optimal path's cost 2305 vs 3245 for 1..k=> a 1.40781 x improvement
Variable 'vsSYdnPY.kEckVvwA.likelihoodFunction' was not initialized prior to being used
Auto-benchmarked an optimal number (3) of threads.
Set GUI update interval to every 22-th LF evaluation.
Optimization settings:
	OPTIMIZATION_METHOD = 4
	OPTIMIZATION_PRECISION = 0.001
	MAXIMUM_ITERATIONS_PER_VARIABLE = 5000

Initial parameter values

kEckVvwA.model_MGREV.theta_GT = 0.150399
kEckVvwA.model_MGREV.theta_CT = 0.78871
kEckVvwA.model_MGREV.theta_AC = 0.257355
kEckVvwA.model_MGREV.theta_CG = 0.278414
kEckVvwA.model_MGREV.theta_AT = 0.186008
kEckVvwA.tree_0.Leptosomus_discolor.alpha = 0.239329
kEckVvwA.tree_0.Leptosomus_discolor.beta = 0.0628433
kEckVvwA.tree_0.Colius_striatus.alpha = 0.782669
kEckVvwA.tree_0.Colius_striatus.beta = 0.158436
kEckVvwA.tree_0.Node2.alpha = 0
kEckVvwA.tree_0.Node2.beta = 0
kEckVvwA.tree_0.Tyto_alba.beta = 0.0546077
kEckVvwA.tree_0.Tyto_alba.alpha = 0.256105
kEckVvwA.tree_0.Node1.beta = 0.00448877
kEckVvwA.tree_0.Node1.alpha = 2.91302e-13
kEckVvwA.tree_0.Haliaeetus_leucocephalus.alpha = 0.0528236
kEckVvwA.tree_0.Haliaeetus_leucocephalus.beta = 0.0154133
kEckVvwA.tree_0.Aquila_chrysaetos.beta = 0.0203092
kEckVvwA.tree_0.Aquila_chrysaetos.alpha = 0.0378809
kEckVvwA.tree_0.Node6.alpha = 0.19163
kEckVvwA.tree_0.Node6.beta = 0.0397023
kEckVvwA.tree_0.Passer_domesticus.omega2 = 3.19946
kEckVvwA.tree_0.Passer_domesticus.omega1 = 0.418501
kEckVvwA.tree_0.Passer_domesticus.alpha = 0.580372
kEckVvwA.tree_0.Passer_domesticus.bsrel_mixture_aux_0 = 0.780688
kEckVvwA.tree_0.Falco_peregrinus.alpha = 0.0326015
kEckVvwA.tree_0.Falco_peregrinus.beta = 0.00913734
kEckVvwA.tree_0.Falco_tinnunculus.alpha = 0.0221717
kEckVvwA.tree_0.Falco_tinnunculus.beta = 0.0042861
kEckVvwA.tree_0.Node11.alpha = 0.0991037
kEckVvwA.tree_0.Node11.beta = 0.0826701
kEckVvwA.tree_0.Node9.beta = 0
kEckVvwA.tree_0.Node9.alpha = 0.0012929
Optimization finished in 54 loop passes.
4504 likelihood evaluation calls and 19223 matrix exponentiations calls were made

Auto-benchmarked an optimal number (1) of threads.
Set GUI update interval to every 9-th LF evaluation.
Optimization settings:
	OPTIMIZATION_METHOD = 4
	OPTIMIZATION_PRECISION = 0.001
	MAXIMUM_ITERATIONS_PER_VARIABLE = 5000

Initial parameter values

kEckVvwA.model_MGREV.theta_GT = 0.148062
kEckVvwA.model_MGREV.theta_CT = 0.781742
kEckVvwA.model_MGREV.theta_AC = 0.247313
kEckVvwA.model_MGREV.theta_CG = 0.269601
kEckVvwA.model_MGREV.theta_AT = 0.16472
kEckVvwA.tree_0.Leptosomus_discolor.alpha = 0.243207
kEckVvwA.tree_0.Leptosomus_discolor.beta = 0.0652448
kEckVvwA.tree_0.Colius_striatus.alpha = 0.795969
kEckVvwA.tree_0.Colius_striatus.beta = 0.16178
kEckVvwA.tree_0.Node2.alpha = 0
kEckVvwA.tree_0.Node2.beta = 0
kEckVvwA.tree_0.Tyto_alba.beta = 0.0551663
kEckVvwA.tree_0.Tyto_alba.alpha = 0.260493
kEckVvwA.tree_0.Node1.beta = 0.00462157
kEckVvwA.tree_0.Node1.alpha = 5.56634e-15
kEckVvwA.tree_0.Haliaeetus_leucocephalus.beta = 0.0156452
kEckVvwA.tree_0.Haliaeetus_leucocephalus.alpha = 0.0537603
kEckVvwA.tree_0.Aquila_chrysaetos.alpha = 0.0384001
kEckVvwA.tree_0.Aquila_chrysaetos.beta = 0.0209216
kEckVvwA.tree_0.Node6.alpha = 0.196012
kEckVvwA.tree_0.Node6.beta = 0.0413468
kEckVvwA.tree_0.Passer_domesticus.alpha = 0.588439
kEckVvwA.tree_0.Passer_domesticus.omega1 = 0.470178
kEckVvwA.tree_0.Passer_domesticus.bsrel_mixture_aux_0 = 0.82455
kEckVvwA.tree_0.Falco_peregrinus.beta = 0.00936249
kEckVvwA.tree_0.Falco_peregrinus.alpha = 0.0330941
kEckVvwA.tree_0.Falco_tinnunculus.alpha = 0.0225438
kEckVvwA.tree_0.Falco_tinnunculus.beta = 0.00438344
kEckVvwA.tree_0.Node11.alpha = 0.101178
kEckVvwA.tree_0.Node11.beta = 0.0839861
kEckVvwA.tree_0.Node9.beta = 0
kEckVvwA.tree_0.Node9.alpha = 0.000567737
Optimization finished in 20 loop passes.
2363 likelihood evaluation calls and 9795 matrix exponentiations calls were made

Variable 'USE_JSON_FOR_MATRIX' was not initialized prior to being used