
Loaded 'libv3/all-terms.bf' from /usr/local/lib/hyphy/TemplateBatchFiles/libv3/all-terms.bf
Loaded 'libv3/UtilityFunctions.bf' from /usr/local/lib/hyphy/TemplateBatchFiles/libv3/UtilityFunctions.bf
Loaded 'IOFunctions.bf' from /usr/local/lib/hyphy/TemplateBatchFiles/libv3/IOFunctions.bf
Already loaded 'libv3/UtilityFunctions.bf' from /usr/local/lib/hyphy/TemplateBatchFiles/libv3/UtilityFunctions.bf
Loaded 'convenience/regexp.bf' from /usr/local/lib/hyphy/TemplateBatchFiles/libv3/convenience/regexp.bf
Already loaded 'libv3/all-terms.bf' from /usr/local/lib/hyphy/TemplateBatchFiles/libv3/all-terms.bf
Already loaded 'libv3/IOFunctions.bf' from /usr/local/lib/hyphy/TemplateBatchFiles/libv3/IOFunctions.bf
Loaded 'libv3/models/codon/MG_REV.bf' from /usr/local/lib/hyphy/TemplateBatchFiles/libv3/models/codon/MG_REV.bf
Loaded '../codon.bf' from /usr/local/lib/hyphy/TemplateBatchFiles/libv3/models/codon.bf
Loaded '../tasks/genetic_code.bf' from /usr/local/lib/hyphy/TemplateBatchFiles/libv3/tasks/genetic_code.bf
Loaded 'libv3/convenience/matrix.bf' from /usr/local/lib/hyphy/TemplateBatchFiles/libv3/convenience/matrix.bf
Already loaded 'libv3/UtilityFunctions.bf' from /usr/local/lib/hyphy/TemplateBatchFiles/libv3/UtilityFunctions.bf
Already loaded 'libv3/all-terms.bf' from /usr/local/lib/hyphy/TemplateBatchFiles/libv3/all-terms.bf
Already loaded '../UtilityFunctions.bf' from /usr/local/lib/hyphy/TemplateBatchFiles/libv3/UtilityFunctions.bf
Loaded '../DNA.bf' from /usr/local/lib/hyphy/TemplateBatchFiles/libv3/models/DNA.bf
Loaded 'frequencies.bf' from /usr/local/lib/hyphy/TemplateBatchFiles/libv3/models/frequencies.bf
Already loaded '../all-terms.bf' from /usr/local/lib/hyphy/TemplateBatchFiles/libv3/all-terms.bf
Loaded 'parameters.bf' from /usr/local/lib/hyphy/TemplateBatchFiles/libv3/models/parameters.bf
Loaded 'GrabBag' from /usr/local/lib/hyphy/TemplateBatchFiles/Utility/GrabBag.bf
Overwritten previously defined function:'_sortStringsAux'
Already loaded 'libv3/all-terms.bf' from /usr/local/lib/hyphy/TemplateBatchFiles/libv3/all-terms.bf
Already loaded '../UtilityFunctions.bf' from /usr/local/lib/hyphy/TemplateBatchFiles/libv3/UtilityFunctions.bf
Loaded 'model_functions.bf' from /usr/local/lib/hyphy/TemplateBatchFiles/libv3/models/model_functions.bf
Already loaded 'DNA.bf' from /usr/local/lib/hyphy/TemplateBatchFiles/libv3/models/DNA.bf
Already loaded 'parameters.bf' from /usr/local/lib/hyphy/TemplateBatchFiles/libv3/models/parameters.bf
Already loaded 'frequencies.bf' from /usr/local/lib/hyphy/TemplateBatchFiles/libv3/models/frequencies.bf
Already loaded '../UtilityFunctions.bf' from /usr/local/lib/hyphy/TemplateBatchFiles/libv3/UtilityFunctions.bf
Already loaded '../convenience/regexp.bf' from /usr/local/lib/hyphy/TemplateBatchFiles/libv3/convenience/regexp.bf
Already loaded 'libv3/all-terms.bf' from /usr/local/lib/hyphy/TemplateBatchFiles/libv3/all-terms.bf
Already loaded '../parameters.bf' from /usr/local/lib/hyphy/TemplateBatchFiles/libv3/models/parameters.bf
Already loaded '../frequencies.bf' from /usr/local/lib/hyphy/TemplateBatchFiles/libv3/models/frequencies.bf
Already loaded '../../UtilityFunctions.bf' from /usr/local/lib/hyphy/TemplateBatchFiles/libv3/UtilityFunctions.bf
Loaded 'libv3/tasks/estimators.bf' from /usr/local/lib/hyphy/TemplateBatchFiles/libv3/tasks/estimators.bf
Already loaded '../models/model_functions.bf' from /usr/local/lib/hyphy/TemplateBatchFiles/libv3/models/model_functions.bf
Loaded '../models/DNA/GTR.bf' from /usr/local/lib/hyphy/TemplateBatchFiles/libv3/models/DNA/GTR.bf
Already loaded '../DNA.bf' from /usr/local/lib/hyphy/TemplateBatchFiles/libv3/models/DNA.bf
Already loaded '../parameters.bf' from /usr/local/lib/hyphy/TemplateBatchFiles/libv3/models/parameters.bf
Already loaded '../frequencies.bf' from /usr/local/lib/hyphy/TemplateBatchFiles/libv3/models/frequencies.bf
Already loaded '../../UtilityFunctions.bf' from /usr/local/lib/hyphy/TemplateBatchFiles/libv3/UtilityFunctions.bf
Already loaded 'libv3/all-terms.bf' from /usr/local/lib/hyphy/TemplateBatchFiles/libv3/all-terms.bf
Already loaded '../convenience/regexp.bf' from /usr/local/lib/hyphy/TemplateBatchFiles/libv3/convenience/regexp.bf
Already loaded 'libv3/all-terms.bf' from /usr/local/lib/hyphy/TemplateBatchFiles/libv3/all-terms.bf
Loaded 'libv3/tasks/alignments.bf' from /usr/local/lib/hyphy/TemplateBatchFiles/libv3/tasks/alignments.bf
Already loaded '../IOFunctions.bf' from /usr/local/lib/hyphy/TemplateBatchFiles/libv3/IOFunctions.bf
Already loaded '../all-terms.bf' from /usr/local/lib/hyphy/TemplateBatchFiles/libv3/all-terms.bf
Loaded 'libv3/tasks/mpi.bf' from /usr/local/lib/hyphy/TemplateBatchFiles/libv3/tasks/mpi.bf
Already loaded '../all-terms.bf' from /usr/local/lib/hyphy/TemplateBatchFiles/libv3/all-terms.bf
Already loaded '../models/parameters.bf' from /usr/local/lib/hyphy/TemplateBatchFiles/libv3/models/parameters.bf
Loaded 'libv3/tasks/trees.bf' from /usr/local/lib/hyphy/TemplateBatchFiles/libv3/tasks/trees.bf
Already loaded '../IOFunctions.bf' from /usr/local/lib/hyphy/TemplateBatchFiles/libv3/IOFunctions.bf
Already loaded '../all-terms.bf' from /usr/local/lib/hyphy/TemplateBatchFiles/libv3/all-terms.bf
Already loaded '../convenience/regexp.bf' from /usr/local/lib/hyphy/TemplateBatchFiles/libv3/convenience/regexp.bf
Already loaded '../UtilityFunctions.bf' from /usr/local/lib/hyphy/TemplateBatchFiles/libv3/UtilityFunctions.bf
Loaded 'TreeTools' from /usr/local/lib/hyphy/TemplateBatchFiles/TreeTools.ibf
Loaded 'modules/io_functions.ibf' from /usr/local/lib/hyphy/TemplateBatchFiles/SelectionAnalyses/modules/io_functions.ibf
Already loaded 'libv3/UtilityFunctions.bf' from /usr/local/lib/hyphy/TemplateBatchFiles/libv3/UtilityFunctions.bf
Already loaded 'libv3/IOFunctions.bf' from /usr/local/lib/hyphy/TemplateBatchFiles/libv3/IOFunctions.bf
Already loaded 'libv3/convenience/regexp.bf' from /usr/local/lib/hyphy/TemplateBatchFiles/libv3/convenience/regexp.bf
Already loaded 'libv3/all-terms.bf' from /usr/local/lib/hyphy/TemplateBatchFiles/libv3/all-terms.bf
Loaded 'modules/selection_lib.ibf' from /usr/local/lib/hyphy/TemplateBatchFiles/SelectionAnalyses/modules/selection_lib.ibf
Loaded 'libv3/models/codon/BS_REL.bf' from /usr/local/lib/hyphy/TemplateBatchFiles/libv3/models/codon/BS_REL.bf
Already loaded '../codon.bf' from /usr/local/lib/hyphy/TemplateBatchFiles/libv3/models/codon.bf
Already loaded '../DNA.bf' from /usr/local/lib/hyphy/TemplateBatchFiles/libv3/models/DNA.bf
Already loaded '../parameters.bf' from /usr/local/lib/hyphy/TemplateBatchFiles/libv3/models/parameters.bf
Already loaded '../frequencies.bf' from /usr/local/lib/hyphy/TemplateBatchFiles/libv3/models/frequencies.bf
Already loaded '../../UtilityFunctions.bf' from /usr/local/lib/hyphy/TemplateBatchFiles/libv3/UtilityFunctions.bf
Already loaded 'MG_REV.bf' from /usr/local/lib/hyphy/TemplateBatchFiles/libv3/models/codon/MG_REV.bf
Loaded '../../convenience/math.bf' from /usr/local/lib/hyphy/TemplateBatchFiles/libv3/convenience/math.bf
Already loaded 'libv3/UtilityFunctions.bf' from /usr/local/lib/hyphy/TemplateBatchFiles/libv3/UtilityFunctions.bf
Already loaded 'libv3/convenience/math.bf' from /usr/local/lib/hyphy/TemplateBatchFiles/libv3/convenience/math.bf
Variable 'NORMALIZE_SEQUENCE_NAMES' was not initialized prior to being used
Variable 'ASSUME_REVERSIBLE_MODELS' was not initialized prior to being used
Loaded 'modules/shared-load-file.bf' from /usr/local/lib/hyphy/TemplateBatchFiles/SelectionAnalyses/modules/shared-load-file.bf
Variable 'MARKDOWN_OUTPUT' was not initialized prior to being used
Already loaded 'libv3/convenience/matrix.bf' from /usr/local/lib/hyphy/TemplateBatchFiles/libv3/convenience/matrix.bf
Already loaded 'libv3/UtilityFunctions.bf' from /usr/local/lib/hyphy/TemplateBatchFiles/libv3/UtilityFunctions.bf
Variable 'o_ISGkru.skipCodeSelectionStep' was not initialized prior to being used
Row and/or column partition is empty. All the data will be used by default.
Variable 'NEXUS_FILE_TREE_MATRIX' was not initialized prior to being used
Variable 'utility.ToggleEnvVariable.cache' was not initialized prior to being used
Variable 'TREE_NODE_NAME_MAPPING' was not initialized prior to being used
Variable 'cb_OQBvM.PROMPT_FOR_FILE' was not initialized prior to being used
Variable 'END_OF_FILE' was not initialized prior to being used
Variable '_DO_TREE_REBALANCE_' was not initialized prior to being used
Variable '_KEEP_I_LABELS_' was not initialized prior to being used
Variable 'INCLUDE_MODEL_SPECS' was not initialized prior to being used
Variable 'utility.ForEachPair.warn_non_rentrant' was not initialized prior to being used
Row and/or column partition is empty. All the data will be used by default.
Row and/or column partition is empty. All the data will be used by default.
Variable 'OjeXlVaj.cache' was not initialized prior to being used
Row and/or column partition is empty. All the data will be used by default.
Variable 'COUNT_GAPS_IN_FREQUENCIES' was not initialized prior to being used
Variable 'icibBMrV.model_pi' was not initialized prior to being used
Model icibBMrV.model assigned to Leptosomus_discolor
Model icibBMrV.model assigned to Colius_striatus
Model icibBMrV.model assigned to Node2
Model icibBMrV.model assigned to Tyto_alba
Model icibBMrV.model assigned to Node1
Model icibBMrV.model assigned to Haliaeetus_leucocephalus
Model icibBMrV.model assigned to Aquila_chrysaetos
Model icibBMrV.model assigned to Node6
Model icibBMrV.model assigned to Parus_major
Model icibBMrV.model assigned to Falco_peregrinus
Model icibBMrV.model assigned to Falco_tinnunculus
Model icibBMrV.model assigned to Node11
Model icibBMrV.model assigned to Node9
The tips of the tree:icibBMrV.tree_0 were matched with the species names from the data in the following numeric order (0-based) {4,5,3,2,1,0,6,7}

Pseudo-optimal path's cost 1010 vs 1770 for 1..k=> a 1.75248 x improvement
Partition 0 is ASSUMED to have a reversible model
Variable 'USE_LAST_RESULTS' was not initialized prior to being used
Variable 'icibBMrV.tree_0.Leptosomus_discolor.t' was not initialized prior to being used
models.generic.SetBranchLength: icibBMrV.tree_0.Leptosomus_discolor.t=180.1635949896472
Variable 'icibBMrV.tree_0.Colius_striatus.t' was not initialized prior to being used
models.generic.SetBranchLength: icibBMrV.tree_0.Colius_striatus.t=180.1635949896472
Variable 'icibBMrV.tree_0.Node2.t' was not initialized prior to being used
models.generic.SetBranchLength: icibBMrV.tree_0.Node2.t=7.023705556352802
Variable 'icibBMrV.tree_0.Tyto_alba.t' was not initialized prior to being used
models.generic.SetBranchLength: icibBMrV.tree_0.Tyto_alba.t=184.9219541196006
Variable 'icibBMrV.tree_0.Node1.t' was not initialized prior to being used
models.generic.SetBranchLength: icibBMrV.tree_0.Node1.t=5.295038165330709
Variable 'icibBMrV.tree_0.Haliaeetus_leucocephalus.t' was not initialized prior to being used
models.generic.SetBranchLength: icibBMrV.tree_0.Haliaeetus_leucocephalus.t=77.8099318695887
Variable 'icibBMrV.tree_0.Aquila_chrysaetos.t' was not initialized prior to being used
models.generic.SetBranchLength: icibBMrV.tree_0.Aquila_chrysaetos.t=77.8099318695887
Variable 'icibBMrV.tree_0.Node6.t' was not initialized prior to being used
models.generic.SetBranchLength: icibBMrV.tree_0.Node6.t=114.672406841742
Variable 'icibBMrV.tree_0.Parus_major.t' was not initialized prior to being used
models.generic.SetBranchLength: icibBMrV.tree_0.Parus_major.t=180.5329615886618
Variable 'icibBMrV.tree_0.Falco_peregrinus.t' was not initialized prior to being used
models.generic.SetBranchLength: icibBMrV.tree_0.Falco_peregrinus.t=19.02665764639154
Variable 'icibBMrV.tree_0.Falco_tinnunculus.t' was not initialized prior to being used
models.generic.SetBranchLength: icibBMrV.tree_0.Falco_tinnunculus.t=19.02665764639154
Variable 'icibBMrV.tree_0.Node11.t' was not initialized prior to being used
models.generic.SetBranchLength: icibBMrV.tree_0.Node11.t=161.5063039422702
Variable 'icibBMrV.tree_0.Node9.t' was not initialized prior to being used
models.generic.SetBranchLength: icibBMrV.tree_0.Node9.t=11.94937712266891
Variable 'icibBMrV.icibBMrV.likelihoodFunction' was not initialized prior to being used
Variable 'SAVE_OPT_STATUS_TO' was not initialized prior to being used
Auto-benchmarked an optimal number (1) of threads.
Set GUI update interval to every 3246-th LF evaluation.
Optimization settings:
	OPTIMIZATION_METHOD = 4
	OPTIMIZATION_PRECISION = 0.001
	MAXIMUM_ITERATIONS_PER_VARIABLE = 5000

Initial parameter values

icibBMrV.model.theta_GT = 0.25
icibBMrV.model.theta_CT = 1
icibBMrV.model.theta_AC = 0.25
icibBMrV.model.theta_CG = 0.25
icibBMrV.model.theta_AT = 0.25
icibBMrV.tree_0.Leptosomus_discolor.t = 180.164
icibBMrV.tree_0.Colius_striatus.t = 180.164
icibBMrV.tree_0.Node2.t = 7.02371
icibBMrV.tree_0.Tyto_alba.t = 184.922
icibBMrV.tree_0.Node1.t = 5.29504
icibBMrV.tree_0.Haliaeetus_leucocephalus.t = 77.8099
icibBMrV.tree_0.Aquila_chrysaetos.t = 77.8099
icibBMrV.tree_0.Node6.t = 114.672
icibBMrV.tree_0.Parus_major.t = 180.533
icibBMrV.tree_0.Falco_peregrinus.t = 19.0267
icibBMrV.tree_0.Falco_tinnunculus.t = 19.0267
icibBMrV.tree_0.Node11.t = 161.506
icibBMrV.tree_0.Node9.t = 11.9494
Optimization finished in 25 loop passes.
1591 likelihood evaluation calls and 8725 matrix exponentiations calls were made

Variable 'BRANCH_LENGTH_STENCIL' was not initialized prior to being used
Variable 'icibBMrV.option' was not initialized prior to being used
Variable 'absrel.terms.json.nucleotide_gtr' was not initialized prior to being used
Variable 'Unknown' was not initialized prior to being used
Variable 'WreZlPPL.initial_value' was not initialized prior to being used
Variable 'UdropNnp.data_filter' was not initialized prior to being used
Row and/or column partition is empty. All the data will be used by default.
Auto-benchmarked an optimal number (3) of threads.
Set GUI update interval to every 3012-th LF evaluation.
Optimization settings:
	OPTIMIZATION_METHOD = 4
	OPTIMIZATION_PRECISION = 0.001
	MAXIMUM_ITERATIONS_PER_VARIABLE = 5000

Initial parameter values

frequencies._aux.CF3x4.p0_0 = 0.350821
frequencies._aux.CF3x4.p0_1 = 0.262337
frequencies._aux.CF3x4.p0_2 = 0.489792
frequencies._aux.CF3x4.p1_0 = 0.256896
frequencies._aux.CF3x4.p1_1 = 0.310466
frequencies._aux.CF3x4.p1_2 = 0.269676
frequencies._aux.CF3x4.p2_0 = 0.25515
frequencies._aux.CF3x4.p2_1 = 0.316301
frequencies._aux.CF3x4.p2_2 = 0.392698
Optimization finished in 4 loop passes.
166 likelihood evaluation calls and 0 matrix exponentiations calls were made

Variable 'UdropNnp.model_MGREV_pi' was not initialized prior to being used
Model UdropNnp.model_MGREV assigned to Leptosomus_discolor
Model UdropNnp.model_MGREV assigned to Colius_striatus
Model UdropNnp.model_MGREV assigned to Node2
Model UdropNnp.model_MGREV assigned to Tyto_alba
Model UdropNnp.model_MGREV assigned to Node1
Model UdropNnp.model_MGREV assigned to Haliaeetus_leucocephalus
Model UdropNnp.model_MGREV assigned to Aquila_chrysaetos
Model UdropNnp.model_MGREV assigned to Node6
Model UdropNnp.model_MGREV assigned to Parus_major
Model UdropNnp.model_MGREV assigned to Falco_peregrinus
Model UdropNnp.model_MGREV assigned to Falco_tinnunculus
Model UdropNnp.model_MGREV assigned to Node11
Model UdropNnp.model_MGREV assigned to Node9
The tips of the tree:UdropNnp.tree_0 were matched with the species names from the data in the following numeric order (0-based) {4,5,3,2,1,0,6,7}

Pseudo-optimal path's cost 2372 vs 3394 for 1..k=> a 1.43086 x improvement
Partition 0 is ASSUMED to have a reversible model
Variable 'UdropNnp.UdropNnp.likelihoodFunction' was not initialized prior to being used
Variable 'UdropNnp.tree_0.Leptosomus_discolor.alpha' was not initialized prior to being used
Variable 'UdropNnp.tree_0.Leptosomus_discolor.beta' was not initialized prior to being used
Variable 'UdropNnp.tree_0.Colius_striatus.alpha' was not initialized prior to being used
Variable 'UdropNnp.tree_0.Colius_striatus.beta' was not initialized prior to being used
Variable 'UdropNnp.tree_0.Tyto_alba.alpha' was not initialized prior to being used
Variable 'UdropNnp.tree_0.Tyto_alba.beta' was not initialized prior to being used
Variable 'UdropNnp.tree_0.Haliaeetus_leucocephalus.alpha' was not initialized prior to being used
Variable 'UdropNnp.tree_0.Haliaeetus_leucocephalus.beta' was not initialized prior to being used
Variable 'UdropNnp.tree_0.Aquila_chrysaetos.alpha' was not initialized prior to being used
Variable 'UdropNnp.tree_0.Aquila_chrysaetos.beta' was not initialized prior to being used
Variable 'UdropNnp.tree_0.Parus_major.alpha' was not initialized prior to being used
Variable 'UdropNnp.tree_0.Parus_major.beta' was not initialized prior to being used
Variable 'UdropNnp.tree_0.Falco_peregrinus.alpha' was not initialized prior to being used
Variable 'UdropNnp.tree_0.Falco_peregrinus.beta' was not initialized prior to being used
Variable 'UdropNnp.tree_0.Falco_tinnunculus.alpha' was not initialized prior to being used
Variable 'UdropNnp.tree_0.Falco_tinnunculus.beta' was not initialized prior to being used
Variable 'UdropNnp.tree_0.Node2.alpha' was not initialized prior to being used
Variable 'UdropNnp.tree_0.Node2.beta' was not initialized prior to being used
Variable 'UdropNnp.tree_0.Node1.alpha' was not initialized prior to being used
Variable 'UdropNnp.tree_0.Node1.beta' was not initialized prior to being used
Variable 'UdropNnp.tree_0.Node6.alpha' was not initialized prior to being used
Variable 'UdropNnp.tree_0.Node6.beta' was not initialized prior to being used
Variable 'UdropNnp.tree_0.Node11.alpha' was not initialized prior to being used
Variable 'UdropNnp.tree_0.Node11.beta' was not initialized prior to being used
Variable 'UdropNnp.tree_0.Node9.alpha' was not initialized prior to being used
Variable 'UdropNnp.tree_0.Node9.beta' was not initialized prior to being used
Site 20 evaluated to a 0 probability in ComputeTreeBlockByBranch
Site 20 evaluated to a 0 probability in ComputeTreeBlockByBranch
Site 221 evaluated to a 0 probability in ComputeTreeBlockByBranch
Site 20 evaluated to a 0 probability in ComputeTreeBlockByBranch
Site 188 evaluated to a 0 probability in ComputeTreeBlockByBranch
Site 78 evaluated to a 0 probability in ComputeTreeBlockByBranch
Site 20 evaluated to a 0 probability in ComputeTreeBlockByBranch
Site 155 evaluated to a 0 probability in ComputeTreeBlockByBranch
Site 173 evaluated to a 0 probability in ComputeTreeBlockByBranch
Site 254 evaluated to a 0 probability in ComputeTreeBlockByBranch
Site 20 evaluated to a 0 probability in ComputeTreeBlockByBranch
Site 56 evaluated to a 0 probability in ComputeTreeBlockByBranch
Site 203 evaluated to a 0 probability in ComputeTreeBlockByBranch
Site 239 evaluated to a 0 probability in ComputeTreeBlockByBranch
Site 141 evaluated to a 0 probability in ComputeTreeBlockByBranch
Auto-benchmarked an optimal number (4) of threads.
Set GUI update interval to every 17-th LF evaluation.
Initial guess for UdropNnp.tree_0.Node2.beta is -0.00147685
Initial guess for UdropNnp.tree_0.Node2.alpha is -0.000531857
Initial guess for UdropNnp.tree_0.Leptosomus_discolor.beta is 0.0259785
Initial guess for UdropNnp.tree_0.Leptosomus_discolor.alpha is 0.00710845
Initial guess for UdropNnp.tree_0.Colius_striatus.beta is 0.0616086
Initial guess for UdropNnp.tree_0.Colius_striatus.alpha is 0.0315984
Initial guess for UdropNnp.tree_0.Tyto_alba.beta is 0.0183894
Initial guess for UdropNnp.tree_0.Tyto_alba.alpha is 0.00990231
Initial guess for UdropNnp.tree_0.Node6.beta is -0.00309755
Initial guess for UdropNnp.tree_0.Node6.alpha is -0.00034589
Initial guess for UdropNnp.tree_0.Haliaeetus_leucocephalus.beta is 0.00632434
Initial guess for UdropNnp.tree_0.Haliaeetus_leucocephalus.alpha is 0.000866242
Initial guess for UdropNnp.tree_0.Aquila_chrysaetos.beta is 0.00693606
Initial guess for UdropNnp.tree_0.Aquila_chrysaetos.alpha is 0.000999438
Initial guess for UdropNnp.tree_0.Node9.beta is 0.0173408
Initial guess for UdropNnp.tree_0.Node9.alpha is 0.00498571
Initial guess for UdropNnp.tree_0.Parus_major.beta is 0.111125
Initial guess for UdropNnp.tree_0.Parus_major.alpha is 0.0553762
Initial guess for UdropNnp.tree_0.Node11.beta is 0.00801521
Initial guess for UdropNnp.tree_0.Node11.alpha is -0.000260071
Initial guess for UdropNnp.tree_0.Falco_peregrinus.beta is 0.00344349
Initial guess for UdropNnp.tree_0.Falco_peregrinus.alpha is 0.0011002
Initial guess for UdropNnp.tree_0.Falco_tinnunculus.beta is 0.00218558
Initial guess for UdropNnp.tree_0.Falco_tinnunculus.alpha is 0.00076548
Optimization settings:
	OPTIMIZATION_METHOD = 4
	OPTIMIZATION_PRECISION = 0.001
	MAXIMUM_ITERATIONS_PER_VARIABLE = 5000

Initial parameter values

UdropNnp.model_MGREV.theta_GT = 1
UdropNnp.model_MGREV.theta_CT = 1
UdropNnp.model_MGREV.theta_AC = 1
UdropNnp.model_MGREV.theta_CG = 1
UdropNnp.model_MGREV.theta_AT = 1
UdropNnp.tree_0.Leptosomus_discolor.alpha = 0.00710845
UdropNnp.tree_0.Leptosomus_discolor.beta = 0.0259785
UdropNnp.tree_0.Colius_striatus.alpha = 0.0315984
UdropNnp.tree_0.Colius_striatus.beta = 0.0616086
UdropNnp.tree_0.Node2.alpha = 0
UdropNnp.tree_0.Node2.beta = 0
UdropNnp.tree_0.Tyto_alba.alpha = 0.00990231
UdropNnp.tree_0.Tyto_alba.beta = 0.0183894
UdropNnp.tree_0.Node1.alpha = 0.1
UdropNnp.tree_0.Node1.beta = 0.1
UdropNnp.tree_0.Haliaeetus_leucocephalus.alpha = 0.000866242
UdropNnp.tree_0.Haliaeetus_leucocephalus.beta = 0.00632434
UdropNnp.tree_0.Aquila_chrysaetos.alpha = 0.000999438
UdropNnp.tree_0.Aquila_chrysaetos.beta = 0.00693606
UdropNnp.tree_0.Node6.alpha = 0
UdropNnp.tree_0.Node6.beta = 0
UdropNnp.tree_0.Parus_major.alpha = 0.0553762
UdropNnp.tree_0.Parus_major.beta = 0.111125
UdropNnp.tree_0.Falco_peregrinus.alpha = 0.0011002
UdropNnp.tree_0.Falco_peregrinus.beta = 0.00344349
UdropNnp.tree_0.Falco_tinnunculus.alpha = 0.00076548
UdropNnp.tree_0.Falco_tinnunculus.beta = 0.00218558
UdropNnp.tree_0.Node11.alpha = 0
UdropNnp.tree_0.Node11.beta = 0.00801521
UdropNnp.tree_0.Node9.alpha = 0.00498571
UdropNnp.tree_0.Node9.beta = 0.0173408
Optimization finished in 22 loop passes.
3459 likelihood evaluation calls and 12789 matrix exponentiations calls were made

Variable 'bsrel_mixture_aux_0' was not initialized prior to being used
Overwritten previously defined function:'WZbAQscX.rate_generator'
Auto-benchmarked an optimal number (3) of threads.
Set GUI update interval to every 2857-th LF evaluation.
Optimization settings:
	OPTIMIZATION_METHOD = 4
	OPTIMIZATION_PRECISION = 0.001
	MAXIMUM_ITERATIONS_PER_VARIABLE = 5000

Initial parameter values

frequencies._aux.CF3x4.p0_0 = 0.350821
frequencies._aux.CF3x4.p0_1 = 0.262337
frequencies._aux.CF3x4.p0_2 = 0.489792
frequencies._aux.CF3x4.p1_0 = 0.256896
frequencies._aux.CF3x4.p1_1 = 0.310466
frequencies._aux.CF3x4.p1_2 = 0.269676
frequencies._aux.CF3x4.p2_0 = 0.25515
frequencies._aux.CF3x4.p2_1 = 0.316301
frequencies._aux.CF3x4.p2_2 = 0.392698
Optimization finished in 4 loop passes.
166 likelihood evaluation calls and 0 matrix exponentiations calls were made

Variable 'absrel.model.2_pi' was not initialized prior to being used
Variable 'omega1' was not initialized prior to being used
Variable 'omega2' was not initialized prior to being used
Overwritten previously defined function:'WZbAQscX.rate_generator'
Overwritten previously defined function:'WZbAQscX.rate_generator'
Variable 'bsrel_mixture_aux_1' was not initialized prior to being used
Overwritten previously defined function:'WZbAQscX.rate_generator'
Auto-benchmarked an optimal number (2) of threads.
Set GUI update interval to every 2873-th LF evaluation.
Optimization settings:
	OPTIMIZATION_METHOD = 4
	OPTIMIZATION_PRECISION = 0.001
	MAXIMUM_ITERATIONS_PER_VARIABLE = 5000

Initial parameter values

frequencies._aux.CF3x4.p0_0 = 0.350821
frequencies._aux.CF3x4.p0_1 = 0.262337
frequencies._aux.CF3x4.p0_2 = 0.489792
frequencies._aux.CF3x4.p1_0 = 0.256896
frequencies._aux.CF3x4.p1_1 = 0.310466
frequencies._aux.CF3x4.p1_2 = 0.269676
frequencies._aux.CF3x4.p2_0 = 0.25515
frequencies._aux.CF3x4.p2_1 = 0.316301
frequencies._aux.CF3x4.p2_2 = 0.392698
Optimization finished in 4 loop passes.
165 likelihood evaluation calls and 0 matrix exponentiations calls were made

Variable 'absrel.model.3_pi' was not initialized prior to being used
Variable 'omega3' was not initialized prior to being used
Overwritten previously defined function:'WZbAQscX.rate_generator'
Overwritten previously defined function:'WZbAQscX.rate_generator'
Overwritten previously defined function:'WZbAQscX.rate_generator'
Variable 'bsrel_mixture_aux_2' was not initialized prior to being used
Overwritten previously defined function:'WZbAQscX.rate_generator'
Auto-benchmarked an optimal number (3) of threads.
Set GUI update interval to every 2824-th LF evaluation.
Optimization settings:
	OPTIMIZATION_METHOD = 4
	OPTIMIZATION_PRECISION = 0.001
	MAXIMUM_ITERATIONS_PER_VARIABLE = 5000

Initial parameter values

frequencies._aux.CF3x4.p0_0 = 0.350821
frequencies._aux.CF3x4.p0_1 = 0.262337
frequencies._aux.CF3x4.p0_2 = 0.489792
frequencies._aux.CF3x4.p1_0 = 0.256896
frequencies._aux.CF3x4.p1_1 = 0.310466
frequencies._aux.CF3x4.p1_2 = 0.269676
frequencies._aux.CF3x4.p2_0 = 0.25515
frequencies._aux.CF3x4.p2_1 = 0.316301
frequencies._aux.CF3x4.p2_2 = 0.392698
Optimization finished in 4 loop passes.
166 likelihood evaluation calls and 0 matrix exponentiations calls were made

Variable 'absrel.model.4_pi' was not initialized prior to being used
Variable 'omega4' was not initialized prior to being used
Overwritten previously defined function:'WZbAQscX.rate_generator'
Overwritten previously defined function:'WZbAQscX.rate_generator'
Overwritten previously defined function:'WZbAQscX.rate_generator'
Overwritten previously defined function:'WZbAQscX.rate_generator'
Variable 'bsrel_mixture_aux_3' was not initialized prior to being used
Overwritten previously defined function:'WZbAQscX.rate_generator'
Auto-benchmarked an optimal number (3) of threads.
Set GUI update interval to every 2923-th LF evaluation.
Optimization settings:
	OPTIMIZATION_METHOD = 4
	OPTIMIZATION_PRECISION = 0.001
	MAXIMUM_ITERATIONS_PER_VARIABLE = 5000

Initial parameter values

frequencies._aux.CF3x4.p0_0 = 0.350821
frequencies._aux.CF3x4.p0_1 = 0.262337
frequencies._aux.CF3x4.p0_2 = 0.489792
frequencies._aux.CF3x4.p1_0 = 0.256896
frequencies._aux.CF3x4.p1_1 = 0.310466
frequencies._aux.CF3x4.p1_2 = 0.269676
frequencies._aux.CF3x4.p2_0 = 0.25515
frequencies._aux.CF3x4.p2_1 = 0.316301
frequencies._aux.CF3x4.p2_2 = 0.392698
Optimization finished in 4 loop passes.
166 likelihood evaluation calls and 0 matrix exponentiations calls were made

Variable 'absrel.model.5_pi' was not initialized prior to being used
Variable 'omega5' was not initialized prior to being used
The tips of the tree:UdropNnp.tree_0 were matched with the species names from the data in the following numeric order (0-based) {4,5,3,2,1,0,6,7}

Pseudo-optimal path's cost 2372 vs 3394 for 1..k=> a 1.43086 x improvement
Variable 'DvpohFfR.best_val' was not initialized prior to being used
Variable 'UdropNnp.likelihoodFunction' was not initialized prior to being used
Auto-benchmarked an optimal number (3) of threads.
Set GUI update interval to every 15-th LF evaluation.
Optimization settings:
	OPTIMIZATION_METHOD = 4
	OPTIMIZATION_PRECISION = 0.001
	MAXIMUM_ITERATIONS_PER_VARIABLE = 5000

Initial parameter values

UdropNnp.tree_0.Parus_major.alpha = 0.596447
UdropNnp.tree_0.Parus_major.bsrel_mixture_aux_0 = 0.98
UdropNnp.tree_0.Parus_major.omega1 = 0.8
UdropNnp.tree_0.Parus_major.omega2 = 28
UdropNnp.tree_0.Parus_major.beta = 0.542434
Optimization finished in 11 loop passes.
352 likelihood evaluation calls and 660 matrix exponentiations calls were made

The tips of the tree:UdropNnp.tree_0 were matched with the species names from the data in the following numeric order (0-based) {4,5,3,2,1,0,6,7}

Pseudo-optimal path's cost 2372 vs 3394 for 1..k=> a 1.43086 x improvement
Auto-benchmarked an optimal number (6) of threads.
Set GUI update interval to every 23-th LF evaluation.
Optimization settings:
	OPTIMIZATION_METHOD = 4
	OPTIMIZATION_PRECISION = 0.001
	MAXIMUM_ITERATIONS_PER_VARIABLE = 5000

Initial parameter values

UdropNnp.tree_0.Parus_major.bsrel_mixture_aux_1 = 0.5
UdropNnp.tree_0.Parus_major.omega1 = 0.898297
UdropNnp.tree_0.Parus_major.bsrel_mixture_aux_0 = 0.975121
UdropNnp.tree_0.Parus_major.alpha = 0.535698
UdropNnp.tree_0.Parus_major.omega2 = 0.8
UdropNnp.tree_0.Parus_major.omega3 = 65
Optimization finished in 38 loop passes.
1169 likelihood evaluation calls and 3456 matrix exponentiations calls were made

The tips of the tree:UdropNnp.tree_0 were matched with the species names from the data in the following numeric order (0-based) {4,5,3,2,1,0,6,7}

Pseudo-optimal path's cost 2372 vs 3394 for 1..k=> a 1.43086 x improvement
Variable 'UdropNnp.tree_0.Parus_major.alpha' was not initialized prior to being used
Variable 'UdropNnp.tree_0.Parus_major.omega1' was not initialized prior to being used
Variable 'UdropNnp.tree_0.Parus_major.omega2' was not initialized prior to being used
The tips of the tree:UdropNnp.tree_0 were matched with the species names from the data in the following numeric order (0-based) {4,5,3,2,1,0,6,7}

Pseudo-optimal path's cost 2372 vs 3394 for 1..k=> a 1.43086 x improvement
Auto-benchmarked an optimal number (8) of threads.
Set GUI update interval to every 20-th LF evaluation.
Optimization settings:
	OPTIMIZATION_METHOD = 4
	OPTIMIZATION_PRECISION = 0.001
	MAXIMUM_ITERATIONS_PER_VARIABLE = 5000

Initial parameter values

UdropNnp.tree_0.Colius_striatus.alpha = 0.768187
UdropNnp.tree_0.Colius_striatus.bsrel_mixture_aux_0 = 0.98
UdropNnp.tree_0.Colius_striatus.omega1 = 0.2
UdropNnp.tree_0.Colius_striatus.omega2 = 2
UdropNnp.tree_0.Colius_striatus.beta = 0.159389
Optimization finished in 17 loop passes.
283 likelihood evaluation calls and 553 matrix exponentiations calls were made

The tips of the tree:UdropNnp.tree_0 were matched with the species names from the data in the following numeric order (0-based) {4,5,3,2,1,0,6,7}

Pseudo-optimal path's cost 2372 vs 3394 for 1..k=> a 1.43086 x improvement
The tips of the tree:UdropNnp.tree_0 were matched with the species names from the data in the following numeric order (0-based) {4,5,3,2,1,0,6,7}

Pseudo-optimal path's cost 2372 vs 3394 for 1..k=> a 1.43086 x improvement
Auto-benchmarked an optimal number (3) of threads.
Set GUI update interval to every 230-th LF evaluation.
Optimization settings:
	OPTIMIZATION_METHOD = 4
	OPTIMIZATION_PRECISION = 0.001
	MAXIMUM_ITERATIONS_PER_VARIABLE = 5000

Initial parameter values

UdropNnp.tree_0.Leptosomus_discolor.alpha = 0.235822
UdropNnp.tree_0.Leptosomus_discolor.bsrel_mixture_aux_0 = 0.75
UdropNnp.tree_0.Leptosomus_discolor.beta = 0.061821
UdropNnp.tree_0.Leptosomus_discolor.omega1 = 0.2
UdropNnp.tree_0.Leptosomus_discolor.omega2 = 0.5
Optimization finished in 6 loop passes.
271 likelihood evaluation calls and 515 matrix exponentiations calls were made

The tips of the tree:UdropNnp.tree_0 were matched with the species names from the data in the following numeric order (0-based) {4,5,3,2,1,0,6,7}

Pseudo-optimal path's cost 2372 vs 3394 for 1..k=> a 1.43086 x improvement
The tips of the tree:UdropNnp.tree_0 were matched with the species names from the data in the following numeric order (0-based) {4,5,3,2,1,0,6,7}

Pseudo-optimal path's cost 2372 vs 3394 for 1..k=> a 1.43086 x improvement
Auto-benchmarked an optimal number (2) of threads.
Set GUI update interval to every 37-th LF evaluation.
Optimization settings:
	OPTIMIZATION_METHOD = 4
	OPTIMIZATION_PRECISION = 0.001
	MAXIMUM_ITERATIONS_PER_VARIABLE = 5000

Initial parameter values

UdropNnp.tree_0.Tyto_alba.beta = 0.0513791
UdropNnp.tree_0.Tyto_alba.omega1 = 0.2
UdropNnp.tree_0.Tyto_alba.omega2 = 0.25
UdropNnp.tree_0.Tyto_alba.alpha = 0.25306
UdropNnp.tree_0.Tyto_alba.bsrel_mixture_aux_0 = 0.95
Optimization finished in 3 loop passes.
133 likelihood evaluation calls and 241 matrix exponentiations calls were made

The tips of the tree:UdropNnp.tree_0 were matched with the species names from the data in the following numeric order (0-based) {4,5,3,2,1,0,6,7}

Pseudo-optimal path's cost 2372 vs 3394 for 1..k=> a 1.43086 x improvement
The tips of the tree:UdropNnp.tree_0 were matched with the species names from the data in the following numeric order (0-based) {4,5,3,2,1,0,6,7}

Pseudo-optimal path's cost 2372 vs 3394 for 1..k=> a 1.43086 x improvement
Auto-benchmarked an optimal number (4) of threads.
Set GUI update interval to every 16-th LF evaluation.
Optimization settings:
	OPTIMIZATION_METHOD = 4
	OPTIMIZATION_PRECISION = 0.001
	MAXIMUM_ITERATIONS_PER_VARIABLE = 5000

Initial parameter values

UdropNnp.tree_0.Node6.omega2 = 0.25
UdropNnp.tree_0.Node6.beta = 0.0415685
UdropNnp.tree_0.Node6.omega1 = 0.2
UdropNnp.tree_0.Node6.alpha = 0.190073
UdropNnp.tree_0.Node6.bsrel_mixture_aux_0 = 0.75
Optimization finished in 5 loop passes.
217 likelihood evaluation calls and 419 matrix exponentiations calls were made

The tips of the tree:UdropNnp.tree_0 were matched with the species names from the data in the following numeric order (0-based) {4,5,3,2,1,0,6,7}

Pseudo-optimal path's cost 2372 vs 3394 for 1..k=> a 1.43086 x improvement
The tips of the tree:UdropNnp.tree_0 were matched with the species names from the data in the following numeric order (0-based) {4,5,3,2,1,0,6,7}

Pseudo-optimal path's cost 2372 vs 3394 for 1..k=> a 1.43086 x improvement
Auto-benchmarked an optimal number (2) of threads.
Set GUI update interval to every 210-th LF evaluation.
Optimization settings:
	OPTIMIZATION_METHOD = 4
	OPTIMIZATION_PRECISION = 0.001
	MAXIMUM_ITERATIONS_PER_VARIABLE = 5000

Initial parameter values

UdropNnp.tree_0.Node11.omega2 = 0.75
UdropNnp.tree_0.Node11.beta = 0.0766295
UdropNnp.tree_0.Node11.omega1 = 0.8
UdropNnp.tree_0.Node11.alpha = 0.0982788
UdropNnp.tree_0.Node11.bsrel_mixture_aux_0 = 0.5
Optimization finished in 3 loop passes.
120 likelihood evaluation calls and 233 matrix exponentiations calls were made

The tips of the tree:UdropNnp.tree_0 were matched with the species names from the data in the following numeric order (0-based) {4,5,3,2,1,0,6,7}

Pseudo-optimal path's cost 2372 vs 3394 for 1..k=> a 1.43086 x improvement
The tips of the tree:UdropNnp.tree_0 were matched with the species names from the data in the following numeric order (0-based) {4,5,3,2,1,0,6,7}

Pseudo-optimal path's cost 2372 vs 3394 for 1..k=> a 1.43086 x improvement
Auto-benchmarked an optimal number (4) of threads.
Set GUI update interval to every 18-th LF evaluation.
Optimization settings:
	OPTIMIZATION_METHOD = 4
	OPTIMIZATION_PRECISION = 0.001
	MAXIMUM_ITERATIONS_PER_VARIABLE = 5000

Initial parameter values

UdropNnp.tree_0.Haliaeetus_leucocephalus.alpha = 0.0519947
UdropNnp.tree_0.Haliaeetus_leucocephalus.bsrel_mixture_aux_0 = 0.75
UdropNnp.tree_0.Haliaeetus_leucocephalus.omega2 = 0.5
UdropNnp.tree_0.Haliaeetus_leucocephalus.beta = 0.0147956
UdropNnp.tree_0.Haliaeetus_leucocephalus.omega1 = 0.2
Optimization finished in 7 loop passes.
220 likelihood evaluation calls and 429 matrix exponentiations calls were made

The tips of the tree:UdropNnp.tree_0 were matched with the species names from the data in the following numeric order (0-based) {4,5,3,2,1,0,6,7}

Pseudo-optimal path's cost 2372 vs 3394 for 1..k=> a 1.43086 x improvement
The tips of the tree:UdropNnp.tree_0 were matched with the species names from the data in the following numeric order (0-based) {4,5,3,2,1,0,6,7}

Pseudo-optimal path's cost 2372 vs 3394 for 1..k=> a 1.43086 x improvement
Auto-benchmarked an optimal number (2) of threads.
Set GUI update interval to every 42-th LF evaluation.
Optimization settings:
	OPTIMIZATION_METHOD = 4
	OPTIMIZATION_PRECISION = 0.001
	MAXIMUM_ITERATIONS_PER_VARIABLE = 5000

Initial parameter values

UdropNnp.tree_0.Aquila_chrysaetos.beta = 0.0206161
UdropNnp.tree_0.Aquila_chrysaetos.omega1 = 0.6
UdropNnp.tree_0.Aquila_chrysaetos.alpha = 0.0376632
UdropNnp.tree_0.Aquila_chrysaetos.bsrel_mixture_aux_0 = 0.5
UdropNnp.tree_0.Aquila_chrysaetos.omega2 = 0.5
Optimization finished in 3 loop passes.
115 likelihood evaluation calls and 207 matrix exponentiations calls were made

The tips of the tree:UdropNnp.tree_0 were matched with the species names from the data in the following numeric order (0-based) {4,5,3,2,1,0,6,7}

Pseudo-optimal path's cost 2372 vs 3394 for 1..k=> a 1.43086 x improvement
The tips of the tree:UdropNnp.tree_0 were matched with the species names from the data in the following numeric order (0-based) {4,5,3,2,1,0,6,7}

Pseudo-optimal path's cost 2372 vs 3394 for 1..k=> a 1.43086 x improvement
Auto-benchmarked an optimal number (4) of threads.
Set GUI update interval to every 14-th LF evaluation.
Optimization settings:
	OPTIMIZATION_METHOD = 4
	OPTIMIZATION_PRECISION = 0.001
	MAXIMUM_ITERATIONS_PER_VARIABLE = 5000

Initial parameter values

UdropNnp.tree_0.Falco_peregrinus.omega2 = 0.5
UdropNnp.tree_0.Falco_peregrinus.beta = 0.00903712
UdropNnp.tree_0.Falco_peregrinus.omega1 = 0.2
UdropNnp.tree_0.Falco_peregrinus.alpha = 0.0321331
UdropNnp.tree_0.Falco_peregrinus.bsrel_mixture_aux_0 = 0.75
Optimization finished in 6 loop passes.
186 likelihood evaluation calls and 361 matrix exponentiations calls were made

The tips of the tree:UdropNnp.tree_0 were matched with the species names from the data in the following numeric order (0-based) {4,5,3,2,1,0,6,7}

Pseudo-optimal path's cost 2372 vs 3394 for 1..k=> a 1.43086 x improvement
The tips of the tree:UdropNnp.tree_0 were matched with the species names from the data in the following numeric order (0-based) {4,5,3,2,1,0,6,7}

Pseudo-optimal path's cost 2372 vs 3394 for 1..k=> a 1.43086 x improvement
Auto-benchmarked an optimal number (4) of threads.
Set GUI update interval to every 20-th LF evaluation.
Optimization settings:
	OPTIMIZATION_METHOD = 4
	OPTIMIZATION_PRECISION = 0.001
	MAXIMUM_ITERATIONS_PER_VARIABLE = 5000

Initial parameter values

UdropNnp.tree_0.Falco_tinnunculus.omega2 = 0.25
UdropNnp.tree_0.Falco_tinnunculus.beta = 0.00427231
UdropNnp.tree_0.Falco_tinnunculus.omega1 = 0.2
UdropNnp.tree_0.Falco_tinnunculus.alpha = 0.0219919
UdropNnp.tree_0.Falco_tinnunculus.bsrel_mixture_aux_0 = 0.98
Optimization finished in 3 loop passes.
90 likelihood evaluation calls and 177 matrix exponentiations calls were made

The tips of the tree:UdropNnp.tree_0 were matched with the species names from the data in the following numeric order (0-based) {4,5,3,2,1,0,6,7}

Pseudo-optimal path's cost 2372 vs 3394 for 1..k=> a 1.43086 x improvement
The tips of the tree:UdropNnp.tree_0 were matched with the species names from the data in the following numeric order (0-based) {4,5,3,2,1,0,6,7}

Pseudo-optimal path's cost 2372 vs 3394 for 1..k=> a 1.43086 x improvement
Auto-benchmarked an optimal number (2) of threads.
Set GUI update interval to every 292-th LF evaluation.
Optimization settings:
	OPTIMIZATION_METHOD = 4
	OPTIMIZATION_PRECISION = 0.001
	MAXIMUM_ITERATIONS_PER_VARIABLE = 5000

Initial parameter values

UdropNnp.tree_0.Node1.alpha = 0
UdropNnp.tree_0.Node1.bsrel_mixture_aux_0 = 0.98
UdropNnp.tree_0.Node1.omega2 = 0.25
UdropNnp.tree_0.Node1.beta = 0.00438854
UdropNnp.tree_0.Node1.omega1 = 0
Optimization finished in 29 loop passes.
676 likelihood evaluation calls and 1313 matrix exponentiations calls were made

The tips of the tree:UdropNnp.tree_0 were matched with the species names from the data in the following numeric order (0-based) {4,5,3,2,1,0,6,7}

Pseudo-optimal path's cost 2372 vs 3394 for 1..k=> a 1.43086 x improvement
The tips of the tree:UdropNnp.tree_0 were matched with the species names from the data in the following numeric order (0-based) {4,5,3,2,1,0,6,7}

Pseudo-optimal path's cost 2372 vs 3394 for 1..k=> a 1.43086 x improvement
Auto-benchmarked an optimal number (3) of threads.
Set GUI update interval to every 690-th LF evaluation.
Optimization settings:
	OPTIMIZATION_METHOD = 4
	OPTIMIZATION_PRECISION = 0.001
	MAXIMUM_ITERATIONS_PER_VARIABLE = 5000

Initial parameter values

UdropNnp.tree_0.Node9.beta = 0.00333415
UdropNnp.tree_0.Node9.omega1 = 0
UdropNnp.tree_0.Node9.omega2 = 0.25
UdropNnp.tree_0.Node9.alpha = 0
UdropNnp.tree_0.Node9.bsrel_mixture_aux_0 = 0.98
Optimization finished in 3 loop passes.
138 likelihood evaluation calls and 119 matrix exponentiations calls were made

The tips of the tree:UdropNnp.tree_0 were matched with the species names from the data in the following numeric order (0-based) {4,5,3,2,1,0,6,7}

Pseudo-optimal path's cost 2372 vs 3394 for 1..k=> a 1.43086 x improvement
The tips of the tree:UdropNnp.tree_0 were matched with the species names from the data in the following numeric order (0-based) {4,5,3,2,1,0,6,7}

Pseudo-optimal path's cost 2372 vs 3394 for 1..k=> a 1.43086 x improvement
Auto-benchmarked an optimal number (3) of threads.
Set GUI update interval to every 71-th LF evaluation.
Optimization settings:
	OPTIMIZATION_METHOD = 4
	OPTIMIZATION_PRECISION = 0.001
	MAXIMUM_ITERATIONS_PER_VARIABLE = 5000

Initial parameter values

UdropNnp.tree_0.Node2.alpha = 0
UdropNnp.tree_0.Node2.bsrel_mixture_aux_0 = 0.98
UdropNnp.tree_0.Node2.omega2 = 0.25
UdropNnp.tree_0.Node2.beta = 0
UdropNnp.tree_0.Node2.omega1 = 0
Optimization finished in 3 loop passes.
132 likelihood evaluation calls and 123 matrix exponentiations calls were made

The tips of the tree:UdropNnp.tree_0 were matched with the species names from the data in the following numeric order (0-based) {4,5,3,2,1,0,6,7}

Pseudo-optimal path's cost 2372 vs 3394 for 1..k=> a 1.43086 x improvement
Variable 'gteeruxi.UdropNnp.likelihoodFunction' was not initialized prior to being used
Auto-benchmarked an optimal number (3) of threads.
Set GUI update interval to every 16-th LF evaluation.
Optimization settings:
	OPTIMIZATION_METHOD = 4
	OPTIMIZATION_PRECISION = 0.001
	MAXIMUM_ITERATIONS_PER_VARIABLE = 5000

Initial parameter values

UdropNnp.model_MGREV.theta_CT = 0.810021
UdropNnp.model_MGREV.theta_GT = 0.185161
UdropNnp.model_MGREV.theta_CG = 0.278209
UdropNnp.model_MGREV.theta_AC = 0.273068
UdropNnp.model_MGREV.theta_AT = 0.154289
UdropNnp.tree_0.Leptosomus_discolor.beta = 0.061821
UdropNnp.tree_0.Leptosomus_discolor.alpha = 0.235822
UdropNnp.tree_0.Colius_striatus.alpha = 0.768187
UdropNnp.tree_0.Colius_striatus.beta = 0.159389
UdropNnp.tree_0.Node2.alpha = 0
UdropNnp.tree_0.Node2.beta = 0
UdropNnp.tree_0.Tyto_alba.beta = 0.0513791
UdropNnp.tree_0.Tyto_alba.alpha = 0.25306
UdropNnp.tree_0.Node1.beta = 0.00438854
UdropNnp.tree_0.Node1.alpha = 0
UdropNnp.tree_0.Haliaeetus_leucocephalus.alpha = 0.0519947
UdropNnp.tree_0.Haliaeetus_leucocephalus.beta = 0.0147956
UdropNnp.tree_0.Aquila_chrysaetos.beta = 0.0206161
UdropNnp.tree_0.Aquila_chrysaetos.alpha = 0.0376632
UdropNnp.tree_0.Node6.alpha = 0.190073
UdropNnp.tree_0.Node6.beta = 0.0415685
UdropNnp.tree_0.Parus_major.omega1 = 0.898297
UdropNnp.tree_0.Parus_major.omega2 = 1e+25
UdropNnp.tree_0.Parus_major.bsrel_mixture_aux_0 = 0.975121
UdropNnp.tree_0.Parus_major.alpha = 0.535698
UdropNnp.tree_0.Falco_peregrinus.alpha = 0.0321331
UdropNnp.tree_0.Falco_peregrinus.beta = 0.00903712
UdropNnp.tree_0.Falco_tinnunculus.alpha = 0.0219919
UdropNnp.tree_0.Falco_tinnunculus.beta = 0.00427231
UdropNnp.tree_0.Node11.alpha = 0.0982788
UdropNnp.tree_0.Node11.beta = 0.0766295
UdropNnp.tree_0.Node9.beta = 0.00333415
UdropNnp.tree_0.Node9.alpha = 0
Optimization finished in 14 loop passes.
1116 likelihood evaluation calls and 4688 matrix exponentiations calls were made

Auto-benchmarked an optimal number (1) of threads.
Set GUI update interval to every 10-th LF evaluation.
Optimization settings:
	OPTIMIZATION_METHOD = 4
	OPTIMIZATION_PRECISION = 0.001
	MAXIMUM_ITERATIONS_PER_VARIABLE = 5000

Initial parameter values

UdropNnp.model_MGREV.theta_CT = 0.804646
UdropNnp.model_MGREV.theta_GT = 0.162419
UdropNnp.model_MGREV.theta_CG = 0.277688
UdropNnp.model_MGREV.theta_AC = 0.253438
UdropNnp.model_MGREV.theta_AT = 0.132785
UdropNnp.tree_0.Leptosomus_discolor.beta = 0.0641258
UdropNnp.tree_0.Leptosomus_discolor.alpha = 0.23995
UdropNnp.tree_0.Colius_striatus.alpha = 0.787853
UdropNnp.tree_0.Colius_striatus.beta = 0.165045
UdropNnp.tree_0.Node2.alpha = 0
UdropNnp.tree_0.Node2.beta = 0
UdropNnp.tree_0.Tyto_alba.beta = 0.053148
UdropNnp.tree_0.Tyto_alba.alpha = 0.259263
UdropNnp.tree_0.Node1.beta = 0.00454377
UdropNnp.tree_0.Node1.alpha = 0
UdropNnp.tree_0.Haliaeetus_leucocephalus.alpha = 0.053367
UdropNnp.tree_0.Haliaeetus_leucocephalus.beta = 0.0152773
UdropNnp.tree_0.Aquila_chrysaetos.beta = 0.0213535
UdropNnp.tree_0.Aquila_chrysaetos.alpha = 0.0381983
UdropNnp.tree_0.Node6.alpha = 0.194557
UdropNnp.tree_0.Node6.beta = 0.0426763
UdropNnp.tree_0.Parus_major.bsrel_mixture_aux_0 = 0.973181
UdropNnp.tree_0.Parus_major.alpha = 0.54149
UdropNnp.tree_0.Parus_major.omega1 = 0.915422
UdropNnp.tree_0.Falco_peregrinus.alpha = 0.0327728
UdropNnp.tree_0.Falco_peregrinus.beta = 0.0093495
UdropNnp.tree_0.Falco_tinnunculus.alpha = 0.0225085
UdropNnp.tree_0.Falco_tinnunculus.beta = 0.00442026
UdropNnp.tree_0.Node11.alpha = 0.100638
UdropNnp.tree_0.Node11.beta = 0.0786504
UdropNnp.tree_0.Node9.beta = 0.00444744
UdropNnp.tree_0.Node9.alpha = 0
Optimization finished in 33 loop passes.
3257 likelihood evaluation calls and 13457 matrix exponentiations calls were made

Variable 'USE_JSON_FOR_MATRIX' was not initialized prior to being used