
Loaded 'libv3/all-terms.bf' from /usr/local/lib/hyphy/TemplateBatchFiles/libv3/all-terms.bf
Loaded 'libv3/UtilityFunctions.bf' from /usr/local/lib/hyphy/TemplateBatchFiles/libv3/UtilityFunctions.bf
Loaded 'IOFunctions.bf' from /usr/local/lib/hyphy/TemplateBatchFiles/libv3/IOFunctions.bf
Already loaded 'libv3/UtilityFunctions.bf' from /usr/local/lib/hyphy/TemplateBatchFiles/libv3/UtilityFunctions.bf
Loaded 'convenience/regexp.bf' from /usr/local/lib/hyphy/TemplateBatchFiles/libv3/convenience/regexp.bf
Already loaded 'libv3/all-terms.bf' from /usr/local/lib/hyphy/TemplateBatchFiles/libv3/all-terms.bf
Already loaded 'libv3/IOFunctions.bf' from /usr/local/lib/hyphy/TemplateBatchFiles/libv3/IOFunctions.bf
Loaded 'libv3/models/codon/MG_REV.bf' from /usr/local/lib/hyphy/TemplateBatchFiles/libv3/models/codon/MG_REV.bf
Loaded '../codon.bf' from /usr/local/lib/hyphy/TemplateBatchFiles/libv3/models/codon.bf
Loaded '../tasks/genetic_code.bf' from /usr/local/lib/hyphy/TemplateBatchFiles/libv3/tasks/genetic_code.bf
Loaded 'libv3/convenience/matrix.bf' from /usr/local/lib/hyphy/TemplateBatchFiles/libv3/convenience/matrix.bf
Already loaded 'libv3/UtilityFunctions.bf' from /usr/local/lib/hyphy/TemplateBatchFiles/libv3/UtilityFunctions.bf
Already loaded 'libv3/all-terms.bf' from /usr/local/lib/hyphy/TemplateBatchFiles/libv3/all-terms.bf
Already loaded '../UtilityFunctions.bf' from /usr/local/lib/hyphy/TemplateBatchFiles/libv3/UtilityFunctions.bf
Loaded '../DNA.bf' from /usr/local/lib/hyphy/TemplateBatchFiles/libv3/models/DNA.bf
Loaded 'frequencies.bf' from /usr/local/lib/hyphy/TemplateBatchFiles/libv3/models/frequencies.bf
Already loaded '../all-terms.bf' from /usr/local/lib/hyphy/TemplateBatchFiles/libv3/all-terms.bf
Loaded 'parameters.bf' from /usr/local/lib/hyphy/TemplateBatchFiles/libv3/models/parameters.bf
Loaded 'GrabBag' from /usr/local/lib/hyphy/TemplateBatchFiles/Utility/GrabBag.bf
Overwritten previously defined function:'_sortStringsAux'
Already loaded 'libv3/all-terms.bf' from /usr/local/lib/hyphy/TemplateBatchFiles/libv3/all-terms.bf
Already loaded '../UtilityFunctions.bf' from /usr/local/lib/hyphy/TemplateBatchFiles/libv3/UtilityFunctions.bf
Loaded 'model_functions.bf' from /usr/local/lib/hyphy/TemplateBatchFiles/libv3/models/model_functions.bf
Already loaded 'DNA.bf' from /usr/local/lib/hyphy/TemplateBatchFiles/libv3/models/DNA.bf
Already loaded 'parameters.bf' from /usr/local/lib/hyphy/TemplateBatchFiles/libv3/models/parameters.bf
Already loaded 'frequencies.bf' from /usr/local/lib/hyphy/TemplateBatchFiles/libv3/models/frequencies.bf
Already loaded '../UtilityFunctions.bf' from /usr/local/lib/hyphy/TemplateBatchFiles/libv3/UtilityFunctions.bf
Already loaded '../convenience/regexp.bf' from /usr/local/lib/hyphy/TemplateBatchFiles/libv3/convenience/regexp.bf
Already loaded 'libv3/all-terms.bf' from /usr/local/lib/hyphy/TemplateBatchFiles/libv3/all-terms.bf
Already loaded '../parameters.bf' from /usr/local/lib/hyphy/TemplateBatchFiles/libv3/models/parameters.bf
Already loaded '../frequencies.bf' from /usr/local/lib/hyphy/TemplateBatchFiles/libv3/models/frequencies.bf
Already loaded '../../UtilityFunctions.bf' from /usr/local/lib/hyphy/TemplateBatchFiles/libv3/UtilityFunctions.bf
Loaded 'libv3/tasks/estimators.bf' from /usr/local/lib/hyphy/TemplateBatchFiles/libv3/tasks/estimators.bf
Already loaded '../models/model_functions.bf' from /usr/local/lib/hyphy/TemplateBatchFiles/libv3/models/model_functions.bf
Loaded '../models/DNA/GTR.bf' from /usr/local/lib/hyphy/TemplateBatchFiles/libv3/models/DNA/GTR.bf
Already loaded '../DNA.bf' from /usr/local/lib/hyphy/TemplateBatchFiles/libv3/models/DNA.bf
Already loaded '../parameters.bf' from /usr/local/lib/hyphy/TemplateBatchFiles/libv3/models/parameters.bf
Already loaded '../frequencies.bf' from /usr/local/lib/hyphy/TemplateBatchFiles/libv3/models/frequencies.bf
Already loaded '../../UtilityFunctions.bf' from /usr/local/lib/hyphy/TemplateBatchFiles/libv3/UtilityFunctions.bf
Already loaded 'libv3/all-terms.bf' from /usr/local/lib/hyphy/TemplateBatchFiles/libv3/all-terms.bf
Already loaded '../convenience/regexp.bf' from /usr/local/lib/hyphy/TemplateBatchFiles/libv3/convenience/regexp.bf
Already loaded 'libv3/all-terms.bf' from /usr/local/lib/hyphy/TemplateBatchFiles/libv3/all-terms.bf
Loaded 'libv3/tasks/alignments.bf' from /usr/local/lib/hyphy/TemplateBatchFiles/libv3/tasks/alignments.bf
Already loaded '../IOFunctions.bf' from /usr/local/lib/hyphy/TemplateBatchFiles/libv3/IOFunctions.bf
Already loaded '../all-terms.bf' from /usr/local/lib/hyphy/TemplateBatchFiles/libv3/all-terms.bf
Loaded 'libv3/tasks/mpi.bf' from /usr/local/lib/hyphy/TemplateBatchFiles/libv3/tasks/mpi.bf
Already loaded '../all-terms.bf' from /usr/local/lib/hyphy/TemplateBatchFiles/libv3/all-terms.bf
Already loaded '../models/parameters.bf' from /usr/local/lib/hyphy/TemplateBatchFiles/libv3/models/parameters.bf
Loaded 'libv3/tasks/trees.bf' from /usr/local/lib/hyphy/TemplateBatchFiles/libv3/tasks/trees.bf
Already loaded '../IOFunctions.bf' from /usr/local/lib/hyphy/TemplateBatchFiles/libv3/IOFunctions.bf
Already loaded '../all-terms.bf' from /usr/local/lib/hyphy/TemplateBatchFiles/libv3/all-terms.bf
Already loaded '../convenience/regexp.bf' from /usr/local/lib/hyphy/TemplateBatchFiles/libv3/convenience/regexp.bf
Already loaded '../UtilityFunctions.bf' from /usr/local/lib/hyphy/TemplateBatchFiles/libv3/UtilityFunctions.bf
Loaded 'TreeTools' from /usr/local/lib/hyphy/TemplateBatchFiles/TreeTools.ibf
Loaded 'modules/io_functions.ibf' from /usr/local/lib/hyphy/TemplateBatchFiles/SelectionAnalyses/modules/io_functions.ibf
Already loaded 'libv3/UtilityFunctions.bf' from /usr/local/lib/hyphy/TemplateBatchFiles/libv3/UtilityFunctions.bf
Already loaded 'libv3/IOFunctions.bf' from /usr/local/lib/hyphy/TemplateBatchFiles/libv3/IOFunctions.bf
Already loaded 'libv3/convenience/regexp.bf' from /usr/local/lib/hyphy/TemplateBatchFiles/libv3/convenience/regexp.bf
Already loaded 'libv3/all-terms.bf' from /usr/local/lib/hyphy/TemplateBatchFiles/libv3/all-terms.bf
Loaded 'modules/selection_lib.ibf' from /usr/local/lib/hyphy/TemplateBatchFiles/SelectionAnalyses/modules/selection_lib.ibf
Loaded 'libv3/models/codon/BS_REL.bf' from /usr/local/lib/hyphy/TemplateBatchFiles/libv3/models/codon/BS_REL.bf
Already loaded '../codon.bf' from /usr/local/lib/hyphy/TemplateBatchFiles/libv3/models/codon.bf
Already loaded '../DNA.bf' from /usr/local/lib/hyphy/TemplateBatchFiles/libv3/models/DNA.bf
Already loaded '../parameters.bf' from /usr/local/lib/hyphy/TemplateBatchFiles/libv3/models/parameters.bf
Already loaded '../frequencies.bf' from /usr/local/lib/hyphy/TemplateBatchFiles/libv3/models/frequencies.bf
Already loaded '../../UtilityFunctions.bf' from /usr/local/lib/hyphy/TemplateBatchFiles/libv3/UtilityFunctions.bf
Already loaded 'MG_REV.bf' from /usr/local/lib/hyphy/TemplateBatchFiles/libv3/models/codon/MG_REV.bf
Loaded '../../convenience/math.bf' from /usr/local/lib/hyphy/TemplateBatchFiles/libv3/convenience/math.bf
Already loaded 'libv3/UtilityFunctions.bf' from /usr/local/lib/hyphy/TemplateBatchFiles/libv3/UtilityFunctions.bf
Already loaded 'libv3/convenience/math.bf' from /usr/local/lib/hyphy/TemplateBatchFiles/libv3/convenience/math.bf
Variable 'NORMALIZE_SEQUENCE_NAMES' was not initialized prior to being used
Variable 'ASSUME_REVERSIBLE_MODELS' was not initialized prior to being used
Loaded 'modules/shared-load-file.bf' from /usr/local/lib/hyphy/TemplateBatchFiles/SelectionAnalyses/modules/shared-load-file.bf
Variable 'MARKDOWN_OUTPUT' was not initialized prior to being used
Already loaded 'libv3/convenience/matrix.bf' from /usr/local/lib/hyphy/TemplateBatchFiles/libv3/convenience/matrix.bf
Already loaded 'libv3/UtilityFunctions.bf' from /usr/local/lib/hyphy/TemplateBatchFiles/libv3/UtilityFunctions.bf
Variable 'sznjKiuo.skipCodeSelectionStep' was not initialized prior to being used
Row and/or column partition is empty. All the data will be used by default.
Variable 'NEXUS_FILE_TREE_MATRIX' was not initialized prior to being used
Variable 'utility.ToggleEnvVariable.cache' was not initialized prior to being used
Variable 'TREE_NODE_NAME_MAPPING' was not initialized prior to being used
Variable 'SKTXcfMK.PROMPT_FOR_FILE' was not initialized prior to being used
Variable 'END_OF_FILE' was not initialized prior to being used
Variable '_DO_TREE_REBALANCE_' was not initialized prior to being used
Variable '_KEEP_I_LABELS_' was not initialized prior to being used
Variable 'INCLUDE_MODEL_SPECS' was not initialized prior to being used
Variable 'utility.ForEachPair.warn_non_rentrant' was not initialized prior to being used
Row and/or column partition is empty. All the data will be used by default.
Row and/or column partition is empty. All the data will be used by default.
Variable 'YoKeGlFf.cache' was not initialized prior to being used
Row and/or column partition is empty. All the data will be used by default.
Variable 'COUNT_GAPS_IN_FREQUENCIES' was not initialized prior to being used
Variable 'JFIoJIFx.model_pi' was not initialized prior to being used
Model JFIoJIFx.model assigned to Crocodylus_porosus
Model JFIoJIFx.model assigned to Pelodiscus_sinensis
Model JFIoJIFx.model assigned to Trachemys_scripta
Model JFIoJIFx.model assigned to Chrysemys_picta
Model JFIoJIFx.model assigned to Node6
Model JFIoJIFx.model assigned to Terrapene_carolina
Model JFIoJIFx.model assigned to Node5
Model JFIoJIFx.model assigned to Mauremys_reevesii
Model JFIoJIFx.model assigned to Gopherus_evgoodei
Model JFIoJIFx.model assigned to Chelonoidis_abingdonii
Model JFIoJIFx.model assigned to Node12
Model JFIoJIFx.model assigned to Node10
Model JFIoJIFx.model assigned to Node4
Model JFIoJIFx.model assigned to Chelonia_mydas
Model JFIoJIFx.model assigned to Node3
The tips of the tree:JFIoJIFx.tree_0 were matched with the species names from the data in the following numeric order (0-based) {0,8,5,4,6,3,2,1,7}

Pseudo-optimal path's cost 870 vs 1824 for 1..k=> a 2.09655 x improvement
Partition 0 is ASSUMED to have a reversible model
Variable 'USE_LAST_RESULTS' was not initialized prior to being used
Variable 'JFIoJIFx.tree_0.Crocodylus_porosus.t' was not initialized prior to being used
models.generic.SetBranchLength: JFIoJIFx.tree_0.Crocodylus_porosus.t=953.5321705024876
Variable 'JFIoJIFx.tree_0.Pelodiscus_sinensis.t' was not initialized prior to being used
models.generic.SetBranchLength: JFIoJIFx.tree_0.Pelodiscus_sinensis.t=479.8646397824102
Variable 'JFIoJIFx.tree_0.Trachemys_scripta.t' was not initialized prior to being used
models.generic.SetBranchLength: JFIoJIFx.tree_0.Trachemys_scripta.t=71.68130242392655
Variable 'JFIoJIFx.tree_0.Chrysemys_picta.t' was not initialized prior to being used
models.generic.SetBranchLength: JFIoJIFx.tree_0.Chrysemys_picta.t=71.68130242392655
Variable 'JFIoJIFx.tree_0.Node6.t' was not initialized prior to being used
models.generic.SetBranchLength: JFIoJIFx.tree_0.Node6.t=31.14683467230421
Variable 'JFIoJIFx.tree_0.Terrapene_carolina.t' was not initialized prior to being used
models.generic.SetBranchLength: JFIoJIFx.tree_0.Terrapene_carolina.t=102.8281370962308
Variable 'JFIoJIFx.tree_0.Node5.t' was not initialized prior to being used
models.generic.SetBranchLength: JFIoJIFx.tree_0.Node5.t=105.2553747067599
Variable 'JFIoJIFx.tree_0.Mauremys_reevesii.t' was not initialized prior to being used
models.generic.SetBranchLength: JFIoJIFx.tree_0.Mauremys_reevesii.t=163.3324597511819
Variable 'JFIoJIFx.tree_0.Gopherus_evgoodei.t' was not initialized prior to being used
models.generic.SetBranchLength: JFIoJIFx.tree_0.Gopherus_evgoodei.t=138.6276570533555
Variable 'JFIoJIFx.tree_0.Chelonoidis_abingdonii.t' was not initialized prior to being used
models.generic.SetBranchLength: JFIoJIFx.tree_0.Chelonoidis_abingdonii.t=138.6276570533555
Variable 'JFIoJIFx.tree_0.Node12.t' was not initialized prior to being used
models.generic.SetBranchLength: JFIoJIFx.tree_0.Node12.t=24.70480269782642
Variable 'JFIoJIFx.tree_0.Node10.t' was not initialized prior to being used
models.generic.SetBranchLength: JFIoJIFx.tree_0.Node10.t=44.75105205180866
Variable 'JFIoJIFx.tree_0.Node4.t' was not initialized prior to being used
models.generic.SetBranchLength: JFIoJIFx.tree_0.Node4.t=96.28777400185243
Variable 'JFIoJIFx.tree_0.Chelonia_mydas.t' was not initialized prior to being used
models.generic.SetBranchLength: JFIoJIFx.tree_0.Chelonia_mydas.t=304.371285804843
Variable 'JFIoJIFx.tree_0.Node3.t' was not initialized prior to being used
models.generic.SetBranchLength: JFIoJIFx.tree_0.Node3.t=175.4933539775672
Variable 'JFIoJIFx.JFIoJIFx.likelihoodFunction' was not initialized prior to being used
Variable 'SAVE_OPT_STATUS_TO' was not initialized prior to being used
Auto-benchmarked an optimal number (1) of threads.
Set GUI update interval to every 5263-th LF evaluation.
Optimization settings:
	OPTIMIZATION_METHOD = 4
	OPTIMIZATION_PRECISION = 0.001
	MAXIMUM_ITERATIONS_PER_VARIABLE = 5000

Initial parameter values

JFIoJIFx.model.theta_GT = 0.25
JFIoJIFx.model.theta_CT = 1
JFIoJIFx.model.theta_CG = 0.25
JFIoJIFx.model.theta_AT = 0.25
JFIoJIFx.model.theta_AC = 0.25
JFIoJIFx.tree_0.Crocodylus_porosus.t = 953.532
JFIoJIFx.tree_0.Pelodiscus_sinensis.t = 479.865
JFIoJIFx.tree_0.Trachemys_scripta.t = 71.6813
JFIoJIFx.tree_0.Chrysemys_picta.t = 71.6813
JFIoJIFx.tree_0.Node6.t = 31.1468
JFIoJIFx.tree_0.Terrapene_carolina.t = 102.828
JFIoJIFx.tree_0.Node5.t = 105.255
JFIoJIFx.tree_0.Mauremys_reevesii.t = 163.332
JFIoJIFx.tree_0.Gopherus_evgoodei.t = 138.628
JFIoJIFx.tree_0.Chelonoidis_abingdonii.t = 138.628
JFIoJIFx.tree_0.Node12.t = 24.7048
JFIoJIFx.tree_0.Node10.t = 44.7511
JFIoJIFx.tree_0.Node4.t = 96.2878
JFIoJIFx.tree_0.Chelonia_mydas.t = 304.371
JFIoJIFx.tree_0.Node3.t = 175.493
Site 97 evaluated to a 0 probability in ComputeLLWithBranchCache
Optimization finished in 38 loop passes.
2987 likelihood evaluation calls and 18570 matrix exponentiations calls were made

Variable 'BRANCH_LENGTH_STENCIL' was not initialized prior to being used
Variable 'JFIoJIFx.option' was not initialized prior to being used
Variable 'absrel.terms.json.nucleotide_gtr' was not initialized prior to being used
Variable 'Unknown' was not initialized prior to being used
Variable 'P_vrfzTS.initial_value' was not initialized prior to being used
Variable 'lhIKbpS_.data_filter' was not initialized prior to being used
Row and/or column partition is empty. All the data will be used by default.
Auto-benchmarked an optimal number (3) of threads.
Set GUI update interval to every 2857-th LF evaluation.
Optimization settings:
	OPTIMIZATION_METHOD = 4
	OPTIMIZATION_PRECISION = 0.001
	MAXIMUM_ITERATIONS_PER_VARIABLE = 5000

Initial parameter values

frequencies._aux.CF3x4.p0_0 = 0.335662
frequencies._aux.CF3x4.p0_1 = 0.261148
frequencies._aux.CF3x4.p0_2 = 0.452241
frequencies._aux.CF3x4.p1_0 = 0.272399
frequencies._aux.CF3x4.p1_1 = 0.290522
frequencies._aux.CF3x4.p1_2 = 0.249611
frequencies._aux.CF3x4.p2_0 = 0.257306
frequencies._aux.CF3x4.p2_1 = 0.342125
frequencies._aux.CF3x4.p2_2 = 0.408971
Optimization finished in 7 loop passes.
219 likelihood evaluation calls and 0 matrix exponentiations calls were made

Variable 'lhIKbpS_.model_MGREV_pi' was not initialized prior to being used
Model lhIKbpS_.model_MGREV assigned to Crocodylus_porosus
Model lhIKbpS_.model_MGREV assigned to Pelodiscus_sinensis
Model lhIKbpS_.model_MGREV assigned to Trachemys_scripta
Model lhIKbpS_.model_MGREV assigned to Chrysemys_picta
Model lhIKbpS_.model_MGREV assigned to Node6
Model lhIKbpS_.model_MGREV assigned to Terrapene_carolina
Model lhIKbpS_.model_MGREV assigned to Node5
Model lhIKbpS_.model_MGREV assigned to Mauremys_reevesii
Model lhIKbpS_.model_MGREV assigned to Gopherus_evgoodei
Model lhIKbpS_.model_MGREV assigned to Chelonoidis_abingdonii
Model lhIKbpS_.model_MGREV assigned to Node12
Model lhIKbpS_.model_MGREV assigned to Node10
Model lhIKbpS_.model_MGREV assigned to Node4
Model lhIKbpS_.model_MGREV assigned to Chelonia_mydas
Model lhIKbpS_.model_MGREV assigned to Node3
The tips of the tree:lhIKbpS_.tree_0 were matched with the species names from the data in the following numeric order (0-based) {0,8,5,4,6,3,2,1,7}

Pseudo-optimal path's cost 2193 vs 4073 for 1..k=> a 1.85727 x improvement
Partition 0 is ASSUMED to have a reversible model
Variable 'lhIKbpS_.lhIKbpS_.likelihoodFunction' was not initialized prior to being used
Variable 'lhIKbpS_.tree_0.Crocodylus_porosus.alpha' was not initialized prior to being used
Variable 'lhIKbpS_.tree_0.Crocodylus_porosus.beta' was not initialized prior to being used
Variable 'lhIKbpS_.tree_0.Pelodiscus_sinensis.alpha' was not initialized prior to being used
Variable 'lhIKbpS_.tree_0.Pelodiscus_sinensis.beta' was not initialized prior to being used
Variable 'lhIKbpS_.tree_0.Trachemys_scripta.alpha' was not initialized prior to being used
Variable 'lhIKbpS_.tree_0.Trachemys_scripta.beta' was not initialized prior to being used
Variable 'lhIKbpS_.tree_0.Chrysemys_picta.alpha' was not initialized prior to being used
Variable 'lhIKbpS_.tree_0.Chrysemys_picta.beta' was not initialized prior to being used
Variable 'lhIKbpS_.tree_0.Terrapene_carolina.alpha' was not initialized prior to being used
Variable 'lhIKbpS_.tree_0.Terrapene_carolina.beta' was not initialized prior to being used
Variable 'lhIKbpS_.tree_0.Mauremys_reevesii.alpha' was not initialized prior to being used
Variable 'lhIKbpS_.tree_0.Mauremys_reevesii.beta' was not initialized prior to being used
Variable 'lhIKbpS_.tree_0.Gopherus_evgoodei.alpha' was not initialized prior to being used
Variable 'lhIKbpS_.tree_0.Gopherus_evgoodei.beta' was not initialized prior to being used
Variable 'lhIKbpS_.tree_0.Chelonoidis_abingdonii.alpha' was not initialized prior to being used
Variable 'lhIKbpS_.tree_0.Chelonoidis_abingdonii.beta' was not initialized prior to being used
Variable 'lhIKbpS_.tree_0.Chelonia_mydas.alpha' was not initialized prior to being used
Variable 'lhIKbpS_.tree_0.Chelonia_mydas.beta' was not initialized prior to being used
Variable 'lhIKbpS_.tree_0.Node6.alpha' was not initialized prior to being used
Variable 'lhIKbpS_.tree_0.Node6.beta' was not initialized prior to being used
Variable 'lhIKbpS_.tree_0.Node5.alpha' was not initialized prior to being used
Variable 'lhIKbpS_.tree_0.Node5.beta' was not initialized prior to being used
Variable 'lhIKbpS_.tree_0.Node12.alpha' was not initialized prior to being used
Variable 'lhIKbpS_.tree_0.Node12.beta' was not initialized prior to being used
Variable 'lhIKbpS_.tree_0.Node10.alpha' was not initialized prior to being used
Variable 'lhIKbpS_.tree_0.Node10.beta' was not initialized prior to being used
Variable 'lhIKbpS_.tree_0.Node4.alpha' was not initialized prior to being used
Variable 'lhIKbpS_.tree_0.Node4.beta' was not initialized prior to being used
Variable 'lhIKbpS_.tree_0.Node3.alpha' was not initialized prior to being used
Variable 'lhIKbpS_.tree_0.Node3.beta' was not initialized prior to being used
Site 14 evaluated to a 0 probability in ComputeTreeBlockByBranch
Site 14 evaluated to a 0 probability in ComputeTreeBlockByBranch
Site 251 evaluated to a 0 probability in ComputeTreeBlockByBranch
Site 166 evaluated to a 0 probability in ComputeTreeBlockByBranch
Site 14 evaluated to a 0 probability in ComputeTreeBlockByBranch
Site 75 evaluated to a 0 probability in ComputeTreeBlockByBranch
Auto-benchmarked an optimal number (2) of threads.
Set GUI update interval to every 119-th LF evaluation.
Initial guess for lhIKbpS_.tree_0.Pelodiscus_sinensis.beta is 0.181673
Initial guess for lhIKbpS_.tree_0.Pelodiscus_sinensis.alpha is 0.178126
Initial guess for lhIKbpS_.tree_0.Node3.beta is 0.0145623
Initial guess for lhIKbpS_.tree_0.Node3.alpha is 0.0220538
Initial guess for lhIKbpS_.tree_0.Node4.beta is 0.00140254
Initial guess for lhIKbpS_.tree_0.Node4.alpha is 0.00304609
Initial guess for lhIKbpS_.tree_0.Node5.beta is 0.00734245
Initial guess for lhIKbpS_.tree_0.Node5.alpha is 0.00197207
Initial guess for lhIKbpS_.tree_0.Node6.beta is 0.00313126
Initial guess for lhIKbpS_.tree_0.Node6.alpha is 0.00203809
Initial guess for lhIKbpS_.tree_0.Trachemys_scripta.beta is 0.0474547
Initial guess for lhIKbpS_.tree_0.Trachemys_scripta.alpha is 0.0175152
Initial guess for lhIKbpS_.tree_0.Chrysemys_picta.beta is 0.00398058
Initial guess for lhIKbpS_.tree_0.Chrysemys_picta.alpha is 0.000908139
Initial guess for lhIKbpS_.tree_0.Terrapene_carolina.beta is 0.00184054
Initial guess for lhIKbpS_.tree_0.Terrapene_carolina.alpha is 5.61844e-05
Initial guess for lhIKbpS_.tree_0.Node10.beta is 0.00658298
Initial guess for lhIKbpS_.tree_0.Node10.alpha is 0.00224327
Initial guess for lhIKbpS_.tree_0.Mauremys_reevesii.beta is 0.000778648
Initial guess for lhIKbpS_.tree_0.Mauremys_reevesii.alpha is 0.000863313
Initial guess for lhIKbpS_.tree_0.Node12.beta is -0.00209458
Initial guess for lhIKbpS_.tree_0.Node12.alpha is -0.000975199
Initial guess for lhIKbpS_.tree_0.Gopherus_evgoodei.beta is 0.00501059
Initial guess for lhIKbpS_.tree_0.Gopherus_evgoodei.alpha is 0.0087884
Initial guess for lhIKbpS_.tree_0.Chelonoidis_abingdonii.beta is 0.0104916
Initial guess for lhIKbpS_.tree_0.Chelonoidis_abingdonii.alpha is 0.00527461
Initial guess for lhIKbpS_.tree_0.Chelonia_mydas.beta is 0.0053098
Initial guess for lhIKbpS_.tree_0.Chelonia_mydas.alpha is 0.00249273
Optimization settings:
	OPTIMIZATION_METHOD = 4
	OPTIMIZATION_PRECISION = 0.001
	MAXIMUM_ITERATIONS_PER_VARIABLE = 5000

Initial parameter values

lhIKbpS_.model_MGREV.theta_GT = 1
lhIKbpS_.model_MGREV.theta_CT = 1
lhIKbpS_.model_MGREV.theta_AC = 1
lhIKbpS_.model_MGREV.theta_CG = 1
lhIKbpS_.model_MGREV.theta_AT = 1
lhIKbpS_.tree_0.Crocodylus_porosus.alpha = 0.1
lhIKbpS_.tree_0.Crocodylus_porosus.beta = 0.1
lhIKbpS_.tree_0.Pelodiscus_sinensis.alpha = 0.178126
lhIKbpS_.tree_0.Pelodiscus_sinensis.beta = 0.181673
lhIKbpS_.tree_0.Trachemys_scripta.alpha = 0.0175152
lhIKbpS_.tree_0.Trachemys_scripta.beta = 0.0474547
lhIKbpS_.tree_0.Chrysemys_picta.alpha = 0.000908139
lhIKbpS_.tree_0.Chrysemys_picta.beta = 0.00398058
lhIKbpS_.tree_0.Node6.alpha = 0.00203809
lhIKbpS_.tree_0.Node6.beta = 0.00313126
lhIKbpS_.tree_0.Terrapene_carolina.alpha = 5.61844e-05
lhIKbpS_.tree_0.Terrapene_carolina.beta = 0.00184054
lhIKbpS_.tree_0.Node5.alpha = 0.00197207
lhIKbpS_.tree_0.Node5.beta = 0.00734245
lhIKbpS_.tree_0.Mauremys_reevesii.alpha = 0.000863313
lhIKbpS_.tree_0.Mauremys_reevesii.beta = 0.000778648
lhIKbpS_.tree_0.Gopherus_evgoodei.alpha = 0.0087884
lhIKbpS_.tree_0.Gopherus_evgoodei.beta = 0.00501059
lhIKbpS_.tree_0.Chelonoidis_abingdonii.alpha = 0.00527461
lhIKbpS_.tree_0.Chelonoidis_abingdonii.beta = 0.0104916
lhIKbpS_.tree_0.Node12.alpha = 0
lhIKbpS_.tree_0.Node12.beta = 0
lhIKbpS_.tree_0.Node10.alpha = 0.00224327
lhIKbpS_.tree_0.Node10.beta = 0.00658298
lhIKbpS_.tree_0.Node4.alpha = 0.00304609
lhIKbpS_.tree_0.Node4.beta = 0.00140254
lhIKbpS_.tree_0.Chelonia_mydas.alpha = 0.00249273
lhIKbpS_.tree_0.Chelonia_mydas.beta = 0.0053098
lhIKbpS_.tree_0.Node3.alpha = 0.0220538
lhIKbpS_.tree_0.Node3.beta = 0.0145623
Site 193 evaluated to a 0 probability in ComputeLLWithBranchCache
Optimization finished in 30 loop passes.
3694 likelihood evaluation calls and 15085 matrix exponentiations calls were made

Variable 'bsrel_mixture_aux_0' was not initialized prior to being used
Overwritten previously defined function:'WhppMzZB.rate_generator'
Auto-benchmarked an optimal number (2) of threads.
Set GUI update interval to every 2958-th LF evaluation.
Optimization settings:
	OPTIMIZATION_METHOD = 4
	OPTIMIZATION_PRECISION = 0.001
	MAXIMUM_ITERATIONS_PER_VARIABLE = 5000

Initial parameter values

frequencies._aux.CF3x4.p0_0 = 0.335662
frequencies._aux.CF3x4.p0_1 = 0.261148
frequencies._aux.CF3x4.p0_2 = 0.452241
frequencies._aux.CF3x4.p1_0 = 0.272399
frequencies._aux.CF3x4.p1_1 = 0.290522
frequencies._aux.CF3x4.p1_2 = 0.249611
frequencies._aux.CF3x4.p2_0 = 0.257306
frequencies._aux.CF3x4.p2_1 = 0.342125
frequencies._aux.CF3x4.p2_2 = 0.408971
Optimization finished in 7 loop passes.
218 likelihood evaluation calls and 0 matrix exponentiations calls were made

Variable 'absrel.model.2_pi' was not initialized prior to being used
Variable 'omega1' was not initialized prior to being used
Variable 'omega2' was not initialized prior to being used
Overwritten previously defined function:'WhppMzZB.rate_generator'
Overwritten previously defined function:'WhppMzZB.rate_generator'
Variable 'bsrel_mixture_aux_1' was not initialized prior to being used
Overwritten previously defined function:'WhppMzZB.rate_generator'
Auto-benchmarked an optimal number (2) of threads.
Set GUI update interval to every 3048-th LF evaluation.
Optimization settings:
	OPTIMIZATION_METHOD = 4
	OPTIMIZATION_PRECISION = 0.001
	MAXIMUM_ITERATIONS_PER_VARIABLE = 5000

Initial parameter values

frequencies._aux.CF3x4.p0_0 = 0.335662
frequencies._aux.CF3x4.p0_1 = 0.261148
frequencies._aux.CF3x4.p0_2 = 0.452241
frequencies._aux.CF3x4.p1_0 = 0.272399
frequencies._aux.CF3x4.p1_1 = 0.290522
frequencies._aux.CF3x4.p1_2 = 0.249611
frequencies._aux.CF3x4.p2_0 = 0.257306
frequencies._aux.CF3x4.p2_1 = 0.342125
frequencies._aux.CF3x4.p2_2 = 0.408971
Optimization finished in 7 loop passes.
218 likelihood evaluation calls and 0 matrix exponentiations calls were made

Variable 'absrel.model.3_pi' was not initialized prior to being used
Variable 'omega3' was not initialized prior to being used
Overwritten previously defined function:'WhppMzZB.rate_generator'
Overwritten previously defined function:'WhppMzZB.rate_generator'
Overwritten previously defined function:'WhppMzZB.rate_generator'
Variable 'bsrel_mixture_aux_2' was not initialized prior to being used
Overwritten previously defined function:'WhppMzZB.rate_generator'
Auto-benchmarked an optimal number (1) of threads.
Set GUI update interval to every 2857-th LF evaluation.
Optimization settings:
	OPTIMIZATION_METHOD = 4
	OPTIMIZATION_PRECISION = 0.001
	MAXIMUM_ITERATIONS_PER_VARIABLE = 5000

Initial parameter values

frequencies._aux.CF3x4.p0_0 = 0.335662
frequencies._aux.CF3x4.p0_1 = 0.261148
frequencies._aux.CF3x4.p0_2 = 0.452241
frequencies._aux.CF3x4.p1_0 = 0.272399
frequencies._aux.CF3x4.p1_1 = 0.290522
frequencies._aux.CF3x4.p1_2 = 0.249611
frequencies._aux.CF3x4.p2_0 = 0.257306
frequencies._aux.CF3x4.p2_1 = 0.342125
frequencies._aux.CF3x4.p2_2 = 0.408971
Optimization finished in 7 loop passes.
217 likelihood evaluation calls and 0 matrix exponentiations calls were made

Variable 'absrel.model.4_pi' was not initialized prior to being used
Variable 'omega4' was not initialized prior to being used
Overwritten previously defined function:'WhppMzZB.rate_generator'
Overwritten previously defined function:'WhppMzZB.rate_generator'
Overwritten previously defined function:'WhppMzZB.rate_generator'
Overwritten previously defined function:'WhppMzZB.rate_generator'
Variable 'bsrel_mixture_aux_3' was not initialized prior to being used
Overwritten previously defined function:'WhppMzZB.rate_generator'
Auto-benchmarked an optimal number (2) of threads.
Set GUI update interval to every 2923-th LF evaluation.
Optimization settings:
	OPTIMIZATION_METHOD = 4
	OPTIMIZATION_PRECISION = 0.001
	MAXIMUM_ITERATIONS_PER_VARIABLE = 5000

Initial parameter values

frequencies._aux.CF3x4.p0_0 = 0.335662
frequencies._aux.CF3x4.p0_1 = 0.261148
frequencies._aux.CF3x4.p0_2 = 0.452241
frequencies._aux.CF3x4.p1_0 = 0.272399
frequencies._aux.CF3x4.p1_1 = 0.290522
frequencies._aux.CF3x4.p1_2 = 0.249611
frequencies._aux.CF3x4.p2_0 = 0.257306
frequencies._aux.CF3x4.p2_1 = 0.342125
frequencies._aux.CF3x4.p2_2 = 0.408971
Optimization finished in 7 loop passes.
218 likelihood evaluation calls and 0 matrix exponentiations calls were made

Variable 'absrel.model.5_pi' was not initialized prior to being used
Variable 'omega5' was not initialized prior to being used
The tips of the tree:lhIKbpS_.tree_0 were matched with the species names from the data in the following numeric order (0-based) {0,8,5,4,6,3,2,1,7}

Pseudo-optimal path's cost 2193 vs 4073 for 1..k=> a 1.85727 x improvement
Variable 'WoeaCKUV.best_val' was not initialized prior to being used
Variable 'lhIKbpS_.likelihoodFunction' was not initialized prior to being used
Auto-benchmarked an optimal number (1) of threads.
Set GUI update interval to every 13-th LF evaluation.
Optimization settings:
	OPTIMIZATION_METHOD = 4
	OPTIMIZATION_PRECISION = 0.001
	MAXIMUM_ITERATIONS_PER_VARIABLE = 5000

Initial parameter values

lhIKbpS_.tree_0.Crocodylus_porosus.alpha = 1.2077
lhIKbpS_.tree_0.Crocodylus_porosus.bsrel_mixture_aux_0 = 0.9
lhIKbpS_.tree_0.Crocodylus_porosus.omega1 = 0.4
lhIKbpS_.tree_0.Crocodylus_porosus.omega2 = 28
lhIKbpS_.tree_0.Crocodylus_porosus.beta = 0.720941
Optimization finished in 8 loop passes.
266 likelihood evaluation calls and 506 matrix exponentiations calls were made

The tips of the tree:lhIKbpS_.tree_0 were matched with the species names from the data in the following numeric order (0-based) {0,8,5,4,6,3,2,1,7}

Pseudo-optimal path's cost 2193 vs 4073 for 1..k=> a 1.85727 x improvement
Auto-benchmarked an optimal number (3) of threads.
Set GUI update interval to every 42-th LF evaluation.
Optimization settings:
	OPTIMIZATION_METHOD = 4
	OPTIMIZATION_PRECISION = 0.001
	MAXIMUM_ITERATIONS_PER_VARIABLE = 5000

Initial parameter values

lhIKbpS_.tree_0.Crocodylus_porosus.bsrel_mixture_aux_1 = 0.5
lhIKbpS_.tree_0.Crocodylus_porosus.omega1 = 0.308111
lhIKbpS_.tree_0.Crocodylus_porosus.bsrel_mixture_aux_0 = 0.823911
lhIKbpS_.tree_0.Crocodylus_porosus.alpha = 1.23296
lhIKbpS_.tree_0.Crocodylus_porosus.omega2 = 0.8
lhIKbpS_.tree_0.Crocodylus_porosus.omega3 = 65
Optimization finished in 14 loop passes.
337 likelihood evaluation calls and 992 matrix exponentiations calls were made

The tips of the tree:lhIKbpS_.tree_0 were matched with the species names from the data in the following numeric order (0-based) {0,8,5,4,6,3,2,1,7}

Pseudo-optimal path's cost 2193 vs 4073 for 1..k=> a 1.85727 x improvement
Variable 'lhIKbpS_.tree_0.Crocodylus_porosus.alpha' was not initialized prior to being used
Variable 'lhIKbpS_.tree_0.Crocodylus_porosus.omega1' was not initialized prior to being used
Variable 'lhIKbpS_.tree_0.Crocodylus_porosus.omega2' was not initialized prior to being used
The tips of the tree:lhIKbpS_.tree_0 were matched with the species names from the data in the following numeric order (0-based) {0,8,5,4,6,3,2,1,7}

Pseudo-optimal path's cost 2193 vs 4073 for 1..k=> a 1.85727 x improvement
Auto-benchmarked an optimal number (3) of threads.
Set GUI update interval to every 103-th LF evaluation.
Optimization settings:
	OPTIMIZATION_METHOD = 4
	OPTIMIZATION_PRECISION = 0.001
	MAXIMUM_ITERATIONS_PER_VARIABLE = 5000

Initial parameter values

lhIKbpS_.tree_0.Pelodiscus_sinensis.alpha = 0.299834
lhIKbpS_.tree_0.Pelodiscus_sinensis.bsrel_mixture_aux_0 = 0.75
lhIKbpS_.tree_0.Pelodiscus_sinensis.omega1 = 0.2
lhIKbpS_.tree_0.Pelodiscus_sinensis.omega2 = 0.75
lhIKbpS_.tree_0.Pelodiscus_sinensis.beta = 0.101745
Optimization finished in 6 loop passes.
219 likelihood evaluation calls and 417 matrix exponentiations calls were made

The tips of the tree:lhIKbpS_.tree_0 were matched with the species names from the data in the following numeric order (0-based) {0,8,5,4,6,3,2,1,7}

Pseudo-optimal path's cost 2193 vs 4073 for 1..k=> a 1.85727 x improvement
The tips of the tree:lhIKbpS_.tree_0 were matched with the species names from the data in the following numeric order (0-based) {0,8,5,4,6,3,2,1,7}

Pseudo-optimal path's cost 2193 vs 4073 for 1..k=> a 1.85727 x improvement
Auto-benchmarked an optimal number (4) of threads.
Set GUI update interval to every 1694-th LF evaluation.
Optimization settings:
	OPTIMIZATION_METHOD = 4
	OPTIMIZATION_PRECISION = 0.001
	MAXIMUM_ITERATIONS_PER_VARIABLE = 5000

Initial parameter values

lhIKbpS_.tree_0.Node3.beta = 0.0628643
lhIKbpS_.tree_0.Node3.omega1 = 0.2
lhIKbpS_.tree_0.Node3.alpha = 0.184241
lhIKbpS_.tree_0.Node3.bsrel_mixture_aux_0 = 0.9
lhIKbpS_.tree_0.Node3.omega2 = 2
Optimization finished in 7 loop passes.
292 likelihood evaluation calls and 537 matrix exponentiations calls were made

The tips of the tree:lhIKbpS_.tree_0 were matched with the species names from the data in the following numeric order (0-based) {0,8,5,4,6,3,2,1,7}

Pseudo-optimal path's cost 2193 vs 4073 for 1..k=> a 1.85727 x improvement
The tips of the tree:lhIKbpS_.tree_0 were matched with the species names from the data in the following numeric order (0-based) {0,8,5,4,6,3,2,1,7}

Pseudo-optimal path's cost 2193 vs 4073 for 1..k=> a 1.85727 x improvement
Auto-benchmarked an optimal number (6) of threads.
Set GUI update interval to every 59-th LF evaluation.
Optimization settings:
	OPTIMIZATION_METHOD = 4
	OPTIMIZATION_PRECISION = 0.001
	MAXIMUM_ITERATIONS_PER_VARIABLE = 5000

Initial parameter values

lhIKbpS_.tree_0.Chelonia_mydas.omega2 = 2
lhIKbpS_.tree_0.Chelonia_mydas.alpha = 0.132454
lhIKbpS_.tree_0.Chelonia_mydas.bsrel_mixture_aux_0 = 0.9
lhIKbpS_.tree_0.Chelonia_mydas.beta = 0.0313684
lhIKbpS_.tree_0.Chelonia_mydas.omega1 = 0
Optimization finished in 6 loop passes.
383 likelihood evaluation calls and 723 matrix exponentiations calls were made

The tips of the tree:lhIKbpS_.tree_0 were matched with the species names from the data in the following numeric order (0-based) {0,8,5,4,6,3,2,1,7}

Pseudo-optimal path's cost 2193 vs 4073 for 1..k=> a 1.85727 x improvement
The tips of the tree:lhIKbpS_.tree_0 were matched with the species names from the data in the following numeric order (0-based) {0,8,5,4,6,3,2,1,7}

Pseudo-optimal path's cost 2193 vs 4073 for 1..k=> a 1.85727 x improvement
Auto-benchmarked an optimal number (3) of threads.
Set GUI update interval to every 71-th LF evaluation.
Optimization settings:
	OPTIMIZATION_METHOD = 4
	OPTIMIZATION_PRECISION = 0.001
	MAXIMUM_ITERATIONS_PER_VARIABLE = 5000

Initial parameter values

lhIKbpS_.tree_0.Mauremys_reevesii.alpha = 0.0384706
lhIKbpS_.tree_0.Mauremys_reevesii.bsrel_mixture_aux_0 = 0.95
lhIKbpS_.tree_0.Mauremys_reevesii.beta = 0.0376423
lhIKbpS_.tree_0.Mauremys_reevesii.omega1 = 0.6
lhIKbpS_.tree_0.Mauremys_reevesii.omega2 = 9
Optimization finished in 8 loop passes.
226 likelihood evaluation calls and 441 matrix exponentiations calls were made

The tips of the tree:lhIKbpS_.tree_0 were matched with the species names from the data in the following numeric order (0-based) {0,8,5,4,6,3,2,1,7}

Pseudo-optimal path's cost 2193 vs 4073 for 1..k=> a 1.85727 x improvement
The tips of the tree:lhIKbpS_.tree_0 were matched with the species names from the data in the following numeric order (0-based) {0,8,5,4,6,3,2,1,7}

Pseudo-optimal path's cost 2193 vs 4073 for 1..k=> a 1.85727 x improvement
Auto-benchmarked an optimal number (6) of threads.
Set GUI update interval to every 689-th LF evaluation.
Optimization settings:
	OPTIMIZATION_METHOD = 4
	OPTIMIZATION_PRECISION = 0.001
	MAXIMUM_ITERATIONS_PER_VARIABLE = 5000

Initial parameter values

lhIKbpS_.tree_0.Gopherus_evgoodei.beta = 0.0184962
lhIKbpS_.tree_0.Gopherus_evgoodei.omega1 = 0
lhIKbpS_.tree_0.Gopherus_evgoodei.alpha = 0.0729096
lhIKbpS_.tree_0.Gopherus_evgoodei.bsrel_mixture_aux_0 = 0.95
lhIKbpS_.tree_0.Gopherus_evgoodei.omega2 = 9
Optimization finished in 6 loop passes.
179 likelihood evaluation calls and 313 matrix exponentiations calls were made

The tips of the tree:lhIKbpS_.tree_0 were matched with the species names from the data in the following numeric order (0-based) {0,8,5,4,6,3,2,1,7}

Pseudo-optimal path's cost 2193 vs 4073 for 1..k=> a 1.85727 x improvement
The tips of the tree:lhIKbpS_.tree_0 were matched with the species names from the data in the following numeric order (0-based) {0,8,5,4,6,3,2,1,7}

Pseudo-optimal path's cost 2193 vs 4073 for 1..k=> a 1.85727 x improvement
Auto-benchmarked an optimal number (8) of threads.
Set GUI update interval to every 89-th LF evaluation.
Optimization settings:
	OPTIMIZATION_METHOD = 4
	OPTIMIZATION_PRECISION = 0.001
	MAXIMUM_ITERATIONS_PER_VARIABLE = 5000

Initial parameter values

lhIKbpS_.tree_0.Node10.omega2 = 0.25
lhIKbpS_.tree_0.Node10.beta = 0.0195882
lhIKbpS_.tree_0.Node10.omega1 = 0.4
lhIKbpS_.tree_0.Node10.alpha = 0.0532888
lhIKbpS_.tree_0.Node10.bsrel_mixture_aux_0 = 0.75
Optimization finished in 6 loop passes.
188 likelihood evaluation calls and 371 matrix exponentiations calls were made

The tips of the tree:lhIKbpS_.tree_0 were matched with the species names from the data in the following numeric order (0-based) {0,8,5,4,6,3,2,1,7}

Pseudo-optimal path's cost 2193 vs 4073 for 1..k=> a 1.85727 x improvement
The tips of the tree:lhIKbpS_.tree_0 were matched with the species names from the data in the following numeric order (0-based) {0,8,5,4,6,3,2,1,7}

Pseudo-optimal path's cost 2193 vs 4073 for 1..k=> a 1.85727 x improvement
Auto-benchmarked an optimal number (8) of threads.
Set GUI update interval to every 96-th LF evaluation.
Optimization settings:
	OPTIMIZATION_METHOD = 4
	OPTIMIZATION_PRECISION = 0.001
	MAXIMUM_ITERATIONS_PER_VARIABLE = 5000

Initial parameter values

lhIKbpS_.tree_0.Chelonoidis_abingdonii.omega2 = 9
lhIKbpS_.tree_0.Chelonoidis_abingdonii.alpha = 0.0234529
lhIKbpS_.tree_0.Chelonoidis_abingdonii.bsrel_mixture_aux_0 = 0.9
lhIKbpS_.tree_0.Chelonoidis_abingdonii.beta = 0.0198399
lhIKbpS_.tree_0.Chelonoidis_abingdonii.omega1 = 0
Optimization finished in 6 loop passes.
228 likelihood evaluation calls and 449 matrix exponentiations calls were made

The tips of the tree:lhIKbpS_.tree_0 were matched with the species names from the data in the following numeric order (0-based) {0,8,5,4,6,3,2,1,7}

Pseudo-optimal path's cost 2193 vs 4073 for 1..k=> a 1.85727 x improvement
The tips of the tree:lhIKbpS_.tree_0 were matched with the species names from the data in the following numeric order (0-based) {0,8,5,4,6,3,2,1,7}

Pseudo-optimal path's cost 2193 vs 4073 for 1..k=> a 1.85727 x improvement
Auto-benchmarked an optimal number (2) of threads.
Set GUI update interval to every 237-th LF evaluation.
Optimization settings:
	OPTIMIZATION_METHOD = 4
	OPTIMIZATION_PRECISION = 0.001
	MAXIMUM_ITERATIONS_PER_VARIABLE = 5000

Initial parameter values

lhIKbpS_.tree_0.Trachemys_scripta.alpha = 0.0332787
lhIKbpS_.tree_0.Trachemys_scripta.bsrel_mixture_aux_0 = 0.98
lhIKbpS_.tree_0.Trachemys_scripta.beta = 0.00616795
lhIKbpS_.tree_0.Trachemys_scripta.omega1 = 0.2
lhIKbpS_.tree_0.Trachemys_scripta.omega2 = 0.25
Optimization finished in 6 loop passes.
154 likelihood evaluation calls and 305 matrix exponentiations calls were made

The tips of the tree:lhIKbpS_.tree_0 were matched with the species names from the data in the following numeric order (0-based) {0,8,5,4,6,3,2,1,7}

Pseudo-optimal path's cost 2193 vs 4073 for 1..k=> a 1.85727 x improvement
The tips of the tree:lhIKbpS_.tree_0 were matched with the species names from the data in the following numeric order (0-based) {0,8,5,4,6,3,2,1,7}

Pseudo-optimal path's cost 2193 vs 4073 for 1..k=> a 1.85727 x improvement
Auto-benchmarked an optimal number (3) of threads.
Set GUI update interval to every 229-th LF evaluation.
Optimization settings:
	OPTIMIZATION_METHOD = 4
	OPTIMIZATION_PRECISION = 0.001
	MAXIMUM_ITERATIONS_PER_VARIABLE = 5000

Initial parameter values

lhIKbpS_.tree_0.Node4.beta = 0.00812992
lhIKbpS_.tree_0.Node4.omega1 = 0.4
lhIKbpS_.tree_0.Node4.omega2 = 0.5
lhIKbpS_.tree_0.Node4.alpha = 0.0200067
lhIKbpS_.tree_0.Node4.bsrel_mixture_aux_0 = 0.9
Optimization finished in 3 loop passes.
121 likelihood evaluation calls and 217 matrix exponentiations calls were made

The tips of the tree:lhIKbpS_.tree_0 were matched with the species names from the data in the following numeric order (0-based) {0,8,5,4,6,3,2,1,7}

Pseudo-optimal path's cost 2193 vs 4073 for 1..k=> a 1.85727 x improvement
The tips of the tree:lhIKbpS_.tree_0 were matched with the species names from the data in the following numeric order (0-based) {0,8,5,4,6,3,2,1,7}

Pseudo-optimal path's cost 2193 vs 4073 for 1..k=> a 1.85727 x improvement
Auto-benchmarked an optimal number (11) of threads.
Set GUI update interval to every 88-th LF evaluation.
Optimization settings:
	OPTIMIZATION_METHOD = 4
	OPTIMIZATION_PRECISION = 0.001
	MAXIMUM_ITERATIONS_PER_VARIABLE = 5000

Initial parameter values

lhIKbpS_.tree_0.Node6.omega2 = 0.25
lhIKbpS_.tree_0.Node6.alpha = 0.0165736
lhIKbpS_.tree_0.Node6.bsrel_mixture_aux_0 = 0.9
lhIKbpS_.tree_0.Node6.beta = 0.00926391
lhIKbpS_.tree_0.Node6.omega1 = 0.6
Optimization finished in 3 loop passes.
110 likelihood evaluation calls and 215 matrix exponentiations calls were made

The tips of the tree:lhIKbpS_.tree_0 were matched with the species names from the data in the following numeric order (0-based) {0,8,5,4,6,3,2,1,7}

Pseudo-optimal path's cost 2193 vs 4073 for 1..k=> a 1.85727 x improvement
The tips of the tree:lhIKbpS_.tree_0 were matched with the species names from the data in the following numeric order (0-based) {0,8,5,4,6,3,2,1,7}

Pseudo-optimal path's cost 2193 vs 4073 for 1..k=> a 1.85727 x improvement
Auto-benchmarked an optimal number (4) of threads.
Set GUI update interval to every 283-th LF evaluation.
Optimization settings:
	OPTIMIZATION_METHOD = 4
	OPTIMIZATION_PRECISION = 0.001
	MAXIMUM_ITERATIONS_PER_VARIABLE = 5000

Initial parameter values

lhIKbpS_.tree_0.Node5.beta = 0.00324557
lhIKbpS_.tree_0.Node5.omega1 = 0
lhIKbpS_.tree_0.Node5.alpha = 0.0289613
lhIKbpS_.tree_0.Node5.bsrel_mixture_aux_0 = 0.5
lhIKbpS_.tree_0.Node5.omega2 = 0.25
Optimization finished in 6 loop passes.
168 likelihood evaluation calls and 307 matrix exponentiations calls were made

The tips of the tree:lhIKbpS_.tree_0 were matched with the species names from the data in the following numeric order (0-based) {0,8,5,4,6,3,2,1,7}

Pseudo-optimal path's cost 2193 vs 4073 for 1..k=> a 1.85727 x improvement
The tips of the tree:lhIKbpS_.tree_0 were matched with the species names from the data in the following numeric order (0-based) {0,8,5,4,6,3,2,1,7}

Pseudo-optimal path's cost 2193 vs 4073 for 1..k=> a 1.85727 x improvement
Auto-benchmarked an optimal number (2) of threads.
Set GUI update interval to every 330-th LF evaluation.
Optimization settings:
	OPTIMIZATION_METHOD = 4
	OPTIMIZATION_PRECISION = 0.001
	MAXIMUM_ITERATIONS_PER_VARIABLE = 5000

Initial parameter values

lhIKbpS_.tree_0.Terrapene_carolina.omega2 = 0.25
lhIKbpS_.tree_0.Terrapene_carolina.alpha = 0
lhIKbpS_.tree_0.Terrapene_carolina.bsrel_mixture_aux_0 = 0.98
lhIKbpS_.tree_0.Terrapene_carolina.beta = 0.00616844
lhIKbpS_.tree_0.Terrapene_carolina.omega1 = 0
Optimization finished in 71 loop passes.
1707 likelihood evaluation calls and 3195 matrix exponentiations calls were made

The tips of the tree:lhIKbpS_.tree_0 were matched with the species names from the data in the following numeric order (0-based) {0,8,5,4,6,3,2,1,7}

Pseudo-optimal path's cost 2193 vs 4073 for 1..k=> a 1.85727 x improvement
The tips of the tree:lhIKbpS_.tree_0 were matched with the species names from the data in the following numeric order (0-based) {0,8,5,4,6,3,2,1,7}

Pseudo-optimal path's cost 2193 vs 4073 for 1..k=> a 1.85727 x improvement
Auto-benchmarked an optimal number (3) of threads.
Set GUI update interval to every 58-th LF evaluation.
Optimization settings:
	OPTIMIZATION_METHOD = 4
	OPTIMIZATION_PRECISION = 0.001
	MAXIMUM_ITERATIONS_PER_VARIABLE = 5000

Initial parameter values

lhIKbpS_.tree_0.Chrysemys_picta.alpha = 0.0081862
lhIKbpS_.tree_0.Chrysemys_picta.bsrel_mixture_aux_0 = 0.98
lhIKbpS_.tree_0.Chrysemys_picta.beta = 0
lhIKbpS_.tree_0.Chrysemys_picta.omega1 = 0
lhIKbpS_.tree_0.Chrysemys_picta.omega2 = 0.25
Optimization finished in 4 loop passes.
116 likelihood evaluation calls and 227 matrix exponentiations calls were made

The tips of the tree:lhIKbpS_.tree_0 were matched with the species names from the data in the following numeric order (0-based) {0,8,5,4,6,3,2,1,7}

Pseudo-optimal path's cost 2193 vs 4073 for 1..k=> a 1.85727 x improvement
The tips of the tree:lhIKbpS_.tree_0 were matched with the species names from the data in the following numeric order (0-based) {0,8,5,4,6,3,2,1,7}

Pseudo-optimal path's cost 2193 vs 4073 for 1..k=> a 1.85727 x improvement
Auto-benchmarked an optimal number (3) of threads.
Set GUI update interval to every 1216-th LF evaluation.
Optimization settings:
	OPTIMIZATION_METHOD = 4
	OPTIMIZATION_PRECISION = 0.001
	MAXIMUM_ITERATIONS_PER_VARIABLE = 5000

Initial parameter values

lhIKbpS_.tree_0.Node12.beta = 0
lhIKbpS_.tree_0.Node12.omega1 = 0
lhIKbpS_.tree_0.Node12.omega2 = 0.25
lhIKbpS_.tree_0.Node12.alpha = 0
lhIKbpS_.tree_0.Node12.bsrel_mixture_aux_0 = 0.98
Optimization finished in 3 loop passes.
135 likelihood evaluation calls and 109 matrix exponentiations calls were made

The tips of the tree:lhIKbpS_.tree_0 were matched with the species names from the data in the following numeric order (0-based) {0,8,5,4,6,3,2,1,7}

Pseudo-optimal path's cost 2193 vs 4073 for 1..k=> a 1.85727 x improvement
Variable 'nTeBLaHB.lhIKbpS_.likelihoodFunction' was not initialized prior to being used
Auto-benchmarked an optimal number (1) of threads.
Set GUI update interval to every 12-th LF evaluation.
Optimization settings:
	OPTIMIZATION_METHOD = 4
	OPTIMIZATION_PRECISION = 0.001
	MAXIMUM_ITERATIONS_PER_VARIABLE = 5000

Initial parameter values

lhIKbpS_.model_MGREV.theta_GT = 0.335597
lhIKbpS_.model_MGREV.theta_CT = 1.08619
lhIKbpS_.model_MGREV.theta_CG = 0.581516
lhIKbpS_.model_MGREV.theta_AT = 0.334173
lhIKbpS_.model_MGREV.theta_AC = 0.507365
lhIKbpS_.tree_0.Crocodylus_porosus.alpha = 1.23296
lhIKbpS_.tree_0.Crocodylus_porosus.bsrel_mixture_aux_0 = 0.823911
lhIKbpS_.tree_0.Crocodylus_porosus.omega1 = 0.308111
lhIKbpS_.tree_0.Crocodylus_porosus.omega2 = 25.6811
lhIKbpS_.tree_0.Pelodiscus_sinensis.beta = 0.101745
lhIKbpS_.tree_0.Pelodiscus_sinensis.alpha = 0.299834
lhIKbpS_.tree_0.Trachemys_scripta.beta = 0.00616795
lhIKbpS_.tree_0.Trachemys_scripta.alpha = 0.0332787
lhIKbpS_.tree_0.Chrysemys_picta.alpha = 0.0081862
lhIKbpS_.tree_0.Chrysemys_picta.beta = 0
lhIKbpS_.tree_0.Node6.alpha = 0.0165736
lhIKbpS_.tree_0.Node6.beta = 0.00926391
lhIKbpS_.tree_0.Terrapene_carolina.alpha = 0
lhIKbpS_.tree_0.Terrapene_carolina.beta = 0.00616844
lhIKbpS_.tree_0.Node5.beta = 0.00324557
lhIKbpS_.tree_0.Node5.alpha = 0.0289613
lhIKbpS_.tree_0.Mauremys_reevesii.beta = 0.0376423
lhIKbpS_.tree_0.Mauremys_reevesii.alpha = 0.0384706
lhIKbpS_.tree_0.Gopherus_evgoodei.beta = 0.0184962
lhIKbpS_.tree_0.Gopherus_evgoodei.alpha = 0.0729096
lhIKbpS_.tree_0.Chelonoidis_abingdonii.alpha = 0.0234529
lhIKbpS_.tree_0.Chelonoidis_abingdonii.beta = 0.0198399
lhIKbpS_.tree_0.Node12.beta = 0
lhIKbpS_.tree_0.Node12.alpha = 0
lhIKbpS_.tree_0.Node10.alpha = 0.0532888
lhIKbpS_.tree_0.Node10.beta = 0.0195882
lhIKbpS_.tree_0.Node4.beta = 0.00812992
lhIKbpS_.tree_0.Node4.alpha = 0.0200067
lhIKbpS_.tree_0.Chelonia_mydas.alpha = 0.132454
lhIKbpS_.tree_0.Chelonia_mydas.beta = 0.0313684
lhIKbpS_.tree_0.Node3.beta = 0.0628643
lhIKbpS_.tree_0.Node3.alpha = 0.184241
Optimization finished in 19 loop passes.
2222 likelihood evaluation calls and 9675 matrix exponentiations calls were made

Auto-benchmarked an optimal number (4) of threads.
Set GUI update interval to every 37-th LF evaluation.
Optimization settings:
	OPTIMIZATION_METHOD = 4
	OPTIMIZATION_PRECISION = 0.001
	MAXIMUM_ITERATIONS_PER_VARIABLE = 5000

Initial parameter values

lhIKbpS_.model_MGREV.theta_GT = 0.252735
lhIKbpS_.model_MGREV.theta_CT = 1.0437
lhIKbpS_.model_MGREV.theta_CG = 0.509954
lhIKbpS_.model_MGREV.theta_AT = 0.264054
lhIKbpS_.model_MGREV.theta_AC = 0.408857
lhIKbpS_.tree_0.Crocodylus_porosus.alpha = 1.32067
lhIKbpS_.tree_0.Crocodylus_porosus.bsrel_mixture_aux_0 = 0.814437
lhIKbpS_.tree_0.Crocodylus_porosus.omega1 = 0.313496
lhIKbpS_.tree_0.Pelodiscus_sinensis.alpha = 0.321777
lhIKbpS_.tree_0.Pelodiscus_sinensis.beta = 0.11653
lhIKbpS_.tree_0.Trachemys_scripta.beta = 0.0069116
lhIKbpS_.tree_0.Trachemys_scripta.alpha = 0.0358405
lhIKbpS_.tree_0.Chrysemys_picta.beta = 0
lhIKbpS_.tree_0.Chrysemys_picta.alpha = 0.00881002
lhIKbpS_.tree_0.Node6.alpha = 0.0178593
lhIKbpS_.tree_0.Node6.beta = 0.0103809
lhIKbpS_.tree_0.Terrapene_carolina.beta = 0.00691316
lhIKbpS_.tree_0.Terrapene_carolina.alpha = 0
lhIKbpS_.tree_0.Node5.beta = 0.00361816
lhIKbpS_.tree_0.Node5.alpha = 0.0312879
lhIKbpS_.tree_0.Mauremys_reevesii.alpha = 0.0413562
lhIKbpS_.tree_0.Mauremys_reevesii.beta = 0.0422605
lhIKbpS_.tree_0.Gopherus_evgoodei.beta = 0.0207831
lhIKbpS_.tree_0.Gopherus_evgoodei.alpha = 0.0784499
lhIKbpS_.tree_0.Chelonoidis_abingdonii.alpha = 0.0252994
lhIKbpS_.tree_0.Chelonoidis_abingdonii.beta = 0.0222393
lhIKbpS_.tree_0.Node12.beta = 0
lhIKbpS_.tree_0.Node12.alpha = 0
lhIKbpS_.tree_0.Node10.alpha = 0.0574074
lhIKbpS_.tree_0.Node10.beta = 0.0219839
lhIKbpS_.tree_0.Node4.beta = 0.00913142
lhIKbpS_.tree_0.Node4.alpha = 0.0210106
lhIKbpS_.tree_0.Chelonia_mydas.alpha = 0.143494
lhIKbpS_.tree_0.Chelonia_mydas.beta = 0.0350803
lhIKbpS_.tree_0.Node3.beta = 0.0687939
lhIKbpS_.tree_0.Node3.alpha = 0.204335
Optimization finished in 27 loop passes.
2880 likelihood evaluation calls and 12627 matrix exponentiations calls were made

Variable 'USE_JSON_FOR_MATRIX' was not initialized prior to being used