
Loaded 'libv3/all-terms.bf' from /usr/local/lib/hyphy/TemplateBatchFiles/libv3/all-terms.bf
Loaded 'libv3/UtilityFunctions.bf' from /usr/local/lib/hyphy/TemplateBatchFiles/libv3/UtilityFunctions.bf
Loaded 'IOFunctions.bf' from /usr/local/lib/hyphy/TemplateBatchFiles/libv3/IOFunctions.bf
Already loaded 'libv3/UtilityFunctions.bf' from /usr/local/lib/hyphy/TemplateBatchFiles/libv3/UtilityFunctions.bf
Loaded 'convenience/regexp.bf' from /usr/local/lib/hyphy/TemplateBatchFiles/libv3/convenience/regexp.bf
Already loaded 'libv3/all-terms.bf' from /usr/local/lib/hyphy/TemplateBatchFiles/libv3/all-terms.bf
Already loaded 'libv3/IOFunctions.bf' from /usr/local/lib/hyphy/TemplateBatchFiles/libv3/IOFunctions.bf
Loaded 'libv3/tasks/estimators.bf' from /usr/local/lib/hyphy/TemplateBatchFiles/libv3/tasks/estimators.bf
Loaded '../models/model_functions.bf' from /usr/local/lib/hyphy/TemplateBatchFiles/libv3/models/model_functions.bf
Loaded 'DNA.bf' from /usr/local/lib/hyphy/TemplateBatchFiles/libv3/models/DNA.bf
Loaded 'frequencies.bf' from /usr/local/lib/hyphy/TemplateBatchFiles/libv3/models/frequencies.bf
Already loaded '../all-terms.bf' from /usr/local/lib/hyphy/TemplateBatchFiles/libv3/all-terms.bf
Loaded 'parameters.bf' from /usr/local/lib/hyphy/TemplateBatchFiles/libv3/models/parameters.bf
Loaded 'GrabBag' from /usr/local/lib/hyphy/TemplateBatchFiles/Utility/GrabBag.bf
Overwritten previously defined function:'_sortStringsAux'
Already loaded 'libv3/all-terms.bf' from /usr/local/lib/hyphy/TemplateBatchFiles/libv3/all-terms.bf
Already loaded '../UtilityFunctions.bf' from /usr/local/lib/hyphy/TemplateBatchFiles/libv3/UtilityFunctions.bf
Already loaded 'model_functions.bf' from /usr/local/lib/hyphy/TemplateBatchFiles/libv3/models/model_functions.bf
Already loaded 'libv3/all-terms.bf' from /usr/local/lib/hyphy/TemplateBatchFiles/libv3/all-terms.bf
Already loaded 'parameters.bf' from /usr/local/lib/hyphy/TemplateBatchFiles/libv3/models/parameters.bf
Already loaded 'frequencies.bf' from /usr/local/lib/hyphy/TemplateBatchFiles/libv3/models/frequencies.bf
Already loaded '../UtilityFunctions.bf' from /usr/local/lib/hyphy/TemplateBatchFiles/libv3/UtilityFunctions.bf
Already loaded '../convenience/regexp.bf' from /usr/local/lib/hyphy/TemplateBatchFiles/libv3/convenience/regexp.bf
Loaded '../models/DNA/GTR.bf' from /usr/local/lib/hyphy/TemplateBatchFiles/libv3/models/DNA/GTR.bf
Already loaded '../DNA.bf' from /usr/local/lib/hyphy/TemplateBatchFiles/libv3/models/DNA.bf
Already loaded '../parameters.bf' from /usr/local/lib/hyphy/TemplateBatchFiles/libv3/models/parameters.bf
Already loaded '../frequencies.bf' from /usr/local/lib/hyphy/TemplateBatchFiles/libv3/models/frequencies.bf
Already loaded '../../UtilityFunctions.bf' from /usr/local/lib/hyphy/TemplateBatchFiles/libv3/UtilityFunctions.bf
Already loaded 'libv3/all-terms.bf' from /usr/local/lib/hyphy/TemplateBatchFiles/libv3/all-terms.bf
Already loaded '../convenience/regexp.bf' from /usr/local/lib/hyphy/TemplateBatchFiles/libv3/convenience/regexp.bf
Already loaded 'libv3/all-terms.bf' from /usr/local/lib/hyphy/TemplateBatchFiles/libv3/all-terms.bf
Loaded 'libv3/tasks/alignments.bf' from /usr/local/lib/hyphy/TemplateBatchFiles/libv3/tasks/alignments.bf
Already loaded '../IOFunctions.bf' from /usr/local/lib/hyphy/TemplateBatchFiles/libv3/IOFunctions.bf
Already loaded '../all-terms.bf' from /usr/local/lib/hyphy/TemplateBatchFiles/libv3/all-terms.bf
Loaded 'libv3/models/codon.bf' from /usr/local/lib/hyphy/TemplateBatchFiles/libv3/models/codon.bf
Loaded '../tasks/genetic_code.bf' from /usr/local/lib/hyphy/TemplateBatchFiles/libv3/tasks/genetic_code.bf
Loaded 'libv3/convenience/matrix.bf' from /usr/local/lib/hyphy/TemplateBatchFiles/libv3/convenience/matrix.bf
Already loaded 'libv3/UtilityFunctions.bf' from /usr/local/lib/hyphy/TemplateBatchFiles/libv3/UtilityFunctions.bf
Already loaded 'libv3/all-terms.bf' from /usr/local/lib/hyphy/TemplateBatchFiles/libv3/all-terms.bf
Already loaded '../UtilityFunctions.bf' from /usr/local/lib/hyphy/TemplateBatchFiles/libv3/UtilityFunctions.bf
Loaded 'libv3/tasks/trees.bf' from /usr/local/lib/hyphy/TemplateBatchFiles/libv3/tasks/trees.bf
Already loaded '../IOFunctions.bf' from /usr/local/lib/hyphy/TemplateBatchFiles/libv3/IOFunctions.bf
Already loaded '../all-terms.bf' from /usr/local/lib/hyphy/TemplateBatchFiles/libv3/all-terms.bf
Already loaded '../convenience/regexp.bf' from /usr/local/lib/hyphy/TemplateBatchFiles/libv3/convenience/regexp.bf
Already loaded '../UtilityFunctions.bf' from /usr/local/lib/hyphy/TemplateBatchFiles/libv3/UtilityFunctions.bf
Loaded 'TreeTools' from /usr/local/lib/hyphy/TemplateBatchFiles/TreeTools.ibf
Already loaded 'libv3/tasks/genetic_code.bf' from /usr/local/lib/hyphy/TemplateBatchFiles/libv3/tasks/genetic_code.bf
Loaded 'modules/io_functions.ibf' from /usr/local/lib/hyphy/TemplateBatchFiles/SelectionAnalyses/modules/io_functions.ibf
Already loaded 'libv3/UtilityFunctions.bf' from /usr/local/lib/hyphy/TemplateBatchFiles/libv3/UtilityFunctions.bf
Already loaded 'libv3/IOFunctions.bf' from /usr/local/lib/hyphy/TemplateBatchFiles/libv3/IOFunctions.bf
Already loaded 'libv3/convenience/regexp.bf' from /usr/local/lib/hyphy/TemplateBatchFiles/libv3/convenience/regexp.bf
Already loaded 'libv3/all-terms.bf' from /usr/local/lib/hyphy/TemplateBatchFiles/libv3/all-terms.bf
Loaded 'modules/selection_lib.ibf' from /usr/local/lib/hyphy/TemplateBatchFiles/SelectionAnalyses/modules/selection_lib.ibf
Loaded 'libv3/models/codon/BS_REL.bf' from /usr/local/lib/hyphy/TemplateBatchFiles/libv3/models/codon/BS_REL.bf
Already loaded '../codon.bf' from /usr/local/lib/hyphy/TemplateBatchFiles/libv3/models/codon.bf
Already loaded '../DNA.bf' from /usr/local/lib/hyphy/TemplateBatchFiles/libv3/models/DNA.bf
Already loaded '../parameters.bf' from /usr/local/lib/hyphy/TemplateBatchFiles/libv3/models/parameters.bf
Already loaded '../frequencies.bf' from /usr/local/lib/hyphy/TemplateBatchFiles/libv3/models/frequencies.bf
Already loaded '../../UtilityFunctions.bf' from /usr/local/lib/hyphy/TemplateBatchFiles/libv3/UtilityFunctions.bf
Loaded 'MG_REV.bf' from /usr/local/lib/hyphy/TemplateBatchFiles/libv3/models/codon/MG_REV.bf
Already loaded '../codon.bf' from /usr/local/lib/hyphy/TemplateBatchFiles/libv3/models/codon.bf
Already loaded '../DNA.bf' from /usr/local/lib/hyphy/TemplateBatchFiles/libv3/models/DNA.bf
Already loaded '../parameters.bf' from /usr/local/lib/hyphy/TemplateBatchFiles/libv3/models/parameters.bf
Already loaded '../frequencies.bf' from /usr/local/lib/hyphy/TemplateBatchFiles/libv3/models/frequencies.bf
Already loaded '../../UtilityFunctions.bf' from /usr/local/lib/hyphy/TemplateBatchFiles/libv3/UtilityFunctions.bf
Loaded '../../convenience/math.bf' from /usr/local/lib/hyphy/TemplateBatchFiles/libv3/convenience/math.bf
Already loaded 'libv3/UtilityFunctions.bf' from /usr/local/lib/hyphy/TemplateBatchFiles/libv3/UtilityFunctions.bf
Already loaded 'libv3/convenience/math.bf' from /usr/local/lib/hyphy/TemplateBatchFiles/libv3/convenience/math.bf
Variable 'NORMALIZE_SEQUENCE_NAMES' was not initialized prior to being used
Loaded 'modules/shared-load-file.bf' from /usr/local/lib/hyphy/TemplateBatchFiles/SelectionAnalyses/modules/shared-load-file.bf
Variable 'MARKDOWN_OUTPUT' was not initialized prior to being used
Already loaded 'libv3/convenience/matrix.bf' from /usr/local/lib/hyphy/TemplateBatchFiles/libv3/convenience/matrix.bf
Already loaded 'libv3/UtilityFunctions.bf' from /usr/local/lib/hyphy/TemplateBatchFiles/libv3/UtilityFunctions.bf
Variable 'fetDCEIJ.skipCodeSelectionStep' was not initialized prior to being used
Row and/or column partition is empty. All the data will be used by default.
Variable 'NEXUS_FILE_TREE_MATRIX' was not initialized prior to being used
Variable 'utility.ToggleEnvVariable.cache' was not initialized prior to being used
Variable 'TREE_NODE_NAME_MAPPING' was not initialized prior to being used
Variable 'PFdmCKDT.PROMPT_FOR_FILE' was not initialized prior to being used
Variable 'END_OF_FILE' was not initialized prior to being used
Variable '_DO_TREE_REBALANCE_' was not initialized prior to being used
Variable '_KEEP_I_LABELS_' was not initialized prior to being used
Variable 'INCLUDE_MODEL_SPECS' was not initialized prior to being used
Variable 'utility.ForEachPair.warn_non_rentrant' was not initialized prior to being used
Row and/or column partition is empty. All the data will be used by default.
Row and/or column partition is empty. All the data will be used by default.
Variable 'yfbvqtzJ.cache' was not initialized prior to being used
Row and/or column partition is empty. All the data will be used by default.
Variable 'COUNT_GAPS_IN_FREQUENCIES' was not initialized prior to being used
Variable 'WBvTCRBu.model_pi' was not initialized prior to being used
Model WBvTCRBu.model assigned to Leptosomus_discolor
Model WBvTCRBu.model assigned to Colius_striatus
Model WBvTCRBu.model assigned to Node2
Model WBvTCRBu.model assigned to Tyto_alba
Model WBvTCRBu.model assigned to Node1
Model WBvTCRBu.model assigned to Haliaeetus_leucocephalus
Model WBvTCRBu.model assigned to Aquila_chrysaetos
Model WBvTCRBu.model assigned to Node6
Model WBvTCRBu.model assigned to Corvus_moneduloides
Model WBvTCRBu.model assigned to Falco_peregrinus
Model WBvTCRBu.model assigned to Falco_tinnunculus
Model WBvTCRBu.model assigned to Node11
Model WBvTCRBu.model assigned to Node9
The tips of the tree:WBvTCRBu.tree_0 were matched with the species names from the data in the following numeric order (0-based) {4,7,3,2,1,0,5,6}

Pseudo-optimal path's cost 999 vs 1667 for 1..k=> a 1.66867 x improvement
Partition 0 reversible model flag computed as 1
Variable 'USE_LAST_RESULTS' was not initialized prior to being used
Variable 'WBvTCRBu.tree_0.Leptosomus_discolor.t' was not initialized prior to being used
models.generic.SetBranchLength: WBvTCRBu.tree_0.Leptosomus_discolor.t=180.0977399422954
Variable 'WBvTCRBu.tree_0.Colius_striatus.t' was not initialized prior to being used
models.generic.SetBranchLength: WBvTCRBu.tree_0.Colius_striatus.t=180.0977399422954
Variable 'WBvTCRBu.tree_0.Node2.t' was not initialized prior to being used
models.generic.SetBranchLength: WBvTCRBu.tree_0.Node2.t=7.021138187168007
Variable 'WBvTCRBu.tree_0.Tyto_alba.t' was not initialized prior to being used
models.generic.SetBranchLength: WBvTCRBu.tree_0.Tyto_alba.t=184.8543597532381
Variable 'WBvTCRBu.tree_0.Node1.t' was not initialized prior to being used
models.generic.SetBranchLength: WBvTCRBu.tree_0.Node1.t=5.293102674483475
Variable 'WBvTCRBu.tree_0.Haliaeetus_leucocephalus.t' was not initialized prior to being used
models.generic.SetBranchLength: WBvTCRBu.tree_0.Haliaeetus_leucocephalus.t=77.78149007063368
Variable 'WBvTCRBu.tree_0.Aquila_chrysaetos.t' was not initialized prior to being used
models.generic.SetBranchLength: WBvTCRBu.tree_0.Aquila_chrysaetos.t=77.78149007063368
Variable 'WBvTCRBu.tree_0.Node6.t' was not initialized prior to being used
models.generic.SetBranchLength: WBvTCRBu.tree_0.Node6.t=114.6304907333132
Variable 'WBvTCRBu.tree_0.Corvus_moneduloides.t' was not initialized prior to being used
models.generic.SetBranchLength: WBvTCRBu.tree_0.Corvus_moneduloides.t=180.4669715270477
Variable 'WBvTCRBu.tree_0.Falco_peregrinus.t' was not initialized prior to being used
models.generic.SetBranchLength: WBvTCRBu.tree_0.Falco_peregrinus.t=19.01970284822425
Variable 'WBvTCRBu.tree_0.Falco_tinnunculus.t' was not initialized prior to being used
models.generic.SetBranchLength: WBvTCRBu.tree_0.Falco_tinnunculus.t=19.01970284822425
Variable 'WBvTCRBu.tree_0.Node11.t' was not initialized prior to being used
models.generic.SetBranchLength: WBvTCRBu.tree_0.Node11.t=161.4472686788235
Variable 'WBvTCRBu.tree_0.Node9.t' was not initialized prior to being used
models.generic.SetBranchLength: WBvTCRBu.tree_0.Node9.t=11.94500927689917
Variable 'WBvTCRBu.WBvTCRBu.likelihoodFunction' was not initialized prior to being used
Variable 'SAVE_OPT_STATUS_TO' was not initialized prior to being used
Auto-benchmarked an optimal number (1) of threads.
Set GUI update interval to every 3355-th LF evaluation.
Optimization settings:
	OPTIMIZATION_METHOD = 4
	OPTIMIZATION_PRECISION = 0.001
	MAXIMUM_ITERATIONS_PER_VARIABLE = 5000

Initial parameter values

WBvTCRBu.model.theta_GT = 0.25
WBvTCRBu.model.theta_CT = 1
WBvTCRBu.model.theta_AC = 0.25
WBvTCRBu.model.theta_CG = 0.25
WBvTCRBu.model.theta_AT = 0.25
WBvTCRBu.tree_0.Leptosomus_discolor.t = 180.098
WBvTCRBu.tree_0.Colius_striatus.t = 180.098
WBvTCRBu.tree_0.Node2.t = 7.02114
WBvTCRBu.tree_0.Tyto_alba.t = 184.854
WBvTCRBu.tree_0.Node1.t = 5.2931
WBvTCRBu.tree_0.Haliaeetus_leucocephalus.t = 77.7815
WBvTCRBu.tree_0.Aquila_chrysaetos.t = 77.7815
WBvTCRBu.tree_0.Node6.t = 114.63
WBvTCRBu.tree_0.Corvus_moneduloides.t = 180.467
WBvTCRBu.tree_0.Falco_peregrinus.t = 19.0197
WBvTCRBu.tree_0.Falco_tinnunculus.t = 19.0197
WBvTCRBu.tree_0.Node11.t = 161.447
WBvTCRBu.tree_0.Node9.t = 11.945
Optimization finished in 29 loop passes.
1742 likelihood evaluation calls and 10110 matrix exponentiations calls were made

Variable 'BRANCH_LENGTH_STENCIL' was not initialized prior to being used
Variable 'WBvTCRBu.option' was not initialized prior to being used
Variable 'busted.terms.json.nucleotide_gtr' was not initialized prior to being used
Variable 'Unknown' was not initialized prior to being used
Variable 'necezuGP.initial_value' was not initialized prior to being used
Variable 'nCnMqJwD.data_filter' was not initialized prior to being used
Row and/or column partition is empty. All the data will be used by default.
Auto-benchmarked an optimal number (3) of threads.
Set GUI update interval to every 2958-th LF evaluation.
Optimization settings:
	OPTIMIZATION_METHOD = 4
	OPTIMIZATION_PRECISION = 0.001
	MAXIMUM_ITERATIONS_PER_VARIABLE = 5000

Initial parameter values

frequencies._aux.CF3x4.p0_0 = 0.349432
frequencies._aux.CF3x4.p0_1 = 0.262009
frequencies._aux.CF3x4.p0_2 = 0.494083
frequencies._aux.CF3x4.p1_0 = 0.253906
frequencies._aux.CF3x4.p1_1 = 0.306997
frequencies._aux.CF3x4.p1_2 = 0.267857
frequencies._aux.CF3x4.p2_0 = 0.256037
frequencies._aux.CF3x4.p2_1 = 0.318377
frequencies._aux.CF3x4.p2_2 = 0.392857
Optimization finished in 4 loop passes.
166 likelihood evaluation calls and 0 matrix exponentiations calls were made

Variable 'nCnMqJwD.model_MGREV_pi' was not initialized prior to being used
Model nCnMqJwD.model_MGREV assigned to Leptosomus_discolor
Model nCnMqJwD.model_MGREV assigned to Colius_striatus
Model nCnMqJwD.model_MGREV assigned to Node2
Model nCnMqJwD.model_MGREV assigned to Tyto_alba
Model nCnMqJwD.model_MGREV assigned to Node1
Model nCnMqJwD.model_MGREV assigned to Haliaeetus_leucocephalus
Model nCnMqJwD.model_MGREV assigned to Aquila_chrysaetos
Model nCnMqJwD.model_MGREV assigned to Node6
Model nCnMqJwD.model_MGREV assigned to Corvus_moneduloides
Model nCnMqJwD.model_MGREV assigned to Falco_peregrinus
Model nCnMqJwD.model_MGREV assigned to Falco_tinnunculus
Model nCnMqJwD.model_MGREV assigned to Node11
Model nCnMqJwD.model_MGREV assigned to Node9
The tips of the tree:nCnMqJwD.tree_0 were matched with the species names from the data in the following numeric order (0-based) {4,7,3,2,1,0,5,6}

Pseudo-optimal path's cost 2288 vs 3226 for 1..k=> a 1.40997 x improvement
Partition 0 reversible model flag computed as 1
Variable 'nCnMqJwD.nCnMqJwD.likelihoodFunction' was not initialized prior to being used
Variable 'nCnMqJwD.tree_0.Leptosomus_discolor.alpha' was not initialized prior to being used
Variable 'nCnMqJwD.tree_0.Colius_striatus.alpha' was not initialized prior to being used
Variable 'nCnMqJwD.tree_0.Node2.alpha' was not initialized prior to being used
Variable 'nCnMqJwD.tree_0.Tyto_alba.alpha' was not initialized prior to being used
Variable 'nCnMqJwD.tree_0.Node1.alpha' was not initialized prior to being used
Variable 'nCnMqJwD.tree_0.Haliaeetus_leucocephalus.alpha' was not initialized prior to being used
Variable 'nCnMqJwD.tree_0.Aquila_chrysaetos.alpha' was not initialized prior to being used
Variable 'nCnMqJwD.tree_0.Node6.alpha' was not initialized prior to being used
Variable 'nCnMqJwD.tree_0.Corvus_moneduloides.alpha' was not initialized prior to being used
Variable 'nCnMqJwD.tree_0.Falco_peregrinus.alpha' was not initialized prior to being used
Variable 'nCnMqJwD.tree_0.Falco_tinnunculus.alpha' was not initialized prior to being used
Variable 'nCnMqJwD.tree_0.Node11.alpha' was not initialized prior to being used
Variable 'nCnMqJwD.tree_0.Node9.alpha' was not initialized prior to being used
Site 21 evaluated to a 0 probability in ComputeTreeBlockByBranch
Site 21 evaluated to a 0 probability in ComputeTreeBlockByBranch
Site 74 evaluated to a 0 probability in ComputeTreeBlockByBranch
Site 21 evaluated to a 0 probability in ComputeTreeBlockByBranch
Site 237 evaluated to a 0 probability in ComputeTreeBlockByBranch
Site 157 evaluated to a 0 probability in ComputeTreeBlockByBranch
Auto-benchmarked an optimal number (2) of threads.
Set GUI update interval to every 196-th LF evaluation.
Initial guess for nCnMqJwD.tree_0.Node2.alpha is -1.46353e-06
Initial guess for nCnMqJwD.tree_0.Leptosomus_discolor.alpha is 2.12206e-05
Initial guess for nCnMqJwD.tree_0.Colius_striatus.alpha is 5.23189e-05
Initial guess for nCnMqJwD.tree_0.Tyto_alba.alpha is 1.81092e-05
Initial guess for nCnMqJwD.tree_0.Node6.alpha is -2.26629e-06
Initial guess for nCnMqJwD.tree_0.Haliaeetus_leucocephalus.alpha is 4.54603e-06
Initial guess for nCnMqJwD.tree_0.Aquila_chrysaetos.alpha is 5.01947e-06
Initial guess for nCnMqJwD.tree_0.Node9.alpha is 1.38773e-05
Initial guess for nCnMqJwD.tree_0.Corvus_moneduloides.alpha is 8.25676e-05
Initial guess for nCnMqJwD.tree_0.Node11.alpha is 1.07235e-06
Initial guess for nCnMqJwD.tree_0.Falco_peregrinus.alpha is 2.83978e-06
Initial guess for nCnMqJwD.tree_0.Falco_tinnunculus.alpha is 1.94294e-06
Optimization settings:
	OPTIMIZATION_METHOD = 4
	OPTIMIZATION_PRECISION = 0.001
	MAXIMUM_ITERATIONS_PER_VARIABLE = 5000

Initial parameter values

nCnMqJwD.model_MGREV.theta_GT = 1
nCnMqJwD.model_MGREV.theta_CT = 1
nCnMqJwD.model_MGREV.theta_CG = 1
nCnMqJwD.model_MGREV.theta_AC = 1
nCnMqJwD.model_MGREV.theta_AT = 1
nCnMqJwD.model_MGREV.omega_0 = 1
nCnMqJwD.tree_0.Leptosomus_discolor.alpha = 2.12206e-05
nCnMqJwD.tree_0.Colius_striatus.alpha = 5.23189e-05
nCnMqJwD.tree_0.Node2.alpha = 0
nCnMqJwD.tree_0.Tyto_alba.alpha = 1.81092e-05
nCnMqJwD.tree_0.Node1.alpha = 0.1
nCnMqJwD.tree_0.Haliaeetus_leucocephalus.alpha = 4.54603e-06
nCnMqJwD.tree_0.Aquila_chrysaetos.alpha = 5.01947e-06
nCnMqJwD.tree_0.Node6.alpha = 0
nCnMqJwD.tree_0.Corvus_moneduloides.alpha = 8.25676e-05
nCnMqJwD.tree_0.Falco_peregrinus.alpha = 2.83978e-06
nCnMqJwD.tree_0.Falco_tinnunculus.alpha = 1.94294e-06
nCnMqJwD.tree_0.Node11.alpha = 1.07235e-06
nCnMqJwD.tree_0.Node9.alpha = 1.38773e-05
nCnMqJwD.model_MGREV.omega_1 = 1
Failing bound checks on nCnMqJwD.tree_0.Node6.beta =         10000.31987865988
Optimization finished in 31 loop passes.
2174 likelihood evaluation calls and 11703 matrix exponentiations calls were made

Row and/or column partition is empty. All the data will be used by default.
Auto-benchmarked an optimal number (3) of threads.
Set GUI update interval to every 2906-th LF evaluation.
Optimization settings:
	OPTIMIZATION_METHOD = 4
	OPTIMIZATION_PRECISION = 0.001
	MAXIMUM_ITERATIONS_PER_VARIABLE = 5000

Initial parameter values

frequencies._aux.CF3x4.p0_0 = 0.349432
frequencies._aux.CF3x4.p0_1 = 0.262009
frequencies._aux.CF3x4.p0_2 = 0.494083
frequencies._aux.CF3x4.p1_0 = 0.253906
frequencies._aux.CF3x4.p1_1 = 0.306997
frequencies._aux.CF3x4.p1_2 = 0.267857
frequencies._aux.CF3x4.p2_0 = 0.256037
frequencies._aux.CF3x4.p2_1 = 0.318377
frequencies._aux.CF3x4.p2_2 = 0.392857
Optimization finished in 4 loop passes.
166 likelihood evaluation calls and 0 matrix exponentiations calls were made

Variable 'nCnMqJwD.model_MGREV_pi' was not initialized prior to being used
Model nCnMqJwD.model_MGREV assigned to Leptosomus_discolor
Model nCnMqJwD.model_MGREV assigned to Colius_striatus
Model nCnMqJwD.model_MGREV assigned to Node2
Model nCnMqJwD.model_MGREV assigned to Tyto_alba
Model nCnMqJwD.model_MGREV assigned to Node1
Model nCnMqJwD.model_MGREV assigned to Haliaeetus_leucocephalus
Model nCnMqJwD.model_MGREV assigned to Aquila_chrysaetos
Model nCnMqJwD.model_MGREV assigned to Node6
Model nCnMqJwD.model_MGREV assigned to Corvus_moneduloides
Model nCnMqJwD.model_MGREV assigned to Falco_peregrinus
Model nCnMqJwD.model_MGREV assigned to Falco_tinnunculus
Model nCnMqJwD.model_MGREV assigned to Node11
Model nCnMqJwD.model_MGREV assigned to Node9
The tips of the tree:nCnMqJwD.tree_0 were matched with the species names from the data in the following numeric order (0-based) {4,7,3,2,1,0,5,6}

Pseudo-optimal path's cost 2288 vs 3226 for 1..k=> a 1.40997 x improvement
Partition 0 reversible model flag computed as 1
Variable 'nCnMqJwD.tree_0.Falco_tinnunculus.alpha' was not initialized prior to being used
Variable 'nCnMqJwD.tree_0.Falco_peregrinus.alpha' was not initialized prior to being used
Variable 'nCnMqJwD.tree_0.Node11.alpha' was not initialized prior to being used
Variable 'nCnMqJwD.tree_0.Node2.alpha' was not initialized prior to being used
Variable 'nCnMqJwD.tree_0.Corvus_moneduloides.alpha' was not initialized prior to being used
Variable 'nCnMqJwD.tree_0.Node6.alpha' was not initialized prior to being used
Variable 'nCnMqJwD.tree_0.Aquila_chrysaetos.alpha' was not initialized prior to being used
Variable 'nCnMqJwD.tree_0.Haliaeetus_leucocephalus.alpha' was not initialized prior to being used
Variable 'nCnMqJwD.tree_0.Node1.alpha' was not initialized prior to being used
Variable 'nCnMqJwD.tree_0.Tyto_alba.alpha' was not initialized prior to being used
Variable 'nCnMqJwD.tree_0.Colius_striatus.alpha' was not initialized prior to being used
Variable 'nCnMqJwD.tree_0.Leptosomus_discolor.alpha' was not initialized prior to being used
Variable 'nCnMqJwD.tree_0.Node9.alpha' was not initialized prior to being used
Site 21 evaluated to a 0 probability in ComputeTreeBlockByBranch
Site 21 evaluated to a 0 probability in ComputeTreeBlockByBranch
Site 74 evaluated to a 0 probability in ComputeTreeBlockByBranch
Site 157 evaluated to a 0 probability in ComputeTreeBlockByBranch
Site 21 evaluated to a 0 probability in ComputeTreeBlockByBranch
Site 237 evaluated to a 0 probability in ComputeTreeBlockByBranch
Auto-benchmarked an optimal number (2) of threads.
Set GUI update interval to every 200-th LF evaluation.
Initial guess for nCnMqJwD.tree_0.Node2.alpha is -1.46353e-06
Initial guess for nCnMqJwD.tree_0.Leptosomus_discolor.alpha is 2.12206e-05
Initial guess for nCnMqJwD.tree_0.Colius_striatus.alpha is 5.23189e-05
Initial guess for nCnMqJwD.tree_0.Tyto_alba.alpha is 1.81092e-05
Initial guess for nCnMqJwD.tree_0.Node6.alpha is -2.26629e-06
Initial guess for nCnMqJwD.tree_0.Haliaeetus_leucocephalus.alpha is 4.54603e-06
Initial guess for nCnMqJwD.tree_0.Aquila_chrysaetos.alpha is 5.01947e-06
Initial guess for nCnMqJwD.tree_0.Node9.alpha is 1.38773e-05
Initial guess for nCnMqJwD.tree_0.Corvus_moneduloides.alpha is 8.25676e-05
Initial guess for nCnMqJwD.tree_0.Node11.alpha is 1.07235e-06
Initial guess for nCnMqJwD.tree_0.Falco_peregrinus.alpha is 2.83978e-06
Initial guess for nCnMqJwD.tree_0.Falco_tinnunculus.alpha is 1.94294e-06
Optimization settings:
	OPTIMIZATION_METHOD = 4
	OPTIMIZATION_PRECISION = 0.001
	MAXIMUM_ITERATIONS_PER_VARIABLE = 5000

Initial parameter values

nCnMqJwD.model_MGREV.theta_CG = 1
nCnMqJwD.model_MGREV.theta_CT = 1
nCnMqJwD.model_MGREV.theta_GT = 1
nCnMqJwD.model_MGREV.theta_AT = 1
nCnMqJwD.model_MGREV.theta_AC = 1
nCnMqJwD.model_MGREV.omega_0 = 1
nCnMqJwD.tree_0.Leptosomus_discolor.alpha = 2.12206e-05
nCnMqJwD.tree_0.Colius_striatus.alpha = 5.23189e-05
nCnMqJwD.tree_0.Node2.alpha = 0
nCnMqJwD.tree_0.Tyto_alba.alpha = 1.81092e-05
nCnMqJwD.tree_0.Node1.alpha = 0.1
nCnMqJwD.tree_0.Haliaeetus_leucocephalus.alpha = 4.54603e-06
nCnMqJwD.tree_0.Aquila_chrysaetos.alpha = 5.01947e-06
nCnMqJwD.tree_0.Node6.alpha = 0
nCnMqJwD.tree_0.Corvus_moneduloides.alpha = 8.25676e-05
nCnMqJwD.tree_0.Falco_peregrinus.alpha = 2.83978e-06
nCnMqJwD.tree_0.Falco_tinnunculus.alpha = 1.94294e-06
nCnMqJwD.tree_0.Node11.alpha = 1.07235e-06
nCnMqJwD.tree_0.Node9.alpha = 1.38773e-05
nCnMqJwD.model_MGREV.omega_1 = 1
Failing bound checks on nCnMqJwD.tree_0.Node6.beta =         10000.31987865988
Failing bound checks on nCnMqJwD.tree_0.Corvus_moneduloides.beta =         18402.99548878118
Optimization finished in 25 loop passes.
1882 likelihood evaluation calls and 11459 matrix exponentiations calls were made

Overwritten previously defined function:'spzhnXOq.rate_generator'
Overwritten previously defined function:'spzhnXOq.rate_generator'
Auto-benchmarked an optimal number (2) of threads.
Set GUI update interval to every 2890-th LF evaluation.
Optimization settings:
	OPTIMIZATION_METHOD = 4
	OPTIMIZATION_PRECISION = 0.001
	MAXIMUM_ITERATIONS_PER_VARIABLE = 5000

Initial parameter values

frequencies._aux.CF3x4.p0_0 = 0.349432
frequencies._aux.CF3x4.p0_1 = 0.262009
frequencies._aux.CF3x4.p0_2 = 0.494083
frequencies._aux.CF3x4.p1_0 = 0.253906
frequencies._aux.CF3x4.p1_1 = 0.306997
frequencies._aux.CF3x4.p1_2 = 0.267857
frequencies._aux.CF3x4.p2_0 = 0.256037
frequencies._aux.CF3x4.p2_1 = 0.318377
frequencies._aux.CF3x4.p2_2 = 0.392857
Optimization finished in 4 loop passes.
165 likelihood evaluation calls and 0 matrix exponentiations calls were made

Variable 'busted.test_pi' was not initialized prior to being used
Overwritten previously defined function:'spzhnXOq.rate_generator'
Overwritten previously defined function:'spzhnXOq.rate_generator'
Overwritten previously defined function:'spzhnXOq.rate_generator'
Auto-benchmarked an optimal number (3) of threads.
Set GUI update interval to every 2873-th LF evaluation.
Optimization settings:
	OPTIMIZATION_METHOD = 4
	OPTIMIZATION_PRECISION = 0.001
	MAXIMUM_ITERATIONS_PER_VARIABLE = 5000

Initial parameter values

frequencies._aux.CF3x4.p0_0 = 0.349432
frequencies._aux.CF3x4.p0_1 = 0.262009
frequencies._aux.CF3x4.p0_2 = 0.494083
frequencies._aux.CF3x4.p1_0 = 0.253906
frequencies._aux.CF3x4.p1_1 = 0.306997
frequencies._aux.CF3x4.p1_2 = 0.267857
frequencies._aux.CF3x4.p2_0 = 0.256037
frequencies._aux.CF3x4.p2_1 = 0.318377
frequencies._aux.CF3x4.p2_2 = 0.392857
Optimization finished in 4 loop passes.
166 likelihood evaluation calls and 0 matrix exponentiations calls were made

Variable 'busted.background_pi' was not initialized prior to being used
Variable 'ASSUME_REVERSIBLE_MODELS' was not initialized prior to being used
No nodel was assigned to Leptosomus_discolor
No nodel was assigned to Colius_striatus
No nodel was assigned to Node2
No nodel was assigned to Tyto_alba
No nodel was assigned to Node1
No nodel was assigned to Haliaeetus_leucocephalus
No nodel was assigned to Aquila_chrysaetos
No nodel was assigned to Node6
No nodel was assigned to Corvus_moneduloides
No nodel was assigned to Falco_peregrinus
No nodel was assigned to Falco_tinnunculus
No nodel was assigned to Node11
No nodel was assigned to Node9
The tips of the tree:tuCeWsQI.tree_id_0 were matched with the species names from the data in the following numeric order (0-based) {4,7,3,2,1,0,5,6}

Pseudo-optimal path's cost 2288 vs 3226 for 1..k=> a 1.40997 x improvement
Partition 0 is ASSUMED to have a reversible model
busted.background.theta_AC was already constrained in estimators.SetGlobals2
busted.background.theta_AG was already constrained in estimators.SetGlobals2
busted.background.theta_AT was already constrained in estimators.SetGlobals2
busted.background.theta_CG was already constrained in estimators.SetGlobals2
busted.background.theta_CT was already constrained in estimators.SetGlobals2
busted.background.theta_GT was already constrained in estimators.SetGlobals2
busted.test.theta_AG was already constrained in estimators.SetGlobals2
Variable 'tuCeWsQI.tree_id_0.Leptosomus_discolor.t' was not initialized prior to being used
models.generic.SetBranchLength: tuCeWsQI.tree_id_0.Leptosomus_discolor.t=0.3219122008996381
Variable 'tuCeWsQI.tree_id_0.Colius_striatus.t' was not initialized prior to being used
models.generic.SetBranchLength: tuCeWsQI.tree_id_0.Colius_striatus.t=0.9025178733417604
Variable 'tuCeWsQI.tree_id_0.Node2.t' was not initialized prior to being used
models.generic.SetBranchLength: tuCeWsQI.tree_id_0.Node2.t=0
Variable 'tuCeWsQI.tree_id_0.Tyto_alba.t' was not initialized prior to being used
models.generic.SetBranchLength: tuCeWsQI.tree_id_0.Tyto_alba.t=0.2803673107014836
Variable 'tuCeWsQI.tree_id_0.Node1.t' was not initialized prior to being used
models.generic.SetBranchLength: tuCeWsQI.tree_id_0.Node1.t=0
Variable 'tuCeWsQI.tree_id_0.Haliaeetus_leucocephalus.t' was not initialized prior to being used
models.generic.SetBranchLength: tuCeWsQI.tree_id_0.Haliaeetus_leucocephalus.t=0.07211050994895524
Variable 'tuCeWsQI.tree_id_0.Aquila_chrysaetos.t' was not initialized prior to being used
models.generic.SetBranchLength: tuCeWsQI.tree_id_0.Aquila_chrysaetos.t=0.06892700130129695
Variable 'tuCeWsQI.tree_id_0.Node6.t' was not initialized prior to being used
models.generic.SetBranchLength: tuCeWsQI.tree_id_0.Node6.t=0.2153031294448862
Variable 'tuCeWsQI.tree_id_0.Corvus_moneduloides.t' was not initialized prior to being used
models.generic.SetBranchLength: tuCeWsQI.tree_id_0.Corvus_moneduloides.t=0.8998591263766287
Variable 'tuCeWsQI.tree_id_0.Falco_peregrinus.t' was not initialized prior to being used
models.generic.SetBranchLength: tuCeWsQI.tree_id_0.Falco_peregrinus.t=0.04214720416790563
Variable 'tuCeWsQI.tree_id_0.Falco_tinnunculus.t' was not initialized prior to being used
models.generic.SetBranchLength: tuCeWsQI.tree_id_0.Falco_tinnunculus.t=0.02656597057534219
Variable 'tuCeWsQI.tree_id_0.Node11.t' was not initialized prior to being used
models.generic.SetBranchLength: tuCeWsQI.tree_id_0.Node11.t=0.5175240868232124
Variable 'tuCeWsQI.tree_id_0.Node9.t' was not initialized prior to being used
models.generic.SetBranchLength: tuCeWsQI.tree_id_0.Node9.t=0.3437113817409991
Variable 'tuCeWsQI.tuCeWsQI.likelihoodFunction' was not initialized prior to being used
Auto-benchmarked an optimal number (6) of threads.
Set GUI update interval to every 10-th LF evaluation.
Optimization settings:
	OPTIMIZATION_METHOD = 4
	OPTIMIZATION_PRECISION = 0.001
	MAXIMUM_ITERATIONS_PER_VARIABLE = 5000

Initial parameter values

busted.test.theta_GT = 0.225567
busted.test.theta_CT = 0.912932
busted.test.theta_AC = 0.293986
busted.test.theta_CG = 0.328726
busted.test.theta_AT = 0.197902
busted.background.omega3 = 9.52381
busted.background.omega2 = 0.238095
busted.background.omega1 = 0
busted.background.bsrel_mixture_aux_1 = 0.666667
busted.test.bsrel_mixture_aux_0 = 0.7
busted.background.bsrel_mixture_aux_0 = 0.7
busted.test.omega1 = 0
busted.test.bsrel_mixture_aux_1 = 0.666667
busted.test.omega3 = 9.52381
busted.test.omega2 = 0.238095
tuCeWsQI.tree_id_0.Leptosomus_discolor.t = 0.321912
tuCeWsQI.tree_id_0.Colius_striatus.t = 0.902518
tuCeWsQI.tree_id_0.Node2.t = 0
tuCeWsQI.tree_id_0.Tyto_alba.t = 0.280367
tuCeWsQI.tree_id_0.Node1.t = 0
tuCeWsQI.tree_id_0.Haliaeetus_leucocephalus.t = 0.0721105
tuCeWsQI.tree_id_0.Aquila_chrysaetos.t = 0.068927
tuCeWsQI.tree_id_0.Node6.t = 0.215303
tuCeWsQI.tree_id_0.Corvus_moneduloides.t = 0.899859
tuCeWsQI.tree_id_0.Falco_peregrinus.t = 0.0421472
tuCeWsQI.tree_id_0.Falco_tinnunculus.t = 0.026566
tuCeWsQI.tree_id_0.Node11.t = 0.517524
tuCeWsQI.tree_id_0.Node9.t = 0.343711
Optimization finished in 27 loop passes.
3136 likelihood evaluation calls and 64461 matrix exponentiations calls were made

Variable 'DyaWaFPK.tuCeWsQI.likelihoodFunction' was not initialized prior to being used
Auto-benchmarked an optimal number (3) of threads.
Set GUI update interval to every 10-th LF evaluation.
Optimization settings:
	OPTIMIZATION_METHOD = 4
	OPTIMIZATION_PRECISION = 0.001
	MAXIMUM_ITERATIONS_PER_VARIABLE = 5000

Initial parameter values

busted.test.theta_GT = 0.169424
busted.test.theta_CT = 0.835733
busted.test.theta_AC = 0.253006
busted.test.theta_CG = 0.29125
busted.test.theta_AT = 0.139265
busted.background.omega3 = 1.77437
busted.background.omega1 = 0.152756
busted.background.bsrel_mixture_aux_1 = 0.745318
busted.background.omega2 = 0.373344
busted.background.bsrel_mixture_aux_0 = 0.753887
busted.test.bsrel_mixture_aux_0 = 0.773339
busted.test.omega1 = 0.767155
busted.test.omega2 = 0.582831
busted.test.bsrel_mixture_aux_1 = 0.841501
tuCeWsQI.tree_id_0.Leptosomus_discolor.t = 0.229248
tuCeWsQI.tree_id_0.Colius_striatus.t = 0.680821
tuCeWsQI.tree_id_0.Node2.t = 0
tuCeWsQI.tree_id_0.Tyto_alba.t = 0.220337
tuCeWsQI.tree_id_0.Node1.t = 0
tuCeWsQI.tree_id_0.Haliaeetus_leucocephalus.t = 0.0512748
tuCeWsQI.tree_id_0.Aquila_chrysaetos.t = 0.0519314
tuCeWsQI.tree_id_0.Node6.t = 0.171304
tuCeWsQI.tree_id_0.Corvus_moneduloides.t = 0.455047
tuCeWsQI.tree_id_0.Falco_peregrinus.t = 0.0315704
tuCeWsQI.tree_id_0.Falco_tinnunculus.t = 0.0189784
tuCeWsQI.tree_id_0.Node11.t = 0.189693
tuCeWsQI.tree_id_0.Node9.t = 0
Optimization finished in 11 loop passes.
846 likelihood evaluation calls and 16359 matrix exponentiations calls were made

Variable 'USE_JSON_FOR_MATRIX' was not initialized prior to being used