
Loaded 'libv3/all-terms.bf' from /usr/local/lib/hyphy/TemplateBatchFiles/libv3/all-terms.bf
Loaded 'libv3/UtilityFunctions.bf' from /usr/local/lib/hyphy/TemplateBatchFiles/libv3/UtilityFunctions.bf
Loaded 'IOFunctions.bf' from /usr/local/lib/hyphy/TemplateBatchFiles/libv3/IOFunctions.bf
Already loaded 'libv3/UtilityFunctions.bf' from /usr/local/lib/hyphy/TemplateBatchFiles/libv3/UtilityFunctions.bf
Loaded 'convenience/regexp.bf' from /usr/local/lib/hyphy/TemplateBatchFiles/libv3/convenience/regexp.bf
Already loaded 'libv3/all-terms.bf' from /usr/local/lib/hyphy/TemplateBatchFiles/libv3/all-terms.bf
Already loaded 'libv3/IOFunctions.bf' from /usr/local/lib/hyphy/TemplateBatchFiles/libv3/IOFunctions.bf
Loaded 'libv3/tasks/estimators.bf' from /usr/local/lib/hyphy/TemplateBatchFiles/libv3/tasks/estimators.bf
Loaded '../models/model_functions.bf' from /usr/local/lib/hyphy/TemplateBatchFiles/libv3/models/model_functions.bf
Loaded 'DNA.bf' from /usr/local/lib/hyphy/TemplateBatchFiles/libv3/models/DNA.bf
Loaded 'frequencies.bf' from /usr/local/lib/hyphy/TemplateBatchFiles/libv3/models/frequencies.bf
Already loaded '../all-terms.bf' from /usr/local/lib/hyphy/TemplateBatchFiles/libv3/all-terms.bf
Loaded 'parameters.bf' from /usr/local/lib/hyphy/TemplateBatchFiles/libv3/models/parameters.bf
Loaded 'GrabBag' from /usr/local/lib/hyphy/TemplateBatchFiles/Utility/GrabBag.bf
Overwritten previously defined function:'_sortStringsAux'
Already loaded 'libv3/all-terms.bf' from /usr/local/lib/hyphy/TemplateBatchFiles/libv3/all-terms.bf
Already loaded '../UtilityFunctions.bf' from /usr/local/lib/hyphy/TemplateBatchFiles/libv3/UtilityFunctions.bf
Already loaded 'model_functions.bf' from /usr/local/lib/hyphy/TemplateBatchFiles/libv3/models/model_functions.bf
Already loaded 'libv3/all-terms.bf' from /usr/local/lib/hyphy/TemplateBatchFiles/libv3/all-terms.bf
Already loaded 'parameters.bf' from /usr/local/lib/hyphy/TemplateBatchFiles/libv3/models/parameters.bf
Already loaded 'frequencies.bf' from /usr/local/lib/hyphy/TemplateBatchFiles/libv3/models/frequencies.bf
Already loaded '../UtilityFunctions.bf' from /usr/local/lib/hyphy/TemplateBatchFiles/libv3/UtilityFunctions.bf
Already loaded '../convenience/regexp.bf' from /usr/local/lib/hyphy/TemplateBatchFiles/libv3/convenience/regexp.bf
Loaded '../models/DNA/GTR.bf' from /usr/local/lib/hyphy/TemplateBatchFiles/libv3/models/DNA/GTR.bf
Already loaded '../DNA.bf' from /usr/local/lib/hyphy/TemplateBatchFiles/libv3/models/DNA.bf
Already loaded '../parameters.bf' from /usr/local/lib/hyphy/TemplateBatchFiles/libv3/models/parameters.bf
Already loaded '../frequencies.bf' from /usr/local/lib/hyphy/TemplateBatchFiles/libv3/models/frequencies.bf
Already loaded '../../UtilityFunctions.bf' from /usr/local/lib/hyphy/TemplateBatchFiles/libv3/UtilityFunctions.bf
Already loaded 'libv3/all-terms.bf' from /usr/local/lib/hyphy/TemplateBatchFiles/libv3/all-terms.bf
Already loaded '../convenience/regexp.bf' from /usr/local/lib/hyphy/TemplateBatchFiles/libv3/convenience/regexp.bf
Already loaded 'libv3/all-terms.bf' from /usr/local/lib/hyphy/TemplateBatchFiles/libv3/all-terms.bf
Loaded 'libv3/tasks/alignments.bf' from /usr/local/lib/hyphy/TemplateBatchFiles/libv3/tasks/alignments.bf
Already loaded '../IOFunctions.bf' from /usr/local/lib/hyphy/TemplateBatchFiles/libv3/IOFunctions.bf
Already loaded '../all-terms.bf' from /usr/local/lib/hyphy/TemplateBatchFiles/libv3/all-terms.bf
Loaded 'libv3/models/codon.bf' from /usr/local/lib/hyphy/TemplateBatchFiles/libv3/models/codon.bf
Loaded '../tasks/genetic_code.bf' from /usr/local/lib/hyphy/TemplateBatchFiles/libv3/tasks/genetic_code.bf
Loaded 'libv3/convenience/matrix.bf' from /usr/local/lib/hyphy/TemplateBatchFiles/libv3/convenience/matrix.bf
Already loaded 'libv3/UtilityFunctions.bf' from /usr/local/lib/hyphy/TemplateBatchFiles/libv3/UtilityFunctions.bf
Already loaded 'libv3/all-terms.bf' from /usr/local/lib/hyphy/TemplateBatchFiles/libv3/all-terms.bf
Already loaded '../UtilityFunctions.bf' from /usr/local/lib/hyphy/TemplateBatchFiles/libv3/UtilityFunctions.bf
Loaded 'libv3/tasks/trees.bf' from /usr/local/lib/hyphy/TemplateBatchFiles/libv3/tasks/trees.bf
Already loaded '../IOFunctions.bf' from /usr/local/lib/hyphy/TemplateBatchFiles/libv3/IOFunctions.bf
Already loaded '../all-terms.bf' from /usr/local/lib/hyphy/TemplateBatchFiles/libv3/all-terms.bf
Already loaded '../convenience/regexp.bf' from /usr/local/lib/hyphy/TemplateBatchFiles/libv3/convenience/regexp.bf
Already loaded '../UtilityFunctions.bf' from /usr/local/lib/hyphy/TemplateBatchFiles/libv3/UtilityFunctions.bf
Loaded 'TreeTools' from /usr/local/lib/hyphy/TemplateBatchFiles/TreeTools.ibf
Already loaded 'libv3/tasks/genetic_code.bf' from /usr/local/lib/hyphy/TemplateBatchFiles/libv3/tasks/genetic_code.bf
Loaded 'modules/io_functions.ibf' from /usr/local/lib/hyphy/TemplateBatchFiles/SelectionAnalyses/modules/io_functions.ibf
Already loaded 'libv3/UtilityFunctions.bf' from /usr/local/lib/hyphy/TemplateBatchFiles/libv3/UtilityFunctions.bf
Already loaded 'libv3/IOFunctions.bf' from /usr/local/lib/hyphy/TemplateBatchFiles/libv3/IOFunctions.bf
Already loaded 'libv3/convenience/regexp.bf' from /usr/local/lib/hyphy/TemplateBatchFiles/libv3/convenience/regexp.bf
Already loaded 'libv3/all-terms.bf' from /usr/local/lib/hyphy/TemplateBatchFiles/libv3/all-terms.bf
Loaded 'modules/selection_lib.ibf' from /usr/local/lib/hyphy/TemplateBatchFiles/SelectionAnalyses/modules/selection_lib.ibf
Loaded 'libv3/models/codon/BS_REL.bf' from /usr/local/lib/hyphy/TemplateBatchFiles/libv3/models/codon/BS_REL.bf
Already loaded '../codon.bf' from /usr/local/lib/hyphy/TemplateBatchFiles/libv3/models/codon.bf
Already loaded '../DNA.bf' from /usr/local/lib/hyphy/TemplateBatchFiles/libv3/models/DNA.bf
Already loaded '../parameters.bf' from /usr/local/lib/hyphy/TemplateBatchFiles/libv3/models/parameters.bf
Already loaded '../frequencies.bf' from /usr/local/lib/hyphy/TemplateBatchFiles/libv3/models/frequencies.bf
Already loaded '../../UtilityFunctions.bf' from /usr/local/lib/hyphy/TemplateBatchFiles/libv3/UtilityFunctions.bf
Loaded 'MG_REV.bf' from /usr/local/lib/hyphy/TemplateBatchFiles/libv3/models/codon/MG_REV.bf
Already loaded '../codon.bf' from /usr/local/lib/hyphy/TemplateBatchFiles/libv3/models/codon.bf
Already loaded '../DNA.bf' from /usr/local/lib/hyphy/TemplateBatchFiles/libv3/models/DNA.bf
Already loaded '../parameters.bf' from /usr/local/lib/hyphy/TemplateBatchFiles/libv3/models/parameters.bf
Already loaded '../frequencies.bf' from /usr/local/lib/hyphy/TemplateBatchFiles/libv3/models/frequencies.bf
Already loaded '../../UtilityFunctions.bf' from /usr/local/lib/hyphy/TemplateBatchFiles/libv3/UtilityFunctions.bf
Loaded '../../convenience/math.bf' from /usr/local/lib/hyphy/TemplateBatchFiles/libv3/convenience/math.bf
Already loaded 'libv3/UtilityFunctions.bf' from /usr/local/lib/hyphy/TemplateBatchFiles/libv3/UtilityFunctions.bf
Already loaded 'libv3/convenience/math.bf' from /usr/local/lib/hyphy/TemplateBatchFiles/libv3/convenience/math.bf
Variable 'NORMALIZE_SEQUENCE_NAMES' was not initialized prior to being used
Loaded 'modules/shared-load-file.bf' from /usr/local/lib/hyphy/TemplateBatchFiles/SelectionAnalyses/modules/shared-load-file.bf
Variable 'MARKDOWN_OUTPUT' was not initialized prior to being used
Already loaded 'libv3/convenience/matrix.bf' from /usr/local/lib/hyphy/TemplateBatchFiles/libv3/convenience/matrix.bf
Already loaded 'libv3/UtilityFunctions.bf' from /usr/local/lib/hyphy/TemplateBatchFiles/libv3/UtilityFunctions.bf
Variable 'RsxadcaY.skipCodeSelectionStep' was not initialized prior to being used
Row and/or column partition is empty. All the data will be used by default.
Variable 'NEXUS_FILE_TREE_MATRIX' was not initialized prior to being used
Variable 'utility.ToggleEnvVariable.cache' was not initialized prior to being used
Variable 'TREE_NODE_NAME_MAPPING' was not initialized prior to being used
Variable 'RIqLgqec.PROMPT_FOR_FILE' was not initialized prior to being used
Variable 'END_OF_FILE' was not initialized prior to being used
Variable '_DO_TREE_REBALANCE_' was not initialized prior to being used
Variable '_KEEP_I_LABELS_' was not initialized prior to being used
Variable 'INCLUDE_MODEL_SPECS' was not initialized prior to being used
Variable 'utility.ForEachPair.warn_non_rentrant' was not initialized prior to being used
Row and/or column partition is empty. All the data will be used by default.
Row and/or column partition is empty. All the data will be used by default.
Variable '_GQIaeiH.cache' was not initialized prior to being used
Row and/or column partition is empty. All the data will be used by default.
Variable 'COUNT_GAPS_IN_FREQUENCIES' was not initialized prior to being used
Variable 'gGuFvCTE.model_pi' was not initialized prior to being used
Model gGuFvCTE.model assigned to Leptosomus_discolor
Model gGuFvCTE.model assigned to Colius_striatus
Model gGuFvCTE.model assigned to Node2
Model gGuFvCTE.model assigned to Tyto_alba
Model gGuFvCTE.model assigned to Node1
Model gGuFvCTE.model assigned to Haliaeetus_leucocephalus
Model gGuFvCTE.model assigned to Aquila_chrysaetos
Model gGuFvCTE.model assigned to Node6
Model gGuFvCTE.model assigned to Zonotrichia_albicollis
Model gGuFvCTE.model assigned to Falco_peregrinus
Model gGuFvCTE.model assigned to Falco_tinnunculus
Model gGuFvCTE.model assigned to Node11
Model gGuFvCTE.model assigned to Node9
The tips of the tree:gGuFvCTE.tree_0 were matched with the species names from the data in the following numeric order (0-based) {7,1,6,5,4,0,2,3}

Pseudo-optimal path's cost 990 vs 1706 for 1..k=> a 1.72323 x improvement
Partition 0 reversible model flag computed as 1
Variable 'USE_LAST_RESULTS' was not initialized prior to being used
Variable 'gGuFvCTE.tree_0.Leptosomus_discolor.t' was not initialized prior to being used
models.generic.SetBranchLength: gGuFvCTE.tree_0.Leptosomus_discolor.t=180.0699896532461
Variable 'gGuFvCTE.tree_0.Colius_striatus.t' was not initialized prior to being used
models.generic.SetBranchLength: gGuFvCTE.tree_0.Colius_striatus.t=180.0699896532461
Variable 'gGuFvCTE.tree_0.Node2.t' was not initialized prior to being used
models.generic.SetBranchLength: gGuFvCTE.tree_0.Node2.t=7.020056337866559
Variable 'gGuFvCTE.tree_0.Tyto_alba.t' was not initialized prior to being used
models.generic.SetBranchLength: gGuFvCTE.tree_0.Tyto_alba.t=184.825876542306
Variable 'gGuFvCTE.tree_0.Node1.t' was not initialized prior to being used
models.generic.SetBranchLength: gGuFvCTE.tree_0.Node1.t=5.292287088850743
Variable 'gGuFvCTE.tree_0.Haliaeetus_leucocephalus.t' was not initialized prior to being used
models.generic.SetBranchLength: gGuFvCTE.tree_0.Haliaeetus_leucocephalus.t=77.76950514049055
Variable 'gGuFvCTE.tree_0.Aquila_chrysaetos.t' was not initialized prior to being used
models.generic.SetBranchLength: gGuFvCTE.tree_0.Aquila_chrysaetos.t=77.76950514049055
Variable 'gGuFvCTE.tree_0.Node6.t' was not initialized prior to being used
models.generic.SetBranchLength: gGuFvCTE.tree_0.Node6.t=114.6128279394729
Variable 'gGuFvCTE.tree_0.Zonotrichia_albicollis.t' was not initialized prior to being used
models.generic.SetBranchLength: gGuFvCTE.tree_0.Zonotrichia_albicollis.t=180.4391643450957
Variable 'gGuFvCTE.tree_0.Falco_peregrinus.t' was not initialized prior to being used
models.generic.SetBranchLength: gGuFvCTE.tree_0.Falco_peregrinus.t=19.01677220483117
Variable 'gGuFvCTE.tree_0.Falco_tinnunculus.t' was not initialized prior to being used
models.generic.SetBranchLength: gGuFvCTE.tree_0.Falco_tinnunculus.t=19.01677220483117
Variable 'gGuFvCTE.tree_0.Node11.t' was not initialized prior to being used
models.generic.SetBranchLength: gGuFvCTE.tree_0.Node11.t=161.4223921402645
Variable 'gGuFvCTE.tree_0.Node9.t' was not initialized prior to being used
models.generic.SetBranchLength: gGuFvCTE.tree_0.Node9.t=11.94316873486773
Variable 'gGuFvCTE.gGuFvCTE.likelihoodFunction' was not initialized prior to being used
Variable 'SAVE_OPT_STATUS_TO' was not initialized prior to being used
Auto-benchmarked an optimal number (1) of threads.
Set GUI update interval to every 3731-th LF evaluation.
Optimization settings:
	OPTIMIZATION_METHOD = 4
	OPTIMIZATION_PRECISION = 0.001
	MAXIMUM_ITERATIONS_PER_VARIABLE = 5000

Initial parameter values

gGuFvCTE.model.theta_GT = 0.25
gGuFvCTE.model.theta_CT = 1
gGuFvCTE.model.theta_AC = 0.25
gGuFvCTE.model.theta_CG = 0.25
gGuFvCTE.model.theta_AT = 0.25
gGuFvCTE.tree_0.Leptosomus_discolor.t = 180.07
gGuFvCTE.tree_0.Colius_striatus.t = 180.07
gGuFvCTE.tree_0.Node2.t = 7.02006
gGuFvCTE.tree_0.Tyto_alba.t = 184.826
gGuFvCTE.tree_0.Node1.t = 5.29229
gGuFvCTE.tree_0.Haliaeetus_leucocephalus.t = 77.7695
gGuFvCTE.tree_0.Aquila_chrysaetos.t = 77.7695
gGuFvCTE.tree_0.Node6.t = 114.613
gGuFvCTE.tree_0.Zonotrichia_albicollis.t = 180.439
gGuFvCTE.tree_0.Falco_peregrinus.t = 19.0168
gGuFvCTE.tree_0.Falco_tinnunculus.t = 19.0168
gGuFvCTE.tree_0.Node11.t = 161.422
gGuFvCTE.tree_0.Node9.t = 11.9432
Optimization finished in 30 loop passes.
1597 likelihood evaluation calls and 9151 matrix exponentiations calls were made

Variable 'BRANCH_LENGTH_STENCIL' was not initialized prior to being used
Variable 'gGuFvCTE.option' was not initialized prior to being used
Variable 'busted.terms.json.nucleotide_gtr' was not initialized prior to being used
Variable 'Unknown' was not initialized prior to being used
Variable 'KMZRbb_M.initial_value' was not initialized prior to being used
Variable 'XcFGXoix.data_filter' was not initialized prior to being used
Row and/or column partition is empty. All the data will be used by default.
Auto-benchmarked an optimal number (2) of threads.
Set GUI update interval to every 2840-th LF evaluation.
Optimization settings:
	OPTIMIZATION_METHOD = 4
	OPTIMIZATION_PRECISION = 0.001
	MAXIMUM_ITERATIONS_PER_VARIABLE = 5000

Initial parameter values

frequencies._aux.CF3x4.p0_0 = 0.348578
frequencies._aux.CF3x4.p0_1 = 0.265059
frequencies._aux.CF3x4.p0_2 = 0.490466
frequencies._aux.CF3x4.p1_0 = 0.257988
frequencies._aux.CF3x4.p1_1 = 0.309831
frequencies._aux.CF3x4.p1_2 = 0.269969
frequencies._aux.CF3x4.p2_0 = 0.256232
frequencies._aux.CF3x4.p2_1 = 0.319013
frequencies._aux.CF3x4.p2_2 = 0.393588
Optimization finished in 4 loop passes.
162 likelihood evaluation calls and 0 matrix exponentiations calls were made

Variable 'XcFGXoix.model_MGREV_pi' was not initialized prior to being used
Model XcFGXoix.model_MGREV assigned to Leptosomus_discolor
Model XcFGXoix.model_MGREV assigned to Colius_striatus
Model XcFGXoix.model_MGREV assigned to Node2
Model XcFGXoix.model_MGREV assigned to Tyto_alba
Model XcFGXoix.model_MGREV assigned to Node1
Model XcFGXoix.model_MGREV assigned to Haliaeetus_leucocephalus
Model XcFGXoix.model_MGREV assigned to Aquila_chrysaetos
Model XcFGXoix.model_MGREV assigned to Node6
Model XcFGXoix.model_MGREV assigned to Zonotrichia_albicollis
Model XcFGXoix.model_MGREV assigned to Falco_peregrinus
Model XcFGXoix.model_MGREV assigned to Falco_tinnunculus
Model XcFGXoix.model_MGREV assigned to Node11
Model XcFGXoix.model_MGREV assigned to Node9
The tips of the tree:XcFGXoix.tree_0 were matched with the species names from the data in the following numeric order (0-based) {7,1,6,5,4,0,2,3}

Pseudo-optimal path's cost 2338 vs 3324 for 1..k=> a 1.42173 x improvement
Partition 0 reversible model flag computed as 1
Variable 'XcFGXoix.XcFGXoix.likelihoodFunction' was not initialized prior to being used
Variable 'XcFGXoix.tree_0.Leptosomus_discolor.alpha' was not initialized prior to being used
Variable 'XcFGXoix.tree_0.Colius_striatus.alpha' was not initialized prior to being used
Variable 'XcFGXoix.tree_0.Node2.alpha' was not initialized prior to being used
Variable 'XcFGXoix.tree_0.Tyto_alba.alpha' was not initialized prior to being used
Variable 'XcFGXoix.tree_0.Node1.alpha' was not initialized prior to being used
Variable 'XcFGXoix.tree_0.Haliaeetus_leucocephalus.alpha' was not initialized prior to being used
Variable 'XcFGXoix.tree_0.Aquila_chrysaetos.alpha' was not initialized prior to being used
Variable 'XcFGXoix.tree_0.Node6.alpha' was not initialized prior to being used
Variable 'XcFGXoix.tree_0.Zonotrichia_albicollis.alpha' was not initialized prior to being used
Variable 'XcFGXoix.tree_0.Falco_peregrinus.alpha' was not initialized prior to being used
Variable 'XcFGXoix.tree_0.Falco_tinnunculus.alpha' was not initialized prior to being used
Variable 'XcFGXoix.tree_0.Node11.alpha' was not initialized prior to being used
Variable 'XcFGXoix.tree_0.Node9.alpha' was not initialized prior to being used
Site 20 evaluated to a 0 probability in ComputeTreeBlockByBranch
Site 26 evaluated to a 0 probability in ComputeTreeBlockByBranch
Site 20 evaluated to a 0 probability in ComputeTreeBlockByBranch
Auto-benchmarked an optimal number (1) of threads.
Set GUI update interval to every 101-th LF evaluation.
Initial guess for XcFGXoix.tree_0.Node2.alpha is -8.57543e-07
Initial guess for XcFGXoix.tree_0.Leptosomus_discolor.alpha is 2.00185e-05
Initial guess for XcFGXoix.tree_0.Colius_striatus.alpha is 5.18776e-05
Initial guess for XcFGXoix.tree_0.Tyto_alba.alpha is 1.73575e-05
Initial guess for XcFGXoix.tree_0.Node6.alpha is -1.86861e-06
Initial guess for XcFGXoix.tree_0.Haliaeetus_leucocephalus.alpha is 4.6152e-06
Initial guess for XcFGXoix.tree_0.Aquila_chrysaetos.alpha is 4.73655e-06
Initial guess for XcFGXoix.tree_0.Node9.alpha is 1.28782e-05
Initial guess for XcFGXoix.tree_0.Zonotrichia_albicollis.alpha is 8.62653e-05
Initial guess for XcFGXoix.tree_0.Node11.alpha is 3.1115e-06
Initial guess for XcFGXoix.tree_0.Falco_peregrinus.alpha is 2.77632e-06
Initial guess for XcFGXoix.tree_0.Falco_tinnunculus.alpha is 1.89952e-06
Optimization settings:
	OPTIMIZATION_METHOD = 4
	OPTIMIZATION_PRECISION = 0.001
	MAXIMUM_ITERATIONS_PER_VARIABLE = 5000

Initial parameter values

XcFGXoix.model_MGREV.theta_GT = 1
XcFGXoix.model_MGREV.theta_CT = 1
XcFGXoix.model_MGREV.theta_CG = 1
XcFGXoix.model_MGREV.theta_AC = 1
XcFGXoix.model_MGREV.theta_AT = 1
XcFGXoix.model_MGREV.omega_0 = 1
XcFGXoix.tree_0.Leptosomus_discolor.alpha = 2.00185e-05
XcFGXoix.tree_0.Colius_striatus.alpha = 5.18776e-05
XcFGXoix.tree_0.Node2.alpha = 0
XcFGXoix.tree_0.Tyto_alba.alpha = 1.73575e-05
XcFGXoix.tree_0.Node1.alpha = 0.1
XcFGXoix.tree_0.Haliaeetus_leucocephalus.alpha = 4.6152e-06
XcFGXoix.tree_0.Aquila_chrysaetos.alpha = 4.73655e-06
XcFGXoix.tree_0.Node6.alpha = 0
XcFGXoix.tree_0.Zonotrichia_albicollis.alpha = 8.62653e-05
XcFGXoix.tree_0.Falco_peregrinus.alpha = 2.77632e-06
XcFGXoix.tree_0.Falco_tinnunculus.alpha = 1.89952e-06
XcFGXoix.tree_0.Node11.alpha = 3.1115e-06
XcFGXoix.tree_0.Node9.alpha = 1.28782e-05
XcFGXoix.model_MGREV.omega_1 = 1
Failing bound checks on XcFGXoix.tree_0.Node6.beta =         10000.33409180928
Optimization finished in 25 loop passes.
1642 likelihood evaluation calls and 9092 matrix exponentiations calls were made

Row and/or column partition is empty. All the data will be used by default.
Auto-benchmarked an optimal number (3) of threads.
Set GUI update interval to every 2857-th LF evaluation.
Optimization settings:
	OPTIMIZATION_METHOD = 4
	OPTIMIZATION_PRECISION = 0.001
	MAXIMUM_ITERATIONS_PER_VARIABLE = 5000

Initial parameter values

frequencies._aux.CF3x4.p0_0 = 0.348578
frequencies._aux.CF3x4.p0_1 = 0.265059
frequencies._aux.CF3x4.p0_2 = 0.490466
frequencies._aux.CF3x4.p1_0 = 0.257988
frequencies._aux.CF3x4.p1_1 = 0.309831
frequencies._aux.CF3x4.p1_2 = 0.269969
frequencies._aux.CF3x4.p2_0 = 0.256232
frequencies._aux.CF3x4.p2_1 = 0.319013
frequencies._aux.CF3x4.p2_2 = 0.393588
Optimization finished in 4 loop passes.
163 likelihood evaluation calls and 0 matrix exponentiations calls were made

Variable 'XcFGXoix.model_MGREV_pi' was not initialized prior to being used
Model XcFGXoix.model_MGREV assigned to Leptosomus_discolor
Model XcFGXoix.model_MGREV assigned to Colius_striatus
Model XcFGXoix.model_MGREV assigned to Node2
Model XcFGXoix.model_MGREV assigned to Tyto_alba
Model XcFGXoix.model_MGREV assigned to Node1
Model XcFGXoix.model_MGREV assigned to Haliaeetus_leucocephalus
Model XcFGXoix.model_MGREV assigned to Aquila_chrysaetos
Model XcFGXoix.model_MGREV assigned to Node6
Model XcFGXoix.model_MGREV assigned to Zonotrichia_albicollis
Model XcFGXoix.model_MGREV assigned to Falco_peregrinus
Model XcFGXoix.model_MGREV assigned to Falco_tinnunculus
Model XcFGXoix.model_MGREV assigned to Node11
Model XcFGXoix.model_MGREV assigned to Node9
The tips of the tree:XcFGXoix.tree_0 were matched with the species names from the data in the following numeric order (0-based) {7,1,6,5,4,0,2,3}

Pseudo-optimal path's cost 2338 vs 3324 for 1..k=> a 1.42173 x improvement
Partition 0 reversible model flag computed as 1
Variable 'XcFGXoix.tree_0.Falco_tinnunculus.alpha' was not initialized prior to being used
Variable 'XcFGXoix.tree_0.Falco_peregrinus.alpha' was not initialized prior to being used
Variable 'XcFGXoix.tree_0.Node11.alpha' was not initialized prior to being used
Variable 'XcFGXoix.tree_0.Zonotrichia_albicollis.alpha' was not initialized prior to being used
Variable 'XcFGXoix.tree_0.Colius_striatus.alpha' was not initialized prior to being used
Variable 'XcFGXoix.tree_0.Node6.alpha' was not initialized prior to being used
Variable 'XcFGXoix.tree_0.Leptosomus_discolor.alpha' was not initialized prior to being used
Variable 'XcFGXoix.tree_0.Aquila_chrysaetos.alpha' was not initialized prior to being used
Variable 'XcFGXoix.tree_0.Haliaeetus_leucocephalus.alpha' was not initialized prior to being used
Variable 'XcFGXoix.tree_0.Node1.alpha' was not initialized prior to being used
Variable 'XcFGXoix.tree_0.Tyto_alba.alpha' was not initialized prior to being used
Variable 'XcFGXoix.tree_0.Node2.alpha' was not initialized prior to being used
Variable 'XcFGXoix.tree_0.Node9.alpha' was not initialized prior to being used
Site 20 evaluated to a 0 probability in ComputeTreeBlockByBranch
Site 20 evaluated to a 0 probability in ComputeTreeBlockByBranch
Site 26 evaluated to a 0 probability in ComputeTreeBlockByBranch
Site 20 evaluated to a 0 probability in ComputeTreeBlockByBranch
Site 238 evaluated to a 0 probability in ComputeTreeBlockByBranch
Site 51 evaluated to a 0 probability in ComputeTreeBlockByBranch
Auto-benchmarked an optimal number (2) of threads.
Set GUI update interval to every 69-th LF evaluation.
Initial guess for XcFGXoix.tree_0.Node2.alpha is -8.57543e-07
Initial guess for XcFGXoix.tree_0.Leptosomus_discolor.alpha is 2.00185e-05
Initial guess for XcFGXoix.tree_0.Colius_striatus.alpha is 5.18776e-05
Initial guess for XcFGXoix.tree_0.Tyto_alba.alpha is 1.73575e-05
Initial guess for XcFGXoix.tree_0.Node6.alpha is -1.86861e-06
Initial guess for XcFGXoix.tree_0.Haliaeetus_leucocephalus.alpha is 4.6152e-06
Initial guess for XcFGXoix.tree_0.Aquila_chrysaetos.alpha is 4.73655e-06
Initial guess for XcFGXoix.tree_0.Node9.alpha is 1.28782e-05
Initial guess for XcFGXoix.tree_0.Zonotrichia_albicollis.alpha is 8.62653e-05
Initial guess for XcFGXoix.tree_0.Node11.alpha is 3.1115e-06
Initial guess for XcFGXoix.tree_0.Falco_peregrinus.alpha is 2.77632e-06
Initial guess for XcFGXoix.tree_0.Falco_tinnunculus.alpha is 1.89952e-06
Optimization settings:
	OPTIMIZATION_METHOD = 4
	OPTIMIZATION_PRECISION = 0.001
	MAXIMUM_ITERATIONS_PER_VARIABLE = 5000

Initial parameter values

XcFGXoix.model_MGREV.theta_CG = 1
XcFGXoix.model_MGREV.theta_CT = 1
XcFGXoix.model_MGREV.theta_AT = 1
XcFGXoix.model_MGREV.theta_AC = 1
XcFGXoix.model_MGREV.theta_GT = 1
XcFGXoix.model_MGREV.omega_0 = 1
XcFGXoix.tree_0.Leptosomus_discolor.alpha = 2.00185e-05
XcFGXoix.tree_0.Colius_striatus.alpha = 5.18776e-05
XcFGXoix.tree_0.Node2.alpha = 0
XcFGXoix.tree_0.Tyto_alba.alpha = 1.73575e-05
XcFGXoix.tree_0.Node1.alpha = 0.1
XcFGXoix.tree_0.Haliaeetus_leucocephalus.alpha = 4.6152e-06
XcFGXoix.tree_0.Aquila_chrysaetos.alpha = 4.73655e-06
XcFGXoix.tree_0.Node6.alpha = 0
XcFGXoix.tree_0.Zonotrichia_albicollis.alpha = 8.62653e-05
XcFGXoix.tree_0.Falco_peregrinus.alpha = 2.77632e-06
XcFGXoix.tree_0.Falco_tinnunculus.alpha = 1.89952e-06
XcFGXoix.tree_0.Node11.alpha = 3.1115e-06
XcFGXoix.tree_0.Node9.alpha = 1.28782e-05
XcFGXoix.model_MGREV.omega_1 = 1
Failing bound checks on XcFGXoix.tree_0.Node6.beta =         10000.33409180928
Optimization finished in 28 loop passes.
1751 likelihood evaluation calls and 9873 matrix exponentiations calls were made

Overwritten previously defined function:'sTYpLguu.rate_generator'
Overwritten previously defined function:'sTYpLguu.rate_generator'
Auto-benchmarked an optimal number (2) of threads.
Set GUI update interval to every 2840-th LF evaluation.
Optimization settings:
	OPTIMIZATION_METHOD = 4
	OPTIMIZATION_PRECISION = 0.001
	MAXIMUM_ITERATIONS_PER_VARIABLE = 5000

Initial parameter values

frequencies._aux.CF3x4.p0_0 = 0.348578
frequencies._aux.CF3x4.p0_1 = 0.265059
frequencies._aux.CF3x4.p0_2 = 0.490466
frequencies._aux.CF3x4.p1_0 = 0.257988
frequencies._aux.CF3x4.p1_1 = 0.309831
frequencies._aux.CF3x4.p1_2 = 0.269969
frequencies._aux.CF3x4.p2_0 = 0.256232
frequencies._aux.CF3x4.p2_1 = 0.319013
frequencies._aux.CF3x4.p2_2 = 0.393588
Optimization finished in 4 loop passes.
162 likelihood evaluation calls and 0 matrix exponentiations calls were made

Variable 'busted.test_pi' was not initialized prior to being used
Overwritten previously defined function:'sTYpLguu.rate_generator'
Overwritten previously defined function:'sTYpLguu.rate_generator'
Overwritten previously defined function:'sTYpLguu.rate_generator'
Auto-benchmarked an optimal number (5) of threads.
Set GUI update interval to every 2923-th LF evaluation.
Optimization settings:
	OPTIMIZATION_METHOD = 4
	OPTIMIZATION_PRECISION = 0.001
	MAXIMUM_ITERATIONS_PER_VARIABLE = 5000

Initial parameter values

frequencies._aux.CF3x4.p0_0 = 0.348578
frequencies._aux.CF3x4.p0_1 = 0.265059
frequencies._aux.CF3x4.p0_2 = 0.490466
frequencies._aux.CF3x4.p1_0 = 0.257988
frequencies._aux.CF3x4.p1_1 = 0.309831
frequencies._aux.CF3x4.p1_2 = 0.269969
frequencies._aux.CF3x4.p2_0 = 0.256232
frequencies._aux.CF3x4.p2_1 = 0.319013
frequencies._aux.CF3x4.p2_2 = 0.393588
Optimization finished in 4 loop passes.
165 likelihood evaluation calls and 0 matrix exponentiations calls were made

Variable 'busted.background_pi' was not initialized prior to being used
Variable 'ASSUME_REVERSIBLE_MODELS' was not initialized prior to being used
No nodel was assigned to Leptosomus_discolor
No nodel was assigned to Colius_striatus
No nodel was assigned to Node2
No nodel was assigned to Tyto_alba
No nodel was assigned to Node1
No nodel was assigned to Haliaeetus_leucocephalus
No nodel was assigned to Aquila_chrysaetos
No nodel was assigned to Node6
No nodel was assigned to Zonotrichia_albicollis
No nodel was assigned to Falco_peregrinus
No nodel was assigned to Falco_tinnunculus
No nodel was assigned to Node11
No nodel was assigned to Node9
The tips of the tree:ZffCfDRd.tree_id_0 were matched with the species names from the data in the following numeric order (0-based) {7,1,6,5,4,0,2,3}

Pseudo-optimal path's cost 2338 vs 3324 for 1..k=> a 1.42173 x improvement
Partition 0 is ASSUMED to have a reversible model
busted.background.theta_AC was already constrained in estimators.SetGlobals2
busted.background.theta_AG was already constrained in estimators.SetGlobals2
busted.background.theta_AT was already constrained in estimators.SetGlobals2
busted.background.theta_CG was already constrained in estimators.SetGlobals2
busted.background.theta_CT was already constrained in estimators.SetGlobals2
busted.background.theta_GT was already constrained in estimators.SetGlobals2
busted.test.theta_AG was already constrained in estimators.SetGlobals2
Variable 'ZffCfDRd.tree_id_0.Leptosomus_discolor.t' was not initialized prior to being used
models.generic.SetBranchLength: ZffCfDRd.tree_id_0.Leptosomus_discolor.t=0.3473960543420498
Variable 'ZffCfDRd.tree_id_0.Colius_striatus.t' was not initialized prior to being used
models.generic.SetBranchLength: ZffCfDRd.tree_id_0.Colius_striatus.t=0.9795969388030925
Variable 'ZffCfDRd.tree_id_0.Node2.t' was not initialized prior to being used
models.generic.SetBranchLength: ZffCfDRd.tree_id_0.Node2.t=0
Variable 'ZffCfDRd.tree_id_0.Tyto_alba.t' was not initialized prior to being used
models.generic.SetBranchLength: ZffCfDRd.tree_id_0.Tyto_alba.t=0.3065425962595028
Variable 'ZffCfDRd.tree_id_0.Node1.t' was not initialized prior to being used
models.generic.SetBranchLength: ZffCfDRd.tree_id_0.Node1.t=0.008609174522853837
Variable 'ZffCfDRd.tree_id_0.Haliaeetus_leucocephalus.t' was not initialized prior to being used
models.generic.SetBranchLength: ZffCfDRd.tree_id_0.Haliaeetus_leucocephalus.t=0.07909629417464197
Variable 'ZffCfDRd.tree_id_0.Aquila_chrysaetos.t' was not initialized prior to being used
models.generic.SetBranchLength: ZffCfDRd.tree_id_0.Aquila_chrysaetos.t=0.07371314517191097
Variable 'ZffCfDRd.tree_id_0.Node6.t' was not initialized prior to being used
models.generic.SetBranchLength: ZffCfDRd.tree_id_0.Node6.t=0.2272386267404908
Variable 'ZffCfDRd.tree_id_0.Zonotrichia_albicollis.t' was not initialized prior to being used
models.generic.SetBranchLength: ZffCfDRd.tree_id_0.Zonotrichia_albicollis.t=1.091578010518756
Variable 'ZffCfDRd.tree_id_0.Falco_peregrinus.t' was not initialized prior to being used
models.generic.SetBranchLength: ZffCfDRd.tree_id_0.Falco_peregrinus.t=0.04558531473077145
Variable 'ZffCfDRd.tree_id_0.Falco_tinnunculus.t' was not initialized prior to being used
models.generic.SetBranchLength: ZffCfDRd.tree_id_0.Falco_tinnunculus.t=0.02878134516274451
Variable 'ZffCfDRd.tree_id_0.Node11.t' was not initialized prior to being used
models.generic.SetBranchLength: ZffCfDRd.tree_id_0.Node11.t=0.483431892306421
Variable 'ZffCfDRd.tree_id_0.Node9.t' was not initialized prior to being used
models.generic.SetBranchLength: ZffCfDRd.tree_id_0.Node9.t=0.3664025180251527
Variable 'ZffCfDRd.ZffCfDRd.likelihoodFunction' was not initialized prior to being used
Auto-benchmarked an optimal number (4) of threads.
Set GUI update interval to every 11-th LF evaluation.
Optimization settings:
	OPTIMIZATION_METHOD = 4
	OPTIMIZATION_PRECISION = 0.001
	MAXIMUM_ITERATIONS_PER_VARIABLE = 5000

Initial parameter values

busted.test.theta_GT = 0.151564
busted.test.theta_CT = 0.826424
busted.test.theta_AC = 0.25888
busted.test.theta_CG = 0.434374
busted.test.theta_AT = 0.137484
busted.background.omega3 = 9.52381
busted.background.omega2 = 0.238095
busted.background.omega1 = 0
busted.background.bsrel_mixture_aux_1 = 0.666667
busted.test.bsrel_mixture_aux_0 = 0.7
busted.background.bsrel_mixture_aux_0 = 0.7
busted.test.omega1 = 0
busted.test.bsrel_mixture_aux_1 = 0.666667
busted.test.omega3 = 9.52381
busted.test.omega2 = 0.238095
ZffCfDRd.tree_id_0.Leptosomus_discolor.t = 0.347396
ZffCfDRd.tree_id_0.Colius_striatus.t = 0.979597
ZffCfDRd.tree_id_0.Node2.t = 0
ZffCfDRd.tree_id_0.Tyto_alba.t = 0.306543
ZffCfDRd.tree_id_0.Node1.t = 0.00860917
ZffCfDRd.tree_id_0.Haliaeetus_leucocephalus.t = 0.0790963
ZffCfDRd.tree_id_0.Aquila_chrysaetos.t = 0.0737131
ZffCfDRd.tree_id_0.Node6.t = 0.227239
ZffCfDRd.tree_id_0.Zonotrichia_albicollis.t = 1.09158
ZffCfDRd.tree_id_0.Falco_peregrinus.t = 0.0455853
ZffCfDRd.tree_id_0.Falco_tinnunculus.t = 0.0287813
ZffCfDRd.tree_id_0.Node11.t = 0.483432
ZffCfDRd.tree_id_0.Node9.t = 0.366403
Optimization finished in 34 loop passes.
3596 likelihood evaluation calls and 74838 matrix exponentiations calls were made

Variable 'vIeZmSiU.ZffCfDRd.likelihoodFunction' was not initialized prior to being used
Auto-benchmarked an optimal number (3) of threads.
Set GUI update interval to every 2-th LF evaluation.
Optimization settings:
	OPTIMIZATION_METHOD = 4
	OPTIMIZATION_PRECISION = 0.001
	MAXIMUM_ITERATIONS_PER_VARIABLE = 5000

Initial parameter values

busted.test.theta_GT = 0.149288
busted.test.theta_CT = 0.796511
busted.test.theta_AC = 0.233423
busted.test.theta_CG = 0.372431
busted.test.theta_AT = 0.120883
busted.background.omega3 = 1.8468
busted.background.omega1 = 0.14556
busted.background.bsrel_mixture_aux_1 = 0.703972
busted.background.omega2 = 0.288089
busted.background.bsrel_mixture_aux_0 = 0.754521
busted.test.bsrel_mixture_aux_0 = 0.435105
busted.test.omega1 = 0.296022
busted.test.omega2 = 0.537777
busted.test.bsrel_mixture_aux_1 = 0.593618
ZffCfDRd.tree_id_0.Leptosomus_discolor.t = 0.235214
ZffCfDRd.tree_id_0.Colius_striatus.t = 0.708542
ZffCfDRd.tree_id_0.Node2.t = 0
ZffCfDRd.tree_id_0.Tyto_alba.t = 0.225668
ZffCfDRd.tree_id_0.Node1.t = 0.00952122
ZffCfDRd.tree_id_0.Haliaeetus_leucocephalus.t = 0.0533019
ZffCfDRd.tree_id_0.Aquila_chrysaetos.t = 0.0527266
ZffCfDRd.tree_id_0.Node6.t = 0.174759
ZffCfDRd.tree_id_0.Zonotrichia_albicollis.t = 0.466341
ZffCfDRd.tree_id_0.Falco_peregrinus.t = 0.0324511
ZffCfDRd.tree_id_0.Falco_tinnunculus.t = 0.0194197
ZffCfDRd.tree_id_0.Node11.t = 0.179813
ZffCfDRd.tree_id_0.Node9.t = 0.0021625
Optimization finished in 20 loop passes.
1833 likelihood evaluation calls and 35934 matrix exponentiations calls were made

Variable 'USE_JSON_FOR_MATRIX' was not initialized prior to being used