
Before deleting alignment gaps
      8   1035

Malurus_cyaneus                 ATG GCA ACT ACA GAT ACT GCT AAC TTT TAT TAC AAA TTC TCC ATC ACT GAT CCC AAT GGA AAC AGA AAT GAG AAT TTT CAT NNN TTT ATA AGA GTC CCT CTG CCC TGC ATG NNN TCA GTT ATT TTC ATC CTT GGT CTA GCA GGA AAT GTA CTG GTC TTT GTC ATA ATA GTT TTC TAC CTG AAA CTT AAG ATA CTG ATA GAA ATA ATC TTG CTG AAC CTG TCT ATA GCT GAC TGG GTT TTC CTC TGG ATG CTG CCT CTC CTG GCA TCA TCT GTT GCT CAG AAG NNN ACT TCA GGC TCT GTA GCA TGT CAT ATT ATG --- GGG CTT --- --- --- --- GCA TAC ACT TCA ATG NNN AGT CTT ATG TCT ATC ACC TTT GAC CAG CTT ACT GCT GTT ACT TTT GTC ACC AAG ACA CAT GTG TCT AAC CAA ATG NNN ATG ACA TGG GGC AAA TTA ATC TCT ACC TCG TTG --- --- ATC TTA TTA GCA TTT GCT GCA CCT CAC TTT GTT TTT AGC AAG GTG TTT AGT TTT GAT AAG GCA ATA TGT CAG GAA AAA TAC CCA AAC CAT GGC ACA GAA CTT GAA GTG AGT GAT CTG NNN GTG ACC CTT GTT TAT TTT ATT CCC ATG CTA GCC ATG ATC ATC TGC TAC TCA CTA ATC ATT GGA ACC TTA CTG CAT GCT AGA AAT CCT CAA AAA NNN AAA TCT ATA AAT NNN GTA TTT TCT ATA GCT GTC CTG TTT GTT CTT ACC CAG CTA CCC TAT NNN TTT ATA GGA CTG ACA GAG GTC ACA GAC NNN AGC TTT AAA TTG AAC AGC AGC TTT GAA TGT GAA ATT ACA ATA ACT AAA CCT CTT GCT TAT TTT TAT GGC TGT CTT AAC CCT GTT TTG TAT TTC TTC ATG GGG ATA AGA ATC AGG AAG TAC CAA CAC AAA ATT ATT AAA ATC TTA AGA CAT GTC AAA TGG CAA GTT ATG GCT CAA CAG TGG CAA ACC ATC AAA GAA GAC --- TCT AAA CTT TTA AGT TCT TCA AAC AGT ACA GAT GCC ACA AGC ATG TAC CTG CTA 
Aquila_chrysaetos               ATG GCA ACT ACA GAT GCT GCC AAC TTT TAT TAT AAC TTC TCC ATC ATT GAT CCC AAC GAA AAT GGA AGT GAG AAT TTT CAC ACA TTT ACA AGA GTC TTC CTG CCC TGT ATG TAT TCG GCT GTT TTC ATC CTT GGG CTA GCA GGA AAT GCA CTT GTC TTT GTC ATA CTA GCT TTC TAT GAG AAA CAG AAG ATG CTA ACA GAT ATA TTT TTG CTG AAC TTG GCT ATA GCT GAC TGG GTC TTC CTT TGG ACG CTG CCA TTC TGG GCA TAT TCT GCT GCT CAG GAG TGG ACT TTT GGC ACC ATG GCA TGT CGT ATT ATA CGA GGC TTG TAT ACT CTG AAC TTT TAC ACT TCA ATG CTA ACT CTA ACA TCT ATC ACC TTT GAC CGG CTT ATT GCT ATT ACT TTT GCG ACC AAA GCA CGT ATG TGT CAA ACC AAA CGA ATG ACA TGG GGC AAA TTA ATC TGT GTC TTG ATC TGG GTG ATC TCA CTA GCA TTT GCT GCA CCA CAG TTT ATT TTT AGT GAG GTG TTT AGT ATT GAT AAG ACA ATA TGC CAG GAA GAA TAC CCA AAC CAT CAC ACA GAA ATG GTT CTT GAA GTG ATC CAA GTG ACC CTT GGC TAT TTT ATT CCC ATG CTA GCC ATG ATC ATC TGC TAC TCA CTA ATT ATT AGA ACC TTA CTG CAT GCC AGG AGT TTT CAA AAG AAC AAA TCT CTA AAG AAA ATA TTT TCT GTA GTT GCT ATA TTT ATT CTT ACT CAG TCA CCC TAC ACT TTC TTG AGA CTG ATA AAG ATC ATA GAC TGG AGC TTT AAC CTG AAC AGC AGC TTT GAA TAT GCA ATC ATT ATA ACA GAA GCT CTT GCT TAT TTC CAC GGC TGT CTT AAT CCT GTT CTG TAT TTC TTC ATG GGG GTG AAA TTC AGG AGG AAC TTA CAG AAA ATT ATT AAA AAT TCA AGA TGC GTC AAA CGG CAA ATT ATA GCT AAA CAG CGG CAA ACC ACT GAA GAA GAA GGC TCT AAA ACT TTT ACT GCC TCA AAT AAT GCA GAT GCA ACA AGC ATG TAC CAG CTA 
Haliaeetus_leucocephalus        ATG GCA ACT ACA GAT ACT GCC AAC TTT TAT TAT AAC TTC TCC ATC ATT GAT CCC AAC GAA AAT GGA AGT GAG AAT TTT CAT ACA TTT ACA AGA GTC TTC CTG CCC TGT ATG TAT TCG GCT GTT TTC ATC CTT GGG CTA GCA GGA AAT GCA CTT GTC TTT GTC ATA CTA GCT TTC TAT GAG AAA CGG AAG ATG CTG ACA GAT ATA TTT TTG CTG AAC TTG GCC ATA GCT GAC TGG GTC TTC CTT TGG ACA CTG CCA TTC TGG GCA TAT TCT GCT GCT CAG GAG TGG ACT TTT GGC ACC GTG GCA TGT CGT ATT ATA CGA GGC TTG TAT ACT CTG AAC TTG TAC ACT TCA ATG CTA ACT CTA ACG TCT ATC ACC TTT GAC CGG CTT ATT GCT ATT ACT TTT GCA ACC AAA GCA CGT ATG TGT CAA ACC AAA CGA ATG ACA TGG GGC AAA TTA ATC TGT GTC TTG ATC TGG GTG ATC TCA CTA GCA TTT GCT GCA CCA CAG TTT ATT TTT AGT GAG GTG TTT AGT ATT GAT AAG ACA ATA TGC CAG GAA GAA TAC CCA AAC CAT CAC ACA GAA ATG GTT CTT GAA GTG ATC CAA GTG ACC CTT GGC TAT TTT ATT CCC ATG CTA GCC ATG ATC ATC TGC TAC TCA CTA ATT ATT AGA ACC TTA CTG CAT GCC AGG AGT TTT CAA AAG AAC AAA TCT CTA AAG AAA ATA TTT TCT GTA GTT GCC ATA TTT ATT CTT ACT CAG TCA CCC TAC ACT TTC TTG AGA CTG ATA AAG ATC ATA GAC TGG AGC TTT AAC CTG AAC AGC AGC TTT GAA TAT GCA ATC ATT ATA ACA GAA GCT CTT GCT TAT TTC CAC GGC TGT CTT AAT CCT GTT CTG TAT TTC TTC ATG GGG GTG AAA TTC AGG AGG AAC TTA CAG AAA ATT ATT AAA AAT TCA AGA TGC GTC AAA CGG CAA GTT ATG GTT AAA CAG TGG CAA ACC ACT GAA GAA GAA GGC TCT AAA ACT TTT ACT GCC TCC AAT AAT GCA GAT GCA ACA AGC ATG TAC CAG CTA 
Tyto_alba                       ATG GCA AAT ACA GAT GCT GCC AAC TTT TAT TAT AAC TTC TCC ATC ATT GAT CCC AAT GAA AAT GGA AGT GAG AAT TTT CAC ACA TTT ACA ACA ATC TTC CTG CCC TGC ATG TAC TCG GCT GTT TTC ATC CTT GGG CTA GCA GGA AAT GCC CTG GTC TTT GTC ATA CTA GTT TTC TAT GAG AAA CTG AAG ATG CTG ACA GAT ATA TTT TTG CTG AAC TTG GCT ATA GCT GAC TGG GTC TTC CTT TGG ACG CTG CCA TTC TGG GCA TAT TCT GCA GCT CAG GAG TGG ACT TTT GGC ACC GTG GCA TGT CGT ATT ATA CGG GGC TTG TAT ACT CTG AAC TTG TAC ACT TCA ATG TTA ACT CTA ACA TCT ATC ACC TTT GAT CGG CTT ATT GCT ATT ACT TTT GCC ACC AAA GCA CAT ATG TGT CAA ACC AAA CGA ATG ATA TGG GGC AAA TTA ATC TGT GTC TTG ATC TGG GTT ATA TCA CTA GCA TTT GCC ACA CCG CAG TTT ATT TTT AGT GAG GTG TTT AGT ATT GAT AAG GCA ATA TGT CAG GAA GAA TAC TCA AAC CAT CAC ACA GAA CTG GTT CTT GAA GTG ATC CAA GTG ACC CTT GGC TAT TTT ATT CCC ATG CTA GCC ATG ATC ATC TGC TAC TCA CTA ATT ATT AGA ACC TTA CTG CAT GCC AGG AGT TTT CAA AAG AAC AAA TCT CTG AAA AAA ATA TTT TCT GTA GTT GTT ATA TTT ATT CTT ACT CAG TCA CCC TAT ACT TTC TTG AGA CTA ATA AAG ATC ATA GAC TGG AGC TTT AAC TTG AAC AGC AGC TTT GAA TAC GCA ATC ATT GTA ACA GAA GCT CTA GCT TAT TTC CAT GGC TGT CTT AAC CCT GTT CTG TAT TTC TTC ATG GGG GTG AAA TTC AGG AGG AAC TTA CAG AAA ATA ATT AAA AAC TCA AGA TGC ATC AAA CGG CAA GTT GCA GCT AAA CCA TGG CAA ACC ACC GAA GAG GAA GGC TCT AAA ACT TTT TCT GCC TCA AAT AAT GCA GAT GCA ACA AGC ATG TAC CCG CTA 
Leptosomus_discolor             ATG GCA ACT TCA GAT GCC ACT AAC TTT TAT TAT AAC TTC TCC ATC ATT GAT CCC AAC GAA AAC AGA AGC GAC AAT TTT CAC ACA TTT ACA AAA GTC TTC CTG CCC TGT ATG TAT TTG ACT GTT TTC ATC CTT GGG CTA GCA GGA AAT GCG CTG GTC TTT GTC ATA CTA GTT TTC TAC GAG AAA CTG AAG ATG CTG ACA GAT ATA TTT TTG CTG AAC TTG GCT ACA GCT GAC TGG GTC TTC CTT TGG ACA CTT CCA TTC TGG GCA TAT TCT GCT GCT CAG GAG TGG ACT TTT GGC ACT GTG GCA TGT CGT ATT ATA CGG GGC TTG TAT ACT CTA AAC TTG TAC ACT TCA ATG TTA ACT CTA ACG TCT ATC ACC TTT GAC CGG CTT ATT GCT ATT ACT TTT GCC ACC AAA GCA CGT ATG TGT CAA ACC AAA CGA ATG ACA TGG GGC AAA TTA ATC TGT GTC TTG ATC TGG GTG ATC TCA CTA GCA TTT GCT GCA CCA CAG TTT ATT TTT AGT GAG GTG TTC AGT ATT GAT AAG GCA ATA TGT GAG GAA GAA TAC CCA AGC CAT CGC ACA GAA CTG GTT CTT GAG GTG ATT CAA GTG ACC CTT GGC TAT TTT ATT CCC ATG CTA GCC ATG ATC ATC TGC TAC TCA CTA ATT ATT AGA ACC TTA CTG CAC GCC AGG AGT TTT CAA AAG AAC AAA TCT CTG AAA AAG ATA TTT TCT GTA GTT GCC GTA TTT ATT CTT ACT CAG TCA CCC TAT ACT TTC TTG AGA CTG ATA AAG ATC ATA GAT TGG AGC TTT AAC TTG AAC AGC AGC TTT GAA TAT GCA ATC ATC GTA ACA GAA GCT CTT GCT TAT TTC CAT GGC TGT CTT AAC CCT GTT CTG TAT TTC TTC ATG GGG GTG AAA TTC AGG AGG AAC CTC CAG AAA ATT ATT AAA AAC TCA AGA TGC GTC AAA TGG CAA GTT ACG GCT AAA CAG TGG CAA CCA ACT GAA GAG GAA GGC TCT AAA ACT TTC ACT GCC TCA AAT AAT GCA GAT GCA ACA AGC ATG TAC CCA CTA 
Falco_peregrinus                ATG GCA ACT ACA GAT GCT GTT AAC TTT TAT TAT AAC TTC TCC ATC AAT GAT CCC AAT GAA AAC GGA AGT GAG AAT CTT CAC AGA TTT ACA AAT GTC TTC CTG CCC TGT ATG TAT TCA GCT GTT TTC ATC CTT GGG CTA GCA GGA AAT ACA CTG GTC TTT GTC ATA CTA GTT TTC TAC GAG AAA CTG AAG GTG CTG ACA GAT ATA TTT TTG CTG AAC TTG GCT ATA GCT GAC TGG GTC TTC CTT TGG ACG CTG CCA TTC TGG GCA TAT TCT GGT GTT CAG GAG TGG ACT TTT GGC ACT GTG GCA TGT CGT GTT ATA CGG GGC TTG TAT ACT CTG AAC TTG TAC ACT TCG ATG TTA ACT CTA ACG TCT ATC ACC TTT GAC CGG CTT ATT GCT ATT ACT TTT GCC ACA AAA GCA CAT GTG TGT CAA ACC AAA CGA ATG ACA TGG GGC AAA CTG ATC TGT GTC TTG ATC TGG GCG ATC TCA CTA GCA TTT GCT GCA CCA CAG TTT ATT TTT AGT GAG GTG TTT AGT ATT GAT AAG GCA ATA TGT CAG GAA GAA TAC CCA AAC TAT CGC ACA GAA CTA GTT CTT GAA GTG ATC CAA GTG ACC CTT GGC TAT TTT ATT CCC ATG CTA GCC ATG GTC ATC TGC TAC TCA CTA ATC ATT AGA ACC TTA CTG CAT GCC AGG AGT TTT CAA AAG AAC AAA TCT CTA AAA AAA ATA TTT TCT GTA GTT GCC ATA TTT ATT CTT ACT CAG TCA CCC TAT ACT TTC TTG AGA CTG TTA AAG ATC ATA GAT TGG AGC TTT AAC TTG AAC AGC AAC TTT GAA TAT GCA ATC ATC ATA ACA GAA GCT CTT GCT TAT TTC CAT GGC TGT CTT AAC CCT GTT CTG TAT TTC TTC ATG GGG GTG AAA TTC AGG AGG AAC TTA CGG AAA ATT ATT AAA AAC TCA AGA TGC ACT AAA TGG CAA GTT ACA GCT AAA CAG TGG CAA ACC ACA GAA GAG GAA GGC TCT AAA ACT TTT ACT GCC TCA AAT AAT GCA GAT GCA ACA AGC ATG TAC CCG CTA 
Falco_tinnunculus               ATG GCA ACT ACA GAT GCT GTT AAC TTT TAT TAT AAC TTC TCC ATC AAT GAT CCC AAT GAA AAT GGA AGT GAG AAT CTT CAC AGA TTT ACA AAT GTC TTC CTG CCC TGT ATG TAT TCA GCT GTT TTC ATC CTT GGG CTA GCA GGA AAT ACA CTG GTC TTT GTC ATA CTA GTT TTC TAC GAG AAA CTG AAG GTG CTG ACA GAT ATA TTT TTG CTG AAC TTG GCT ATA GCT GAC TGG GTC TTC CTT TGG ACG CTG CCA TTC TGG GCA TAT TCT GCT GTT CAG GAG TGG ACT TTT GGC ACT GTG GCA TGT CGT GTT ATA CGG GGC TTG TAT ACT CTG AAC TTG TAC ACT TCA ATG TTA ACT CTA ACG TCT ATC ACC TTT GAC CGG CTT ATT GCT ATT ACT TTT GCC ACA AAA GCA CAT GTG TGT CAA ACC AAA CGA ATG ACA TGG GGC AAA CTG ATC TGT GTC TTG ATC TGG GCG ATC TCA CTA GCA TTT GCT GCA CCA CAG TTT ATT TTT AGT GAG GTG TTT AGT ATT GAT AAG GCA ATA TGT CAG GAA GAA TAC CCA AAC TAT CGC ACA GAA CTA GTT CTT GAA GTG ATC CAA GTG ACC CTT GGC TAT TTT ATT CCC ATG CTA GCC ATG GTC ATC TGC TAC TCA CTA ATC ATT AGA ACC TTA CTG CAT GCC AGG AGT TTT CAA AAG AAC AAA TCT CTA AAA AAA ATA TTT TCT GTA GTT GCC ATA TTT ATT CTT ACT CAG TCA CCC TAT ACT TTC TTG AGA CTG TTA AAG ATC ATA GAC TGG AGC TTT AAC TTG AAC AGC AAC TTT GAA TAT GCA ATC ATC ATA ACA GAA GCT CTT GCT TAT TTC CAT GGC TGT CTT AAC CCT GTT CTG TAT TTC TTC ATG GGG GTG AAA TTC AGG AGG AAC TTA CGG AAA ATT GTT AAA AAC TCA AGA TGC ATT AAA TGG CAA GTT ACA GCT AAA CAG TGG CAA ACC ACA GAA GAG GAA GGC TCT AAA ACA TTT ACT GCC TCA AAT AAT GCA GAT GCA ACA AGC ATG TAC CCA CTA 
Colius_striatus                 ATG GCA ACG ACA GAC GCA GAT AAC TTT TAT TAT AAC TTC TCC ATC GTT GAT CCA GAC GAA AAT GGA AGT GAG AAT TTT CAC ACG TTT ACA AGA GTC TTC CTG CCC TGT ACC TAC TCG GTT GTT TTC ATC CTG GGG CTA GCA GGA AAC ACA CTG GTC TTT GTC ATA CTG GTT TTC TAT GAG AAG CTG AAG ATG CTG ACA GAT ATA TTT TTG CTG AAC TTG GCT GTA GCT GAC TGG GTC TTC CTT TGG ACG CTG CCA TTC TGG GCG CAT TCG GCC GCT CAG GAG TGG GCT TTC GGC ACG GTG GCG TGT CGT GTC ATA CGG GGC TTG TAT ACG CTG AAC TTG TAC ACT TCC ATG TTA ACC CTG ACA TCT ATC ACC TTT GAC AGG CTT GTT GCT ATT ACT TTT GCC ACC AAA GCA CAC ATG TGT CAA ACC AAA CGA ACG ACG TGG GGC AAG GCA GTG TGT GTC TTG ATC TGG GTG ATC TCA CTA GGC TTT GCC ACA CCA CAG TTT ATT TTT AGT GAG GTG GTT AGC ATT GAT AAG GCG ATA TGT CAC GAA AAA TAC CCA AAC CAC GGC ACA GAA CTG GTT CTT GAA GTG ATC CAA GTG ACA CTT GGC TAT TTT ATT CCC ATG CTA GCC ATG ATC ATC TGC TAC TCA CTA ATT GTT AGA ACC TTA CTG CAC GCC AGG AAT TTC CAA AAG AAG AAA TCT CTC AAG AAA ATA TTT TCT GTA GTT GCC ATA TTT ATT CTG ACT CAG TCA CCT TAT ACT TTC CTG AGA CTC ATA AAG ATC ATA GAC TGG AGC TTT AAC TTG AAC AGC AGC TTT GAA TAT GCA ATC ATC GTA ACA GAA GCT CTC GCT TAC CTC CAC GGC TGT CTC AAC CCT ATC CTG TAT TTC TTC ATG GGG GTC AAA TTC AGG AGG AAC TTA AGG AAA ATT ATT AAG AGT TTA AGA TGC ATC AAA GGG AGA GTT ACA GCG AAG CAC TGG CAA ACC ACT GAA GAG GAA GGC TCT AAA ACA TTT ACT GCC TCC AAT AAC GCA GAT GCC ACA AGC ATG GAT CCG CTA 



After deleting gaps. 981 sites
      8    981

Malurus_cyaneus                 ATG GCA ACT ACA GAT ACT GCT AAC TTT TAT TAC AAA TTC TCC ATC ACT GAT CCC AAT GGA AAC AGA AAT GAG AAT TTT CAT TTT ATA AGA GTC CCT CTG CCC TGC ATG TCA GTT ATT TTC ATC CTT GGT CTA GCA GGA AAT GTA CTG GTC TTT GTC ATA ATA GTT TTC TAC CTG AAA CTT AAG ATA CTG ATA GAA ATA ATC TTG CTG AAC CTG TCT ATA GCT GAC TGG GTT TTC CTC TGG ATG CTG CCT CTC CTG GCA TCA TCT GTT GCT CAG AAG ACT TCA GGC TCT GTA GCA TGT CAT ATT ATG GGG CTT GCA TAC ACT TCA ATG AGT CTT ATG TCT ATC ACC TTT GAC CAG CTT ACT GCT GTT ACT TTT GTC ACC AAG ACA CAT GTG TCT AAC CAA ATG ATG ACA TGG GGC AAA TTA ATC TCT ACC TCG TTG ATC TTA TTA GCA TTT GCT GCA CCT CAC TTT GTT TTT AGC AAG GTG TTT AGT TTT GAT AAG GCA ATA TGT CAG GAA AAA TAC CCA AAC CAT GGC ACA GAA CTT GAA GTG AGT GAT CTG GTG ACC CTT GTT TAT TTT ATT CCC ATG CTA GCC ATG ATC ATC TGC TAC TCA CTA ATC ATT GGA ACC TTA CTG CAT GCT AGA AAT CCT CAA AAA AAA TCT ATA AAT GTA TTT TCT ATA GCT GTC CTG TTT GTT CTT ACC CAG CTA CCC TAT TTT ATA GGA CTG ACA GAG GTC ACA GAC AGC TTT AAA TTG AAC AGC AGC TTT GAA TGT GAA ATT ACA ATA ACT AAA CCT CTT GCT TAT TTT TAT GGC TGT CTT AAC CCT GTT TTG TAT TTC TTC ATG GGG ATA AGA ATC AGG AAG TAC CAA CAC AAA ATT ATT AAA ATC TTA AGA CAT GTC AAA TGG CAA GTT ATG GCT CAA CAG TGG CAA ACC ATC AAA GAA GAC TCT AAA CTT TTA AGT TCT TCA AAC AGT ACA GAT GCC ACA AGC ATG TAC CTG CTA 
Aquila_chrysaetos               ATG GCA ACT ACA GAT GCT GCC AAC TTT TAT TAT AAC TTC TCC ATC ATT GAT CCC AAC GAA AAT GGA AGT GAG AAT TTT CAC TTT ACA AGA GTC TTC CTG CCC TGT ATG TCG GCT GTT TTC ATC CTT GGG CTA GCA GGA AAT GCA CTT GTC TTT GTC ATA CTA GCT TTC TAT GAG AAA CAG AAG ATG CTA ACA GAT ATA TTT TTG CTG AAC TTG GCT ATA GCT GAC TGG GTC TTC CTT TGG ACG CTG CCA TTC TGG GCA TAT TCT GCT GCT CAG GAG ACT TTT GGC ACC ATG GCA TGT CGT ATT ATA GGC TTG TTT TAC ACT TCA ATG ACT CTA ACA TCT ATC ACC TTT GAC CGG CTT ATT GCT ATT ACT TTT GCG ACC AAA GCA CGT ATG TGT CAA ACC AAA ATG ACA TGG GGC AAA TTA ATC TGT GTC TTG ATC ATC TCA CTA GCA TTT GCT GCA CCA CAG TTT ATT TTT AGT GAG GTG TTT AGT ATT GAT AAG ACA ATA TGC CAG GAA GAA TAC CCA AAC CAT CAC ACA GAA ATG GTT CTT GAA GTG ATC GTG ACC CTT GGC TAT TTT ATT CCC ATG CTA GCC ATG ATC ATC TGC TAC TCA CTA ATT ATT AGA ACC TTA CTG CAT GCC AGG AGT TTT CAA AAG AAA TCT CTA AAG ATA TTT TCT GTA GTT GCT ATA TTT ATT CTT ACT CAG TCA CCC TAC TTC TTG AGA CTG ATA AAG ATC ATA GAC AGC TTT AAC CTG AAC AGC AGC TTT GAA TAT GCA ATC ATT ATA ACA GAA GCT CTT GCT TAT TTC CAC GGC TGT CTT AAT CCT GTT CTG TAT TTC TTC ATG GGG GTG AAA TTC AGG AGG AAC TTA CAG AAA ATT ATT AAA AAT TCA AGA TGC GTC AAA CGG CAA ATT ATA GCT AAA CAG CGG CAA ACC ACT GAA GAA GAA TCT AAA ACT TTT ACT GCC TCA AAT AAT GCA GAT GCA ACA AGC ATG TAC CAG CTA 
Haliaeetus_leucocephalus        ATG GCA ACT ACA GAT ACT GCC AAC TTT TAT TAT AAC TTC TCC ATC ATT GAT CCC AAC GAA AAT GGA AGT GAG AAT TTT CAT TTT ACA AGA GTC TTC CTG CCC TGT ATG TCG GCT GTT TTC ATC CTT GGG CTA GCA GGA AAT GCA CTT GTC TTT GTC ATA CTA GCT TTC TAT GAG AAA CGG AAG ATG CTG ACA GAT ATA TTT TTG CTG AAC TTG GCC ATA GCT GAC TGG GTC TTC CTT TGG ACA CTG CCA TTC TGG GCA TAT TCT GCT GCT CAG GAG ACT TTT GGC ACC GTG GCA TGT CGT ATT ATA GGC TTG TTG TAC ACT TCA ATG ACT CTA ACG TCT ATC ACC TTT GAC CGG CTT ATT GCT ATT ACT TTT GCA ACC AAA GCA CGT ATG TGT CAA ACC AAA ATG ACA TGG GGC AAA TTA ATC TGT GTC TTG ATC ATC TCA CTA GCA TTT GCT GCA CCA CAG TTT ATT TTT AGT GAG GTG TTT AGT ATT GAT AAG ACA ATA TGC CAG GAA GAA TAC CCA AAC CAT CAC ACA GAA ATG GTT CTT GAA GTG ATC GTG ACC CTT GGC TAT TTT ATT CCC ATG CTA GCC ATG ATC ATC TGC TAC TCA CTA ATT ATT AGA ACC TTA CTG CAT GCC AGG AGT TTT CAA AAG AAA TCT CTA AAG ATA TTT TCT GTA GTT GCC ATA TTT ATT CTT ACT CAG TCA CCC TAC TTC TTG AGA CTG ATA AAG ATC ATA GAC AGC TTT AAC CTG AAC AGC AGC TTT GAA TAT GCA ATC ATT ATA ACA GAA GCT CTT GCT TAT TTC CAC GGC TGT CTT AAT CCT GTT CTG TAT TTC TTC ATG GGG GTG AAA TTC AGG AGG AAC TTA CAG AAA ATT ATT AAA AAT TCA AGA TGC GTC AAA CGG CAA GTT ATG GTT AAA CAG TGG CAA ACC ACT GAA GAA GAA TCT AAA ACT TTT ACT GCC TCC AAT AAT GCA GAT GCA ACA AGC ATG TAC CAG CTA 
Tyto_alba                       ATG GCA AAT ACA GAT GCT GCC AAC TTT TAT TAT AAC TTC TCC ATC ATT GAT CCC AAT GAA AAT GGA AGT GAG AAT TTT CAC TTT ACA ACA ATC TTC CTG CCC TGC ATG TCG GCT GTT TTC ATC CTT GGG CTA GCA GGA AAT GCC CTG GTC TTT GTC ATA CTA GTT TTC TAT GAG AAA CTG AAG ATG CTG ACA GAT ATA TTT TTG CTG AAC TTG GCT ATA GCT GAC TGG GTC TTC CTT TGG ACG CTG CCA TTC TGG GCA TAT TCT GCA GCT CAG GAG ACT TTT GGC ACC GTG GCA TGT CGT ATT ATA GGC TTG TTG TAC ACT TCA ATG ACT CTA ACA TCT ATC ACC TTT GAT CGG CTT ATT GCT ATT ACT TTT GCC ACC AAA GCA CAT ATG TGT CAA ACC AAA ATG ATA TGG GGC AAA TTA ATC TGT GTC TTG ATC ATA TCA CTA GCA TTT GCC ACA CCG CAG TTT ATT TTT AGT GAG GTG TTT AGT ATT GAT AAG GCA ATA TGT CAG GAA GAA TAC TCA AAC CAT CAC ACA GAA CTG GTT CTT GAA GTG ATC GTG ACC CTT GGC TAT TTT ATT CCC ATG CTA GCC ATG ATC ATC TGC TAC TCA CTA ATT ATT AGA ACC TTA CTG CAT GCC AGG AGT TTT CAA AAG AAA TCT CTG AAA ATA TTT TCT GTA GTT GTT ATA TTT ATT CTT ACT CAG TCA CCC TAT TTC TTG AGA CTA ATA AAG ATC ATA GAC AGC TTT AAC TTG AAC AGC AGC TTT GAA TAC GCA ATC ATT GTA ACA GAA GCT CTA GCT TAT TTC CAT GGC TGT CTT AAC CCT GTT CTG TAT TTC TTC ATG GGG GTG AAA TTC AGG AGG AAC TTA CAG AAA ATA ATT AAA AAC TCA AGA TGC ATC AAA CGG CAA GTT GCA GCT AAA CCA TGG CAA ACC ACC GAA GAG GAA TCT AAA ACT TTT TCT GCC TCA AAT AAT GCA GAT GCA ACA AGC ATG TAC CCG CTA 
Leptosomus_discolor             ATG GCA ACT TCA GAT GCC ACT AAC TTT TAT TAT AAC TTC TCC ATC ATT GAT CCC AAC GAA AAC AGA AGC GAC AAT TTT CAC TTT ACA AAA GTC TTC CTG CCC TGT ATG TTG ACT GTT TTC ATC CTT GGG CTA GCA GGA AAT GCG CTG GTC TTT GTC ATA CTA GTT TTC TAC GAG AAA CTG AAG ATG CTG ACA GAT ATA TTT TTG CTG AAC TTG GCT ACA GCT GAC TGG GTC TTC CTT TGG ACA CTT CCA TTC TGG GCA TAT TCT GCT GCT CAG GAG ACT TTT GGC ACT GTG GCA TGT CGT ATT ATA GGC TTG TTG TAC ACT TCA ATG ACT CTA ACG TCT ATC ACC TTT GAC CGG CTT ATT GCT ATT ACT TTT GCC ACC AAA GCA CGT ATG TGT CAA ACC AAA ATG ACA TGG GGC AAA TTA ATC TGT GTC TTG ATC ATC TCA CTA GCA TTT GCT GCA CCA CAG TTT ATT TTT AGT GAG GTG TTC AGT ATT GAT AAG GCA ATA TGT GAG GAA GAA TAC CCA AGC CAT CGC ACA GAA CTG GTT CTT GAG GTG ATT GTG ACC CTT GGC TAT TTT ATT CCC ATG CTA GCC ATG ATC ATC TGC TAC TCA CTA ATT ATT AGA ACC TTA CTG CAC GCC AGG AGT TTT CAA AAG AAA TCT CTG AAA ATA TTT TCT GTA GTT GCC GTA TTT ATT CTT ACT CAG TCA CCC TAT TTC TTG AGA CTG ATA AAG ATC ATA GAT AGC TTT AAC TTG AAC AGC AGC TTT GAA TAT GCA ATC ATC GTA ACA GAA GCT CTT GCT TAT TTC CAT GGC TGT CTT AAC CCT GTT CTG TAT TTC TTC ATG GGG GTG AAA TTC AGG AGG AAC CTC CAG AAA ATT ATT AAA AAC TCA AGA TGC GTC AAA TGG CAA GTT ACG GCT AAA CAG TGG CAA CCA ACT GAA GAG GAA TCT AAA ACT TTC ACT GCC TCA AAT AAT GCA GAT GCA ACA AGC ATG TAC CCA CTA 
Falco_peregrinus                ATG GCA ACT ACA GAT GCT GTT AAC TTT TAT TAT AAC TTC TCC ATC AAT GAT CCC AAT GAA AAC GGA AGT GAG AAT CTT CAC TTT ACA AAT GTC TTC CTG CCC TGT ATG TCA GCT GTT TTC ATC CTT GGG CTA GCA GGA AAT ACA CTG GTC TTT GTC ATA CTA GTT TTC TAC GAG AAA CTG AAG GTG CTG ACA GAT ATA TTT TTG CTG AAC TTG GCT ATA GCT GAC TGG GTC TTC CTT TGG ACG CTG CCA TTC TGG GCA TAT TCT GGT GTT CAG GAG ACT TTT GGC ACT GTG GCA TGT CGT GTT ATA GGC TTG TTG TAC ACT TCG ATG ACT CTA ACG TCT ATC ACC TTT GAC CGG CTT ATT GCT ATT ACT TTT GCC ACA AAA GCA CAT GTG TGT CAA ACC AAA ATG ACA TGG GGC AAA CTG ATC TGT GTC TTG ATC ATC TCA CTA GCA TTT GCT GCA CCA CAG TTT ATT TTT AGT GAG GTG TTT AGT ATT GAT AAG GCA ATA TGT CAG GAA GAA TAC CCA AAC TAT CGC ACA GAA CTA GTT CTT GAA GTG ATC GTG ACC CTT GGC TAT TTT ATT CCC ATG CTA GCC ATG GTC ATC TGC TAC TCA CTA ATC ATT AGA ACC TTA CTG CAT GCC AGG AGT TTT CAA AAG AAA TCT CTA AAA ATA TTT TCT GTA GTT GCC ATA TTT ATT CTT ACT CAG TCA CCC TAT TTC TTG AGA CTG TTA AAG ATC ATA GAT AGC TTT AAC TTG AAC AGC AAC TTT GAA TAT GCA ATC ATC ATA ACA GAA GCT CTT GCT TAT TTC CAT GGC TGT CTT AAC CCT GTT CTG TAT TTC TTC ATG GGG GTG AAA TTC AGG AGG AAC TTA CGG AAA ATT ATT AAA AAC TCA AGA TGC ACT AAA TGG CAA GTT ACA GCT AAA CAG TGG CAA ACC ACA GAA GAG GAA TCT AAA ACT TTT ACT GCC TCA AAT AAT GCA GAT GCA ACA AGC ATG TAC CCG CTA 
Falco_tinnunculus               ATG GCA ACT ACA GAT GCT GTT AAC TTT TAT TAT AAC TTC TCC ATC AAT GAT CCC AAT GAA AAT GGA AGT GAG AAT CTT CAC TTT ACA AAT GTC TTC CTG CCC TGT ATG TCA GCT GTT TTC ATC CTT GGG CTA GCA GGA AAT ACA CTG GTC TTT GTC ATA CTA GTT TTC TAC GAG AAA CTG AAG GTG CTG ACA GAT ATA TTT TTG CTG AAC TTG GCT ATA GCT GAC TGG GTC TTC CTT TGG ACG CTG CCA TTC TGG GCA TAT TCT GCT GTT CAG GAG ACT TTT GGC ACT GTG GCA TGT CGT GTT ATA GGC TTG TTG TAC ACT TCA ATG ACT CTA ACG TCT ATC ACC TTT GAC CGG CTT ATT GCT ATT ACT TTT GCC ACA AAA GCA CAT GTG TGT CAA ACC AAA ATG ACA TGG GGC AAA CTG ATC TGT GTC TTG ATC ATC TCA CTA GCA TTT GCT GCA CCA CAG TTT ATT TTT AGT GAG GTG TTT AGT ATT GAT AAG GCA ATA TGT CAG GAA GAA TAC CCA AAC TAT CGC ACA GAA CTA GTT CTT GAA GTG ATC GTG ACC CTT GGC TAT TTT ATT CCC ATG CTA GCC ATG GTC ATC TGC TAC TCA CTA ATC ATT AGA ACC TTA CTG CAT GCC AGG AGT TTT CAA AAG AAA TCT CTA AAA ATA TTT TCT GTA GTT GCC ATA TTT ATT CTT ACT CAG TCA CCC TAT TTC TTG AGA CTG TTA AAG ATC ATA GAC AGC TTT AAC TTG AAC AGC AAC TTT GAA TAT GCA ATC ATC ATA ACA GAA GCT CTT GCT TAT TTC CAT GGC TGT CTT AAC CCT GTT CTG TAT TTC TTC ATG GGG GTG AAA TTC AGG AGG AAC TTA CGG AAA ATT GTT AAA AAC TCA AGA TGC ATT AAA TGG CAA GTT ACA GCT AAA CAG TGG CAA ACC ACA GAA GAG GAA TCT AAA ACA TTT ACT GCC TCA AAT AAT GCA GAT GCA ACA AGC ATG TAC CCA CTA 
Colius_striatus                 ATG GCA ACG ACA GAC GCA GAT AAC TTT TAT TAT AAC TTC TCC ATC GTT GAT CCA GAC GAA AAT GGA AGT GAG AAT TTT CAC TTT ACA AGA GTC TTC CTG CCC TGT ACC TCG GTT GTT TTC ATC CTG GGG CTA GCA GGA AAC ACA CTG GTC TTT GTC ATA CTG GTT TTC TAT GAG AAG CTG AAG ATG CTG ACA GAT ATA TTT TTG CTG AAC TTG GCT GTA GCT GAC TGG GTC TTC CTT TGG ACG CTG CCA TTC TGG GCG CAT TCG GCC GCT CAG GAG GCT TTC GGC ACG GTG GCG TGT CGT GTC ATA GGC TTG TTG TAC ACT TCC ATG ACC CTG ACA TCT ATC ACC TTT GAC AGG CTT GTT GCT ATT ACT TTT GCC ACC AAA GCA CAC ATG TGT CAA ACC AAA ACG ACG TGG GGC AAG GCA GTG TGT GTC TTG ATC ATC TCA CTA GGC TTT GCC ACA CCA CAG TTT ATT TTT AGT GAG GTG GTT AGC ATT GAT AAG GCG ATA TGT CAC GAA AAA TAC CCA AAC CAC GGC ACA GAA CTG GTT CTT GAA GTG ATC GTG ACA CTT GGC TAT TTT ATT CCC ATG CTA GCC ATG ATC ATC TGC TAC TCA CTA ATT GTT AGA ACC TTA CTG CAC GCC AGG AAT TTC CAA AAG AAA TCT CTC AAG ATA TTT TCT GTA GTT GCC ATA TTT ATT CTG ACT CAG TCA CCT TAT TTC CTG AGA CTC ATA AAG ATC ATA GAC AGC TTT AAC TTG AAC AGC AGC TTT GAA TAT GCA ATC ATC GTA ACA GAA GCT CTC GCT TAC CTC CAC GGC TGT CTC AAC CCT ATC CTG TAT TTC TTC ATG GGG GTC AAA TTC AGG AGG AAC TTA AGG AAA ATT ATT AAG AGT TTA AGA TGC ATC AAA GGG AGA GTT ACA GCG AAG CAC TGG CAA ACC ACT GAA GAG GAA TCT AAA ACA TTT ACT GCC TCC AAT AAC GCA GAT GCC ACA AGC ATG GAT CCG CTA 



Printing out site pattern counts


         8        738  P

Malurus_cyaneus                 AAA AAA AAA AAA AAA AAA AAC AAC AAC AAC AAC AAC AAG AAG AAG AAG AAT AAT AAT AAT AAT AAT ACA ACA ACA ACA ACA ACA ACA ACC ACC ACC ACC ACC ACC ACT ACT ACT ACT ACT ACT ACT AGA AGA AGA AGA AGA AGC AGC AGC AGG AGT AGT AGT AGT AGT ATA ATA ATA ATA ATA ATA ATA ATA ATA ATA ATC ATC ATC ATC ATC ATC ATC ATC ATC ATG ATG ATG ATG ATG ATG ATG ATG ATT ATT ATT ATT ATT ATT ATT CAA CAA CAA CAA CAA CAC CAC CAG CAG CAG CAG CAT CAT CAT CAT CAT CAT CCA CCC CCC CCC CCT CCT CCT CCT CCT CCT CTA CTA CTC CTC CTG CTG CTG CTG CTG CTG CTG CTG CTG CTG CTG CTT CTT CTT CTT CTT CTT CTT CTT CTT GAA GAA GAA GAA GAA GAC GAC GAC GAC GAG GAG GAT GAT GAT GCA GCA GCA GCA GCA GCA GCC GCC GCT GCT GCT GCT GCT GCT GCT GGA GGA GGA GGC GGC GGG GGG GGT GTA GTA GTA GTC GTC GTC GTC GTC GTC GTG GTG GTG GTT GTT GTT GTT GTT GTT GTT GTT TAC TAC TAC TAC TAC TAT TAT TAT TAT TCA TCA TCA TCA TCA TCA TCC TCG TCT TCT TCT TCT TCT TCT TGC TGC TGG TGG TGG TGT TGT TGT TTA TTA TTA TTA TTA TTA TTC TTG TTG TTG TTG TTT TTT TTT TTT TTT TTT 
Aquila_chrysaetos               ... ... ..C ..G G.. G.. ... ... ..T ..T ..T C.A ..A ... .G. G.. ..C ..G ... ... .G. .G. ... ... ... .T. .T. .TT G.. ... ... ... ... ..T GT. ..A ... ... ... .T. .T. G.. .A. ... ... ..G G.. ... ... ..T ... .A. .C. .C. ... GAA .C. ... ... ... ..G C.. C.. G.. G.G T.G .AT .CT ... ... ... ... ..T T.. T.T .AA .CA .C. ..A ..A ... ... ... ..C ... ... ... ... ... G.. A.. ACC ... ... TT. ..G ..G ... ... ... .G. ..C ... ... .G. .G. TGC ... ... ... ... ..A ..A ... G.. TTC TT. ... TC. ..T T.. A.A A.C .A. ..A ... ... ... ..T GA. TG. T.. AC. A.G .AG ..A ... ... ... ... T.G ... ... ..T .C. .TT ..A ... ... ... A.. ... ... ... .TG A.. ... ... ... ... TTT ..A ... ..C ..C ... ... ... ... .T. A.. .A. ... CA. ... ..C ... ..G A.. A.G .C. A.. .CG .CT ... ... ... A.. C.T ... A.. A.. .C. .C. .C. .GC ..C ... A.. ... ... ..T ..T C.C ..C ... ... .AT ... ... ... ..G .TT ... .T. A.C G.C G.. ... ... .G. ... ..T C.. C.. ... .A. ..C ... C.. .C. .C. ... ... ..T ... A.C C.. C.. ... A.. ..C ..C ... ... ... 
Haliaeetus_leucocephalus        ... ... ..C ..G G.. G.. ... ... ..T ..T ..T C.A ..A ... .G. G.. ..C ..G ... ... .G. .G. ... ... ... .T. .T. .TT G.. ... ... ... ... ..T GT. ..A ... ... ... .T. .T. ... .A. ... ... ..G G.. ... ... ..T ... .A. .C. .C. ... GAA .C. ... ... ... ..G C.. C.. G.. G.G T.G .AT .CT ... ... ... ... ..T T.. T.T .AA .C. .CA ..A ... ... ... ... ..C ... ... ... ... ... G.. A.. ACC ... ... TT. ..G ..G ... ... ... .G. ... ... ... .G. .G. TGC ... ... ... ... ..A ..A ... G.. TTC TT. ... TC. ..T T.. A.A A.C .A. ... ... ... ... ..T GA. TG. T.. AC. A.G .GG ..A ... ... ... ... T.G ... ... ..T .C. .TT ..A ... ... ... A.. ... ... ... .TG A.. ... ... ... ... TTG ..A ... ..C ..C ... ... ... .T. .T. A.. .A. ... CA. ... ..C ... ..G A.. ..G .C. A.. .CA .C. ... ... ... A.. C.T ... A.. ... .C. .C. .C. .GC ..C ... A.. ... ... ..T ..T C.C ..C ... ... .AT ... ... ..C ..G .TT ... .T. A.C G.C G.C ... ... .G. ... ..T C.. ... ... .A. ..C ... C.. .C. .C. ... ... ..T ... A.C C.. C.. ... A.. ..C ..C ... ... ... 
Tyto_alba                       ... ... ..C ..G G.. G.. ... ... ... ..T ..T C.A ..A ... .G. G.. ... ..A ... ... .G. .G. ... ... .T. .T. .T. .TT G.. ... ... ... ... ..T GT. ..A .A. ... ... .T. .T. G.. .A. .C. ... ..G G.. ... ... ..T ... .A. .C. TC. ... GAA .C. ... ... G.. ..G C.. C.G G.. G.G T.G .A. .C. ..A ... ... ... ..T T.. T.T .AA .CA .C. ..A GCA ... ... ... ..C ..A ... ... ... ... G.. A.. ACC ... ... TT. ..G ..G ... ... .CA .G. ..C ... ... ... .G. TGC T.. ... ... ... ..A ..G ... G.. TTC TT. ... TC. ..T T.. A.A A.C .C. ... ..A ... ... ... GA. TG. T.. AC. ..G ..G ..A ..A ... ... ... T.G ... ..G ..T .C. .TT ..A ... ... ..T A.. ... ... ... .TG ... A.. ... ... ... TTG ..A ... ..C ..C ..C ... ... ... .T. A.. .A. ... CA. ... ..C ... ..G A.. ..G .CC A.. .C. ..T A.. A.. ... A.. C.T ... A.. ... .CA .C. ... .GC ..C ... A.. ... ... ..T ..T C.. ... ... ... .AT ... ... ... ..G .TT ... .T. A.C G.C G.. ... ... .G. ... ... C.. ... ... .AC ... ... C.. .C. .C. ... ... ..T ... A.C C.. ... ... A.. ..C ..C ... ... ... 
Leptosomus_discolor             ... ... ..C ..G G.. G.. ... .G. ... ... ..T C.A ..A ... .G. G.. ..C ..A ... ... .GC .G. ... T.. ... .T. .T. .TC G.. ... ... ... C.A ..T GT. ..A ... ... ... .T. .T. G.C .A. .A. ... ..G ... ... ... ..T ... .A. .C. .C. ... GAG .C. .C. ... G.. ..G C.. C.G G.. G.G T.G .A. .CT ... ... ... ... ..T T.. T.T .AA .C. .CA ..A .C. ... ... ... ..C ... ... ... ... ... G.. A.. ACC ... ... .TC ..G ..G ... G.. ... .G. ..C ..C ... .G. .G. TGC ... ... ... ... ..A ..A ... G.. TTC TT. ... TC. ..T T.. G.A A.T .CA ... ... ... ..T ... GA. TG. T.. AC. ..G ..G ..A ... ... ... ... T.G ... ..G ..T .C. .TT ..A ... ..T ... A.. ..C ... ... .TG ... ... ... ... ... TTG ..A ... A.. ..C ... ... ... ... .T. A.. .A. ... C.. ... ..C ... ..G A.. ..G .CG A.. .C. .C. ... ... ... A.. C.T ... A.. ... .C. AC. ... .GC ..C ... A.. ... ... ... ..T C.. ... ... ... .AT ... ... ... .TG .TT ... .T. A.. G.C G.. ... ... .G. ... ..T ... ... ... .A. ... ... C.. .C. .C. ... ... ..C ... A.C C.. ... ... A.. ..C ..C ..C ... ... 
Falco_peregrinus                ... ... ..C ..G G.. G.. ... ... ... ... ..T C.A ..A ... .G. G.. ... ..A ... ... .G. .G. ... ... ... .T. TT. .TC G.. ..A ... ... ... ..T GT. ..A ... ... ... .A. .T. G.. .A. .AT ... ..G G.. .A. ... ..T ... .A. .C. .C. ... GAA .C. ... ... ... G.G C.. C.. G.. G.G T.G .A. .CA ... ... ... G.. ... T.. T.T .AA .C. .C. ..A .CA ... ... ... ..C ... ... ... ... G.. G.. A.. ACC ... ... TT. ..G .GG ... ... ... .G. ..C ... T.. ... .G. TGC ... ... ... ... ..A ..A ... G.. TTC TT. ... TC. ..T T.. A.A A.C .C. ... ... ... ... ... GA. TG. T.. AC. ..A ..G ..A ... ... ... ... T.G ... ..G ..T .C. .TT ..A ... ..T ... A.. ... ... ... .TG ... ... ... ... ... TTG ..A ... .T. ..C ... ... .T. ... .T. A.. .A. ... C.. ... ..C ... ..G A.. ..G AC. A.. .C. .C. ACT ... ... ... C.T ... A.. ... .G. .C. ... .GC ..C ... A.. ... ... ... ..T C.. ... ... ... .AT ... ..G ... ... .TT ... .T. A.. G.C G.. ... ... .G. ... ..T ... ... ... .A. ... ... C.. .C. .C. C.G ... ..T ... A.C C.. ... ... A.. ..C ..C ... C.. ... 
Falco_tinnunculus               ... ... ..C ..G G.. G.. ... ... ... ..T ..T C.A ..A ... .G. G.. ... ..A ... ... .G. .G. ... ... ... .T. TT. .TC G.. ..A ... ... ... ..T GT. ..A ... ... ... .A. .T. G.. .A. .AT ... ..G G.. .A. ... ..T ... .A. .C. .C. ... GAA .C. ... ... ... G.G C.. C.. G.. G.G T.G .A. .CA ... ... ... G.. ... T.. T.T .AA .C. .C. ..A .CA ... ... ... ..C ... ... ... G.. G.. G.. A.. ACC ... ... TT. ..G .GG ... ... ... .G. ..C ... T.. ... .G. TGC ... ... ... ... ..A ..A ... G.. TTC TT. ... TC. ..T T.. A.A A.C .CA ... ... ... ... ... GA. TG. T.. ACA ..A ..G ..A ... ... ... ... T.G ... ..G ..T .C. .TT ..A ... ... ... A.. ... ... ... .TG ... ... ... ... ... TTG ..A ... .T. ..C ... ... .T. ... .T. A.. .A. ... C.. ... ..C ... ..G A.. ..G AC. A.. .C. .C. A.T ... ... ... C.T ... A.. ... .C. .C. ... .GC ..C ... A.. ... ... ... ..T C.. ... ... ... .AT ... ... ... ... .TT ... .T. A.. G.C G.. ... ... .G. ... ..T ... ... ... .A. ... ... C.. .C. .C. C.G ... ..T ... A.C C.. ... ... A.. ..C ..C ... C.. ... 
Colius_striatus                 ... ..G ..C ..G ... G.. ... ... ... ..T ..T C.A ..A ... .G. G.. G.C ..G ..C ... .G. ... ... ... ..G .T. .T. .TC G.. ... ..A ... ... ..T GT. ..A ..G ... G.. GT. GT. G.A .A. ... ... ..G G.. ... ... ..T ... .AC .CC .C. ..C GAA .C. G.. ... G.. ..G C.G C.C G.. G.C C.G .GT .CT ... ... G.G ... ..T T.. T.T .AA .CA .C. ..A .CA .CC .C. ... ..C ... ... G.. ... G.C G.. A.G ACC AG. ... TT. ..G AGG ... ..C ..C AG. ..C ..C ..C ..C .G. TGC ... ..A ... ..T ..A ..A ... G.. TTC TTC ... TC. ..T T.. A.A A.C .C. ... ..C ... ... ... GA. TG. T.. ACA ..G ..G ..G ..C ..C ..G ... T.G ... ..G ..T .C. .TT ..A ... ... ... A.. ... ..C ... .TG ..G A.. ... ..G .GC TTG ... ... .A. ..C ..C ... ... ..G .T. A.. .A. ... ... ... ..C ... ..G A.. ..G AC. A.. .C. .C. A.. ... ... A.. C.T ... A.. ... .CC ... ... .GC ..C A.C A.. G.T ... ..T ..T C.C ... ..C ... CAT ... ..C ..C ..G .TC ... .T. A.G G.C G.. ..G ... .G. ... ..T G.. ... ... .A. ... ... C.. .C. ... GC. ... ..T ... A.C C.. ... ... A.. C.C ..C G.. ... ... 

    4    3    2    1    1    2    3    1    1    1    1    1    1    2    1
    2    1    1    1    1    1    1    2    1    1    1    1    1    2    1
    1    2    1    1    1    1    1    2    1    1    1    1    1    1    1
    1    1    1    3    1    1    1    1    1    1    1    2    1    3    1
    1    1    1    1    1    1    1    1    1    4    1    1    1    1    1
    1    1    1    1    1    1    1    6    1    1    1    1    1    1    1
    1    1    1    2    1    1    1    2    1    1    1    1    1    1    1
    1    1    1    1    2    1    1    1    1    1    1    1    4    1    1
    1    1    1    1    1    1    3    1    1    1    1    1    1    1    1
    1    1    1    2    2    1    3    1    1    1    1    1    1    1    1
    1    1    1    3    1    1    1    2    2    1    1    1    1    1    1
    1    3    1    1    1    2    1    1    1    3    1    1    1    1    1
    1    1    1    1    1    1    2    1    1    2    3    1    1    1    1
    1    1    1    1    1    3    1    1    1    1    1    3    1    1    1
    1    1    1    1    1    1    1    1    1    4    2    1    1    1    1
    3    1    1    2    1    1    1    1    1    1    6    1    1    1    1
    1    1    1    1    1   13

CODONML (in paml version 4.9, March 2015)  Malurus_cyaneus.aln.faa
Model: One dN/dS ratio for branches, 
Codon frequency model: F3x4
ns =   8  ls = 327

Codon usage in sequences
--------------------------------------------------------------------------------------------------------------------------------------
Phe TTT  18  20  19  19  17  18 | Ser TCT  10   5   5   6   5   5 | Tyr TAT   6   8   8   8   8   9 | Cys TGT   4   5   5   5   6   6
    TTC   6  11  11  11  13  11 |     TCC   1   1   2   1   1   1 |     TAC   7   5   5   5   5   5 |     TGC   2   3   3   3   2   2
Leu TTA   6   3   3   3   2   3 |     TCA   6   6   5   7   7   6 | *** TAA   0   0   0   0   0   0 | *** TGA   0   0   0   0   0   0
    TTG   4   5   6   7   8   7 |     TCG   1   1   1   1   0   1 |     TAG   0   0   0   0   0   0 | Trp TGG   5   4   5   5   6   6
--------------------------------------------------------------------------------------------------------------------------------------
Leu CTT  11   9   9   7   9   9 | Pro CCT   6   1   1   1   1   1 | His CAT   6   2   3   4   2   3 | Arg CGT   0   2   2   1   2   1
    CTC   2   0   0   0   1   0 |     CCC   4   4   4   4   4   4 |     CAC   2   3   2   2   2   1 |     CGC   0   0   0   0   1   1
    CTA   5   9   8   9   7   9 |     CCA   1   3   3   2   5   3 | Gln CAA   6   4   4   4   4   4 |     CGA   0   0   0   0   0   0
    CTG  13   7   8  10  10  10 |     CCG   0   0   0   2   0   1 |     CAG   5   8   7   5   5   5 |     CGG   0   3   3   2   1   2
--------------------------------------------------------------------------------------------------------------------------------------
Ile ATT   7  14  13  12  13   9 | Thr ACT   8   9  10   6  12  10 | Asn AAT   6   7   7   7   4   7 | Ser AGT   5   4   4   4   3   4
    ATC  12  11  11  12  11  12 |     ACC   7   7   7   8   5   5 |     AAC   8   8   8   9  10  11 |     AGC   5   4   4   4   6   3
    ATA  13  11  10  12   7   9 |     ACA   9   9   9   9   8  11 | Lys AAA  13  11  11  12  13  12 | Arg AGA   5   4   4   3   4   3
Met ATG  13  12  12  10  10   8 |     ACG   0   1   1   1   2   2 |     AAG   6   5   5   4   4   4 |     AGG   1   3   3   3   3   3
--------------------------------------------------------------------------------------------------------------------------------------
Val GTT  10   4   6   7   6   9 | Ala GCT   9  13   9   9   9   9 | Asp GAT   5   5   5   6   6   6 | Gly GGT   1   0   0   0   0   1
    GTC   7   6   6   4   6   6 |     GCC   2   4   6   7   6   5 |     GAC   4   3   3   2   3   2 |     GGC   4   5   5   5   5   5
    GTA   3   1   1   2   3   1 |     GCA   8  11  12  12  11  11 | Glu GAA   7  10  10   9   8   9 |     GGA   4   2   2   2   1   2
    GTG   4   4   5   5   5   7 |     GCG   0   1   0   0   1   0 |     GAG   2   4   4   5   6   5 |     GGG   2   2   2   2   2   2
--------------------------------------------------------------------------------------------------------------------------------------

----------------------------------------------------------------------
Phe TTT  18  16 | Ser TCT   5   4 | Tyr TAT   9   7 | Cys TGT   6   6
    TTC  11  12 |     TCC   1   3 |     TAC   5   4 |     TGC   2   2
Leu TTA   3   3 |     TCA   7   3 | *** TAA   0   0 | *** TGA   0   0
    TTG   7   6 |     TCG   0   2 |     TAG   0   0 | Trp TGG   6   5
----------------------------------------------------------------------
Leu CTT   9   4 | Pro CCT   1   2 | His CAT   3   1 | Arg CGT   1   1
    CTC   0   5 |     CCC   4   2 |     CAC   1   7 |     CGC   1   0
    CTA   9   5 |     CCA   4   4 | Gln CAA   4   3 |     CGA   0   0
    CTG  10  14 |     CCG   0   1 |     CAG   5   3 |     CGG   2   0
----------------------------------------------------------------------
Ile ATT   9   8 | Thr ACT   8   5 | Asn AAT   8   4 | Ser AGT   4   3
    ATC  12  13 |     ACC   5   7 |     AAC  10  10 |     AGC   3   5
    ATA   9   8 |     ACA  12  12 | Lys AAA  12   8 | Arg AGA   3   5
Met ATG   8   8 |     ACG   2   5 |     AAG   4   9 |     AGG   3   5
----------------------------------------------------------------------
Val GTT  10  10 | Ala GCT  10   7 | Asp GAT   5   6 | Gly GGT   0   0
    GTC   6   7 |     GCC   5   8 |     GAC   3   5 |     GGC   5   7
    GTA   1   3 |     GCA  11   7 | Glu GAA   9   8 |     GGA   2   2
    GTG   7   5 |     GCG   0   4 |     GAG   5   5 |     GGG   2   3
----------------------------------------------------------------------

Codon position x base (3x4) table for each sequence.

#1: Malurus_cyaneus
position  1:    T:0.23242    C:0.18654    A:0.36086    G:0.22018
position  2:    T:0.40979    C:0.22018    A:0.25382    G:0.11621
position  3:    T:0.34251    C:0.22324    A:0.26300    G:0.17125
Average         T:0.32824    C:0.20999    A:0.29256    G:0.16922

#2: Aquila_chrysaetos
position  1:    T:0.23547    C:0.16820    A:0.36697    G:0.22936
position  2:    T:0.38838    C:0.23242    A:0.25382    G:0.12538
position  3:    T:0.33028    C:0.22936    A:0.25688    G:0.18349
Average         T:0.31804    C:0.20999    A:0.29256    G:0.17941

#3: Haliaeetus_leucocephalus
position  1:    T:0.23853    C:0.16514    A:0.36391    G:0.23242
position  2:    T:0.39144    C:0.22936    A:0.25076    G:0.12844
position  3:    T:0.32416    C:0.23547    A:0.25076    G:0.18960
Average         T:0.31804    C:0.20999    A:0.28848    G:0.18349

#4: Tyto_alba      
position  1:    T:0.24771    C:0.16208    A:0.35474    G:0.23547
position  2:    T:0.39755    C:0.23242    A:0.25076    G:0.11927
position  3:    T:0.31193    C:0.23547    A:0.26300    G:0.18960
Average         T:0.31906    C:0.20999    A:0.28950    G:0.18145

#5: Leptosomus_discolor
position  1:    T:0.24465    C:0.16514    A:0.35168    G:0.23853
position  2:    T:0.39144    C:0.23547    A:0.24465    G:0.12844
position  3:    T:0.31498    C:0.24771    A:0.24465    G:0.19266
Average         T:0.31702    C:0.21611    A:0.28033    G:0.18654

#6: Falco_peregrinus
position  1:    T:0.24465    C:0.16514    A:0.34557    G:0.24465
position  2:    T:0.39144    C:0.22936    A:0.25382    G:0.12538
position  3:    T:0.32722    C:0.22630    A:0.25382    G:0.19266
Average         T:0.32110    C:0.20693    A:0.28440    G:0.18756

#7: Falco_tinnunculus
position  1:    T:0.24465    C:0.16514    A:0.34251    G:0.24771
position  2:    T:0.39450    C:0.22936    A:0.25382    G:0.12232
position  3:    T:0.32416    C:0.22630    A:0.26300    G:0.18654
Average         T:0.32110    C:0.20693    A:0.28644    G:0.18552

#8: Colius_striatus
position  1:    T:0.22324    C:0.15902    A:0.35168    G:0.26606
position  2:    T:0.38838    C:0.23242    A:0.24465    G:0.13456
position  3:    T:0.25688    C:0.29664    A:0.21713    G:0.22936
Average         T:0.28950    C:0.22936    A:0.27115    G:0.20999

Sums of codon usage counts
------------------------------------------------------------------------------
Phe F TTT     145 | Ser S TCT      45 | Tyr Y TAT      63 | Cys C TGT      43
      TTC      86 |       TCC      11 |       TAC      41 |       TGC      19
Leu L TTA      26 |       TCA      47 | *** * TAA       0 | *** * TGA       0
      TTG      50 |       TCG       7 |       TAG       0 | Trp W TGG      42
------------------------------------------------------------------------------
Leu L CTT      67 | Pro P CCT      14 | His H CAT      24 | Arg R CGT      10
      CTC       8 |       CCC      30 |       CAC      20 |       CGC       3
      CTA      61 |       CCA      25 | Gln Q CAA      33 |       CGA       0
      CTG      82 |       CCG       4 |       CAG      43 |       CGG      13
------------------------------------------------------------------------------
Ile I ATT      85 | Thr T ACT      68 | Asn N AAT      50 | Ser S AGT      31
      ATC      94 |       ACC      51 |       AAC      74 |       AGC      34
      ATA      79 |       ACA      79 | Lys K AAA      92 | Arg R AGA      31
Met M ATG      81 |       ACG      14 |       AAG      41 |       AGG      24
------------------------------------------------------------------------------
Val V GTT      62 | Ala A GCT      75 | Asp D GAT      44 | Gly G GGT       2
      GTC      48 |       GCC      43 |       GAC      25 |       GGC      41
      GTA      15 |       GCA      83 | Glu E GAA      70 |       GGA      17
      GTG      42 |       GCG       6 |       GAG      36 |       GGG      17
------------------------------------------------------------------------------


Codon position x base (3x4) table, overall

position  1:    T:0.23891    C:0.16705    A:0.35474    G:0.23930
position  2:    T:0.39411    C:0.23012    A:0.25076    G:0.12500
position  3:    T:0.31651    C:0.24006    A:0.25153    G:0.19190
Average         T:0.31651    C:0.21241    A:0.28568    G:0.18540

Codon frequencies under model, for use in evolver (TTT TTC TTA TTG ... GGG):
  0.03085416  0.02340146  0.02451937  0.01870626
  0.01801572  0.01366409  0.01431684  0.01092257
  0.01963174  0.01488978  0.00000000  0.00000000
  0.00978595  0.00742219  0.00000000  0.00593302
  0.02157323  0.01636230  0.01714394  0.01307942
  0.01259659  0.00955393  0.01001033  0.00763706
  0.01372651  0.01041093  0.01090827  0.00832211
  0.00684233  0.00518960  0.00543751  0.00414837
  0.04581225  0.03474649  0.03640636  0.02777506
  0.02674973  0.02028845  0.02125764  0.01621783
  0.02914921  0.02210834  0.02316447  0.01767259
  0.01453017  0.01102047  0.01154692  0.00880936
  0.03090352  0.02343890  0.02455860  0.01873619
  0.01804454  0.01368596  0.01433974  0.01094005
  0.01966315  0.01491360  0.01562603  0.01192138
  0.00980160  0.00743407  0.00778920  0.00594252



Nei & Gojobori 1986. dN/dS (dN, dS)
(Note: This matrix is not used in later ML. analysis.
Use runmode = -2 for ML pairwise comparison.)

Malurus_cyaneus     
Aquila_chrysaetos    0.6020 (0.2049 0.3403)
Haliaeetus_leucocephalus 0.5725 (0.1958 0.3420) 0.2885 (0.0106 0.0368)
Tyto_alba            0.5890 (0.2071 0.3515) 0.2456 (0.0310 0.1263) 0.1835 (0.0287 0.1566)
Leptosomus_discolor  0.6282 (0.2048 0.3259) 0.2146 (0.0358 0.1670) 0.2046 (0.0324 0.1584) 0.2023 (0.0352 0.1741)
Falco_peregrinus     0.7267 (0.2080 0.2862) 0.3104 (0.0429 0.1383) 0.2796 (0.0408 0.1460) 0.2623 (0.0388 0.1479) 0.3555 (0.0423 0.1190)
Falco_tinnunculus    0.7109 (0.2080 0.2926) 0.3123 (0.0415 0.1329) 0.2804 (0.0394 0.1407) 0.2624 (0.0374 0.1425) 0.3295 (0.0409 0.1241) 0.1808 (0.0040 0.0221)
Colius_striatus      0.3632 (0.2317 0.6379) 0.1986 (0.0664 0.3346) 0.1867 (0.0643 0.3444) 0.1720 (0.0601 0.3492) 0.1784 (0.0680 0.3813) 0.1717 (0.0617 0.3593) 0.1745 (0.0602 0.3453)


TREE #  1:  (((5, 8), 4), (3, 2), (1, (6, 7)));   MP score: 341
check convergence..
lnL(ntime: 13  np: 15):  -3039.521695      +0.000000
   9..10   10..11   11..5    11..8    10..4     9..12   12..3    12..2     9..13   13..1    13..14   14..6    14..7  
 0.005238 0.000004 0.104160 0.311041 0.101692 0.072747 0.025586 0.025574 0.003068 0.692097 0.079962 0.015699 0.009422 3.996668 0.434423

Note: Branch length is defined as number of nucleotide substitutions per codon (not per neucleotide site).

tree length =   1.44629

(((5: 0.104160, 8: 0.311041): 0.000004, 4: 0.101692): 0.005238, (3: 0.025586, 2: 0.025574): 0.072747, (1: 0.692097, (6: 0.015699, 7: 0.009422): 0.079962): 0.003068);

(((Leptosomus_discolor: 0.104160, Colius_striatus: 0.311041): 0.000004, Tyto_alba: 0.101692): 0.005238, (Haliaeetus_leucocephalus: 0.025586, Aquila_chrysaetos: 0.025574): 0.072747, (Malurus_cyaneus: 0.692097, (Falco_peregrinus: 0.015699, Falco_tinnunculus: 0.009422): 0.079962): 0.003068);

Detailed output identifying parameters

kappa (ts/tv) =  3.99667

omega (dN/dS) =  0.43442

dN & dS for each branch

 branch          t       N       S   dN/dS      dN      dS  N*dN  S*dS

   9..10     0.005   691.8   289.2  0.4344  0.0013  0.0029   0.9   0.8
  10..11     0.000   691.8   289.2  0.4344  0.0000  0.0000   0.0   0.0
  11..5      0.104   691.8   289.2  0.4344  0.0251  0.0578  17.4  16.7
  11..8      0.311   691.8   289.2  0.4344  0.0749  0.1725  51.8  49.9
  10..4      0.102   691.8   289.2  0.4344  0.0245  0.0564  16.9  16.3
   9..12     0.073   691.8   289.2  0.4344  0.0175  0.0403  12.1  11.7
  12..3      0.026   691.8   289.2  0.4344  0.0062  0.0142   4.3   4.1
  12..2      0.026   691.8   289.2  0.4344  0.0062  0.0142   4.3   4.1
   9..13     0.003   691.8   289.2  0.4344  0.0007  0.0017   0.5   0.5
  13..1      0.692   691.8   289.2  0.4344  0.1667  0.3838 115.3 111.0
  13..14     0.080   691.8   289.2  0.4344  0.0193  0.0443  13.3  12.8
  14..6      0.016   691.8   289.2  0.4344  0.0038  0.0087   2.6   2.5
  14..7      0.009   691.8   289.2  0.4344  0.0023  0.0052   1.6   1.5

tree length for dN:       0.3484
tree length for dS:       0.8019


Time used:  0:12
