
Loaded 'libv3/all-terms.bf' from /usr/local/lib/hyphy/TemplateBatchFiles/libv3/all-terms.bf
Loaded 'libv3/UtilityFunctions.bf' from /usr/local/lib/hyphy/TemplateBatchFiles/libv3/UtilityFunctions.bf
Loaded 'IOFunctions.bf' from /usr/local/lib/hyphy/TemplateBatchFiles/libv3/IOFunctions.bf
Already loaded 'libv3/UtilityFunctions.bf' from /usr/local/lib/hyphy/TemplateBatchFiles/libv3/UtilityFunctions.bf
Loaded 'convenience/regexp.bf' from /usr/local/lib/hyphy/TemplateBatchFiles/libv3/convenience/regexp.bf
Already loaded 'libv3/all-terms.bf' from /usr/local/lib/hyphy/TemplateBatchFiles/libv3/all-terms.bf
Already loaded 'libv3/IOFunctions.bf' from /usr/local/lib/hyphy/TemplateBatchFiles/libv3/IOFunctions.bf
Loaded 'libv3/tasks/estimators.bf' from /usr/local/lib/hyphy/TemplateBatchFiles/libv3/tasks/estimators.bf
Loaded '../models/model_functions.bf' from /usr/local/lib/hyphy/TemplateBatchFiles/libv3/models/model_functions.bf
Loaded 'DNA.bf' from /usr/local/lib/hyphy/TemplateBatchFiles/libv3/models/DNA.bf
Loaded 'frequencies.bf' from /usr/local/lib/hyphy/TemplateBatchFiles/libv3/models/frequencies.bf
Already loaded '../all-terms.bf' from /usr/local/lib/hyphy/TemplateBatchFiles/libv3/all-terms.bf
Loaded 'parameters.bf' from /usr/local/lib/hyphy/TemplateBatchFiles/libv3/models/parameters.bf
Loaded 'GrabBag' from /usr/local/lib/hyphy/TemplateBatchFiles/Utility/GrabBag.bf
Overwritten previously defined function:'_sortStringsAux'
Already loaded 'libv3/all-terms.bf' from /usr/local/lib/hyphy/TemplateBatchFiles/libv3/all-terms.bf
Already loaded '../UtilityFunctions.bf' from /usr/local/lib/hyphy/TemplateBatchFiles/libv3/UtilityFunctions.bf
Already loaded 'model_functions.bf' from /usr/local/lib/hyphy/TemplateBatchFiles/libv3/models/model_functions.bf
Already loaded 'libv3/all-terms.bf' from /usr/local/lib/hyphy/TemplateBatchFiles/libv3/all-terms.bf
Already loaded 'parameters.bf' from /usr/local/lib/hyphy/TemplateBatchFiles/libv3/models/parameters.bf
Already loaded 'frequencies.bf' from /usr/local/lib/hyphy/TemplateBatchFiles/libv3/models/frequencies.bf
Already loaded '../UtilityFunctions.bf' from /usr/local/lib/hyphy/TemplateBatchFiles/libv3/UtilityFunctions.bf
Already loaded '../convenience/regexp.bf' from /usr/local/lib/hyphy/TemplateBatchFiles/libv3/convenience/regexp.bf
Loaded '../models/DNA/GTR.bf' from /usr/local/lib/hyphy/TemplateBatchFiles/libv3/models/DNA/GTR.bf
Already loaded '../DNA.bf' from /usr/local/lib/hyphy/TemplateBatchFiles/libv3/models/DNA.bf
Already loaded '../parameters.bf' from /usr/local/lib/hyphy/TemplateBatchFiles/libv3/models/parameters.bf
Already loaded '../frequencies.bf' from /usr/local/lib/hyphy/TemplateBatchFiles/libv3/models/frequencies.bf
Already loaded '../../UtilityFunctions.bf' from /usr/local/lib/hyphy/TemplateBatchFiles/libv3/UtilityFunctions.bf
Already loaded 'libv3/all-terms.bf' from /usr/local/lib/hyphy/TemplateBatchFiles/libv3/all-terms.bf
Already loaded '../convenience/regexp.bf' from /usr/local/lib/hyphy/TemplateBatchFiles/libv3/convenience/regexp.bf
Already loaded 'libv3/all-terms.bf' from /usr/local/lib/hyphy/TemplateBatchFiles/libv3/all-terms.bf
Loaded 'libv3/tasks/alignments.bf' from /usr/local/lib/hyphy/TemplateBatchFiles/libv3/tasks/alignments.bf
Already loaded '../IOFunctions.bf' from /usr/local/lib/hyphy/TemplateBatchFiles/libv3/IOFunctions.bf
Already loaded '../all-terms.bf' from /usr/local/lib/hyphy/TemplateBatchFiles/libv3/all-terms.bf
Loaded 'libv3/models/codon.bf' from /usr/local/lib/hyphy/TemplateBatchFiles/libv3/models/codon.bf
Loaded '../tasks/genetic_code.bf' from /usr/local/lib/hyphy/TemplateBatchFiles/libv3/tasks/genetic_code.bf
Loaded 'libv3/convenience/matrix.bf' from /usr/local/lib/hyphy/TemplateBatchFiles/libv3/convenience/matrix.bf
Already loaded 'libv3/UtilityFunctions.bf' from /usr/local/lib/hyphy/TemplateBatchFiles/libv3/UtilityFunctions.bf
Already loaded 'libv3/all-terms.bf' from /usr/local/lib/hyphy/TemplateBatchFiles/libv3/all-terms.bf
Already loaded '../UtilityFunctions.bf' from /usr/local/lib/hyphy/TemplateBatchFiles/libv3/UtilityFunctions.bf
Loaded 'libv3/tasks/trees.bf' from /usr/local/lib/hyphy/TemplateBatchFiles/libv3/tasks/trees.bf
Already loaded '../IOFunctions.bf' from /usr/local/lib/hyphy/TemplateBatchFiles/libv3/IOFunctions.bf
Already loaded '../all-terms.bf' from /usr/local/lib/hyphy/TemplateBatchFiles/libv3/all-terms.bf
Already loaded '../convenience/regexp.bf' from /usr/local/lib/hyphy/TemplateBatchFiles/libv3/convenience/regexp.bf
Already loaded '../UtilityFunctions.bf' from /usr/local/lib/hyphy/TemplateBatchFiles/libv3/UtilityFunctions.bf
Loaded 'TreeTools' from /usr/local/lib/hyphy/TemplateBatchFiles/TreeTools.ibf
Already loaded 'libv3/tasks/genetic_code.bf' from /usr/local/lib/hyphy/TemplateBatchFiles/libv3/tasks/genetic_code.bf
Loaded 'modules/io_functions.ibf' from /usr/local/lib/hyphy/TemplateBatchFiles/SelectionAnalyses/modules/io_functions.ibf
Already loaded 'libv3/UtilityFunctions.bf' from /usr/local/lib/hyphy/TemplateBatchFiles/libv3/UtilityFunctions.bf
Already loaded 'libv3/IOFunctions.bf' from /usr/local/lib/hyphy/TemplateBatchFiles/libv3/IOFunctions.bf
Already loaded 'libv3/convenience/regexp.bf' from /usr/local/lib/hyphy/TemplateBatchFiles/libv3/convenience/regexp.bf
Already loaded 'libv3/all-terms.bf' from /usr/local/lib/hyphy/TemplateBatchFiles/libv3/all-terms.bf
Loaded 'modules/selection_lib.ibf' from /usr/local/lib/hyphy/TemplateBatchFiles/SelectionAnalyses/modules/selection_lib.ibf
Loaded 'libv3/models/codon/BS_REL.bf' from /usr/local/lib/hyphy/TemplateBatchFiles/libv3/models/codon/BS_REL.bf
Already loaded '../codon.bf' from /usr/local/lib/hyphy/TemplateBatchFiles/libv3/models/codon.bf
Already loaded '../DNA.bf' from /usr/local/lib/hyphy/TemplateBatchFiles/libv3/models/DNA.bf
Already loaded '../parameters.bf' from /usr/local/lib/hyphy/TemplateBatchFiles/libv3/models/parameters.bf
Already loaded '../frequencies.bf' from /usr/local/lib/hyphy/TemplateBatchFiles/libv3/models/frequencies.bf
Already loaded '../../UtilityFunctions.bf' from /usr/local/lib/hyphy/TemplateBatchFiles/libv3/UtilityFunctions.bf
Loaded 'MG_REV.bf' from /usr/local/lib/hyphy/TemplateBatchFiles/libv3/models/codon/MG_REV.bf
Already loaded '../codon.bf' from /usr/local/lib/hyphy/TemplateBatchFiles/libv3/models/codon.bf
Already loaded '../DNA.bf' from /usr/local/lib/hyphy/TemplateBatchFiles/libv3/models/DNA.bf
Already loaded '../parameters.bf' from /usr/local/lib/hyphy/TemplateBatchFiles/libv3/models/parameters.bf
Already loaded '../frequencies.bf' from /usr/local/lib/hyphy/TemplateBatchFiles/libv3/models/frequencies.bf
Already loaded '../../UtilityFunctions.bf' from /usr/local/lib/hyphy/TemplateBatchFiles/libv3/UtilityFunctions.bf
Loaded '../../convenience/math.bf' from /usr/local/lib/hyphy/TemplateBatchFiles/libv3/convenience/math.bf
Already loaded 'libv3/UtilityFunctions.bf' from /usr/local/lib/hyphy/TemplateBatchFiles/libv3/UtilityFunctions.bf
Already loaded 'libv3/convenience/math.bf' from /usr/local/lib/hyphy/TemplateBatchFiles/libv3/convenience/math.bf
Variable 'NORMALIZE_SEQUENCE_NAMES' was not initialized prior to being used
Loaded 'modules/shared-load-file.bf' from /usr/local/lib/hyphy/TemplateBatchFiles/SelectionAnalyses/modules/shared-load-file.bf
Variable 'MARKDOWN_OUTPUT' was not initialized prior to being used
Already loaded 'libv3/convenience/matrix.bf' from /usr/local/lib/hyphy/TemplateBatchFiles/libv3/convenience/matrix.bf
Already loaded 'libv3/UtilityFunctions.bf' from /usr/local/lib/hyphy/TemplateBatchFiles/libv3/UtilityFunctions.bf
Variable 'wTGaJfgr.skipCodeSelectionStep' was not initialized prior to being used
Row and/or column partition is empty. All the data will be used by default.
Variable 'NEXUS_FILE_TREE_MATRIX' was not initialized prior to being used
Variable 'utility.ToggleEnvVariable.cache' was not initialized prior to being used
Variable 'TREE_NODE_NAME_MAPPING' was not initialized prior to being used
Variable 'MPkYQZBc.PROMPT_FOR_FILE' was not initialized prior to being used
Variable 'END_OF_FILE' was not initialized prior to being used
Variable '_DO_TREE_REBALANCE_' was not initialized prior to being used
Variable '_KEEP_I_LABELS_' was not initialized prior to being used
Variable 'INCLUDE_MODEL_SPECS' was not initialized prior to being used
Variable 'utility.ForEachPair.warn_non_rentrant' was not initialized prior to being used
Row and/or column partition is empty. All the data will be used by default.
Row and/or column partition is empty. All the data will be used by default.
Variable 'CeHMxDiw.cache' was not initialized prior to being used
Row and/or column partition is empty. All the data will be used by default.
Variable 'COUNT_GAPS_IN_FREQUENCIES' was not initialized prior to being used
Variable 'nvzLqspT.model_pi' was not initialized prior to being used
Model nvzLqspT.model assigned to Leptosomus_discolor
Model nvzLqspT.model assigned to Colius_striatus
Model nvzLqspT.model assigned to Node2
Model nvzLqspT.model assigned to Tyto_alba
Model nvzLqspT.model assigned to Node1
Model nvzLqspT.model assigned to Haliaeetus_leucocephalus
Model nvzLqspT.model assigned to Aquila_chrysaetos
Model nvzLqspT.model assigned to Node6
Model nvzLqspT.model assigned to Malurus_cyaneus
Model nvzLqspT.model assigned to Falco_peregrinus
Model nvzLqspT.model assigned to Falco_tinnunculus
Model nvzLqspT.model assigned to Node11
Model nvzLqspT.model assigned to Node9
The tips of the tree:nvzLqspT.tree_0 were matched with the species names from the data in the following numeric order (0-based) {4,7,3,2,1,0,5,6}

Pseudo-optimal path's cost 986 vs 1740 for 1..k=> a 1.76471 x improvement
Partition 0 reversible model flag computed as 1
Variable 'USE_LAST_RESULTS' was not initialized prior to being used
Variable 'nvzLqspT.tree_0.Leptosomus_discolor.t' was not initialized prior to being used
models.generic.SetBranchLength: nvzLqspT.tree_0.Leptosomus_discolor.t=180.3231461692258
Variable 'nvzLqspT.tree_0.Colius_striatus.t' was not initialized prior to being used
models.generic.SetBranchLength: nvzLqspT.tree_0.Colius_striatus.t=180.3231461692258
Variable 'nvzLqspT.tree_0.Node2.t' was not initialized prior to being used
models.generic.SetBranchLength: nvzLqspT.tree_0.Node2.t=7.029925683713122
Variable 'nvzLqspT.tree_0.Tyto_alba.t' was not initialized prior to being used
models.generic.SetBranchLength: nvzLqspT.tree_0.Tyto_alba.t=185.0857192571217
Variable 'nvzLqspT.tree_0.Node1.t' was not initialized prior to being used
models.generic.SetBranchLength: nvzLqspT.tree_0.Node1.t=5.299727401162403
Variable 'nvzLqspT.tree_0.Haliaeetus_leucocephalus.t' was not initialized prior to being used
models.generic.SetBranchLength: nvzLqspT.tree_0.Haliaeetus_leucocephalus.t=77.87883961098581
Variable 'nvzLqspT.tree_0.Aquila_chrysaetos.t' was not initialized prior to being used
models.generic.SetBranchLength: nvzLqspT.tree_0.Aquila_chrysaetos.t=77.87883961098581
Variable 'nvzLqspT.tree_0.Node6.t' was not initialized prior to being used
models.generic.SetBranchLength: nvzLqspT.tree_0.Node6.t=114.7739596431155
Variable 'nvzLqspT.tree_0.Malurus_cyaneus.t' was not initialized prior to being used
models.generic.SetBranchLength: nvzLqspT.tree_0.Malurus_cyaneus.t=180.6928398758149
Variable 'nvzLqspT.tree_0.Falco_peregrinus.t' was not initialized prior to being used
models.generic.SetBranchLength: nvzLqspT.tree_0.Falco_peregrinus.t=19.04350747485492
Variable 'nvzLqspT.tree_0.Falco_tinnunculus.t' was not initialized prior to being used
models.generic.SetBranchLength: nvzLqspT.tree_0.Falco_tinnunculus.t=19.04350747485492
Variable 'nvzLqspT.tree_0.Node11.t' was not initialized prior to being used
models.generic.SetBranchLength: nvzLqspT.tree_0.Node11.t=161.6493324009599
Variable 'nvzLqspT.tree_0.Node9.t' was not initialized prior to being used
models.generic.SetBranchLength: nvzLqspT.tree_0.Node9.t=11.95995937828643
Variable 'nvzLqspT.nvzLqspT.likelihoodFunction' was not initialized prior to being used
Variable 'SAVE_OPT_STATUS_TO' was not initialized prior to being used
Auto-benchmarked an optimal number (1) of threads.
Set GUI update interval to every 3759-th LF evaluation.
Optimization settings:
	OPTIMIZATION_METHOD = 4
	OPTIMIZATION_PRECISION = 0.001
	MAXIMUM_ITERATIONS_PER_VARIABLE = 5000

Initial parameter values

nvzLqspT.model.theta_GT = 0.25
nvzLqspT.model.theta_CT = 1
nvzLqspT.model.theta_AC = 0.25
nvzLqspT.model.theta_CG = 0.25
nvzLqspT.model.theta_AT = 0.25
nvzLqspT.tree_0.Leptosomus_discolor.t = 180.323
nvzLqspT.tree_0.Colius_striatus.t = 180.323
nvzLqspT.tree_0.Node2.t = 7.02993
nvzLqspT.tree_0.Tyto_alba.t = 185.086
nvzLqspT.tree_0.Node1.t = 5.29973
nvzLqspT.tree_0.Haliaeetus_leucocephalus.t = 77.8788
nvzLqspT.tree_0.Aquila_chrysaetos.t = 77.8788
nvzLqspT.tree_0.Node6.t = 114.774
nvzLqspT.tree_0.Malurus_cyaneus.t = 180.693
nvzLqspT.tree_0.Falco_peregrinus.t = 19.0435
nvzLqspT.tree_0.Falco_tinnunculus.t = 19.0435
nvzLqspT.tree_0.Node11.t = 161.649
nvzLqspT.tree_0.Node9.t = 11.96
Optimization finished in 28 loop passes.
1771 likelihood evaluation calls and 10523 matrix exponentiations calls were made

Variable 'BRANCH_LENGTH_STENCIL' was not initialized prior to being used
Variable 'nvzLqspT.option' was not initialized prior to being used
Variable 'busted.terms.json.nucleotide_gtr' was not initialized prior to being used
Variable 'Unknown' was not initialized prior to being used
Variable '_KPPKyQS.initial_value' was not initialized prior to being used
Variable 'EKbtjPoJ.data_filter' was not initialized prior to being used
Row and/or column partition is empty. All the data will be used by default.
Auto-benchmarked an optimal number (3) of threads.
Set GUI update interval to every 3105-th LF evaluation.
Optimization settings:
	OPTIMIZATION_METHOD = 4
	OPTIMIZATION_PRECISION = 0.001
	MAXIMUM_ITERATIONS_PER_VARIABLE = 5000

Initial parameter values

frequencies._aux.CF3x4.p0_0 = 0.35308
frequencies._aux.CF3x4.p0_1 = 0.264072
frequencies._aux.CF3x4.p0_2 = 0.490487
frequencies._aux.CF3x4.p1_0 = 0.254529
frequencies._aux.CF3x4.p1_1 = 0.304982
frequencies._aux.CF3x4.p1_2 = 0.262587
frequencies._aux.CF3x4.p2_0 = 0.25308
frequencies._aux.CF3x4.p2_1 = 0.317487
frequencies._aux.CF3x4.p2_2 = 0.389837
Optimization finished in 4 loop passes.
174 likelihood evaluation calls and 0 matrix exponentiations calls were made

Variable 'EKbtjPoJ.model_MGREV_pi' was not initialized prior to being used
Model EKbtjPoJ.model_MGREV assigned to Leptosomus_discolor
Model EKbtjPoJ.model_MGREV assigned to Colius_striatus
Model EKbtjPoJ.model_MGREV assigned to Node2
Model EKbtjPoJ.model_MGREV assigned to Tyto_alba
Model EKbtjPoJ.model_MGREV assigned to Node1
Model EKbtjPoJ.model_MGREV assigned to Haliaeetus_leucocephalus
Model EKbtjPoJ.model_MGREV assigned to Aquila_chrysaetos
Model EKbtjPoJ.model_MGREV assigned to Node6
Model EKbtjPoJ.model_MGREV assigned to Malurus_cyaneus
Model EKbtjPoJ.model_MGREV assigned to Falco_peregrinus
Model EKbtjPoJ.model_MGREV assigned to Falco_tinnunculus
Model EKbtjPoJ.model_MGREV assigned to Node11
Model EKbtjPoJ.model_MGREV assigned to Node9
The tips of the tree:EKbtjPoJ.tree_0 were matched with the species names from the data in the following numeric order (0-based) {4,7,3,2,1,0,5,6}

Pseudo-optimal path's cost 2348 vs 3352 for 1..k=> a 1.4276 x improvement
Partition 0 reversible model flag computed as 1
Variable 'EKbtjPoJ.EKbtjPoJ.likelihoodFunction' was not initialized prior to being used
Variable 'EKbtjPoJ.tree_0.Leptosomus_discolor.alpha' was not initialized prior to being used
Variable 'EKbtjPoJ.tree_0.Colius_striatus.alpha' was not initialized prior to being used
Variable 'EKbtjPoJ.tree_0.Node2.alpha' was not initialized prior to being used
Variable 'EKbtjPoJ.tree_0.Tyto_alba.alpha' was not initialized prior to being used
Variable 'EKbtjPoJ.tree_0.Node1.alpha' was not initialized prior to being used
Variable 'EKbtjPoJ.tree_0.Haliaeetus_leucocephalus.alpha' was not initialized prior to being used
Variable 'EKbtjPoJ.tree_0.Aquila_chrysaetos.alpha' was not initialized prior to being used
Variable 'EKbtjPoJ.tree_0.Node6.alpha' was not initialized prior to being used
Variable 'EKbtjPoJ.tree_0.Malurus_cyaneus.alpha' was not initialized prior to being used
Variable 'EKbtjPoJ.tree_0.Falco_peregrinus.alpha' was not initialized prior to being used
Variable 'EKbtjPoJ.tree_0.Falco_tinnunculus.alpha' was not initialized prior to being used
Variable 'EKbtjPoJ.tree_0.Node11.alpha' was not initialized prior to being used
Variable 'EKbtjPoJ.tree_0.Node9.alpha' was not initialized prior to being used
Site 22 evaluated to a 0 probability in ComputeTreeBlockByBranch
Site 22 evaluated to a 0 probability in ComputeTreeBlockByBranch
Site 172 evaluated to a 0 probability in ComputeTreeBlockByBranch
Auto-benchmarked an optimal number (1) of threads.
Set GUI update interval to every 11-th LF evaluation.
Initial guess for EKbtjPoJ.tree_0.Node2.alpha is -6.78298e-07
Initial guess for EKbtjPoJ.tree_0.Leptosomus_discolor.alpha is 2.16791e-05
Initial guess for EKbtjPoJ.tree_0.Colius_striatus.alpha is 5.48751e-05
Initial guess for EKbtjPoJ.tree_0.Tyto_alba.alpha is 1.85815e-05
Initial guess for EKbtjPoJ.tree_0.Node6.alpha is -2.08916e-06
Initial guess for EKbtjPoJ.tree_0.Haliaeetus_leucocephalus.alpha is 4.69007e-06
Initial guess for EKbtjPoJ.tree_0.Aquila_chrysaetos.alpha is 5.26752e-06
Initial guess for EKbtjPoJ.tree_0.Node9.alpha is 1.35109e-05
Initial guess for EKbtjPoJ.tree_0.Malurus_cyaneus.alpha is 0.00011528
Initial guess for EKbtjPoJ.tree_0.Node11.alpha is 2.54319e-06
Initial guess for EKbtjPoJ.tree_0.Falco_peregrinus.alpha is 2.89845e-06
Initial guess for EKbtjPoJ.tree_0.Falco_tinnunculus.alpha is 2.08033e-06
Optimization settings:
	OPTIMIZATION_METHOD = 4
	OPTIMIZATION_PRECISION = 0.001
	MAXIMUM_ITERATIONS_PER_VARIABLE = 5000

Initial parameter values

EKbtjPoJ.model_MGREV.theta_GT = 1
EKbtjPoJ.model_MGREV.theta_CT = 1
EKbtjPoJ.model_MGREV.theta_CG = 1
EKbtjPoJ.model_MGREV.theta_AC = 1
EKbtjPoJ.model_MGREV.theta_AT = 1
EKbtjPoJ.model_MGREV.omega_0 = 1
EKbtjPoJ.tree_0.Leptosomus_discolor.alpha = 2.16791e-05
EKbtjPoJ.tree_0.Colius_striatus.alpha = 5.48751e-05
EKbtjPoJ.tree_0.Node2.alpha = 0
EKbtjPoJ.tree_0.Tyto_alba.alpha = 1.85815e-05
EKbtjPoJ.tree_0.Node1.alpha = 0.1
EKbtjPoJ.tree_0.Haliaeetus_leucocephalus.alpha = 4.69007e-06
EKbtjPoJ.tree_0.Aquila_chrysaetos.alpha = 5.26752e-06
EKbtjPoJ.tree_0.Node6.alpha = 0
EKbtjPoJ.tree_0.Malurus_cyaneus.alpha = 0.00011528
EKbtjPoJ.tree_0.Falco_peregrinus.alpha = 2.89845e-06
EKbtjPoJ.tree_0.Falco_tinnunculus.alpha = 2.08033e-06
EKbtjPoJ.tree_0.Node11.alpha = 2.54319e-06
EKbtjPoJ.tree_0.Node9.alpha = 1.35109e-05
EKbtjPoJ.model_MGREV.omega_1 = 1
Failing bound checks on EKbtjPoJ.tree_0.Node6.beta =         10000.36107752756
Optimization finished in 28 loop passes.
2149 likelihood evaluation calls and 11443 matrix exponentiations calls were made

Row and/or column partition is empty. All the data will be used by default.
Auto-benchmarked an optimal number (1) of threads.
Set GUI update interval to every 2840-th LF evaluation.
Optimization settings:
	OPTIMIZATION_METHOD = 4
	OPTIMIZATION_PRECISION = 0.001
	MAXIMUM_ITERATIONS_PER_VARIABLE = 5000

Initial parameter values

frequencies._aux.CF3x4.p0_0 = 0.35308
frequencies._aux.CF3x4.p0_1 = 0.264072
frequencies._aux.CF3x4.p0_2 = 0.490487
frequencies._aux.CF3x4.p1_0 = 0.254529
frequencies._aux.CF3x4.p1_1 = 0.304982
frequencies._aux.CF3x4.p1_2 = 0.262587
frequencies._aux.CF3x4.p2_0 = 0.25308
frequencies._aux.CF3x4.p2_1 = 0.317487
frequencies._aux.CF3x4.p2_2 = 0.389837
Optimization finished in 4 loop passes.
172 likelihood evaluation calls and 0 matrix exponentiations calls were made

Variable 'EKbtjPoJ.model_MGREV_pi' was not initialized prior to being used
Model EKbtjPoJ.model_MGREV assigned to Leptosomus_discolor
Model EKbtjPoJ.model_MGREV assigned to Colius_striatus
Model EKbtjPoJ.model_MGREV assigned to Node2
Model EKbtjPoJ.model_MGREV assigned to Tyto_alba
Model EKbtjPoJ.model_MGREV assigned to Node1
Model EKbtjPoJ.model_MGREV assigned to Haliaeetus_leucocephalus
Model EKbtjPoJ.model_MGREV assigned to Aquila_chrysaetos
Model EKbtjPoJ.model_MGREV assigned to Node6
Model EKbtjPoJ.model_MGREV assigned to Malurus_cyaneus
Model EKbtjPoJ.model_MGREV assigned to Falco_peregrinus
Model EKbtjPoJ.model_MGREV assigned to Falco_tinnunculus
Model EKbtjPoJ.model_MGREV assigned to Node11
Model EKbtjPoJ.model_MGREV assigned to Node9
The tips of the tree:EKbtjPoJ.tree_0 were matched with the species names from the data in the following numeric order (0-based) {4,7,3,2,1,0,5,6}

Pseudo-optimal path's cost 2348 vs 3352 for 1..k=> a 1.4276 x improvement
Partition 0 reversible model flag computed as 1
Variable 'EKbtjPoJ.tree_0.Falco_tinnunculus.alpha' was not initialized prior to being used
Variable 'EKbtjPoJ.tree_0.Falco_peregrinus.alpha' was not initialized prior to being used
Variable 'EKbtjPoJ.tree_0.Node11.alpha' was not initialized prior to being used
Variable 'EKbtjPoJ.tree_0.Malurus_cyaneus.alpha' was not initialized prior to being used
Variable 'EKbtjPoJ.tree_0.Node6.alpha' was not initialized prior to being used
Variable 'EKbtjPoJ.tree_0.Aquila_chrysaetos.alpha' was not initialized prior to being used
Variable 'EKbtjPoJ.tree_0.Haliaeetus_leucocephalus.alpha' was not initialized prior to being used
Variable 'EKbtjPoJ.tree_0.Node1.alpha' was not initialized prior to being used
Variable 'EKbtjPoJ.tree_0.Node2.alpha' was not initialized prior to being used
Variable 'EKbtjPoJ.tree_0.Tyto_alba.alpha' was not initialized prior to being used
Variable 'EKbtjPoJ.tree_0.Colius_striatus.alpha' was not initialized prior to being used
Variable 'EKbtjPoJ.tree_0.Leptosomus_discolor.alpha' was not initialized prior to being used
Variable 'EKbtjPoJ.tree_0.Node9.alpha' was not initialized prior to being used
Site 22 evaluated to a 0 probability in ComputeTreeBlockByBranch
Site 22 evaluated to a 0 probability in ComputeTreeBlockByBranch
Site 172 evaluated to a 0 probability in ComputeTreeBlockByBranch
Site 22 evaluated to a 0 probability in ComputeTreeBlockByBranch
Site 256 evaluated to a 0 probability in ComputeTreeBlockByBranch
Site 217 evaluated to a 0 probability in ComputeTreeBlockByBranch
Auto-benchmarked an optimal number (2) of threads.
Set GUI update interval to every 29-th LF evaluation.
Initial guess for EKbtjPoJ.tree_0.Node2.alpha is -6.78298e-07
Initial guess for EKbtjPoJ.tree_0.Leptosomus_discolor.alpha is 2.16791e-05
Initial guess for EKbtjPoJ.tree_0.Colius_striatus.alpha is 5.48751e-05
Initial guess for EKbtjPoJ.tree_0.Tyto_alba.alpha is 1.85815e-05
Initial guess for EKbtjPoJ.tree_0.Node6.alpha is -2.08916e-06
Initial guess for EKbtjPoJ.tree_0.Haliaeetus_leucocephalus.alpha is 4.69007e-06
Initial guess for EKbtjPoJ.tree_0.Aquila_chrysaetos.alpha is 5.26752e-06
Initial guess for EKbtjPoJ.tree_0.Node9.alpha is 1.35109e-05
Initial guess for EKbtjPoJ.tree_0.Malurus_cyaneus.alpha is 0.00011528
Initial guess for EKbtjPoJ.tree_0.Node11.alpha is 2.54319e-06
Initial guess for EKbtjPoJ.tree_0.Falco_peregrinus.alpha is 2.89845e-06
Initial guess for EKbtjPoJ.tree_0.Falco_tinnunculus.alpha is 2.08033e-06
Optimization settings:
	OPTIMIZATION_METHOD = 4
	OPTIMIZATION_PRECISION = 0.001
	MAXIMUM_ITERATIONS_PER_VARIABLE = 5000

Initial parameter values

EKbtjPoJ.model_MGREV.theta_CG = 1
EKbtjPoJ.model_MGREV.theta_CT = 1
EKbtjPoJ.model_MGREV.theta_GT = 1
EKbtjPoJ.model_MGREV.theta_AT = 1
EKbtjPoJ.model_MGREV.theta_AC = 1
EKbtjPoJ.model_MGREV.omega_0 = 1
EKbtjPoJ.tree_0.Leptosomus_discolor.alpha = 2.16791e-05
EKbtjPoJ.tree_0.Colius_striatus.alpha = 5.48751e-05
EKbtjPoJ.tree_0.Node2.alpha = 0
EKbtjPoJ.tree_0.Tyto_alba.alpha = 1.85815e-05
EKbtjPoJ.tree_0.Node1.alpha = 0.1
EKbtjPoJ.tree_0.Haliaeetus_leucocephalus.alpha = 4.69007e-06
EKbtjPoJ.tree_0.Aquila_chrysaetos.alpha = 5.26752e-06
EKbtjPoJ.tree_0.Node6.alpha = 0
EKbtjPoJ.tree_0.Malurus_cyaneus.alpha = 0.00011528
EKbtjPoJ.tree_0.Falco_peregrinus.alpha = 2.89845e-06
EKbtjPoJ.tree_0.Falco_tinnunculus.alpha = 2.08033e-06
EKbtjPoJ.tree_0.Node11.alpha = 2.54319e-06
EKbtjPoJ.tree_0.Node9.alpha = 1.35109e-05
EKbtjPoJ.model_MGREV.omega_1 = 1
Failing bound checks on EKbtjPoJ.tree_0.Node6.beta =         10000.36107751645
Failing bound checks on EKbtjPoJ.tree_0.Malurus_cyaneus.beta =         12800.81980824786
Optimization finished in 26 loop passes.
2358 likelihood evaluation calls and 12578 matrix exponentiations calls were made

Overwritten previously defined function:'LmnzEXvV.rate_generator'
Overwritten previously defined function:'LmnzEXvV.rate_generator'
Auto-benchmarked an optimal number (3) of threads.
Set GUI update interval to every 2906-th LF evaluation.
Optimization settings:
	OPTIMIZATION_METHOD = 4
	OPTIMIZATION_PRECISION = 0.001
	MAXIMUM_ITERATIONS_PER_VARIABLE = 5000

Initial parameter values

frequencies._aux.CF3x4.p0_0 = 0.35308
frequencies._aux.CF3x4.p0_1 = 0.264072
frequencies._aux.CF3x4.p0_2 = 0.490487
frequencies._aux.CF3x4.p1_0 = 0.254529
frequencies._aux.CF3x4.p1_1 = 0.304982
frequencies._aux.CF3x4.p1_2 = 0.262587
frequencies._aux.CF3x4.p2_0 = 0.25308
frequencies._aux.CF3x4.p2_1 = 0.317487
frequencies._aux.CF3x4.p2_2 = 0.389837
Optimization finished in 4 loop passes.
174 likelihood evaluation calls and 0 matrix exponentiations calls were made

Variable 'busted.test_pi' was not initialized prior to being used
Overwritten previously defined function:'LmnzEXvV.rate_generator'
Overwritten previously defined function:'LmnzEXvV.rate_generator'
Overwritten previously defined function:'LmnzEXvV.rate_generator'
Auto-benchmarked an optimal number (4) of threads.
Set GUI update interval to every 2873-th LF evaluation.
Optimization settings:
	OPTIMIZATION_METHOD = 4
	OPTIMIZATION_PRECISION = 0.001
	MAXIMUM_ITERATIONS_PER_VARIABLE = 5000

Initial parameter values

frequencies._aux.CF3x4.p0_0 = 0.35308
frequencies._aux.CF3x4.p0_1 = 0.264072
frequencies._aux.CF3x4.p0_2 = 0.490487
frequencies._aux.CF3x4.p1_0 = 0.254529
frequencies._aux.CF3x4.p1_1 = 0.304982
frequencies._aux.CF3x4.p1_2 = 0.262587
frequencies._aux.CF3x4.p2_0 = 0.25308
frequencies._aux.CF3x4.p2_1 = 0.317487
frequencies._aux.CF3x4.p2_2 = 0.389837
Optimization finished in 4 loop passes.
175 likelihood evaluation calls and 0 matrix exponentiations calls were made

Variable 'busted.background_pi' was not initialized prior to being used
Variable 'ASSUME_REVERSIBLE_MODELS' was not initialized prior to being used
No nodel was assigned to Leptosomus_discolor
No nodel was assigned to Colius_striatus
No nodel was assigned to Node2
No nodel was assigned to Tyto_alba
No nodel was assigned to Node1
No nodel was assigned to Haliaeetus_leucocephalus
No nodel was assigned to Aquila_chrysaetos
No nodel was assigned to Node6
No nodel was assigned to Malurus_cyaneus
No nodel was assigned to Falco_peregrinus
No nodel was assigned to Falco_tinnunculus
No nodel was assigned to Node11
No nodel was assigned to Node9
The tips of the tree:mHHH_srQ.tree_id_0 were matched with the species names from the data in the following numeric order (0-based) {4,7,3,2,1,0,5,6}

Pseudo-optimal path's cost 2348 vs 3352 for 1..k=> a 1.4276 x improvement
Partition 0 is ASSUMED to have a reversible model
busted.background.theta_AC was already constrained in estimators.SetGlobals2
busted.background.theta_AG was already constrained in estimators.SetGlobals2
busted.background.theta_AT was already constrained in estimators.SetGlobals2
busted.background.theta_CG was already constrained in estimators.SetGlobals2
busted.background.theta_CT was already constrained in estimators.SetGlobals2
busted.background.theta_GT was already constrained in estimators.SetGlobals2
busted.test.theta_AG was already constrained in estimators.SetGlobals2
Variable 'mHHH_srQ.tree_id_0.Leptosomus_discolor.t' was not initialized prior to being used
models.generic.SetBranchLength: mHHH_srQ.tree_id_0.Leptosomus_discolor.t=0.3371335255687198
Variable 'mHHH_srQ.tree_id_0.Colius_striatus.t' was not initialized prior to being used
models.generic.SetBranchLength: mHHH_srQ.tree_id_0.Colius_striatus.t=0.93672145322921
Variable 'mHHH_srQ.tree_id_0.Node2.t' was not initialized prior to being used
models.generic.SetBranchLength: mHHH_srQ.tree_id_0.Node2.t=0
Variable 'mHHH_srQ.tree_id_0.Tyto_alba.t' was not initialized prior to being used
models.generic.SetBranchLength: mHHH_srQ.tree_id_0.Tyto_alba.t=0.2892405453511315
Variable 'mHHH_srQ.tree_id_0.Node1.t' was not initialized prior to being used
models.generic.SetBranchLength: mHHH_srQ.tree_id_0.Node1.t=0.01510458909788091
Variable 'mHHH_srQ.tree_id_0.Haliaeetus_leucocephalus.t' was not initialized prior to being used
models.generic.SetBranchLength: mHHH_srQ.tree_id_0.Haliaeetus_leucocephalus.t=0.07269156365455436
Variable 'mHHH_srQ.tree_id_0.Aquila_chrysaetos.t' was not initialized prior to being used
models.generic.SetBranchLength: mHHH_srQ.tree_id_0.Aquila_chrysaetos.t=0.07283582055472215
Variable 'mHHH_srQ.tree_id_0.Node6.t' was not initialized prior to being used
models.generic.SetBranchLength: mHHH_srQ.tree_id_0.Node6.t=0.2075963527075212
Variable 'mHHH_srQ.tree_id_0.Malurus_cyaneus.t' was not initialized prior to being used
models.generic.SetBranchLength: mHHH_srQ.tree_id_0.Malurus_cyaneus.t=1.649443573820838
Variable 'mHHH_srQ.tree_id_0.Falco_peregrinus.t' was not initialized prior to being used
models.generic.SetBranchLength: mHHH_srQ.tree_id_0.Falco_peregrinus.t=0.03558750963365935
Variable 'mHHH_srQ.tree_id_0.Falco_tinnunculus.t' was not initialized prior to being used
models.generic.SetBranchLength: mHHH_srQ.tree_id_0.Falco_tinnunculus.t=0.0352494501179369
Variable 'mHHH_srQ.tree_id_0.Node11.t' was not initialized prior to being used
models.generic.SetBranchLength: mHHH_srQ.tree_id_0.Node11.t=0.4822246697992991
Variable 'mHHH_srQ.tree_id_0.Node9.t' was not initialized prior to being used
models.generic.SetBranchLength: mHHH_srQ.tree_id_0.Node9.t=0.3950012466712717
Variable 'mHHH_srQ.mHHH_srQ.likelihoodFunction' was not initialized prior to being used
Auto-benchmarked an optimal number (7) of threads.
Set GUI update interval to every 7-th LF evaluation.
Optimization settings:
	OPTIMIZATION_METHOD = 4
	OPTIMIZATION_PRECISION = 0.001
	MAXIMUM_ITERATIONS_PER_VARIABLE = 5000

Initial parameter values

busted.test.theta_GT = 0.199144
busted.test.theta_CT = 0.867382
busted.test.theta_AC = 0.285184
busted.test.theta_CG = 0.343079
busted.test.theta_AT = 0.189808
busted.background.omega3 = 9.52381
busted.background.omega2 = 0.238095
busted.background.omega1 = 0
busted.background.bsrel_mixture_aux_1 = 0.666667
busted.test.bsrel_mixture_aux_0 = 0.7
busted.background.bsrel_mixture_aux_0 = 0.7
busted.test.omega1 = 0
busted.test.bsrel_mixture_aux_1 = 0.666667
busted.test.omega3 = 9.52381
busted.test.omega2 = 0.238095
mHHH_srQ.tree_id_0.Leptosomus_discolor.t = 0.337134
mHHH_srQ.tree_id_0.Colius_striatus.t = 0.936721
mHHH_srQ.tree_id_0.Node2.t = 0
mHHH_srQ.tree_id_0.Tyto_alba.t = 0.289241
mHHH_srQ.tree_id_0.Node1.t = 0.0151046
mHHH_srQ.tree_id_0.Haliaeetus_leucocephalus.t = 0.0726916
mHHH_srQ.tree_id_0.Aquila_chrysaetos.t = 0.0728358
mHHH_srQ.tree_id_0.Node6.t = 0.207596
mHHH_srQ.tree_id_0.Malurus_cyaneus.t = 1.64944
mHHH_srQ.tree_id_0.Falco_peregrinus.t = 0.0355875
mHHH_srQ.tree_id_0.Falco_tinnunculus.t = 0.0352495
mHHH_srQ.tree_id_0.Node11.t = 0.482225
mHHH_srQ.tree_id_0.Node9.t = 0.395001
Optimization finished in 26 loop passes.
2761 likelihood evaluation calls and 55392 matrix exponentiations calls were made

Variable 'JdpqLwvB.mHHH_srQ.likelihoodFunction' was not initialized prior to being used
Auto-benchmarked an optimal number (8) of threads.
Set GUI update interval to every 5-th LF evaluation.
Optimization settings:
	OPTIMIZATION_METHOD = 4
	OPTIMIZATION_PRECISION = 0.001
	MAXIMUM_ITERATIONS_PER_VARIABLE = 5000

Initial parameter values

busted.test.theta_GT = 0.169719
busted.test.theta_CT = 0.783856
busted.test.theta_AC = 0.235207
busted.test.theta_CG = 0.3066
busted.test.theta_AT = 0.140209
busted.background.omega3 = 1.91618
busted.background.omega1 = 0.159819
busted.background.bsrel_mixture_aux_1 = 0.692541
busted.background.omega2 = 0.373754
busted.background.bsrel_mixture_aux_0 = 0.809732
busted.test.bsrel_mixture_aux_0 = 0.678075
busted.test.omega1 = 0.840448
busted.test.omega2 = 0.77114
busted.test.bsrel_mixture_aux_1 = 0.806195
mHHH_srQ.tree_id_0.Leptosomus_discolor.t = 0.238097
mHHH_srQ.tree_id_0.Colius_striatus.t = 0.703916
mHHH_srQ.tree_id_0.Node2.t = 0
mHHH_srQ.tree_id_0.Tyto_alba.t = 0.227599
mHHH_srQ.tree_id_0.Node1.t = 0.0101362
mHHH_srQ.tree_id_0.Haliaeetus_leucocephalus.t = 0.0531088
mHHH_srQ.tree_id_0.Aquila_chrysaetos.t = 0.0537876
mHHH_srQ.tree_id_0.Node6.t = 0.168826
mHHH_srQ.tree_id_0.Malurus_cyaneus.t = 0.666402
mHHH_srQ.tree_id_0.Falco_peregrinus.t = 0.0323275
mHHH_srQ.tree_id_0.Falco_tinnunculus.t = 0.0199853
mHHH_srQ.tree_id_0.Node11.t = 0.162126
mHHH_srQ.tree_id_0.Node9.t = 0.0257777
Optimization finished in 14 loop passes.
1277 likelihood evaluation calls and 24435 matrix exponentiations calls were made

Variable 'USE_JSON_FOR_MATRIX' was not initialized prior to being used