
Before deleting alignment gaps
      8   1068

Zonotrichia_albicollis          ATG GCA ACT ACA GAT ACT GCT AAC TTT TAT TAT AAC TTC TCC ATC ACT GAC CCC TAT AAA AAC AGA AAT GAG AAT TTT CAT NNN TTA GTA AGA GTC TTC CTG CCA AAT ATG TAT TTT GTT GTT TTC ATC CTT GGC CTA CCA GGA AAT GCA CCG GTC TTT GTC ATA CTA AGT TTC TAC ATG AAA CTG AAG ACA CTG ACA GAA ACT GAC NNN GTA CTT TTG CTG AAC CTG GCT ATA GCT GAC TGC ATT TTG CTT TGG ATG CAG CCA CTC TGG GCA TAC TGT GCT GCT CAA GAG NNN GAA TTT CAG GCA CTG TGG CAT GCC ATG GGG CTT GTA --- --- --- --- --- --- --- --- --- --- --- --- --- TAC ACT TCA ATG TTA ACT CTA ATG TCT ATC ACC TTT GAC CAG CTT ATT GCT GTT ACT TTT GCC ACC AAA GCA NNN ATG TGT CAA ACC AAA CAA ATG ATA TGG GGC AAA TTA ATC TCT GTC TTG --- --- --- ATC TCA CAA GCA TTT GCT GCA CCA CAC TTT GTT TTT TGG GAA GTG NNN AAT TTT GAT AAG GCA ATA TGT CAG GAA GAA TAC CCA AAC TGT CAC ACA GAA CTG GTT CTT GAA GTG ATC CAA GTG ACT CTT GCT TAT TTT ATT CCC ATG CTA GCC ATG ATC ATC TGC TAC TCA CTA ATT ATT AAA ACC TTA CTG TGT GCT AGA AGT CTT CAA AAG AAC AAA TGT NNN AAA AAA ATA TTT TCT GTA CTT GTC CTC TTT ATT TTT ACC CAG ATA CCC TAT ACT TTT TTC AGA TTG ATA AAA ATC ACA GAC CGC AGC TTT AAA TTG AAC AGC AGC TTT GAA TAT GCA ATT ACC ATA ACA AAA GCT CTT GCT TAT TTT TAT GCC TGT CTT AAC CCT --- NNN TAT TTC TTC AAG GGA ATG AAA ATC AGG AAG NNN CTA NNN CAC AAA GTT ATT AAA AAA TCA AGA TGT GCC ACA TGG AAA GTT ACA GCT CAA CAG CGG CAA ACC ACC GAA GAG GAA GAT TCG AAA TCT TTT ACT GCT TCA TTT AGT GCA GAT GCC ACA AAC ATG TAC CCA CTA 
Colius_striatus                 ATG GCA ACG ACA GAC GCA GAT AAC TTT TAT TAT AAC TTC TCC ATC GTT GAT CCA GAC GAA AAT GGA AGT GAG AAT TTT CAC ACG TTT ACA AGA GTC TTC CTG CCC TGT ACC TAC TCG GTT GTT TTC ATC CTG GGG CTA GCA GGA AAC ACA CTG GTC TTT GTC ATA CTG GTT TTC TAT GAG AAG CTG AAG ATG CTG ACA --- --- --- GAT ATA TTT TTG CTG AAC TTG GCT GTA GCT GAC TGG GTC TTC CTT TGG ACG CTG CCA TTC TGG GCG CAT TCG GCC GCT CAG GAG TGG GCT TTC --- --- --- --- --- --- --- GGC ACG GTG GCG TGT CGT GTC ATA CGG GGC TTG TAT ACG CTG AAC TTG TAC ACT TCC ATG TTA ACC CTG ACA TCT ATC ACC TTT GAC AGG CTT GTT GCT ATT ACT TTT GCC ACC AAA GCA CAC ATG TGT CAA ACC AAA CGA ACG ACG TGG GGC AAG GCA GTG TGT GTC TTG ATC TGG GTG ATC TCA CTA GGC TTT GCC ACA CCA CAG TTT ATT TTT AGT GAG GTG GTT AGC ATT GAT AAG GCG ATA TGT CAC GAA AAA TAC CCA AAC CAC GGC ACA GAA CTG GTT CTT GAA GTG ATC CAA GTG ACA CTT GGC TAT TTT ATT CCC ATG CTA GCC ATG ATC ATC TGC TAC TCA CTA ATT GTT AGA ACC TTA CTG CAC GCC AGG AAT TTC CAA AAG AAG AAA TCT CTC AAG AAA ATA TTT TCT GTA GTT GCC ATA TTT ATT CTG ACT CAG TCA CCT TAT ACT TTC CTG AGA CTC ATA AAG ATC ATA GAC TGG AGC TTT AAC TTG AAC AGC AGC TTT GAA TAT GCA ATC ATC GTA ACA GAA GCT CTC GCT TAC CTC CAC GGC TGT CTC AAC CCT ATC CTG TAT TTC TTC ATG GGG GTC AAA TTC AGG AGG AAC TTA AGG --- AAA ATT ATT AAG AGT TTA AGA TGC ATC AAA GGG AGA GTT ACA GCG AAG CAC TGG CAA ACC ACT GAA GAG GAA GGC TCT AAA ACA TTT ACT GCC TCC AAT AAC GCA GAT GCC ACA AGC ATG GAT CCG CTA 
Falco_peregrinus                ATG GCA ACT ACA GAT GCT GTT AAC TTT TAT TAT AAC TTC TCC ATC AAT GAT CCC AAT GAA AAC GGA AGT GAG AAT CTT CAC AGA TTT ACA AAT GTC TTC CTG CCC TGT ATG TAT TCA GCT GTT TTC ATC CTT GGG CTA GCA GGA AAT ACA CTG GTC TTT GTC ATA CTA GTT TTC TAC GAG AAA CTG AAG GTG CTG ACA --- --- --- GAT ATA TTT TTG CTG AAC TTG GCT ATA GCT GAC TGG GTC TTC CTT TGG ACG CTG CCA TTC TGG GCA TAT TCT GGT GTT CAG GAG TGG ACT TTT --- --- --- --- --- --- --- GGC ACT GTG GCA TGT CGT GTT ATA CGG GGC TTG TAT ACT CTG AAC TTG TAC ACT TCG ATG TTA ACT CTA ACG TCT ATC ACC TTT GAC CGG CTT ATT GCT ATT ACT TTT GCC ACA AAA GCA CAT GTG TGT CAA ACC AAA CGA ATG ACA TGG GGC AAA CTG ATC TGT GTC TTG ATC TGG GCG ATC TCA CTA GCA TTT GCT GCA CCA CAG TTT ATT TTT AGT GAG GTG TTT AGT ATT GAT AAG GCA ATA TGT CAG GAA GAA TAC CCA AAC TAT CGC ACA GAA CTA GTT CTT GAA GTG ATC CAA GTG ACC CTT GGC TAT TTT ATT CCC ATG CTA GCC ATG GTC ATC TGC TAC TCA CTA ATC ATT AGA ACC TTA CTG CAT GCC AGG AGT TTT CAA AAG AAC AAA TCT CTA AAA AAA ATA TTT TCT GTA GTT GCC ATA TTT ATT CTT ACT CAG TCA CCC TAT ACT TTC TTG AGA CTG TTA AAG ATC ATA GAT TGG AGC TTT AAC TTG AAC AGC AAC TTT GAA TAT GCA ATC ATC ATA ACA GAA GCT CTT GCT TAT TTC CAT GGC TGT CTT AAC CCT GTT CTG TAT TTC TTC ATG GGG GTG AAA TTC AGG AGG AAC TTA CGG --- AAA ATT ATT AAA AAC TCA AGA TGC ACT AAA TGG CAA GTT ACA GCT AAA CAG TGG CAA ACC ACA GAA GAG GAA GGC TCT AAA ACT TTT ACT GCC TCA AAT AAT GCA GAT GCA ACA AGC ATG TAC CCG CTA 
Falco_tinnunculus               ATG GCA ACT ACA GAT GCT GTT AAC TTT TAT TAT AAC TTC TCC ATC AAT GAT CCC AAT GAA AAT GGA AGT GAG AAT CTT CAC AGA TTT ACA AAT GTC TTC CTG CCC TGT ATG TAT TCA GCT GTT TTC ATC CTT GGG CTA GCA GGA AAT ACA CTG GTC TTT GTC ATA CTA GTT TTC TAC GAG AAA CTG AAG GTG CTG ACA --- --- --- GAT ATA TTT TTG CTG AAC TTG GCT ATA GCT GAC TGG GTC TTC CTT TGG ACG CTG CCA TTC TGG GCA TAT TCT GCT GTT CAG GAG TGG ACT TTT --- --- --- --- --- --- --- GGC ACT GTG GCA TGT CGT GTT ATA CGG GGC TTG TAT ACT CTG AAC TTG TAC ACT TCA ATG TTA ACT CTA ACG TCT ATC ACC TTT GAC CGG CTT ATT GCT ATT ACT TTT GCC ACA AAA GCA CAT GTG TGT CAA ACC AAA CGA ATG ACA TGG GGC AAA CTG ATC TGT GTC TTG ATC TGG GCG ATC TCA CTA GCA TTT GCT GCA CCA CAG TTT ATT TTT AGT GAG GTG TTT AGT ATT GAT AAG GCA ATA TGT CAG GAA GAA TAC CCA AAC TAT CGC ACA GAA CTA GTT CTT GAA GTG ATC CAA GTG ACC CTT GGC TAT TTT ATT CCC ATG CTA GCC ATG GTC ATC TGC TAC TCA CTA ATC ATT AGA ACC TTA CTG CAT GCC AGG AGT TTT CAA AAG AAC AAA TCT CTA AAA AAA ATA TTT TCT GTA GTT GCC ATA TTT ATT CTT ACT CAG TCA CCC TAT ACT TTC TTG AGA CTG TTA AAG ATC ATA GAC TGG AGC TTT AAC TTG AAC AGC AAC TTT GAA TAT GCA ATC ATC ATA ACA GAA GCT CTT GCT TAT TTC CAT GGC TGT CTT AAC CCT GTT CTG TAT TTC TTC ATG GGG GTG AAA TTC AGG AGG AAC TTA CGG --- AAA ATT GTT AAA AAC TCA AGA TGC ATT AAA TGG CAA GTT ACA GCT AAA CAG TGG CAA ACC ACA GAA GAG GAA GGC TCT AAA ACA TTT ACT GCC TCA AAT AAT GCA GAT GCA ACA AGC ATG TAC CCA CTA 
Aquila_chrysaetos               ATG GCA ACT ACA GAT GCT GCC AAC TTT TAT TAT AAC TTC TCC ATC ATT GAT CCC AAC GAA AAT GGA AGT GAG AAT TTT CAC ACA TTT ACA AGA GTC TTC CTG CCC TGT ATG TAT TCG GCT GTT TTC ATC CTT GGG CTA GCA GGA AAT GCA CTT GTC TTT GTC ATA CTA GCT TTC TAT GAG AAA CAG AAG ATG CTA ACA --- --- --- GAT ATA TTT TTG CTG AAC TTG GCT ATA GCT GAC TGG GTC TTC CTT TGG ACG CTG CCA TTC TGG GCA TAT TCT GCT GCT CAG GAG TGG ACT TTT --- --- --- --- --- --- --- GGC ACC ATG GCA TGT CGT ATT ATA CGA GGC TTG TAT ACT CTG AAC TTT TAC ACT TCA ATG CTA ACT CTA ACA TCT ATC ACC TTT GAC CGG CTT ATT GCT ATT ACT TTT GCG ACC AAA GCA CGT ATG TGT CAA ACC AAA CGA ATG ACA TGG GGC AAA TTA ATC TGT GTC TTG ATC TGG GTG ATC TCA CTA GCA TTT GCT GCA CCA CAG TTT ATT TTT AGT GAG GTG TTT AGT ATT GAT AAG ACA ATA TGC CAG GAA GAA TAC CCA AAC CAT CAC ACA GAA ATG GTT CTT GAA GTG ATC CAA GTG ACC CTT GGC TAT TTT ATT CCC ATG CTA GCC ATG ATC ATC TGC TAC TCA CTA ATT ATT AGA ACC TTA CTG CAT GCC AGG AGT TTT CAA AAG AAC AAA TCT CTA AAG AAA ATA TTT TCT GTA GTT GCT ATA TTT ATT CTT ACT CAG TCA CCC TAC ACT TTC TTG AGA CTG ATA AAG ATC ATA GAC TGG AGC TTT AAC CTG AAC AGC AGC TTT GAA TAT GCA ATC ATT ATA ACA GAA GCT CTT GCT TAT TTC CAC GGC TGT CTT AAT CCT GTT CTG TAT TTC TTC ATG GGG GTG AAA TTC AGG AGG AAC TTA CAG --- AAA ATT ATT AAA AAT TCA AGA TGC GTC AAA CGG CAA ATT ATA GCT AAA CAG CGG CAA ACC ACT GAA GAA GAA GGC TCT AAA ACT TTT ACT GCC TCA AAT AAT GCA GAT GCA ACA AGC ATG TAC CAG CTA 
Haliaeetus_leucocephalus        ATG GCA ACT ACA GAT ACT GCC AAC TTT TAT TAT AAC TTC TCC ATC ATT GAT CCC AAC GAA AAT GGA AGT GAG AAT TTT CAT ACA TTT ACA AGA GTC TTC CTG CCC TGT ATG TAT TCG GCT GTT TTC ATC CTT GGG CTA GCA GGA AAT GCA CTT GTC TTT GTC ATA CTA GCT TTC TAT GAG AAA CGG AAG ATG CTG ACA --- --- --- GAT ATA TTT TTG CTG AAC TTG GCC ATA GCT GAC TGG GTC TTC CTT TGG ACA CTG CCA TTC TGG GCA TAT TCT GCT GCT CAG GAG TGG ACT TTT --- --- --- --- --- --- --- GGC ACC GTG GCA TGT CGT ATT ATA CGA GGC TTG TAT ACT CTG AAC TTG TAC ACT TCA ATG CTA ACT CTA ACG TCT ATC ACC TTT GAC CGG CTT ATT GCT ATT ACT TTT GCA ACC AAA GCA CGT ATG TGT CAA ACC AAA CGA ATG ACA TGG GGC AAA TTA ATC TGT GTC TTG ATC TGG GTG ATC TCA CTA GCA TTT GCT GCA CCA CAG TTT ATT TTT AGT GAG GTG TTT AGT ATT GAT AAG ACA ATA TGC CAG GAA GAA TAC CCA AAC CAT CAC ACA GAA ATG GTT CTT GAA GTG ATC CAA GTG ACC CTT GGC TAT TTT ATT CCC ATG CTA GCC ATG ATC ATC TGC TAC TCA CTA ATT ATT AGA ACC TTA CTG CAT GCC AGG AGT TTT CAA AAG AAC AAA TCT CTA AAG AAA ATA TTT TCT GTA GTT GCC ATA TTT ATT CTT ACT CAG TCA CCC TAC ACT TTC TTG AGA CTG ATA AAG ATC ATA GAC TGG AGC TTT AAC CTG AAC AGC AGC TTT GAA TAT GCA ATC ATT ATA ACA GAA GCT CTT GCT TAT TTC CAC GGC TGT CTT AAT CCT GTT CTG TAT TTC TTC ATG GGG GTG AAA TTC AGG AGG AAC TTA CAG --- AAA ATT ATT AAA AAT TCA AGA TGC GTC AAA CGG CAA GTT ATG GTT AAA CAG TGG CAA ACC ACT GAA GAA GAA GGC TCT AAA ACT TTT ACT GCC TCC AAT AAT GCA GAT GCA ACA AGC ATG TAC CAG CTA 
Tyto_alba                       ATG GCA AAT ACA GAT GCT GCC AAC TTT TAT TAT AAC TTC TCC ATC ATT GAT CCC AAT GAA AAT GGA AGT GAG AAT TTT CAC ACA TTT ACA ACA ATC TTC CTG CCC TGC ATG TAC TCG GCT GTT TTC ATC CTT GGG CTA GCA GGA AAT GCC CTG GTC TTT GTC ATA CTA GTT TTC TAT GAG AAA CTG AAG ATG CTG ACA --- --- --- GAT ATA TTT TTG CTG AAC TTG GCT ATA GCT GAC TGG GTC TTC CTT TGG ACG CTG CCA TTC TGG GCA TAT TCT GCA GCT CAG GAG TGG ACT TTT --- --- --- --- --- --- --- GGC ACC GTG GCA TGT CGT ATT ATA CGG GGC TTG TAT ACT CTG AAC TTG TAC ACT TCA ATG TTA ACT CTA ACA TCT ATC ACC TTT GAT CGG CTT ATT GCT ATT ACT TTT GCC ACC AAA GCA CAT ATG TGT CAA ACC AAA CGA ATG ATA TGG GGC AAA TTA ATC TGT GTC TTG ATC TGG GTT ATA TCA CTA GCA TTT GCC ACA CCG CAG TTT ATT TTT AGT GAG GTG TTT AGT ATT GAT AAG GCA ATA TGT CAG GAA GAA TAC TCA AAC CAT CAC ACA GAA CTG GTT CTT GAA GTG ATC CAA GTG ACC CTT GGC TAT TTT ATT CCC ATG CTA GCC ATG ATC ATC TGC TAC TCA CTA ATT ATT AGA ACC TTA CTG CAT GCC AGG AGT TTT CAA AAG AAC AAA TCT CTG AAA AAA ATA TTT TCT GTA GTT GTT ATA TTT ATT CTT ACT CAG TCA CCC TAT ACT TTC TTG AGA CTA ATA AAG ATC ATA GAC TGG AGC TTT AAC TTG AAC AGC AGC TTT GAA TAC GCA ATC ATT GTA ACA GAA GCT CTA GCT TAT TTC CAT GGC TGT CTT AAC CCT GTT CTG TAT TTC TTC ATG GGG GTG AAA TTC AGG AGG AAC TTA CAG --- AAA ATA ATT AAA AAC TCA AGA TGC ATC AAA CGG CAA GTT GCA GCT AAA CCA TGG CAA ACC ACC GAA GAG GAA GGC TCT AAA ACT TTT TCT GCC TCA AAT AAT GCA GAT GCA ACA AGC ATG TAC CCG CTA 
Leptosomus_discolor             ATG GCA ACT TCA GAT GCC ACT AAC TTT TAT TAT AAC TTC TCC ATC ATT GAT CCC AAC GAA AAC AGA AGC GAC AAT TTT CAC ACA TTT ACA AAA GTC TTC CTG CCC TGT ATG TAT TTG ACT GTT TTC ATC CTT GGG CTA GCA GGA AAT GCG CTG GTC TTT GTC ATA CTA GTT TTC TAC GAG AAA CTG AAG ATG CTG ACA --- --- --- GAT ATA TTT TTG CTG AAC TTG GCT ACA GCT GAC TGG GTC TTC CTT TGG ACA CTT CCA TTC TGG GCA TAT TCT GCT GCT CAG GAG TGG ACT TTT --- --- --- --- --- --- --- GGC ACT GTG GCA TGT CGT ATT ATA CGG GGC TTG TAT ACT CTA AAC TTG TAC ACT TCA ATG TTA ACT CTA ACG TCT ATC ACC TTT GAC CGG CTT ATT GCT ATT ACT TTT GCC ACC AAA GCA CGT ATG TGT CAA ACC AAA CGA ATG ACA TGG GGC AAA TTA ATC TGT GTC TTG ATC TGG GTG ATC TCA CTA GCA TTT GCT GCA CCA CAG TTT ATT TTT AGT GAG GTG TTC AGT ATT GAT AAG GCA ATA TGT GAG GAA GAA TAC CCA AGC CAT CGC ACA GAA CTG GTT CTT GAG GTG ATT CAA GTG ACC CTT GGC TAT TTT ATT CCC ATG CTA GCC ATG ATC ATC TGC TAC TCA CTA ATT ATT AGA ACC TTA CTG CAC GCC AGG AGT TTT CAA AAG AAC AAA TCT CTG AAA AAG ATA TTT TCT GTA GTT GCC GTA TTT ATT CTT ACT CAG TCA CCC TAT ACT TTC TTG AGA CTG ATA AAG ATC ATA GAT TGG AGC TTT AAC TTG AAC AGC AGC TTT GAA TAT GCA ATC ATC GTA ACA GAA GCT CTT GCT TAT TTC CAT GGC TGT CTT AAC CCT GTT CTG TAT TTC TTC ATG GGG GTG AAA TTC AGG AGG AAC CTC CAG --- AAA ATT ATT AAA AAC TCA AGA TGC GTC AAA TGG CAA GTT ACG GCT AAA CAG TGG CAA CCA ACT GAA GAG GAA GGC TCT AAA ACT TTC ACT GCC TCA AAT AAT GCA GAT GCA ACA AGC ATG TAC CCA CTA 



After deleting gaps. 957 sites
      8    957

Zonotrichia_albicollis          ATG GCA ACT ACA GAT ACT GCT AAC TTT TAT TAT AAC TTC TCC ATC ACT GAC CCC TAT AAA AAC AGA AAT GAG AAT TTT CAT TTA GTA AGA GTC TTC CTG CCA AAT ATG TAT TTT GTT GTT TTC ATC CTT GGC CTA CCA GGA AAT GCA CCG GTC TTT GTC ATA CTA AGT TTC TAC ATG AAA CTG AAG ACA CTG ACA GTA CTT TTG CTG AAC CTG GCT ATA GCT GAC TGC ATT TTG CTT TGG ATG CAG CCA CTC TGG GCA TAC TGT GCT GCT CAA GAG GAA TTT GGG CTT GTA TAC ACT TCA ATG TTA ACT CTA ATG TCT ATC ACC TTT GAC CAG CTT ATT GCT GTT ACT TTT GCC ACC AAA GCA ATG TGT CAA ACC AAA CAA ATG ATA TGG GGC AAA TTA ATC TCT GTC TTG ATC TCA CAA GCA TTT GCT GCA CCA CAC TTT GTT TTT TGG GAA GTG AAT TTT GAT AAG GCA ATA TGT CAG GAA GAA TAC CCA AAC TGT CAC ACA GAA CTG GTT CTT GAA GTG ATC CAA GTG ACT CTT GCT TAT TTT ATT CCC ATG CTA GCC ATG ATC ATC TGC TAC TCA CTA ATT ATT AAA ACC TTA CTG TGT GCT AGA AGT CTT CAA AAG AAC AAA TGT AAA AAA ATA TTT TCT GTA CTT GTC CTC TTT ATT TTT ACC CAG ATA CCC TAT ACT TTT TTC AGA TTG ATA AAA ATC ACA GAC CGC AGC TTT AAA TTG AAC AGC AGC TTT GAA TAT GCA ATT ACC ATA ACA AAA GCT CTT GCT TAT TTT TAT GCC TGT CTT AAC CCT TAT TTC TTC AAG GGA ATG AAA ATC AGG AAG CTA AAA GTT ATT AAA AAA TCA AGA TGT GCC ACA TGG AAA GTT ACA GCT CAA CAG CGG CAA ACC ACC GAA GAG GAA GAT TCG AAA TCT TTT ACT GCT TCA TTT AGT GCA GAT GCC ACA AAC ATG TAC CCA CTA 
Colius_striatus                 ATG GCA ACG ACA GAC GCA GAT AAC TTT TAT TAT AAC TTC TCC ATC GTT GAT CCA GAC GAA AAT GGA AGT GAG AAT TTT CAC TTT ACA AGA GTC TTC CTG CCC TGT ACC TAC TCG GTT GTT TTC ATC CTG GGG CTA GCA GGA AAC ACA CTG GTC TTT GTC ATA CTG GTT TTC TAT GAG AAG CTG AAG ATG CTG ACA ATA TTT TTG CTG AAC TTG GCT GTA GCT GAC TGG GTC TTC CTT TGG ACG CTG CCA TTC TGG GCG CAT TCG GCC GCT CAG GAG GCT TTC GGC ACG GTG TAC ACT TCC ATG TTA ACC CTG ACA TCT ATC ACC TTT GAC AGG CTT GTT GCT ATT ACT TTT GCC ACC AAA GCA ATG TGT CAA ACC AAA CGA ACG ACG TGG GGC AAG GCA GTG TGT GTC TTG ATC TCA CTA GGC TTT GCC ACA CCA CAG TTT ATT TTT AGT GAG GTG AGC ATT GAT AAG GCG ATA TGT CAC GAA AAA TAC CCA AAC CAC GGC ACA GAA CTG GTT CTT GAA GTG ATC CAA GTG ACA CTT GGC TAT TTT ATT CCC ATG CTA GCC ATG ATC ATC TGC TAC TCA CTA ATT GTT AGA ACC TTA CTG CAC GCC AGG AAT TTC CAA AAG AAG AAA TCT AAG AAA ATA TTT TCT GTA GTT GCC ATA TTT ATT CTG ACT CAG TCA CCT TAT ACT TTC CTG AGA CTC ATA AAG ATC ATA GAC TGG AGC TTT AAC TTG AAC AGC AGC TTT GAA TAT GCA ATC ATC GTA ACA GAA GCT CTC GCT TAC CTC CAC GGC TGT CTC AAC CCT TAT TTC TTC ATG GGG GTC AAA TTC AGG AGG TTA AAA ATT ATT AAG AGT TTA AGA TGC ATC AAA GGG AGA GTT ACA GCG AAG CAC TGG CAA ACC ACT GAA GAG GAA GGC TCT AAA ACA TTT ACT GCC TCC AAT AAC GCA GAT GCC ACA AGC ATG GAT CCG CTA 
Falco_peregrinus                ATG GCA ACT ACA GAT GCT GTT AAC TTT TAT TAT AAC TTC TCC ATC AAT GAT CCC AAT GAA AAC GGA AGT GAG AAT CTT CAC TTT ACA AAT GTC TTC CTG CCC TGT ATG TAT TCA GCT GTT TTC ATC CTT GGG CTA GCA GGA AAT ACA CTG GTC TTT GTC ATA CTA GTT TTC TAC GAG AAA CTG AAG GTG CTG ACA ATA TTT TTG CTG AAC TTG GCT ATA GCT GAC TGG GTC TTC CTT TGG ACG CTG CCA TTC TGG GCA TAT TCT GGT GTT CAG GAG ACT TTT GGC ACT GTG TAC ACT TCG ATG TTA ACT CTA ACG TCT ATC ACC TTT GAC CGG CTT ATT GCT ATT ACT TTT GCC ACA AAA GCA GTG TGT CAA ACC AAA CGA ATG ACA TGG GGC AAA CTG ATC TGT GTC TTG ATC TCA CTA GCA TTT GCT GCA CCA CAG TTT ATT TTT AGT GAG GTG AGT ATT GAT AAG GCA ATA TGT CAG GAA GAA TAC CCA AAC TAT CGC ACA GAA CTA GTT CTT GAA GTG ATC CAA GTG ACC CTT GGC TAT TTT ATT CCC ATG CTA GCC ATG GTC ATC TGC TAC TCA CTA ATC ATT AGA ACC TTA CTG CAT GCC AGG AGT TTT CAA AAG AAC AAA TCT AAA AAA ATA TTT TCT GTA GTT GCC ATA TTT ATT CTT ACT CAG TCA CCC TAT ACT TTC TTG AGA CTG TTA AAG ATC ATA GAT TGG AGC TTT AAC TTG AAC AGC AAC TTT GAA TAT GCA ATC ATC ATA ACA GAA GCT CTT GCT TAT TTC CAT GGC TGT CTT AAC CCT TAT TTC TTC ATG GGG GTG AAA TTC AGG AGG TTA AAA ATT ATT AAA AAC TCA AGA TGC ACT AAA TGG CAA GTT ACA GCT AAA CAG TGG CAA ACC ACA GAA GAG GAA GGC TCT AAA ACT TTT ACT GCC TCA AAT AAT GCA GAT GCA ACA AGC ATG TAC CCG CTA 
Falco_tinnunculus               ATG GCA ACT ACA GAT GCT GTT AAC TTT TAT TAT AAC TTC TCC ATC AAT GAT CCC AAT GAA AAT GGA AGT GAG AAT CTT CAC TTT ACA AAT GTC TTC CTG CCC TGT ATG TAT TCA GCT GTT TTC ATC CTT GGG CTA GCA GGA AAT ACA CTG GTC TTT GTC ATA CTA GTT TTC TAC GAG AAA CTG AAG GTG CTG ACA ATA TTT TTG CTG AAC TTG GCT ATA GCT GAC TGG GTC TTC CTT TGG ACG CTG CCA TTC TGG GCA TAT TCT GCT GTT CAG GAG ACT TTT GGC ACT GTG TAC ACT TCA ATG TTA ACT CTA ACG TCT ATC ACC TTT GAC CGG CTT ATT GCT ATT ACT TTT GCC ACA AAA GCA GTG TGT CAA ACC AAA CGA ATG ACA TGG GGC AAA CTG ATC TGT GTC TTG ATC TCA CTA GCA TTT GCT GCA CCA CAG TTT ATT TTT AGT GAG GTG AGT ATT GAT AAG GCA ATA TGT CAG GAA GAA TAC CCA AAC TAT CGC ACA GAA CTA GTT CTT GAA GTG ATC CAA GTG ACC CTT GGC TAT TTT ATT CCC ATG CTA GCC ATG GTC ATC TGC TAC TCA CTA ATC ATT AGA ACC TTA CTG CAT GCC AGG AGT TTT CAA AAG AAC AAA TCT AAA AAA ATA TTT TCT GTA GTT GCC ATA TTT ATT CTT ACT CAG TCA CCC TAT ACT TTC TTG AGA CTG TTA AAG ATC ATA GAC TGG AGC TTT AAC TTG AAC AGC AAC TTT GAA TAT GCA ATC ATC ATA ACA GAA GCT CTT GCT TAT TTC CAT GGC TGT CTT AAC CCT TAT TTC TTC ATG GGG GTG AAA TTC AGG AGG TTA AAA ATT GTT AAA AAC TCA AGA TGC ATT AAA TGG CAA GTT ACA GCT AAA CAG TGG CAA ACC ACA GAA GAG GAA GGC TCT AAA ACA TTT ACT GCC TCA AAT AAT GCA GAT GCA ACA AGC ATG TAC CCA CTA 
Aquila_chrysaetos               ATG GCA ACT ACA GAT GCT GCC AAC TTT TAT TAT AAC TTC TCC ATC ATT GAT CCC AAC GAA AAT GGA AGT GAG AAT TTT CAC TTT ACA AGA GTC TTC CTG CCC TGT ATG TAT TCG GCT GTT TTC ATC CTT GGG CTA GCA GGA AAT GCA CTT GTC TTT GTC ATA CTA GCT TTC TAT GAG AAA CAG AAG ATG CTA ACA ATA TTT TTG CTG AAC TTG GCT ATA GCT GAC TGG GTC TTC CTT TGG ACG CTG CCA TTC TGG GCA TAT TCT GCT GCT CAG GAG ACT TTT GGC ACC ATG TAC ACT TCA ATG CTA ACT CTA ACA TCT ATC ACC TTT GAC CGG CTT ATT GCT ATT ACT TTT GCG ACC AAA GCA ATG TGT CAA ACC AAA CGA ATG ACA TGG GGC AAA TTA ATC TGT GTC TTG ATC TCA CTA GCA TTT GCT GCA CCA CAG TTT ATT TTT AGT GAG GTG AGT ATT GAT AAG ACA ATA TGC CAG GAA GAA TAC CCA AAC CAT CAC ACA GAA ATG GTT CTT GAA GTG ATC CAA GTG ACC CTT GGC TAT TTT ATT CCC ATG CTA GCC ATG ATC ATC TGC TAC TCA CTA ATT ATT AGA ACC TTA CTG CAT GCC AGG AGT TTT CAA AAG AAC AAA TCT AAG AAA ATA TTT TCT GTA GTT GCT ATA TTT ATT CTT ACT CAG TCA CCC TAC ACT TTC TTG AGA CTG ATA AAG ATC ATA GAC TGG AGC TTT AAC CTG AAC AGC AGC TTT GAA TAT GCA ATC ATT ATA ACA GAA GCT CTT GCT TAT TTC CAC GGC TGT CTT AAT CCT TAT TTC TTC ATG GGG GTG AAA TTC AGG AGG TTA AAA ATT ATT AAA AAT TCA AGA TGC GTC AAA CGG CAA ATT ATA GCT AAA CAG CGG CAA ACC ACT GAA GAA GAA GGC TCT AAA ACT TTT ACT GCC TCA AAT AAT GCA GAT GCA ACA AGC ATG TAC CAG CTA 
Haliaeetus_leucocephalus        ATG GCA ACT ACA GAT ACT GCC AAC TTT TAT TAT AAC TTC TCC ATC ATT GAT CCC AAC GAA AAT GGA AGT GAG AAT TTT CAT TTT ACA AGA GTC TTC CTG CCC TGT ATG TAT TCG GCT GTT TTC ATC CTT GGG CTA GCA GGA AAT GCA CTT GTC TTT GTC ATA CTA GCT TTC TAT GAG AAA CGG AAG ATG CTG ACA ATA TTT TTG CTG AAC TTG GCC ATA GCT GAC TGG GTC TTC CTT TGG ACA CTG CCA TTC TGG GCA TAT TCT GCT GCT CAG GAG ACT TTT GGC ACC GTG TAC ACT TCA ATG CTA ACT CTA ACG TCT ATC ACC TTT GAC CGG CTT ATT GCT ATT ACT TTT GCA ACC AAA GCA ATG TGT CAA ACC AAA CGA ATG ACA TGG GGC AAA TTA ATC TGT GTC TTG ATC TCA CTA GCA TTT GCT GCA CCA CAG TTT ATT TTT AGT GAG GTG AGT ATT GAT AAG ACA ATA TGC CAG GAA GAA TAC CCA AAC CAT CAC ACA GAA ATG GTT CTT GAA GTG ATC CAA GTG ACC CTT GGC TAT TTT ATT CCC ATG CTA GCC ATG ATC ATC TGC TAC TCA CTA ATT ATT AGA ACC TTA CTG CAT GCC AGG AGT TTT CAA AAG AAC AAA TCT AAG AAA ATA TTT TCT GTA GTT GCC ATA TTT ATT CTT ACT CAG TCA CCC TAC ACT TTC TTG AGA CTG ATA AAG ATC ATA GAC TGG AGC TTT AAC CTG AAC AGC AGC TTT GAA TAT GCA ATC ATT ATA ACA GAA GCT CTT GCT TAT TTC CAC GGC TGT CTT AAT CCT TAT TTC TTC ATG GGG GTG AAA TTC AGG AGG TTA AAA ATT ATT AAA AAT TCA AGA TGC GTC AAA CGG CAA GTT ATG GTT AAA CAG TGG CAA ACC ACT GAA GAA GAA GGC TCT AAA ACT TTT ACT GCC TCC AAT AAT GCA GAT GCA ACA AGC ATG TAC CAG CTA 
Tyto_alba                       ATG GCA AAT ACA GAT GCT GCC AAC TTT TAT TAT AAC TTC TCC ATC ATT GAT CCC AAT GAA AAT GGA AGT GAG AAT TTT CAC TTT ACA ACA ATC TTC CTG CCC TGC ATG TAC TCG GCT GTT TTC ATC CTT GGG CTA GCA GGA AAT GCC CTG GTC TTT GTC ATA CTA GTT TTC TAT GAG AAA CTG AAG ATG CTG ACA ATA TTT TTG CTG AAC TTG GCT ATA GCT GAC TGG GTC TTC CTT TGG ACG CTG CCA TTC TGG GCA TAT TCT GCA GCT CAG GAG ACT TTT GGC ACC GTG TAC ACT TCA ATG TTA ACT CTA ACA TCT ATC ACC TTT GAT CGG CTT ATT GCT ATT ACT TTT GCC ACC AAA GCA ATG TGT CAA ACC AAA CGA ATG ATA TGG GGC AAA TTA ATC TGT GTC TTG ATA TCA CTA GCA TTT GCC ACA CCG CAG TTT ATT TTT AGT GAG GTG AGT ATT GAT AAG GCA ATA TGT CAG GAA GAA TAC TCA AAC CAT CAC ACA GAA CTG GTT CTT GAA GTG ATC CAA GTG ACC CTT GGC TAT TTT ATT CCC ATG CTA GCC ATG ATC ATC TGC TAC TCA CTA ATT ATT AGA ACC TTA CTG CAT GCC AGG AGT TTT CAA AAG AAC AAA TCT AAA AAA ATA TTT TCT GTA GTT GTT ATA TTT ATT CTT ACT CAG TCA CCC TAT ACT TTC TTG AGA CTA ATA AAG ATC ATA GAC TGG AGC TTT AAC TTG AAC AGC AGC TTT GAA TAC GCA ATC ATT GTA ACA GAA GCT CTA GCT TAT TTC CAT GGC TGT CTT AAC CCT TAT TTC TTC ATG GGG GTG AAA TTC AGG AGG TTA AAA ATA ATT AAA AAC TCA AGA TGC ATC AAA CGG CAA GTT GCA GCT AAA CCA TGG CAA ACC ACC GAA GAG GAA GGC TCT AAA ACT TTT TCT GCC TCA AAT AAT GCA GAT GCA ACA AGC ATG TAC CCG CTA 
Leptosomus_discolor             ATG GCA ACT TCA GAT GCC ACT AAC TTT TAT TAT AAC TTC TCC ATC ATT GAT CCC AAC GAA AAC AGA AGC GAC AAT TTT CAC TTT ACA AAA GTC TTC CTG CCC TGT ATG TAT TTG ACT GTT TTC ATC CTT GGG CTA GCA GGA AAT GCG CTG GTC TTT GTC ATA CTA GTT TTC TAC GAG AAA CTG AAG ATG CTG ACA ATA TTT TTG CTG AAC TTG GCT ACA GCT GAC TGG GTC TTC CTT TGG ACA CTT CCA TTC TGG GCA TAT TCT GCT GCT CAG GAG ACT TTT GGC ACT GTG TAC ACT TCA ATG TTA ACT CTA ACG TCT ATC ACC TTT GAC CGG CTT ATT GCT ATT ACT TTT GCC ACC AAA GCA ATG TGT CAA ACC AAA CGA ATG ACA TGG GGC AAA TTA ATC TGT GTC TTG ATC TCA CTA GCA TTT GCT GCA CCA CAG TTT ATT TTT AGT GAG GTG AGT ATT GAT AAG GCA ATA TGT GAG GAA GAA TAC CCA AGC CAT CGC ACA GAA CTG GTT CTT GAG GTG ATT CAA GTG ACC CTT GGC TAT TTT ATT CCC ATG CTA GCC ATG ATC ATC TGC TAC TCA CTA ATT ATT AGA ACC TTA CTG CAC GCC AGG AGT TTT CAA AAG AAC AAA TCT AAA AAG ATA TTT TCT GTA GTT GCC GTA TTT ATT CTT ACT CAG TCA CCC TAT ACT TTC TTG AGA CTG ATA AAG ATC ATA GAT TGG AGC TTT AAC TTG AAC AGC AGC TTT GAA TAT GCA ATC ATC GTA ACA GAA GCT CTT GCT TAT TTC CAT GGC TGT CTT AAC CCT TAT TTC TTC ATG GGG GTG AAA TTC AGG AGG CTC AAA ATT ATT AAA AAC TCA AGA TGC GTC AAA TGG CAA GTT ACG GCT AAA CAG TGG CAA CCA ACT GAA GAG GAA GGC TCT AAA ACT TTC ACT GCC TCA AAT AAT GCA GAT GCA ACA AGC ATG TAC CCA CTA 



Printing out site pattern counts


         8        684  P

Zonotrichia_albicollis          AAA AAA AAA AAA AAA AAA AAA AAA AAA AAA AAC AAC AAC AAC AAC AAC AAG AAG AAG AAT AAT AAT AAT AAT ACA ACA ACA ACA ACA ACA ACC ACC ACC ACC ACC ACC ACT ACT ACT ACT ACT ACT ACT AGA AGA AGA AGA AGC AGC AGG AGT AGT AGT ATA ATA ATA ATA ATA ATA ATC ATC ATC ATC ATC ATC ATG ATG ATG ATG ATG ATG ATG ATG ATT ATT ATT ATT ATT ATT CAA CAA CAA CAA CAA CAC CAC CAG CAG CAG CAG CAG CAT CCA CCA CCA CCA CCA CCA CCC CCC CCC CCG CCT CGC CGG CTA CTA CTA CTC CTC CTG CTG CTG CTG CTG CTT CTT CTT CTT CTT CTT CTT CTT GAA GAA GAA GAA GAA GAC GAC GAC GAC GAG GAG GAG GAT GAT GAT GCA GCA GCA GCA GCA GCA GCC GCC GCC GCC GCC GCT GCT GCT GCT GCT GCT GCT GCT GCT GGA GGA GGC GGC GGG GTA GTA GTA GTA GTC GTC GTC GTG GTT GTT GTT GTT GTT TAC TAC TAC TAC TAT TAT TAT TAT TAT TAT TAT TCA TCA TCA TCA TCC TCG TCT TCT TCT TGC TGC TGG TGG TGG TGT TGT TGT TGT TGT TGT TGT TTA TTA TTA TTA TTC TTC TTG TTG TTG TTG TTT TTT TTT TTT TTT TTT TTT TTT TTT TTT 
Colius_striatus                 ... ... ..C ..G ..G ..G .G. .G. .GT G.. ... ... ... ..G ..T .G. ... .G. .T. ..C ... .GC .G. TG. .A. ... ... ... .T. .TG ... ... ... ..T ..T .T. ..A ..C ..G ... ... G.A GT. ... ... ..G G.. ... ... ... .AC .A. GT. .CG ... ... G.. G.. TC. ... ... ... ... G.G T.. .CA .CC .C. .C. ... ... GA. G.C ..C ... ... ... G.C G.. A.G ... ..G .G. .T. ..G GG. AG. ..C ..C ... .T. ..C ... ... ... ..C ..G G.. ..A ... ..T .T. ... T.G T.. ... ..G T.. A.A T.. ... ... ... ... T.. ACG ..C ..C ..G ... G.. T.C T.. A.. ... ... ..G .CT ... ... ... ..T ... ... ... ..C ... .GC A.. A.. ... ..G ..G .GC AT. ... ... ... .G. .A. ..C ..C ..C ..G ... ... ... .GC ... ..G ... ..G ..C AC. A.. ... ..G .C. ... ... ... A.. A.. ... ... ... C.T G.T ... ..T C.C G.C ..C ..C ... ... ... ... ..C ..C .T. ... ..T A.A ... .G. ... ..G A.T G.. ... CAC CAC .CG .C. ..C ... ... GC. ... ... ..T C.G ... C.C ..C ... ... AA. A.. C.C C.G .CG ..C ..C ... ... ... 
Falco_peregrinus                ... ... ..C ... ... ..G .G. C.. ..C G.. ... ... ... ... ... .G. ... .G. .T. ... ... .G. .G. TG. .A. ... ... ... .T. GTG ..A ... ... ..A ..T .T. ..C ... ... ... ... G.. .A. .AT ... ..G G.. .A. ... ... .A. ... GT. .C. ... T.. ... ... TC. ... ... ... G.. ... T.. .C. ... .C. ... ... G.. GA. G.. ..C ..C ... ... G.C ... A.. ... ..G .G. .T. ..G .G. .G. ... ... ... .T. ..C ... ... ... ..C ..G G.. ... ... ... .T. ... T.G T.. ... ... T.. A.A T.. ..A ... ... ... T.. AC. ... ... ... ... G.. T.. T.. ... ... ... ..G ACT ... ... ..T ..T ... ... ... ... ... .GC A.. ... ... ... ... ... A.T ..A ... ... .G. .T. ..C ... .G. ... ... ... .T. .GC ... ..G ... ..G ..C AC. A.. ... ..G .C. ... ... ... A.. A.. .C. ... ... ..T ... ... ... C.. A.. ... ... ... ... ... ... ... ..G ... ... ..T A.. ... .G. ... ..G A.T ... ... CA. .A. .C. .C. ..C ... ... C.G ... ... ..T ..G ... C.. ..C ... ... AA. A.. ..C C.. .CA ..C ... C.. ... ... 
Falco_tinnunculus               ... ... ..C ... ... ..G .G. C.. ..C G.. ... ... ... ... ..T .G. ... .G. .T. ... ... .G. .G. TG. .A. ... ... ... .T. GTG ..A ... ... ..A ..T .T. ..C ... ... ... ... G.. .A. .AT ... ..G G.. .A. ... ... .A. ... GT. .C. ... T.. ... ... TC. ... ... ... G.. ... T.. .C. ... .C. ... ... G.. GA. G.. ..C ..C ... G.. G.C ... A.. ... ..G .G. .T. ..G .G. .G. ... ... ... .T. ..C ... ... ... ..C ... G.. ... ... ... .T. ... T.G T.. ... ... T.. A.A T.. ..A ... ... ... T.. AC. ... ... ... ... G.. T.. T.. ... ... ... ..G ACT ... ... ... ..T ... ... ... ... ... .GC A.. ... ... ... ... ... ATT ..A ... ... .G. .T. ..C ... ... ... ... ... .T. .GC ... ..G ... ..G ..C AC. A.. ... ..G .C. ... ... ... A.. A.. .C. ... ... ..T ... ... ... C.. A.. ... ... ... ... ... ... ... ... ... ... ..T A.A ... .G. ... ..G A.T ... ... CA. .A. .C. .C. ..C ... ... C.G ... ... ..T ..G ... C.. ..C ... ... AA. A.. ..C C.. .CA ..C ... C.. ... ... 
Aquila_chrysaetos               ... ... ..C ... ..G ..G .G. C.. ..T G.. ... ... ..T ... ..T .G. ... .G. .T. ... ... .G. .G. TG. .A. ... ... .T. .T. .TG ... ... ... ..T ..T .TT ..C ... ... ... ... G.. .T. ... ... ..G G.. ... ... ... .A. ... GC. .C. ... ... ... ... TC. ... ... ... ... ... T.. .CA ... .C. ... ... ... GA. G.. ..C ... ... ... G.C ... A.. ... ..G .G. .T. ..G ... .G. ... ... ... .T. ..C ... ... ... ..C .AG G.. ... ... ... .TT ... T.G ... ... ... T.. A.A T.. A.. .A. ..A ... T.. ACC ... ... ... ... G.. T.. T.. ... ... ... ..G ACT ... ... ... ..T ..A ... ... ... ... .GC ... ... ... A.. ... ... .T. ..A ... ..G .G. ..C ..C ... ... ... ... ... ... .GC ... ..G ... ..G ..C AC. A.. ... A.G .CT ... ... ... A.. A.. .C. A.. ... ..T ... ... ..T C.C A.C ... ... ..C ... ... ... ... ... ... ... ..T A.. ... .G. ... ..G A.T C.. ... CA. CA. .C. .C. ..C ..C ... ... C.. ... ..T ..G ... C.. ..C C.. ... AA. A.. ..C C.. .CG ..C ... ... ... ... 
Haliaeetus_leucocephalus        ... ... ..C ... ..G ..G .G. C.. ..T G.. ... ... ..T ... ..T .G. ... .G. .T. ... ... .G. .G. TG. .A. ... ... .TG .T. .TG ... ... ... ..T ..T .TT ..C ... ... ... ... ... .T. ... ... ..G G.. ... ... ... .A. ... GC. .C. ... ... ... ... TC. ... ... ... ... ... T.. .C. ... .CA ... ... ... GA. G.. ..C ... ... ... G.C ... A.. ... ..G .G. .T. ..G ... .G. ... ... ... .T. ... ... ... ... ..C .AG G.. ... ... ... .TT ... T.G T.. ... ... T.. A.A T.. A.. .G. ... ... T.. ACC ... ... ... ... G.. T.. T.. ... ... ... ..G ACT ... ... ... ..T ..A ... ... ... ... .GC ... ... ... A.. ... ... .T. ..A ... ..A .G. ..C ..C ... ... .T. ..C ... ... .GC ... ..G ... ..G ..C AC. A.. ... ..G .C. ... ... ... A.. A.. .C. ... ... ..T ... ... ..T C.C A.C ... ... ..C ... ... ... ..C ... ... ... ..T A.. ... .G. ... ..G A.T C.. ... CA. CA. .C. .C. ..C ..C ... ... C.. ... ..T ..G ... C.. ..C C.. ... AA. A.. ..C C.. .CG ..C ... ... ... ... 
Tyto_alba                       ... ... ..C ... ... ..G .G. C.. ..C G.. ... ... ... ... ..T .G. ... .G. .T. ... ... .G. .G. TGC .A. ... ... G.. .T. .TG ... ... ... ... ..T .TT ..C ... .A. ... T.. G.. .T. .C. ... ..G G.. ... ... ... .A. ... GT. ... ... ... ... G.. TC. ..A ... ... ... ... T.. .CA ... .C. ... ... ... GA. G.. ..C ... ... ... G.C ... A.. ... ..G .G. .T. ..G ... .G. ... .CA ... .T. ..C ... ..G T.. ..C ..G G.. ... ... ... .T. ... T.G T.. ... ... T.. A.A T.. ... ... ... ... T.. ACC ..A ... ... ... G.. T.. T.. ... ... ... ..G ACT ... ..T ... ..T ... ... ... ... ... .GC ..C A.. ... ... ... ... AT. ..A ... ... .G. ..C ..C ..C ..A ... ... ... ... .GC ... ..G ... ..G ..C AC. A.. ... ..G ..T A.. ... ... A.A A.. .C. ... ... ..T ... ... ..T C.. A.. ..C ... ... ..C ... ... ... ... ... ... ..T A.. ... .G. ... ..G A.T C.. ... CA. CA. .C. .C. ..C ... ... ... ... ... ..T ..G ... C.A ..C ... ... AA. A.. ..C C.. .CG ..C ... ... ... ... 
Leptosomus_discolor             ... ..G ..C ... ... ..G .G. C.. ..C G.. ... .G. ... ... ... .G. ... .G. .T. ... ... .G. .GC TG. .A. ... T.. ..G .T. .TG ... ... C.A ..T ..T .T. ..C ... ... ... ... G.C .T. .A. ... ..G ... ... ... ... .A. ... GT. .C. ... ... .C. G.. TC. ... ... ..T ... ... T.. .C. ... .CA ... ... ... GA. G.. ..C ... ... ... G.C ... A.. ... ..G .G. .T. ..G .G. .G. G.. ... ... .TT ..C ... ... ... ..C ... G.. ... ... ... .T. ... T.G T.. ... ... ..C G.A T.. ... ... ... ... T.. AC. ... ... ... ... G.. T.. T.. ... ... ..G ..G ACT ... ... ..T ..T ... ..C ... ... ... .GC ..G ... ... ... ... ... .T. ..A ... ... .G. A.. ..C ... ... ... ... ... ... .GC ... ..G ... ..G ..C AC. A.. ... ..G .C. ... ... ... A.. A.. AC. ... ... ..T ... ... ... C.. A.C ... ... ... ... ... ... ... ... ... ... ..T A.. ... .G. ... ..G A.T ... ... CAC CA. .C. .C. ..C ... ... ... ... ... ..T ..G ... C.. ..C ... ... AA. A.. ..C C.. ..G ..C ... ... ..C ... 

    6    1    1    3    1    1    1    1    1    2    4    1    1    1    1
    1    3    1    1    1    1    1    1    1    1    4    1    1    1    1
    1    3    1    1    1    1    1    1    1    3    1    1    1    1    2
    1    1    1    2    1    1    1    1    1    3    1    1    1    1    1
    5    1    1    1    1    1    1    1    1    5    1    1    1    1    1
    2    1    1    2    1    4    1    1    1    1    1    1    1    1    1
    1    1    1    1    1    1    1    1    1    1    1    1    1    1    1
    4    2    1    1    1    1    1    1    3    1    1    1    1    1    4
    1    1    1    1    5    1    1    1    1    1    1    1    1    1    1
    1    2    1    1    1    4    1    1    1    1    1    1    1    1    1
    2    1    1    1    1    4    1    1    1    1    1    1    1    1    1
    1    1    1    1    3    3    1    2    1    1    2    1    1    3    1
    1    1    1    1    1    1    4    2    1    1    1    1    1    1    2
    1    1    1    1    1    3    1    1    1    1    1    1    2    1    1
    1    1    1    6    1    1    1    2    1    1    1    1    1    1    1
    1    1   12

CODONML (in paml version 4.9, March 2015)  Zonotrichia_albicollis.aln.faa
Model: One dN/dS ratio for branches, 
Codon frequency model: F1x4
ns =   8  ls = 319

Codon usage in sequences
--------------------------------------------------------------------------------------------------------------------------------------
Phe TTT  21  16  17  17  18  18 | Ser TCT   4   4   5   5   5   5 | Tyr TAT  10   7  10  10   9   9 | Cys TGT   8   5   5   5   4   4
    TTC   7  12  11  11  11  11 |     TCC   1   3   1   1   1   2 |     TAC   6   5   5   5   5   5 |     TGC   2   2   2   2   3   3
Leu TTA   4   4   4   4   3   3 |     TCA   5   3   6   7   6   5 | *** TAA   0   0   0   0   0   0 | *** TGA   0   0   0   0   0   0
    TTG   5   4   5   5   4   4 |     TCG   1   2   1   0   1   1 |     TAG   0   0   0   0   0   0 | Trp TGG   5   6   7   7   5   6
--------------------------------------------------------------------------------------------------------------------------------------
Leu CTT  11   4   9   9   9   9 | Pro CCT   1   2   1   1   1   1 | His CAT   1   1   2   2   2   3 | Arg CGT   0   0   0   0   0   0
    CTC   2   4   0   0   0   0 |     CCC   3   2   4   4   4   4 |     CAC   2   6   1   1   3   2 |     CGC   1   0   1   1   0   0
    CTA   7   5   8   8   9   8 |     CCA   6   4   3   4   3   3 | Gln CAA   8   4   5   5   5   5 |     CGA   0   1   1   1   1   1
    CTG   7  13   9   9   6   7 |     CCG   1   1   1   0   0   0 |     CAG   5   3   5   5   7   6 |     CGG   1   0   1   1   3   3
--------------------------------------------------------------------------------------------------------------------------------------
Ile ATT   8   8   9   9  13  12 | Thr ACT   9   6  11   9  10  11 | Asn AAT   5   4   7   8   7   7 | Ser AGT   3   3   4   4   4   4
    ATC  10  11  11  11  10  10 |     ACC   8   7   5   5   7   7 |     AAC   9   9  11  10   8   8 |     AGC   3   5   3   3   4   4
    ATA   8   7   8   8  10   9 |     ACA   9  12  11  12   9   9 | Lys AAA  18   9  13  13  12  12 | Arg AGA   5   5   3   3   4   4
Met ATG  12   8   8   8  12  12 |     ACG   0   5   2   2   1   1 |     AAG   5  10   4   4   5   5 |     AGG   1   4   3   3   3   3
--------------------------------------------------------------------------------------------------------------------------------------
Val GTT   7   9   7   8   3   5 | Ala GCT  13   7   9  10  13   9 | Asp GAT   4   5   5   4   4   4 | Gly GGT   0   0   1   0   0   0
    GTC   5   6   6   6   6   6 |     GCC   5   8   5   5   4   6 |     GAC   4   5   2   3   3   3 |     GGC   2   7   5   5   5   5
    GTA   4   3   1   1   1   1 |     GCA   9   7  10  10  10  11 | Glu GAA   9   8   9   9  10  10 |     GGA   2   2   2   2   2   2
    GTG   3   5   7   7   4   5 |     GCG   0   3   0   0   1   0 |     GAG   3   5   5   5   4   4 |     GGG   1   3   2   2   2   2
--------------------------------------------------------------------------------------------------------------------------------------

----------------------------------------------------------------------
Phe TTT  18  17 | Ser TCT   6   5 | Tyr TAT   8   9 | Cys TGT   4   5
    TTC  11  12 |     TCC   1   1 |     TAC   6   5 |     TGC   3   2
Leu TTA   4   3 |     TCA   7   7 | *** TAA   0   0 | *** TGA   0   0
    TTG   5   6 |     TCG   1   0 |     TAG   0   0 | Trp TGG   6   7
----------------------------------------------------------------------
Leu CTT   7   9 | Pro CCT   1   1 | His CAT   3   2 | Arg CGT   0   0
    CTC   0   1 |     CCC   4   4 |     CAC   2   2 |     CGC   0   1
    CTA   9   7 |     CCA   2   5 | Gln CAA   5   5 |     CGA   1   1
    CTG   8   8 |     CCG   2   0 |     CAG   4   4 |     CGG   2   1
----------------------------------------------------------------------
Ile ATT  11  12 | Thr ACT   7  13 | Asn AAT   7   4 | Ser AGT   4   3
    ATC  11  10 |     ACC   8   5 |     AAC   9  10 |     AGC   4   6
    ATA  11   6 |     ACA   9   8 | Lys AAA  13  13 | Arg AGA   3   4
Met ATG  10  10 |     ACG   1   2 |     AAG   4   5 |     AGG   3   3
----------------------------------------------------------------------
Val GTT   6   5 | Ala GCT   9   9 | Asp GAT   5   5 | Gly GGT   0   0
    GTC   4   6 |     GCC   7   6 |     GAC   2   3 |     GGC   5   5
    GTA   2   3 |     GCA  11  10 | Glu GAA   9   8 |     GGA   2   1
    GTG   5   5 |     GCG   0   1 |     GAG   5   6 |     GGG   2   2
----------------------------------------------------------------------

Codon position x base (3x4) table for each sequence.

#1: Zonotrichia_albicollis
position  1:    T:0.24765    C:0.17555    A:0.35423    G:0.22257
position  2:    T:0.37931    C:0.23511    A:0.27900    G:0.10658
position  3:    T:0.32915    C:0.21944    A:0.29467    G:0.15674
Average         T:0.31870    C:0.21003    A:0.30930    G:0.16196

#2: Colius_striatus
position  1:    T:0.22884    C:0.15674    A:0.35423    G:0.26019
position  2:    T:0.37304    C:0.23824    A:0.25392    G:0.13480
position  3:    T:0.25392    C:0.28840    A:0.23197    G:0.22571
Average         T:0.28527    C:0.22780    A:0.28004    G:0.20690

#3: Falco_peregrinus
position  1:    T:0.24765    C:0.15987    A:0.35423    G:0.23824
position  2:    T:0.37618    C:0.23511    A:0.26332    G:0.12539
position  3:    T:0.31975    C:0.22884    A:0.26332    G:0.18809
Average         T:0.31452    C:0.20794    A:0.29363    G:0.18391

#4: Falco_tinnunculus
position  1:    T:0.24765    C:0.15987    A:0.35110    G:0.24138
position  2:    T:0.37931    C:0.23511    A:0.26332    G:0.12226
position  3:    T:0.31661    C:0.22884    A:0.27273    G:0.18182
Average         T:0.31452    C:0.20794    A:0.29572    G:0.18182

#5: Aquila_chrysaetos
position  1:    T:0.23511    C:0.16614    A:0.37304    G:0.22571
position  2:    T:0.37304    C:0.23824    A:0.26332    G:0.12539
position  3:    T:0.31975    C:0.23197    A:0.26646    G:0.18182
Average         T:0.30930    C:0.21212    A:0.30094    G:0.17764

#6: Haliaeetus_leucocephalus
position  1:    T:0.23824    C:0.16301    A:0.36991    G:0.22884
position  2:    T:0.37618    C:0.23511    A:0.26019    G:0.12853
position  3:    T:0.31661    C:0.23824    A:0.26019    G:0.18495
Average         T:0.31034    C:0.21212    A:0.29676    G:0.18077

#7: Tyto_alba      
position  1:    T:0.25078    C:0.15674    A:0.36050    G:0.23197
position  2:    T:0.38245    C:0.23824    A:0.25705    G:0.12226
position  3:    T:0.30094    C:0.24138    A:0.27586    G:0.18182
Average         T:0.31139    C:0.21212    A:0.29781    G:0.17868

#8: Leptosomus_discolor
position  1:    T:0.24765    C:0.15987    A:0.35737    G:0.23511
position  2:    T:0.37618    C:0.24138    A:0.25392    G:0.12853
position  3:    T:0.31034    C:0.24765    A:0.25392    G:0.18809
Average         T:0.31139    C:0.21630    A:0.28840    G:0.18391

Sums of codon usage counts
------------------------------------------------------------------------------
Phe F TTT     142 | Ser S TCT      39 | Tyr Y TAT      72 | Cys C TGT      40
      TTC      86 |       TCC      11 |       TAC      42 |       TGC      19
Leu L TTA      29 |       TCA      46 | *** * TAA       0 | *** * TGA       0
      TTG      38 |       TCG       7 |       TAG       0 | Trp W TGG      49
------------------------------------------------------------------------------
Leu L CTT      67 | Pro P CCT       9 | His H CAT      16 | Arg R CGT       0
      CTC       7 |       CCC      29 |       CAC      19 |       CGC       4
      CTA      61 |       CCA      30 | Gln Q CAA      42 |       CGA       7
      CTG      67 |       CCG       5 |       CAG      39 |       CGG      12
------------------------------------------------------------------------------
Ile I ATT      82 | Thr T ACT      76 | Asn N AAT      49 | Ser S AGT      29
      ATC      84 |       ACC      52 |       AAC      74 |       AGC      32
      ATA      67 |       ACA      79 | Lys K AAA     103 | Arg R AGA      31
Met M ATG      80 |       ACG      14 |       AAG      42 |       AGG      23
------------------------------------------------------------------------------
Val V GTT      50 | Ala A GCT      79 | Asp D GAT      36 | Gly G GGT       1
      GTC      45 |       GCC      46 |       GAC      25 |       GGC      39
      GTA      16 |       GCA      78 | Glu E GAA      72 |       GGA      15
      GTG      41 |       GCG       5 |       GAG      37 |       GGG      16
------------------------------------------------------------------------------


Codon position x base (3x4) table, overall

position  1:    T:0.24295    C:0.16223    A:0.35933    G:0.23550
position  2:    T:0.37696    C:0.23707    A:0.26176    G:0.12422
position  3:    T:0.30839    C:0.24060    A:0.26489    G:0.18613
Average         T:0.30943    C:0.21330    A:0.29532    G:0.18195

Codon frequencies under model, for use in evolver (TTT TTC TTA TTG ... GGG):
  0.03152630  0.02173172  0.03008905  0.01853784
  0.02173172  0.01498012  0.02074100  0.01277851
  0.03008905  0.02074100  0.00000000  0.00000000
  0.01853784  0.01277851  0.00000000  0.01090047
  0.02173172  0.01498012  0.02074100  0.01277851
  0.01498012  0.01032610  0.01429719  0.00880849
  0.02074100  0.01429719  0.01979544  0.01219595
  0.01277851  0.00880849  0.01219595  0.00751391
  0.03008905  0.02074100  0.02871732  0.01769272
  0.02074100  0.01429719  0.01979544  0.01219595
  0.02871732  0.01979544  0.02740813  0.01688613
  0.01769272  0.01219595  0.01688613  0.01040353
  0.01853784  0.01277851  0.01769272  0.01090047
  0.01277851  0.00880849  0.01219595  0.00751391
  0.01769272  0.01219595  0.01688613  0.01040353
  0.01090047  0.00751391  0.01040353  0.00640960



Nei & Gojobori 1986. dN/dS (dN, dS)
(Note: This matrix is not used in later ML. analysis.
Use runmode = -2 for ML pairwise comparison.)

Zonotrichia_albicollis
Colius_striatus      0.3746 (0.1792 0.4783)
Falco_peregrinus     0.6728 (0.1470 0.2186) 0.1823 (0.0617 0.3382)
Falco_tinnunculus    0.7001 (0.1487 0.2124) 0.1857 (0.0602 0.3242) 0.1786 (0.0041 0.0229)
Aquila_chrysaetos    0.4935 (0.1405 0.2846) 0.1861 (0.0600 0.3222) 0.2572 (0.0382 0.1486) 0.2573 (0.0368 0.1430)
Haliaeetus_leucocephalus 0.4883 (0.1389 0.2844) 0.1782 (0.0592 0.3325) 0.2391 (0.0375 0.1569) 0.2387 (0.0361 0.1512) 0.2508 (0.0095 0.0379)
Tyto_alba            0.5009 (0.1432 0.2858) 0.1745 (0.0564 0.3232) 0.2407 (0.0369 0.1531) 0.2402 (0.0354 0.1475) 0.2134 (0.0290 0.1357) 0.1674 (0.0280 0.1674)
Leptosomus_discolor  0.6022 (0.1448 0.2404) 0.1735 (0.0630 0.3632) 0.3306 (0.0390 0.1179) 0.3047 (0.0376 0.1233) 0.2044 (0.0353 0.1726) 0.2024 (0.0332 0.1639) 0.1863 (0.0346 0.1860)


TREE #  1:  (((8, 2), 7), (6, 5), (1, (3, 4)));   MP score: 300
lnL(ntime: 13  np: 15):  -2815.612908      +0.000000
   9..10   10..11   11..8    11..2    10..7     9..12   12..6    12..5     9..13   13..1    13..14   14..3    14..4  
 0.003247 0.000004 0.098243 0.283818 0.105209 0.073761 0.025860 0.022056 0.000004 0.451257 0.074881 0.015579 0.009495 4.078357 0.401159

Note: Branch length is defined as number of nucleotide substitutions per codon (not per neucleotide site).

tree length =   1.16341

(((8: 0.098243, 2: 0.283818): 0.000004, 7: 0.105209): 0.003247, (6: 0.025860, 5: 0.022056): 0.073761, (1: 0.451257, (3: 0.015579, 4: 0.009495): 0.074881): 0.000004);

(((Leptosomus_discolor: 0.098243, Colius_striatus: 0.283818): 0.000004, Tyto_alba: 0.105209): 0.003247, (Haliaeetus_leucocephalus: 0.025860, Aquila_chrysaetos: 0.022056): 0.073761, (Zonotrichia_albicollis: 0.451257, (Falco_peregrinus: 0.015579, Falco_tinnunculus: 0.009495): 0.074881): 0.000004);

Detailed output identifying parameters

kappa (ts/tv) =  4.07836

omega (dN/dS) =  0.40116

dN & dS for each branch

 branch          t       N       S   dN/dS      dN      dS  N*dN  S*dS

   9..10     0.003   680.5   276.5  0.4012  0.0008  0.0019   0.5   0.5
  10..11     0.000   680.5   276.5  0.4012  0.0000  0.0000   0.0   0.0
  11..8      0.098   680.5   276.5  0.4012  0.0229  0.0570  15.6  15.8
  11..2      0.284   680.5   276.5  0.4012  0.0661  0.1648  45.0  45.6
  10..7      0.105   680.5   276.5  0.4012  0.0245  0.0611  16.7  16.9
   9..12     0.074   680.5   276.5  0.4012  0.0172  0.0428  11.7  11.8
  12..6      0.026   680.5   276.5  0.4012  0.0060  0.0150   4.1   4.2
  12..5      0.022   680.5   276.5  0.4012  0.0051  0.0128   3.5   3.5
   9..13     0.000   680.5   276.5  0.4012  0.0000  0.0000   0.0   0.0
  13..1      0.451   680.5   276.5  0.4012  0.1051  0.2620  71.5  72.4
  13..14     0.075   680.5   276.5  0.4012  0.0174  0.0435  11.9  12.0
  14..3      0.016   680.5   276.5  0.4012  0.0036  0.0090   2.5   2.5
  14..4      0.009   680.5   276.5  0.4012  0.0022  0.0055   1.5   1.5

tree length for dN:       0.2710
tree length for dS:       0.6754


Time used:  0:10
