Phaethon_lepturus
Eurypyga_helias
Phalacrocorax_carbo
Antrostomus_carolinensis
Struthio_camelus_australis
Tinamus_guttatus
Apteryx_mantelli_mantelli
Apteryx_rowi
Oxyura_jamaicensis
Cariama_cristata
Harpia_harpyja
Accipiter_gentilis
Haliaeetus_leucocephalus
Haliaeetus_albicilla
Gymnogyps_californianus
Gavia_stellata
Opisthocomus_hoazin
Fulmarus_glacialis
Tauraco_erythrolophus
Colius_striatus
Charadrius_vociferus
Rissa_tridactyla
Calidris_pugnax
Pterocles_gutturalis
Leptosomus_discolor
Falco_biarmicus
Falco_cherrug
Falco_peregrinus
Balearica_regulorum_gibbericeps
Grus_americana
Pelecanus_crispus
Nipponia_nippon
Aptenodytes_forsteri
Pygoscelis_adeliae
Dromaius_novaehollandiae
Nothoprocta_perdicaria
Anas_platyrhynchos
Aythya_fuligula
Anser_cygnoides
Cygnus_olor
Aquila_chrysaetos_chrysaetos
Athene_cunicularia
Tyto_alba
Falco_rusticolus
Falco_naumanni
Egretta_garzetta
