
Loaded 'libv3/all-terms.bf' from /usr/local/lib/hyphy/TemplateBatchFiles/libv3/all-terms.bf
Loaded 'libv3/UtilityFunctions.bf' from /usr/local/lib/hyphy/TemplateBatchFiles/libv3/UtilityFunctions.bf
Loaded 'IOFunctions.bf' from /usr/local/lib/hyphy/TemplateBatchFiles/libv3/IOFunctions.bf
Already loaded 'libv3/UtilityFunctions.bf' from /usr/local/lib/hyphy/TemplateBatchFiles/libv3/UtilityFunctions.bf
Loaded 'convenience/regexp.bf' from /usr/local/lib/hyphy/TemplateBatchFiles/libv3/convenience/regexp.bf
Already loaded 'libv3/all-terms.bf' from /usr/local/lib/hyphy/TemplateBatchFiles/libv3/all-terms.bf
Already loaded 'libv3/IOFunctions.bf' from /usr/local/lib/hyphy/TemplateBatchFiles/libv3/IOFunctions.bf
Loaded 'libv3/tasks/estimators.bf' from /usr/local/lib/hyphy/TemplateBatchFiles/libv3/tasks/estimators.bf
Loaded '../models/model_functions.bf' from /usr/local/lib/hyphy/TemplateBatchFiles/libv3/models/model_functions.bf
Loaded 'DNA.bf' from /usr/local/lib/hyphy/TemplateBatchFiles/libv3/models/DNA.bf
Loaded 'frequencies.bf' from /usr/local/lib/hyphy/TemplateBatchFiles/libv3/models/frequencies.bf
Already loaded '../all-terms.bf' from /usr/local/lib/hyphy/TemplateBatchFiles/libv3/all-terms.bf
Loaded 'parameters.bf' from /usr/local/lib/hyphy/TemplateBatchFiles/libv3/models/parameters.bf
Loaded 'GrabBag' from /usr/local/lib/hyphy/TemplateBatchFiles/Utility/GrabBag.bf
Overwritten previously defined function:'_sortStringsAux'
Already loaded 'libv3/all-terms.bf' from /usr/local/lib/hyphy/TemplateBatchFiles/libv3/all-terms.bf
Already loaded '../UtilityFunctions.bf' from /usr/local/lib/hyphy/TemplateBatchFiles/libv3/UtilityFunctions.bf
Already loaded 'model_functions.bf' from /usr/local/lib/hyphy/TemplateBatchFiles/libv3/models/model_functions.bf
Already loaded 'libv3/all-terms.bf' from /usr/local/lib/hyphy/TemplateBatchFiles/libv3/all-terms.bf
Already loaded 'parameters.bf' from /usr/local/lib/hyphy/TemplateBatchFiles/libv3/models/parameters.bf
Already loaded 'frequencies.bf' from /usr/local/lib/hyphy/TemplateBatchFiles/libv3/models/frequencies.bf
Already loaded '../UtilityFunctions.bf' from /usr/local/lib/hyphy/TemplateBatchFiles/libv3/UtilityFunctions.bf
Already loaded '../convenience/regexp.bf' from /usr/local/lib/hyphy/TemplateBatchFiles/libv3/convenience/regexp.bf
Loaded '../models/DNA/GTR.bf' from /usr/local/lib/hyphy/TemplateBatchFiles/libv3/models/DNA/GTR.bf
Already loaded '../DNA.bf' from /usr/local/lib/hyphy/TemplateBatchFiles/libv3/models/DNA.bf
Already loaded '../parameters.bf' from /usr/local/lib/hyphy/TemplateBatchFiles/libv3/models/parameters.bf
Already loaded '../frequencies.bf' from /usr/local/lib/hyphy/TemplateBatchFiles/libv3/models/frequencies.bf
Already loaded '../../UtilityFunctions.bf' from /usr/local/lib/hyphy/TemplateBatchFiles/libv3/UtilityFunctions.bf
Already loaded 'libv3/all-terms.bf' from /usr/local/lib/hyphy/TemplateBatchFiles/libv3/all-terms.bf
Already loaded '../convenience/regexp.bf' from /usr/local/lib/hyphy/TemplateBatchFiles/libv3/convenience/regexp.bf
Already loaded 'libv3/all-terms.bf' from /usr/local/lib/hyphy/TemplateBatchFiles/libv3/all-terms.bf
Loaded 'libv3/tasks/alignments.bf' from /usr/local/lib/hyphy/TemplateBatchFiles/libv3/tasks/alignments.bf
Already loaded '../IOFunctions.bf' from /usr/local/lib/hyphy/TemplateBatchFiles/libv3/IOFunctions.bf
Already loaded '../all-terms.bf' from /usr/local/lib/hyphy/TemplateBatchFiles/libv3/all-terms.bf
Loaded 'libv3/models/codon.bf' from /usr/local/lib/hyphy/TemplateBatchFiles/libv3/models/codon.bf
Loaded '../tasks/genetic_code.bf' from /usr/local/lib/hyphy/TemplateBatchFiles/libv3/tasks/genetic_code.bf
Loaded 'libv3/convenience/matrix.bf' from /usr/local/lib/hyphy/TemplateBatchFiles/libv3/convenience/matrix.bf
Already loaded 'libv3/UtilityFunctions.bf' from /usr/local/lib/hyphy/TemplateBatchFiles/libv3/UtilityFunctions.bf
Already loaded 'libv3/all-terms.bf' from /usr/local/lib/hyphy/TemplateBatchFiles/libv3/all-terms.bf
Already loaded '../UtilityFunctions.bf' from /usr/local/lib/hyphy/TemplateBatchFiles/libv3/UtilityFunctions.bf
Loaded 'libv3/tasks/trees.bf' from /usr/local/lib/hyphy/TemplateBatchFiles/libv3/tasks/trees.bf
Already loaded '../IOFunctions.bf' from /usr/local/lib/hyphy/TemplateBatchFiles/libv3/IOFunctions.bf
Already loaded '../all-terms.bf' from /usr/local/lib/hyphy/TemplateBatchFiles/libv3/all-terms.bf
Already loaded '../convenience/regexp.bf' from /usr/local/lib/hyphy/TemplateBatchFiles/libv3/convenience/regexp.bf
Already loaded '../UtilityFunctions.bf' from /usr/local/lib/hyphy/TemplateBatchFiles/libv3/UtilityFunctions.bf
Loaded 'TreeTools' from /usr/local/lib/hyphy/TemplateBatchFiles/TreeTools.ibf
Already loaded 'libv3/tasks/genetic_code.bf' from /usr/local/lib/hyphy/TemplateBatchFiles/libv3/tasks/genetic_code.bf
Loaded 'modules/io_functions.ibf' from /usr/local/lib/hyphy/TemplateBatchFiles/SelectionAnalyses/modules/io_functions.ibf
Already loaded 'libv3/UtilityFunctions.bf' from /usr/local/lib/hyphy/TemplateBatchFiles/libv3/UtilityFunctions.bf
Already loaded 'libv3/IOFunctions.bf' from /usr/local/lib/hyphy/TemplateBatchFiles/libv3/IOFunctions.bf
Already loaded 'libv3/convenience/regexp.bf' from /usr/local/lib/hyphy/TemplateBatchFiles/libv3/convenience/regexp.bf
Already loaded 'libv3/all-terms.bf' from /usr/local/lib/hyphy/TemplateBatchFiles/libv3/all-terms.bf
Loaded 'modules/selection_lib.ibf' from /usr/local/lib/hyphy/TemplateBatchFiles/SelectionAnalyses/modules/selection_lib.ibf
Loaded 'libv3/models/codon/BS_REL.bf' from /usr/local/lib/hyphy/TemplateBatchFiles/libv3/models/codon/BS_REL.bf
Already loaded '../codon.bf' from /usr/local/lib/hyphy/TemplateBatchFiles/libv3/models/codon.bf
Already loaded '../DNA.bf' from /usr/local/lib/hyphy/TemplateBatchFiles/libv3/models/DNA.bf
Already loaded '../parameters.bf' from /usr/local/lib/hyphy/TemplateBatchFiles/libv3/models/parameters.bf
Already loaded '../frequencies.bf' from /usr/local/lib/hyphy/TemplateBatchFiles/libv3/models/frequencies.bf
Already loaded '../../UtilityFunctions.bf' from /usr/local/lib/hyphy/TemplateBatchFiles/libv3/UtilityFunctions.bf
Loaded 'MG_REV.bf' from /usr/local/lib/hyphy/TemplateBatchFiles/libv3/models/codon/MG_REV.bf
Already loaded '../codon.bf' from /usr/local/lib/hyphy/TemplateBatchFiles/libv3/models/codon.bf
Already loaded '../DNA.bf' from /usr/local/lib/hyphy/TemplateBatchFiles/libv3/models/DNA.bf
Already loaded '../parameters.bf' from /usr/local/lib/hyphy/TemplateBatchFiles/libv3/models/parameters.bf
Already loaded '../frequencies.bf' from /usr/local/lib/hyphy/TemplateBatchFiles/libv3/models/frequencies.bf
Already loaded '../../UtilityFunctions.bf' from /usr/local/lib/hyphy/TemplateBatchFiles/libv3/UtilityFunctions.bf
Loaded '../../convenience/math.bf' from /usr/local/lib/hyphy/TemplateBatchFiles/libv3/convenience/math.bf
Already loaded 'libv3/UtilityFunctions.bf' from /usr/local/lib/hyphy/TemplateBatchFiles/libv3/UtilityFunctions.bf
Already loaded 'libv3/convenience/math.bf' from /usr/local/lib/hyphy/TemplateBatchFiles/libv3/convenience/math.bf
Variable 'NORMALIZE_SEQUENCE_NAMES' was not initialized prior to being used
Loaded 'modules/shared-load-file.bf' from /usr/local/lib/hyphy/TemplateBatchFiles/SelectionAnalyses/modules/shared-load-file.bf
Variable 'MARKDOWN_OUTPUT' was not initialized prior to being used
Already loaded 'libv3/convenience/matrix.bf' from /usr/local/lib/hyphy/TemplateBatchFiles/libv3/convenience/matrix.bf
Already loaded 'libv3/UtilityFunctions.bf' from /usr/local/lib/hyphy/TemplateBatchFiles/libv3/UtilityFunctions.bf
Variable 'NdRAoLXk.skipCodeSelectionStep' was not initialized prior to being used
Row and/or column partition is empty. All the data will be used by default.
Variable 'NEXUS_FILE_TREE_MATRIX' was not initialized prior to being used
Variable 'utility.ToggleEnvVariable.cache' was not initialized prior to being used
Variable 'TREE_NODE_NAME_MAPPING' was not initialized prior to being used
Variable 'jzEjThri.PROMPT_FOR_FILE' was not initialized prior to being used
Variable 'END_OF_FILE' was not initialized prior to being used
Variable '_DO_TREE_REBALANCE_' was not initialized prior to being used
Variable '_KEEP_I_LABELS_' was not initialized prior to being used
Variable 'INCLUDE_MODEL_SPECS' was not initialized prior to being used
Variable 'utility.ForEachPair.warn_non_rentrant' was not initialized prior to being used
Row and/or column partition is empty. All the data will be used by default.
Row and/or column partition is empty. All the data will be used by default.
Variable 'lRNSDMWk.cache' was not initialized prior to being used
Row and/or column partition is empty. All the data will be used by default.
Variable 'COUNT_GAPS_IN_FREQUENCIES' was not initialized prior to being used
Variable 'FZSmiHfg.model_pi' was not initialized prior to being used
Model FZSmiHfg.model assigned to Alligator_mississippiensis
Model FZSmiHfg.model assigned to Pelodiscus_sinensis
Model FZSmiHfg.model assigned to Trachemys_scripta
Model FZSmiHfg.model assigned to Chrysemys_picta
Model FZSmiHfg.model assigned to Node6
Model FZSmiHfg.model assigned to Terrapene_carolina
Model FZSmiHfg.model assigned to Node5
Model FZSmiHfg.model assigned to Mauremys_reevesii
Model FZSmiHfg.model assigned to Gopherus_evgoodei
Model FZSmiHfg.model assigned to Chelonoidis_abingdonii
Model FZSmiHfg.model assigned to Node12
Model FZSmiHfg.model assigned to Node10
Model FZSmiHfg.model assigned to Node4
Model FZSmiHfg.model assigned to Chelonia_mydas
Model FZSmiHfg.model assigned to Dermochelys_coriacea
Model FZSmiHfg.model assigned to Node15
Model FZSmiHfg.model assigned to Node3
The tips of the tree:FZSmiHfg.tree_0 were matched with the species names from the data in the following numeric order (0-based) {0,9,5,4,6,3,2,1,7,8}

Pseudo-optimal path's cost 1434 vs 3326 for 1..k=> a 2.31939 x improvement
Partition 0 reversible model flag computed as 1
Variable 'USE_LAST_RESULTS' was not initialized prior to being used
Variable 'FZSmiHfg.tree_0.Alligator_mississippiensis.t' was not initialized prior to being used
models.generic.SetBranchLength: FZSmiHfg.tree_0.Alligator_mississippiensis.t=953.2454280081978
Variable 'FZSmiHfg.tree_0.Pelodiscus_sinensis.t' was not initialized prior to being used
models.generic.SetBranchLength: FZSmiHfg.tree_0.Pelodiscus_sinensis.t=479.72033674997
Variable 'FZSmiHfg.tree_0.Trachemys_scripta.t' was not initialized prior to being used
models.generic.SetBranchLength: FZSmiHfg.tree_0.Trachemys_scripta.t=71.65974670080904
Variable 'FZSmiHfg.tree_0.Chrysemys_picta.t' was not initialized prior to being used
models.generic.SetBranchLength: FZSmiHfg.tree_0.Chrysemys_picta.t=71.65974670080904
Variable 'FZSmiHfg.tree_0.Node6.t' was not initialized prior to being used
models.generic.SetBranchLength: FZSmiHfg.tree_0.Node6.t=31.13746831704168
Variable 'FZSmiHfg.tree_0.Terrapene_carolina.t' was not initialized prior to being used
models.generic.SetBranchLength: FZSmiHfg.tree_0.Terrapene_carolina.t=102.7972150178507
Variable 'FZSmiHfg.tree_0.Node5.t' was not initialized prior to being used
models.generic.SetBranchLength: FZSmiHfg.tree_0.Node5.t=105.2237227189041
Variable 'FZSmiHfg.tree_0.Mauremys_reevesii.t' was not initialized prior to being used
models.generic.SetBranchLength: FZSmiHfg.tree_0.Mauremys_reevesii.t=163.2833430476701
Variable 'FZSmiHfg.tree_0.Gopherus_evgoodei.t' was not initialized prior to being used
models.generic.SetBranchLength: FZSmiHfg.tree_0.Gopherus_evgoodei.t=138.5859694822481
Variable 'FZSmiHfg.tree_0.Chelonoidis_abingdonii.t' was not initialized prior to being used
models.generic.SetBranchLength: FZSmiHfg.tree_0.Chelonoidis_abingdonii.t=138.5859694822481
Variable 'FZSmiHfg.tree_0.Node12.t' was not initialized prior to being used
models.generic.SetBranchLength: FZSmiHfg.tree_0.Node12.t=24.69737356542203
Variable 'FZSmiHfg.tree_0.Node10.t' was not initialized prior to being used
models.generic.SetBranchLength: FZSmiHfg.tree_0.Node10.t=44.73759468908468
Variable 'FZSmiHfg.tree_0.Node4.t' was not initialized prior to being used
models.generic.SetBranchLength: FZSmiHfg.tree_0.Node4.t=96.25881871608335
Variable 'FZSmiHfg.tree_0.Chelonia_mydas.t' was not initialized prior to being used
models.generic.SetBranchLength: FZSmiHfg.tree_0.Chelonia_mydas.t=150.7344895278763
Variable 'FZSmiHfg.tree_0.Dermochelys_coriacea.t' was not initialized prior to being used
models.generic.SetBranchLength: FZSmiHfg.tree_0.Dermochelys_coriacea.t=150.7344895278763
Variable 'FZSmiHfg.tree_0.Node15.t' was not initialized prior to being used
models.generic.SetBranchLength: FZSmiHfg.tree_0.Node15.t=153.5452669249618
Variable 'FZSmiHfg.tree_0.Node3.t' was not initialized prior to being used
models.generic.SetBranchLength: FZSmiHfg.tree_0.Node3.t=175.4405802971319
Variable 'FZSmiHfg.FZSmiHfg.likelihoodFunction' was not initialized prior to being used
Variable 'SAVE_OPT_STATUS_TO' was not initialized prior to being used
Auto-benchmarked an optimal number (1) of threads.
Set GUI update interval to every 2645-th LF evaluation.
Optimization settings:
	OPTIMIZATION_METHOD = 4
	OPTIMIZATION_PRECISION = 0.001
	MAXIMUM_ITERATIONS_PER_VARIABLE = 5000

Initial parameter values

FZSmiHfg.model.theta_GT = 0.25
FZSmiHfg.model.theta_CG = 0.25
FZSmiHfg.model.theta_CT = 1
FZSmiHfg.model.theta_AT = 0.25
FZSmiHfg.model.theta_AC = 0.25
FZSmiHfg.tree_0.Alligator_mississippiensis.t = 953.245
FZSmiHfg.tree_0.Pelodiscus_sinensis.t = 479.72
FZSmiHfg.tree_0.Trachemys_scripta.t = 71.6597
FZSmiHfg.tree_0.Chrysemys_picta.t = 71.6597
FZSmiHfg.tree_0.Node6.t = 31.1375
FZSmiHfg.tree_0.Terrapene_carolina.t = 102.797
FZSmiHfg.tree_0.Node5.t = 105.224
FZSmiHfg.tree_0.Mauremys_reevesii.t = 163.283
FZSmiHfg.tree_0.Gopherus_evgoodei.t = 138.586
FZSmiHfg.tree_0.Chelonoidis_abingdonii.t = 138.586
FZSmiHfg.tree_0.Node12.t = 24.6974
FZSmiHfg.tree_0.Node10.t = 44.7376
FZSmiHfg.tree_0.Node4.t = 96.2588
FZSmiHfg.tree_0.Chelonia_mydas.t = 150.734
FZSmiHfg.tree_0.Dermochelys_coriacea.t = 150.734
FZSmiHfg.tree_0.Node15.t = 153.545
FZSmiHfg.tree_0.Node3.t = 175.441
Site 175 evaluated to a 0 probability in ComputeLLWithBranchCache
Site 32 evaluated to a 0 probability in ComputeTreeBlockByBranch
Optimization finished in 45 loop passes.
4703 likelihood evaluation calls and 28572 matrix exponentiations calls were made

Variable 'BRANCH_LENGTH_STENCIL' was not initialized prior to being used
Variable 'FZSmiHfg.option' was not initialized prior to being used
Variable 'busted.terms.json.nucleotide_gtr' was not initialized prior to being used
Variable 'Unknown' was not initialized prior to being used
Variable 'iHNwRRxQ.initial_value' was not initialized prior to being used
Variable 'GdCzENbA.data_filter' was not initialized prior to being used
Row and/or column partition is empty. All the data will be used by default.
Auto-benchmarked an optimal number (3) of threads.
Set GUI update interval to every 2840-th LF evaluation.
Optimization settings:
	OPTIMIZATION_METHOD = 4
	OPTIMIZATION_PRECISION = 0.001
	MAXIMUM_ITERATIONS_PER_VARIABLE = 5000

Initial parameter values

frequencies._aux.CF3x4.p0_0 = 0.335457
frequencies._aux.CF3x4.p0_1 = 0.266778
frequencies._aux.CF3x4.p0_2 = 0.458215
frequencies._aux.CF3x4.p1_0 = 0.273961
frequencies._aux.CF3x4.p1_1 = 0.293018
frequencies._aux.CF3x4.p1_2 = 0.256881
frequencies._aux.CF3x4.p2_0 = 0.264266
frequencies._aux.CF3x4.p2_1 = 0.340361
frequencies._aux.CF3x4.p2_2 = 0.406393
Optimization finished in 7 loop passes.
216 likelihood evaluation calls and 0 matrix exponentiations calls were made

Variable 'GdCzENbA.model_MGREV_pi' was not initialized prior to being used
Model GdCzENbA.model_MGREV assigned to Alligator_mississippiensis
Model GdCzENbA.model_MGREV assigned to Pelodiscus_sinensis
Model GdCzENbA.model_MGREV assigned to Trachemys_scripta
Model GdCzENbA.model_MGREV assigned to Chrysemys_picta
Model GdCzENbA.model_MGREV assigned to Node6
Model GdCzENbA.model_MGREV assigned to Terrapene_carolina
Model GdCzENbA.model_MGREV assigned to Node5
Model GdCzENbA.model_MGREV assigned to Mauremys_reevesii
Model GdCzENbA.model_MGREV assigned to Gopherus_evgoodei
Model GdCzENbA.model_MGREV assigned to Chelonoidis_abingdonii
Model GdCzENbA.model_MGREV assigned to Node12
Model GdCzENbA.model_MGREV assigned to Node10
Model GdCzENbA.model_MGREV assigned to Node4
Model GdCzENbA.model_MGREV assigned to Chelonia_mydas
Model GdCzENbA.model_MGREV assigned to Dermochelys_coriacea
Model GdCzENbA.model_MGREV assigned to Node15
Model GdCzENbA.model_MGREV assigned to Node3
The tips of the tree:GdCzENbA.tree_0 were matched with the species names from the data in the following numeric order (0-based) {0,9,5,4,6,3,2,1,7,8}

Pseudo-optimal path's cost 3176 vs 5522 for 1..k=> a 1.73866 x improvement
Partition 0 reversible model flag computed as 1
Variable 'GdCzENbA.GdCzENbA.likelihoodFunction' was not initialized prior to being used
Variable 'GdCzENbA.tree_0.Alligator_mississippiensis.alpha' was not initialized prior to being used
Variable 'GdCzENbA.tree_0.Pelodiscus_sinensis.alpha' was not initialized prior to being used
Variable 'GdCzENbA.tree_0.Trachemys_scripta.alpha' was not initialized prior to being used
Variable 'GdCzENbA.tree_0.Chrysemys_picta.alpha' was not initialized prior to being used
Variable 'GdCzENbA.tree_0.Node6.alpha' was not initialized prior to being used
Variable 'GdCzENbA.tree_0.Terrapene_carolina.alpha' was not initialized prior to being used
Variable 'GdCzENbA.tree_0.Node5.alpha' was not initialized prior to being used
Variable 'GdCzENbA.tree_0.Mauremys_reevesii.alpha' was not initialized prior to being used
Variable 'GdCzENbA.tree_0.Gopherus_evgoodei.alpha' was not initialized prior to being used
Variable 'GdCzENbA.tree_0.Chelonoidis_abingdonii.alpha' was not initialized prior to being used
Variable 'GdCzENbA.tree_0.Node12.alpha' was not initialized prior to being used
Variable 'GdCzENbA.tree_0.Node10.alpha' was not initialized prior to being used
Variable 'GdCzENbA.tree_0.Node4.alpha' was not initialized prior to being used
Variable 'GdCzENbA.tree_0.Chelonia_mydas.alpha' was not initialized prior to being used
Variable 'GdCzENbA.tree_0.Dermochelys_coriacea.alpha' was not initialized prior to being used
Variable 'GdCzENbA.tree_0.Node15.alpha' was not initialized prior to being used
Variable 'GdCzENbA.tree_0.Node3.alpha' was not initialized prior to being used
Site 102 evaluated to a 0 probability in ComputeTreeBlockByBranch
Site 210 evaluated to a 0 probability in ComputeTreeBlockByBranch
Site 102 evaluated to a 0 probability in ComputeTreeBlockByBranch
Site 284 evaluated to a 0 probability in ComputeTreeBlockByBranch
Site 225 evaluated to a 0 probability in ComputeTreeBlockByBranch
Site 102 evaluated to a 0 probability in ComputeTreeBlockByBranch
Auto-benchmarked an optimal number (2) of threads.
Set GUI update interval to every 146-th LF evaluation.
Initial guess for GdCzENbA.tree_0.Pelodiscus_sinensis.alpha is 0.00027502
Initial guess for GdCzENbA.tree_0.Node3.alpha is 5.89446e-05
Initial guess for GdCzENbA.tree_0.Node4.alpha is -3.70263e-05
Initial guess for GdCzENbA.tree_0.Node5.alpha is 4.6783e-06
Initial guess for GdCzENbA.tree_0.Node6.alpha is 2.63382e-06
Initial guess for GdCzENbA.tree_0.Trachemys_scripta.alpha is 1.55358e-05
Initial guess for GdCzENbA.tree_0.Chrysemys_picta.alpha is 2.77284e-06
Initial guess for GdCzENbA.tree_0.Terrapene_carolina.alpha is 1.20598e-06
Initial guess for GdCzENbA.tree_0.Node10.alpha is 5.65854e-06
Initial guess for GdCzENbA.tree_0.Mauremys_reevesii.alpha is 1.34501e-06
Initial guess for GdCzENbA.tree_0.Node12.alpha is -1.62353e-06
Initial guess for GdCzENbA.tree_0.Gopherus_evgoodei.alpha is 7.87601e-06
Initial guess for GdCzENbA.tree_0.Chelonoidis_abingdonii.alpha is 8.66736e-06
Initial guess for GdCzENbA.tree_0.Node15.alpha is 4.93779e-05
Initial guess for GdCzENbA.tree_0.Chelonia_mydas.alpha is 4.97442e-06
Initial guess for GdCzENbA.tree_0.Dermochelys_coriacea.alpha is -1.56205e-05
Optimization settings:
	OPTIMIZATION_METHOD = 4
	OPTIMIZATION_PRECISION = 0.001
	MAXIMUM_ITERATIONS_PER_VARIABLE = 5000

Initial parameter values

GdCzENbA.model_MGREV.theta_CT = 1
GdCzENbA.model_MGREV.theta_GT = 1
GdCzENbA.model_MGREV.theta_CG = 1
GdCzENbA.model_MGREV.theta_AC = 1
GdCzENbA.model_MGREV.theta_AT = 1
GdCzENbA.model_MGREV.omega_0 = 1
GdCzENbA.tree_0.Alligator_mississippiensis.alpha = 0.1
GdCzENbA.tree_0.Pelodiscus_sinensis.alpha = 0.00027502
GdCzENbA.tree_0.Trachemys_scripta.alpha = 1.55358e-05
GdCzENbA.tree_0.Chrysemys_picta.alpha = 2.77284e-06
GdCzENbA.tree_0.Node6.alpha = 2.63382e-06
GdCzENbA.tree_0.Terrapene_carolina.alpha = 1.20598e-06
GdCzENbA.tree_0.Node5.alpha = 4.6783e-06
GdCzENbA.tree_0.Mauremys_reevesii.alpha = 1.34501e-06
GdCzENbA.tree_0.Gopherus_evgoodei.alpha = 7.87601e-06
GdCzENbA.tree_0.Chelonoidis_abingdonii.alpha = 8.66736e-06
GdCzENbA.tree_0.Node12.alpha = 0
GdCzENbA.tree_0.Node10.alpha = 5.65854e-06
GdCzENbA.tree_0.Node4.alpha = 0
GdCzENbA.tree_0.Chelonia_mydas.alpha = 4.97442e-06
GdCzENbA.tree_0.Dermochelys_coriacea.alpha = 0
GdCzENbA.tree_0.Node15.alpha = 4.93779e-05
GdCzENbA.tree_0.Node3.alpha = 5.89446e-05
GdCzENbA.model_MGREV.omega_1 = 1
Failing bound checks on GdCzENbA.tree_0.Dermochelys_coriacea.beta =         10000.04569052248
Optimization finished in 44 loop passes.
4234 likelihood evaluation calls and 25554 matrix exponentiations calls were made

Row and/or column partition is empty. All the data will be used by default.
Auto-benchmarked an optimal number (2) of threads.
Set GUI update interval to every 2890-th LF evaluation.
Optimization settings:
	OPTIMIZATION_METHOD = 4
	OPTIMIZATION_PRECISION = 0.001
	MAXIMUM_ITERATIONS_PER_VARIABLE = 5000

Initial parameter values

frequencies._aux.CF3x4.p0_0 = 0.335457
frequencies._aux.CF3x4.p0_1 = 0.266778
frequencies._aux.CF3x4.p0_2 = 0.458215
frequencies._aux.CF3x4.p1_0 = 0.273961
frequencies._aux.CF3x4.p1_1 = 0.293018
frequencies._aux.CF3x4.p1_2 = 0.256881
frequencies._aux.CF3x4.p2_0 = 0.264266
frequencies._aux.CF3x4.p2_1 = 0.340361
frequencies._aux.CF3x4.p2_2 = 0.406393
Optimization finished in 7 loop passes.
215 likelihood evaluation calls and 0 matrix exponentiations calls were made

Variable 'GdCzENbA.model_MGREV_pi' was not initialized prior to being used
Model GdCzENbA.model_MGREV assigned to Alligator_mississippiensis
Model GdCzENbA.model_MGREV assigned to Pelodiscus_sinensis
Model GdCzENbA.model_MGREV assigned to Trachemys_scripta
Model GdCzENbA.model_MGREV assigned to Chrysemys_picta
Model GdCzENbA.model_MGREV assigned to Node6
Model GdCzENbA.model_MGREV assigned to Terrapene_carolina
Model GdCzENbA.model_MGREV assigned to Node5
Model GdCzENbA.model_MGREV assigned to Mauremys_reevesii
Model GdCzENbA.model_MGREV assigned to Gopherus_evgoodei
Model GdCzENbA.model_MGREV assigned to Chelonoidis_abingdonii
Model GdCzENbA.model_MGREV assigned to Node12
Model GdCzENbA.model_MGREV assigned to Node10
Model GdCzENbA.model_MGREV assigned to Node4
Model GdCzENbA.model_MGREV assigned to Chelonia_mydas
Model GdCzENbA.model_MGREV assigned to Dermochelys_coriacea
Model GdCzENbA.model_MGREV assigned to Node15
Model GdCzENbA.model_MGREV assigned to Node3
The tips of the tree:GdCzENbA.tree_0 were matched with the species names from the data in the following numeric order (0-based) {0,9,5,4,6,3,2,1,7,8}

Pseudo-optimal path's cost 3176 vs 5522 for 1..k=> a 1.73866 x improvement
Partition 0 reversible model flag computed as 1
Variable 'GdCzENbA.tree_0.Dermochelys_coriacea.alpha' was not initialized prior to being used
Variable 'GdCzENbA.tree_0.Chelonia_mydas.alpha' was not initialized prior to being used
Variable 'GdCzENbA.tree_0.Node15.alpha' was not initialized prior to being used
Variable 'GdCzENbA.tree_0.Node4.alpha' was not initialized prior to being used
Variable 'GdCzENbA.tree_0.Node10.alpha' was not initialized prior to being used
Variable 'GdCzENbA.tree_0.Node12.alpha' was not initialized prior to being used
Variable 'GdCzENbA.tree_0.Alligator_mississippiensis.alpha' was not initialized prior to being used
Variable 'GdCzENbA.tree_0.Chelonoidis_abingdonii.alpha' was not initialized prior to being used
Variable 'GdCzENbA.tree_0.Pelodiscus_sinensis.alpha' was not initialized prior to being used
Variable 'GdCzENbA.tree_0.Gopherus_evgoodei.alpha' was not initialized prior to being used
Variable 'GdCzENbA.tree_0.Mauremys_reevesii.alpha' was not initialized prior to being used
Variable 'GdCzENbA.tree_0.Node5.alpha' was not initialized prior to being used
Variable 'GdCzENbA.tree_0.Terrapene_carolina.alpha' was not initialized prior to being used
Variable 'GdCzENbA.tree_0.Node6.alpha' was not initialized prior to being used
Variable 'GdCzENbA.tree_0.Trachemys_scripta.alpha' was not initialized prior to being used
Variable 'GdCzENbA.tree_0.Chrysemys_picta.alpha' was not initialized prior to being used
Variable 'GdCzENbA.tree_0.Node3.alpha' was not initialized prior to being used
Site 102 evaluated to a 0 probability in ComputeTreeBlockByBranch
Site 210 evaluated to a 0 probability in ComputeTreeBlockByBranch
Site 102 evaluated to a 0 probability in ComputeTreeBlockByBranch
Site 284 evaluated to a 0 probability in ComputeTreeBlockByBranch
Site 225 evaluated to a 0 probability in ComputeTreeBlockByBranch
Site 102 evaluated to a 0 probability in ComputeTreeBlockByBranch
Site 210 evaluated to a 0 probability in ComputeTreeBlockByBranch
Site 208 evaluated to a 0 probability in ComputeTreeBlockByBranch
Site 102 evaluated to a 0 probability in ComputeTreeBlockByBranch
Site 256 evaluated to a 0 probability in ComputeTreeBlockByBranch
Auto-benchmarked an optimal number (3) of threads.
Set GUI update interval to every 198-th LF evaluation.
Initial guess for GdCzENbA.tree_0.Pelodiscus_sinensis.alpha is 0.00027502
Initial guess for GdCzENbA.tree_0.Node3.alpha is 5.89446e-05
Initial guess for GdCzENbA.tree_0.Node4.alpha is -3.70263e-05
Initial guess for GdCzENbA.tree_0.Node5.alpha is 4.6783e-06
Initial guess for GdCzENbA.tree_0.Node6.alpha is 2.63382e-06
Initial guess for GdCzENbA.tree_0.Trachemys_scripta.alpha is 1.55358e-05
Initial guess for GdCzENbA.tree_0.Chrysemys_picta.alpha is 2.77284e-06
Initial guess for GdCzENbA.tree_0.Terrapene_carolina.alpha is 1.20598e-06
Initial guess for GdCzENbA.tree_0.Node10.alpha is 5.65854e-06
Initial guess for GdCzENbA.tree_0.Mauremys_reevesii.alpha is 1.34501e-06
Initial guess for GdCzENbA.tree_0.Node12.alpha is -1.62353e-06
Initial guess for GdCzENbA.tree_0.Gopherus_evgoodei.alpha is 7.87601e-06
Initial guess for GdCzENbA.tree_0.Chelonoidis_abingdonii.alpha is 8.66736e-06
Initial guess for GdCzENbA.tree_0.Node15.alpha is 4.93779e-05
Initial guess for GdCzENbA.tree_0.Chelonia_mydas.alpha is 4.97442e-06
Initial guess for GdCzENbA.tree_0.Dermochelys_coriacea.alpha is -1.56205e-05
Optimization settings:
	OPTIMIZATION_METHOD = 4
	OPTIMIZATION_PRECISION = 0.001
	MAXIMUM_ITERATIONS_PER_VARIABLE = 5000

Initial parameter values

GdCzENbA.model_MGREV.theta_CT = 1
GdCzENbA.model_MGREV.theta_GT = 1
GdCzENbA.model_MGREV.theta_CG = 1
GdCzENbA.model_MGREV.theta_AT = 1
GdCzENbA.model_MGREV.theta_AC = 1
GdCzENbA.model_MGREV.omega_0 = 1
GdCzENbA.tree_0.Alligator_mississippiensis.alpha = 0.1
GdCzENbA.tree_0.Pelodiscus_sinensis.alpha = 0.00027502
GdCzENbA.tree_0.Trachemys_scripta.alpha = 1.55358e-05
GdCzENbA.tree_0.Chrysemys_picta.alpha = 2.77284e-06
GdCzENbA.tree_0.Node6.alpha = 2.63382e-06
GdCzENbA.tree_0.Terrapene_carolina.alpha = 1.20598e-06
GdCzENbA.tree_0.Node5.alpha = 4.6783e-06
GdCzENbA.tree_0.Mauremys_reevesii.alpha = 1.34501e-06
GdCzENbA.tree_0.Gopherus_evgoodei.alpha = 7.87601e-06
GdCzENbA.tree_0.Chelonoidis_abingdonii.alpha = 8.66736e-06
GdCzENbA.tree_0.Node12.alpha = 0
GdCzENbA.tree_0.Node10.alpha = 5.65854e-06
GdCzENbA.tree_0.Node4.alpha = 0
GdCzENbA.tree_0.Chelonia_mydas.alpha = 4.97442e-06
GdCzENbA.tree_0.Dermochelys_coriacea.alpha = 0
GdCzENbA.tree_0.Node15.alpha = 4.93779e-05
GdCzENbA.tree_0.Node3.alpha = 5.89446e-05
GdCzENbA.model_MGREV.omega_1 = 1
Failing bound checks on GdCzENbA.tree_0.Dermochelys_coriacea.beta =          10000.0456905242
Optimization finished in 52 loop passes.
4763 likelihood evaluation calls and 29157 matrix exponentiations calls were made

Overwritten previously defined function:'wFEpPrYx.rate_generator'
Overwritten previously defined function:'wFEpPrYx.rate_generator'
Auto-benchmarked an optimal number (3) of threads.
Set GUI update interval to every 6410-th LF evaluation.
Optimization settings:
	OPTIMIZATION_METHOD = 4
	OPTIMIZATION_PRECISION = 0.001
	MAXIMUM_ITERATIONS_PER_VARIABLE = 5000

Initial parameter values

frequencies._aux.CF3x4.p0_0 = 0.335457
frequencies._aux.CF3x4.p0_1 = 0.266778
frequencies._aux.CF3x4.p0_2 = 0.458215
frequencies._aux.CF3x4.p1_0 = 0.273961
frequencies._aux.CF3x4.p1_1 = 0.293018
frequencies._aux.CF3x4.p1_2 = 0.256881
frequencies._aux.CF3x4.p2_0 = 0.264266
frequencies._aux.CF3x4.p2_1 = 0.340361
frequencies._aux.CF3x4.p2_2 = 0.406393
Optimization finished in 7 loop passes.
216 likelihood evaluation calls and 0 matrix exponentiations calls were made

Variable 'busted.test_pi' was not initialized prior to being used
Overwritten previously defined function:'wFEpPrYx.rate_generator'
Overwritten previously defined function:'wFEpPrYx.rate_generator'
Overwritten previously defined function:'wFEpPrYx.rate_generator'
Auto-benchmarked an optimal number (3) of threads.
Set GUI update interval to every 5376-th LF evaluation.
Optimization settings:
	OPTIMIZATION_METHOD = 4
	OPTIMIZATION_PRECISION = 0.001
	MAXIMUM_ITERATIONS_PER_VARIABLE = 5000

Initial parameter values

frequencies._aux.CF3x4.p0_0 = 0.335457
frequencies._aux.CF3x4.p0_1 = 0.266778
frequencies._aux.CF3x4.p0_2 = 0.458215
frequencies._aux.CF3x4.p1_0 = 0.273961
frequencies._aux.CF3x4.p1_1 = 0.293018
frequencies._aux.CF3x4.p1_2 = 0.256881
frequencies._aux.CF3x4.p2_0 = 0.264266
frequencies._aux.CF3x4.p2_1 = 0.340361
frequencies._aux.CF3x4.p2_2 = 0.406393
Optimization finished in 7 loop passes.
216 likelihood evaluation calls and 0 matrix exponentiations calls were made

Variable 'busted.background_pi' was not initialized prior to being used
Variable 'ASSUME_REVERSIBLE_MODELS' was not initialized prior to being used
No nodel was assigned to Alligator_mississippiensis
No nodel was assigned to Pelodiscus_sinensis
No nodel was assigned to Trachemys_scripta
No nodel was assigned to Chrysemys_picta
No nodel was assigned to Node6
No nodel was assigned to Terrapene_carolina
No nodel was assigned to Node5
No nodel was assigned to Mauremys_reevesii
No nodel was assigned to Gopherus_evgoodei
No nodel was assigned to Chelonoidis_abingdonii
No nodel was assigned to Node12
No nodel was assigned to Node10
No nodel was assigned to Node4
No nodel was assigned to Chelonia_mydas
No nodel was assigned to Dermochelys_coriacea
No nodel was assigned to Node15
No nodel was assigned to Node3
The tips of the tree:vPhxxwIh.tree_id_0 were matched with the species names from the data in the following numeric order (0-based) {0,9,5,4,6,3,2,1,7,8}

Pseudo-optimal path's cost 3176 vs 5522 for 1..k=> a 1.73866 x improvement
Partition 0 is ASSUMED to have a reversible model
busted.background.theta_AC was already constrained in estimators.SetGlobals2
busted.background.theta_AG was already constrained in estimators.SetGlobals2
busted.background.theta_AT was already constrained in estimators.SetGlobals2
busted.background.theta_CG was already constrained in estimators.SetGlobals2
busted.background.theta_CT was already constrained in estimators.SetGlobals2
busted.background.theta_GT was already constrained in estimators.SetGlobals2
busted.test.theta_AG was already constrained in estimators.SetGlobals2
Variable 'vPhxxwIh.tree_id_0.Alligator_mississippiensis.t' was not initialized prior to being used
models.generic.SetBranchLength: vPhxxwIh.tree_id_0.Alligator_mississippiensis.t=3.125081272995836
Variable 'vPhxxwIh.tree_id_0.Pelodiscus_sinensis.t' was not initialized prior to being used
models.generic.SetBranchLength: vPhxxwIh.tree_id_0.Pelodiscus_sinensis.t=0.4571645032375321
Variable 'vPhxxwIh.tree_id_0.Trachemys_scripta.t' was not initialized prior to being used
models.generic.SetBranchLength: vPhxxwIh.tree_id_0.Trachemys_scripta.t=0.03693612931729857
Variable 'vPhxxwIh.tree_id_0.Chrysemys_picta.t' was not initialized prior to being used
models.generic.SetBranchLength: vPhxxwIh.tree_id_0.Chrysemys_picta.t=0.005980802414704443
Variable 'vPhxxwIh.tree_id_0.Node6.t' was not initialized prior to being used
models.generic.SetBranchLength: vPhxxwIh.tree_id_0.Node6.t=0.03085918631696119
Variable 'vPhxxwIh.tree_id_0.Terrapene_carolina.t' was not initialized prior to being used
models.generic.SetBranchLength: vPhxxwIh.tree_id_0.Terrapene_carolina.t=0.01222566461365015
Variable 'vPhxxwIh.tree_id_0.Node5.t' was not initialized prior to being used
models.generic.SetBranchLength: vPhxxwIh.tree_id_0.Node5.t=0.02711196289486661
Variable 'vPhxxwIh.tree_id_0.Mauremys_reevesii.t' was not initialized prior to being used
models.generic.SetBranchLength: vPhxxwIh.tree_id_0.Mauremys_reevesii.t=0.1031887702318087
Variable 'vPhxxwIh.tree_id_0.Gopherus_evgoodei.t' was not initialized prior to being used
models.generic.SetBranchLength: vPhxxwIh.tree_id_0.Gopherus_evgoodei.t=0.09070628980520461
Variable 'vPhxxwIh.tree_id_0.Chelonoidis_abingdonii.t' was not initialized prior to being used
models.generic.SetBranchLength: vPhxxwIh.tree_id_0.Chelonoidis_abingdonii.t=0.05670317775321208
Variable 'vPhxxwIh.tree_id_0.Node12.t' was not initialized prior to being used
models.generic.SetBranchLength: vPhxxwIh.tree_id_0.Node12.t=0
Variable 'vPhxxwIh.tree_id_0.Node10.t' was not initialized prior to being used
models.generic.SetBranchLength: vPhxxwIh.tree_id_0.Node10.t=0.07954481285984935
Variable 'vPhxxwIh.tree_id_0.Node4.t' was not initialized prior to being used
models.generic.SetBranchLength: vPhxxwIh.tree_id_0.Node4.t=0.03502411535165148
Variable 'vPhxxwIh.tree_id_0.Chelonia_mydas.t' was not initialized prior to being used
models.generic.SetBranchLength: vPhxxwIh.tree_id_0.Chelonia_mydas.t=0.03553056242244668
Variable 'vPhxxwIh.tree_id_0.Dermochelys_coriacea.t' was not initialized prior to being used
models.generic.SetBranchLength: vPhxxwIh.tree_id_0.Dermochelys_coriacea.t=1.385239365538313
Variable 'vPhxxwIh.tree_id_0.Node15.t' was not initialized prior to being used
models.generic.SetBranchLength: vPhxxwIh.tree_id_0.Node15.t=0.119426712928576
Variable 'vPhxxwIh.tree_id_0.Node3.t' was not initialized prior to being used
models.generic.SetBranchLength: vPhxxwIh.tree_id_0.Node3.t=0.2260192133135858
Variable 'vPhxxwIh.vPhxxwIh.likelihoodFunction' was not initialized prior to being used
Auto-benchmarked an optimal number (4) of threads.
Set GUI update interval to every 39-th LF evaluation.
Optimization settings:
	OPTIMIZATION_METHOD = 4
	OPTIMIZATION_PRECISION = 0.001
	MAXIMUM_ITERATIONS_PER_VARIABLE = 5000

Initial parameter values

busted.test.theta_AC = 0.51928
busted.test.theta_GT = 0.449147
busted.test.theta_CT = 1.0696
busted.test.theta_CG = 0.78032
busted.test.theta_AT = 0.46219
busted.background.omega1 = 0
busted.background.bsrel_mixture_aux_0 = 0.7
busted.test.bsrel_mixture_aux_0 = 0.7
busted.background.bsrel_mixture_aux_1 = 0.666667
busted.background.omega2 = 0.238095
busted.background.omega3 = 9.52381
busted.test.omega1 = 0
busted.test.bsrel_mixture_aux_1 = 0.666667
busted.test.omega2 = 0.238095
busted.test.omega3 = 9.52381
vPhxxwIh.tree_id_0.Alligator_mississippiensis.t = 3.12508
vPhxxwIh.tree_id_0.Pelodiscus_sinensis.t = 0.457165
vPhxxwIh.tree_id_0.Trachemys_scripta.t = 0.0369361
vPhxxwIh.tree_id_0.Chrysemys_picta.t = 0.0059808
vPhxxwIh.tree_id_0.Node6.t = 0.0308592
vPhxxwIh.tree_id_0.Terrapene_carolina.t = 0.0122257
vPhxxwIh.tree_id_0.Node5.t = 0.027112
vPhxxwIh.tree_id_0.Mauremys_reevesii.t = 0.103189
vPhxxwIh.tree_id_0.Gopherus_evgoodei.t = 0.0907063
vPhxxwIh.tree_id_0.Chelonoidis_abingdonii.t = 0.0567032
vPhxxwIh.tree_id_0.Node12.t = 0
vPhxxwIh.tree_id_0.Node10.t = 0.0795448
vPhxxwIh.tree_id_0.Node4.t = 0.0350241
vPhxxwIh.tree_id_0.Chelonia_mydas.t = 0.0355306
vPhxxwIh.tree_id_0.Dermochelys_coriacea.t = 1.38524
vPhxxwIh.tree_id_0.Node15.t = 0.119427
vPhxxwIh.tree_id_0.Node3.t = 0.226019
Optimization finished in 26 loop passes.
2842 likelihood evaluation calls and 69084 matrix exponentiations calls were made

Variable 'USE_JSON_FOR_MATRIX' was not initialized prior to being used