
Before deleting alignment gaps
      9   1023

Equus_asinus                    ATG GAT GAC TAT GAG TAC GTA GTT CCT GGG TTC TTG AAC ACT TCC AAT GAC AGC AGC CAG GAG CAT GAA CGC TTC CTG CAG TTC AAG AAG TTC TTT CTG CCC TGC ATG TAC CTG GTG GTG TTC ATC TGT GGC CTG ATG GGG AAC TCC CTG GTG CTG GTC ATA TAC ATC TTC TAC CAG AAG CTG AAG AGC CTG ACG GAC GTG TTC CTG ATG AAC CTG CCC TTG GCT GAC CTG GTG TTT GTC TGC ACG CTC CCC TTC TGG GCC TAT GCA AGC TTC CAT GAG TGG GTC TTT GGC AAT ATC ATG TGC AAA ACC CTG CTG GGC ATT TAC ACT TTG AAC TTC TAC ACC TCC ATG CTC ATC CTC ACC TGC ATC ACT GTG GAC CGC TTC ATT GCA GTG GGT CAG GCC ACC AAG GCC TAC AAC CAG CAG GCC AAG CGG AGG ACC TGG GGC AAG GTC ATC TGC TTG TCC ATC TGG GTG ACC TCC CTG CTG GTT TCC CTG CCG CAG ATA ATC TAT GGC AAT GTC CTT TAT TAT GAC AAG CTC ATC TGT GGT TAT CAG AAC GAG GAG ATT TCC ACT GTG ATT CTT GCC ACC CAG ATG ACA CTG GGG TTC TTT CTG CCG CTG CTT GCC ATG ATT GTC TGC TAC TCA GTC ATA ATC AAG ACC TTG CTT CAT GCC CGA GGC TTC CAG AAG CAC AAG TCT CTA AAG ATT ATC TTT CTG CTG GTA GCT GTG TTC CTG CTG ACC CAG ACG CCC TTC ACC CTT GTG AAG CTC ATC CTC AGC ACA AGC TGG GAG TAC CAG GCC ATG ATC AGC TTT CAG TAT GCC ATC ATA GTG ACT GAG GTC ATT GCC TTC CTG CGG GCC TGC CTC AAT CCT GTG CTC TAT GCC TTT GTT GGC CTG AAG TTT CGA AAG AAC TTC TGG AAA CTT GTG AAA GAC ATT GGC TGC CTC CCT TAC CTG GGG GTC TCA AGC CAA TGG AAG TCT --- GAG AAC ACT TCT AAG AGT TGT TCT GCC TCC CAC AAC ATG GAG GCC ACC AGC ATG TTC CAG CTG 
Equus_caballus                  ATG GAT GAC TAT GAG TAC GTA GTT CCT GGG TTC TTG AAC ACT TCC AAT GAC AGC AGC CAG GAG CAT GAA CGC TTC CTG CAG TTC AAG AAG TTC TTT CTG CCC TGC ATG TAC CTG GTG GTG TTC ATC TGT GGC CTG ATG GGG AAC TCC CTG GTG CTG GTC ATA TAC ATC TTC TAC CAG AAG CTG AAG AGC CTG ACG GAC GTG TTC CTG ATG AAC CTG CCC TTG GCT GAC CTG GTG TTT GTC TGC ACG CTC CCC TTC TGG GCC TAT GCA AGC TTC CAT GAG TGG GTC TTT GGC AAT ATC ATG TGC AAA ACC CTG CTG GGC ATT TAC ACT TTG AAC TTC TAC ACC TCC ATG CTC ATC CTC ACC TGC ATC ACT GTG GAC CGC TTC ATT GCA GTG GGT CAG GCC ACC AAG GCC TAC AAC CAG CAG GCC AAG CGG AGG ACC TGG GGC AAG GTC ATC TGC TTG TCC ATC TGG GTG ACC TCC CTG CTG GTT TCC CTG CCG CAG ATA ATC TAT GGC AAT GTC CTT TAT TAT GAC AAG CTC ATC TGT GGT TAT CAG AAC GAG GAG ATT TCC ACT GTG ATT CTT GCC ACC CAG ATG ACA CTG GGG TTC TTT CTG CCG CTG CTT GCC ATG ATT GTC TGC TAC TCA GTC ATA ATC AAG ACC TTG CTT CAT GCC CGA GGC TTC CAG AAG CAC AAG TCT CTA AAG ATT ATC TTT CTG CTG GTA GCT GTG TTC CTG CTG ACC CAG ACA CCC TTC ACC CTT GTG AAG CTC ATC CTC AGC ACA AGC TGG GAG TAC CAG GCC ATG ATC AGC TTT CAG TAT GCC ATC ATA GTG ACT GAG GTC ATT GCC TTC CTG CGG GCC TGC CTC AAT CCT GTG CTC TAT GCC TTT GTT GGC CTG AAG TTT CGA AAG AAC TTC TGG AAA CTT GTG AAA GAC ATT GGC TGC CTC CCT TAC CTG GGG GTC TCA AGC CAA TGG AAG TCT --- GAG AAC ACT TCT AAG AGT TGT TCT GCC TCC CAC AAC ATG GAG GCC ACC AGC ATG TTC CAG CTG 
Equus_quagga                    ATG GAT GAC TAT GAG TAC GTA GTT CCT GGG TTC TTG AAC ACT TCC AAT GAC AGC AGC CAG GAG CAT GAA CGC TTC CTG CAG TTC AAG AAG TTC TTT CTG CCC TGC ATG TAC CTG GTG GTG TTC ATC TGT GGC CTG ATG GGG AAC TCC CTG GTG CTG GTC ATA TAC ATC TTC TAC CAG AAG CTG AAG AGC CTG ACG GAC GTG TTC CTG ATG AAC CTG CCC TTG GCT GAC CTG GTG TTT GTC TGC ACG CTC CCC TTC TGG GCC TAT GCA AGC TTC CAT GAG TGG GTC TTT GGC AAT ATC ATG TGC AAA ACC CTG CTG GGC ATT TAC ACT TTG AAC TTC TAC ACC TCC ATG CTC ATC CTC ACC TGC ATC ACT GTG GAC CGC TTC ATT GCA GTG GGT CAG GCC ACC AAG GCC TAC AAC CAG CAG GCC AAG CGG AGG ACC TGG GGC AAG GTC ATC TGC TTG TCC ATC TGG GTG ACC TCC CTG CTG GTT TCC CTG CCG CAG ATA ATC TAT GGC AAT GTC CTT TAT TAT GAC AAG CTC ATC TGT GGT TAT CAG AAC GAG GAG ATT TCC ACT GTG ATT CTT GCC ACC CAG ATG ACA CTG GGG TTC TTT CTG CCG CTG CTT GCC ATG ATT GTC TGC TAC TCA GTC ATA ATC AAG ACC TTG CTT CAT GCC CGA GGC TTC CAG AAG CAC AAG TCT CTA AAG ATT ATC TTT CTG CTG GTA GCT GTG TTC CTG CTG ACC CAG ACA CCC TTC ACC CTT GTG AAG CTC ATC CTC AGC ACA AGC TGG GAG TAC CAG GCC ATG ATC AGC TTT CAG TAT GCC ATC ATA GTG ACT GAG GTC ATT GCC TTC CTG CGG GCC TGC CTC AAT CCT GTG CTC TAT GCC TTT GTT GGC CTG AAG TTT CGA AAG AAC TTC TGG AAA CTT GTG AAA GAC ATT GGC TGC CTC CCG TAC CTG GGG GTC TCA AGC CAA TGG AAG TCT --- GAG AAC ACT TCT AAG AGT TGT TCT GCC TCC CAC AAC ATG GAG GCC ACC AGC ATG TTC CAG CTG 
Equus_przewalskii               ATG GAT GAC TAT GAG TAC GTA GTT CCT GGG TTC TTG AAC ACT TCC AAT GAC AGC AGC CAG GAG CAT GAA CGC TTC CTG AAG TTC AAG AAG TTC TTT CTG CCC TGC ATG TAC CTG GTG GTG TTC ATC TGT GGC CTG ATG GGG AAC TCC CTG GTG CTG GTC ATA TAC ATC TTC TAC CAG AAG CTG AAG AGC CTG ACG GAC GTG TTC CTG ATG AAC CTG CCC TTG GCT GAC CTG GTG TTT GTC TGC ACG CTC CCC TTC TGG GCC TAT GCA AGC TTC CAT GAG TGG GTC TTT GGC AAT ATC ATG TGC AAA ACC CTG CTG GGC ATT TAC ACT TTG AAC TTC TAC ACC TCC ATG CTC ATC CTC ACC TGC ATC ACT GTG GAC CGC TTC ATT GCA GTG GGT CAG GCC ACC AAG GCC TAC AAC CAG CAG GCC AAG CGG AGG ACC TGG GGC AAG GTC ATC TGC TTG TCC ATC TGG GTG ACC TCC CTG CTG GTT TCC CTG CCG CAG ATA ATC TAT GGC AAT GTC CTT TAT TAT GAC AAG CTC ATC TGT GGT TAT CAG AAC GAG GAG ATT TCC ACT GTG ATT CTT GCC ACC CAG ATG ACA CTG GGG TTC TTT CTG CCG CTG CTT GCC ATG ATT GTC TGC TAC TCA GTC ATA ATC AAG ACC TTG CTT CAT GCC CGA GGC TTC CAG AAG CAC AAG TCT CTA AAG ATT ATC TTT CTG CTG GTA GCT GTG TTC CTG CTG ACC CAG ACA CCC TTC ACC CTT GTG AAG CTC ATC CTC AGC ACA AGC TGG GAG TAC CAG GCC ATG ATC AGC TTT CAG TAT GCC ATC ATA GTG ACT GAG GTC ATT GCC TTC CTG CGG GCC TGC CTC AAT CCT GTG CTC TAT GCC TTT GTT GGC CTG AAG TTT CGA AAG AAC TTC TGG AAA CTT GTG AAA GAC ATT GGC TGC CTC CCT TAC CTG GGG GTC TCA AGC CAA TGG AAG TCT --- GAG AAC ACT TCT AAG AGT TGT TCT GCC TCC CAC AAC ATG GAG GCC ACC AGC ATG TTC CAG CTG 
Dicerorhinus_sumatrensis        ATG GAT GAG TAT GAG TAT GTA GAT ACT GGG CTC TTC AAC AAT TCC AAT GAT AGC AGC CAG GGG CAT GAA CAC TTT CTG CAG TTC AGT AAG TTT TTT CTG CCC TGC ATG TAC CTG GTG GTG TTC ATC TGT GGC CTG TTG GGG AAC TCC CTG GTG CTG GTC ATA TAC ATC TTC TAC CAG AAG CTG AAG AGC CTG ACG GAC GTG TTC CTG ATG AAC CTG CCC TTG GCT GAC CTG GTG TTT GTC TGC ACG CTG CCC TTT TGG GCC TAC GCA GGC ATC CAT GAG TGG GTC TTT GGC AAT ATC ATG TGC AAA ATC CTG CTG GGC ATC TAC ACT TTG AAC TTC TAC ACG TCC ATG CTC ATC CTT ACC TGC ATC ACT GTG GAC CGC TTC ATT GCA GTG GTT CGG GCC ACC AAA GCC TAC AAC CAG CAG GCC AAG CGG ATG ACC TGG GGC AAG GTC ATC TGC TTG TCC ATC TGG GTG ACC TCC CTG CTG GTT TCC CTG CCG CAG ATC ATC TAT GGC AAT GTC CTT TAT CTC GAC AAG CTC ATC TGT GGT TAT CAC AAT GAG GAG ATT TCC ACT GTG GTT CTT GCC ACC CAG ATG ACA CTG GGG TTC TTT CTG CCA CTG CTT GCC ATG ATT GTC TGC TAC TCA GTC ATA ATC AAG ACC CTG CTT AAT GCC CGA GGC TTC CAG AAG CAC AAG TCT CTA AAG ATC ATC TTC CTG GTG GTG GCT GTG TTC CTG CTG ACC CAG ACG CCC TTC AAC CTT GTG AAG CTC ATC CGC AGC ATA AGC TGG GAG TAC TAC ACC AGG ACC AGC TTT CAC TAT GCC ATC ATA GTG ACC GAG GCC ATT GCC TAT CTG CGG GCC TGC CTT AAC CCC GTG CTC TAT GCC TTT GTT GGC CTG AAG TTT CGA AAG AAC TTC TGG AAG CTT GTG AAA GAC ATT GGC TGC CTC CCT TAC CTG GGG GTC TTA AGC CAA TGG AAG TCT TCT GAG GAC ACT TCC AAG ACT TGT TCT GCC TCC CAC AAC GTG GAG GCC ACC AGC ATG TTC CAG CTG 
Rhinoceros_unicornis            ATG GAT GAG TAT GAG TAT GTA GAT ACC GGG CTC TTC AAC AAT TCC AAT GAT AGC AGC CAG GGG CAT GAA CGC TTG CTG CAG TTC AGT AAG TTT TTT CTG CCC TGC ATG TAC CTG GTG GTG TTC ATC TGT GGC CTG TTG GGG AAC TCC CTG GTG CTG GTC ATA TAC GTC TTC TAC CAG AAG CTG AAG AGC CTG ACG GAC GTG TTC CTG ATG AAC CTG CCC TTG GCT GAC CTG GTG TTT GTC TGC ACG CTG CCC TTT TGG GCC TAC GCA GGC ATC CAT GAG TGG GTC TTC GGC AAC ATC ATG TGC AAA ACC TTG CTG GGC ATC TAC ACT TTG AAC TTC TAC ACG TCC ATG CTC ATC CTT ACC TGC ATC ACT GTG GAC CGC TTC ATT GCA GTG GTT CGG GCC ACC AAG GCC TAC AAC CAG CAG GCC AAG CGG ATG ACC TGG GGC AAA GTC ATC TGC TTG TCC ATC TGG GTG ACC TCC CTG CTG GTT TCC CTG CCG CAG ATC ATC TAT GGC AAT GTC CTT TAT CTC GAC AAG CTC ATC TGT GGT TAT CAC AAT GAG GAG ATT TCC ACT GTG GTT CTT GCC ACC CAG ATG ACA CTG GGG TTC TTT CTG CCA CTG CTT GCC ATG ATT GTC TGC TAC TCA GTC ATA ATC AAG ACC CTG CTT AAT GCC CGA GGC TTC CAG AAG CAC AAG TCT CTA AAG ATC ATC TTC CTG GTG GTG GCT GTG TTC CTG CTG ACC CAG ACG CCC TTC AAC CTT GTG AAG CTC ATC CGC AGC ATA AGC TGG GAG TAC TAC ACC AGG ACC AGC TTT CAC TAT GCC ATC ATA GTG ACC GAG GCC ATT GCC TAT CTG CGG GCC TGC CTT AAC CCC GTG CTC TAT GCC TTT GTT GGC CTG AAG TTT CGA AAG AAC TTC TGG AAG CTT GTG AAA GAC ATT GGC TGC CTC CCT TAC CTG GGG GTC TCA AGC CAG TGG AAG TCT TCT GAG GAC ACT TCC AAG ACT TGT TCT GCC TCC CAC AAT GTG GAG GCC ACC AGT ATG TTC CAG CTG 
Ceratotherium_simum             ATG GAT GAG TAT GAG TAT GTA GAT ACC AGG CTC TTC AAC AAT TCC AAT GAT AGC AGC CAG GGG CAT GAA GAC TTC CTG CAG TTC AGT AAG TTT TTT CTG CCC TGC ATG TAC CTG GTG GTG TTC ATC TGT GGC CTG TTG GGG AAC TCC CTG GTG CTG GTC ATA TAC ATC TTC TAC CAG AAG CTG AAG AGC CTG ACG GAC GTG TTC CTG ATG AAC CTG CCC TTG GCT GAC CTG GTG TTT GTC TGC ACG CTG CCC TTT TGG GCC TAC GCA GGC ATC CAT GAG TGG GTC TTC GGC AAT ATC ATG TGC AAA ACC CTG CTG GGC ATC TAC ACT TTG AAC TTC TAC ACG TCC ATG CTC ATC CTT ACC TGC ATC ACT GTG GAC CGC TTC ATT GCA GTG GTT CGG GCC ACC AAG GCC TAC AAC CAG CAG GCC AAG CGG ATG ACC TGG GGC AAG GTC ATC TGC TTG TCC ATC TGG GTG ACC TCC CTG CTG GTT TCC CTG CCG CAG ATC ATC TAT GGC AAT GTC CTT TAT CTC GAC AAG CTC ATC TGT GGT TAT CAC AAT GAG GAG ATT TCC ACT GTG GTT CTT GCT ACC CAG ATG ACA CTG GGG TTC TTT CTG CCA CTG CTT GCC ATG ATT GTC TGC TAC TCA GTC ATA ATC AAG ACC CTG CTT AAT GCC CGA GGC TTC CAG AAG CAC AAG TCT CTA AAG ATC ATC TTC CTG GTG GTG GCT GTG TTC CTG CTG ACC CAG ACG CCC TTC AAC CTT GTG AAG CTC ATC CGC AGC ATA AGC TGG GAG TAC TAC ACC AAG ACC AGC TTT CAC TAT GCC ATC ATA GTG ACT GAG GCC ATC GCC TAT CTG CGG GCC TGC CTT AAC CCC GTG CTC TAT GCC TTT GTT GGC CTG AAG TTT CGA AAG AAC TTC TGG AAG CTT GTG AAT GAC ATT GGC TGC CTC CCT TAC CTG GGG GTC TCA AGC CAA TGG AAG TCT TCT GAG GAC ACT TCC AAG ACT TGT TCT GCC TCC CAC AAC GTG GAG GCC ACC AGC ATG TTC CAG CTG 
Diceros_bicornis                ATG GAT GAG TAT GAG TAT GTA GAT ACC AGG CTC TTC AAC AAT TCC AAT GAT AGC AGC CAG GGG CAT GAA GAC TTC CTG CAG TTC AGT AAG TTT TTT CTG CCC TGC ATG TAC CTG GTG GTG TTC ATC TGT GGC CTG TTG GGG AAC TCC CTG GTG CTG GTC ATA TAC ATC TTC TAC CAG AAG CTG AAG AGC CTG ACG GAC GTG TTC CTG ATG AAC CTG CCC TTG GCT GAC CTG GTG TTT GTC TGC ACG CTG CCC TTT TGG GCC TAC GCA GGC ATC CAT GAG TGG GTC TTC GGC AAT ATC ATG TGC AAA ACC CTG CTG GGC ATC TAC ACT TTG AAC TTC TAC ACG TCC ATG CTC ATC CTT ACC TGC ATC ACT GTG GAC CGC TTC ATT GCA GTG GTT CGG GCC ACC AAG GCC TAC AAC CAG CAG GCC AAG CGG ATG ACC TGG GGC AAG GTC ATC TGC TTG TCC ATC TGG GTG ACC TCC CTG CTG GTT TCC CTG CCG CAG ATC ATC TAT GGC AAT GTC CTT TAT TTC GAC AAG CTC ATC TGT GGT TAT CAC AAT GAG GAG ATT TCC ACT GTG GTT CTT GCC ACC CAG ATG ACA CTG GGG TTC TTT CTG CCA CTG CTT GCC ATG ATT GTC TGC TAC TCA GTC ATA ATC AAG ACC CTG CTT AAT GCC CGA GGC TTC CAG AAG CAC AAG TCT CTA AAG ATC ATC TTC CTG GTG GTG GCT GTG TTC CTG CTG ACC CAG ACG CCC TTC AAC CTT GTG AAG CTC ATC CGC AGC ATA AGC TGG GAG TAC TAC ACC AAG ACC AGC TTT CAC TAT GCC ATC ATA GTG ACT GAG GCC ATC GCC TAT CTG CGG GCC TGC CTT AAC CCC GTG CTC TAT GCC TTT GTT GGC CTG AAG TTT CGA AAG AAC TTC TGG AAG CTT GTG AAT GAC ATT GGC TGC CTC CCT TAC CTG GGG GTC TCA AGC CAA TGG AAG TCT TCT GAG GAC ACT TCC AAG ACT TGT TCT GCC TCC CAC AAC GTG GAG GCC ACC AGC ATG TTC CAG CTG 
Tapirus_indicus                 ATG GCT GAG TAT GAG TAC ATA GAT CCT GGG CTC TTC AAC ACA TCC AAT GAC AGC AGC CAG GGG CAT GAA CAC TTC CTG CAG TTC AGT AAG TTC TTT CTG CCC TGC ATG TAC CTG GTG GTG TTC TTC TGT GGC CTG GTG GGC AAC TCC CTG GTG CTG GTC ATA TAC ATC TTC TAC CAG AAG CTG AAA AGC CTG ACG GAT GTG TTC CTG ATG AAC TTG CCC TTG GCT GAC CTG GTG TTT GTC TGC ACG CTG CCC TTC TGG GCC TAC GCA GGC ATC CAC GAG TGG GTG TTC GGC AAT ATC ATG TGC AAA ACC CTG CTG GGC ATC TAC ACT TTG AAC TTC TAC ACA TCC ATG CTC ATC CTC ACC TGC ATC ACT GTG GAC CGC TTC ACT GCA GTG GTT CGG GCC ACC AAG GCC TAT AAC CAG CAG GCC AAG CGG ATG ACC TGG GGC AAG GTC ATC TGC TTG TCC ATC TGG GTG ACC TCC CTG CTG GTT TCC CTG CCG CAG ATC ATC TAT GGC AAT GTC CTG TAT CTC GAT AAG CTC ATC TGT GGT TAT CAC AAT GAA GAG ATT TCC ACT GTG GTT CTT GCC ACT CAG ATG ACA CTG GGG TTC TTT CTG CCA CTG CTC GCC ATG ATT GTC TGC TAT TCA GTC ATA ATC AAG ACC CTG GTT CGT GCC CGA GGG TTC CAG AAG CAC AAG TCT CTA AAG ATC ATC TTT CTG GTA GTG GCT GTG TTC CTA CTG ACC CAG ATG CCC TTC AAC CTT GTG AAG CTC ATT CGC AGC ACA AGT TGG GAG TAC TAT ACC ATG ACC AGC TTT CAC TAT GCC ATC ATA GTG ACC GAG GCC ATC GCC TAC TTG CGG GCC TGC CTT AAT CCT GTG CTC TAT GCC TTT GTT GGC CTA AAG TTT CGA AAG AAC TTC TGG AAA CTT GTG AAA GAC ATT GGC TGC CTC CCT TAC CTG GGG GTC TCA AGC CAA TGG AAG TCT TCT GAG GAC ACT TCC AAG AGT TGT TCT GCC TCC CAC AAC GTG GAG GCC ACC AGC ATG TTC CAG CTG 



After deleting gaps. 1020 sites
      9   1020

Equus_asinus                    ATG GAT GAC TAT GAG TAC GTA GTT CCT GGG TTC TTG AAC ACT TCC AAT GAC AGC AGC CAG GAG CAT GAA CGC TTC CTG CAG TTC AAG AAG TTC TTT CTG CCC TGC ATG TAC CTG GTG GTG TTC ATC TGT GGC CTG ATG GGG AAC TCC CTG GTG CTG GTC ATA TAC ATC TTC TAC CAG AAG CTG AAG AGC CTG ACG GAC GTG TTC CTG ATG AAC CTG CCC TTG GCT GAC CTG GTG TTT GTC TGC ACG CTC CCC TTC TGG GCC TAT GCA AGC TTC CAT GAG TGG GTC TTT GGC AAT ATC ATG TGC AAA ACC CTG CTG GGC ATT TAC ACT TTG AAC TTC TAC ACC TCC ATG CTC ATC CTC ACC TGC ATC ACT GTG GAC CGC TTC ATT GCA GTG GGT CAG GCC ACC AAG GCC TAC AAC CAG CAG GCC AAG CGG AGG ACC TGG GGC AAG GTC ATC TGC TTG TCC ATC TGG GTG ACC TCC CTG CTG GTT TCC CTG CCG CAG ATA ATC TAT GGC AAT GTC CTT TAT TAT GAC AAG CTC ATC TGT GGT TAT CAG AAC GAG GAG ATT TCC ACT GTG ATT CTT GCC ACC CAG ATG ACA CTG GGG TTC TTT CTG CCG CTG CTT GCC ATG ATT GTC TGC TAC TCA GTC ATA ATC AAG ACC TTG CTT CAT GCC CGA GGC TTC CAG AAG CAC AAG TCT CTA AAG ATT ATC TTT CTG CTG GTA GCT GTG TTC CTG CTG ACC CAG ACG CCC TTC ACC CTT GTG AAG CTC ATC CTC AGC ACA AGC TGG GAG TAC CAG GCC ATG ATC AGC TTT CAG TAT GCC ATC ATA GTG ACT GAG GTC ATT GCC TTC CTG CGG GCC TGC CTC AAT CCT GTG CTC TAT GCC TTT GTT GGC CTG AAG TTT CGA AAG AAC TTC TGG AAA CTT GTG AAA GAC ATT GGC TGC CTC CCT TAC CTG GGG GTC TCA AGC CAA TGG AAG TCT GAG AAC ACT TCT AAG AGT TGT TCT GCC TCC CAC AAC ATG GAG GCC ACC AGC ATG TTC CAG CTG 
Equus_caballus                  ATG GAT GAC TAT GAG TAC GTA GTT CCT GGG TTC TTG AAC ACT TCC AAT GAC AGC AGC CAG GAG CAT GAA CGC TTC CTG CAG TTC AAG AAG TTC TTT CTG CCC TGC ATG TAC CTG GTG GTG TTC ATC TGT GGC CTG ATG GGG AAC TCC CTG GTG CTG GTC ATA TAC ATC TTC TAC CAG AAG CTG AAG AGC CTG ACG GAC GTG TTC CTG ATG AAC CTG CCC TTG GCT GAC CTG GTG TTT GTC TGC ACG CTC CCC TTC TGG GCC TAT GCA AGC TTC CAT GAG TGG GTC TTT GGC AAT ATC ATG TGC AAA ACC CTG CTG GGC ATT TAC ACT TTG AAC TTC TAC ACC TCC ATG CTC ATC CTC ACC TGC ATC ACT GTG GAC CGC TTC ATT GCA GTG GGT CAG GCC ACC AAG GCC TAC AAC CAG CAG GCC AAG CGG AGG ACC TGG GGC AAG GTC ATC TGC TTG TCC ATC TGG GTG ACC TCC CTG CTG GTT TCC CTG CCG CAG ATA ATC TAT GGC AAT GTC CTT TAT TAT GAC AAG CTC ATC TGT GGT TAT CAG AAC GAG GAG ATT TCC ACT GTG ATT CTT GCC ACC CAG ATG ACA CTG GGG TTC TTT CTG CCG CTG CTT GCC ATG ATT GTC TGC TAC TCA GTC ATA ATC AAG ACC TTG CTT CAT GCC CGA GGC TTC CAG AAG CAC AAG TCT CTA AAG ATT ATC TTT CTG CTG GTA GCT GTG TTC CTG CTG ACC CAG ACA CCC TTC ACC CTT GTG AAG CTC ATC CTC AGC ACA AGC TGG GAG TAC CAG GCC ATG ATC AGC TTT CAG TAT GCC ATC ATA GTG ACT GAG GTC ATT GCC TTC CTG CGG GCC TGC CTC AAT CCT GTG CTC TAT GCC TTT GTT GGC CTG AAG TTT CGA AAG AAC TTC TGG AAA CTT GTG AAA GAC ATT GGC TGC CTC CCT TAC CTG GGG GTC TCA AGC CAA TGG AAG TCT GAG AAC ACT TCT AAG AGT TGT TCT GCC TCC CAC AAC ATG GAG GCC ACC AGC ATG TTC CAG CTG 
Equus_quagga                    ATG GAT GAC TAT GAG TAC GTA GTT CCT GGG TTC TTG AAC ACT TCC AAT GAC AGC AGC CAG GAG CAT GAA CGC TTC CTG CAG TTC AAG AAG TTC TTT CTG CCC TGC ATG TAC CTG GTG GTG TTC ATC TGT GGC CTG ATG GGG AAC TCC CTG GTG CTG GTC ATA TAC ATC TTC TAC CAG AAG CTG AAG AGC CTG ACG GAC GTG TTC CTG ATG AAC CTG CCC TTG GCT GAC CTG GTG TTT GTC TGC ACG CTC CCC TTC TGG GCC TAT GCA AGC TTC CAT GAG TGG GTC TTT GGC AAT ATC ATG TGC AAA ACC CTG CTG GGC ATT TAC ACT TTG AAC TTC TAC ACC TCC ATG CTC ATC CTC ACC TGC ATC ACT GTG GAC CGC TTC ATT GCA GTG GGT CAG GCC ACC AAG GCC TAC AAC CAG CAG GCC AAG CGG AGG ACC TGG GGC AAG GTC ATC TGC TTG TCC ATC TGG GTG ACC TCC CTG CTG GTT TCC CTG CCG CAG ATA ATC TAT GGC AAT GTC CTT TAT TAT GAC AAG CTC ATC TGT GGT TAT CAG AAC GAG GAG ATT TCC ACT GTG ATT CTT GCC ACC CAG ATG ACA CTG GGG TTC TTT CTG CCG CTG CTT GCC ATG ATT GTC TGC TAC TCA GTC ATA ATC AAG ACC TTG CTT CAT GCC CGA GGC TTC CAG AAG CAC AAG TCT CTA AAG ATT ATC TTT CTG CTG GTA GCT GTG TTC CTG CTG ACC CAG ACA CCC TTC ACC CTT GTG AAG CTC ATC CTC AGC ACA AGC TGG GAG TAC CAG GCC ATG ATC AGC TTT CAG TAT GCC ATC ATA GTG ACT GAG GTC ATT GCC TTC CTG CGG GCC TGC CTC AAT CCT GTG CTC TAT GCC TTT GTT GGC CTG AAG TTT CGA AAG AAC TTC TGG AAA CTT GTG AAA GAC ATT GGC TGC CTC CCG TAC CTG GGG GTC TCA AGC CAA TGG AAG TCT GAG AAC ACT TCT AAG AGT TGT TCT GCC TCC CAC AAC ATG GAG GCC ACC AGC ATG TTC CAG CTG 
Equus_przewalskii               ATG GAT GAC TAT GAG TAC GTA GTT CCT GGG TTC TTG AAC ACT TCC AAT GAC AGC AGC CAG GAG CAT GAA CGC TTC CTG AAG TTC AAG AAG TTC TTT CTG CCC TGC ATG TAC CTG GTG GTG TTC ATC TGT GGC CTG ATG GGG AAC TCC CTG GTG CTG GTC ATA TAC ATC TTC TAC CAG AAG CTG AAG AGC CTG ACG GAC GTG TTC CTG ATG AAC CTG CCC TTG GCT GAC CTG GTG TTT GTC TGC ACG CTC CCC TTC TGG GCC TAT GCA AGC TTC CAT GAG TGG GTC TTT GGC AAT ATC ATG TGC AAA ACC CTG CTG GGC ATT TAC ACT TTG AAC TTC TAC ACC TCC ATG CTC ATC CTC ACC TGC ATC ACT GTG GAC CGC TTC ATT GCA GTG GGT CAG GCC ACC AAG GCC TAC AAC CAG CAG GCC AAG CGG AGG ACC TGG GGC AAG GTC ATC TGC TTG TCC ATC TGG GTG ACC TCC CTG CTG GTT TCC CTG CCG CAG ATA ATC TAT GGC AAT GTC CTT TAT TAT GAC AAG CTC ATC TGT GGT TAT CAG AAC GAG GAG ATT TCC ACT GTG ATT CTT GCC ACC CAG ATG ACA CTG GGG TTC TTT CTG CCG CTG CTT GCC ATG ATT GTC TGC TAC TCA GTC ATA ATC AAG ACC TTG CTT CAT GCC CGA GGC TTC CAG AAG CAC AAG TCT CTA AAG ATT ATC TTT CTG CTG GTA GCT GTG TTC CTG CTG ACC CAG ACA CCC TTC ACC CTT GTG AAG CTC ATC CTC AGC ACA AGC TGG GAG TAC CAG GCC ATG ATC AGC TTT CAG TAT GCC ATC ATA GTG ACT GAG GTC ATT GCC TTC CTG CGG GCC TGC CTC AAT CCT GTG CTC TAT GCC TTT GTT GGC CTG AAG TTT CGA AAG AAC TTC TGG AAA CTT GTG AAA GAC ATT GGC TGC CTC CCT TAC CTG GGG GTC TCA AGC CAA TGG AAG TCT GAG AAC ACT TCT AAG AGT TGT TCT GCC TCC CAC AAC ATG GAG GCC ACC AGC ATG TTC CAG CTG 
Dicerorhinus_sumatrensis        ATG GAT GAG TAT GAG TAT GTA GAT ACT GGG CTC TTC AAC AAT TCC AAT GAT AGC AGC CAG GGG CAT GAA CAC TTT CTG CAG TTC AGT AAG TTT TTT CTG CCC TGC ATG TAC CTG GTG GTG TTC ATC TGT GGC CTG TTG GGG AAC TCC CTG GTG CTG GTC ATA TAC ATC TTC TAC CAG AAG CTG AAG AGC CTG ACG GAC GTG TTC CTG ATG AAC CTG CCC TTG GCT GAC CTG GTG TTT GTC TGC ACG CTG CCC TTT TGG GCC TAC GCA GGC ATC CAT GAG TGG GTC TTT GGC AAT ATC ATG TGC AAA ATC CTG CTG GGC ATC TAC ACT TTG AAC TTC TAC ACG TCC ATG CTC ATC CTT ACC TGC ATC ACT GTG GAC CGC TTC ATT GCA GTG GTT CGG GCC ACC AAA GCC TAC AAC CAG CAG GCC AAG CGG ATG ACC TGG GGC AAG GTC ATC TGC TTG TCC ATC TGG GTG ACC TCC CTG CTG GTT TCC CTG CCG CAG ATC ATC TAT GGC AAT GTC CTT TAT CTC GAC AAG CTC ATC TGT GGT TAT CAC AAT GAG GAG ATT TCC ACT GTG GTT CTT GCC ACC CAG ATG ACA CTG GGG TTC TTT CTG CCA CTG CTT GCC ATG ATT GTC TGC TAC TCA GTC ATA ATC AAG ACC CTG CTT AAT GCC CGA GGC TTC CAG AAG CAC AAG TCT CTA AAG ATC ATC TTC CTG GTG GTG GCT GTG TTC CTG CTG ACC CAG ACG CCC TTC AAC CTT GTG AAG CTC ATC CGC AGC ATA AGC TGG GAG TAC TAC ACC AGG ACC AGC TTT CAC TAT GCC ATC ATA GTG ACC GAG GCC ATT GCC TAT CTG CGG GCC TGC CTT AAC CCC GTG CTC TAT GCC TTT GTT GGC CTG AAG TTT CGA AAG AAC TTC TGG AAG CTT GTG AAA GAC ATT GGC TGC CTC CCT TAC CTG GGG GTC TTA AGC CAA TGG AAG TCT GAG GAC ACT TCC AAG ACT TGT TCT GCC TCC CAC AAC GTG GAG GCC ACC AGC ATG TTC CAG CTG 
Rhinoceros_unicornis            ATG GAT GAG TAT GAG TAT GTA GAT ACC GGG CTC TTC AAC AAT TCC AAT GAT AGC AGC CAG GGG CAT GAA CGC TTG CTG CAG TTC AGT AAG TTT TTT CTG CCC TGC ATG TAC CTG GTG GTG TTC ATC TGT GGC CTG TTG GGG AAC TCC CTG GTG CTG GTC ATA TAC GTC TTC TAC CAG AAG CTG AAG AGC CTG ACG GAC GTG TTC CTG ATG AAC CTG CCC TTG GCT GAC CTG GTG TTT GTC TGC ACG CTG CCC TTT TGG GCC TAC GCA GGC ATC CAT GAG TGG GTC TTC GGC AAC ATC ATG TGC AAA ACC TTG CTG GGC ATC TAC ACT TTG AAC TTC TAC ACG TCC ATG CTC ATC CTT ACC TGC ATC ACT GTG GAC CGC TTC ATT GCA GTG GTT CGG GCC ACC AAG GCC TAC AAC CAG CAG GCC AAG CGG ATG ACC TGG GGC AAA GTC ATC TGC TTG TCC ATC TGG GTG ACC TCC CTG CTG GTT TCC CTG CCG CAG ATC ATC TAT GGC AAT GTC CTT TAT CTC GAC AAG CTC ATC TGT GGT TAT CAC AAT GAG GAG ATT TCC ACT GTG GTT CTT GCC ACC CAG ATG ACA CTG GGG TTC TTT CTG CCA CTG CTT GCC ATG ATT GTC TGC TAC TCA GTC ATA ATC AAG ACC CTG CTT AAT GCC CGA GGC TTC CAG AAG CAC AAG TCT CTA AAG ATC ATC TTC CTG GTG GTG GCT GTG TTC CTG CTG ACC CAG ACG CCC TTC AAC CTT GTG AAG CTC ATC CGC AGC ATA AGC TGG GAG TAC TAC ACC AGG ACC AGC TTT CAC TAT GCC ATC ATA GTG ACC GAG GCC ATT GCC TAT CTG CGG GCC TGC CTT AAC CCC GTG CTC TAT GCC TTT GTT GGC CTG AAG TTT CGA AAG AAC TTC TGG AAG CTT GTG AAA GAC ATT GGC TGC CTC CCT TAC CTG GGG GTC TCA AGC CAG TGG AAG TCT GAG GAC ACT TCC AAG ACT TGT TCT GCC TCC CAC AAT GTG GAG GCC ACC AGT ATG TTC CAG CTG 
Ceratotherium_simum             ATG GAT GAG TAT GAG TAT GTA GAT ACC AGG CTC TTC AAC AAT TCC AAT GAT AGC AGC CAG GGG CAT GAA GAC TTC CTG CAG TTC AGT AAG TTT TTT CTG CCC TGC ATG TAC CTG GTG GTG TTC ATC TGT GGC CTG TTG GGG AAC TCC CTG GTG CTG GTC ATA TAC ATC TTC TAC CAG AAG CTG AAG AGC CTG ACG GAC GTG TTC CTG ATG AAC CTG CCC TTG GCT GAC CTG GTG TTT GTC TGC ACG CTG CCC TTT TGG GCC TAC GCA GGC ATC CAT GAG TGG GTC TTC GGC AAT ATC ATG TGC AAA ACC CTG CTG GGC ATC TAC ACT TTG AAC TTC TAC ACG TCC ATG CTC ATC CTT ACC TGC ATC ACT GTG GAC CGC TTC ATT GCA GTG GTT CGG GCC ACC AAG GCC TAC AAC CAG CAG GCC AAG CGG ATG ACC TGG GGC AAG GTC ATC TGC TTG TCC ATC TGG GTG ACC TCC CTG CTG GTT TCC CTG CCG CAG ATC ATC TAT GGC AAT GTC CTT TAT CTC GAC AAG CTC ATC TGT GGT TAT CAC AAT GAG GAG ATT TCC ACT GTG GTT CTT GCT ACC CAG ATG ACA CTG GGG TTC TTT CTG CCA CTG CTT GCC ATG ATT GTC TGC TAC TCA GTC ATA ATC AAG ACC CTG CTT AAT GCC CGA GGC TTC CAG AAG CAC AAG TCT CTA AAG ATC ATC TTC CTG GTG GTG GCT GTG TTC CTG CTG ACC CAG ACG CCC TTC AAC CTT GTG AAG CTC ATC CGC AGC ATA AGC TGG GAG TAC TAC ACC AAG ACC AGC TTT CAC TAT GCC ATC ATA GTG ACT GAG GCC ATC GCC TAT CTG CGG GCC TGC CTT AAC CCC GTG CTC TAT GCC TTT GTT GGC CTG AAG TTT CGA AAG AAC TTC TGG AAG CTT GTG AAT GAC ATT GGC TGC CTC CCT TAC CTG GGG GTC TCA AGC CAA TGG AAG TCT GAG GAC ACT TCC AAG ACT TGT TCT GCC TCC CAC AAC GTG GAG GCC ACC AGC ATG TTC CAG CTG 
Diceros_bicornis                ATG GAT GAG TAT GAG TAT GTA GAT ACC AGG CTC TTC AAC AAT TCC AAT GAT AGC AGC CAG GGG CAT GAA GAC TTC CTG CAG TTC AGT AAG TTT TTT CTG CCC TGC ATG TAC CTG GTG GTG TTC ATC TGT GGC CTG TTG GGG AAC TCC CTG GTG CTG GTC ATA TAC ATC TTC TAC CAG AAG CTG AAG AGC CTG ACG GAC GTG TTC CTG ATG AAC CTG CCC TTG GCT GAC CTG GTG TTT GTC TGC ACG CTG CCC TTT TGG GCC TAC GCA GGC ATC CAT GAG TGG GTC TTC GGC AAT ATC ATG TGC AAA ACC CTG CTG GGC ATC TAC ACT TTG AAC TTC TAC ACG TCC ATG CTC ATC CTT ACC TGC ATC ACT GTG GAC CGC TTC ATT GCA GTG GTT CGG GCC ACC AAG GCC TAC AAC CAG CAG GCC AAG CGG ATG ACC TGG GGC AAG GTC ATC TGC TTG TCC ATC TGG GTG ACC TCC CTG CTG GTT TCC CTG CCG CAG ATC ATC TAT GGC AAT GTC CTT TAT TTC GAC AAG CTC ATC TGT GGT TAT CAC AAT GAG GAG ATT TCC ACT GTG GTT CTT GCC ACC CAG ATG ACA CTG GGG TTC TTT CTG CCA CTG CTT GCC ATG ATT GTC TGC TAC TCA GTC ATA ATC AAG ACC CTG CTT AAT GCC CGA GGC TTC CAG AAG CAC AAG TCT CTA AAG ATC ATC TTC CTG GTG GTG GCT GTG TTC CTG CTG ACC CAG ACG CCC TTC AAC CTT GTG AAG CTC ATC CGC AGC ATA AGC TGG GAG TAC TAC ACC AAG ACC AGC TTT CAC TAT GCC ATC ATA GTG ACT GAG GCC ATC GCC TAT CTG CGG GCC TGC CTT AAC CCC GTG CTC TAT GCC TTT GTT GGC CTG AAG TTT CGA AAG AAC TTC TGG AAG CTT GTG AAT GAC ATT GGC TGC CTC CCT TAC CTG GGG GTC TCA AGC CAA TGG AAG TCT GAG GAC ACT TCC AAG ACT TGT TCT GCC TCC CAC AAC GTG GAG GCC ACC AGC ATG TTC CAG CTG 
Tapirus_indicus                 ATG GCT GAG TAT GAG TAC ATA GAT CCT GGG CTC TTC AAC ACA TCC AAT GAC AGC AGC CAG GGG CAT GAA CAC TTC CTG CAG TTC AGT AAG TTC TTT CTG CCC TGC ATG TAC CTG GTG GTG TTC TTC TGT GGC CTG GTG GGC AAC TCC CTG GTG CTG GTC ATA TAC ATC TTC TAC CAG AAG CTG AAA AGC CTG ACG GAT GTG TTC CTG ATG AAC TTG CCC TTG GCT GAC CTG GTG TTT GTC TGC ACG CTG CCC TTC TGG GCC TAC GCA GGC ATC CAC GAG TGG GTG TTC GGC AAT ATC ATG TGC AAA ACC CTG CTG GGC ATC TAC ACT TTG AAC TTC TAC ACA TCC ATG CTC ATC CTC ACC TGC ATC ACT GTG GAC CGC TTC ACT GCA GTG GTT CGG GCC ACC AAG GCC TAT AAC CAG CAG GCC AAG CGG ATG ACC TGG GGC AAG GTC ATC TGC TTG TCC ATC TGG GTG ACC TCC CTG CTG GTT TCC CTG CCG CAG ATC ATC TAT GGC AAT GTC CTG TAT CTC GAT AAG CTC ATC TGT GGT TAT CAC AAT GAA GAG ATT TCC ACT GTG GTT CTT GCC ACT CAG ATG ACA CTG GGG TTC TTT CTG CCA CTG CTC GCC ATG ATT GTC TGC TAT TCA GTC ATA ATC AAG ACC CTG GTT CGT GCC CGA GGG TTC CAG AAG CAC AAG TCT CTA AAG ATC ATC TTT CTG GTA GTG GCT GTG TTC CTA CTG ACC CAG ATG CCC TTC AAC CTT GTG AAG CTC ATT CGC AGC ACA AGT TGG GAG TAC TAT ACC ATG ACC AGC TTT CAC TAT GCC ATC ATA GTG ACC GAG GCC ATC GCC TAC TTG CGG GCC TGC CTT AAT CCT GTG CTC TAT GCC TTT GTT GGC CTA AAG TTT CGA AAG AAC TTC TGG AAA CTT GTG AAA GAC ATT GGC TGC CTC CCT TAC CTG GGG GTC TCA AGC CAA TGG AAG TCT GAG GAC ACT TCC AAG AGT TGT TCT GCC TCC CAC AAC GTG GAG GCC ACC AGC ATG TTC CAG CTG 



Printing out site pattern counts


         9        417  P

Equus_asinus                    AAA AAA AAA AAC AAC AAC AAC AAG AAG AAG AAG AAG AAT AAT AAT ACA ACA ACC ACC ACC ACC ACC ACG ACG ACT ACT ACT AGC AGC AGC AGC AGG AGT ATA ATA ATC ATC ATC ATC ATC ATG ATG ATG ATG ATT ATT ATT ATT ATT CAA CAC CAG CAG CAG CAG CAG CAT CAT CAT CCC CCG CCG CCT CCT CCT CGA CGC CGC CGG CTA CTC CTC CTC CTC CTC CTG CTG CTG CTG CTG CTT CTT CTT CTT GAA GAC GAC GAC GAC GAG GAG GAG GAT GCA GCC GCC GCC GCT GGC GGC GGG GGG GGG GGT GGT GTA GTA GTC GTC GTC GTG GTT GTT TAC TAC TAC TAT TAT TAT TCA TCA TCC TCT TCT TGC TGG TGT TTC TTC TTC TTC TTC TTC TTG TTG TTG TTT TTT TTT 
Equus_caballus                  ... ... ... ... ... ... ... ... ... ... ... ... ... ... ... ... ... ... ... ... ... ... ..A ... ... ... ... ... ... ... ... ... ... ... ... ... ... ... ... ... ... ... ... ... ... ... ... ... ... ... ... ... ... ... ... ... ... ... ... ... ... ... ... ... ... ... ... ... ... ... ... ... ... ... ... ... ... ... ... ... ... ... ... ... ... ... ... ... ... ... ... ... ... ... ... ... ... ... ... ... ... ... ... ... ... ... ... ... ... ... ... ... ... ... ... ... ... ... ... ... ... ... ... ... ... ... ... ... ... ... ... ... ... ... ... ... ... ... ... 
Equus_quagga                    ... ... ... ... ... ... ... ... ... ... ... ... ... ... ... ... ... ... ... ... ... ... ..A ... ... ... ... ... ... ... ... ... ... ... ... ... ... ... ... ... ... ... ... ... ... ... ... ... ... ... ... ... ... ... ... ... ... ... ... ... ... ... ..G ... ... ... ... ... ... ... ... ... ... ... ... ... ... ... ... ... ... ... ... ... ... ... ... ... ... ... ... ... ... ... ... ... ... ... ... ... ... ... ... ... ... ... ... ... ... ... ... ... ... ... ... ... ... ... ... ... ... ... ... ... ... ... ... ... ... ... ... ... ... ... ... ... ... ... ... 
Equus_przewalskii               ... ... ... ... ... ... ... ... ... ... ... ... ... ... ... ... ... ... ... ... ... ... ..A ... ... ... ... ... ... ... ... ... ... ... ... ... ... ... ... ... ... ... ... ... ... ... ... ... ... ... ... A.. ... ... ... ... ... ... ... ... ... ... ... ... ... ... ... ... ... ... ... ... ... ... ... ... ... ... ... ... ... ... ... ... ... ... ... ... ... ... ... ... ... ... ... ... ... ... ... ... ... ... ... ... ... ... ... ... ... ... ... ... ... ... ... ... ... ... ... ... ... ... ... ... ... ... ... ... ... ... ... ... ... ... ... ... ... ... ... 
Dicerorhinus_sumatrensis        ... ... ..G ... ... ..T G.. ..A ... ... ... .GT ..C ... ... ... .T. .A. ... ... ..G .T. ... ... .A. ..C ... ... ... ... G.. .T. .C. ... ..C .C. ... ... ... ... .G. ... G.. T.. ..C ... ... ... G.. ... ... ... ..C ... .G. T.C A.. ... ... ... ..A ... ... A.. ..C ... .A. ... ... ... .G. ... ..G ..T ..T ... ... ... ... G.. ... ... ... ... ... ... ... ..G ..T ... ... .G. ... ... A.. ... ... ... ... ... ... ... ... ... .T. ... ..G .C. ... ... ... .A. ... ... ... ..T CTC ..C ... ... .T. ... ..C ... ... ... ... A.. C.. .AT ... ..T ..T C.. ..C ... ..C ... ... 
Rhinoceros_unicornis            ... ... ..G ... ..T ..T G.. ... ..A ... ... .GT ..C ..C ... ... .T. .A. ... ... ..G ... ... ... .A. ..C ... ... ... ..T G.. .T. .C. ... ..C .C. ... ... ... G.. .G. ... G.. T.. ..C ... ... ... G.. ..G ... ... ..C ... .G. T.C A.. ... ... ... ..A ... ... A.C ..C ... ... ... ... ... .G. ... ..G ..T ..T ... ... ... T.. G.. ... ... ... ... ... ... ... ..G ..T ... ... .G. ... ... A.. ... ... ... ... ... ... ... ... ... .T. ... ..G .C. ... ... ... .A. ... ... ... ..T CTC ..C ... ... ... ... ..C ... ... ... ... A.. C.. .AT ... ..G ..T C.. ..C ... ..C ..C ... 
Ceratotherium_simum             ... ..T ..G ... ... ..T G.. ... ... ... ... .GT ..C ... ... ... .T. .A. ... ... ..G ... ... ... .A. ... ... ... ... ... G.. .T. .C. ... ..C .C. ... ... ... ... .A. ... G.. T.. ..C ..C ... ... G.. ... ... ... ..C ... .G. T.C A.. ... ... ... ..A ... ... A.C ..C ... GA. ... ... ... .G. ... ..G ..T ..T ... ... ... ... G.. ... ... ... ... ... ... ... ..G ..T ... ... .G. ... ... A.. ... ..T ... ... ... A.. ... ... ... .T. ... ..G .C. ... ... ... .A. ... ... ... ..T CTC ..C ... ... ... ... ..C ... ... ... ... A.. C.. .AT ... ... ..T C.. ..C ... ..C ..C ... 
Diceros_bicornis                ... ..T ..G ... ... ..T G.. ... ... ... ... .GT ..C ... ... ... .T. .A. ... ... ..G ... ... ... .A. ... ... ... ... ... G.. .T. .C. ... ..C .C. ... ... ... ... .A. ... G.. T.. ..C ..C ... ... G.. ... ... ... ..C ... .G. T.C A.. ... ... ... ..A ... ... A.C ..C ... GA. ... ... ... .G. ... ..G ..T ..T ... ... ... ... G.. ... ... ... ... ... ... ... ..G ..T ... ... .G. ... ... A.. ... ... ... ... ... A.. ... ... ... .T. ... ..G .C. ... ... ... .A. ... ... ... ..T .TC ..C ... ... ... ... ..C ... ... ... ... A.. C.. .AT ... ... ..T C.. ..C ... ..C ..C ... 
Tapirus_indicus                 ... ... ... ... ... ..T G.. ... ... ..A ... .GT ... ... ... ... ... .A. ... ..T ..A ... .T. ... ..A ..C ... ... ..T ... G.. .T. ... ... ..C .C. ... ..T T.. ... ... ... G.. G.. ..C ..C .C. ... G.. ... ... ... ..C ... .G. T.T .G. ..C ... ... ..A ... ... ... ... ... .A. ... ... ... .G. ... ..G ... ..T ..A ... T.. ... G.A ..C ..G ... G.. ... ... ..T ..G ... ..A ... .G. .C. ... A.. ... ... ... ... ..G ... ..C ... ... .T. A.. ..G .C. ... ..G ... .A. ... ... ..T ... CTC ..C ... ... ... ... ..C ... ... ... ... A.. C.. .A. ... ... ... C.. ..C ... ... ..C ... 

    1    1    1    6    1    1    1    1    1    1   13    1    1    1    2
    1    1    1    7    1    1    1    1    2    1    1    4    6    1    1
    1    1    1    3    1    1   10    1    1    1    1    8    1    1    2
    1    1    3    1    1    2    1    2    9    1    1    1    1    1    4
    1    1    1    1    1    2    1    1    2    1    1    5    1    1    1
    2   21    2    1    1    1    1    3    1    1    3    2    1    1    1
    7    1    1    2    1   12    1    2    7    1    1    1    2    1    1
    1    1    1    7    1   14    1    2    7    2    1    1    1    6    1
    1    8    1    3    8    7    3    1    1    1   12    1    2    1    1
    3    1    1    6

CODONML (in paml version 4.9, March 2015)  Perissodactyla.aln.faa
Model: several dN/dS ratios for branches for branches, 
Codon frequency model: F1x4
ns =   9  ls = 340

Codon usage in sequences
--------------------------------------------------------------------------------------------------------------------------------------
Phe TTT   8   8   8   8  10   8 | Ser TCT   4   4   4   4   3   3 | Tyr TAT   8   8   8   8   8   8 | Cys TGT   3   3   3   3   3   3
    TTC  18  18  18  18  14  15 |     TCC   8   8   8   8   9   9 |     TAC  10  10  10  10  11  11 |     TGC   8   8   8   8   8   8
Leu TTA   0   0   0   0   1   0 |     TCA   2   2   2   2   1   2 | *** TAA   0   0   0   0   0   0 | *** TGA   0   0   0   0   0   0
    TTG   5   5   5   5   4   6 |     TCG   0   0   0   0   0   0 |     TAG   0   0   0   0   0   0 | Trp TGG   7   7   7   7   7   7
--------------------------------------------------------------------------------------------------------------------------------------
Leu CTT   6   6   6   6   8   8 | Pro CCT   3   3   2   3   1   1 | His CAT   3   3   3   3   2   2 | Arg CGT   0   0   0   0   0   0
    CTC   9   9   9   9   7   7 |     CCC   4   4   4   4   5   5 |     CAC   2   2   2   2   5   4 |     CGC   2   2   2   2   2   3
    CTA   1   1   1   1   1   1 |     CCA   0   0   0   0   1   1 | Gln CAA   1   1   1   1   1   0 |     CGA   2   2   2   2   2   2
    CTG  27  27  27  27  28  27 |     CCG   2   2   3   2   1   1 |     CAG  14  14  14  13  10  11 |     CGG   2   2   2   2   3   3
--------------------------------------------------------------------------------------------------------------------------------------
Ile ATT   8   8   8   8   5   5 | Thr ACT   6   6   6   6   6   5 | Asn AAT   4   4   4   4   6   6 | Ser AGT   1   1   1   1   1   2
    ATC  14  14  14  14  18  16 |     ACC  11  11  11  11  11  13 |     AAC   9   9   9   9   9   9 |     AGC   9   9   9   9   8   7
    ATA   4   4   4   4   4   4 |     ACA   2   3   3   3   1   1 | Lys AAA   3   3   3   3   3   3 | Arg AGA   0   0   0   0   0   0
Met ATG  11  11  11  11   9   9 |     ACG   3   2   2   2   4   4 |     AAG  17  17  17  18  16  16 |     AGG   1   1   1   1   1   1
--------------------------------------------------------------------------------------------------------------------------------------
Val GTT   3   3   3   3   4   4 | Ala GCT   2   2   2   2   2   2 | Asp GAT   1   1   1   1   3   3 | Gly GGT   2   2   2   2   1   1
    GTC   9   9   9   9   8   9 |     GCC  14  14  14  14  14  14 |     GAC   7   7   7   7   6   6 |     GGC   8   8   8   8   9   9
    GTA   2   2   2   2   1   1 |     GCA   2   2   2   2   2   2 | Glu GAA   1   1   1   1   1   1 |     GGA   0   0   0   0   0   0
    GTG  14  14  14  14  17  17 |     GCG   0   0   0   0   0   0 |     GAG   9   9   9   9   9   9 |     GGG   4   4   4   4   5   5
--------------------------------------------------------------------------------------------------------------------------------------

--------------------------------------------------------------------------------------
Phe TTT   8   8   7 | Ser TCT   3   3   3 | Tyr TAT   8   8   9 | Cys TGT   3   3   3
    TTC  16  17  18 |     TCC   9   9   9 |     TAC  11  11  10 |     TGC   8   8   8
Leu TTA   0   0   0 |     TCA   2   2   2 | *** TAA   0   0   0 | *** TGA   0   0   0
    TTG   4   4   5 |     TCG   0   0   0 |     TAG   0   0   0 | Trp TGG   7   7   7
--------------------------------------------------------------------------------------
Leu CTT   8   8   4 | Pro CCT   1   1   3 | His CAT   2   2   1 | Arg CGT   0   0   1
    CTC   7   6   9 |     CCC   5   5   4 |     CAC   4   4   6 |     CGC   2   2   2
    CTA   1   1   3 |     CCA   1   1   1 | Gln CAA   1   1   1 |     CGA   2   2   2
    CTG  28  28  25 |     CCG   1   1   1 |     CAG  10  10  10 |     CGG   3   3   3
--------------------------------------------------------------------------------------
Ile ATT   4   4   4 | Thr ACT   6   6   6 | Asn AAT   7   7   5 | Ser AGT   1   1   3
    ATC  18  18  16 |     ACC  12  12  11 |     AAC   9   9   8 |     AGC   8   8   7
    ATA   4   4   4 |     ACA   1   1   4 | Lys AAA   1   1   4 | Arg AGA   0   0   0
Met ATG   9   9  11 |     ACG   4   4   2 |     AAG  18  18  15 |     AGG   1   1   0
--------------------------------------------------------------------------------------
Val GTT   4   4   5 | Ala GCT   3   2   3 | Asp GAT   3   3   3 | Gly GGT   1   1   1
    GTC   8   8   7 |     GCC  13  14  14 |     GAC   7   7   5 |     GGC   9   9   9
    GTA   1   1   1 |     GCA   2   2   2 | Glu GAA   1   1   2 |     GGA   0   0   0
    GTG  17  17  18 |     GCG   0   0   0 |     GAG   9   9   8 |     GGG   4   4   5
--------------------------------------------------------------------------------------

Codon position x base (3x4) table for each sequence.

#1: Equus_asinus   
position  1:    T:0.23824    C:0.22941    A:0.30294    G:0.22941
position  2:    T:0.40882    C:0.18529    A:0.26176    G:0.14412
position  3:    T:0.18235    C:0.41765    A:0.05882    G:0.34118
Average         T:0.27647    C:0.27745    A:0.20784    G:0.23824

#2: Equus_caballus 
position  1:    T:0.23824    C:0.22941    A:0.30294    G:0.22941
position  2:    T:0.40882    C:0.18529    A:0.26176    G:0.14412
position  3:    T:0.18235    C:0.41765    A:0.06176    G:0.33824
Average         T:0.27647    C:0.27745    A:0.20882    G:0.23725

#3: Equus_quagga   
position  1:    T:0.23824    C:0.22941    A:0.30294    G:0.22941
position  2:    T:0.40882    C:0.18529    A:0.26176    G:0.14412
position  3:    T:0.17941    C:0.41765    A:0.06176    G:0.34118
Average         T:0.27549    C:0.27745    A:0.20882    G:0.23824

#4: Equus_przewalskii
position  1:    T:0.23824    C:0.22647    A:0.30588    G:0.22941
position  2:    T:0.40882    C:0.18529    A:0.26176    G:0.14412
position  3:    T:0.18235    C:0.41765    A:0.06176    G:0.33824
Average         T:0.27647    C:0.27647    A:0.20980    G:0.23725

#5: Dicerorhinus_sumatrensis
position  1:    T:0.23235    C:0.22647    A:0.30000    G:0.24118
position  2:    T:0.40882    C:0.17941    A:0.26471    G:0.14706
position  3:    T:0.18529    C:0.42353    A:0.05588    G:0.33529
Average         T:0.27549    C:0.27647    A:0.20686    G:0.24118

#6: Rhinoceros_unicornis
position  1:    T:0.23529    C:0.22353    A:0.29706    G:0.24412
position  2:    T:0.40294    C:0.18529    A:0.26176    G:0.15000
position  3:    T:0.17941    C:0.42647    A:0.05294    G:0.34118
Average         T:0.27255    C:0.27843    A:0.20392    G:0.24510

#7: Ceratotherium_simum
position  1:    T:0.23235    C:0.22353    A:0.30294    G:0.24118
position  2:    T:0.40294    C:0.18529    A:0.26765    G:0.14412
position  3:    T:0.18235    C:0.42941    A:0.05000    G:0.33824
Average         T:0.27255    C:0.27941    A:0.20686    G:0.24118

#8: Diceros_bicornis
position  1:    T:0.23529    C:0.22059    A:0.30294    G:0.24118
position  2:    T:0.40294    C:0.18529    A:0.26765    G:0.14412
position  3:    T:0.17941    C:0.43235    A:0.05000    G:0.33824
Average         T:0.27255    C:0.27941    A:0.20686    G:0.24118

#9: Tapirus_indicus
position  1:    T:0.23824    C:0.22353    A:0.29412    G:0.24412
position  2:    T:0.40294    C:0.19118    A:0.25588    G:0.15000
position  3:    T:0.17941    C:0.42059    A:0.07647    G:0.32353
Average         T:0.27353    C:0.27843    A:0.20882    G:0.23922

Sums of codon usage counts
------------------------------------------------------------------------------
Phe F TTT      73 | Ser S TCT      31 | Tyr Y TAT      73 | Cys C TGT      27
      TTC     152 |       TCC      77 |       TAC      94 |       TGC      72
Leu L TTA       1 |       TCA      17 | *** * TAA       0 | *** * TGA       0
      TTG      43 |       TCG       0 |       TAG       0 | Trp W TGG      63
------------------------------------------------------------------------------
Leu L CTT      60 | Pro P CCT      18 | His H CAT      21 | Arg R CGT       1
      CTC      72 |       CCC      40 |       CAC      31 |       CGC      19
      CTA      11 |       CCA       5 | Gln Q CAA       8 |       CGA      18
      CTG     244 |       CCG      14 |       CAG     106 |       CGG      23
------------------------------------------------------------------------------
Ile I ATT      54 | Thr T ACT      53 | Asn N AAT      47 | Ser S AGT      12
      ATC     142 |       ACC     103 |       AAC      80 |       AGC      74
      ATA      36 |       ACA      19 | Lys K AAA      24 | Arg R AGA       0
Met M ATG      91 |       ACG      27 |       AAG     152 |       AGG       8
------------------------------------------------------------------------------
Val V GTT      33 | Ala A GCT      20 | Asp D GAT      19 | Gly G GGT      13
      GTC      76 |       GCC     125 |       GAC      59 |       GGC      77
      GTA      13 |       GCA      18 | Glu E GAA      10 |       GGA       0
      GTG     142 |       GCG       0 |       GAG      80 |       GGG      39
------------------------------------------------------------------------------


Codon position x base (3x4) table, overall

position  1:    T:0.23627    C:0.22582    A:0.30131    G:0.23660
position  2:    T:0.40621    C:0.18529    A:0.26275    G:0.14575
position  3:    T:0.18137    C:0.42255    A:0.05882    G:0.33725
Average         T:0.27462    C:0.27789    A:0.20763    G:0.23987

Codon frequencies under model, for use in evolver (TTT TTC TTA TTG ... GGG):
  0.02155529  0.02181180  0.01629686  0.01882775
  0.02181180  0.02207136  0.01649079  0.01905180
  0.01629686  0.01649079  0.00000000  0.00000000
  0.01882775  0.01905180  0.00000000  0.01644534
  0.02181180  0.02207136  0.01649079  0.01905180
  0.02207136  0.02233401  0.01668703  0.01927851
  0.01649079  0.01668703  0.01246785  0.01440410
  0.01905180  0.01927851  0.01440410  0.01664104
  0.01629686  0.01649079  0.01232123  0.01423470
  0.01649079  0.01668703  0.01246785  0.01440410
  0.01232123  0.01246785  0.00931545  0.01076214
  0.01423470  0.01440410  0.01076214  0.01243348
  0.01882775  0.01905180  0.01423470  0.01644534
  0.01905180  0.01927851  0.01440410  0.01664104
  0.01423470  0.01440410  0.01076214  0.01243348
  0.01644534  0.01664104  0.01243348  0.01436439



Nei & Gojobori 1986. dN/dS (dN, dS)
(Note: This matrix is not used in later ML. analysis.
Use runmode = -2 for ML pairwise comparison.)

Equus_asinus        
Equus_caballus      -1.0000 (0.0000 0.0042)
Equus_quagga        -1.0000 (0.0000 0.0084)-1.0000 (0.0000 0.0042)
Equus_przewalskii    0.3080 (0.0013 0.0042)-1.0000 (0.0013 0.0000) 0.3080 (0.0013 0.0042)
Dicerorhinus_sumatrensis 0.4362 (0.0505 0.1158) 0.4188 (0.0505 0.1206) 0.4025 (0.0505 0.1255) 0.4302 (0.0519 0.1206)
Rhinoceros_unicornis 0.3398 (0.0492 0.1448) 0.3285 (0.0492 0.1498) 0.3178 (0.0492 0.1548) 0.3377 (0.0506 0.1498) 0.1718 (0.0065 0.0377)
Ceratotherium_simum  0.4302 (0.0519 0.1206) 0.4135 (0.0519 0.1255) 0.3980 (0.0519 0.1304) 0.4245 (0.0533 0.1255) 0.2657 (0.0078 0.0293) 0.2410 (0.0091 0.0377)
Diceros_bicornis     0.4354 (0.0505 0.1160) 0.4179 (0.0505 0.1208) 0.4017 (0.0505 0.1257) 0.4293 (0.0519 0.1208) 0.3623 (0.0091 0.0250) 0.3104 (0.0104 0.0335) 0.3133 (0.0013 0.0041)
Tapirus_indicus      0.2876 (0.0491 0.1709) 0.2872 (0.0498 0.1735) 0.2789 (0.0498 0.1787) 0.2952 (0.0512 0.1735) 0.1292 (0.0216 0.1669) 0.1225 (0.0229 0.1870) 0.1415 (0.0229 0.1618) 0.1542 (0.0242 0.1570)


TREE #  1:  ((4, 2), (1, 3), (9, (6, (5, (7, 8)))));   MP score: 116
lnL(ntime: 15  np: 18):  -2055.559231      +0.000000
  10..11   11..4    11..2    10..12   12..1    12..3    10..13   13..9    13..14   14..6    14..15   15..5    15..16   16..7    16..8  
 0.000004 0.003034 0.000004 0.000004 0.003033 0.003038 0.150540 0.099116 0.055306 0.028386 0.000004 0.017215 0.019214 0.003116 0.003040 3.667214 0.330267 0.000100

Note: Branch length is defined as number of nucleotide substitutions per codon (not per neucleotide site).

tree length =   0.38505

((4: 0.003034, 2: 0.000004): 0.000004, (1: 0.003033, 3: 0.003038): 0.000004, (9: 0.099116, (6: 0.028386, (5: 0.017215, (7: 0.003116, 8: 0.003040): 0.019214): 0.000004): 0.055306): 0.150540);

((Equus_przewalskii: 0.003034, Equus_caballus: 0.000004): 0.000004, (Equus_asinus: 0.003033, Equus_quagga: 0.003038): 0.000004, (Tapirus_indicus: 0.099116, (Rhinoceros_unicornis: 0.028386, (Dicerorhinus_sumatrensis: 0.017215, (Ceratotherium_simum: 0.003116, Diceros_bicornis: 0.003040): 0.019214): 0.000004): 0.055306): 0.150540);

Detailed output identifying parameters

kappa (ts/tv) =  3.66721

w (dN/dS) for branches:  0.33027 0.00010

dN & dS for each branch

 branch          t       N       S   dN/dS      dN      dS  N*dN  S*dS

  10..11     0.000   704.1   315.9  0.3303  0.0000  0.0000   0.0   0.0
  11..4      0.003   704.1   315.9  0.3303  0.0006  0.0019   0.4   0.6
  11..2      0.000   704.1   315.9  0.3303  0.0000  0.0000   0.0   0.0
  10..12     0.000   704.1   315.9  0.3303  0.0000  0.0000   0.0   0.0
  12..1      0.003   704.1   315.9  0.3303  0.0006  0.0019   0.4   0.6
  12..3      0.003   704.1   315.9  0.3303  0.0006  0.0019   0.4   0.6
  10..13     0.151   704.1   315.9  0.3303  0.0308  0.0933  21.7  29.5
  13..9      0.099   704.1   315.9  0.3303  0.0203  0.0614  14.3  19.4
  13..14     0.055   704.1   315.9  0.3303  0.0113  0.0343   8.0  10.8
  14..6      0.028   704.1   315.9  0.3303  0.0058  0.0176   4.1   5.6
  14..15     0.000   704.1   315.9  0.3303  0.0000  0.0000   0.0   0.0
  15..5      0.017   704.1   315.9  0.3303  0.0035  0.0107   2.5   3.4
  15..16     0.019   704.1   315.9  0.3303  0.0039  0.0119   2.8   3.8
  16..7      0.003   704.1   315.9  0.0001  0.0000  0.0034   0.0   1.1
  16..8      0.003   704.1   315.9  0.3303  0.0006  0.0019   0.4   0.6

tree length for dN:       0.0782
tree length for dS:       0.2401

dS tree:
((Equus_przewalskii: 0.001881, Equus_caballus: 0.000002): 0.000002, (Equus_asinus: 0.001880, Equus_quagga: 0.001883): 0.000002, (Tapirus_indicus: 0.061447, (Rhinoceros_unicornis: 0.017598, (Dicerorhinus_sumatrensis: 0.010672, (Ceratotherium_simum: 0.003353, Diceros_bicornis: 0.001885): 0.011911): 0.000002): 0.034287): 0.093327);
dN tree:
((Equus_przewalskii: 0.000621, Equus_caballus: 0.000001): 0.000001, (Equus_asinus: 0.000621, Equus_quagga: 0.000622): 0.000001, (Tapirus_indicus: 0.020294, (Rhinoceros_unicornis: 0.005812, (Dicerorhinus_sumatrensis: 0.003525, (Ceratotherium_simum: 0.000000, Diceros_bicornis: 0.000622): 0.003934): 0.000001): 0.011324): 0.030823);

w ratios as labels for TreeView:
((Equus_przewalskii #0.330267 , Equus_caballus #0.330267 ) #0.330267 , (Equus_asinus #0.330267 , Equus_quagga #0.330267 ) #0.330267 , (Tapirus_indicus #0.330267 , (Rhinoceros_unicornis #0.330267 , (Dicerorhinus_sumatrensis #0.330267 , (Ceratotherium_simum #0.0001 , Diceros_bicornis #0.330267 ) #0.330267 ) #0.330267 ) #0.330267 ) #0.330267 );


Time used:  0:23
