
Before deleting alignment gaps
      8   1047

Ficedula_albicollis             ATG GCA ACT ACA GAT GCT GCT AGC TTT TAT TAT AAC TTC TCC ATC ACT GAT CCC TAT GGA AAC AAA AAT GAG AAT TTT CAT NNN TTA ATA AGA GTC TTG TTG CCA CAT ATG TAT TTT GTT GTT TTC ATC CTT GGC CTA GCC AGA AAT GCA CTG GTC TTT GTC ATA CTA AGC TTC AAC ATG AAA CTA AAG ATT CTG GCA GAA ACT GAC NNN GTA CTT CTG CTG AAT GTG GCT ATA GCT GAC TGG GTT TTT CTT TGG ATG CTG CCA CTC TGG GCA TAC TCT GCT GCT CAG GAG NNN AAC TTC NNN GGC ACT GTG GCA TGT CAC ATT ATA TGG GGC TTA TAT ACA CTT --- --- --- NNN AGT GTT TTA ACT CTA ATG TCT ATC ACC TTT GAC CTG CTT ATT GCT GTT ACT TTT GCC ACC AAA GCC NNN ATG TGT CAA ACA CAA --- --- --- --- AGC AAA TTC ATC ACT GTC TTG ATC TGG GTG ATC TCA CAA GCA TTT GCT GCA CAT NNN TTT GTT TTT CAG GAG GTG NNN AAT TTT GAT AAG GCA ATA TGT CAG GAA GAA TAC CCA AAC TAT CAC ACA GAA CTG GTT CTT GAA GTG ATC CAA GTG ACT CTT GCT TAT TTT ATT CCC ATG CTA GCC CTG ATC ATC TGC TAT TCC CTA ATT ATT AAA ACC GTA CTG TGT GCT AAA AGT CTT CAA AAG AAT AAA TCT ATA AAA --- ATA TTT CCT ATA GTT GTC CTG TGT ATT CTT ACC CAA ATA TTC CAT ACT TTC TTC AGA TTC ATA AAG ATC ATA GAG TGG AGC TTT AAA CTG AAC AGC AGC TTT GAA TAT GCA ATT ACC ATA ACA AAA GCT CTT GCT TAT TTT NNN GGC TGT CTT AAC CCT --- NNN TAT TTC TTC ATG GGA AAT AAA ATC AGG AAG AAC NNN GCC AAA ATT ATT AAA AAA TCA ACA TGT GCC AAA NNN CAA GTT ACA GTT CAA CAG TGG CAA ACC ACT GAA GAG GAA GAT ACT AAA CCT TTG ACT GCT TTA TAT AGT GCA GAT GCC ACA AGC ATG TAC CCA CTA 
Colius_striatus                 ATG GCA ACG ACA GAC GCA GAT AAC TTT TAT TAT AAC TTC TCC ATC GTT GAT CCA GAC GAA AAT GGA AGT GAG AAT TTT CAC ACG TTT ACA AGA GTC TTC CTG CCC TGT ACC TAC TCG GTT GTT TTC ATC CTG GGG CTA GCA GGA AAC ACA CTG GTC TTT GTC ATA CTG GTT TTC TAT GAG AAG CTG AAG ATG CTG ACA --- --- --- GAT ATA TTT TTG CTG AAC TTG GCT GTA GCT GAC TGG GTC TTC CTT TGG ACG CTG CCA TTC TGG GCG CAT TCG GCC GCT CAG GAG TGG GCT TTC GGC --- ACG GTG GCG TGT CGT GTC ATA CGG GGC TTG TAT ACG CTG AAC TTG TAC ACT TCC ATG TTA ACC CTG ACA TCT ATC ACC TTT GAC AGG CTT GTT GCT ATT ACT TTT GCC ACC AAA GCA CAC ATG TGT CAA ACC AAA CGA ACG ACG TGG GGC AAG GCA GTG TGT GTC TTG ATC TGG GTG ATC TCA CTA GGC TTT GCC ACA CCA CAG TTT ATT TTT AGT GAG GTG GTT AGC ATT GAT AAG GCG ATA TGT CAC GAA AAA TAC CCA AAC CAC GGC ACA GAA CTG GTT CTT GAA GTG ATC CAA GTG ACA CTT GGC TAT TTT ATT CCC ATG CTA GCC ATG ATC ATC TGC TAC TCA CTA ATT GTT AGA ACC TTA CTG CAC GCC AGG AAT TTC CAA AAG AAG AAA TCT CTC AAG AAA ATA TTT TCT GTA GTT GCC ATA TTT ATT CTG ACT CAG TCA CCT TAT ACT TTC CTG AGA CTC ATA AAG ATC ATA GAC TGG AGC TTT AAC TTG AAC AGC AGC TTT GAA TAT GCA ATC ATC GTA ACA GAA GCT CTC GCT TAC CTC CAC GGC TGT CTC AAC CCT ATC CTG TAT TTC TTC ATG GGG GTC AAA TTC AGG AGG AAC TTA AGG AAA ATT ATT AAG AGT TTA AGA TGC ATC AAA GGG AGA GTT ACA GCG AAG CAC TGG CAA ACC ACT GAA GAG GAA GGC TCT AAA ACA TTT ACT GCC TCC AAT AAC GCA GAT GCC ACA AGC ATG GAT CCG CTA 
Falco_peregrinus                ATG GCA ACT ACA GAT GCT GTT AAC TTT TAT TAT AAC TTC TCC ATC AAT GAT CCC AAT GAA AAC GGA AGT GAG AAT CTT CAC AGA TTT ACA AAT GTC TTC CTG CCC TGT ATG TAT TCA GCT GTT TTC ATC CTT GGG CTA GCA GGA AAT ACA CTG GTC TTT GTC ATA CTA GTT TTC TAC GAG AAA CTG AAG GTG CTG ACA --- --- --- GAT ATA TTT TTG CTG AAC TTG GCT ATA GCT GAC TGG GTC TTC CTT TGG ACG CTG CCA TTC TGG GCA TAT TCT GGT GTT CAG GAG TGG ACT TTT GGC --- ACT GTG GCA TGT CGT GTT ATA CGG GGC TTG TAT ACT CTG AAC TTG TAC ACT TCG ATG TTA ACT CTA ACG TCT ATC ACC TTT GAC CGG CTT ATT GCT ATT ACT TTT GCC ACA AAA GCA CAT GTG TGT CAA ACC AAA CGA ATG ACA TGG GGC AAA CTG ATC TGT GTC TTG ATC TGG GCG ATC TCA CTA GCA TTT GCT GCA CCA CAG TTT ATT TTT AGT GAG GTG TTT AGT ATT GAT AAG GCA ATA TGT CAG GAA GAA TAC CCA AAC TAT CGC ACA GAA CTA GTT CTT GAA GTG ATC CAA GTG ACC CTT GGC TAT TTT ATT CCC ATG CTA GCC ATG GTC ATC TGC TAC TCA CTA ATC ATT AGA ACC TTA CTG CAT GCC AGG AGT TTT CAA AAG AAC AAA TCT CTA AAA AAA ATA TTT TCT GTA GTT GCC ATA TTT ATT CTT ACT CAG TCA CCC TAT ACT TTC TTG AGA CTG TTA AAG ATC ATA GAT TGG AGC TTT AAC TTG AAC AGC AAC TTT GAA TAT GCA ATC ATC ATA ACA GAA GCT CTT GCT TAT TTC CAT GGC TGT CTT AAC CCT GTT CTG TAT TTC TTC ATG GGG GTG AAA TTC AGG AGG AAC TTA CGG AAA ATT ATT AAA AAC TCA AGA TGC ACT AAA TGG CAA GTT ACA GCT AAA CAG TGG CAA ACC ACA GAA GAG GAA GGC TCT AAA ACT TTT ACT GCC TCA AAT AAT GCA GAT GCA ACA AGC ATG TAC CCG CTA 
Falco_tinnunculus               ATG GCA ACT ACA GAT GCT GTT AAC TTT TAT TAT AAC TTC TCC ATC AAT GAT CCC AAT GAA AAT GGA AGT GAG AAT CTT CAC AGA TTT ACA AAT GTC TTC CTG CCC TGT ATG TAT TCA GCT GTT TTC ATC CTT GGG CTA GCA GGA AAT ACA CTG GTC TTT GTC ATA CTA GTT TTC TAC GAG AAA CTG AAG GTG CTG ACA --- --- --- GAT ATA TTT TTG CTG AAC TTG GCT ATA GCT GAC TGG GTC TTC CTT TGG ACG CTG CCA TTC TGG GCA TAT TCT GCT GTT CAG GAG TGG ACT TTT GGC --- ACT GTG GCA TGT CGT GTT ATA CGG GGC TTG TAT ACT CTG AAC TTG TAC ACT TCA ATG TTA ACT CTA ACG TCT ATC ACC TTT GAC CGG CTT ATT GCT ATT ACT TTT GCC ACA AAA GCA CAT GTG TGT CAA ACC AAA CGA ATG ACA TGG GGC AAA CTG ATC TGT GTC TTG ATC TGG GCG ATC TCA CTA GCA TTT GCT GCA CCA CAG TTT ATT TTT AGT GAG GTG TTT AGT ATT GAT AAG GCA ATA TGT CAG GAA GAA TAC CCA AAC TAT CGC ACA GAA CTA GTT CTT GAA GTG ATC CAA GTG ACC CTT GGC TAT TTT ATT CCC ATG CTA GCC ATG GTC ATC TGC TAC TCA CTA ATC ATT AGA ACC TTA CTG CAT GCC AGG AGT TTT CAA AAG AAC AAA TCT CTA AAA AAA ATA TTT TCT GTA GTT GCC ATA TTT ATT CTT ACT CAG TCA CCC TAT ACT TTC TTG AGA CTG TTA AAG ATC ATA GAC TGG AGC TTT AAC TTG AAC AGC AAC TTT GAA TAT GCA ATC ATC ATA ACA GAA GCT CTT GCT TAT TTC CAT GGC TGT CTT AAC CCT GTT CTG TAT TTC TTC ATG GGG GTG AAA TTC AGG AGG AAC TTA CGG AAA ATT GTT AAA AAC TCA AGA TGC ATT AAA TGG CAA GTT ACA GCT AAA CAG TGG CAA ACC ACA GAA GAG GAA GGC TCT AAA ACA TTT ACT GCC TCA AAT AAT GCA GAT GCA ACA AGC ATG TAC CCA CTA 
Aquila_chrysaetos               ATG GCA ACT ACA GAT GCT GCC AAC TTT TAT TAT AAC TTC TCC ATC ATT GAT CCC AAC GAA AAT GGA AGT GAG AAT TTT CAC ACA TTT ACA AGA GTC TTC CTG CCC TGT ATG TAT TCG GCT GTT TTC ATC CTT GGG CTA GCA GGA AAT GCA CTT GTC TTT GTC ATA CTA GCT TTC TAT GAG AAA CAG AAG ATG CTA ACA --- --- --- GAT ATA TTT TTG CTG AAC TTG GCT ATA GCT GAC TGG GTC TTC CTT TGG ACG CTG CCA TTC TGG GCA TAT TCT GCT GCT CAG GAG TGG ACT TTT GGC --- ACC ATG GCA TGT CGT ATT ATA CGA GGC TTG TAT ACT CTG AAC TTT TAC ACT TCA ATG CTA ACT CTA ACA TCT ATC ACC TTT GAC CGG CTT ATT GCT ATT ACT TTT GCG ACC AAA GCA CGT ATG TGT CAA ACC AAA CGA ATG ACA TGG GGC AAA TTA ATC TGT GTC TTG ATC TGG GTG ATC TCA CTA GCA TTT GCT GCA CCA CAG TTT ATT TTT AGT GAG GTG TTT AGT ATT GAT AAG ACA ATA TGC CAG GAA GAA TAC CCA AAC CAT CAC ACA GAA ATG GTT CTT GAA GTG ATC CAA GTG ACC CTT GGC TAT TTT ATT CCC ATG CTA GCC ATG ATC ATC TGC TAC TCA CTA ATT ATT AGA ACC TTA CTG CAT GCC AGG AGT TTT CAA AAG AAC AAA TCT CTA AAG AAA ATA TTT TCT GTA GTT GCT ATA TTT ATT CTT ACT CAG TCA CCC TAC ACT TTC TTG AGA CTG ATA AAG ATC ATA GAC TGG AGC TTT AAC CTG AAC AGC AGC TTT GAA TAT GCA ATC ATT ATA ACA GAA GCT CTT GCT TAT TTC CAC GGC TGT CTT AAT CCT GTT CTG TAT TTC TTC ATG GGG GTG AAA TTC AGG AGG AAC TTA CAG AAA ATT ATT AAA AAT TCA AGA TGC GTC AAA CGG CAA ATT ATA GCT AAA CAG CGG CAA ACC ACT GAA GAA GAA GGC TCT AAA ACT TTT ACT GCC TCA AAT AAT GCA GAT GCA ACA AGC ATG TAC CAG CTA 
Haliaeetus_leucocephalus        ATG GCA ACT ACA GAT ACT GCC AAC TTT TAT TAT AAC TTC TCC ATC ATT GAT CCC AAC GAA AAT GGA AGT GAG AAT TTT CAT ACA TTT ACA AGA GTC TTC CTG CCC TGT ATG TAT TCG GCT GTT TTC ATC CTT GGG CTA GCA GGA AAT GCA CTT GTC TTT GTC ATA CTA GCT TTC TAT GAG AAA CGG AAG ATG CTG ACA --- --- --- GAT ATA TTT TTG CTG AAC TTG GCC ATA GCT GAC TGG GTC TTC CTT TGG ACA CTG CCA TTC TGG GCA TAT TCT GCT GCT CAG GAG TGG ACT TTT GGC --- ACC GTG GCA TGT CGT ATT ATA CGA GGC TTG TAT ACT CTG AAC TTG TAC ACT TCA ATG CTA ACT CTA ACG TCT ATC ACC TTT GAC CGG CTT ATT GCT ATT ACT TTT GCA ACC AAA GCA CGT ATG TGT CAA ACC AAA CGA ATG ACA TGG GGC AAA TTA ATC TGT GTC TTG ATC TGG GTG ATC TCA CTA GCA TTT GCT GCA CCA CAG TTT ATT TTT AGT GAG GTG TTT AGT ATT GAT AAG ACA ATA TGC CAG GAA GAA TAC CCA AAC CAT CAC ACA GAA ATG GTT CTT GAA GTG ATC CAA GTG ACC CTT GGC TAT TTT ATT CCC ATG CTA GCC ATG ATC ATC TGC TAC TCA CTA ATT ATT AGA ACC TTA CTG CAT GCC AGG AGT TTT CAA AAG AAC AAA TCT CTA AAG AAA ATA TTT TCT GTA GTT GCC ATA TTT ATT CTT ACT CAG TCA CCC TAC ACT TTC TTG AGA CTG ATA AAG ATC ATA GAC TGG AGC TTT AAC CTG AAC AGC AGC TTT GAA TAT GCA ATC ATT ATA ACA GAA GCT CTT GCT TAT TTC CAC GGC TGT CTT AAT CCT GTT CTG TAT TTC TTC ATG GGG GTG AAA TTC AGG AGG AAC TTA CAG AAA ATT ATT AAA AAT TCA AGA TGC GTC AAA CGG CAA GTT ATG GTT AAA CAG TGG CAA ACC ACT GAA GAA GAA GGC TCT AAA ACT TTT ACT GCC TCC AAT AAT GCA GAT GCA ACA AGC ATG TAC CAG CTA 
Tyto_alba                       ATG GCA AAT ACA GAT GCT GCC AAC TTT TAT TAT AAC TTC TCC ATC ATT GAT CCC AAT GAA AAT GGA AGT GAG AAT TTT CAC ACA TTT ACA ACA ATC TTC CTG CCC TGC ATG TAC TCG GCT GTT TTC ATC CTT GGG CTA GCA GGA AAT GCC CTG GTC TTT GTC ATA CTA GTT TTC TAT GAG AAA CTG AAG ATG CTG ACA --- --- --- GAT ATA TTT TTG CTG AAC TTG GCT ATA GCT GAC TGG GTC TTC CTT TGG ACG CTG CCA TTC TGG GCA TAT TCT GCA GCT CAG GAG TGG ACT TTT GGC --- ACC GTG GCA TGT CGT ATT ATA CGG GGC TTG TAT ACT CTG AAC TTG TAC ACT TCA ATG TTA ACT CTA ACA TCT ATC ACC TTT GAT CGG CTT ATT GCT ATT ACT TTT GCC ACC AAA GCA CAT ATG TGT CAA ACC AAA CGA ATG ATA TGG GGC AAA TTA ATC TGT GTC TTG ATC TGG GTT ATA TCA CTA GCA TTT GCC ACA CCG CAG TTT ATT TTT AGT GAG GTG TTT AGT ATT GAT AAG GCA ATA TGT CAG GAA GAA TAC TCA AAC CAT CAC ACA GAA CTG GTT CTT GAA GTG ATC CAA GTG ACC CTT GGC TAT TTT ATT CCC ATG CTA GCC ATG ATC ATC TGC TAC TCA CTA ATT ATT AGA ACC TTA CTG CAT GCC AGG AGT TTT CAA AAG AAC AAA TCT CTG AAA AAA ATA TTT TCT GTA GTT GTT ATA TTT ATT CTT ACT CAG TCA CCC TAT ACT TTC TTG AGA CTA ATA AAG ATC ATA GAC TGG AGC TTT AAC TTG AAC AGC AGC TTT GAA TAC GCA ATC ATT GTA ACA GAA GCT CTA GCT TAT TTC CAT GGC TGT CTT AAC CCT GTT CTG TAT TTC TTC ATG GGG GTG AAA TTC AGG AGG AAC TTA CAG AAA ATA ATT AAA AAC TCA AGA TGC ATC AAA CGG CAA GTT GCA GCT AAA CCA TGG CAA ACC ACC GAA GAG GAA GGC TCT AAA ACT TTT TCT GCC TCA AAT AAT GCA GAT GCA ACA AGC ATG TAC CCG CTA 
Leptosomus_discolor             ATG GCA ACT TCA GAT GCC ACT AAC TTT TAT TAT AAC TTC TCC ATC ATT GAT CCC AAC GAA AAC AGA AGC GAC AAT TTT CAC ACA TTT ACA AAA GTC TTC CTG CCC TGT ATG TAT TTG ACT GTT TTC ATC CTT GGG CTA GCA GGA AAT GCG CTG GTC TTT GTC ATA CTA GTT TTC TAC GAG AAA CTG AAG ATG CTG ACA --- --- --- GAT ATA TTT TTG CTG AAC TTG GCT ACA GCT GAC TGG GTC TTC CTT TGG ACA CTT CCA TTC TGG GCA TAT TCT GCT GCT CAG GAG TGG ACT TTT GGC --- ACT GTG GCA TGT CGT ATT ATA CGG GGC TTG TAT ACT CTA AAC TTG TAC ACT TCA ATG TTA ACT CTA ACG TCT ATC ACC TTT GAC CGG CTT ATT GCT ATT ACT TTT GCC ACC AAA GCA CGT ATG TGT CAA ACC AAA CGA ATG ACA TGG GGC AAA TTA ATC TGT GTC TTG ATC TGG GTG ATC TCA CTA GCA TTT GCT GCA CCA CAG TTT ATT TTT AGT GAG GTG TTC AGT ATT GAT AAG GCA ATA TGT GAG GAA GAA TAC CCA AGC CAT CGC ACA GAA CTG GTT CTT GAG GTG ATT CAA GTG ACC CTT GGC TAT TTT ATT CCC ATG CTA GCC ATG ATC ATC TGC TAC TCA CTA ATT ATT AGA ACC TTA CTG CAC GCC AGG AGT TTT CAA AAG AAC AAA TCT CTG AAA AAG ATA TTT TCT GTA GTT GCC GTA TTT ATT CTT ACT CAG TCA CCC TAT ACT TTC TTG AGA CTG ATA AAG ATC ATA GAT TGG AGC TTT AAC TTG AAC AGC AGC TTT GAA TAT GCA ATC ATC GTA ACA GAA GCT CTT GCT TAT TTC CAT GGC TGT CTT AAC CCT GTT CTG TAT TTC TTC ATG GGG GTG AAA TTC AGG AGG AAC CTC CAG AAA ATT ATT AAA AAC TCA AGA TGC GTC AAA TGG CAA GTT ACG GCT AAA CAG TGG CAA CCA ACT GAA GAG GAA GGC TCT AAA ACT TTC ACT GCC TCA AAT AAT GCA GAT GCA ACA AGC ATG TAC CCA CTA 



After deleting gaps. 972 sites
      8    972

Ficedula_albicollis             ATG GCA ACT ACA GAT GCT GCT AGC TTT TAT TAT AAC TTC TCC ATC ACT GAT CCC TAT GGA AAC AAA AAT GAG AAT TTT CAT TTA ATA AGA GTC TTG TTG CCA CAT ATG TAT TTT GTT GTT TTC ATC CTT GGC CTA GCC AGA AAT GCA CTG GTC TTT GTC ATA CTA AGC TTC AAC ATG AAA CTA AAG ATT CTG GCA GTA CTT CTG CTG AAT GTG GCT ATA GCT GAC TGG GTT TTT CTT TGG ATG CTG CCA CTC TGG GCA TAC TCT GCT GCT CAG GAG AAC TTC ACT GTG GCA TGT CAC ATT ATA TGG GGC TTA TAT ACA CTT AGT GTT TTA ACT CTA ATG TCT ATC ACC TTT GAC CTG CTT ATT GCT GTT ACT TTT GCC ACC AAA GCC ATG TGT CAA ACA CAA AGC AAA TTC ATC ACT GTC TTG ATC TGG GTG ATC TCA CAA GCA TTT GCT GCA CAT TTT GTT TTT CAG GAG GTG AAT TTT GAT AAG GCA ATA TGT CAG GAA GAA TAC CCA AAC TAT CAC ACA GAA CTG GTT CTT GAA GTG ATC CAA GTG ACT CTT GCT TAT TTT ATT CCC ATG CTA GCC CTG ATC ATC TGC TAT TCC CTA ATT ATT AAA ACC GTA CTG TGT GCT AAA AGT CTT CAA AAG AAT AAA TCT ATA AAA ATA TTT CCT ATA GTT GTC CTG TGT ATT CTT ACC CAA ATA TTC CAT ACT TTC TTC AGA TTC ATA AAG ATC ATA GAG TGG AGC TTT AAA CTG AAC AGC AGC TTT GAA TAT GCA ATT ACC ATA ACA AAA GCT CTT GCT TAT TTT GGC TGT CTT AAC CCT TAT TTC TTC ATG GGA AAT AAA ATC AGG AAG AAC GCC AAA ATT ATT AAA AAA TCA ACA TGT GCC AAA CAA GTT ACA GTT CAA CAG TGG CAA ACC ACT GAA GAG GAA GAT ACT AAA CCT TTG ACT GCT TTA TAT AGT GCA GAT GCC ACA AGC ATG TAC CCA CTA 
Colius_striatus                 ATG GCA ACG ACA GAC GCA GAT AAC TTT TAT TAT AAC TTC TCC ATC GTT GAT CCA GAC GAA AAT GGA AGT GAG AAT TTT CAC TTT ACA AGA GTC TTC CTG CCC TGT ACC TAC TCG GTT GTT TTC ATC CTG GGG CTA GCA GGA AAC ACA CTG GTC TTT GTC ATA CTG GTT TTC TAT GAG AAG CTG AAG ATG CTG ACA ATA TTT TTG CTG AAC TTG GCT GTA GCT GAC TGG GTC TTC CTT TGG ACG CTG CCA TTC TGG GCG CAT TCG GCC GCT CAG GAG GCT TTC ACG GTG GCG TGT CGT GTC ATA CGG GGC TTG TAT ACG CTG TCC ATG TTA ACC CTG ACA TCT ATC ACC TTT GAC AGG CTT GTT GCT ATT ACT TTT GCC ACC AAA GCA ATG TGT CAA ACC AAA GGC AAG GCA GTG TGT GTC TTG ATC TGG GTG ATC TCA CTA GGC TTT GCC ACA CCA TTT ATT TTT AGT GAG GTG AGC ATT GAT AAG GCG ATA TGT CAC GAA AAA TAC CCA AAC CAC GGC ACA GAA CTG GTT CTT GAA GTG ATC CAA GTG ACA CTT GGC TAT TTT ATT CCC ATG CTA GCC ATG ATC ATC TGC TAC TCA CTA ATT GTT AGA ACC TTA CTG CAC GCC AGG AAT TTC CAA AAG AAG AAA TCT CTC AAG ATA TTT TCT GTA GTT GCC ATA TTT ATT CTG ACT CAG TCA CCT TAT ACT TTC CTG AGA CTC ATA AAG ATC ATA GAC TGG AGC TTT AAC TTG AAC AGC AGC TTT GAA TAT GCA ATC ATC GTA ACA GAA GCT CTC GCT TAC CTC GGC TGT CTC AAC CCT TAT TTC TTC ATG GGG GTC AAA TTC AGG AGG AAC AGG AAA ATT ATT AAG AGT TTA AGA TGC ATC AAA AGA GTT ACA GCG AAG CAC TGG CAA ACC ACT GAA GAG GAA GGC TCT AAA ACA TTT ACT GCC TCC AAT AAC GCA GAT GCC ACA AGC ATG GAT CCG CTA 
Falco_peregrinus                ATG GCA ACT ACA GAT GCT GTT AAC TTT TAT TAT AAC TTC TCC ATC AAT GAT CCC AAT GAA AAC GGA AGT GAG AAT CTT CAC TTT ACA AAT GTC TTC CTG CCC TGT ATG TAT TCA GCT GTT TTC ATC CTT GGG CTA GCA GGA AAT ACA CTG GTC TTT GTC ATA CTA GTT TTC TAC GAG AAA CTG AAG GTG CTG ACA ATA TTT TTG CTG AAC TTG GCT ATA GCT GAC TGG GTC TTC CTT TGG ACG CTG CCA TTC TGG GCA TAT TCT GGT GTT CAG GAG ACT TTT ACT GTG GCA TGT CGT GTT ATA CGG GGC TTG TAT ACT CTG TCG ATG TTA ACT CTA ACG TCT ATC ACC TTT GAC CGG CTT ATT GCT ATT ACT TTT GCC ACA AAA GCA GTG TGT CAA ACC AAA GGC AAA CTG ATC TGT GTC TTG ATC TGG GCG ATC TCA CTA GCA TTT GCT GCA CCA TTT ATT TTT AGT GAG GTG AGT ATT GAT AAG GCA ATA TGT CAG GAA GAA TAC CCA AAC TAT CGC ACA GAA CTA GTT CTT GAA GTG ATC CAA GTG ACC CTT GGC TAT TTT ATT CCC ATG CTA GCC ATG GTC ATC TGC TAC TCA CTA ATC ATT AGA ACC TTA CTG CAT GCC AGG AGT TTT CAA AAG AAC AAA TCT CTA AAA ATA TTT TCT GTA GTT GCC ATA TTT ATT CTT ACT CAG TCA CCC TAT ACT TTC TTG AGA CTG TTA AAG ATC ATA GAT TGG AGC TTT AAC TTG AAC AGC AAC TTT GAA TAT GCA ATC ATC ATA ACA GAA GCT CTT GCT TAT TTC GGC TGT CTT AAC CCT TAT TTC TTC ATG GGG GTG AAA TTC AGG AGG AAC CGG AAA ATT ATT AAA AAC TCA AGA TGC ACT AAA CAA GTT ACA GCT AAA CAG TGG CAA ACC ACA GAA GAG GAA GGC TCT AAA ACT TTT ACT GCC TCA AAT AAT GCA GAT GCA ACA AGC ATG TAC CCG CTA 
Falco_tinnunculus               ATG GCA ACT ACA GAT GCT GTT AAC TTT TAT TAT AAC TTC TCC ATC AAT GAT CCC AAT GAA AAT GGA AGT GAG AAT CTT CAC TTT ACA AAT GTC TTC CTG CCC TGT ATG TAT TCA GCT GTT TTC ATC CTT GGG CTA GCA GGA AAT ACA CTG GTC TTT GTC ATA CTA GTT TTC TAC GAG AAA CTG AAG GTG CTG ACA ATA TTT TTG CTG AAC TTG GCT ATA GCT GAC TGG GTC TTC CTT TGG ACG CTG CCA TTC TGG GCA TAT TCT GCT GTT CAG GAG ACT TTT ACT GTG GCA TGT CGT GTT ATA CGG GGC TTG TAT ACT CTG TCA ATG TTA ACT CTA ACG TCT ATC ACC TTT GAC CGG CTT ATT GCT ATT ACT TTT GCC ACA AAA GCA GTG TGT CAA ACC AAA GGC AAA CTG ATC TGT GTC TTG ATC TGG GCG ATC TCA CTA GCA TTT GCT GCA CCA TTT ATT TTT AGT GAG GTG AGT ATT GAT AAG GCA ATA TGT CAG GAA GAA TAC CCA AAC TAT CGC ACA GAA CTA GTT CTT GAA GTG ATC CAA GTG ACC CTT GGC TAT TTT ATT CCC ATG CTA GCC ATG GTC ATC TGC TAC TCA CTA ATC ATT AGA ACC TTA CTG CAT GCC AGG AGT TTT CAA AAG AAC AAA TCT CTA AAA ATA TTT TCT GTA GTT GCC ATA TTT ATT CTT ACT CAG TCA CCC TAT ACT TTC TTG AGA CTG TTA AAG ATC ATA GAC TGG AGC TTT AAC TTG AAC AGC AAC TTT GAA TAT GCA ATC ATC ATA ACA GAA GCT CTT GCT TAT TTC GGC TGT CTT AAC CCT TAT TTC TTC ATG GGG GTG AAA TTC AGG AGG AAC CGG AAA ATT GTT AAA AAC TCA AGA TGC ATT AAA CAA GTT ACA GCT AAA CAG TGG CAA ACC ACA GAA GAG GAA GGC TCT AAA ACA TTT ACT GCC TCA AAT AAT GCA GAT GCA ACA AGC ATG TAC CCA CTA 
Aquila_chrysaetos               ATG GCA ACT ACA GAT GCT GCC AAC TTT TAT TAT AAC TTC TCC ATC ATT GAT CCC AAC GAA AAT GGA AGT GAG AAT TTT CAC TTT ACA AGA GTC TTC CTG CCC TGT ATG TAT TCG GCT GTT TTC ATC CTT GGG CTA GCA GGA AAT GCA CTT GTC TTT GTC ATA CTA GCT TTC TAT GAG AAA CAG AAG ATG CTA ACA ATA TTT TTG CTG AAC TTG GCT ATA GCT GAC TGG GTC TTC CTT TGG ACG CTG CCA TTC TGG GCA TAT TCT GCT GCT CAG GAG ACT TTT ACC ATG GCA TGT CGT ATT ATA CGA GGC TTG TAT ACT CTG TCA ATG CTA ACT CTA ACA TCT ATC ACC TTT GAC CGG CTT ATT GCT ATT ACT TTT GCG ACC AAA GCA ATG TGT CAA ACC AAA GGC AAA TTA ATC TGT GTC TTG ATC TGG GTG ATC TCA CTA GCA TTT GCT GCA CCA TTT ATT TTT AGT GAG GTG AGT ATT GAT AAG ACA ATA TGC CAG GAA GAA TAC CCA AAC CAT CAC ACA GAA ATG GTT CTT GAA GTG ATC CAA GTG ACC CTT GGC TAT TTT ATT CCC ATG CTA GCC ATG ATC ATC TGC TAC TCA CTA ATT ATT AGA ACC TTA CTG CAT GCC AGG AGT TTT CAA AAG AAC AAA TCT CTA AAG ATA TTT TCT GTA GTT GCT ATA TTT ATT CTT ACT CAG TCA CCC TAC ACT TTC TTG AGA CTG ATA AAG ATC ATA GAC TGG AGC TTT AAC CTG AAC AGC AGC TTT GAA TAT GCA ATC ATT ATA ACA GAA GCT CTT GCT TAT TTC GGC TGT CTT AAT CCT TAT TTC TTC ATG GGG GTG AAA TTC AGG AGG AAC CAG AAA ATT ATT AAA AAT TCA AGA TGC GTC AAA CAA ATT ATA GCT AAA CAG CGG CAA ACC ACT GAA GAA GAA GGC TCT AAA ACT TTT ACT GCC TCA AAT AAT GCA GAT GCA ACA AGC ATG TAC CAG CTA 
Haliaeetus_leucocephalus        ATG GCA ACT ACA GAT ACT GCC AAC TTT TAT TAT AAC TTC TCC ATC ATT GAT CCC AAC GAA AAT GGA AGT GAG AAT TTT CAT TTT ACA AGA GTC TTC CTG CCC TGT ATG TAT TCG GCT GTT TTC ATC CTT GGG CTA GCA GGA AAT GCA CTT GTC TTT GTC ATA CTA GCT TTC TAT GAG AAA CGG AAG ATG CTG ACA ATA TTT TTG CTG AAC TTG GCC ATA GCT GAC TGG GTC TTC CTT TGG ACA CTG CCA TTC TGG GCA TAT TCT GCT GCT CAG GAG ACT TTT ACC GTG GCA TGT CGT ATT ATA CGA GGC TTG TAT ACT CTG TCA ATG CTA ACT CTA ACG TCT ATC ACC TTT GAC CGG CTT ATT GCT ATT ACT TTT GCA ACC AAA GCA ATG TGT CAA ACC AAA GGC AAA TTA ATC TGT GTC TTG ATC TGG GTG ATC TCA CTA GCA TTT GCT GCA CCA TTT ATT TTT AGT GAG GTG AGT ATT GAT AAG ACA ATA TGC CAG GAA GAA TAC CCA AAC CAT CAC ACA GAA ATG GTT CTT GAA GTG ATC CAA GTG ACC CTT GGC TAT TTT ATT CCC ATG CTA GCC ATG ATC ATC TGC TAC TCA CTA ATT ATT AGA ACC TTA CTG CAT GCC AGG AGT TTT CAA AAG AAC AAA TCT CTA AAG ATA TTT TCT GTA GTT GCC ATA TTT ATT CTT ACT CAG TCA CCC TAC ACT TTC TTG AGA CTG ATA AAG ATC ATA GAC TGG AGC TTT AAC CTG AAC AGC AGC TTT GAA TAT GCA ATC ATT ATA ACA GAA GCT CTT GCT TAT TTC GGC TGT CTT AAT CCT TAT TTC TTC ATG GGG GTG AAA TTC AGG AGG AAC CAG AAA ATT ATT AAA AAT TCA AGA TGC GTC AAA CAA GTT ATG GTT AAA CAG TGG CAA ACC ACT GAA GAA GAA GGC TCT AAA ACT TTT ACT GCC TCC AAT AAT GCA GAT GCA ACA AGC ATG TAC CAG CTA 
Tyto_alba                       ATG GCA AAT ACA GAT GCT GCC AAC TTT TAT TAT AAC TTC TCC ATC ATT GAT CCC AAT GAA AAT GGA AGT GAG AAT TTT CAC TTT ACA ACA ATC TTC CTG CCC TGC ATG TAC TCG GCT GTT TTC ATC CTT GGG CTA GCA GGA AAT GCC CTG GTC TTT GTC ATA CTA GTT TTC TAT GAG AAA CTG AAG ATG CTG ACA ATA TTT TTG CTG AAC TTG GCT ATA GCT GAC TGG GTC TTC CTT TGG ACG CTG CCA TTC TGG GCA TAT TCT GCA GCT CAG GAG ACT TTT ACC GTG GCA TGT CGT ATT ATA CGG GGC TTG TAT ACT CTG TCA ATG TTA ACT CTA ACA TCT ATC ACC TTT GAT CGG CTT ATT GCT ATT ACT TTT GCC ACC AAA GCA ATG TGT CAA ACC AAA GGC AAA TTA ATC TGT GTC TTG ATC TGG GTT ATA TCA CTA GCA TTT GCC ACA CCG TTT ATT TTT AGT GAG GTG AGT ATT GAT AAG GCA ATA TGT CAG GAA GAA TAC TCA AAC CAT CAC ACA GAA CTG GTT CTT GAA GTG ATC CAA GTG ACC CTT GGC TAT TTT ATT CCC ATG CTA GCC ATG ATC ATC TGC TAC TCA CTA ATT ATT AGA ACC TTA CTG CAT GCC AGG AGT TTT CAA AAG AAC AAA TCT CTG AAA ATA TTT TCT GTA GTT GTT ATA TTT ATT CTT ACT CAG TCA CCC TAT ACT TTC TTG AGA CTA ATA AAG ATC ATA GAC TGG AGC TTT AAC TTG AAC AGC AGC TTT GAA TAC GCA ATC ATT GTA ACA GAA GCT CTA GCT TAT TTC GGC TGT CTT AAC CCT TAT TTC TTC ATG GGG GTG AAA TTC AGG AGG AAC CAG AAA ATA ATT AAA AAC TCA AGA TGC ATC AAA CAA GTT GCA GCT AAA CCA TGG CAA ACC ACC GAA GAG GAA GGC TCT AAA ACT TTT TCT GCC TCA AAT AAT GCA GAT GCA ACA AGC ATG TAC CCG CTA 
Leptosomus_discolor             ATG GCA ACT TCA GAT GCC ACT AAC TTT TAT TAT AAC TTC TCC ATC ATT GAT CCC AAC GAA AAC AGA AGC GAC AAT TTT CAC TTT ACA AAA GTC TTC CTG CCC TGT ATG TAT TTG ACT GTT TTC ATC CTT GGG CTA GCA GGA AAT GCG CTG GTC TTT GTC ATA CTA GTT TTC TAC GAG AAA CTG AAG ATG CTG ACA ATA TTT TTG CTG AAC TTG GCT ACA GCT GAC TGG GTC TTC CTT TGG ACA CTT CCA TTC TGG GCA TAT TCT GCT GCT CAG GAG ACT TTT ACT GTG GCA TGT CGT ATT ATA CGG GGC TTG TAT ACT CTA TCA ATG TTA ACT CTA ACG TCT ATC ACC TTT GAC CGG CTT ATT GCT ATT ACT TTT GCC ACC AAA GCA ATG TGT CAA ACC AAA GGC AAA TTA ATC TGT GTC TTG ATC TGG GTG ATC TCA CTA GCA TTT GCT GCA CCA TTT ATT TTT AGT GAG GTG AGT ATT GAT AAG GCA ATA TGT GAG GAA GAA TAC CCA AGC CAT CGC ACA GAA CTG GTT CTT GAG GTG ATT CAA GTG ACC CTT GGC TAT TTT ATT CCC ATG CTA GCC ATG ATC ATC TGC TAC TCA CTA ATT ATT AGA ACC TTA CTG CAC GCC AGG AGT TTT CAA AAG AAC AAA TCT CTG AAA ATA TTT TCT GTA GTT GCC GTA TTT ATT CTT ACT CAG TCA CCC TAT ACT TTC TTG AGA CTG ATA AAG ATC ATA GAT TGG AGC TTT AAC TTG AAC AGC AGC TTT GAA TAT GCA ATC ATC GTA ACA GAA GCT CTT GCT TAT TTC GGC TGT CTT AAC CCT TAT TTC TTC ATG GGG GTG AAA TTC AGG AGG AAC CAG AAA ATT ATT AAA AAC TCA AGA TGC GTC AAA CAA GTT ACG GCT AAA CAG TGG CAA CCA ACT GAA GAG GAA GGC TCT AAA ACT TTC ACT GCC TCA AAT AAT GCA GAT GCA ACA AGC ATG TAC CCA CTA 



Printing out site pattern counts


         8        693  P

Ficedula_albicollis             AAA AAA AAA AAA AAA AAA AAA AAA AAA AAC AAC AAC AAC AAC AAC AAG AAG AAT AAT AAT AAT AAT AAT AAT ACA ACA ACA ACA ACA ACA ACC ACC ACC ACC ACC ACT ACT ACT ACT ACT ACT ACT ACT ACT ACT AGA AGA AGA AGC AGC AGC AGC AGC AGG AGT AGT AGT ATA ATA ATA ATA ATA ATA ATA ATA ATC ATC ATC ATC ATC ATC ATG ATG ATG ATG ATG ATG ATT ATT ATT ATT ATT ATT ATT ATT CAA CAA CAA CAA CAA CAA CAC CAC CAG CAG CAG CAG CAT CAT CAT CAT CCA CCA CCA CCA CCC CCC CCT CCT CCT CTA CTA CTA CTC CTG CTG CTG CTG CTG CTG CTG CTG CTG CTG CTT CTT CTT CTT CTT CTT CTT GAA GAA GAA GAC GAC GAG GAG GAG GAG GAT GAT GAT GCA GCA GCA GCA GCA GCA GCA GCC GCC GCC GCC GCC GCC GCT GCT GCT GCT GCT GCT GCT GCT GCT GGA GGA GGC GGC GTA GTA GTC GTC GTC GTG GTG GTG GTG GTT GTT GTT GTT GTT GTT GTT TAC TAC TAC TAT TAT TAT TAT TAT TAT TAT TAT TCA TCA TCC TCC TCT TCT TGC TGG TGG TGG TGT TGT TGT TGT TGT TTA TTA TTA TTA TTC TTC TTC TTC TTC TTC TTG TTG TTG TTG TTT TTT TTT TTT TTT TTT 
Colius_striatus                 ... ..C ..G ..G .G. .GG .GT G.. GG. ... ... ... ..T GCT T.T ... .G. ..C ..C ..G ... .GC .G. GTC ... ... ... ..C ..G .G. ... ... ... ..T .T. ..A ..C ..G ..G ... ... ... GT. T.. TG. ... ... G.. .A. ... ... G.. GTT ... .AC .A. TCC .C. ... ... C.C G.. G.. G.. TC. ... ... ... ... G.G T.. .CA .CC .C. ... ... GA. ..C ..G ... ... ... ... G.C G.. A.. A.G AG. ... ..G .T. .GT GG. AGT ..C ..C ... ..C .CA T.. TG. ... ... ..C ..G ..A ... A.A ... T.. ... ..G ..G T.. AG. A.A A.. ... ... ... ... ... T.. T.. ..C ..C ..G ..G ... T.C T.. A.. ... ... ... ... ..C ... ... ... ..C ... .GC A.. A.. A.. ... ..G ..G .GC AGG AT. ..A ... ... ... .A. ..A ..C ..C ..C ... ... ... .GC .A. ..G ... ..G A.. T.. .C. ... ... ... ... ... T.. A.G A.. .CG ..C ... ... ... C.T G.T ... A.. C.C G.C ..C ..C ..C ... ... ... .T. ..A ... ..G ... ... C.. ... ... CAC ..C ... ... .T. .CC ... ..G ..T CCT C.. C.G GCA ... ... C.. ..C ... ..T A.. C.C .CG ..C ... ... 
Falco_peregrinus                ... ..C ... ... .G. .GG ..C G.. GG. ... ... ... ... .CT T.. ... .G. ..C ... ..C ... .G. .G. GTG ... ... ... ..C ..T .G. ..A ... ... ..T .T. ..C ... ... ... ..A ... ... .A. T.. TG. .AT ... G.. .A. .A. ... G.. GTT ... .A. ... TCG .C. ... T.. C.. ... ... G.. TC. ... ... ... G.. ... T.. .C. ... .C. ... G.. GA. ..C G.G ..C ... ... ... G.. ... A.. A.. ... ... ..G .T. .GT .G. AGT ... ... ... ..C .CA T.. TG. ... ... ..C ..G ... ... A.. ... T.. ... ... ..G T.. .G. A.A A.. ..A ... ... ... ... T.. T.. ... ... ..G ... ... T.. T.. ... ... ... ... ... ..T ... ... ... ... ... .GC A.. A.. ... ... ... ... ... CGG A.T ..A ..A ... ... .T. ... ..C ... .G. ... ... .T. .GC .A. ..G ... ..G A.. T.. .C. ... ... .C. ... ... T.. A.G A.. .C. ..C .C. ... ... ..T ... ... A.. ... A.. ..C ... ... ... ... ... ... ..A ... ... ... ... C.. ... ... CA. ..C ... ... .T. .C. ... ..G ..T CC. C.G ..G C.G ... ..T C.. ..C ... ..T A.. ..C .CA ..C C.. ... 
Falco_tinnunculus               ... ..C ... ... .G. .GG ..C G.. GG. ... ... ... ..T .CT T.. ... .G. ..C ... ..C ... .G. .G. GTG ... ... ... ..C ..T .G. ..A ... ... ..T .T. ..C ... ... ... ..A ... ... .A. T.. TG. .AT ... G.. .A. .A. ... G.. GTT ... .A. ... TCA .C. ... T.. C.. ... ... G.. TC. ... ... ... G.. ... T.. .C. ... .C. ... G.. GA. ..C G.G ..C ... ... G.. G.. ... A.. A.. ... ... ..G .T. .GT .G. AGT ... ... ... ..C .CA T.. TG. ... ... ..C ... ... ... A.A ... T.. ... ... ..G T.. .G. A.A A.. ..A ... ... ... ... T.. T.. ... ... ..G ... ... T.. T.. ... ... ... ... ... ..C ... ... ... ... ... .GC A.. A.. ... ... ... ... ... CGG ATT ..A ..A ... ... .T. ... ..C ... ... ... ... .T. .GC .A. ..G ... ..G A.. T.. .C. ... ... .C. ... ... T.. A.G A.. .C. ..C .C. ... ... ..T ... ... A.. ... A.. ..C ... ... ... ... ... ... ..A ... ... ... ... C.. ... ... CA. ..C ... ... .T. .C. ... ..G ..T CC. C.G ..G C.G ... ..T C.. ..C ... ..T A.. ..C .CA ..C C.. ... 
Aquila_chrysaetos               ... ..C ... ..G .G. .GG ..T G.. GG. ... ... ..T ..T .CT T.T ... .G. ..C ... ..C ... .G. .G. GTG ... ... .T. ..C ..T .G. ... ... ... ..T .TT ..C ... ..C ... ... ... ... .T. T.. TG. ... ... G.. .A. ... ... G.. GCT ... .A. ... TCA .C. ... ... C.. ... ... G.. TC. ... ... ... ... ... T.. .CA ... .C. ... ... GA. ..C ..G ... ... ... ... ... ... A.. A.. ... ... ..G .T. .GT ... AGT ... ... ... ..C .CA T.C TG. ... ... ..C .AG ... ... A.. ... T.. ... ... .AG T.. .G. A.A A.. A.. ..A ... ... ..T ... T.. ... ... ..G ... ... T.. T.. ... ... ... ... ... ..C ..A ... ... ... ... .GC A.. ... ... ... A.. ... ... CAG .T. ..A ..A ... ..G ..C ... ..C ... ... ... ... ... .GC .A. ..G ... ..G A.. T.. .CT ... ... ... A.. ... T.. A.G A.. .C. ..C .C. A.. ... ..T ... ... A.. C.. A.C ..C ... ... ... ... ... ... ..A ... ... ... ... C.A C.. ... CA. ..C ..C ... .T. .C. C.. ..G ..T CC. C.G ..G ..A ... ..T C.. ..C ... ..T A.. ..C .CG ..C ... ... 
Haliaeetus_leucocephalus        ... ..C ... ..G .G. .GG ..T G.. GG. ... ... ..T ..T .CT T.T ... .G. ..C ... ..C ... .G. .G. GTG ... ... .TG ..C ..T .G. ... ... ... ..T .TT ..C ... ..C ... ... ... ... .T. T.. TG. ... ... G.. .A. ... ... G.. GCT ... .A. ... TCA .C. ... ... C.. ... ... G.. TC. ... ... ... ... ... T.. .C. ... .CA ... ... GA. ..C ..G ... ... ... ... ... ... A.. A.. ... ... ..G .T. .GT ... AGT ... ... ... ... .CA T.C TG. ... ... ..C .AG ... ... A.. ... T.. ... ... .GG T.. .G. A.A A.. A.. ... ... ... ..T ... T.. ... ... ..G ... ... T.. T.. ... ... ... ... ... ..C ..A ... ... ... ... .GC A.. ... ... ... A.. ... ... CAG .T. ..A ..A ... ..A ..C A.. ..C ... ... ..C ... ... .GC .A. ..G ... ..G A.. T.. .C. ... ... ... ... ... T.. A.G A.. ... ..C .C. ... ... ..T ... ... A.. C.. A.C ..C ... ... ... ... ... ... ..A ... ... ... ... C.A ... ... CA. ..C ..C ... .T. .CC C.. ..G ..T CC. C.G ..G ..A ... ..T C.. ..C ... ..T A.. ..C .CG ..C ... ... 
Tyto_alba                       ... ..C ... ... .G. .GG ..C G.. GG. ... ... ... ..T .CT T.T ... .G. ..C ... ..C ... .G. .G. GTG ... ... G.. ..C ..T .G. ... ... ... ..T .TT ..C ... ..C .A. ..C ... T.. .T. T.. TG. .C. ... G.. .A. ... ... G.. GTT ... .A. ... TCA .C. ... ... C.G ... G.. G.. TC. ..A ... ... ... ... T.. .CA ... .C. ... ... GA. ..C ..G ... ..A ... ... ... ... A.. A.. ... ... ..G .T. .GT ... AGT ... .CA ... ..C .CG T.. TGC ... T.. ..C ..G ... ... A.. ... T.. ... ... ..G T.. .G. A.A A.. ... ... ... ... ... T.. T.. ..A ... ..G ... ... T.. T.. ... ... ... ... ..T ..C ... ... ... ... ... .GC A.. ..C A.. ... ... ... ... CAG AT. ..A ..A ... ... ..C ... ..C ..C ..A ... ... ... .GC .A. ..G ... ..G A.. T.. ..T A.. ... ..T ... ... T.. A.G A.. .C. ..C .C. ... ... ..T ... ... A.. C.. A.. ..C ..C ... ..C ... ... ... ..A ... ... ... ... C.. ... ... CA. ..C ... ... .T. .C. ... ..G ..T CC. C.A ..G ..A ... ..T C.. ..C ... ..T A.. ..C .CG ..C ... ... 
Leptosomus_discolor             ... ..C ... ... .G. .GG ..C G.. .G. ... .G. ... ... .CT T.. ... .G. ..C ... ..C ... .G. .GC GTG ... T.. ..G ..C ..T .G. ... ... C.A ..T .T. ..C ... ... ... ... ... ... .T. T.. TG. .A. ... G.. .A. ... ... G.. GTT ... .A. ... TCA .C. ... ... C.G .C. G.. G.. TC. ... ... ..T ... ... T.. .C. ... .CA ... ... GA. ..C ..G ... ... ... ... ... ... A.. A.. ... ... ..G .T. .GT .G. AGT G.. ... ... ..C .CA T.. TG. ... ... ..C ... ... ... A.. ... T.. ... ... ..G T.. .G. G.A A.. ... ... ... ..T ... T.. T.. ... ... ..A ... ... T.. T.. ... ... ..G ... ... ..T ... ..C ... ... ... .GC A.. ..G ... ... ... ... ... CAG .T. ..A ..A ... ... A.. ..C ..C ... ... ... ... ... .GC .A. ..G ... ..G A.. T.. .C. ... ... ... ... ... T.. A.G A.. .C. ..C AC. ... ... ..T ... ... A.. C.. A.C ..C ... ... ... ... ... ... ..A ... ... ... ... C.. ... ... CAC ..C ... ... .T. .C. ... ..G ..T CC. C.G ..G ..A ... ..T C.. ..C ... ..C A.. ..C ..G ..C ... ... 

    6    1    3    1    1    1    1    1    1    3    1    1    1    1    1
    4    1    1    1    1    1    1    1    1    3    1    1    1    1    1
    1    2    1    1    1    1    1    1    1    1    2    1    1    1    1
    1    1    1    1    1    3    1    1    1    1    1    1    1    5    1
    1    1    1    1    1    1    6    1    1    1    1    1    1    1    4
    1    1    1    1    1    1    2    1    1    2    1    1    1    4    1
    1    1    1    1    1    1    1    1    1    1    1    1    1    1    1
    1    1    1    1    1    4    2    1    1    1    1    1    1    1    2
    1    1    1    1    1    1    1    2    4    1    1    1    5    1    1
    1    1    1    1    2    1    3    1    1    1    1    3    1    2    1
    1    1    2    1    1    1    1    1    2    1    1    1    4    1    1
    1    1    2    1    1    1    1    1    3    1    1    3    1    1    2
    1    1    1    1    3    1    1    1    1    1    1    1    1    1    1
    5    1    1    1    1    1    2    1    1    1    5    1    1    1    3
    1    1    1    1    1    1    1    1    1    6    1    1    1    1    1
    1    1    1    1    1   11

CODONML (in paml version 4.9, March 2015)  Ficedula_albicollis.aln.faa
Model: One dN/dS ratio for branches, 
Codon frequency model: F3x4
ns =   8  ls = 324

Codon usage in sequences
--------------------------------------------------------------------------------------------------------------------------------------
Phe TTT  16  16  17  17  18  18 | Ser TCT   3   4   5   5   5   5 | Tyr TAT  12   8  11  11  10  10 | Cys TGT   7   6   6   6   5   5
    TTC  11  12  11  11  11  11 |     TCC   2   3   1   1   1   2 |     TAC   3   4   4   4   4   4 |     TGC   1   2   2   2   3   3
Leu TTA   4   3   3   3   2   2 |     TCA   2   3   6   7   6   5 | *** TAA   0   0   0   0   0   0 | *** TGA   0   0   0   0   0   0
    TTG   4   5   6   6   5   5 |     TCG   0   2   1   0   1   1 |     TAG   0   0   0   0   0   0 | Trp TGG   7   6   6   6   5   6
--------------------------------------------------------------------------------------------------------------------------------------
Leu CTT  11   4   9   9   9   9 | Pro CCT   3   2   1   1   1   1 | His CAT   4   1   1   1   2   3 | Arg CGT   0   1   1   1   1   1
    CTC   1   5   0   0   0   0 |     CCC   2   2   4   4   4   4 |     CAC   2   5   1   1   2   1 |     CGC   0   0   1   1   0   0
    CTA   7   5   9   9  10   9 |     CCA   4   4   3   4   3   3 | Gln CAA   9   4   5   5   5   5 |     CGA   0   0   0   0   1   1
    CTG  11  14  10  10   7   8 |     CCG   0   1   1   0   0   0 |     CAG   4   2   4   4   7   6 |     CGG   0   1   3   3   2   2
--------------------------------------------------------------------------------------------------------------------------------------
Ile ATT  10   8   9   9  14  13 | Thr ACT  11   5  11   9  10  11 | Asn AAT   7   4   7   8   7   7 | Ser AGT   3   3   4   4   4   4
    ATC  11  12  12  12  11  11 |     ACC   6   7   5   5   7   7 |     AAC   8  10  12  11   9   9 |     AGC   7   5   3   3   4   4
    ATA  12   8   9   9  11  10 |     ACA   8  12  10  11   8   8 | Lys AAA  16   8  12  12  11  11 | Arg AGA   3   5   3   3   4   4
Met ATG   9   8   7   7  11  11 |     ACG   0   4   2   2   1   1 |     AAG   5  10   4   4   5   5 |     AGG   1   5   3   3   3   3
--------------------------------------------------------------------------------------------------------------------------------------
Val GTT  10   9   8   9   3   5 | Ala GCT  13   7   9  10  13   9 | Asp GAT   5   5   5   4   4   4 | Gly GGT   0   0   1   0   0   0
    GTC   5   7   6   6   6   6 |     GCC   7   8   5   5   4   6 |     GAC   2   5   2   3   3   3 |     GGC   3   7   5   5   5   5
    GTA   2   3   1   1   1   1 |     GCA  10   7  11  11  11  12 | Glu GAA   7   8   9   9  10  10 |     GGA   2   2   2   2   2   2
    GTG   6   6   7   7   5   6 |     GCG   0   4   1   1   1   0 |     GAG   5   5   5   5   4   4 |     GGG   0   2   2   2   2   2
--------------------------------------------------------------------------------------------------------------------------------------

----------------------------------------------------------------------
Phe TTT  18  17 | Ser TCT   6   5 | Tyr TAT   9  10 | Cys TGT   5   6
    TTC  11  12 |     TCC   1   1 |     TAC   5   4 |     TGC   3   2
Leu TTA   3   3 |     TCA   7   7 | *** TAA   0   0 | *** TGA   0   0
    TTG   6   7 |     TCG   1   0 |     TAG   0   0 | Trp TGG   6   6
----------------------------------------------------------------------
Leu CTT   7   9 | Pro CCT   1   1 | His CAT   2   1 | Arg CGT   1   1
    CTC   0   0 |     CCC   4   4 |     CAC   2   2 |     CGC   0   1
    CTA   9   8 |     CCA   2   5 | Gln CAA   5   5 |     CGA   0   0
    CTG  10   9 |     CCG   2   0 |     CAG   4   4 |     CGG   2   2
----------------------------------------------------------------------
Ile ATT  12  13 | Thr ACT   7  13 | Asn AAT   7   4 | Ser AGT   4   3
    ATC  12  11 |     ACC   8   5 |     AAC  10  11 |     AGC   4   6
    ATA  11   7 |     ACA   9   7 | Lys AAA  12  13 | Arg AGA   3   4
Met ATG   9   9 |     ACG   1   2 |     AAG   4   4 |     AGG   3   3
----------------------------------------------------------------------
Val GTT   7   5 | Ala GCT   9   9 | Asp GAT   5   5 | Gly GGT   0   0
    GTC   4   6 |     GCC   7   6 |     GAC   2   3 |     GGC   5   5
    GTA   2   3 |     GCA  12  11 | Glu GAA   9   8 |     GGA   2   1
    GTG   5   6 |     GCG   0   1 |     GAG   5   6 |     GGG   2   2
----------------------------------------------------------------------

Codon position x base (3x4) table for each sequence.

#1: Ficedula_albicollis
position  1:    T:0.22222    C:0.17901    A:0.36111    G:0.23765
position  2:    T:0.40123    C:0.21914    A:0.27469    G:0.10494
position  3:    T:0.35494    C:0.21914    A:0.26543    G:0.16049
Average         T:0.32613    C:0.20576    A:0.30041    G:0.16770

#2: Colius_striatus
position  1:    T:0.22840    C:0.15741    A:0.35185    G:0.26235
position  2:    T:0.38580    C:0.23148    A:0.24383    G:0.13889
position  3:    T:0.25617    C:0.29012    A:0.22222    G:0.23148
Average         T:0.29012    C:0.22634    A:0.27263    G:0.21091

#3: Falco_peregrinus
position  1:    T:0.24383    C:0.16358    A:0.34877    G:0.24383
position  2:    T:0.38272    C:0.23457    A:0.25309    G:0.12963
position  3:    T:0.32407    C:0.22840    A:0.25617    G:0.19136
Average         T:0.31687    C:0.20885    A:0.28601    G:0.18827

#4: Falco_tinnunculus
position  1:    T:0.24383    C:0.16358    A:0.34568    G:0.24691
position  2:    T:0.38580    C:0.23457    A:0.25309    G:0.12654
position  3:    T:0.32099    C:0.22840    A:0.26543    G:0.18519
Average         T:0.31687    C:0.20885    A:0.28807    G:0.18621

#5: Aquila_chrysaetos
position  1:    T:0.23457    C:0.16667    A:0.37037    G:0.22840
position  2:    T:0.38272    C:0.23457    A:0.25617    G:0.12654
position  3:    T:0.32716    C:0.22840    A:0.26235    G:0.18210
Average         T:0.31481    C:0.20988    A:0.29630    G:0.17901

#6: Haliaeetus_leucocephalus
position  1:    T:0.23765    C:0.16358    A:0.36728    G:0.23148
position  2:    T:0.38580    C:0.23148    A:0.25309    G:0.12963
position  3:    T:0.32407    C:0.23457    A:0.25617    G:0.18519
Average         T:0.31584    C:0.20988    A:0.29218    G:0.18210

#7: Tyto_alba      
position  1:    T:0.25000    C:0.15741    A:0.35802    G:0.23457
position  2:    T:0.38889    C:0.23765    A:0.25000    G:0.12346
position  3:    T:0.30864    C:0.24074    A:0.26543    G:0.18519
Average         T:0.31584    C:0.21193    A:0.29115    G:0.18107

#8: Leptosomus_discolor
position  1:    T:0.24691    C:0.16049    A:0.35494    G:0.23765
position  2:    T:0.38580    C:0.23765    A:0.24691    G:0.12963
position  3:    T:0.31481    C:0.24383    A:0.25309    G:0.18827
Average         T:0.31584    C:0.21399    A:0.28498    G:0.18519

Sums of codon usage counts
------------------------------------------------------------------------------
Phe F TTT     137 | Ser S TCT      38 | Tyr Y TAT      81 | Cys C TGT      46
      TTC      90 |       TCC      12 |       TAC      32 |       TGC      18
Leu L TTA      23 |       TCA      43 | *** * TAA       0 | *** * TGA       0
      TTG      44 |       TCG       6 |       TAG       0 | Trp W TGG      48
------------------------------------------------------------------------------
Leu L CTT      67 | Pro P CCT      11 | His H CAT      15 | Arg R CGT       7
      CTC       6 |       CCC      28 |       CAC      16 |       CGC       3
      CTA      66 |       CCA      28 | Gln Q CAA      43 |       CGA       2
      CTG      79 |       CCG       4 |       CAG      35 |       CGG      15
------------------------------------------------------------------------------
Ile I ATT      88 | Thr T ACT      77 | Asn N AAT      51 | Ser S AGT      29
      ATC      92 |       ACC      50 |       AAC      80 |       AGC      36
      ATA      77 |       ACA      73 | Lys K AAA      95 | Arg R AGA      29
Met M ATG      71 |       ACG      13 |       AAG      41 |       AGG      24
------------------------------------------------------------------------------
Val V GTT      56 | Ala A GCT      79 | Asp D GAT      37 | Gly G GGT       1
      GTC      46 |       GCC      48 |       GAC      23 |       GGC      40
      GTA      14 |       GCA      85 | Glu E GAA      70 |       GGA      15
      GTG      48 |       GCG       8 |       GAG      39 |       GGG      14
------------------------------------------------------------------------------


Codon position x base (3x4) table, overall

position  1:    T:0.23843    C:0.16397    A:0.35725    G:0.24035
position  2:    T:0.38735    C:0.23264    A:0.25386    G:0.12616
position  3:    T:0.31636    C:0.23920    A:0.25579    G:0.18866
Average         T:0.31404    C:0.21193    A:0.28897    G:0.18506

Codon frequencies under model, for use in evolver (TTT TTC TTA TTG ... GGG):
  0.03026365  0.02288227  0.02446927  0.01804747
  0.01817627  0.01374304  0.01469618  0.01083927
  0.01983414  0.01499655  0.00000000  0.00000000
  0.00985679  0.00745269  0.00000000  0.00587801
  0.02081238  0.01573619  0.01682757  0.01241128
  0.01249986  0.00945112  0.01010660  0.00745419
  0.01363999  0.01031316  0.01102843  0.00813409
  0.00677853  0.00512523  0.00548069  0.00404232
  0.04534650  0.03428638  0.03666430  0.02704200
  0.02723500  0.02059232  0.02202049  0.01624136
  0.02971912  0.02247055  0.02402900  0.01772274
  0.01476923  0.01116698  0.01194146  0.00880750
  0.03050850  0.02306740  0.02466724  0.01819348
  0.01832333  0.01385423  0.01481508  0.01092696
  0.01999461  0.01511788  0.01616638  0.01192362
  0.00993653  0.00751299  0.00803405  0.00592557



Nei & Gojobori 1986. dN/dS (dN, dS)
(Note: This matrix is not used in later ML. analysis.
Use runmode = -2 for ML pairwise comparison.)

Ficedula_albicollis 
Colius_striatus      0.3521 (0.1894 0.5379)
Falco_peregrinus     0.6184 (0.1626 0.2629) 0.1713 (0.0595 0.3471)
Falco_tinnunculus    0.6050 (0.1638 0.2708) 0.1741 (0.0580 0.3333) 0.1831 (0.0041 0.0221)
Aquila_chrysaetos    0.4596 (0.1538 0.3347) 0.1739 (0.0599 0.3442) 0.2823 (0.0406 0.1438) 0.2831 (0.0392 0.1384)
Haliaeetus_leucocephalus 0.4601 (0.1506 0.3274) 0.1668 (0.0591 0.3545) 0.2628 (0.0399 0.1518) 0.2630 (0.0385 0.1464) 0.2538 (0.0094 0.0370)
Tyto_alba            0.4389 (0.1566 0.3569) 0.1588 (0.0542 0.3413) 0.2381 (0.0378 0.1589) 0.2374 (0.0364 0.1535) 0.1904 (0.0272 0.1428) 0.1509 (0.0263 0.1741)
Leptosomus_discolor  0.5448 (0.1566 0.2875) 0.1695 (0.0614 0.3625) 0.3631 (0.0414 0.1140) 0.3356 (0.0400 0.1191) 0.1913 (0.0321 0.1676) 0.1884 (0.0300 0.1591) 0.1665 (0.0300 0.1804)


TREE #  1:  (((8, 2), 7), (6, 5), (1, (3, 4)));   MP score: 312
lnL(ntime: 13  np: 15):  -2911.946697      +0.000000
   9..10   10..11   11..8    11..2    10..7     9..12   12..6    12..5     9..13   13..1    13..14   14..3    14..4  
 0.005656 0.000653 0.094345 0.297156 0.102605 0.069345 0.026185 0.022222 0.000004 0.547025 0.087501 0.015851 0.009507 3.624805 0.384762

Note: Branch length is defined as number of nucleotide substitutions per codon (not per neucleotide site).

tree length =   1.27806

(((8: 0.094345, 2: 0.297156): 0.000653, 7: 0.102605): 0.005656, (6: 0.026185, 5: 0.022222): 0.069345, (1: 0.547025, (3: 0.015851, 4: 0.009507): 0.087501): 0.000004);

(((Leptosomus_discolor: 0.094345, Colius_striatus: 0.297156): 0.000653, Tyto_alba: 0.102605): 0.005656, (Haliaeetus_leucocephalus: 0.026185, Aquila_chrysaetos: 0.022222): 0.069345, (Ficedula_albicollis: 0.547025, (Falco_peregrinus: 0.015851, Falco_tinnunculus: 0.009507): 0.087501): 0.000004);

Detailed output identifying parameters

kappa (ts/tv) =  3.62481

omega (dN/dS) =  0.38476

dN & dS for each branch

 branch          t       N       S   dN/dS      dN      dS  N*dN  S*dS

   9..10     0.006   689.7   282.3  0.3848  0.0013  0.0033   0.9   0.9
  10..11     0.001   689.7   282.3  0.3848  0.0001  0.0004   0.1   0.1
  11..8      0.094   689.7   282.3  0.3848  0.0215  0.0558  14.8  15.8
  11..2      0.297   689.7   282.3  0.3848  0.0676  0.1758  46.7  49.6
  10..7      0.103   689.7   282.3  0.3848  0.0234  0.0607  16.1  17.1
   9..12     0.069   689.7   282.3  0.3848  0.0158  0.0410  10.9  11.6
  12..6      0.026   689.7   282.3  0.3848  0.0060  0.0155   4.1   4.4
  12..5      0.022   689.7   282.3  0.3848  0.0051  0.0131   3.5   3.7
   9..13     0.000   689.7   282.3  0.3848  0.0000  0.0000   0.0   0.0
  13..1      0.547   689.7   282.3  0.3848  0.1245  0.3236  85.9  91.3
  13..14     0.088   689.7   282.3  0.3848  0.0199  0.0518  13.7  14.6
  14..3      0.016   689.7   282.3  0.3848  0.0036  0.0094   2.5   2.6
  14..4      0.010   689.7   282.3  0.3848  0.0022  0.0056   1.5   1.6

tree length for dN:       0.2909
tree length for dS:       0.7561


Time used:  0:10
