
Loaded 'libv3/all-terms.bf' from /usr/local/lib/hyphy/TemplateBatchFiles/libv3/all-terms.bf
Loaded 'libv3/UtilityFunctions.bf' from /usr/local/lib/hyphy/TemplateBatchFiles/libv3/UtilityFunctions.bf
Loaded 'IOFunctions.bf' from /usr/local/lib/hyphy/TemplateBatchFiles/libv3/IOFunctions.bf
Already loaded 'libv3/UtilityFunctions.bf' from /usr/local/lib/hyphy/TemplateBatchFiles/libv3/UtilityFunctions.bf
Loaded 'convenience/regexp.bf' from /usr/local/lib/hyphy/TemplateBatchFiles/libv3/convenience/regexp.bf
Already loaded 'libv3/all-terms.bf' from /usr/local/lib/hyphy/TemplateBatchFiles/libv3/all-terms.bf
Already loaded 'libv3/IOFunctions.bf' from /usr/local/lib/hyphy/TemplateBatchFiles/libv3/IOFunctions.bf
Loaded 'libv3/models/codon/MG_REV.bf' from /usr/local/lib/hyphy/TemplateBatchFiles/libv3/models/codon/MG_REV.bf
Loaded '../codon.bf' from /usr/local/lib/hyphy/TemplateBatchFiles/libv3/models/codon.bf
Loaded '../tasks/genetic_code.bf' from /usr/local/lib/hyphy/TemplateBatchFiles/libv3/tasks/genetic_code.bf
Loaded 'libv3/convenience/matrix.bf' from /usr/local/lib/hyphy/TemplateBatchFiles/libv3/convenience/matrix.bf
Already loaded 'libv3/UtilityFunctions.bf' from /usr/local/lib/hyphy/TemplateBatchFiles/libv3/UtilityFunctions.bf
Already loaded 'libv3/all-terms.bf' from /usr/local/lib/hyphy/TemplateBatchFiles/libv3/all-terms.bf
Already loaded '../UtilityFunctions.bf' from /usr/local/lib/hyphy/TemplateBatchFiles/libv3/UtilityFunctions.bf
Loaded '../DNA.bf' from /usr/local/lib/hyphy/TemplateBatchFiles/libv3/models/DNA.bf
Loaded 'frequencies.bf' from /usr/local/lib/hyphy/TemplateBatchFiles/libv3/models/frequencies.bf
Already loaded '../all-terms.bf' from /usr/local/lib/hyphy/TemplateBatchFiles/libv3/all-terms.bf
Loaded 'parameters.bf' from /usr/local/lib/hyphy/TemplateBatchFiles/libv3/models/parameters.bf
Loaded 'GrabBag' from /usr/local/lib/hyphy/TemplateBatchFiles/Utility/GrabBag.bf
Overwritten previously defined function:'_sortStringsAux'
Already loaded 'libv3/all-terms.bf' from /usr/local/lib/hyphy/TemplateBatchFiles/libv3/all-terms.bf
Already loaded '../UtilityFunctions.bf' from /usr/local/lib/hyphy/TemplateBatchFiles/libv3/UtilityFunctions.bf
Loaded 'model_functions.bf' from /usr/local/lib/hyphy/TemplateBatchFiles/libv3/models/model_functions.bf
Already loaded 'DNA.bf' from /usr/local/lib/hyphy/TemplateBatchFiles/libv3/models/DNA.bf
Already loaded 'parameters.bf' from /usr/local/lib/hyphy/TemplateBatchFiles/libv3/models/parameters.bf
Already loaded 'frequencies.bf' from /usr/local/lib/hyphy/TemplateBatchFiles/libv3/models/frequencies.bf
Already loaded '../UtilityFunctions.bf' from /usr/local/lib/hyphy/TemplateBatchFiles/libv3/UtilityFunctions.bf
Already loaded '../convenience/regexp.bf' from /usr/local/lib/hyphy/TemplateBatchFiles/libv3/convenience/regexp.bf
Already loaded 'libv3/all-terms.bf' from /usr/local/lib/hyphy/TemplateBatchFiles/libv3/all-terms.bf
Already loaded '../parameters.bf' from /usr/local/lib/hyphy/TemplateBatchFiles/libv3/models/parameters.bf
Already loaded '../frequencies.bf' from /usr/local/lib/hyphy/TemplateBatchFiles/libv3/models/frequencies.bf
Already loaded '../../UtilityFunctions.bf' from /usr/local/lib/hyphy/TemplateBatchFiles/libv3/UtilityFunctions.bf
Loaded 'libv3/tasks/estimators.bf' from /usr/local/lib/hyphy/TemplateBatchFiles/libv3/tasks/estimators.bf
Already loaded '../models/model_functions.bf' from /usr/local/lib/hyphy/TemplateBatchFiles/libv3/models/model_functions.bf
Loaded '../models/DNA/GTR.bf' from /usr/local/lib/hyphy/TemplateBatchFiles/libv3/models/DNA/GTR.bf
Already loaded '../DNA.bf' from /usr/local/lib/hyphy/TemplateBatchFiles/libv3/models/DNA.bf
Already loaded '../parameters.bf' from /usr/local/lib/hyphy/TemplateBatchFiles/libv3/models/parameters.bf
Already loaded '../frequencies.bf' from /usr/local/lib/hyphy/TemplateBatchFiles/libv3/models/frequencies.bf
Already loaded '../../UtilityFunctions.bf' from /usr/local/lib/hyphy/TemplateBatchFiles/libv3/UtilityFunctions.bf
Already loaded 'libv3/all-terms.bf' from /usr/local/lib/hyphy/TemplateBatchFiles/libv3/all-terms.bf
Already loaded '../convenience/regexp.bf' from /usr/local/lib/hyphy/TemplateBatchFiles/libv3/convenience/regexp.bf
Already loaded 'libv3/all-terms.bf' from /usr/local/lib/hyphy/TemplateBatchFiles/libv3/all-terms.bf
Loaded 'libv3/tasks/alignments.bf' from /usr/local/lib/hyphy/TemplateBatchFiles/libv3/tasks/alignments.bf
Already loaded '../IOFunctions.bf' from /usr/local/lib/hyphy/TemplateBatchFiles/libv3/IOFunctions.bf
Already loaded '../all-terms.bf' from /usr/local/lib/hyphy/TemplateBatchFiles/libv3/all-terms.bf
Loaded 'libv3/tasks/mpi.bf' from /usr/local/lib/hyphy/TemplateBatchFiles/libv3/tasks/mpi.bf
Already loaded '../all-terms.bf' from /usr/local/lib/hyphy/TemplateBatchFiles/libv3/all-terms.bf
Already loaded '../models/parameters.bf' from /usr/local/lib/hyphy/TemplateBatchFiles/libv3/models/parameters.bf
Loaded 'libv3/tasks/trees.bf' from /usr/local/lib/hyphy/TemplateBatchFiles/libv3/tasks/trees.bf
Already loaded '../IOFunctions.bf' from /usr/local/lib/hyphy/TemplateBatchFiles/libv3/IOFunctions.bf
Already loaded '../all-terms.bf' from /usr/local/lib/hyphy/TemplateBatchFiles/libv3/all-terms.bf
Already loaded '../convenience/regexp.bf' from /usr/local/lib/hyphy/TemplateBatchFiles/libv3/convenience/regexp.bf
Already loaded '../UtilityFunctions.bf' from /usr/local/lib/hyphy/TemplateBatchFiles/libv3/UtilityFunctions.bf
Loaded 'TreeTools' from /usr/local/lib/hyphy/TemplateBatchFiles/TreeTools.ibf
Loaded 'modules/io_functions.ibf' from /usr/local/lib/hyphy/TemplateBatchFiles/SelectionAnalyses/modules/io_functions.ibf
Already loaded 'libv3/UtilityFunctions.bf' from /usr/local/lib/hyphy/TemplateBatchFiles/libv3/UtilityFunctions.bf
Already loaded 'libv3/IOFunctions.bf' from /usr/local/lib/hyphy/TemplateBatchFiles/libv3/IOFunctions.bf
Already loaded 'libv3/convenience/regexp.bf' from /usr/local/lib/hyphy/TemplateBatchFiles/libv3/convenience/regexp.bf
Already loaded 'libv3/all-terms.bf' from /usr/local/lib/hyphy/TemplateBatchFiles/libv3/all-terms.bf
Loaded 'modules/selection_lib.ibf' from /usr/local/lib/hyphy/TemplateBatchFiles/SelectionAnalyses/modules/selection_lib.ibf
Loaded 'libv3/models/codon/BS_REL.bf' from /usr/local/lib/hyphy/TemplateBatchFiles/libv3/models/codon/BS_REL.bf
Already loaded '../codon.bf' from /usr/local/lib/hyphy/TemplateBatchFiles/libv3/models/codon.bf
Already loaded '../DNA.bf' from /usr/local/lib/hyphy/TemplateBatchFiles/libv3/models/DNA.bf
Already loaded '../parameters.bf' from /usr/local/lib/hyphy/TemplateBatchFiles/libv3/models/parameters.bf
Already loaded '../frequencies.bf' from /usr/local/lib/hyphy/TemplateBatchFiles/libv3/models/frequencies.bf
Already loaded '../../UtilityFunctions.bf' from /usr/local/lib/hyphy/TemplateBatchFiles/libv3/UtilityFunctions.bf
Already loaded 'MG_REV.bf' from /usr/local/lib/hyphy/TemplateBatchFiles/libv3/models/codon/MG_REV.bf
Loaded '../../convenience/math.bf' from /usr/local/lib/hyphy/TemplateBatchFiles/libv3/convenience/math.bf
Already loaded 'libv3/UtilityFunctions.bf' from /usr/local/lib/hyphy/TemplateBatchFiles/libv3/UtilityFunctions.bf
Already loaded 'libv3/convenience/math.bf' from /usr/local/lib/hyphy/TemplateBatchFiles/libv3/convenience/math.bf
Variable 'NORMALIZE_SEQUENCE_NAMES' was not initialized prior to being used
Variable 'ASSUME_REVERSIBLE_MODELS' was not initialized prior to being used
Loaded 'modules/shared-load-file.bf' from /usr/local/lib/hyphy/TemplateBatchFiles/SelectionAnalyses/modules/shared-load-file.bf
Variable 'MARKDOWN_OUTPUT' was not initialized prior to being used
Already loaded 'libv3/convenience/matrix.bf' from /usr/local/lib/hyphy/TemplateBatchFiles/libv3/convenience/matrix.bf
Already loaded 'libv3/UtilityFunctions.bf' from /usr/local/lib/hyphy/TemplateBatchFiles/libv3/UtilityFunctions.bf
Variable 'MONonycp.skipCodeSelectionStep' was not initialized prior to being used
Row and/or column partition is empty. All the data will be used by default.
Variable 'NEXUS_FILE_TREE_MATRIX' was not initialized prior to being used
Variable 'utility.ToggleEnvVariable.cache' was not initialized prior to being used
Variable 'TREE_NODE_NAME_MAPPING' was not initialized prior to being used
Variable 'YMvyVwgn.PROMPT_FOR_FILE' was not initialized prior to being used
Variable 'END_OF_FILE' was not initialized prior to being used
Variable '_DO_TREE_REBALANCE_' was not initialized prior to being used
Variable '_KEEP_I_LABELS_' was not initialized prior to being used
Variable 'INCLUDE_MODEL_SPECS' was not initialized prior to being used
Variable 'utility.ForEachPair.warn_non_rentrant' was not initialized prior to being used
Row and/or column partition is empty. All the data will be used by default.
Row and/or column partition is empty. All the data will be used by default.
Variable 'cJdiGUt_.cache' was not initialized prior to being used
Row and/or column partition is empty. All the data will be used by default.
Variable 'COUNT_GAPS_IN_FREQUENCIES' was not initialized prior to being used
Variable 'kNOT_UfY.model_pi' was not initialized prior to being used
Model kNOT_UfY.model assigned to Gavialis_gangeticus
Model kNOT_UfY.model assigned to Pelodiscus_sinensis
Model kNOT_UfY.model assigned to Trachemys_scripta
Model kNOT_UfY.model assigned to Chrysemys_picta
Model kNOT_UfY.model assigned to Node6
Model kNOT_UfY.model assigned to Terrapene_carolina
Model kNOT_UfY.model assigned to Node5
Model kNOT_UfY.model assigned to Mauremys_reevesii
Model kNOT_UfY.model assigned to Gopherus_evgoodei
Model kNOT_UfY.model assigned to Chelonoidis_abingdonii
Model kNOT_UfY.model assigned to Node12
Model kNOT_UfY.model assigned to Node10
Model kNOT_UfY.model assigned to Node4
Model kNOT_UfY.model assigned to Chelonia_mydas
Model kNOT_UfY.model assigned to Node3
The tips of the tree:kNOT_UfY.tree_0 were matched with the species names from the data in the following numeric order (0-based) {0,8,5,4,6,3,2,1,7}

Pseudo-optimal path's cost 882 vs 1816 for 1..k=> a 2.05896 x improvement
Partition 0 is ASSUMED to have a reversible model
Variable 'USE_LAST_RESULTS' was not initialized prior to being used
Variable 'kNOT_UfY.tree_0.Gavialis_gangeticus.t' was not initialized prior to being used
models.generic.SetBranchLength: kNOT_UfY.tree_0.Gavialis_gangeticus.t=953.4772656995301
Variable 'kNOT_UfY.tree_0.Pelodiscus_sinensis.t' was not initialized prior to being used
models.generic.SetBranchLength: kNOT_UfY.tree_0.Pelodiscus_sinensis.t=479.8370089647948
Variable 'kNOT_UfY.tree_0.Trachemys_scripta.t' was not initialized prior to being used
models.generic.SetBranchLength: kNOT_UfY.tree_0.Trachemys_scripta.t=71.67717498291609
Variable 'kNOT_UfY.tree_0.Chrysemys_picta.t' was not initialized prior to being used
models.generic.SetBranchLength: kNOT_UfY.tree_0.Chrysemys_picta.t=71.67717498291609
Variable 'kNOT_UfY.tree_0.Node6.t' was not initialized prior to being used
models.generic.SetBranchLength: kNOT_UfY.tree_0.Node6.t=31.14504122382567
Variable 'kNOT_UfY.tree_0.Terrapene_carolina.t' was not initialized prior to being used
models.generic.SetBranchLength: kNOT_UfY.tree_0.Terrapene_carolina.t=102.8222162067418
Variable 'kNOT_UfY.tree_0.Node5.t' was not initialized prior to being used
models.generic.SetBranchLength: kNOT_UfY.tree_0.Node5.t=105.2493140558586
Variable 'kNOT_UfY.tree_0.Mauremys_reevesii.t' was not initialized prior to being used
models.generic.SetBranchLength: kNOT_UfY.tree_0.Mauremys_reevesii.t=163.3230549961075
Variable 'kNOT_UfY.tree_0.Gopherus_evgoodei.t' was not initialized prior to being used
models.generic.SetBranchLength: kNOT_UfY.tree_0.Gopherus_evgoodei.t=138.6196748117171
Variable 'kNOT_UfY.tree_0.Chelonoidis_abingdonii.t' was not initialized prior to being used
models.generic.SetBranchLength: kNOT_UfY.tree_0.Chelonoidis_abingdonii.t=138.6196748117171
Variable 'kNOT_UfY.tree_0.Node12.t' was not initialized prior to being used
models.generic.SetBranchLength: kNOT_UfY.tree_0.Node12.t=24.70338018439039
Variable 'kNOT_UfY.tree_0.Node10.t' was not initialized prior to being used
models.generic.SetBranchLength: kNOT_UfY.tree_0.Node10.t=44.7484752664929
Variable 'kNOT_UfY.tree_0.Node4.t' was not initialized prior to being used
models.generic.SetBranchLength: kNOT_UfY.tree_0.Node4.t=96.28222970935519
Variable 'kNOT_UfY.tree_0.Chelonia_mydas.t' was not initialized prior to being used
models.generic.SetBranchLength: kNOT_UfY.tree_0.Chelonia_mydas.t=304.3537599719556
Variable 'kNOT_UfY.tree_0.Node3.t' was not initialized prior to being used
models.generic.SetBranchLength: kNOT_UfY.tree_0.Node3.t=175.4832489928393
Variable 'kNOT_UfY.kNOT_UfY.likelihoodFunction' was not initialized prior to being used
Variable 'SAVE_OPT_STATUS_TO' was not initialized prior to being used
Auto-benchmarked an optimal number (1) of threads.
Set GUI update interval to every 3289-th LF evaluation.
Optimization settings:
	OPTIMIZATION_METHOD = 4
	OPTIMIZATION_PRECISION = 0.001
	MAXIMUM_ITERATIONS_PER_VARIABLE = 5000

Initial parameter values

kNOT_UfY.model.theta_GT = 0.25
kNOT_UfY.model.theta_CT = 1
kNOT_UfY.model.theta_CG = 0.25
kNOT_UfY.model.theta_AT = 0.25
kNOT_UfY.model.theta_AC = 0.25
kNOT_UfY.tree_0.Gavialis_gangeticus.t = 953.477
kNOT_UfY.tree_0.Pelodiscus_sinensis.t = 479.837
kNOT_UfY.tree_0.Trachemys_scripta.t = 71.6772
kNOT_UfY.tree_0.Chrysemys_picta.t = 71.6772
kNOT_UfY.tree_0.Node6.t = 31.145
kNOT_UfY.tree_0.Terrapene_carolina.t = 102.822
kNOT_UfY.tree_0.Node5.t = 105.249
kNOT_UfY.tree_0.Mauremys_reevesii.t = 163.323
kNOT_UfY.tree_0.Gopherus_evgoodei.t = 138.62
kNOT_UfY.tree_0.Chelonoidis_abingdonii.t = 138.62
kNOT_UfY.tree_0.Node12.t = 24.7034
kNOT_UfY.tree_0.Node10.t = 44.7485
kNOT_UfY.tree_0.Node4.t = 96.2822
kNOT_UfY.tree_0.Chelonia_mydas.t = 304.354
kNOT_UfY.tree_0.Node3.t = 175.483
Site 33 evaluated to a 0 probability in ComputeLLWithBranchCache
Optimization finished in 37 loop passes.
3191 likelihood evaluation calls and 18548 matrix exponentiations calls were made

Variable 'BRANCH_LENGTH_STENCIL' was not initialized prior to being used
Variable 'kNOT_UfY.option' was not initialized prior to being used
Variable 'absrel.terms.json.nucleotide_gtr' was not initialized prior to being used
Variable 'Unknown' was not initialized prior to being used
Variable 'BonBshiA.initial_value' was not initialized prior to being used
Variable 'hmDDux_m.data_filter' was not initialized prior to being used
Row and/or column partition is empty. All the data will be used by default.
Auto-benchmarked an optimal number (2) of threads.
Set GUI update interval to every 6578-th LF evaluation.
Optimization settings:
	OPTIMIZATION_METHOD = 4
	OPTIMIZATION_PRECISION = 0.001
	MAXIMUM_ITERATIONS_PER_VARIABLE = 5000

Initial parameter values

frequencies._aux.CF3x4.p0_0 = 0.336615
frequencies._aux.CF3x4.p0_1 = 0.26077
frequencies._aux.CF3x4.p0_2 = 0.451355
frequencies._aux.CF3x4.p1_0 = 0.272574
frequencies._aux.CF3x4.p1_1 = 0.292396
frequencies._aux.CF3x4.p1_2 = 0.249611
frequencies._aux.CF3x4.p2_0 = 0.256884
frequencies._aux.CF3x4.p2_1 = 0.341377
frequencies._aux.CF3x4.p2_2 = 0.41037
Optimization finished in 7 loop passes.
229 likelihood evaluation calls and 0 matrix exponentiations calls were made

Variable 'hmDDux_m.model_MGREV_pi' was not initialized prior to being used
Model hmDDux_m.model_MGREV assigned to Gavialis_gangeticus
Model hmDDux_m.model_MGREV assigned to Pelodiscus_sinensis
Model hmDDux_m.model_MGREV assigned to Trachemys_scripta
Model hmDDux_m.model_MGREV assigned to Chrysemys_picta
Model hmDDux_m.model_MGREV assigned to Node6
Model hmDDux_m.model_MGREV assigned to Terrapene_carolina
Model hmDDux_m.model_MGREV assigned to Node5
Model hmDDux_m.model_MGREV assigned to Mauremys_reevesii
Model hmDDux_m.model_MGREV assigned to Gopherus_evgoodei
Model hmDDux_m.model_MGREV assigned to Chelonoidis_abingdonii
Model hmDDux_m.model_MGREV assigned to Node12
Model hmDDux_m.model_MGREV assigned to Node10
Model hmDDux_m.model_MGREV assigned to Node4
Model hmDDux_m.model_MGREV assigned to Chelonia_mydas
Model hmDDux_m.model_MGREV assigned to Node3
The tips of the tree:hmDDux_m.tree_0 were matched with the species names from the data in the following numeric order (0-based) {0,8,5,4,6,3,2,1,7}

Pseudo-optimal path's cost 2203 vs 4155 for 1..k=> a 1.88606 x improvement
Partition 0 is ASSUMED to have a reversible model
Variable 'hmDDux_m.hmDDux_m.likelihoodFunction' was not initialized prior to being used
Variable 'hmDDux_m.tree_0.Gavialis_gangeticus.alpha' was not initialized prior to being used
Variable 'hmDDux_m.tree_0.Gavialis_gangeticus.beta' was not initialized prior to being used
Variable 'hmDDux_m.tree_0.Pelodiscus_sinensis.alpha' was not initialized prior to being used
Variable 'hmDDux_m.tree_0.Pelodiscus_sinensis.beta' was not initialized prior to being used
Variable 'hmDDux_m.tree_0.Trachemys_scripta.alpha' was not initialized prior to being used
Variable 'hmDDux_m.tree_0.Trachemys_scripta.beta' was not initialized prior to being used
Variable 'hmDDux_m.tree_0.Chrysemys_picta.alpha' was not initialized prior to being used
Variable 'hmDDux_m.tree_0.Chrysemys_picta.beta' was not initialized prior to being used
Variable 'hmDDux_m.tree_0.Terrapene_carolina.alpha' was not initialized prior to being used
Variable 'hmDDux_m.tree_0.Terrapene_carolina.beta' was not initialized prior to being used
Variable 'hmDDux_m.tree_0.Mauremys_reevesii.alpha' was not initialized prior to being used
Variable 'hmDDux_m.tree_0.Mauremys_reevesii.beta' was not initialized prior to being used
Variable 'hmDDux_m.tree_0.Gopherus_evgoodei.alpha' was not initialized prior to being used
Variable 'hmDDux_m.tree_0.Gopherus_evgoodei.beta' was not initialized prior to being used
Variable 'hmDDux_m.tree_0.Chelonoidis_abingdonii.alpha' was not initialized prior to being used
Variable 'hmDDux_m.tree_0.Chelonoidis_abingdonii.beta' was not initialized prior to being used
Variable 'hmDDux_m.tree_0.Chelonia_mydas.alpha' was not initialized prior to being used
Variable 'hmDDux_m.tree_0.Chelonia_mydas.beta' was not initialized prior to being used
Variable 'hmDDux_m.tree_0.Node6.alpha' was not initialized prior to being used
Variable 'hmDDux_m.tree_0.Node6.beta' was not initialized prior to being used
Variable 'hmDDux_m.tree_0.Node5.alpha' was not initialized prior to being used
Variable 'hmDDux_m.tree_0.Node5.beta' was not initialized prior to being used
Variable 'hmDDux_m.tree_0.Node12.alpha' was not initialized prior to being used
Variable 'hmDDux_m.tree_0.Node12.beta' was not initialized prior to being used
Variable 'hmDDux_m.tree_0.Node10.alpha' was not initialized prior to being used
Variable 'hmDDux_m.tree_0.Node10.beta' was not initialized prior to being used
Variable 'hmDDux_m.tree_0.Node4.alpha' was not initialized prior to being used
Variable 'hmDDux_m.tree_0.Node4.beta' was not initialized prior to being used
Variable 'hmDDux_m.tree_0.Node3.alpha' was not initialized prior to being used
Variable 'hmDDux_m.tree_0.Node3.beta' was not initialized prior to being used
Site 14 evaluated to a 0 probability in ComputeTreeBlockByBranch
Site 16 evaluated to a 0 probability in ComputeTreeBlockByBranch
Site 14 evaluated to a 0 probability in ComputeTreeBlockByBranch
Site 22 evaluated to a 0 probability in ComputeTreeBlockByBranch
Site 82 evaluated to a 0 probability in ComputeTreeBlockByBranch
Site 14 evaluated to a 0 probability in ComputeTreeBlockByBranch
Auto-benchmarked an optimal number (2) of threads.
Set GUI update interval to every 197-th LF evaluation.
Initial guess for hmDDux_m.tree_0.Pelodiscus_sinensis.beta is 0.189775
Initial guess for hmDDux_m.tree_0.Pelodiscus_sinensis.alpha is 0.211179
Initial guess for hmDDux_m.tree_0.Node3.beta is 0.0151068
Initial guess for hmDDux_m.tree_0.Node3.alpha is 0.0277848
Initial guess for hmDDux_m.tree_0.Node4.beta is 0.00176287
Initial guess for hmDDux_m.tree_0.Node4.alpha is 0.00375495
Initial guess for hmDDux_m.tree_0.Node5.beta is 0.00656642
Initial guess for hmDDux_m.tree_0.Node5.alpha is 0.00210185
Initial guess for hmDDux_m.tree_0.Node6.beta is 0.00312885
Initial guess for hmDDux_m.tree_0.Node6.alpha is 0.00204565
Initial guess for hmDDux_m.tree_0.Trachemys_scripta.beta is 0.0464436
Initial guess for hmDDux_m.tree_0.Trachemys_scripta.alpha is 0.011151
Initial guess for hmDDux_m.tree_0.Chrysemys_picta.beta is 0.00395109
Initial guess for hmDDux_m.tree_0.Chrysemys_picta.alpha is 0.00090548
Initial guess for hmDDux_m.tree_0.Terrapene_carolina.beta is 0.00185313
Initial guess for hmDDux_m.tree_0.Terrapene_carolina.alpha is 5.60617e-05
Initial guess for hmDDux_m.tree_0.Node10.beta is 0.00722243
Initial guess for hmDDux_m.tree_0.Node10.alpha is 0.00213378
Initial guess for hmDDux_m.tree_0.Mauremys_reevesii.beta is 0.000769633
Initial guess for hmDDux_m.tree_0.Mauremys_reevesii.alpha is 0.000847352
Initial guess for hmDDux_m.tree_0.Node12.beta is -0.00181204
Initial guess for hmDDux_m.tree_0.Node12.alpha is -0.00108382
Initial guess for hmDDux_m.tree_0.Gopherus_evgoodei.beta is 0.00471955
Initial guess for hmDDux_m.tree_0.Gopherus_evgoodei.alpha is 0.00887419
Initial guess for hmDDux_m.tree_0.Chelonoidis_abingdonii.beta is 0.00999487
Initial guess for hmDDux_m.tree_0.Chelonoidis_abingdonii.alpha is 0.00585173
Initial guess for hmDDux_m.tree_0.Chelonia_mydas.beta is 0.00575984
Initial guess for hmDDux_m.tree_0.Chelonia_mydas.alpha is 0.00189305
Optimization settings:
	OPTIMIZATION_METHOD = 4
	OPTIMIZATION_PRECISION = 0.001
	MAXIMUM_ITERATIONS_PER_VARIABLE = 5000

Initial parameter values

hmDDux_m.model_MGREV.theta_GT = 1
hmDDux_m.model_MGREV.theta_CT = 1
hmDDux_m.model_MGREV.theta_AC = 1
hmDDux_m.model_MGREV.theta_CG = 1
hmDDux_m.model_MGREV.theta_AT = 1
hmDDux_m.tree_0.Gavialis_gangeticus.alpha = 0.1
hmDDux_m.tree_0.Gavialis_gangeticus.beta = 0.1
hmDDux_m.tree_0.Pelodiscus_sinensis.alpha = 0.211179
hmDDux_m.tree_0.Pelodiscus_sinensis.beta = 0.189775
hmDDux_m.tree_0.Trachemys_scripta.alpha = 0.011151
hmDDux_m.tree_0.Trachemys_scripta.beta = 0.0464436
hmDDux_m.tree_0.Chrysemys_picta.alpha = 0.00090548
hmDDux_m.tree_0.Chrysemys_picta.beta = 0.00395109
hmDDux_m.tree_0.Node6.alpha = 0.00204565
hmDDux_m.tree_0.Node6.beta = 0.00312885
hmDDux_m.tree_0.Terrapene_carolina.alpha = 5.60617e-05
hmDDux_m.tree_0.Terrapene_carolina.beta = 0.00185313
hmDDux_m.tree_0.Node5.alpha = 0.00210185
hmDDux_m.tree_0.Node5.beta = 0.00656642
hmDDux_m.tree_0.Mauremys_reevesii.alpha = 0.000847352
hmDDux_m.tree_0.Mauremys_reevesii.beta = 0.000769633
hmDDux_m.tree_0.Gopherus_evgoodei.alpha = 0.00887419
hmDDux_m.tree_0.Gopherus_evgoodei.beta = 0.00471955
hmDDux_m.tree_0.Chelonoidis_abingdonii.alpha = 0.00585173
hmDDux_m.tree_0.Chelonoidis_abingdonii.beta = 0.00999487
hmDDux_m.tree_0.Node12.alpha = 0
hmDDux_m.tree_0.Node12.beta = 0
hmDDux_m.tree_0.Node10.alpha = 0.00213378
hmDDux_m.tree_0.Node10.beta = 0.00722243
hmDDux_m.tree_0.Node4.alpha = 0.00375495
hmDDux_m.tree_0.Node4.beta = 0.00176287
hmDDux_m.tree_0.Chelonia_mydas.alpha = 0.00189305
hmDDux_m.tree_0.Chelonia_mydas.beta = 0.00575984
hmDDux_m.tree_0.Node3.alpha = 0.0277848
hmDDux_m.tree_0.Node3.beta = 0.0151068
Optimization finished in 27 loop passes.
3180 likelihood evaluation calls and 12553 matrix exponentiations calls were made

Variable 'bsrel_mixture_aux_0' was not initialized prior to being used
Overwritten previously defined function:'Ff_ZwVeD.rate_generator'
Auto-benchmarked an optimal number (2) of threads.
Set GUI update interval to every 2777-th LF evaluation.
Optimization settings:
	OPTIMIZATION_METHOD = 4
	OPTIMIZATION_PRECISION = 0.001
	MAXIMUM_ITERATIONS_PER_VARIABLE = 5000

Initial parameter values

frequencies._aux.CF3x4.p0_0 = 0.336615
frequencies._aux.CF3x4.p0_1 = 0.26077
frequencies._aux.CF3x4.p0_2 = 0.451355
frequencies._aux.CF3x4.p1_0 = 0.272574
frequencies._aux.CF3x4.p1_1 = 0.292396
frequencies._aux.CF3x4.p1_2 = 0.249611
frequencies._aux.CF3x4.p2_0 = 0.256884
frequencies._aux.CF3x4.p2_1 = 0.341377
frequencies._aux.CF3x4.p2_2 = 0.41037
Optimization finished in 7 loop passes.
229 likelihood evaluation calls and 0 matrix exponentiations calls were made

Variable 'absrel.model.2_pi' was not initialized prior to being used
Variable 'omega1' was not initialized prior to being used
Variable 'omega2' was not initialized prior to being used
Overwritten previously defined function:'Ff_ZwVeD.rate_generator'
Overwritten previously defined function:'Ff_ZwVeD.rate_generator'
Variable 'bsrel_mixture_aux_1' was not initialized prior to being used
Overwritten previously defined function:'Ff_ZwVeD.rate_generator'
Auto-benchmarked an optimal number (2) of threads.
Set GUI update interval to every 2958-th LF evaluation.
Optimization settings:
	OPTIMIZATION_METHOD = 4
	OPTIMIZATION_PRECISION = 0.001
	MAXIMUM_ITERATIONS_PER_VARIABLE = 5000

Initial parameter values

frequencies._aux.CF3x4.p0_0 = 0.336615
frequencies._aux.CF3x4.p0_1 = 0.26077
frequencies._aux.CF3x4.p0_2 = 0.451355
frequencies._aux.CF3x4.p1_0 = 0.272574
frequencies._aux.CF3x4.p1_1 = 0.292396
frequencies._aux.CF3x4.p1_2 = 0.249611
frequencies._aux.CF3x4.p2_0 = 0.256884
frequencies._aux.CF3x4.p2_1 = 0.341377
frequencies._aux.CF3x4.p2_2 = 0.41037
Optimization finished in 7 loop passes.
229 likelihood evaluation calls and 0 matrix exponentiations calls were made

Variable 'absrel.model.3_pi' was not initialized prior to being used
Variable 'omega3' was not initialized prior to being used
Overwritten previously defined function:'Ff_ZwVeD.rate_generator'
Overwritten previously defined function:'Ff_ZwVeD.rate_generator'
Overwritten previously defined function:'Ff_ZwVeD.rate_generator'
Variable 'bsrel_mixture_aux_2' was not initialized prior to being used
Overwritten previously defined function:'Ff_ZwVeD.rate_generator'
Auto-benchmarked an optimal number (3) of threads.
Set GUI update interval to every 2808-th LF evaluation.
Optimization settings:
	OPTIMIZATION_METHOD = 4
	OPTIMIZATION_PRECISION = 0.001
	MAXIMUM_ITERATIONS_PER_VARIABLE = 5000

Initial parameter values

frequencies._aux.CF3x4.p0_0 = 0.336615
frequencies._aux.CF3x4.p0_1 = 0.26077
frequencies._aux.CF3x4.p0_2 = 0.451355
frequencies._aux.CF3x4.p1_0 = 0.272574
frequencies._aux.CF3x4.p1_1 = 0.292396
frequencies._aux.CF3x4.p1_2 = 0.249611
frequencies._aux.CF3x4.p2_0 = 0.256884
frequencies._aux.CF3x4.p2_1 = 0.341377
frequencies._aux.CF3x4.p2_2 = 0.41037
Optimization finished in 7 loop passes.
230 likelihood evaluation calls and 0 matrix exponentiations calls were made

Variable 'absrel.model.4_pi' was not initialized prior to being used
Variable 'omega4' was not initialized prior to being used
Overwritten previously defined function:'Ff_ZwVeD.rate_generator'
Overwritten previously defined function:'Ff_ZwVeD.rate_generator'
Overwritten previously defined function:'Ff_ZwVeD.rate_generator'
Overwritten previously defined function:'Ff_ZwVeD.rate_generator'
Variable 'bsrel_mixture_aux_3' was not initialized prior to being used
Overwritten previously defined function:'Ff_ZwVeD.rate_generator'
Auto-benchmarked an optimal number (2) of threads.
Set GUI update interval to every 2857-th LF evaluation.
Optimization settings:
	OPTIMIZATION_METHOD = 4
	OPTIMIZATION_PRECISION = 0.001
	MAXIMUM_ITERATIONS_PER_VARIABLE = 5000

Initial parameter values

frequencies._aux.CF3x4.p0_0 = 0.336615
frequencies._aux.CF3x4.p0_1 = 0.26077
frequencies._aux.CF3x4.p0_2 = 0.451355
frequencies._aux.CF3x4.p1_0 = 0.272574
frequencies._aux.CF3x4.p1_1 = 0.292396
frequencies._aux.CF3x4.p1_2 = 0.249611
frequencies._aux.CF3x4.p2_0 = 0.256884
frequencies._aux.CF3x4.p2_1 = 0.341377
frequencies._aux.CF3x4.p2_2 = 0.41037
Optimization finished in 7 loop passes.
229 likelihood evaluation calls and 0 matrix exponentiations calls were made

Variable 'absrel.model.5_pi' was not initialized prior to being used
Variable 'omega5' was not initialized prior to being used
The tips of the tree:hmDDux_m.tree_0 were matched with the species names from the data in the following numeric order (0-based) {0,8,5,4,6,3,2,1,7}

Pseudo-optimal path's cost 2203 vs 4155 for 1..k=> a 1.88606 x improvement
Variable 'ZoEYtFQG.best_val' was not initialized prior to being used
Variable 'hmDDux_m.likelihoodFunction' was not initialized prior to being used
Auto-benchmarked an optimal number (4) of threads.
Set GUI update interval to every 76-th LF evaluation.
Optimization settings:
	OPTIMIZATION_METHOD = 4
	OPTIMIZATION_PRECISION = 0.001
	MAXIMUM_ITERATIONS_PER_VARIABLE = 5000

Initial parameter values

hmDDux_m.tree_0.Gavialis_gangeticus.alpha = 1.15896
hmDDux_m.tree_0.Gavialis_gangeticus.bsrel_mixture_aux_0 = 0.5
hmDDux_m.tree_0.Gavialis_gangeticus.omega1 = 0
hmDDux_m.tree_0.Gavialis_gangeticus.omega2 = 2
hmDDux_m.tree_0.Gavialis_gangeticus.beta = 0.745928
Optimization finished in 10 loop passes.
396 likelihood evaluation calls and 762 matrix exponentiations calls were made

The tips of the tree:hmDDux_m.tree_0 were matched with the species names from the data in the following numeric order (0-based) {0,8,5,4,6,3,2,1,7}

Pseudo-optimal path's cost 2203 vs 4155 for 1..k=> a 1.88606 x improvement
Auto-benchmarked an optimal number (7) of threads.
Set GUI update interval to every 71-th LF evaluation.
Optimization settings:
	OPTIMIZATION_METHOD = 4
	OPTIMIZATION_PRECISION = 0.001
	MAXIMUM_ITERATIONS_PER_VARIABLE = 5000

Initial parameter values

hmDDux_m.tree_0.Gavialis_gangeticus.bsrel_mixture_aux_1 = 0.5
hmDDux_m.tree_0.Gavialis_gangeticus.omega1 = 0.132233
hmDDux_m.tree_0.Gavialis_gangeticus.bsrel_mixture_aux_0 = 0.623231
hmDDux_m.tree_0.Gavialis_gangeticus.alpha = 1.36243
hmDDux_m.tree_0.Gavialis_gangeticus.omega2 = 0.8
hmDDux_m.tree_0.Gavialis_gangeticus.omega3 = 9
Optimization finished in 73 loop passes.
2138 likelihood evaluation calls and 6323 matrix exponentiations calls were made

The tips of the tree:hmDDux_m.tree_0 were matched with the species names from the data in the following numeric order (0-based) {0,8,5,4,6,3,2,1,7}

Pseudo-optimal path's cost 2203 vs 4155 for 1..k=> a 1.88606 x improvement
Variable 'hmDDux_m.tree_0.Gavialis_gangeticus.alpha' was not initialized prior to being used
Variable 'hmDDux_m.tree_0.Gavialis_gangeticus.omega1' was not initialized prior to being used
Variable 'hmDDux_m.tree_0.Gavialis_gangeticus.omega2' was not initialized prior to being used
The tips of the tree:hmDDux_m.tree_0 were matched with the species names from the data in the following numeric order (0-based) {0,8,5,4,6,3,2,1,7}

Pseudo-optimal path's cost 2203 vs 4155 for 1..k=> a 1.88606 x improvement
Auto-benchmarked an optimal number (4) of threads.
Set GUI update interval to every 65-th LF evaluation.
Optimization settings:
	OPTIMIZATION_METHOD = 4
	OPTIMIZATION_PRECISION = 0.001
	MAXIMUM_ITERATIONS_PER_VARIABLE = 5000

Initial parameter values

hmDDux_m.tree_0.Node3.alpha = 0.236798
hmDDux_m.tree_0.Node3.bsrel_mixture_aux_0 = 0.9
hmDDux_m.tree_0.Node3.omega1 = 0.2
hmDDux_m.tree_0.Node3.omega2 = 2
hmDDux_m.tree_0.Node3.beta = 0.0819783
Optimization finished in 6 loop passes.
255 likelihood evaluation calls and 481 matrix exponentiations calls were made

The tips of the tree:hmDDux_m.tree_0 were matched with the species names from the data in the following numeric order (0-based) {0,8,5,4,6,3,2,1,7}

Pseudo-optimal path's cost 2203 vs 4155 for 1..k=> a 1.88606 x improvement
The tips of the tree:hmDDux_m.tree_0 were matched with the species names from the data in the following numeric order (0-based) {0,8,5,4,6,3,2,1,7}

Pseudo-optimal path's cost 2203 vs 4155 for 1..k=> a 1.88606 x improvement
Auto-benchmarked an optimal number (8) of threads.
Set GUI update interval to every 89-th LF evaluation.
Optimization settings:
	OPTIMIZATION_METHOD = 4
	OPTIMIZATION_PRECISION = 0.001
	MAXIMUM_ITERATIONS_PER_VARIABLE = 5000

Initial parameter values

hmDDux_m.tree_0.Pelodiscus_sinensis.alpha = 0.22144
hmDDux_m.tree_0.Pelodiscus_sinensis.bsrel_mixture_aux_0 = 0.5
hmDDux_m.tree_0.Pelodiscus_sinensis.beta = 0.0705773
hmDDux_m.tree_0.Pelodiscus_sinensis.omega1 = 0.4
hmDDux_m.tree_0.Pelodiscus_sinensis.omega2 = 0.25
Optimization finished in 9 loop passes.
186 likelihood evaluation calls and 363 matrix exponentiations calls were made

The tips of the tree:hmDDux_m.tree_0 were matched with the species names from the data in the following numeric order (0-based) {0,8,5,4,6,3,2,1,7}

Pseudo-optimal path's cost 2203 vs 4155 for 1..k=> a 1.88606 x improvement
The tips of the tree:hmDDux_m.tree_0 were matched with the species names from the data in the following numeric order (0-based) {0,8,5,4,6,3,2,1,7}

Pseudo-optimal path's cost 2203 vs 4155 for 1..k=> a 1.88606 x improvement
Auto-benchmarked an optimal number (5) of threads.
Set GUI update interval to every 272-th LF evaluation.
Optimization settings:
	OPTIMIZATION_METHOD = 4
	OPTIMIZATION_PRECISION = 0.001
	MAXIMUM_ITERATIONS_PER_VARIABLE = 5000

Initial parameter values

hmDDux_m.tree_0.Chelonia_mydas.beta = 0.0291686
hmDDux_m.tree_0.Chelonia_mydas.omega1 = 0
hmDDux_m.tree_0.Chelonia_mydas.alpha = 0.121544
hmDDux_m.tree_0.Chelonia_mydas.bsrel_mixture_aux_0 = 0.9
hmDDux_m.tree_0.Chelonia_mydas.omega2 = 2
Optimization finished in 15 loop passes.
490 likelihood evaluation calls and 899 matrix exponentiations calls were made

The tips of the tree:hmDDux_m.tree_0 were matched with the species names from the data in the following numeric order (0-based) {0,8,5,4,6,3,2,1,7}

Pseudo-optimal path's cost 2203 vs 4155 for 1..k=> a 1.88606 x improvement
The tips of the tree:hmDDux_m.tree_0 were matched with the species names from the data in the following numeric order (0-based) {0,8,5,4,6,3,2,1,7}

Pseudo-optimal path's cost 2203 vs 4155 for 1..k=> a 1.88606 x improvement
Auto-benchmarked an optimal number (2) of threads.
Set GUI update interval to every 206-th LF evaluation.
Optimization settings:
	OPTIMIZATION_METHOD = 4
	OPTIMIZATION_PRECISION = 0.001
	MAXIMUM_ITERATIONS_PER_VARIABLE = 5000

Initial parameter values

hmDDux_m.tree_0.Mauremys_reevesii.omega2 = 9
hmDDux_m.tree_0.Mauremys_reevesii.alpha = 0.0364716
hmDDux_m.tree_0.Mauremys_reevesii.bsrel_mixture_aux_0 = 0.95
hmDDux_m.tree_0.Mauremys_reevesii.beta = 0.0349627
hmDDux_m.tree_0.Mauremys_reevesii.omega1 = 0.6
Optimization finished in 10 loop passes.
157 likelihood evaluation calls and 319 matrix exponentiations calls were made

The tips of the tree:hmDDux_m.tree_0 were matched with the species names from the data in the following numeric order (0-based) {0,8,5,4,6,3,2,1,7}

Pseudo-optimal path's cost 2203 vs 4155 for 1..k=> a 1.88606 x improvement
The tips of the tree:hmDDux_m.tree_0 were matched with the species names from the data in the following numeric order (0-based) {0,8,5,4,6,3,2,1,7}

Pseudo-optimal path's cost 2203 vs 4155 for 1..k=> a 1.88606 x improvement
Auto-benchmarked an optimal number (6) of threads.
Set GUI update interval to every 2283-th LF evaluation.
Optimization settings:
	OPTIMIZATION_METHOD = 4
	OPTIMIZATION_PRECISION = 0.001
	MAXIMUM_ITERATIONS_PER_VARIABLE = 5000

Initial parameter values

hmDDux_m.tree_0.Gopherus_evgoodei.beta = 0.0171656
hmDDux_m.tree_0.Gopherus_evgoodei.omega1 = 0
hmDDux_m.tree_0.Gopherus_evgoodei.alpha = 0.0518453
hmDDux_m.tree_0.Gopherus_evgoodei.bsrel_mixture_aux_0 = 0.95
hmDDux_m.tree_0.Gopherus_evgoodei.omega2 = 9
Optimization finished in 8 loop passes.
262 likelihood evaluation calls and 485 matrix exponentiations calls were made

The tips of the tree:hmDDux_m.tree_0 were matched with the species names from the data in the following numeric order (0-based) {0,8,5,4,6,3,2,1,7}

Pseudo-optimal path's cost 2203 vs 4155 for 1..k=> a 1.88606 x improvement
The tips of the tree:hmDDux_m.tree_0 were matched with the species names from the data in the following numeric order (0-based) {0,8,5,4,6,3,2,1,7}

Pseudo-optimal path's cost 2203 vs 4155 for 1..k=> a 1.88606 x improvement
Auto-benchmarked an optimal number (2) of threads.
Set GUI update interval to every 231-th LF evaluation.
Optimization settings:
	OPTIMIZATION_METHOD = 4
	OPTIMIZATION_PRECISION = 0.001
	MAXIMUM_ITERATIONS_PER_VARIABLE = 5000

Initial parameter values

hmDDux_m.tree_0.Node10.omega2 = 0.25
hmDDux_m.tree_0.Node10.beta = 0.0182395
hmDDux_m.tree_0.Node10.omega1 = 0.4
hmDDux_m.tree_0.Node10.alpha = 0.0511405
hmDDux_m.tree_0.Node10.bsrel_mixture_aux_0 = 0.75
Optimization finished in 3 loop passes.
120 likelihood evaluation calls and 231 matrix exponentiations calls were made

The tips of the tree:hmDDux_m.tree_0 were matched with the species names from the data in the following numeric order (0-based) {0,8,5,4,6,3,2,1,7}

Pseudo-optimal path's cost 2203 vs 4155 for 1..k=> a 1.88606 x improvement
The tips of the tree:hmDDux_m.tree_0 were matched with the species names from the data in the following numeric order (0-based) {0,8,5,4,6,3,2,1,7}

Pseudo-optimal path's cost 2203 vs 4155 for 1..k=> a 1.88606 x improvement
Auto-benchmarked an optimal number (3) of threads.
Set GUI update interval to every 210-th LF evaluation.
Optimization settings:
	OPTIMIZATION_METHOD = 4
	OPTIMIZATION_PRECISION = 0.001
	MAXIMUM_ITERATIONS_PER_VARIABLE = 5000

Initial parameter values

hmDDux_m.tree_0.Chelonoidis_abingdonii.omega2 = 9
hmDDux_m.tree_0.Chelonoidis_abingdonii.alpha = 0.022367
hmDDux_m.tree_0.Chelonoidis_abingdonii.bsrel_mixture_aux_0 = 0.9
hmDDux_m.tree_0.Chelonoidis_abingdonii.beta = 0.0184717
hmDDux_m.tree_0.Chelonoidis_abingdonii.omega1 = 0
Optimization finished in 9 loop passes.
269 likelihood evaluation calls and 525 matrix exponentiations calls were made

The tips of the tree:hmDDux_m.tree_0 were matched with the species names from the data in the following numeric order (0-based) {0,8,5,4,6,3,2,1,7}

Pseudo-optimal path's cost 2203 vs 4155 for 1..k=> a 1.88606 x improvement
The tips of the tree:hmDDux_m.tree_0 were matched with the species names from the data in the following numeric order (0-based) {0,8,5,4,6,3,2,1,7}

Pseudo-optimal path's cost 2203 vs 4155 for 1..k=> a 1.88606 x improvement
Auto-benchmarked an optimal number (3) of threads.
Set GUI update interval to every 230-th LF evaluation.
Optimization settings:
	OPTIMIZATION_METHOD = 4
	OPTIMIZATION_PRECISION = 0.001
	MAXIMUM_ITERATIONS_PER_VARIABLE = 5000

Initial parameter values

hmDDux_m.tree_0.Trachemys_scripta.alpha = 0.0316018
hmDDux_m.tree_0.Trachemys_scripta.bsrel_mixture_aux_0 = 0.75
hmDDux_m.tree_0.Trachemys_scripta.beta = 0.00573587
hmDDux_m.tree_0.Trachemys_scripta.omega1 = 0
hmDDux_m.tree_0.Trachemys_scripta.omega2 = 0.75
Optimization finished in 6 loop passes.
198 likelihood evaluation calls and 383 matrix exponentiations calls were made

The tips of the tree:hmDDux_m.tree_0 were matched with the species names from the data in the following numeric order (0-based) {0,8,5,4,6,3,2,1,7}

Pseudo-optimal path's cost 2203 vs 4155 for 1..k=> a 1.88606 x improvement
The tips of the tree:hmDDux_m.tree_0 were matched with the species names from the data in the following numeric order (0-based) {0,8,5,4,6,3,2,1,7}

Pseudo-optimal path's cost 2203 vs 4155 for 1..k=> a 1.88606 x improvement
Auto-benchmarked an optimal number (6) of threads.
Set GUI update interval to every 297-th LF evaluation.
Optimization settings:
	OPTIMIZATION_METHOD = 4
	OPTIMIZATION_PRECISION = 0.001
	MAXIMUM_ITERATIONS_PER_VARIABLE = 5000

Initial parameter values

hmDDux_m.tree_0.Node4.beta = 0.0075376
hmDDux_m.tree_0.Node4.omega1 = 0.4
hmDDux_m.tree_0.Node4.omega2 = 0.25
hmDDux_m.tree_0.Node4.alpha = 0.0227299
hmDDux_m.tree_0.Node4.bsrel_mixture_aux_0 = 0.5
Optimization finished in 3 loop passes.
67 likelihood evaluation calls and 121 matrix exponentiations calls were made

The tips of the tree:hmDDux_m.tree_0 were matched with the species names from the data in the following numeric order (0-based) {0,8,5,4,6,3,2,1,7}

Pseudo-optimal path's cost 2203 vs 4155 for 1..k=> a 1.88606 x improvement
The tips of the tree:hmDDux_m.tree_0 were matched with the species names from the data in the following numeric order (0-based) {0,8,5,4,6,3,2,1,7}

Pseudo-optimal path's cost 2203 vs 4155 for 1..k=> a 1.88606 x improvement
Auto-benchmarked an optimal number (2) of threads.
Set GUI update interval to every 239-th LF evaluation.
Optimization settings:
	OPTIMIZATION_METHOD = 4
	OPTIMIZATION_PRECISION = 0.001
	MAXIMUM_ITERATIONS_PER_VARIABLE = 5000

Initial parameter values

hmDDux_m.tree_0.Node6.omega2 = 0.5
hmDDux_m.tree_0.Node6.alpha = 0.0157216
hmDDux_m.tree_0.Node6.bsrel_mixture_aux_0 = 0.5
hmDDux_m.tree_0.Node6.beta = 0.00861952
hmDDux_m.tree_0.Node6.omega1 = 0.6
Optimization finished in 3 loop passes.
99 likelihood evaluation calls and 187 matrix exponentiations calls were made

The tips of the tree:hmDDux_m.tree_0 were matched with the species names from the data in the following numeric order (0-based) {0,8,5,4,6,3,2,1,7}

Pseudo-optimal path's cost 2203 vs 4155 for 1..k=> a 1.88606 x improvement
The tips of the tree:hmDDux_m.tree_0 were matched with the species names from the data in the following numeric order (0-based) {0,8,5,4,6,3,2,1,7}

Pseudo-optimal path's cost 2203 vs 4155 for 1..k=> a 1.88606 x improvement
Auto-benchmarked an optimal number (8) of threads.
Set GUI update interval to every 2958-th LF evaluation.
Optimization settings:
	OPTIMIZATION_METHOD = 4
	OPTIMIZATION_PRECISION = 0.001
	MAXIMUM_ITERATIONS_PER_VARIABLE = 5000

Initial parameter values

hmDDux_m.tree_0.Node5.beta = 0.00303388
hmDDux_m.tree_0.Node5.omega1 = 0
hmDDux_m.tree_0.Node5.alpha = 0.0270748
hmDDux_m.tree_0.Node5.bsrel_mixture_aux_0 = 0.5
hmDDux_m.tree_0.Node5.omega2 = 0.25
Optimization finished in 6 loop passes.
200 likelihood evaluation calls and 357 matrix exponentiations calls were made

The tips of the tree:hmDDux_m.tree_0 were matched with the species names from the data in the following numeric order (0-based) {0,8,5,4,6,3,2,1,7}

Pseudo-optimal path's cost 2203 vs 4155 for 1..k=> a 1.88606 x improvement
The tips of the tree:hmDDux_m.tree_0 were matched with the species names from the data in the following numeric order (0-based) {0,8,5,4,6,3,2,1,7}

Pseudo-optimal path's cost 2203 vs 4155 for 1..k=> a 1.88606 x improvement
Auto-benchmarked an optimal number (3) of threads.
Set GUI update interval to every 413-th LF evaluation.
Optimization settings:
	OPTIMIZATION_METHOD = 4
	OPTIMIZATION_PRECISION = 0.001
	MAXIMUM_ITERATIONS_PER_VARIABLE = 5000

Initial parameter values

hmDDux_m.tree_0.Terrapene_carolina.omega2 = 0.25
hmDDux_m.tree_0.Terrapene_carolina.alpha = 0
hmDDux_m.tree_0.Terrapene_carolina.bsrel_mixture_aux_0 = 0.98
hmDDux_m.tree_0.Terrapene_carolina.beta = 0.00573709
hmDDux_m.tree_0.Terrapene_carolina.omega1 = 0
Optimization finished in 74 loop passes.
1880 likelihood evaluation calls and 3531 matrix exponentiations calls were made

The tips of the tree:hmDDux_m.tree_0 were matched with the species names from the data in the following numeric order (0-based) {0,8,5,4,6,3,2,1,7}

Pseudo-optimal path's cost 2203 vs 4155 for 1..k=> a 1.88606 x improvement
The tips of the tree:hmDDux_m.tree_0 were matched with the species names from the data in the following numeric order (0-based) {0,8,5,4,6,3,2,1,7}

Pseudo-optimal path's cost 2203 vs 4155 for 1..k=> a 1.88606 x improvement
Auto-benchmarked an optimal number (2) of threads.
Set GUI update interval to every 201-th LF evaluation.
Optimization settings:
	OPTIMIZATION_METHOD = 4
	OPTIMIZATION_PRECISION = 0.001
	MAXIMUM_ITERATIONS_PER_VARIABLE = 5000

Initial parameter values

hmDDux_m.tree_0.Chrysemys_picta.alpha = 0.00776958
hmDDux_m.tree_0.Chrysemys_picta.bsrel_mixture_aux_0 = 0.98
hmDDux_m.tree_0.Chrysemys_picta.beta = 0
hmDDux_m.tree_0.Chrysemys_picta.omega1 = 0
hmDDux_m.tree_0.Chrysemys_picta.omega2 = 0.25
Optimization finished in 4 loop passes.
114 likelihood evaluation calls and 223 matrix exponentiations calls were made

The tips of the tree:hmDDux_m.tree_0 were matched with the species names from the data in the following numeric order (0-based) {0,8,5,4,6,3,2,1,7}

Pseudo-optimal path's cost 2203 vs 4155 for 1..k=> a 1.88606 x improvement
The tips of the tree:hmDDux_m.tree_0 were matched with the species names from the data in the following numeric order (0-based) {0,8,5,4,6,3,2,1,7}

Pseudo-optimal path's cost 2203 vs 4155 for 1..k=> a 1.88606 x improvement
Auto-benchmarked an optimal number (3) of threads.
Set GUI update interval to every 597-th LF evaluation.
Optimization settings:
	OPTIMIZATION_METHOD = 4
	OPTIMIZATION_PRECISION = 0.001
	MAXIMUM_ITERATIONS_PER_VARIABLE = 5000

Initial parameter values

hmDDux_m.tree_0.Node12.beta = 0
hmDDux_m.tree_0.Node12.omega1 = 0
hmDDux_m.tree_0.Node12.omega2 = 0.25
hmDDux_m.tree_0.Node12.alpha = 0
hmDDux_m.tree_0.Node12.bsrel_mixture_aux_0 = 0.98
Optimization finished in 3 loop passes.
135 likelihood evaluation calls and 109 matrix exponentiations calls were made

The tips of the tree:hmDDux_m.tree_0 were matched with the species names from the data in the following numeric order (0-based) {0,8,5,4,6,3,2,1,7}

Pseudo-optimal path's cost 2203 vs 4155 for 1..k=> a 1.88606 x improvement
Variable 'PAqrNtlt.hmDDux_m.likelihoodFunction' was not initialized prior to being used
Auto-benchmarked an optimal number (3) of threads.
Set GUI update interval to every 55-th LF evaluation.
Optimization settings:
	OPTIMIZATION_METHOD = 4
	OPTIMIZATION_PRECISION = 0.001
	MAXIMUM_ITERATIONS_PER_VARIABLE = 5000

Initial parameter values

hmDDux_m.model_MGREV.theta_CT = 1.15532
hmDDux_m.model_MGREV.theta_GT = 0.440977
hmDDux_m.model_MGREV.theta_CG = 0.674432
hmDDux_m.model_MGREV.theta_AC = 0.453262
hmDDux_m.model_MGREV.theta_AT = 0.391568
hmDDux_m.tree_0.Gavialis_gangeticus.alpha = 1.36243
hmDDux_m.tree_0.Gavialis_gangeticus.bsrel_mixture_aux_0 = 0.623231
hmDDux_m.tree_0.Gavialis_gangeticus.omega2 = 2.28041
hmDDux_m.tree_0.Gavialis_gangeticus.omega1 = 0.132233
hmDDux_m.tree_0.Pelodiscus_sinensis.alpha = 0.22144
hmDDux_m.tree_0.Pelodiscus_sinensis.beta = 0.0705773
hmDDux_m.tree_0.Trachemys_scripta.alpha = 0.0316018
hmDDux_m.tree_0.Trachemys_scripta.beta = 0.00573587
hmDDux_m.tree_0.Chrysemys_picta.alpha = 0.00776958
hmDDux_m.tree_0.Chrysemys_picta.beta = 0
hmDDux_m.tree_0.Node6.alpha = 0.0157216
hmDDux_m.tree_0.Node6.beta = 0.00861952
hmDDux_m.tree_0.Terrapene_carolina.beta = 0.00573709
hmDDux_m.tree_0.Terrapene_carolina.alpha = 0
hmDDux_m.tree_0.Node5.beta = 0.00303388
hmDDux_m.tree_0.Node5.alpha = 0.0270748
hmDDux_m.tree_0.Mauremys_reevesii.alpha = 0.0364716
hmDDux_m.tree_0.Mauremys_reevesii.beta = 0.0349627
hmDDux_m.tree_0.Gopherus_evgoodei.alpha = 0.069127
hmDDux_m.tree_0.Gopherus_evgoodei.beta = 0.0171656
hmDDux_m.tree_0.Chelonoidis_abingdonii.alpha = 0.022367
hmDDux_m.tree_0.Chelonoidis_abingdonii.beta = 0.0184717
hmDDux_m.tree_0.Node12.beta = 0
hmDDux_m.tree_0.Node12.alpha = 0
hmDDux_m.tree_0.Node10.alpha = 0.0511405
hmDDux_m.tree_0.Node10.beta = 0.0182395
hmDDux_m.tree_0.Node4.beta = 0.0075376
hmDDux_m.tree_0.Node4.alpha = 0.0227299
hmDDux_m.tree_0.Chelonia_mydas.beta = 0.0291686
hmDDux_m.tree_0.Chelonia_mydas.alpha = 0.121544
hmDDux_m.tree_0.Node3.alpha = 0.236798
hmDDux_m.tree_0.Node3.beta = 0.0819783
Optimization finished in 30 loop passes.
4155 likelihood evaluation calls and 17190 matrix exponentiations calls were made

Auto-benchmarked an optimal number (2) of threads.
Set GUI update interval to every 66-th LF evaluation.
Optimization settings:
	OPTIMIZATION_METHOD = 4
	OPTIMIZATION_PRECISION = 0.001
	MAXIMUM_ITERATIONS_PER_VARIABLE = 5000

Initial parameter values

hmDDux_m.model_MGREV.theta_GT = 0.327047
hmDDux_m.model_MGREV.theta_CT = 1.11378
hmDDux_m.model_MGREV.theta_AC = 0.374664
hmDDux_m.model_MGREV.theta_CG = 0.576458
hmDDux_m.model_MGREV.theta_AT = 0.291423
hmDDux_m.tree_0.Gavialis_gangeticus.alpha = 1.45209
hmDDux_m.tree_0.Gavialis_gangeticus.bsrel_mixture_aux_0 = 0.696097
hmDDux_m.tree_0.Gavialis_gangeticus.omega1 = 0.195594
hmDDux_m.tree_0.Pelodiscus_sinensis.alpha = 0.255135
hmDDux_m.tree_0.Pelodiscus_sinensis.beta = 0.0896363
hmDDux_m.tree_0.Trachemys_scripta.alpha = 0.0342005
hmDDux_m.tree_0.Trachemys_scripta.beta = 0.0065215
hmDDux_m.tree_0.Chrysemys_picta.alpha = 0.00840543
hmDDux_m.tree_0.Chrysemys_picta.beta = 0
hmDDux_m.tree_0.Node6.alpha = 0.0170242
hmDDux_m.tree_0.Node6.beta = 0.00979835
hmDDux_m.tree_0.Terrapene_carolina.alpha = 0
hmDDux_m.tree_0.Terrapene_carolina.beta = 0.00652251
hmDDux_m.tree_0.Node5.beta = 0.00341534
hmDDux_m.tree_0.Node5.alpha = 0.0293081
hmDDux_m.tree_0.Mauremys_reevesii.alpha = 0.0393218
hmDDux_m.tree_0.Mauremys_reevesii.beta = 0.0398378
hmDDux_m.tree_0.Gopherus_evgoodei.alpha = 0.0746782
hmDDux_m.tree_0.Gopherus_evgoodei.beta = 0.019578
hmDDux_m.tree_0.Chelonoidis_abingdonii.beta = 0.0210139
hmDDux_m.tree_0.Chelonoidis_abingdonii.alpha = 0.0242632
hmDDux_m.tree_0.Node12.beta = 0
hmDDux_m.tree_0.Node12.alpha = 0
hmDDux_m.tree_0.Node10.alpha = 0.0554545
hmDDux_m.tree_0.Node10.beta = 0.0207768
hmDDux_m.tree_0.Node4.beta = 0.00862162
hmDDux_m.tree_0.Node4.alpha = 0.0255671
hmDDux_m.tree_0.Chelonia_mydas.beta = 0.0330815
hmDDux_m.tree_0.Chelonia_mydas.alpha = 0.130809
hmDDux_m.tree_0.Node3.alpha = 0.244783
hmDDux_m.tree_0.Node3.beta = 0.0847323
Optimization finished in 23 loop passes.
2629 likelihood evaluation calls and 10781 matrix exponentiations calls were made

Variable 'USE_JSON_FOR_MATRIX' was not initialized prior to being used