
Before deleting alignment gaps
      9   1050

Alligator_sinensis              ATG GAA ATG --- GAT TTA AGT TAC CTG TAT GGT AAC CTC ATA CCC ATT GAT TTC AGC TTG AAT GAG AAA TTC TTC ACC TTT AGC AAA ATC TTT GTG CCT TTA TGT ATT AAT NNN GCT TCT GTC TTT GGG CTG ATG GGA AAC NNN TTC --- CTT AAC ATG TAC ATT CTC TAT GAG AAA TTT AAG ACC CTA CCA GAT GTA TTT TTG GTT ACC NNN GCT GGC TTG GTT AAT GCT GAC CTA CTG --- --- --- --- --- CCA TTC TGG GCA TAT TCT GCT GCT TAC AAG TGG ATT TTT GGC ACC ACA ATG TGT TGT ATT ATA NNN AGC ATT TAT AAC TTG AAT CTC TAC ACT TCA GTG TTG ACA TTA ACC TGT ATA AGT ACT GTC AGG TTT ATT GCT ATT GCT CAA GCA ACC AAA GCC AAT GTG AGT CAA GCC AAA ATA ATG GTG TGG GGC AAA GCA GTC TGT ATT TTG GTA TGG ATG ATA TCA GTA CCA TTT GCC ATG TCA CAG TTT ATT TAT AAT GCA CAG TTC AAA --- --- --- --- --- TGT TTC --- ATA TTC TGT TCC CAG TTG CTT --- --- --- --- --- --- GTT GAG GTT ACC TAT GGC TTA CCC TTT CAA CCT GAA --- --- --- --- --- --- --- CAA ATA TTT ATC AAG CAA ACA TTT TTT TTT AAA GCC ACA GAT GAA AAC GCA CAA CTA AAA GTT AAA TTA CAA TAC ATG CCT GGG GTC CAT TCC CTA ACT TTT AGA ATT CTG ACT TGG TTA AAA CTC CTA AAG GAA ACA ATT AAT CAC TTG TCC TTT AGA ATG NNN TTA GCA AAT AAT --- --- --- --- --- --- --- --- --- --- --- --- --- --- --- --- --- --- --- --- --- --- --- --- GGG TTG ACT GAC AGA TCA ATA TTT AAA GAC ACA ATG CTC AAT --- --- --- --- --- --- --- --- --- --- --- --- --- --- --- --- --- --- --- TCT GCT CCC ACT TGC ACA GCT TGC ATC AAC --- --- --- --- --- AGA GTT CAT GTC 
Chelonia_mydas                  ATG GAG CTT CCA GAT TGT TAT TAC CCA GAC CTT AAC CTT ACG TGC AAC GAT TAC AAT GAG AAT GAA CAT TTT CTC AGG GCC AGC AAA ATC TTT CTG CCC TGT ATG TAT GCA TTT GCT TTT GCC TTC GGG CTG ATA GGA AAT TCT TTG GTC CTT ATC ATA TAC ATT TTC TGT GAG AAA CTG AAG ACG TTG ACA GAT GTA TTT TTA GTG AGC TTG GCT --- --- --- ACA GCA GAC TTG CTT TTC CTT TCC ACC TTG CCA TTC TGG GCA TAT TCT GCT GCT CGC GAG TGG ATT TTT GGC TCC TTG ATG TGT AAA ATT ATA CGG GGC CTG TAC ACT TTG AAT CTG TAC ACT TCA ATG TTA ACA CTC ACT TGT ATA ACT ATT GAC AGA TTT ATT GCT ATT GCC CAA GCC ACA AAA GCC CAC ATG TGT CAA GCC AAA AGA ATG GTT TGG GGG AAA GTG ATC TGC ATT TTA GTT TGG GTG ATT TCA CTA GCA TTT GCA ACG CCA CAA TTT AAA TAC AGT ACA CAA TCA AAC TAT GAT AAG TCA GTC TGT CAT GCA GTG TAT CCT TCA GAT CTC ACA GAA TTG GTT TTT AAA GTA CTT CAA ATG ACC CTT GGA TTC --- TTT ATC CCC ATG CTA ACC ATG ATT ATC TGC TAC TCA ATA ATT ATC AAA ACT TTA CTT CGT GCC AGG AGT TTC CAA AAA CAC AAA TCC TTA AAA ATA ATA TTT TCT ATA GTA GTG --- ACG TTC ATT CTT ACT CAG TTA CCC TAC AAT TTG TTG ATA CTC ATA CGC AAT ATA --- --- CAT GTG GAA TTC AAC CTG GAC TAC AAT TTC GAC TCT GCG GTG GTT ATA ACA GAA GCA ATT GCT TAT CTC CAT GGC TGT CTC AAC CCT GTT CTA TAT TTC TTT ATT GGG GTG AAG TTC AGG AAG AAC TTC CAG AAA ATC ATC AAG AAC ATC AGA TGT GTT AAG CGC CAA GGT ATT GTG AAG CAA TGG CAA ACC ACT GAA GAT GAG GGC TCG AAA ACT TGT ACT GCC TCA CCC AAT GTA GAA GCA ACA AGC ATG TAT CCA TTA 
Chrysemys_picta                 ATG GAG CTT CCA GAA TGT TAT TAC CCA GAC CTT AAC CTC ACG TGC AAC GAT TAC AAT GAA AAT GAA CAT TTT CTC CAG GCC AGC AAA ATC TTT CTG CCC TGT ATG TAT GCA TTA GCT TTC GCC TTT GGG CTG ATA GGA AAT TCT TTG GTC CTT ATC ATA TAC ATT TTC TGT GAG AAA CTG AAG ACA TTG ACG GAT GTA TTT TTA GTG AGC TTG GCT --- --- --- ACA GCA GAC TTG CTT TTC CTT TCC ACC TTG CCA TTC TGG GCA TAT TCT GCT GCT CAT GAG TGG ATT TTT GGC TCC TTG ATG TGT AAA ATT ATA CGG GGC CTG TAC ACT TTG AAT CTG TAC ACT TCA ATG TTA ACG CTC ACT TGT ATA ACT ATT GAC AGG TTT ATT GCT ATT GCC CAA GCC ACA AAA GCC CAC ATG TGT CAA GCC AAA AGA ATG GTT TGG GGG AAA GTC ATC TGC ATG TTA GTT TGG GTG ATT TCA CTA GCA TTT GCA ATG CCA CAA TTT AAA TAC AGT AGA CAA TCG AAC TAC GAT AAG TCA GTC TGT CAT GCA ATA TAC CCT TCA CAT CTC ATA GAG TTG GTT TTT AAA GTA CTC CAA ATG ACT CTT GGA TTC --- TTT ATC CCC ATG CTA ACC ATG ATT ATC TGC TAC TCA ATA ATT ATC AAA ACT TTA TTT CAT GCC AGG AGT TTC CAA AAG CAC AAA TCC TTA AAA ATA ATA TTT TCT ATA GTA GTG --- GTG TTC ATT CTT ACT CAG TTA CCC TAC AAT TTA TTG ATA CTC ATA CGC AAT ATA --- --- CAT GTG GAA TTC AAC CTG GAC TAC AAT TTC GAC TCT GCG GTG GTC ATA ACA GAA GCA ATT GCT TAT CTC CAT GGC TGT CTC AAC CCC GTT CTG TAT TTC TTT ATT GGG GTG AAG TTC AGG AAG AAC TTC CAG AAA ATC ATT AAG AAC ATC AGA TGT GTT AAG CGC CAA GGT ATC GTG AAG CAA TGG CAA ACC ACT GAA GAG GAG GGC TCG AAA ACT TGT ACT GCC TCA CCC AAT GTA GAA GCA ACA AGC ATG TAT CCA TTA 
Trachemys_scripta               ATG GAG CTT CCA GAA TGT TAT TAC CCA GAC CTT AAC CTC ACA TGC AAC GAT TAC AAT GAA AAT GAA CAT TTT CTC CAG GCC AGC AAA ATC TTT CTG CCC TGT ATG TAT GCA TTA GCT TTC GCC TTT GGG CTG ATA GGA AAT TCT TTG GTC CTT ATC ATA TAC ATT TTC TGT GAG AAA CTG AAG ACA TTG ACG GAT GTA TTT TTA GTG AGC TTG GCT --- --- --- ACA GCA GAC TTG CTT TTC CTT TCC ACC TTG CCA TTC TGG GCA TAT TCT GCT GCT CAT GAG TGG ATT TTT GGC TCC TTG ATG TGT AAA ATT ATA CGG GGC CTG TAT ACT TTG AAT CTG TAC ACT TCA ATG TTA ACG CTC ACT TGT ATA ACT ATT GAC AGG TTT ATT GCT ATT GCC CAA GCC ACA AAA GCC CAC ATG TGT CAA GCC AAA AGA ATG GTT TGG GGG AAA GTC ATC TGC ATG TTA GTT TGG GTG ATT TCA CTA GCA TTT GCA ATG CCA CAA TTT AAA TAC AGT AGA CAA TCG AAC TAC GAT AAG TCA GTC TGT CAT GCA ATA TAT CCT TCA CAT CTC ATA GAG TTG GTT TTT AAA GTA CTC CAA ATG ACC CTT GGA TTC --- TTT ATC CCC ATG CTA ACC ATG ATT ATC TGC TAC TCA ATA ATT ATC AAA ACT TTA TTT CAT GCC AGG AAT TTC CAA AAG CAC AAA TCC TTA AAA ATA ATA ATT TCT ATA GTA GTG --- GTG TTC ATT CTT ACT CAG TTA CCC TAC AAT TTA TTG ATA CTC ATA CGC AAT ATA --- --- CAT GTG GAA TTC AAC CTG GAC TAC AAT TTC GAC TCT GCG GTG GTC ATA ACA GAA GCA ATT GCT TAT CTC CAT GGC TGT CTC AAC CCC GTT CTG TAT TTC TTT ATT GGG GTG AAG TTC AGG AAG AAC TTC CAG AAA ATC ATT AAG AAC ATC AGA TGT GTT AAG CGC CAA GGT ATC GTG AAG CAA TGG CAA ACC ACT GAA GAG GAG GGC TCA AAA ACT TGT ACT GCC TCA CCC AAT GTA GAA GCA ACA AGC ATG TAT CCA TTA 
Terrapene_carolina              ATG GAG CTT CCA GAA TGT TAT TAC CCA GAC CTT AAC CTC ACG TGC AAC GAT GAC AAT GAA AAT GAA CAT TTT CTC AAG GCC AGC AAA ATC TTT CTG CCC TGT ATG TAT GCA TTA GCT TTT GCC TTT GGG CTG ATA GGA AAT TCT TTG GTC CTT ATC ATA TAC ATT TTC TGT GAG AAA CTG AAG ACA TTG ACG GAT GTA TTT TTA GTG AGC TTG GCT --- --- --- ACA GCA GAC TTG CTT TTC CTT TCC ACC TTG CCA TTC TGG GCA TAT TCT GCT GCT CAC GAG TGG ATT TTT GGC TCC TTG ATG TGT AAA ATT ATA CGG GGC CTG TAC ACT TTG AAT CTG TAC ACT TCA ATG TTA ACG CTC ACT TGT ATA ACT ATT GAC AGG TTT ATT GCT ATT GCC CAA GCC ACA AAA GCC CAC ATG TGT CAA GCC AAA AGA ATG GTT TGG GGG AAA GTC ATC TGC ATT TTA GTT TGG GTG ATT TCA CTA GCA TTT GCA ATG CCA CAA TTT AAA TAC AGT AGA CAA TCG AAC TAC GAT AAG TCA GTC TGT CAT GCA ATA TAC CCT TCA CAT CTC ATA GAG TTG GTT TTT AAA GTA CTC CAA ATG ACC CTT GGA TTC --- TTT ATC CCC ATG CTA ACC ATG ATT ATC TGC TAC TCA ATA ATT ATC AAA ACT TTA CTT CAT GCC AGG AGT TTC CAA AAG CAC AAA TCC TTA AAA ATA ATA TTT TCT ATA GTA GTG --- GTG TTC ATT CTT ACT CAG TTA CCC TAC AAT TTA TTG ATA CTC ATA CGC AAT ATA --- --- CAT GTG GAA TTC AAC CTG GAC TAC AAT TTC GAC TCT GCG GTG GTC ATA ACA GAA GCA ATT GCT TAT CTC CAT GGC TGT CTC AAC CCC ATT CTG TAT TTC TTT ATT GGG GTG AAG TTC AGG AAG AAC TTC CAG AAA ATC ATT AAG AAC ATC AGA TGT GTT AAG CGC CAA GGT ATC GTG AAG CAA TGG CAA ACC ACT GAA GAG GAG GGC TCG AAA ACT TGT ACT GCC TCA CCC AAT GTA GAA GCA ACA AGC ATG TAT CCA TTA 
Chelonoidis_abingdonii          ATG GAG CTT CCA GAA TGT TAT TAC CCA GAC CTT AAC CTC ACG TGC AAC GAT TAC AAT GAG AAT GAA CAT TTT CTC AAG GCC AGC AAA ATC TTT CTG CCC TGT ATG TAT GCA TTA GCT TTT GCC TTT GGG CTG ATA GGA AAT TCT TTG GTC CTT ATC ATA TAC ATT TTC TGT GAG AAA CTG AAG ACA CTG ACA GAT GTA TTT TTA GTG AGC TTG GCT --- --- --- ACA GCA GAC TTG CTT TTC CTT TCC ACC TTG CCA TTC TGG GCA TAT TCT GCT GCT CAC GAA TGG ATT TTT GGC TCC TTA ATG TGT AAA ATT ATA CGG GGC CTG TAC ACT TTG AAT CTG TAC ACT TCA ATG TTA ACG CTC ACT TGT ATA ACT ATT GAC AGG TTT ATT GCT ATT GCC CAA GCC ACA AAA GCC CAC ATG TGT CAA GCC AAA AGA ATG GTT TGG GGG AAA GTC ATC TGC ATT TTA GTT TGG GTG GTT TCA CTA GTA TTT GCA ATA CCA CAA TTT AAA TAC AGT ACA CAA TCG AAC TAC GAT AAG TCA GTC TGT CAT GCA GTA TAC CCT TCA CAG CTC ATA GAA TTG GCT TTT AAA GTA ATC CAA ATG ACC CTT GGA TTC --- TTT ATC CCC CTG CTA ACC ATG ATT ATC TGC TAC TCA ATA ATT ATC AAA ACT TTA CTT CAT GCC AGG AGT TTC CAA AAG CAC AAA TCC TTA AAA ATC ATA TTT TCC ATA GTA GTG --- GTG TTC ATT CTT ACT CAG TTA CCC TAC AAT TTA CTG ATA CTC ATA CGT AAT ATA --- --- CAT GTG GAA TTC AAC CTG GAC TAC AAT TTC GAC TCT GCG GTG GTC ATA ACA GAA GCA ATT GCT TAT CTC CAT GGC TGT CTC AAC CCC GTT CTG TAT TTC TTT ATT GGG GTG AAG TTC AGG AAG AAC TTC CAG AAA ATC ATT AAG AAC ATC ACA TGT GTT AAG CGC CAA GGT ATC GTG AAG CAA TGG CAA ACC ACT GAA GAG GAG GGC TCG AAA ACT TGT ACC GCC TCA CCC AAT GTA GAA GCA ACA AGC ATG TAT CCA TTA 
Gopherus_evgoodei               ATG GAG TTT TCA GAA TGT TAT TAC CCA GAC CTT AAC CTC ACC TGC AAC GAT TAC AGT GAG AAT GAA CAT TTT CTC AAG GCC AGC AAA ATC TTT CTG CCG TGT ATG TAT GCA TTA GCT TTT GCC TTT GGG CTG ATA GGA AAT TCT TTG GTC CTT ATC ATA TAC ATT TTC TGT GAG AAA CTG AAG ACA CTG ACA GAC GTA TTT TTA GTG AGC TTG GCT --- --- --- TCA GCA GAC TTG CTT TTC CTT TCC ACC TTG CCA TTC TGG GCA TAT TCT GCT GCA CAC GAG TGG ATT TTT GGC TCC TTA ATG TGT AAA ATT ATA CGG GGC CTG TAC ACT TTG AAT CTG TAC ACT TCA ATG TTA ACG CTC ACT TGT ATA ACT ATT GAC AGG TTT ATT GCT ATT GCC CAA GCC ACA AAA GCC CAC ATG TGT CAA GCC AAA AGA ATG GTT TGG GGG AAA GTC ATC TGC ATT TTA GTT TGG GTG GTT TCA CTA GCA TTT GCA ATA CCA CAA TTT AAA TAC AGT ACA CAA CTG AAT TAC GAT AAG TCA GTC TGT CAT GCA ATA TAC CCT TCA CAT CTC ATA GAA TTG GCT TTT AAA GTA TTC CAA ATG ACC CTT GGA TTC --- TTT ATT CCC ATG ATA ACC ATG ATT ATC TGC TAC TCA ATA ATT ATC AAA ACT TTA CTT CAT GCC AGG AGT TTC CAA AAG CAC AAA TCC TTA AAA ATC ATA TTT TCC ATA GTA GTG --- GTG TTC ATT CTT ACT CAG TTA CCC TAC AAT TTA CTG ATA CTC ATA CGC AAT ATA --- --- CAT GTG GAA TTC AAC CTG GAC TAC AAT TTC GAC TCT GCA GTG GTC ATA ACA GAA GCA ATT GCT TAT CTC CAT GGC TGT CTC AAC CCC GTT CTG TAT TTC TTT ATT GGG GTG AAG TTC AGG AAG AAC TTC CAG AAA ATC ATT AAG AAC ATC ACA TGT GTT AAG CGT CAA GGT ATT GTG AAG CAA TGG CAA ACC ACT GAA GAG GAG GGC TCG AAA ACT TAT ACC GCC TCA CCC AAT GTA GAA GCA ACA AGC ATG TAT CCA TTA 
Mauremys_reevesii               ATG GAG TTT CCA GAA TGT TAT TAC CCA GAC CTT AAC CTC ACC TGC AAC GAT TAC AGT GAG AAT GAA CAT TTT CTC AAG GCC AGC AAA ATC TTT CTG CCC TGT ATG TAT GCA TTA GCT TTT GCC TTT GGG CTG ATA GGA AAT TCT TTG GTC GTT ATC ATA TAC ATT TTC TGT GAG AAA CTG AAG ACA CTG ACA GAT GTA TTT TTA GTG AGC TTG GCT --- --- --- ACA GCA GAC TTG CTT TTC CTT TCC ACC TTG CCA TTC TGG GCA TAT TCT GCT GCT CAC GAG TGG ATT TTT GGA TCC TTA ATG TGT AAA ATT ATA CGG GGC CTG TAC ACT TTG AAT CTG TAC ACT TCA ATG TTA ACG CTC ACT TGT ATA ACT ATT GAC AGG TTT ATT GCT ATT GCC CAA GCC ACA AAA GCC CAC ATG TGT CAA GCC AAA AGA ATG GTT TGG GGG AAA CTC ATC TGC ATT TTA GTT TGG GTG GTT TCA CTA GCA TTT GCA ATA CCA CAA TTT AAA TAC AGT ACA CAA CTG AAC TAC GAT AAG TCA GTC TGT CAA TCA ATA TAC CCT TCA CAA CTC ATA GAA TTG GCT TTT ACA GTA TTC CAA ATG ACC CTT GGA TTC --- TTT ATC CCC ATG GTA ACC ATG ATT ATC TGC TAC TCA ATA ATT ATC AAA ACT TTA CTT CAT GCC AGG AGT TTC CAA AAG CAC AAA TCC TTA AAA ATC ATA TTT TCC ATA GTA GTG --- GTG TTC ATT CTT ACT CAG TTA CCC TAC AAT TTA CTG ATA CTC ATA CGC AAT ATA --- --- CAT GTG GAA TTC AAC CTG GAC TAC AAT TTC GAC TCT GCA GTG GTC ATA ACA GAA GCA ATT GCT TAT CTC CAT GGC TGT CTC AAC CCT GTT CTG TAT TTC TTT ATT GGG GTG AAG TTC AGG AAG AAC TTC CAG AAA ATC ATT AAG AAC ATC ACA TGT GTT AAG CGT CAA GGT ATC ATG AAG CCA TGG CAA ACC ACT GAA GAG GAT GGC TCG AAA ACT TGT ACC GCC TCA CCC AAT GTA GAA GCA ACA AGC ATG TAT CCA TTA 
Pelodiscus_sinensis             ATG GAG GAT CTG GAT TGT TAT TAC CCC GAG CTT AAC CTC ACG TGC AAC GAT TAT AGT GAG AGT GAT GAT TTT CTC AGG GCC AGC AAA ATT TTT CTG CCC TGT ATG TAT GCA TTA GCT TTT GTC TTT GGG CTG ATA GGA AAT GCT TTG GTC ATT ATC ATA TAC ATT TTC TGT GAA AAA CTG AAG ACA CTG ACA GAT GTA TTT TTA GTG AGC TTG GCT --- --- --- ACA GCT GAC TTG CTT TTT CTT TCT ACC TTG CCA TTC TGG GCA TAT TCT GCT GCT CAC GAG TGG ATT TTT GGC TCT GTG ACG TGT AAA ATT ATA CGG GGC CTG TAC ACT TTG AAT CTG TAT ACA TCA ATG CTA ACC CTC ACT TGT ATA ACT ATT GAG AGG TTT ATC GCT ATT GTC CAA GCC ACC AAA GCC CAT GTG AAT CAA GCC AAA AGA ATG GTG TGG GGG AAA GTT ATC TGC ATT TTA GTT TGG GTG ATG TCA GTA GTA TTT GCA ATA CCA CAA TTT ATA TAT AGT ACA CAA TCC ACA TAT GAT AAG TCA ATT TGT CAT GCA ACG TAC CCA TCC CGT CTC GTA GAA TTG GTT CTT AAA GTA CTT CAA ATG ACT CTT GGA TTC --- CTT ATC CCT CTG CTA ACA ATG ATT ATC TGC TAC TCG ATC ATT ATC AAA ACT TTA CTA CAT GCC AGG AGT TTC CAA AAG CAC AAA TCC TTA AAA ATA ATA TTT TCT GTA GTA GTG --- GTG TTC ATT CTT ACC CAG TTA CCC TAT AAC TTC CTG ATA CTC TTA CGC AAT ATA --- --- TAC TTA GAA TTC TAC CTG GAC TAC AAT TAT GAT GCT GCG GTA GTC ATA ACA GAA GCA ATT GCT TAT CTC CAT GGC TGT CTC AAC CCT ATT CTG TAT TTC TTT ATT GGG GCC AAG TTC AGA AAG AAC GTT CAG AAA ATC ATG AAG AAC ATC AGA CAT GTT AAG CAC CAA GGC TTC ATG AAG CAA TGG CAA ACC ACT GAA GAG GAA GGC TCA AAA ACT TGC ACT GCT TCC CAG AAT GCA GAA GCA ACA AGC ATG TAT CCA TTA 



After deleting gaps. 792 sites
      9    792

Alligator_sinensis              ATG GAA ATG GAT TTA AGT TAC CTG TAT GGT AAC CTC ATA CCC ATT GAT TTC AGC TTG AAT GAG AAA TTC TTC ACC TTT AGC AAA ATC TTT GTG CCT TTA TGT ATT AAT GCT TCT GTC TTT GGG CTG ATG GGA AAC TTC CTT AAC ATG TAC ATT CTC TAT GAG AAA TTT AAG ACC CTA CCA GAT GTA TTT TTG GTT ACC GCT AAT GCT GAC CTA CTG CCA TTC TGG GCA TAT TCT GCT GCT TAC AAG TGG ATT TTT GGC ACC ACA ATG TGT TGT ATT ATA AGC ATT TAT AAC TTG AAT CTC TAC ACT TCA GTG TTG ACA TTA ACC TGT ATA AGT ACT GTC AGG TTT ATT GCT ATT GCT CAA GCA ACC AAA GCC AAT GTG AGT CAA GCC AAA ATA ATG GTG TGG GGC AAA GCA GTC TGT ATT TTG GTA TGG ATG ATA TCA GTA CCA TTT GCC ATG TCA CAG TTT ATT TAT AAT GCA CAG TTC AAA TGT TTC ATA TTC TGT TCC CAG TTG CTT GTT GAG GTT ACC TAT GGC TTA TTT CAA CCT GAA CAA ATA TTT ATC AAG CAA ACA TTT TTT TTT AAA GCC ACA GAT GAA AAC GCA CAA CTA AAA GTT AAA TTA CAA TAC ATG CCT GTC CAT TCC CTA ACT TTT AGA ATT CTG ACT TGG TTA AAA CTC CTA AAG GAA ACA CAC TTG TCC TTT AGA ATG TTA GCA AAT AAT GGG TTG ACT GAC AGA TCA ATA TTT AAA GAC ACA ATG CTC AAT TCT GCT CCC ACT TGC ACA GCT TGC ATC AAC AGA GTT CAT GTC 
Chelonia_mydas                  ATG GAG CTT GAT TGT TAT TAC CCA GAC CTT AAC CTT ACG TGC AAC GAT TAC AAT GAG AAT GAA CAT TTT CTC AGG GCC AGC AAA ATC TTT CTG CCC TGT ATG TAT GCA GCT TTT GCC TTC GGG CTG ATA GGA AAT TTG CTT ATC ATA TAC ATT TTC TGT GAG AAA CTG AAG ACG TTG ACA GAT GTA TTT TTA GTG AGC GCT ACA GCA GAC TTG CTT CCA TTC TGG GCA TAT TCT GCT GCT CGC GAG TGG ATT TTT GGC TCC TTG ATG TGT AAA ATT ATA GGC CTG TAC ACT TTG AAT CTG TAC ACT TCA ATG TTA ACA CTC ACT TGT ATA ACT ATT GAC AGA TTT ATT GCT ATT GCC CAA GCC ACA AAA GCC CAC ATG TGT CAA GCC AAA AGA ATG GTT TGG GGG AAA GTG ATC TGC ATT TTA GTT TGG GTG ATT TCA CTA GCA TTT GCA ACG CCA CAA TTT AAA TAC AGT ACA CAA TCA AAC TGT CAT GTG TAT CCT TCA GAT CTC ACA CTT CAA ATG ACC CTT GGA TTC TTT ATC CCC ATG TCA ATA ATT ATC AAA ACT TTA CTT CGT GCC AGG AGT TTC CAA AAA CAC AAA TCC TTA AAA ATA ATA TTT TCT ATA GTA GTG ACG TTC ATT CTT ACT CAG TTA CCC TAC AAT TTG TTG ATA CTC ATA CGC AAT ATA CAT GTG GAA TTC AAC CTG TAC AAT TTC GAC GGG GTG AAG TTC AGG AAG AAC TTC CAG AAA ATC ATC AAG AAC GGC TCG AAA ACT TGT ACT GCC TCA CCC AAT ATG TAT CCA TTA 
Chrysemys_picta                 ATG GAG CTT GAA TGT TAT TAC CCA GAC CTT AAC CTC ACG TGC AAC GAT TAC AAT GAA AAT GAA CAT TTT CTC CAG GCC AGC AAA ATC TTT CTG CCC TGT ATG TAT GCA GCT TTC GCC TTT GGG CTG ATA GGA AAT TTG CTT ATC ATA TAC ATT TTC TGT GAG AAA CTG AAG ACA TTG ACG GAT GTA TTT TTA GTG AGC GCT ACA GCA GAC TTG CTT CCA TTC TGG GCA TAT TCT GCT GCT CAT GAG TGG ATT TTT GGC TCC TTG ATG TGT AAA ATT ATA GGC CTG TAC ACT TTG AAT CTG TAC ACT TCA ATG TTA ACG CTC ACT TGT ATA ACT ATT GAC AGG TTT ATT GCT ATT GCC CAA GCC ACA AAA GCC CAC ATG TGT CAA GCC AAA AGA ATG GTT TGG GGG AAA GTC ATC TGC ATG TTA GTT TGG GTG ATT TCA CTA GCA TTT GCA ATG CCA CAA TTT AAA TAC AGT AGA CAA TCG AAC TGT CAT ATA TAC CCT TCA CAT CTC ATA CTC CAA ATG ACT CTT GGA TTC TTT ATC CCC ATG TCA ATA ATT ATC AAA ACT TTA TTT CAT GCC AGG AGT TTC CAA AAG CAC AAA TCC TTA AAA ATA ATA TTT TCT ATA GTA GTG GTG TTC ATT CTT ACT CAG TTA CCC TAC AAT TTA TTG ATA CTC ATA CGC AAT ATA CAT GTG GAA TTC AAC CTG TAC AAT TTC GAC GGG GTG AAG TTC AGG AAG AAC TTC CAG AAA ATC ATT AAG AAC GGC TCG AAA ACT TGT ACT GCC TCA CCC AAT ATG TAT CCA TTA 
Trachemys_scripta               ATG GAG CTT GAA TGT TAT TAC CCA GAC CTT AAC CTC ACA TGC AAC GAT TAC AAT GAA AAT GAA CAT TTT CTC CAG GCC AGC AAA ATC TTT CTG CCC TGT ATG TAT GCA GCT TTC GCC TTT GGG CTG ATA GGA AAT TTG CTT ATC ATA TAC ATT TTC TGT GAG AAA CTG AAG ACA TTG ACG GAT GTA TTT TTA GTG AGC GCT ACA GCA GAC TTG CTT CCA TTC TGG GCA TAT TCT GCT GCT CAT GAG TGG ATT TTT GGC TCC TTG ATG TGT AAA ATT ATA GGC CTG TAT ACT TTG AAT CTG TAC ACT TCA ATG TTA ACG CTC ACT TGT ATA ACT ATT GAC AGG TTT ATT GCT ATT GCC CAA GCC ACA AAA GCC CAC ATG TGT CAA GCC AAA AGA ATG GTT TGG GGG AAA GTC ATC TGC ATG TTA GTT TGG GTG ATT TCA CTA GCA TTT GCA ATG CCA CAA TTT AAA TAC AGT AGA CAA TCG AAC TGT CAT ATA TAT CCT TCA CAT CTC ATA CTC CAA ATG ACC CTT GGA TTC TTT ATC CCC ATG TCA ATA ATT ATC AAA ACT TTA TTT CAT GCC AGG AAT TTC CAA AAG CAC AAA TCC TTA AAA ATA ATA ATT TCT ATA GTA GTG GTG TTC ATT CTT ACT CAG TTA CCC TAC AAT TTA TTG ATA CTC ATA CGC AAT ATA CAT GTG GAA TTC AAC CTG TAC AAT TTC GAC GGG GTG AAG TTC AGG AAG AAC TTC CAG AAA ATC ATT AAG AAC GGC TCA AAA ACT TGT ACT GCC TCA CCC AAT ATG TAT CCA TTA 
Terrapene_carolina              ATG GAG CTT GAA TGT TAT TAC CCA GAC CTT AAC CTC ACG TGC AAC GAT GAC AAT GAA AAT GAA CAT TTT CTC AAG GCC AGC AAA ATC TTT CTG CCC TGT ATG TAT GCA GCT TTT GCC TTT GGG CTG ATA GGA AAT TTG CTT ATC ATA TAC ATT TTC TGT GAG AAA CTG AAG ACA TTG ACG GAT GTA TTT TTA GTG AGC GCT ACA GCA GAC TTG CTT CCA TTC TGG GCA TAT TCT GCT GCT CAC GAG TGG ATT TTT GGC TCC TTG ATG TGT AAA ATT ATA GGC CTG TAC ACT TTG AAT CTG TAC ACT TCA ATG TTA ACG CTC ACT TGT ATA ACT ATT GAC AGG TTT ATT GCT ATT GCC CAA GCC ACA AAA GCC CAC ATG TGT CAA GCC AAA AGA ATG GTT TGG GGG AAA GTC ATC TGC ATT TTA GTT TGG GTG ATT TCA CTA GCA TTT GCA ATG CCA CAA TTT AAA TAC AGT AGA CAA TCG AAC TGT CAT ATA TAC CCT TCA CAT CTC ATA CTC CAA ATG ACC CTT GGA TTC TTT ATC CCC ATG TCA ATA ATT ATC AAA ACT TTA CTT CAT GCC AGG AGT TTC CAA AAG CAC AAA TCC TTA AAA ATA ATA TTT TCT ATA GTA GTG GTG TTC ATT CTT ACT CAG TTA CCC TAC AAT TTA TTG ATA CTC ATA CGC AAT ATA CAT GTG GAA TTC AAC CTG TAC AAT TTC GAC GGG GTG AAG TTC AGG AAG AAC TTC CAG AAA ATC ATT AAG AAC GGC TCG AAA ACT TGT ACT GCC TCA CCC AAT ATG TAT CCA TTA 
Chelonoidis_abingdonii          ATG GAG CTT GAA TGT TAT TAC CCA GAC CTT AAC CTC ACG TGC AAC GAT TAC AAT GAG AAT GAA CAT TTT CTC AAG GCC AGC AAA ATC TTT CTG CCC TGT ATG TAT GCA GCT TTT GCC TTT GGG CTG ATA GGA AAT TTG CTT ATC ATA TAC ATT TTC TGT GAG AAA CTG AAG ACA CTG ACA GAT GTA TTT TTA GTG AGC GCT ACA GCA GAC TTG CTT CCA TTC TGG GCA TAT TCT GCT GCT CAC GAA TGG ATT TTT GGC TCC TTA ATG TGT AAA ATT ATA GGC CTG TAC ACT TTG AAT CTG TAC ACT TCA ATG TTA ACG CTC ACT TGT ATA ACT ATT GAC AGG TTT ATT GCT ATT GCC CAA GCC ACA AAA GCC CAC ATG TGT CAA GCC AAA AGA ATG GTT TGG GGG AAA GTC ATC TGC ATT TTA GTT TGG GTG GTT TCA CTA GTA TTT GCA ATA CCA CAA TTT AAA TAC AGT ACA CAA TCG AAC TGT CAT GTA TAC CCT TCA CAG CTC ATA ATC CAA ATG ACC CTT GGA TTC TTT ATC CCC CTG TCA ATA ATT ATC AAA ACT TTA CTT CAT GCC AGG AGT TTC CAA AAG CAC AAA TCC TTA AAA ATC ATA TTT TCC ATA GTA GTG GTG TTC ATT CTT ACT CAG TTA CCC TAC AAT TTA CTG ATA CTC ATA CGT AAT ATA CAT GTG GAA TTC AAC CTG TAC AAT TTC GAC GGG GTG AAG TTC AGG AAG AAC TTC CAG AAA ATC ATT AAG AAC GGC TCG AAA ACT TGT ACC GCC TCA CCC AAT ATG TAT CCA TTA 
Gopherus_evgoodei               ATG GAG TTT GAA TGT TAT TAC CCA GAC CTT AAC CTC ACC TGC AAC GAT TAC AGT GAG AAT GAA CAT TTT CTC AAG GCC AGC AAA ATC TTT CTG CCG TGT ATG TAT GCA GCT TTT GCC TTT GGG CTG ATA GGA AAT TTG CTT ATC ATA TAC ATT TTC TGT GAG AAA CTG AAG ACA CTG ACA GAC GTA TTT TTA GTG AGC GCT TCA GCA GAC TTG CTT CCA TTC TGG GCA TAT TCT GCT GCA CAC GAG TGG ATT TTT GGC TCC TTA ATG TGT AAA ATT ATA GGC CTG TAC ACT TTG AAT CTG TAC ACT TCA ATG TTA ACG CTC ACT TGT ATA ACT ATT GAC AGG TTT ATT GCT ATT GCC CAA GCC ACA AAA GCC CAC ATG TGT CAA GCC AAA AGA ATG GTT TGG GGG AAA GTC ATC TGC ATT TTA GTT TGG GTG GTT TCA CTA GCA TTT GCA ATA CCA CAA TTT AAA TAC AGT ACA CAA CTG AAT TGT CAT ATA TAC CCT TCA CAT CTC ATA TTC CAA ATG ACC CTT GGA TTC TTT ATT CCC ATG TCA ATA ATT ATC AAA ACT TTA CTT CAT GCC AGG AGT TTC CAA AAG CAC AAA TCC TTA AAA ATC ATA TTT TCC ATA GTA GTG GTG TTC ATT CTT ACT CAG TTA CCC TAC AAT TTA CTG ATA CTC ATA CGC AAT ATA CAT GTG GAA TTC AAC CTG TAC AAT TTC GAC GGG GTG AAG TTC AGG AAG AAC TTC CAG AAA ATC ATT AAG AAC GGC TCG AAA ACT TAT ACC GCC TCA CCC AAT ATG TAT CCA TTA 
Mauremys_reevesii               ATG GAG TTT GAA TGT TAT TAC CCA GAC CTT AAC CTC ACC TGC AAC GAT TAC AGT GAG AAT GAA CAT TTT CTC AAG GCC AGC AAA ATC TTT CTG CCC TGT ATG TAT GCA GCT TTT GCC TTT GGG CTG ATA GGA AAT TTG GTT ATC ATA TAC ATT TTC TGT GAG AAA CTG AAG ACA CTG ACA GAT GTA TTT TTA GTG AGC GCT ACA GCA GAC TTG CTT CCA TTC TGG GCA TAT TCT GCT GCT CAC GAG TGG ATT TTT GGA TCC TTA ATG TGT AAA ATT ATA GGC CTG TAC ACT TTG AAT CTG TAC ACT TCA ATG TTA ACG CTC ACT TGT ATA ACT ATT GAC AGG TTT ATT GCT ATT GCC CAA GCC ACA AAA GCC CAC ATG TGT CAA GCC AAA AGA ATG GTT TGG GGG AAA CTC ATC TGC ATT TTA GTT TGG GTG GTT TCA CTA GCA TTT GCA ATA CCA CAA TTT AAA TAC AGT ACA CAA CTG AAC TGT CAA ATA TAC CCT TCA CAA CTC ATA TTC CAA ATG ACC CTT GGA TTC TTT ATC CCC ATG TCA ATA ATT ATC AAA ACT TTA CTT CAT GCC AGG AGT TTC CAA AAG CAC AAA TCC TTA AAA ATC ATA TTT TCC ATA GTA GTG GTG TTC ATT CTT ACT CAG TTA CCC TAC AAT TTA CTG ATA CTC ATA CGC AAT ATA CAT GTG GAA TTC AAC CTG TAC AAT TTC GAC GGG GTG AAG TTC AGG AAG AAC TTC CAG AAA ATC ATT AAG AAC GGC TCG AAA ACT TGT ACC GCC TCA CCC AAT ATG TAT CCA TTA 
Pelodiscus_sinensis             ATG GAG GAT GAT TGT TAT TAC CCC GAG CTT AAC CTC ACG TGC AAC GAT TAT AGT GAG AGT GAT GAT TTT CTC AGG GCC AGC AAA ATT TTT CTG CCC TGT ATG TAT GCA GCT TTT GTC TTT GGG CTG ATA GGA AAT TTG ATT ATC ATA TAC ATT TTC TGT GAA AAA CTG AAG ACA CTG ACA GAT GTA TTT TTA GTG AGC GCT ACA GCT GAC TTG CTT CCA TTC TGG GCA TAT TCT GCT GCT CAC GAG TGG ATT TTT GGC TCT GTG ACG TGT AAA ATT ATA GGC CTG TAC ACT TTG AAT CTG TAT ACA TCA ATG CTA ACC CTC ACT TGT ATA ACT ATT GAG AGG TTT ATC GCT ATT GTC CAA GCC ACC AAA GCC CAT GTG AAT CAA GCC AAA AGA ATG GTG TGG GGG AAA GTT ATC TGC ATT TTA GTT TGG GTG ATG TCA GTA GTA TTT GCA ATA CCA CAA TTT ATA TAT AGT ACA CAA TCC ACA TGT CAT ACG TAC CCA TCC CGT CTC GTA CTT CAA ATG ACT CTT GGA TTC CTT ATC CCT CTG TCG ATC ATT ATC AAA ACT TTA CTA CAT GCC AGG AGT TTC CAA AAG CAC AAA TCC TTA AAA ATA ATA TTT TCT GTA GTA GTG GTG TTC ATT CTT ACC CAG TTA CCC TAT AAC TTC CTG ATA CTC TTA CGC AAT ATA TAC TTA GAA TTC TAC CTG TAC AAT TAT GAT GGG GCC AAG TTC AGA AAG AAC GTT CAG AAA ATC ATG AAG AAC GGC TCA AAA ACT TGC ACT GCT TCC CAG AAT ATG TAT CCA TTA 



Printing out site pattern counts


         9        687  P

Alligator_sinensis              AAA AAA AAA AAA AAA AAA AAC AAC AAC AAC AAC AAG AAG AAG AAG AAT AAT AAT AAT AAT AAT AAT AAT AAT ACA ACA ACA ACA ACA ACA ACA ACC ACC ACC ACC ACC ACC ACC ACT ACT ACT ACT ACT ACT AGA AGA AGA AGA AGC AGC AGC AGG AGT AGT AGT ATA ATA ATA ATA ATA ATA ATA ATC ATC ATC ATG ATG ATG ATG ATG ATG ATG ATG ATG ATT ATT ATT ATT ATT ATT ATT ATT CAA CAA CAA CAA CAA CAA CAC CAG CAG CAT CAT CCA CCA CCA CCC CCC CCT CCT CCT CTA CTA CTA CTA CTA CTC CTC CTC CTC CTC CTG CTG CTG CTG CTT CTT GAA GAA GAA GAA GAC GAC GAC GAG GAG GAG GAT GAT GAT GAT GCA GCA GCA GCA GCA GCA GCC GCC GCC GCT GCT GCT GCT GCT GCT GGA GGC GGC GGC GGG GGT GTA GTA GTA GTC GTC GTC GTC GTC GTG GTG GTG GTG GTT GTT GTT GTT GTT TAC TAC TAC TAC TAT TAT TAT TAT TAT TAT TCA TCA TCA TCC TCC TCC TCT TCT TCT TGC TGC TGG TGG TGT TGT TGT TGT TGT TTA TTA TTA TTA TTA TTA TTC TTC TTC TTC TTC TTC TTC TTC TTG TTG TTG TTG TTG TTG TTG TTT TTT TTT TTT TTT TTT TTT TTT TTT TTT TTT 
Chelonia_mydas                  ... ..C .GG .T. C.G C.T ... ..T .CT .T. C.. ..A ... CGC G.. ..C ... ... .CA .G. C.C G.C GCA TTC ... ..T .T. .TC TT. TTC TTG ..A ... ..G ..T .G. .GG T.. .AG .A. ... ... ... .T. .AC ..G .TG TT. .AT ... G.. ..A .C. TA. T.. .AC .CG .G. ... ... ..T G.G ... ... CC. .C. ..A ..C ... ... C.. C.T G.A G.. .AA .AC ... ... ... CCC C.G TA. ACT ATC ... TC. TCC TCT ..T ..A G.T .CA TTC A.. ... G.. AAA TG. ..C ..C GTG A.. ..T T.. T.G T.G AAG ... ..G ..T T.. .CA ... ..T TAC ACA ... A.. A.T ATG ..G A.A ... TT. C.A ..A ... C.A ... ... ... AA. AAT A.. ... ..C .TG AGT ..A ... ..A ..C ..C ... ... T.G ... ..A ... ..G ... CT. C.. ... ..T ACG A.. .A. .C. T.A A.. A.. C.. ..T A.A A.G C.. ..G TA. ATA CG. ... ... CT. G.C ..C ..C ... .G. AAG C.. ... ATT GAA ..A GGC ... .T. .CA ..T ... .T. AAA ATG CC. ..C ... C.C .AC .GT ..C ..G ..T CAT C.. .A. .AT .CA ... ..G ..T C.C GA. G.. G.. ..A ..A ... A.. CAG CG. C.G C.. GCC ..C ..C ..C ... ... 
Chrysemys_picta                 ... ..C .GG .T. C.G C.T ... ..T .CT .T. C.. ..A ... CGC G.. ..C ... ... .CA .G. C.C G.C GCA TTC ..G ..T .T. .TC TT. TTC TTG ..A ..T ..A ..T .G. CAG T.. .AG .A. ... ... ... .T. .AC ..G .TG TT. .AT ... G.. ... .C. TA. T.. .AC .CG .G. ... ... ..T ... ... ... CC. ... ..A ..T ... ... C.. C.T G.A G.. .AA .AC ..G ... ... CCC C.G TA. ACT ATC ... TC. TCC TCT ..T ..A ..T .CA TTC A.G ... G.. AAA TG. ..C ..C GTG A.. ..T T.. T.G T.G AAG ... ..G ... T.. .CA ... ..T TAC A.A ... A.G A.T ATG ..G A.A ... TT. C.A ..A ... C.A ..A ... ... AA. AAT AG. ... ..C .TC AGT ..A ... ..A ..C ..C ... ... T.G ... ..A ... ..G ... CT. C.. ... ..T ..G A.. .A. .C. T.A A.. A.. C.. ..T A.A A.G C.C ..G TA. ATA C.T ... ... CT. G.C ..C ..C ... .G. AAG C.. ... ATT GAA ..A GGC ... .TC .CA ..T ... .TA AAA ATG CC. ..C ... C.C .AC .GT ..C ..G ..T CAT C.. .A. .A. .CG ... ..G ..T C.C GAA G.. G.. ..A ..A ... A.. CAG CA. C.G ... GCC ..C ..C ... ... ... 
Trachemys_scripta               ... ..C .GG .T. C.G C.T ... ..T .CT .T. C.. ..A ... CGC G.. ..C ... ... .CA .G. C.C G.C GCA TTC ..G ..T .T. .TC TT. TTC TTG ..A ... ..A ..T .G. CAG T.. .AG .A. ... ... ... .T. .AC ..G .TG TT. .AT ... G.. ... .C. TA. T.. .AC .C. .G. ... ... ..T ... ... ... CC. ... ..A ..T ... ... C.. C.T G.A G.. .AA .AC ..G ... ... CCC C.G TA. ACT ATC ... TC. TCC TCT ..T ..A ..T .CA TTC A.G ... G.. AAA TG. ..C ..C GTG A.. ..T T.. T.G T.G AAG ... ..G ... T.. .CA ... ..T TAC A.A ... A.G A.T ATG ..G A.A ... TT. C.A ..A ... C.A ..A ... ... AA. AAT AG. ... ..C .TC AAT ..A ... ..A ..C ..C ... ... T.A ... ..A ... ..G ... CT. C.. ... ..T ..G A.. .A. .C. T.A A.. A.. C.. ..T A.A A.G C.C ..G TA. ATA C.T ... ... CT. G.C ..C ... ... .G. AAG C.. ... ATT GAA ..A GGC ... .TC .CA ..T ... .TA AAA ATG CC. ..C ... C.C .AC .GT ..C ..G A.T CAT C.. .A. .AT .CG ... ..G ..T C.C GAA G.. G.. ..A ..A ... A.. CAG CA. C.G ... GCC ..C ..C ... ... ... 
Terrapene_carolina              ... ..C .GG .T. C.G C.T ... ..T .CT .T. C.. ..A ... CGC G.. ..C ... ... .CA .G. C.C G.C GCA TTC ..G ..T .T. .TC TT. TTC TTG ..A ... ..A ..T .G. .AG T.. .AG .A. ... ... ... .T. .AC ..G .TG TT. .AT ... G.. ... .C. TA. T.. .AC .CG .G. ... ... ..T ... ... ... CC. ... ..A ..T ... ... C.. C.T G.A G.. .AA .AC ... ... ... CCC C.G TA. ACT ATC ... TC. TCC TCT ..T ..A ..T .CA TTC A.G ... G.. AAA TG. ..C ..C GTG A.. ..T T.. T.G T.G AAG ... ..G ... T.. .CA ... ..T TAC A.A ... A.G A.T ATG ..G A.A ... TT. C.A ..A ... C.A ..A ... ... AA. AAT AG. ... ..C .TC AGT ..A ... ..A ..C ..C ... ... T.G ... ..A ... ..G ... CT. C.. ... ..T ..G A.. .A. .C. T.A A.. A.. C.. ..T A.A A.G C.C ..G TA. ATA C.. ... ... CT. G.C ..C ..C ... .G. AAG C.. ... ATT GAA ..A GGC ... .T. .CA ..T ... .TA AAA ATG CC. ..C ... C.C .AC .GT ..C ..G ..T CAT C.. GA. .A. .CG ... ..G ..T C.C GAA G.. G.. ..A ..A ... A.. CAG CA. C.G C.. GCC ..C ..C ... ... ... 
Chelonoidis_abingdonii          ... ..C .GG .T. C.G C.T ... ..T .CT .T. C.. ..A ... CGT G.A ..C ... ... .CA .G. C.C G.C GCA TTC ..G ..C .T. .TC TT. TTC TT. ..A ... ..A ..T .G. .AG T.. .AG .A. ... ... ... .T. .AC ..G .TG TT. .AT ... G.. ... .C. TA. T.. .AC .CG .G. ... ... G.T G.. ... ... CC. ..A ..A ..T ... ... C.. C.T G.A G.. .AA .AC ... ... ... CCC C.G TA. ACT ATC ... TC. TCC TCC ..T ..A ... .CA TTC A.. ... GT. AAA TG. ..C ..C GTG A.. ..T T.. ..G T.G AAG ... ..G ... T.. .CA ... ..T TAC A.A ... A.G A.T CTG ..G A.A ... TT. C.A ..A ... C.A ..A ... ... AA. AAT A.. ... ..C .TC AGT ..A ... ..A ..C ..C ... ... T.G ... ..A ... ..G ... CT. C.. ... ..T ..G A.. .A. .C. T.A A.. A.. C.. ..T A.C A.G A.C ..G TA. ATA C.. ... ... CT. G.C ..C ..C ... .G. AAG C.. ... ATT GAA ..A GGC ... .T. .CA ..T ... .TA AAA ATG CC. ..C ... C.C .AC .GT ..C C.G ..T CAT C.. .A. .A. .CG ... ..G ..T C.C GA. G.. G.. ..A ..A ... A.. CAG CA. C.G C.. GCC ..C ..C ... ... ... 
Gopherus_evgoodei               ... ..T .GG .T. C.G C.T ... ..T .CT .T. C.. ..A ... CGC G.. ..C ... ... TCA .G. C.C G.C GCA TTC ..G ..C .T. .TC TT. TTC TT. ..A ... ..A ..T .G. .AG T.. .AG .A. ... ... ... .T. .AC ..G .TG TT. ..T ... G.. ... .C. TA. T.. .AC .CC .G. ... ... G.T ... ... ... CC. ..A ..A ..T ... ... C.. T.T G.A G.. .AA .AC ... ... ... CCC C.G TA. ACT ATT ... TC. TCC TCC ..T ..A ..T .CA TTC A.. ... G.. AAA TG. ..C ..G GTG A.. ..T T.. ..G T.G AAG ... ..G ... T.. .CA ... ..T TAC A.A ... A.G A.T ATG ..G A.A ... TT. C.A ..A ... C.A ..A ..C ... AA. AAT A.. ... ..C .TC AGT ..A ... ..A ..C ..C ..A ... T.G ... ..A ... ..G ... CT. C.. ... ..T ..G A.. .A. .C. T.A A.. A.. C.. ..T A.C A.G T.C ..G TA. ATA C.. ... ... CT. G.C ..C ..C ... .G. AAG C.. ... ATT GAA ..A GGC ... .T. .CA .AT ... .TA AAA ATG CC. ..C ... C.C .AC .GT ..C C.G ..T CAT C.. .A. .A. C.G ... ..G ..T C.C GA. G.. G.. ..A ..A ... A.. CAG CA. C.G C.. GCC ..C ..C ... ... ... 
Mauremys_reevesii               ... ..C .GG .T. C.G C.T ... ..T .CT .T. C.. ..A ... CGC G.. ..C ... ... .CA .G. C.C G.C GCA TTC ..G ..C .T. .TC TT. TTC TT. ..A ... ..A ..T .G. .AG T.. .AG .A. ... ... ... .T. .AC ..G .TG TT. ..T ... G.. ... .C. TA. T.. .AC .CC .G. ... ... G.T ... ... ... CC. ..A ..A ..T ... ... C.. T.T G.A G.. .AA .AC ... ... ... CCC C.G TA. ACT ATC ... TC. TCC TCC ..T ..A ..A .CA TTC A.. ... G.. AAA TG. ..C ..C GTG A.. ..T T.. ..G T.G AAG ... ..G ... T.. .CA ... ..T TAC A.A G.. A.G A.T ATG ..G A.A ... TT. C.A ..A ... C.A ..A ... ... AA. AAT A.. ... ..C CTC AGT ..A ... ..A ..C ..C ... ... T.G ... ..A ..A ..G ... CT. C.. ... ..T ..G A.. .A. .C. T.A A.. A.. C.. ..T A.C A.G T.C ..G TA. ATA C.. ... ... CT. G.C ..C ..C ... .G. AAG C.. ... ATT GAA ..A GGC ... .T. .CA ..T ... .TA AAA ATG CC. ..C ... C.C .AC .GT ..C C.G ..T CAA C.. .A. .A. C.G ... ..G ..T C.C GA. G.. G.. ..A ..A ... A.. CAG CA. C.G C.. GCC ..C ..C ... ... ... 
Pelodiscus_sinensis             ... .C. .GG .T. C.G G.T ... ..T .CT .T. C.. ..A ... CGC G.. ..C ... .G. .CA .G. C.. G.. GCA T.. ..C ..T .T. .TC TT. TTC GTG ... ..T ..A ..T .G. .GG T.T .AG .AC ..A ..C ... .T. TAC ... .TG TT. ..T ... G.. ... .C. TA. .A. .AC .CG .G. ... ..C ..G .CG ... ..T CAG ..A ..A ... .C. ... C.. GAT G.A G.. ..A .AC ... ..C ... CCC C.G TA. ACT ATC ... TCG TCC TCT T.. ..A .GT .CA TTC A.. ... GT. AAA TG. ... ..C GTG T.. ..T T.. ..G T.G AAG ... ..G ... T.. .CC ... ..T TAT G.A A.. A.G A.T CTG ..G A.A ... TT. C.A ..T ..A C.A ... ... ... AA. AAT A.. ... ..C .TT AGT ..A ... ... ... .TC ... ... T.A ... ..A ... ..G ... CT. ... ... ..T ..G A.. .AG ... T.A A.. ... C.. ... A.A A.G C.. ..G TA. GTA C.. ... ..T CT. G.G ... ..C ... .G. AAG C.. ... ATT GAA ... GGC ... .T. .C. ... ... .TC AAA ATG CCA ..C ... C.C .AC .GT ..C C.G ..T CAT C.. .AT .A. .C. ... ..G ..T C.C GA. GCC ..A C.A ..A ... A.. CAG CA. C.G C.A GCC G.. ..C ... C.. ... 

    6    1    1    2    1    1    1    2    1    1    1    1    1    1    1
    1    1    1    1    1    1    1    1    1    1    1    1    1    1    1
    1    1    1    1    1    1    1    1    1    1    1    1    1    1    1
    1    1    1    1    1    1    1    1    1    1    1    1    1    2    1
    1    1    1    1    1    1    2    1    1    2    1    1    1    1    1
    1    1    1    4    1    1    1    1    1    2    1    1    1    1    2
    1    1    1    1    1    1    1    1    1    1    1    1    1    1    1
    1    1    1    1    1    1    1    1    1    1    1    1    1    1    1
    1    1    1    1    1    1    1    1    1    1    1    1    1    1    1
    1    1    1    1    2    1    1    1    1    4    1    1    1    1    1
    2    1    1    1    1    1    1    1    1    1    1    1    1    1    1
    1    1    1    1    1    1    2    1    1    1    1    1    1    1    1
    1    2    1    1    1    1    1    1    1    1    4    1    1    1    1
    1    3    1    1    2    1    1    1    1    1    1    1    1    1    1
    1    1    1    1    1    1    2    1    1    1    1    1    1    2    1
    1    1    1    6

CODONML (in paml version 4.9, March 2015)  Alligator_sinensis.aln
Model: free dN/dS Ratios for branches for branches, 
Codon frequency model: F3x4
ns =   9  ls = 264

Codon usage in sequences
--------------------------------------------------------------------------------------------------------------------------------------
Phe TTT  17  10  11  10  11  11 | Ser TCT   3   2   2   2   2   1 | Tyr TAT   6   5   4   6   4   4 | Cys TGT   7   8   8   8   8   8
    TTC   8  10  10  10   9   9 |     TCC   3   2   2   2   2   3 |     TAC   5   8   9   7   8   9 |     TGC   2   2   2   2   2   2
Leu TTA   7   7   8   8   8   9 |     TCA   4   6   5   6   5   5 | *** TAA   0   0   0   0   0   0 | *** TGA   0   0   0   0   0   0
    TTG   8   7   6   6   6   3 |     TCG   0   1   2   1   2   2 |     TAG   0   0   0   0   0   0 | Trp TGG   5   4   4   4   4   4
--------------------------------------------------------------------------------------------------------------------------------------
Leu CTT   2   9   6   6   7   7 | Pro CCT   3   1   1   1   1   1 | His CAT   2   3   6   6   5   4 | Arg CGT   0   1   0   0   0   1
    CTC   5   4   6   6   6   5 |     CCC   2   4   4   4   4   4 |     CAC   1   2   2   2   3   3 |     CGC   0   2   1   1   1   0
    CTA   5   1   1   1   1   1 |     CCA   3   4   4   4   4   4 | Gln CAA   7   6   6   6   6   6 |     CGA   0   0   0   0   0   0
    CTG   4   6   6   6   6   9 |     CCG   0   0   0   0   0   0 |     CAG   3   2   3   3   2   3 |     CGG   0   0   0   0   0   0
--------------------------------------------------------------------------------------------------------------------------------------
Ile ATT  11  10  10  11  11  10 | Thr ACT   6   8   9   8   8   7 | Asn AAT   9   8   8   9   8   8 | Ser AGT   3   2   2   1   2   2
    ATC   3   7   6   6   6   8 |     ACC   7   1   0   1   1   2 |     AAC   6   6   6   6   6   6 |     AGC   3   2   2   2   2   2
    ATA   8  11  13  13  13  12 |     ACA   7   6   3   4   3   5 | Lys AAA  12  13  12  12  12  12 | Arg AGA   4   2   2   2   2   1
Met ATG  11   9  11  11  10   8 |     ACG   0   4   3   2   3   2 |     AAG   4   4   5   5   6   6 |     AGG   1   3   3   3   3   3
--------------------------------------------------------------------------------------------------------------------------------------
Val GTT   5   2   2   2   2   3 | Ala GCT   9   5   5   5   5   5 | Asp GAT   4   4   2   2   2   2 | Gly GGT   1   0   0   0   0   0
    GTC   5   0   1   1   1   1 |     GCC   4   8   8   8   8   8 |     GAC   3   4   4   4   5   4 |     GGC   3   3   3   3   3   3
    GTA   3   2   2   2   2   4 |     GCA   6   5   5   5   5   4 | Glu GAA   4   2   4   4   4   4 |     GGA   1   2   2   2   2   2
    GTG   4   7   6   6   6   6 |     GCG   0   0   0   0   0   0 |     GAG   3   4   3   3   3   3 |     GGG   2   3   3   3   3   3
--------------------------------------------------------------------------------------------------------------------------------------

--------------------------------------------------------------------------------------
Phe TTT  12  12  10 | Ser TCT   1   1   3 | Tyr TAT   5   4   9 | Cys TGT   7   8   6
    TTC  10  10   8 |     TCC   3   3   4 |     TAC   9   9   7 |     TGC   2   2   3
Leu TTA   9   9   8 |     TCA   6   5   3 | *** TAA   0   0   0 | *** TGA   0   0   0
    TTG   3   3   3 |     TCG   1   1   1 |     TAG   0   0   0 | Trp TGG   4   4   4
--------------------------------------------------------------------------------------
Leu CTT   6   5   6 | Pro CCT   1   1   1 | His CAT   5   3   3 | Arg CGT   0   0   1
    CTC   5   6   5 |     CCC   3   4   3 |     CAC   3   3   2 |     CGC   1   1   1
    CTA   1   1   2 |     CCA   4   4   4 | Gln CAA   6   8   6 |     CGA   0   0   0
    CTG   9   9   9 |     CCG   1   0   0 |     CAG   2   2   3 |     CGG   0   0   0
--------------------------------------------------------------------------------------
Ile ATT  11  10  10 | Thr ACT   7   7   7 | Asn AAT   8   7   6 | Ser AGT   3   3   4
    ATC   6   7   7 |     ACC   3   3   3 |     AAC   5   6   5 |     AGC   2   2   2
    ATA  13  13  10 |     ACA   4   5   6 | Lys AAA  12  12  11 | Arg AGA   1   1   2
Met ATG   9   9   8 |     ACG   1   1   3 |     AAG   6   6   5 |     AGG   3   3   3
--------------------------------------------------------------------------------------
Val GTT   3   4   3 | Ala GCT   4   5   7 | Asp GAT   1   2   7 | Gly GGT   0   0   0
    GTC   1   0   2 |     GCC   8   8   6 |     GAC   5   4   1 |     GGC   3   2   3
    GTA   2   2   6 |     GCA   6   5   3 | Glu GAA   3   3   2 |     GGA   2   3   2
    GTG   6   6   7 |     GCG   0   0   0 |     GAG   4   4   5 |     GGG   3   3   3
--------------------------------------------------------------------------------------

Codon position x base (3x4) table for each sequence.

#1: Alligator_sinensis
position  1:    T:0.28409    C:0.14015    A:0.35985    G:0.21591
position  2:    T:0.40152    C:0.21591    A:0.26136    G:0.12121
position  3:    T:0.33333    C:0.22727    A:0.26894    G:0.17045
Average         T:0.33965    C:0.19444    A:0.29672    G:0.16919

#2: Chelonia_mydas 
position  1:    T:0.27273    C:0.17045    A:0.36364    G:0.19318
position  2:    T:0.38636    C:0.21591    A:0.26894    G:0.12879
position  3:    T:0.29545    C:0.24621    A:0.25379    G:0.20455
Average         T:0.31818    C:0.21086    A:0.29545    G:0.17551

#3: Chrysemys_picta
position  1:    T:0.27652    C:0.17424    A:0.35985    G:0.18939
position  2:    T:0.39773    C:0.20076    A:0.28030    G:0.12121
position  3:    T:0.28788    C:0.25000    A:0.25379    G:0.20833
Average         T:0.32071    C:0.20833    A:0.29798    G:0.17298

#4: Trachemys_scripta
position  1:    T:0.27273    C:0.17424    A:0.36364    G:0.18939
position  2:    T:0.39773    C:0.20076    A:0.28409    G:0.11742
position  3:    T:0.29167    C:0.24621    A:0.26136    G:0.20076
Average         T:0.32071    C:0.20707    A:0.30303    G:0.16919

#5: Terrapene_carolina
position  1:    T:0.26894    C:0.17424    A:0.36364    G:0.19318
position  2:    T:0.39773    C:0.20076    A:0.28030    G:0.12121
position  3:    T:0.28788    C:0.25379    A:0.25379    G:0.20455
Average         T:0.31818    C:0.20960    A:0.29924    G:0.17298

#6: Chelonoidis_abingdonii
position  1:    T:0.26515    C:0.18182    A:0.35606    G:0.19697
position  2:    T:0.40152    C:0.20076    A:0.28030    G:0.11742
position  3:    T:0.28030    C:0.26136    A:0.26136    G:0.19697
Average         T:0.31566    C:0.21465    A:0.29924    G:0.17045

#7: Gopherus_evgoodei
position  1:    T:0.27273    C:0.17803    A:0.35606    G:0.19318
position  2:    T:0.40152    C:0.20076    A:0.28030    G:0.11742
position  3:    T:0.28030    C:0.26136    A:0.26136    G:0.19697
Average         T:0.31818    C:0.21338    A:0.29924    G:0.16919

#8: Mauremys_reevesii
position  1:    T:0.26894    C:0.17803    A:0.35985    G:0.19318
position  2:    T:0.40152    C:0.20076    A:0.27652    G:0.12121
position  3:    T:0.27273    C:0.26515    A:0.26894    G:0.19318
Average         T:0.31439    C:0.21465    A:0.30177    G:0.16919

#9: Pelodiscus_sinensis
position  1:    T:0.26136    C:0.17424    A:0.34848    G:0.21591
position  2:    T:0.39394    C:0.20455    A:0.27273    G:0.12879
position  3:    T:0.31439    C:0.23485    A:0.24621    G:0.20455
Average         T:0.32323    C:0.20455    A:0.28914    G:0.18308

Sums of codon usage counts
------------------------------------------------------------------------------
Phe F TTT     104 | Ser S TCT      17 | Tyr Y TAT      47 | Cys C TGT      68
      TTC      84 |       TCC      24 |       TAC      71 |       TGC      19
Leu L TTA      73 |       TCA      45 | *** * TAA       0 | *** * TGA       0
      TTG      45 |       TCG      11 |       TAG       0 | Trp W TGG      37
------------------------------------------------------------------------------
Leu L CTT      54 | Pro P CCT      11 | His H CAT      37 | Arg R CGT       3
      CTC      48 |       CCC      32 |       CAC      21 |       CGC       8
      CTA      14 |       CCA      35 | Gln Q CAA      57 |       CGA       0
      CTG      64 |       CCG       1 |       CAG      23 |       CGG       0
------------------------------------------------------------------------------
Ile I ATT      94 | Thr T ACT      67 | Asn N AAT      71 | Ser S AGT      22
      ATC      56 |       ACC      21 |       AAC      52 |       AGC      19
      ATA     106 |       ACA      43 | Lys K AAA     108 | Arg R AGA      17
Met M ATG      86 |       ACG      19 |       AAG      47 |       AGG      25
------------------------------------------------------------------------------
Val V GTT      26 | Ala A GCT      50 | Asp D GAT      26 | Gly G GGT       1
      GTC      12 |       GCC      66 |       GAC      34 |       GGC      26
      GTA      25 |       GCA      44 | Glu E GAA      30 |       GGA      18
      GTG      54 |       GCG       0 |       GAG      32 |       GGG      26
------------------------------------------------------------------------------


Codon position x base (3x4) table, overall

position  1:    T:0.27146    C:0.17172    A:0.35901    G:0.19781
position  2:    T:0.39773    C:0.20455    A:0.27609    G:0.12163
position  3:    T:0.29377    C:0.24958    A:0.25884    G:0.19781
Average         T:0.32099    C:0.20861    A:0.29798    G:0.17242

Codon frequencies under model, for use in evolver (TTT TTC TTA TTG ... GGG):
  0.03313542  0.02815086  0.02919525  0.02231181
  0.01704107  0.01447759  0.01501470  0.01147465
  0.02300194  0.01954176  0.00000000  0.00000000
  0.01013348  0.00860910  0.00000000  0.00682340
  0.02096008  0.01780706  0.01846769  0.01411352
  0.01077947  0.00915792  0.00949767  0.00725838
  0.01455006  0.01236130  0.01281990  0.00979732
  0.00641001  0.00544576  0.00564779  0.00431620
  0.04382095  0.03722897  0.03861015  0.02950694
  0.02253649  0.01914633  0.01985665  0.01517500
  0.03041962  0.02584360  0.02680239  0.02048313
  0.01340133  0.01138537  0.01180776  0.00902382
  0.02414519  0.02051303  0.02127405  0.01625822
  0.01241752  0.01054956  0.01094094  0.00836137
  0.01676110  0.01423973  0.01476802  0.01128613
  0.00738408  0.00627330  0.00650603  0.00497209



Nei & Gojobori 1986. dN/dS (dN, dS)
(Note: This matrix is not used in later ML. analysis.
Use runmode = -2 for ML pairwise comparison.)

Alligator_sinensis  
Chelonia_mydas       0.4396 (0.4584 1.0428)
Chrysemys_picta      0.3681 (0.4421 1.2012) 0.2058 (0.0230 0.1117)
Trachemys_scripta    0.3783 (0.4423 1.1693) 0.2227 (0.0263 0.1182) 0.1083 (0.0032 0.0298)
Terrapene_carolina   0.3989 (0.4427 1.1098) 0.2323 (0.0205 0.0883) 0.3660 (0.0065 0.0177) 0.2722 (0.0097 0.0358)
Chelonoidis_abingdonii 0.4276 (0.4463 1.0438) 0.1797 (0.0239 0.1331) 0.2284 (0.0180 0.0788) 0.2174 (0.0213 0.0981) 0.2466 (0.0147 0.0597)
Gopherus_evgoodei    0.4058 (0.4439 1.0939) 0.1890 (0.0306 0.1620) 0.1877 (0.0205 0.1090) 0.1944 (0.0238 0.1224) 0.1933 (0.0172 0.0888) 0.3435 (0.0172 0.0501)
Mauremys_reevesii    0.4121 (0.4432 1.0755) 0.2534 (0.0340 0.1341) 0.2877 (0.0238 0.0826) 0.2839 (0.0271 0.0956) 0.3238 (0.0205 0.0632) 0.5373 (0.0172 0.0321) 0.2770 (0.0098 0.0353)
Pelodiscus_sinensis  0.4674 (0.4663 0.9976) 0.2418 (0.0798 0.3301) 0.2378 (0.0768 0.3229) 0.2303 (0.0804 0.3491) 0.2404 (0.0742 0.3085) 0.2113 (0.0702 0.3325) 0.2153 (0.0767 0.3562) 0.2324 (0.0776 0.3338)


TREE #  1:  (1, 9, ((((4, 3), 5), (8, (7, 6))), 2));   MP score: 313
lnL(ntime: 15  np: 31):  -2656.736683      +0.000000
  10..1    10..9    10..11   11..12   12..13   13..14   14..4    14..3    13..5    12..15   15..8    15..16   16..7    16..6    11..2  
 1.809792 0.198168 0.167601 0.015303 0.013791 0.019717 0.024358 0.004121 0.003781 0.048893 0.025131 0.000004 0.034015 0.041091 0.079924 2.000234 0.515769 0.529867 0.113946 0.699103 0.187657 0.501664 0.165778 0.000100 999.000000 0.263374 0.801867 0.000100 0.143049 0.912591 0.245258

Note: Branch length is defined as number of nucleotide substitutions per codon (not per neucleotide site).

tree length =   2.48569

(1: 1.809792, 9: 0.198168, ((((4: 0.024358, 3: 0.004121): 0.019717, 5: 0.003781): 0.013791, (8: 0.025131, (7: 0.034015, 6: 0.041091): 0.000004): 0.048893): 0.015303, 2: 0.079924): 0.167601);

(Alligator_sinensis: 1.809792, Pelodiscus_sinensis: 0.198168, ((((Trachemys_scripta: 0.024358, Chrysemys_picta: 0.004121): 0.019717, Terrapene_carolina: 0.003781): 0.013791, (Mauremys_reevesii: 0.025131, (Gopherus_evgoodei: 0.034015, Chelonoidis_abingdonii: 0.041091): 0.000004): 0.048893): 0.015303, Chelonia_mydas: 0.079924): 0.167601);

Detailed output identifying parameters

kappa (ts/tv) =  2.00023

w (dN/dS) for branches:  0.51577 0.52987 0.11395 0.69910 0.18766 0.50166 0.16578 0.00010 999.00000 0.26337 0.80187 0.00010 0.14305 0.91259 0.24526

dN & dS for each branch

 branch          t       N       S   dN/dS      dN      dS  N*dN  S*dS

  10..1      1.810   578.4   213.6  0.5158  0.4814  0.9333 278.4 199.3
  10..9      0.198   578.4   213.6  0.5299  0.0533  0.1006  30.8  21.5
  10..11     0.168   578.4   213.6  0.1139  0.0180  0.1583  10.4  33.8
  11..12     0.015   578.4   213.6  0.6991  0.0046  0.0065   2.6   1.4
  12..13     0.014   578.4   213.6  0.1877  0.0021  0.0113   1.2   2.4
  13..14     0.020   578.4   213.6  0.5017  0.0052  0.0103   3.0   2.2
  14..4      0.024   578.4   213.6  0.1658  0.0034  0.0208   2.0   4.4
  14..3      0.004   578.4   213.6  0.0001  0.0000  0.0051   0.0   1.1
  13..5      0.004   578.4   213.6 999.0000  0.0017  0.0000   1.0   0.0
  12..15     0.049   578.4   213.6  0.2634  0.0093  0.0353   5.4   7.5
  15..8      0.025   578.4   213.6  0.8019  0.0079  0.0098   4.5   2.1
  15..16     0.000   578.4   213.6  0.0001  0.0000  0.0000   0.0   0.0
  16..7      0.034   578.4   213.6  0.1430  0.0043  0.0303   2.5   6.5
  16..6      0.041   578.4   213.6  0.9126  0.0134  0.0146   7.7   3.1
  11..2      0.080   578.4   213.6  0.2453  0.0146  0.0594   8.4  12.7

tree length for dN:       0.6192
tree length for dS:       1.3957

dS tree:
(Alligator_sinensis: 0.933338, Pelodiscus_sinensis: 0.100596, ((((Trachemys_scripta: 0.020779, Chrysemys_picta: 0.005092): 0.010333, Terrapene_carolina: 0.000002): 0.011303, (Mauremys_reevesii: 0.009794, (Gopherus_evgoodei: 0.030305, Chelonoidis_abingdonii: 0.014631): 0.000005): 0.035275): 0.006538, Chelonia_mydas: 0.059363): 0.158314);
dN tree:
(Alligator_sinensis: 0.481387, Pelodiscus_sinensis: 0.053302, ((((Trachemys_scripta: 0.003445, Chrysemys_picta: 0.000001): 0.005184, Terrapene_carolina: 0.001725): 0.002121, (Mauremys_reevesii: 0.007854, (Gopherus_evgoodei: 0.004335, Chelonoidis_abingdonii: 0.013352): 0.000000): 0.009291): 0.004570, Chelonia_mydas: 0.014559): 0.018039);

w ratios as labels for TreeView:
(Alligator_sinensis #0.515769 , Pelodiscus_sinensis #0.529867 , ((((Trachemys_scripta #0.165778 , Chrysemys_picta #0.0001 ) #0.501664 , Terrapene_carolina #999 ) #0.187657 , (Mauremys_reevesii #0.801867 , (Gopherus_evgoodei #0.143049 , Chelonoidis_abingdonii #0.912591 ) #0.0001 ) #0.263374 ) #0.699103 , Chelonia_mydas #0.245258 ) #0.113946 );


Time used:  4:53
