Accipiter_gentilis
Anas_platyrhynchos
Anser_cygnoides
Antrostomus_carolinensis
Aptenodytes_forsteri
Apteryx_mantelli_mantelli
Apteryx_rowi
Aquila_chrysaetos
Athene_cunicularia
Aythya_fuligula
Balearica_regulorum_gibbericeps
Calidris_pugnax
Cariama_cristata
Charadrius_vociferus
Colius_striatus
Cygnus_olor
Dromaius_novaehollandiae
Egretta_garzetta
Eurypyga_helias
Falco_biarmicus
Falco_cherrug
Falco_naumanni
Falco_peregrinus
Falco_rusticolus
Fulmarus_glacialis
Gavia_stellata
Grus_americana
Gymnogyps_californianus
Haliaeetus_albicilla
Haliaeetus_leucocephalus
Harpia_harpyja
Leptosomus_discolor
Nipponia_nippon
Nothoprocta_perdicaria
Opisthocomus_hoazin
Oxyura_jamaicensis
Pelecanus_crispus
Phaethon_lepturus
Phalacrocorax_carbo
Pterocles_gutturalis
Pygoscelis_adeliae
Rissa_tridactyla
Struthio_camelus_australis
Tauraco_erythrolophus
Tinamus_guttatus
Tyto_alba
