Accipitriformes
Anseriformes
Apodiformes
Apterygiformes
Bucerotiformes
Caprimulgiformes
Cariamiformes
Casuariiformes
Charadriiformes
Ciconiiformes
Coliiformes
Columbiformes
Coraciiformes
Cuculiformes
Dinornithiformes
Falconiformes
Galbuliformes
Galliformes
Gaviiformes
Gruiformes
Musophagiformes
Opisthocomiformes
Passeriformes
Pelecaniformes
Phoenicopteriformes
Piciformes
Podicipediformes
Procellariiformes
Psittaciformes
Rheiformes
Sphenisciformes
Strigiformes
Struthioniformes
Tinamiformes
Trogoniformes
Upupiformes
