Struthioniformes
Rheiformes
Tinamiformes
Dinornithiformes
Struthioniformes
Apterygiformes
Casuariiformes
Musophagiformes
Caprimulgiformes
Caprimulgiformes
Caprimulgiformes
Caprimulgiformes
Apodiformes
Gruiformes
Gaviiformes
Pelecaniformes
Ciconiiformes
Pelecaniformes
Pelecaniformes
Ciconiiformes
Ciconiiformes
Sphenisciformes
Procellariiformes
Pelecaniformes
Gruiformes
Charadriiformes
Charadriiformes
Charadriiformes
Charadriiformes
Ciconiiformes
Charadriiformes
Ciconiiformes
Gruiformes
Columbiformes
Podicipediformes
Phoenicopteriformes
Opisthocomiformes
Accipitriformes
Coliiformes
Trogoniformes
Coraciiformes
Galbuliformes
Piciformes
Upupiformes
Bucerotiformes
Coraciiformes
Strigiformes
Cariamiformes
Falconiformes
Psittaciformes
Passeriformes
Charadriiformes
Charadriiformes
Charadriiformes
Gruiformes
Cuculiformes
Anseriformes
Galliformes
