Accipitriformes
Anseriformes
Apodiformes
Apterygiformes
Bucerotiformes
Caprimulgiformes
Cariamiformes
Casuariiformes
Charadriiformes
Coliiformes
Columbiformes
Coraciiformes
Cuculiformes
Eurypygiformes
Falconiformes
Galliformes
Gaviiformes
Gruiformes
Leptosomiformes
Mesitornithiformes
Musophagiformes
Opisthocomiformes
Passeriformes
Pelecaniformes
Phaethontiformes
Piciformes
Procellariiformes
Psittaciformes
Pterocliformes
Rheiformes
Sphenisciformes
Strigiformes
Struthioniformes
Suliformes
Tinamiformes
Trogoniformes
