
Before deleting alignment gaps
      9   1038

Crocodylus_porosus              ATG GAA ATA --- GAT TTA AGT TAC CTG TAT GGT AAC CTC ACA CCC ACT GAT TTC ATC TTG AAT GAT AAT TTC TTC ACC TTT AGC AAA ATC TTT GTG CCC NNN ATG TAT TCA TTT GCT TCT GTC TTT GGG CTG ATG GGA AAC TGT TCC TTA ACG TGT ACA TTC --- TCT NNN GAG AAA TTT AAG ATC CTA CAA GCT GGT ATT TTT GGT TAC CTG ATG NNN TTG GTT AAT GCT GAC CTA CTT TTT CTT TAC ATC CTG CCA TTC TGG GCA TAT TCT GCT GCT TAC AAG TGG ATT TTT GGC ACC ACA ATG TGT TGT ATT ATA CGA AGT ATT TAT AAC TTG AAT CTG TAC ACT TCA GTG TTG ACA TTA ACC TGT ATA AAT ATT GAC AGG TGT ATT GCT ATT GCT CAA GCA ACC AAA GCC AAT GTA AGT CAA GCC AAA ATA ATG GCG TGG GGC AAA GCA ATC TGT ATT TTG GTA TGG ATG ATA TCG GTA GCA TTT GCC ATG TCT CAG TTT ATT TAT AGT GCA CAG --- --- --- --- --- --- --- --- --- --- --- --- --- --- --- --- --- --- --- --- TTC AAA TGT TTC --- --- --- --- --- --- --- --- --- --- --- --- --- ATT TTC TGT TTC CAG TTG CTT NNN TTG AGG TTA CCT ATG GCT TAC CCT TTC AAC CTG AAC AAA TAT TTA TCA --- --- --- --- --- --- --- --- --- --- --- --- --- --- --- --- --- --- --- --- --- --- --- --- --- --- --- --- --- --- --- --- --- --- --- --- --- --- --- --- --- --- --- --- --- --- --- --- --- --- --- --- --- --- --- --- --- --- --- --- --- --- --- --- AGC AAA CAT TTT TTA AAA --- --- --- --- --- --- --- --- --- --- --- --- --- --- --- --- --- AAA GCC ACA GAT GAA NNN ACA CAC AAC --- --- --- --- --- --- --- --- --- --- --- --- --- --- --- --- 
Chelonoidis_abingdonii          ATG GAG CTT CCA GAA TGT TAT TAC CCA GAC CTT AAC CTC ACG TGC AAC GAT TAC AAT GAG AAT GAA CAT TTT CTC AAG GCC AGC AAA ATC TTT CTG CCC TGT ATG TAT GCA TTA GCT TTT GCC TTT GGG CTG ATA GGA AAT TCT TTG GTC CTT ATC ATA TAC ATT TTC TGT GAG AAA CTG AAG ACA CTG --- ACA GAT GTA TTT --- --- TTA GTG AGC TTG GCT ACA GCA GAC TTG CTT TTC CTT TCC ACC TTG CCA TTC TGG GCA TAT TCT GCT GCT CAC GAA TGG ATT TTT GGC TCC TTA ATG TGT AAA ATT ATA CGG GGC CTG TAC ACT TTG AAT CTG TAC ACT TCA ATG TTA ACG CTC ACT TGT ATA ACT ATT GAC AGG TTT ATT GCT ATT GCC CAA GCC ACA AAA GCC CAC ATG TGT CAA GCC AAA AGA ATG GTT TGG GGG AAA GTC ATC TGC ATT TTA GTT TGG GTG GTT TCA CTA GTA TTT GCA ATA CCA CAA TTT AAA TAC AGT ACA CAA TCG AAC TAC GAT AAG TCA GTC TGT CAT GCA GTA TAC CCT TCA CAG CTC ATA GAA TTG GCT TTT AAA GTA ATC CAA ATG ACC CTT GGA TTC TTT ATC CCC CTG CTA ACC ATG ATT ATC TGC TAC TCA ATA ATT ATC AAA ACT TTA CTT CAT GCC AGG AGT TTC CAA AAG CAC AAA TCC TTA AAA ATC ATA TTT TCC ATA GTA GTG GTG TTC ATT CTT ACT CAG TTA CCC TAC AAT TTA CTG ATA CTC ATA CGT AAT ATA CAT GTG GAA TTC AAC CTG GAC TAC AAT TTC GAC TCT GCG GTG GTC ATA ACA GAA GCA ATT GCT TAT CTC CAT GGC TGT CTC AAC CCC GTT CTG TAT TTC TTT ATT GGG GTG AAG TTC AGG AAG AAC TTC CAG AAA ATC ATT AAG AAC ATC ACA TGT GTT AAG CGC CAA GGT ATC GTG AAG CAA TGG CAA ACC ACT GAA GAG GAG GGC TCG AAA ACT TGT ACC GCC TCA CCC AAT GTA GAA GCA ACA AGC ATG TAT CCA TTA 
Gopherus_evgoodei               ATG GAG TTT TCA GAA TGT TAT TAC CCA GAC CTT AAC CTC ACC TGC AAC GAT TAC AGT GAG AAT GAA CAT TTT CTC AAG GCC AGC AAA ATC TTT CTG CCG TGT ATG TAT GCA TTA GCT TTT GCC TTT GGG CTG ATA GGA AAT TCT TTG GTC CTT ATC ATA TAC ATT TTC TGT GAG AAA CTG AAG ACA CTG --- ACA GAC GTA TTT --- --- TTA GTG AGC TTG GCT TCA GCA GAC TTG CTT TTC CTT TCC ACC TTG CCA TTC TGG GCA TAT TCT GCT GCA CAC GAG TGG ATT TTT GGC TCC TTA ATG TGT AAA ATT ATA CGG GGC CTG TAC ACT TTG AAT CTG TAC ACT TCA ATG TTA ACG CTC ACT TGT ATA ACT ATT GAC AGG TTT ATT GCT ATT GCC CAA GCC ACA AAA GCC CAC ATG TGT CAA GCC AAA AGA ATG GTT TGG GGG AAA GTC ATC TGC ATT TTA GTT TGG GTG GTT TCA CTA GCA TTT GCA ATA CCA CAA TTT AAA TAC AGT ACA CAA CTG AAT TAC GAT AAG TCA GTC TGT CAT GCA ATA TAC CCT TCA CAT CTC ATA GAA TTG GCT TTT AAA GTA TTC CAA ATG ACC CTT GGA TTC TTT ATT CCC ATG ATA ACC ATG ATT ATC TGC TAC TCA ATA ATT ATC AAA ACT TTA CTT CAT GCC AGG AGT TTC CAA AAG CAC AAA TCC TTA AAA ATC ATA TTT TCC ATA GTA GTG GTG TTC ATT CTT ACT CAG TTA CCC TAC AAT TTA CTG ATA CTC ATA CGC AAT ATA CAT GTG GAA TTC AAC CTG GAC TAC AAT TTC GAC TCT GCA GTG GTC ATA ACA GAA GCA ATT GCT TAT CTC CAT GGC TGT CTC AAC CCC GTT CTG TAT TTC TTT ATT GGG GTG AAG TTC AGG AAG AAC TTC CAG AAA ATC ATT AAG AAC ATC ACA TGT GTT AAG CGT CAA GGT ATT GTG AAG CAA TGG CAA ACC ACT GAA GAG GAG GGC TCG AAA ACT TAT ACC GCC TCA CCC AAT GTA GAA GCA ACA AGC ATG TAT CCA TTA 
Mauremys_reevesii               ATG GAG TTT CCA GAA TGT TAT TAC CCA GAC CTT AAC CTC ACC TGC AAC GAT TAC AGT GAG AAT GAA CAT TTT CTC AAG GCC AGC AAA ATC TTT CTG CCC TGT ATG TAT GCA TTA GCT TTT GCC TTT GGG CTG ATA GGA AAT TCT TTG GTC GTT ATC ATA TAC ATT TTC TGT GAG AAA CTG AAG ACA CTG --- ACA GAT GTA TTT --- --- TTA GTG AGC TTG GCT ACA GCA GAC TTG CTT TTC CTT TCC ACC TTG CCA TTC TGG GCA TAT TCT GCT GCT CAC GAG TGG ATT TTT GGA TCC TTA ATG TGT AAA ATT ATA CGG GGC CTG TAC ACT TTG AAT CTG TAC ACT TCA ATG TTA ACG CTC ACT TGT ATA ACT ATT GAC AGG TTT ATT GCT ATT GCC CAA GCC ACA AAA GCC CAC ATG TGT CAA GCC AAA AGA ATG GTT TGG GGG AAA CTC ATC TGC ATT TTA GTT TGG GTG GTT TCA CTA GCA TTT GCA ATA CCA CAA TTT AAA TAC AGT ACA CAA CTG AAC TAC GAT AAG TCA GTC TGT CAA TCA ATA TAC CCT TCA CAA CTC ATA GAA TTG GCT TTT ACA GTA TTC CAA ATG ACC CTT GGA TTC TTT ATC CCC ATG GTA ACC ATG ATT ATC TGC TAC TCA ATA ATT ATC AAA ACT TTA CTT CAT GCC AGG AGT TTC CAA AAG CAC AAA TCC TTA AAA ATC ATA TTT TCC ATA GTA GTG GTG TTC ATT CTT ACT CAG TTA CCC TAC AAT TTA CTG ATA CTC ATA CGC AAT ATA CAT GTG GAA TTC AAC CTG GAC TAC AAT TTC GAC TCT GCA GTG GTC ATA ACA GAA GCA ATT GCT TAT CTC CAT GGC TGT CTC AAC CCT GTT CTG TAT TTC TTT ATT GGG GTG AAG TTC AGG AAG AAC TTC CAG AAA ATC ATT AAG AAC ATC ACA TGT GTT AAG CGT CAA GGT ATC ATG AAG CCA TGG CAA ACC ACT GAA GAG GAT GGC TCG AAA ACT TGT ACC GCC TCA CCC AAT GTA GAA GCA ACA AGC ATG TAT CCA TTA 
Chrysemys_picta                 ATG GAG CTT CCA GAA TGT TAT TAC CCA GAC CTT AAC CTC ACG TGC AAC GAT TAC AAT GAA AAT GAA CAT TTT CTC CAG GCC AGC AAA ATC TTT CTG CCC TGT ATG TAT GCA TTA GCT TTC GCC TTT GGG CTG ATA GGA AAT TCT TTG GTC CTT ATC ATA TAC ATT TTC TGT GAG AAA CTG AAG ACA TTG --- ACG GAT GTA TTT --- --- TTA GTG AGC TTG GCT ACA GCA GAC TTG CTT TTC CTT TCC ACC TTG CCA TTC TGG GCA TAT TCT GCT GCT CAT GAG TGG ATT TTT GGC TCC TTG ATG TGT AAA ATT ATA CGG GGC CTG TAC ACT TTG AAT CTG TAC ACT TCA ATG TTA ACG CTC ACT TGT ATA ACT ATT GAC AGG TTT ATT GCT ATT GCC CAA GCC ACA AAA GCC CAC ATG TGT CAA GCC AAA AGA ATG GTT TGG GGG AAA GTC ATC TGC ATG TTA GTT TGG GTG ATT TCA CTA GCA TTT GCA ATG CCA CAA TTT AAA TAC AGT AGA CAA TCG AAC TAC GAT AAG TCA GTC TGT CAT GCA ATA TAC CCT TCA CAT CTC ATA GAG TTG GTT TTT AAA GTA CTC CAA ATG ACT CTT GGA TTC TTT ATC CCC ATG CTA ACC ATG ATT ATC TGC TAC TCA ATA ATT ATC AAA ACT TTA TTT CAT GCC AGG AGT TTC CAA AAG CAC AAA TCC TTA AAA ATA ATA TTT TCT ATA GTA GTG GTG TTC ATT CTT ACT CAG TTA CCC TAC AAT TTA TTG ATA CTC ATA CGC AAT ATA CAT GTG GAA TTC AAC CTG GAC TAC AAT TTC GAC TCT GCG GTG GTC ATA ACA GAA GCA ATT GCT TAT CTC CAT GGC TGT CTC AAC CCC GTT CTG TAT TTC TTT ATT GGG GTG AAG TTC AGG AAG AAC TTC CAG AAA ATC ATT AAG AAC ATC AGA TGT GTT AAG CGC CAA GGT ATC GTG AAG CAA TGG CAA ACC ACT GAA GAG GAG GGC TCG AAA ACT TGT ACT GCC TCA CCC AAT GTA GAA GCA ACA AGC ATG TAT CCA TTA 
Trachemys_scripta               ATG GAG CTT CCA GAA TGT TAT TAC CCA GAC CTT AAC CTC ACA TGC AAC GAT TAC AAT GAA AAT GAA CAT TTT CTC CAG GCC AGC AAA ATC TTT CTG CCC TGT ATG TAT GCA TTA GCT TTC GCC TTT GGG CTG ATA GGA AAT TCT TTG GTC CTT ATC ATA TAC ATT TTC TGT GAG AAA CTG AAG ACA TTG --- ACG GAT GTA TTT --- --- TTA GTG AGC TTG GCT ACA GCA GAC TTG CTT TTC CTT TCC ACC TTG CCA TTC TGG GCA TAT TCT GCT GCT CAT GAG TGG ATT TTT GGC TCC TTG ATG TGT AAA ATT ATA CGG GGC CTG TAT ACT TTG AAT CTG TAC ACT TCA ATG TTA ACG CTC ACT TGT ATA ACT ATT GAC AGG TTT ATT GCT ATT GCC CAA GCC ACA AAA GCC CAC ATG TGT CAA GCC AAA AGA ATG GTT TGG GGG AAA GTC ATC TGC ATG TTA GTT TGG GTG ATT TCA CTA GCA TTT GCA ATG CCA CAA TTT AAA TAC AGT AGA CAA TCG AAC TAC GAT AAG TCA GTC TGT CAT GCA ATA TAT CCT TCA CAT CTC ATA GAG TTG GTT TTT AAA GTA CTC CAA ATG ACC CTT GGA TTC TTT ATC CCC ATG CTA ACC ATG ATT ATC TGC TAC TCA ATA ATT ATC AAA ACT TTA TTT CAT GCC AGG AAT TTC CAA AAG CAC AAA TCC TTA AAA ATA ATA ATT TCT ATA GTA GTG GTG TTC ATT CTT ACT CAG TTA CCC TAC AAT TTA TTG ATA CTC ATA CGC AAT ATA CAT GTG GAA TTC AAC CTG GAC TAC AAT TTC GAC TCT GCG GTG GTC ATA ACA GAA GCA ATT GCT TAT CTC CAT GGC TGT CTC AAC CCC GTT CTG TAT TTC TTT ATT GGG GTG AAG TTC AGG AAG AAC TTC CAG AAA ATC ATT AAG AAC ATC AGA TGT GTT AAG CGC CAA GGT ATC GTG AAG CAA TGG CAA ACC ACT GAA GAG GAG GGC TCA AAA ACT TGT ACT GCC TCA CCC AAT GTA GAA GCA ACA AGC ATG TAT CCA TTA 
Terrapene_carolina              ATG GAG CTT CCA GAA TGT TAT TAC CCA GAC CTT AAC CTC ACG TGC AAC GAT GAC AAT GAA AAT GAA CAT TTT CTC AAG GCC AGC AAA ATC TTT CTG CCC TGT ATG TAT GCA TTA GCT TTT GCC TTT GGG CTG ATA GGA AAT TCT TTG GTC CTT ATC ATA TAC ATT TTC TGT GAG AAA CTG AAG ACA TTG --- ACG GAT GTA TTT --- --- TTA GTG AGC TTG GCT ACA GCA GAC TTG CTT TTC CTT TCC ACC TTG CCA TTC TGG GCA TAT TCT GCT GCT CAC GAG TGG ATT TTT GGC TCC TTG ATG TGT AAA ATT ATA CGG GGC CTG TAC ACT TTG AAT CTG TAC ACT TCA ATG TTA ACG CTC ACT TGT ATA ACT ATT GAC AGG TTT ATT GCT ATT GCC CAA GCC ACA AAA GCC CAC ATG TGT CAA GCC AAA AGA ATG GTT TGG GGG AAA GTC ATC TGC ATT TTA GTT TGG GTG ATT TCA CTA GCA TTT GCA ATG CCA CAA TTT AAA TAC AGT AGA CAA TCG AAC TAC GAT AAG TCA GTC TGT CAT GCA ATA TAC CCT TCA CAT CTC ATA GAG TTG GTT TTT AAA GTA CTC CAA ATG ACC CTT GGA TTC TTT ATC CCC ATG CTA ACC ATG ATT ATC TGC TAC TCA ATA ATT ATC AAA ACT TTA CTT CAT GCC AGG AGT TTC CAA AAG CAC AAA TCC TTA AAA ATA ATA TTT TCT ATA GTA GTG GTG TTC ATT CTT ACT CAG TTA CCC TAC AAT TTA TTG ATA CTC ATA CGC AAT ATA CAT GTG GAA TTC AAC CTG GAC TAC AAT TTC GAC TCT GCG GTG GTC ATA ACA GAA GCA ATT GCT TAT CTC CAT GGC TGT CTC AAC CCC ATT CTG TAT TTC TTT ATT GGG GTG AAG TTC AGG AAG AAC TTC CAG AAA ATC ATT AAG AAC ATC AGA TGT GTT AAG CGC CAA GGT ATC GTG AAG CAA TGG CAA ACC ACT GAA GAG GAG GGC TCG AAA ACT TGT ACT GCC TCA CCC AAT GTA GAA GCA ACA AGC ATG TAT CCA TTA 
Chelonia_mydas                  ATG GAG CTT CCA GAT TGT TAT TAC CCA GAC CTT AAC CTT ACG TGC AAC GAT TAC AAT GAG AAT GAA CAT TTT CTC AGG GCC AGC AAA ATC TTT CTG CCC TGT ATG TAT GCA TTT GCT TTT GCC TTC GGG CTG ATA GGA AAT TCT TTG GTC CTT ATC ATA TAC ATT TTC TGT GAG AAA CTG AAG ACG TTG --- ACA GAT GTA TTT --- --- TTA GTG AGC TTG GCT ACA GCA GAC TTG CTT TTC CTT TCC ACC TTG CCA TTC TGG GCA TAT TCT GCT GCT CGC GAG TGG ATT TTT GGC TCC TTG ATG TGT AAA ATT ATA CGG GGC CTG TAC ACT TTG AAT CTG TAC ACT TCA ATG TTA ACA CTC ACT TGT ATA ACT ATT GAC AGA TTT ATT GCT ATT GCC CAA GCC ACA AAA GCC CAC ATG TGT CAA GCC AAA AGA ATG GTT TGG GGG AAA GTG ATC TGC ATT TTA GTT TGG GTG ATT TCA CTA GCA TTT GCA ACG CCA CAA TTT AAA TAC AGT ACA CAA TCA AAC TAT GAT AAG TCA GTC TGT CAT GCA GTG TAT CCT TCA GAT CTC ACA GAA TTG GTT TTT AAA GTA CTT CAA ATG ACC CTT GGA TTC TTT ATC CCC ATG CTA ACC ATG ATT ATC TGC TAC TCA ATA ATT ATC AAA ACT TTA CTT CGT GCC AGG AGT TTC CAA AAA CAC AAA TCC TTA AAA ATA ATA TTT TCT ATA GTA GTG ACG TTC ATT CTT ACT CAG TTA CCC TAC AAT TTG TTG ATA CTC ATA CGC AAT ATA CAT GTG GAA TTC AAC CTG GAC TAC AAT TTC GAC TCT GCG GTG GTT ATA ACA GAA GCA ATT GCT TAT CTC CAT GGC TGT CTC AAC CCT GTT CTA TAT TTC TTT ATT GGG GTG AAG TTC AGG AAG AAC TTC CAG AAA ATC ATC AAG AAC ATC AGA TGT GTT AAG CGC CAA GGT ATT GTG AAG CAA TGG CAA ACC ACT GAA GAT GAG GGC TCG AAA ACT TGT ACT GCC TCA CCC AAT GTA GAA GCA ACA AGC ATG TAT CCA TTA 
Pelodiscus_sinensis             ATG GAG GAT CTG GAT TGT TAT TAC CCC GAG CTT AAC CTC ACG TGC AAC GAT TAT AGT GAG AGT GAT GAT TTT CTC AGG GCC AGC AAA ATT TTT CTG CCC TGT ATG TAT GCA TTA GCT TTT GTC TTT GGG CTG ATA GGA AAT GCT TTG GTC ATT ATC ATA TAC ATT TTC TGT GAA AAA CTG AAG ACA CTG --- ACA GAT GTA TTT --- --- TTA GTG AGC TTG GCT ACA GCT GAC TTG CTT TTT CTT TCT ACC TTG CCA TTC TGG GCA TAT TCT GCT GCT CAC GAG TGG ATT TTT GGC TCT GTG ACG TGT AAA ATT ATA CGG GGC CTG TAC ACT TTG AAT CTG TAT ACA TCA ATG CTA ACC CTC ACT TGT ATA ACT ATT GAG AGG TTT ATC GCT ATT GTC CAA GCC ACC AAA GCC CAT GTG AAT CAA GCC AAA AGA ATG GTG TGG GGG AAA GTT ATC TGC ATT TTA GTT TGG GTG ATG TCA GTA GTA TTT GCA ATA CCA CAA TTT ATA TAT AGT ACA CAA TCC ACA TAT GAT AAG TCA ATT TGT CAT GCA ACG TAC CCA TCC CGT CTC GTA GAA TTG GTT CTT AAA GTA CTT CAA ATG ACT CTT GGA TTC CTT ATC CCT CTG CTA ACA ATG ATT ATC TGC TAC TCG ATC ATT ATC AAA ACT TTA CTA CAT GCC AGG AGT TTC CAA AAG CAC AAA TCC TTA AAA ATA ATA TTT TCT GTA GTA GTG GTG TTC ATT CTT ACC CAG TTA CCC TAT AAC TTC CTG ATA CTC TTA CGC AAT ATA TAC TTA GAA TTC TAC CTG GAC TAC AAT TAT GAT GCT GCG GTA GTC ATA ACA GAA GCA ATT GCT TAT CTC CAT GGC TGT CTC AAC CCT ATT CTG TAT TTC TTT ATT GGG GCC AAG TTC AGA AAG AAC GTT CAG AAA ATC ATG AAG AAC ATC AGA CAT GTT AAG CAC CAA GGC TTC ATG AAG CAA TGG CAA ACC ACT GAA GAG GAA GGC TCA AAA ACT TGC ACT GCT TCC CAG AAT GCA GAA GCA ACA AGC ATG TAT CCA TTA 



After deleting gaps. 618 sites
      9    618

Crocodylus_porosus              ATG GAA ATA GAT TTA AGT TAC CTG TAT GGT AAC CTC ACA CCC ACT GAT TTC ATC TTG AAT GAT AAT TTC TTC ACC TTT AGC AAA ATC TTT GTG CCC ATG TAT TCA TTT GCT TCT GTC TTT GGG CTG ATG GGA AAC TGT TCC TTA ACG TGT ACA TTC TCT GAG AAA TTT AAG ATC CTA GCT GGT ATT TTT CTG ATG TTG GTT AAT GCT GAC CTA CTT TTT CTT TAC ATC CTG CCA TTC TGG GCA TAT TCT GCT GCT TAC AAG TGG ATT TTT GGC ACC ACA ATG TGT TGT ATT ATA CGA AGT ATT TAT AAC TTG AAT CTG TAC ACT TCA GTG TTG ACA TTA ACC TGT ATA AAT ATT GAC AGG TGT ATT GCT ATT GCT CAA GCA ACC AAA GCC AAT GTA AGT CAA GCC AAA ATA ATG GCG TGG GGC AAA GCA ATC TGT ATT TTG GTA TGG ATG ATA TCG GTA GCA TTT GCC ATG TCT CAG TTT ATT TAT AGT GCA CAG TTC AAA TGT TTC ATT TTC TGT TTC CAG TTG CTT TTG AGG TTA CCT ATG GCT TAC CCT TTC AAC CTG AAC AAA TAT TTA TCA AGC AAA CAT TTT TTA AAA AAA GCC ACA GAT GAA ACA CAC AAC 
Chelonoidis_abingdonii          ATG GAG CTT GAA TGT TAT TAC CCA GAC CTT AAC CTC ACG TGC AAC GAT TAC AAT GAG AAT GAA CAT TTT CTC AAG GCC AGC AAA ATC TTT CTG CCC ATG TAT GCA TTA GCT TTT GCC TTT GGG CTG ATA GGA AAT TCT TTG GTC CTT ATC ATA TAC TTC GAG AAA CTG AAG ACA CTG ACA GAT GTA TTT TTA GTG TTG GCT ACA GCA GAC TTG CTT TTC CTT TCC ACC TTG CCA TTC TGG GCA TAT TCT GCT GCT CAC GAA TGG ATT TTT GGC TCC TTA ATG TGT AAA ATT ATA CGG GGC CTG TAC ACT TTG AAT CTG TAC ACT TCA ATG TTA ACG CTC ACT TGT ATA ACT ATT GAC AGG TTT ATT GCT ATT GCC CAA GCC ACA AAA GCC CAC ATG TGT CAA GCC AAA AGA ATG GTT TGG GGG AAA GTC ATC TGC ATT TTA GTT TGG GTG GTT TCA CTA GTA TTT GCA ATA CCA CAA TTT AAA TAC AGT ACA CAA TTT AAA GTA ATC ATT ATC TGC TAC TCA ATA ATT AAA ACT TTA CTT CAT GCC AGG AGT TTC CAA AAG CAC AAA TCC TTA AAA AGG AAG AAC TTC CAG AAA CAA ACC ACT GAA GAG GGC TCG AAA 
Gopherus_evgoodei               ATG GAG TTT GAA TGT TAT TAC CCA GAC CTT AAC CTC ACC TGC AAC GAT TAC AGT GAG AAT GAA CAT TTT CTC AAG GCC AGC AAA ATC TTT CTG CCG ATG TAT GCA TTA GCT TTT GCC TTT GGG CTG ATA GGA AAT TCT TTG GTC CTT ATC ATA TAC TTC GAG AAA CTG AAG ACA CTG ACA GAC GTA TTT TTA GTG TTG GCT TCA GCA GAC TTG CTT TTC CTT TCC ACC TTG CCA TTC TGG GCA TAT TCT GCT GCA CAC GAG TGG ATT TTT GGC TCC TTA ATG TGT AAA ATT ATA CGG GGC CTG TAC ACT TTG AAT CTG TAC ACT TCA ATG TTA ACG CTC ACT TGT ATA ACT ATT GAC AGG TTT ATT GCT ATT GCC CAA GCC ACA AAA GCC CAC ATG TGT CAA GCC AAA AGA ATG GTT TGG GGG AAA GTC ATC TGC ATT TTA GTT TGG GTG GTT TCA CTA GCA TTT GCA ATA CCA CAA TTT AAA TAC AGT ACA CAA TTT AAA GTA TTC ATT ATC TGC TAC TCA ATA ATT AAA ACT TTA CTT CAT GCC AGG AGT TTC CAA AAG CAC AAA TCC TTA AAA AGG AAG AAC TTC CAG AAA CAA ACC ACT GAA GAG GGC TCG AAA 
Mauremys_reevesii               ATG GAG TTT GAA TGT TAT TAC CCA GAC CTT AAC CTC ACC TGC AAC GAT TAC AGT GAG AAT GAA CAT TTT CTC AAG GCC AGC AAA ATC TTT CTG CCC ATG TAT GCA TTA GCT TTT GCC TTT GGG CTG ATA GGA AAT TCT TTG GTC GTT ATC ATA TAC TTC GAG AAA CTG AAG ACA CTG ACA GAT GTA TTT TTA GTG TTG GCT ACA GCA GAC TTG CTT TTC CTT TCC ACC TTG CCA TTC TGG GCA TAT TCT GCT GCT CAC GAG TGG ATT TTT GGA TCC TTA ATG TGT AAA ATT ATA CGG GGC CTG TAC ACT TTG AAT CTG TAC ACT TCA ATG TTA ACG CTC ACT TGT ATA ACT ATT GAC AGG TTT ATT GCT ATT GCC CAA GCC ACA AAA GCC CAC ATG TGT CAA GCC AAA AGA ATG GTT TGG GGG AAA CTC ATC TGC ATT TTA GTT TGG GTG GTT TCA CTA GCA TTT GCA ATA CCA CAA TTT AAA TAC AGT ACA CAA TTT ACA GTA TTC ATT ATC TGC TAC TCA ATA ATT AAA ACT TTA CTT CAT GCC AGG AGT TTC CAA AAG CAC AAA TCC TTA AAA AGG AAG AAC TTC CAG AAA CAA ACC ACT GAA GAG GGC TCG AAA 
Chrysemys_picta                 ATG GAG CTT GAA TGT TAT TAC CCA GAC CTT AAC CTC ACG TGC AAC GAT TAC AAT GAA AAT GAA CAT TTT CTC CAG GCC AGC AAA ATC TTT CTG CCC ATG TAT GCA TTA GCT TTC GCC TTT GGG CTG ATA GGA AAT TCT TTG GTC CTT ATC ATA TAC TTC GAG AAA CTG AAG ACA TTG ACG GAT GTA TTT TTA GTG TTG GCT ACA GCA GAC TTG CTT TTC CTT TCC ACC TTG CCA TTC TGG GCA TAT TCT GCT GCT CAT GAG TGG ATT TTT GGC TCC TTG ATG TGT AAA ATT ATA CGG GGC CTG TAC ACT TTG AAT CTG TAC ACT TCA ATG TTA ACG CTC ACT TGT ATA ACT ATT GAC AGG TTT ATT GCT ATT GCC CAA GCC ACA AAA GCC CAC ATG TGT CAA GCC AAA AGA ATG GTT TGG GGG AAA GTC ATC TGC ATG TTA GTT TGG GTG ATT TCA CTA GCA TTT GCA ATG CCA CAA TTT AAA TAC AGT AGA CAA TTT AAA GTA CTC ATT ATC TGC TAC TCA ATA ATT AAA ACT TTA TTT CAT GCC AGG AGT TTC CAA AAG CAC AAA TCC TTA AAA AGG AAG AAC TTC CAG AAA CAA ACC ACT GAA GAG GGC TCG AAA 
Trachemys_scripta               ATG GAG CTT GAA TGT TAT TAC CCA GAC CTT AAC CTC ACA TGC AAC GAT TAC AAT GAA AAT GAA CAT TTT CTC CAG GCC AGC AAA ATC TTT CTG CCC ATG TAT GCA TTA GCT TTC GCC TTT GGG CTG ATA GGA AAT TCT TTG GTC CTT ATC ATA TAC TTC GAG AAA CTG AAG ACA TTG ACG GAT GTA TTT TTA GTG TTG GCT ACA GCA GAC TTG CTT TTC CTT TCC ACC TTG CCA TTC TGG GCA TAT TCT GCT GCT CAT GAG TGG ATT TTT GGC TCC TTG ATG TGT AAA ATT ATA CGG GGC CTG TAT ACT TTG AAT CTG TAC ACT TCA ATG TTA ACG CTC ACT TGT ATA ACT ATT GAC AGG TTT ATT GCT ATT GCC CAA GCC ACA AAA GCC CAC ATG TGT CAA GCC AAA AGA ATG GTT TGG GGG AAA GTC ATC TGC ATG TTA GTT TGG GTG ATT TCA CTA GCA TTT GCA ATG CCA CAA TTT AAA TAC AGT AGA CAA TTT AAA GTA CTC ATT ATC TGC TAC TCA ATA ATT AAA ACT TTA TTT CAT GCC AGG AAT TTC CAA AAG CAC AAA TCC TTA AAA AGG AAG AAC TTC CAG AAA CAA ACC ACT GAA GAG GGC TCA AAA 
Terrapene_carolina              ATG GAG CTT GAA TGT TAT TAC CCA GAC CTT AAC CTC ACG TGC AAC GAT GAC AAT GAA AAT GAA CAT TTT CTC AAG GCC AGC AAA ATC TTT CTG CCC ATG TAT GCA TTA GCT TTT GCC TTT GGG CTG ATA GGA AAT TCT TTG GTC CTT ATC ATA TAC TTC GAG AAA CTG AAG ACA TTG ACG GAT GTA TTT TTA GTG TTG GCT ACA GCA GAC TTG CTT TTC CTT TCC ACC TTG CCA TTC TGG GCA TAT TCT GCT GCT CAC GAG TGG ATT TTT GGC TCC TTG ATG TGT AAA ATT ATA CGG GGC CTG TAC ACT TTG AAT CTG TAC ACT TCA ATG TTA ACG CTC ACT TGT ATA ACT ATT GAC AGG TTT ATT GCT ATT GCC CAA GCC ACA AAA GCC CAC ATG TGT CAA GCC AAA AGA ATG GTT TGG GGG AAA GTC ATC TGC ATT TTA GTT TGG GTG ATT TCA CTA GCA TTT GCA ATG CCA CAA TTT AAA TAC AGT AGA CAA TTT AAA GTA CTC ATT ATC TGC TAC TCA ATA ATT AAA ACT TTA CTT CAT GCC AGG AGT TTC CAA AAG CAC AAA TCC TTA AAA AGG AAG AAC TTC CAG AAA CAA ACC ACT GAA GAG GGC TCG AAA 
Chelonia_mydas                  ATG GAG CTT GAT TGT TAT TAC CCA GAC CTT AAC CTT ACG TGC AAC GAT TAC AAT GAG AAT GAA CAT TTT CTC AGG GCC AGC AAA ATC TTT CTG CCC ATG TAT GCA TTT GCT TTT GCC TTC GGG CTG ATA GGA AAT TCT TTG GTC CTT ATC ATA TAC TTC GAG AAA CTG AAG ACG TTG ACA GAT GTA TTT TTA GTG TTG GCT ACA GCA GAC TTG CTT TTC CTT TCC ACC TTG CCA TTC TGG GCA TAT TCT GCT GCT CGC GAG TGG ATT TTT GGC TCC TTG ATG TGT AAA ATT ATA CGG GGC CTG TAC ACT TTG AAT CTG TAC ACT TCA ATG TTA ACA CTC ACT TGT ATA ACT ATT GAC AGA TTT ATT GCT ATT GCC CAA GCC ACA AAA GCC CAC ATG TGT CAA GCC AAA AGA ATG GTT TGG GGG AAA GTG ATC TGC ATT TTA GTT TGG GTG ATT TCA CTA GCA TTT GCA ACG CCA CAA TTT AAA TAC AGT ACA CAA TTT AAA GTA CTT ATT ATC TGC TAC TCA ATA ATT AAA ACT TTA CTT CGT GCC AGG AGT TTC CAA AAA CAC AAA TCC TTA AAA AGG AAG AAC TTC CAG AAA CAA ACC ACT GAA GAT GGC TCG AAA 
Pelodiscus_sinensis             ATG GAG GAT GAT TGT TAT TAC CCC GAG CTT AAC CTC ACG TGC AAC GAT TAT AGT GAG AGT GAT GAT TTT CTC AGG GCC AGC AAA ATT TTT CTG CCC ATG TAT GCA TTA GCT TTT GTC TTT GGG CTG ATA GGA AAT GCT TTG GTC ATT ATC ATA TAC TTC GAA AAA CTG AAG ACA CTG ACA GAT GTA TTT TTA GTG TTG GCT ACA GCT GAC TTG CTT TTT CTT TCT ACC TTG CCA TTC TGG GCA TAT TCT GCT GCT CAC GAG TGG ATT TTT GGC TCT GTG ACG TGT AAA ATT ATA CGG GGC CTG TAC ACT TTG AAT CTG TAT ACA TCA ATG CTA ACC CTC ACT TGT ATA ACT ATT GAG AGG TTT ATC GCT ATT GTC CAA GCC ACC AAA GCC CAT GTG AAT CAA GCC AAA AGA ATG GTG TGG GGG AAA GTT ATC TGC ATT TTA GTT TGG GTG ATG TCA GTA GTA TTT GCA ATA CCA CAA TTT ATA TAT AGT ACA CAA CTT AAA GTA CTT ATT ATC TGC TAC TCG ATC ATT AAA ACT TTA CTA CAT GCC AGG AGT TTC CAA AAG CAC AAA TCC TTA AAA AGA AAG AAC GTT CAG AAA CAA ACC ACT GAA GAG GGC TCA AAA 



Printing out site pattern counts


         9        513  P

Crocodylus_porosus              AAA AAA AAA AAA AAC AAC AAC AAC AAC AAC AAG AAG AAT AAT AAT AAT AAT AAT ACA ACA ACA ACA ACA ACA ACC ACC ACC ACC ACG ACT ACT AGC AGC AGG AGG AGT AGT AGT AGT ATA ATA ATA ATA ATC ATC ATC ATC ATC ATG ATG ATG ATG ATG ATG ATT ATT ATT ATT ATT ATT CAA CAC CAG CAG CAT CCA CCC CCC CCT CCT CGA CTA CTA CTC CTG CTG CTG CTG CTG CTT CTT GAA GAA GAC GAC GAG GAT GAT GAT GAT GCA GCA GCA GCA GCA GCC GCC GCC GCG GCT GCT GCT GCT GCT GCT GGA GGC GGC GGG GGT GGT GTA GTA GTA GTC GTG GTG GTT TAC TAC TAC TAC TAC TAT TAT TAT TAT TAT TCA TCA TCA TCC TCG TCT TCT TCT TCT TGG TGT TGT TGT TGT TGT TGT TGT TTA TTA TTA TTA TTA TTC TTC TTC TTC TTC TTC TTC TTC TTG TTG TTG TTG TTG TTG TTT TTT TTT TTT TTT TTT TTT 
Chelonoidis_abingdonii          ... ... ..G C.. ..A ... ..T .CT C.A C.. ... G.A ... ... .CA .C. C.C C.. ..G ..G ..T .T. GGC TT. .AG ..A ..T T.. CTT .AC ... ... ..G .CT ... ... G.C TA. T.. .G. ... C.T G.T .AT .CA .C. ... ... ..A ..A ... ... CAT G.. .AA ... ... ... C.G G.A ... TCG ..A TCA A.C ... ... TG. AG. .T. ..G ..G T.G ... AA. .CA ... T.A T.. A.. ... ..G ..G ... ... ... ..A ..A ..A ... A.. ... ..C .T. .TC A.. ..A ... .TT A.A ..A ..C ..C ... ... ... ... ..G ... CT. .A. A.G C.. ..T .C. A.. C.. .C. AGG C.. ... ... .C. G.C ..C ..C ... .CC AA. G.. ... .TG ..A C.A ... .TC .T. ... AAA ATC GTA .C. ..C ... .T. CAG C.C G.C .GT ... A.. A.. C.. .A. .A. ... ..T ..T AAA A.A GA. ..A ..A ... C.G GCC ..A ..C ..C ... ... 
Gopherus_evgoodei               ... ... ..G C.. ..A ... ..T .CT C.A C.. ... G.. ... ... TCA .C. C.C C.. ..C ..G ..T .T. GGC TT. .AG ..A ..T T.. CTT .AC ... ... ..G .CT ... ... G.C TA. T.. .G. ... T.T G.T .GT .CA .C. ... ... ..A ..A ... ... CAT G.. .AA ... ... ... C.G G.A ... TCG ..A TCA A.C ... ..G TG. AG. .T. ..G ..G T.G ... AA. .CA ... T.A T.. A.. ... ..G ..G ... ... ... ..A ..A ..A ... A.. ... ..C ... .TC A.. ..A ... .TT A.A ..A ..C ..C ..A ... ... ... ..G ... CT. .AC A.G C.. ..T .C. A.. C.. .C. AGG C.. ... ... .C. G.C ..C ..C ... .CC AA. G.. ... .TG ..A C.A ... .TC .T. ... AAA ATC GTA .C. ..C ... .T. CAG C.C G.C .GT ... A.. ... C.. .A. .A. ... ..T ..T AAA A.A GA. ..A ..A ... C.G GCC ..A ..C ..C ... ... 
Mauremys_reevesii               ... .C. ..G C.. ..A ... ..T .CT C.A C.. ... G.. ... ... .CA .C. C.C C.. ..C ..G ..T .T. GGC TT. .AG ..A ..T T.. GTT .AC ... ... ..G .CT ... ... G.C TA. T.. .G. ... T.T G.T .GT .CA .C. ... ... ..A ..A ... ... CAT G.. .AA ... ... ... C.G G.A ... TCG ..A TCA A.C ... ... TG. AG. .T. ..G ..G T.G ... AA. .CA ... T.A T.. A.. ... ..G ..G ... ... ... ..A ..A ..A ... A.. ... ..C ... CTC A.. ..A ... .TT A.A ..A ..C ..C ... ... ... ..A ..G ... CT. .A. A.G C.. ..T .C. A.. C.. .C. AGG C.. ... ... .C. G.C ..C ..C ... .CC AA. G.. ... .TG ..A C.A ... .TC .T. ... AAA ATC GTA .C. ..C ... .T. CAG C.C G.C .GT ... A.. ... C.. .A. .A. ... ..T ..T AAA A.A GA. ..A ..A ... C.G GCC ..A ..C ..C ... ... 
Chrysemys_picta                 ... ... ..G C.. ..A ... ..T .CT C.A C.. ... G.. ... ... .CA .C. C.C C.. ..G ..G ..T .T. GGC TTG CAG ..A ..T T.. CTT .AC ... ... ..G .CT ... ... G.C TA. T.. .G. ... C.T ..T .AT .CA .C. ... ... ..A ... ... ... CAT G.. .AA ..G ... ... C.G G.A ... TCG ..A TCA A.C ... ... TG. AG. TT. ..G T.G T.G ... AA. .CA ... T.A T.. A.. ... ..G ..G ... ... ... ..A ..A ..A ... AG. ... ..C ... .TC A.. ..A ... .TT A.G ..A ..C ..C ... ... ... ... ..G ... CT. .A. A.G C.. ..T .C. A.. C.. .C. AGG C.T ... ... .C. G.C ..C ..C ... .CC AA. G.. ... .TG ..A C.A ... .TC .TC ... AAA ATC GTA .C. ..C ... .T. CAG C.C G.C .GT ... A.. C.. C.. .A. .A. ... ..T ..T AAA A.A GAA ..A ..A ... C.G GCC ..A ..C ..C ... ... 
Trachemys_scripta               ... ... ..G C.. ..A ... ..T .CT C.A C.. ... G.. ... ... .CA .C. C.C C.. ... ..G ..T .T. GGC TTG CAG ..A ..T T.. CTT .AC ... ... ..G .CT ... ... G.C TA. T.. .G. ... C.T ..T .AT .CA .C. ... ... ..A ... ... ... CAT G.. .AA ..G ... ... C.G G.A ... TCA ..A TCA A.C ... ... TG. AA. TT. ..G T.G T.G ... AA. .CA ... T.A T.. A.. ... ..G ..G ... ... ... ..A ..A ..A ... AG. ... ..C ... .TC A.. ..A ... .TT A.G ..A ..C ..C ... ... ... ... ..G ... CT. .A. A.G C.. ..T .C. A.. C.. .C. AGG C.T ... ... .C. G.C ..C ... ... .CC AA. G.. ... .TG ..A C.A ... .TC .TC ... AAA ATC GTA .C. ..C ... .T. CAG C.C G.C .GT ... A.. C.. C.. .A. .A. ... ..T ..T AAA A.A GAA ..A ..A ... C.G GCC ..A ..C ..C ... ... 
Terrapene_carolina              ... ... ..G C.. ..A ... ..T .CT C.A C.. ... G.. ... ... .CA .C. C.C C.. ..G ..G ..T .T. GGC TTG .AG ..A ..T T.. CTT .AC ... ... ..G .CT ... ... G.C TA. T.. .G. ... C.T ..T .AT .CA .C. ... ... ..A ... ... ... CAT G.. .AA ... ... ... C.G G.A ... TCG ..A TCA A.C ... ... TG. AG. .T. ..G T.G T.G ... AA. .CA ... T.A T.. A.. ... ..G ..G ... ... ... ..A ..A ..A ... AG. ... ..C ... .TC A.. ..A ... .TT A.G ..A ..C ..C ... ... ... ... ..G ... CT. .A. A.G C.. ..T .C. A.. C.. .C. AGG C.. ... ... .C. G.C ..C ..C ... .CC AA. G.. ... .TG ..A C.A ... .TC .T. ... AAA ATC GTA .C. ..C ... .T. CAG C.C G.C .GT ... A.. C.. C.. GA. .A. ... ..T ..T AAA A.A GAA ..A ..A ... C.G GCC ..A ..C ..C ... ... 
Chelonia_mydas                  ... ... ..G C.. ..A ... ..T .CT C.A C.. ... G.. ... ... .CA .C. C.C C.. ..G ... ..T .T. GGC TTG .GG ..A ..T T.. CTT .AC ... ... ..G .CT ..A ... G.C TA. T.. .G. ... C.T ..T .AT .CG .C. ... ... ..A .C. ... ... CGT G.. .AA ... ... ... C.G G.A ... TCG ..A TCA A.C ... ... TG. AG. .T. ..G T.G T.G ..T AAA .CA ... T.A T.. A.. ... ..G ..T ... ... ... ..A ..A ... ... A.. ... ..C ... .TG A.. ..A ... .TT A.A ..A ..C ..C ... ... ... ... ..G ... CT. .A. A.G C.. ..T .C. A.. C.. .C. AGG CG. ... ... .C. G.C ..C ..C ... .CC AA. G.. ... .TG ..A C.A ... .TC .T. ... AAA ATC GTA .C. ..C ... .T. CAG C.C G.C .GT ... A.. C.T C.. .A. .A. ... ..T ..T AAA A.A GA. ..A ..A ... C.G GCC ... ..C ..C ..C ... 
Pelodiscus_sinensis             ... ... ..G C.. ..A ... ..T .CT C.A C.. ... G.. ... .G. .CA .C. C.. G.. ..G ..C ..T .T. GGC GTG .GG ... ..T T.T .TT .AC ..A ... ..A .CT ... ... G.C TA. .A. .G. ... GAT ..G .GT .CA .C. ... ..T ..A ..A .C. ... CAT G.. ..A ... ..C ... C.G G.A ... TCA ..A TC. A.C ... ... TG. AG. .TA ..G ..G T.G ... AA. .CC ... T.A T.. A.. ... ..G ..G ... ..G ..A ..A ... ... ... A.. ... ..C .T. .TT A.. ..A ... .T. A.A ... ..C .TC ... ... ... ... ..G ... CT. .A. ..G ... ..T ... A.. C.. .C. AGG C.. ... ..T .CT G.G ... ..C ... .CC AA. G.. ... .TG ..A C.A ... .TC .T. ... AAA ATC GTA GC. ..C ... .T. CAG C.C G.C .GT ... A.. C.T C.. .AT .A. ... C.T ..T AAA A.C GA. C.A ..A ... C.G GCC ..A G.. ... ... ... 

    7    1    1    1    1    1    1    1    1    1    1    1    1    1    1
    1    1    1    1    1    1    1    1    1    1    1    1    1    1    1
    1    1    1    1    1    1    1    1    1    1    2    1    1    1    1
    1    1    1    1    1    1    3    1    2    1    1    1    5    1    1
    2    1    2    1    1    1    1    1    1    1    1    1    1    1    1
    1    2    1    1    1    2    1    1    1    1    1    1    1    1    1
    1    1    1    1    1    1    1    2    1    1    1    1    1    1    3
    1    1    1    1    1    1    1    1    1    1    1    1    1    1    1
    1    1    1    1    1    1    2    1    1    1    1    1    1    1    1
    1    1    4    1    1    1    1    2    2    1    1    1    1    1    2
    1    1    1    1    2    2    1    1    1    1    1    1    1    2    1
    1    1    1    1    1    5

CODONML (in paml version 4.9, March 2015)  Crocodylus_porosus.aln.faa
Model: One dN/dS ratio for branches, 
Codon frequency model: F3x4
ns =   9  ls = 206

Codon usage in sequences
--------------------------------------------------------------------------------------------------------------------------------------
Phe TTT  11  10  11  11  10  10 | Ser TCT   4   2   2   2   2   2 | Tyr TAT   6   3   3   3   3   4 | Cys TGT   9   4   4   4   4   4
    TTC  10   5   6   6   6   6 |     TCC   1   3   3   3   3   3 |     TAC   5   7   7   7   7   6 |     TGC   0   3   3   3   3   3
Leu TTA   6   7   7   7   6   6 |     TCA   3   3   4   3   3   4 | *** TAA   0   0   0   0   0   0 | *** TGA   0   0   0   0   0   0
    TTG   7   5   5   5   7   7 |     TCG   1   1   1   1   1   0 |     TAG   0   0   0   0   0   0 | Trp TGG   4   4   4   4   4   4
--------------------------------------------------------------------------------------------------------------------------------------
Leu CTT   3   6   5   4   5   5 | Pro CCT   2   0   0   0   0   0 | His CAT   1   2   2   2   3   3 | Arg CGT   0   0   0   0   0   0
    CTC   1   3   3   4   4   4 |     CCC   2   1   0   1   1   1 |     CAC   1   3   3   3   2   2 |     CGC   0   0   0   0   0   0
    CTA   2   1   1   1   1   1 |     CCA   1   3   3   3   3   3 | Gln CAA   2   6   6   6   6   6 |     CGA   1   0   0   0   0   0
    CTG   6   6   6   6   5   5 |     CCG   0   0   1   0   0   0 |     CAG   3   1   1   1   2   2 |     CGG   0   1   1   1   1   1
--------------------------------------------------------------------------------------------------------------------------------------
Ile ATT  10   8   8   8   8   8 | Thr ACT   2   6   6   6   6   6 | Asn AAT   6   4   3   3   4   5 | Ser AGT   4   2   3   3   2   1
    ATC   5   5   4   4   4   4 |     ACC   4   2   3   3   2   2 |     AAC   6   3   3   3   3   3 |     AGC   2   1   1   1   1   1
    ATA   5   6   6   6   5   5 |     ACA   6   5   4   6   3   4 | Lys AAA  10  13  13  12  13  13 | Arg AGA   0   1   1   1   2   2
Met ATG   9   6   6   6   8   8 |     ACG   1   2   1   1   3   2 |     AAG   2   4   4   4   3   3 |     AGG   2   3   3   3   3   3
--------------------------------------------------------------------------------------------------------------------------------------
Val GTT   1   3   3   4   2   2 | Ala GCT   8   5   4   5   5   5 | Asp GAT   4   2   1   2   2   2 | Gly GGT   2   0   0   0   0   0
    GTC   1   2   2   1   2   2 |     GCC   4   7   7   7   7   7 |     GAC   2   3   4   3   3   3 |     GGC   2   3   3   2   3   3
    GTA   3   3   2   2   2   2 |     GCA   5   4   6   5   5   5 | Glu GAA   2   4   3   3   4   4 |     GGA   1   1   1   2   1   1
    GTG   2   2   2   2   2   2 |     GCG   1   0   0   0   0   0 |     GAG   1   4   5   5   4   4 |     GGG   1   2   2   2   2   2
--------------------------------------------------------------------------------------------------------------------------------------

--------------------------------------------------------------------------------------
Phe TTT  10  10  10 | Ser TCT   2   2   3 | Tyr TAT   3   3   6 | Cys TGT   4   4   3
    TTC   5   6   3 |     TCC   3   3   1 |     TAC   6   7   4 |     TGC   3   3   3
Leu TTA   6   5   5 |     TCA   3   3   3 | *** TAA   0   0   0 | *** TGA   0   0   0
    TTG   7   7   5 |     TCG   1   1   1 |     TAG   0   0   0 | Trp TGG   4   4   4
--------------------------------------------------------------------------------------
Leu CTT   6   8   5 | Pro CCT   0   0   0 | His CAT   2   1   2 | Arg CGT   0   1   0
    CTC   4   2   3 |     CCC   1   1   2 |     CAC   3   2   2 |     CGC   0   1   0
    CTA   1   1   2 |     CCA   3   3   2 | Gln CAA   6   6   6 |     CGA   0   0   0
    CTG   5   5   6 |     CCG   0   0   0 |     CAG   1   1   1 |     CGG   1   1   1
--------------------------------------------------------------------------------------
Ile ATT   9   9   9 | Thr ACT   6   6   5 | Asn AAT   4   4   3 | Ser AGT   2   2   4
    ATC   4   4   5 |     ACC   2   2   4 |     AAC   3   3   3 |     AGC   1   1   1
    ATA   5   5   6 |     ACA   3   5   5 | Lys AAA  13  14  12 | Arg AGA   2   2   2
Met ATG   7   6   5 |     ACG   3   3   2 |     AAG   4   2   3 |     AGG   3   3   3
--------------------------------------------------------------------------------------
Val GTT   2   2   3 | Ala GCT   5   5   7 | Asp GAT   2   4   6 | Gly GGT   0   0   0
    GTC   2   1   3 |     GCC   7   7   5 |     GAC   4   3   1 |     GGC   3   3   3
    GTA   2   2   4 |     GCA   5   5   3 | Glu GAA   4   2   2 |     GGA   1   1   1
    GTG   2   3   5 |     GCG   0   0   0 |     GAG   4   4   6 |     GGG   2   2   2
--------------------------------------------------------------------------------------

Codon position x base (3x4) table for each sequence.

#1: Crocodylus_porosus
position  1:    T:0.32524    C:0.12136    A:0.35922    G:0.19417
position  2:    T:0.39806    C:0.21845    A:0.24757    G:0.13592
position  3:    T:0.35437    C:0.22330    A:0.22816    G:0.19417
Average         T:0.35922    C:0.18770    A:0.27832    G:0.17476

#2: Chelonoidis_abingdonii
position  1:    T:0.27670    C:0.16019    A:0.34466    G:0.21845
position  2:    T:0.37864    C:0.21359    A:0.28641    G:0.12136
position  3:    T:0.27670    C:0.24757    A:0.27670    G:0.19903
Average         T:0.31068    C:0.20712    A:0.30259    G:0.17961

#3: Gopherus_evgoodei
position  1:    T:0.29126    C:0.15534    A:0.33495    G:0.21845
position  2:    T:0.37379    C:0.21845    A:0.28155    G:0.12621
position  3:    T:0.26699    C:0.25243    A:0.27670    G:0.20388
Average         T:0.31068    C:0.20874    A:0.29773    G:0.18285

#4: Mauremys_reevesii
position  1:    T:0.28641    C:0.15534    A:0.33981    G:0.21845
position  2:    T:0.37379    C:0.22330    A:0.27670    G:0.12621
position  3:    T:0.27670    C:0.24757    A:0.27670    G:0.19903
Average         T:0.31230    C:0.20874    A:0.29773    G:0.18123

#5: Chrysemys_picta
position  1:    T:0.28641    C:0.16019    A:0.33981    G:0.21359
position  2:    T:0.37379    C:0.21359    A:0.28641    G:0.12621
position  3:    T:0.27184    C:0.24757    A:0.26214    G:0.21845
Average         T:0.31068    C:0.20712    A:0.29612    G:0.18608

#6: Trachemys_scripta
position  1:    T:0.28641    C:0.16019    A:0.33981    G:0.21359
position  2:    T:0.37379    C:0.21359    A:0.29126    G:0.12136
position  3:    T:0.27670    C:0.24272    A:0.27184    G:0.20874
Average         T:0.31230    C:0.20550    A:0.30097    G:0.18123

#7: Terrapene_carolina
position  1:    T:0.27670    C:0.16019    A:0.34466    G:0.21845
position  2:    T:0.37379    C:0.21359    A:0.28641    G:0.12621
position  3:    T:0.27670    C:0.24757    A:0.26214    G:0.21359
Average         T:0.30906    C:0.20712    A:0.29773    G:0.18608

#8: Chelonia_mydas 
position  1:    T:0.28155    C:0.16019    A:0.34466    G:0.21359
position  2:    T:0.36893    C:0.22330    A:0.27184    G:0.13592
position  3:    T:0.29612    C:0.23786    A:0.26214    G:0.20388
Average         T:0.31553    C:0.20712    A:0.29288    G:0.18447

#9: Pelodiscus_sinensis
position  1:    T:0.24757    C:0.15534    A:0.34951    G:0.24757
position  2:    T:0.38350    C:0.20874    A:0.27670    G:0.13107
position  3:    T:0.32039    C:0.20874    A:0.25728    G:0.21359
Average         T:0.31715    C:0.19094    A:0.29450    G:0.19741

Sums of codon usage counts
------------------------------------------------------------------------------
Phe F TTT      93 | Ser S TCT      21 | Tyr Y TAT      34 | Cys C TGT      40
      TTC      53 |       TCC      23 |       TAC      56 |       TGC      24
Leu L TTA      55 |       TCA      29 | *** * TAA       0 | *** * TGA       0
      TTG      55 |       TCG       8 |       TAG       0 | Trp W TGG      36
------------------------------------------------------------------------------
Leu L CTT      47 | Pro P CCT       2 | His H CAT      18 | Arg R CGT       1
      CTC      28 |       CCC      10 |       CAC      21 |       CGC       1
      CTA      11 |       CCA      24 | Gln Q CAA      50 |       CGA       1
      CTG      50 |       CCG       1 |       CAG      13 |       CGG       8
------------------------------------------------------------------------------
Ile I ATT      77 | Thr T ACT      49 | Asn N AAT      36 | Ser S AGT      23
      ATC      39 |       ACC      24 |       AAC      30 |       AGC      10
      ATA      49 |       ACA      41 | Lys K AAA     113 | Arg R AGA      13
Met M ATG      61 |       ACG      18 |       AAG      29 |       AGG      26
------------------------------------------------------------------------------
Val V GTT      22 | Ala A GCT      49 | Asp D GAT      25 | Gly G GGT       2
      GTC      16 |       GCC      58 |       GAC      26 |       GGC      25
      GTA      22 |       GCA      43 | Glu E GAA      28 |       GGA      10
      GTG      22 |       GCG       1 |       GAG      37 |       GGG      17
------------------------------------------------------------------------------


Codon position x base (3x4) table, overall

position  1:    T:0.28425    C:0.15426    A:0.34412    G:0.21737
position  2:    T:0.37756    C:0.21629    A:0.27832    G:0.12783
position  3:    T:0.29072    C:0.23948    A:0.26375    G:0.20604
Average         T:0.31751    C:0.20334    A:0.29540    G:0.18375

Codon frequencies under model, for use in evolver (TTT TTC TTA TTG ... GGG):
  0.03273117  0.02696222  0.02969488  0.02319723
  0.01875028  0.01544550  0.01701092  0.01328870
  0.02412754  0.01987501  0.00000000  0.00000000
  0.01108184  0.00912864  0.00000000  0.00785392
  0.01776302  0.01463225  0.01611525  0.01258901
  0.01017567  0.00838219  0.00923173  0.00721170
  0.01309389  0.01078606  0.01187924  0.00927990
  0.00601405  0.00495406  0.00545616  0.00426228
  0.03962521  0.03264117  0.03594940  0.02808317
  0.02269958  0.01869873  0.02059387  0.01608764
  0.02920944  0.02406121  0.02649984  0.02070131
  0.01341596  0.01105137  0.01217144  0.00950816
  0.02502971  0.02061817  0.02270785  0.01773906
  0.01433845  0.01181127  0.01300835  0.01016194
  0.01845048  0.01519854  0.01673893  0.01307622
  0.00847435  0.00698072  0.00768823  0.00600594



Nei & Gojobori 1986. dN/dS (dN, dS)
(Note: This matrix is not used in later ML. analysis.
Use runmode = -2 for ML pairwise comparison.)

Crocodylus_porosus  
Chelonoidis_abingdonii 0.3517 (0.3129 0.8899)
Gopherus_evgoodei    0.3301 (0.3102 0.9397) 0.2815 (0.0105 0.0372)
Mauremys_reevesii    0.3572 (0.3144 0.8800) 0.6669 (0.0147 0.0221) 0.2820 (0.0084 0.0297)
Chrysemys_picta      0.3113 (0.3154 1.0129) 0.3164 (0.0168 0.0531) 0.2721 (0.0210 0.0773) 0.4148 (0.0253 0.0611)
Trachemys_scripta    0.3296 (0.3154 0.9568) 0.2457 (0.0189 0.0770) 0.2472 (0.0232 0.0938) 0.3563 (0.0275 0.0772) 0.0919 (0.0021 0.0226)
Terrapene_carolina   0.3264 (0.3096 0.9484) 0.3367 (0.0126 0.0374) 0.2759 (0.0168 0.0609) 0.4671 (0.0211 0.0451) 0.5598 (0.0083 0.0149) 0.2762 (0.0104 0.0378)
Chelonia_mydas       0.3147 (0.3080 0.9788) 0.2524 (0.0222 0.0880) 0.2341 (0.0265 0.1132) 0.3203 (0.0309 0.0963) 0.2275 (0.0221 0.0974) 0.1980 (0.0243 0.1227) 0.2480 (0.0190 0.0765)
Pelodiscus_sinensis  0.3648 (0.3221 0.8829) 0.2419 (0.0553 0.2285) 0.2217 (0.0575 0.2593) 0.2505 (0.0598 0.2387) 0.2450 (0.0641 0.2617) 0.2442 (0.0664 0.2720) 0.2585 (0.0608 0.2352) 0.2413 (0.0621 0.2575)


TREE #  1:  (1, 9, ((((6, 5), 7), (4, (3, 2))), 8));   MP score: 213
lnL(ntime: 15  np: 17):  -1906.653344      +0.000000
  10..1    10..9    10..11   11..12   12..13   13..14   14..6    14..5    13..7    12..15   15..4    15..16   16..3    16..2    11..8  
 1.346380 0.166095 0.100897 0.016496 0.017767 0.025512 0.020337 0.000004 0.005065 0.030321 0.028142 0.000004 0.028146 0.022452 0.063697 2.024202 0.359379

Note: Branch length is defined as number of nucleotide substitutions per codon (not per neucleotide site).

tree length =   1.87132

(1: 1.346380, 9: 0.166095, ((((6: 0.020337, 5: 0.000004): 0.025512, 7: 0.005065): 0.017767, (4: 0.028142, (3: 0.028146, 2: 0.022452): 0.000004): 0.030321): 0.016496, 8: 0.063697): 0.100897);

(Crocodylus_porosus: 1.346380, Pelodiscus_sinensis: 0.166095, ((((Trachemys_scripta: 0.020337, Chrysemys_picta: 0.000004): 0.025512, Terrapene_carolina: 0.005065): 0.017767, (Mauremys_reevesii: 0.028142, (Gopherus_evgoodei: 0.028146, Chelonoidis_abingdonii: 0.022452): 0.000004): 0.030321): 0.016496, Chelonia_mydas: 0.063697): 0.100897);

Detailed output identifying parameters

kappa (ts/tv) =  2.02420

omega (dN/dS) =  0.35938

dN & dS for each branch

 branch          t       N       S   dN/dS      dN      dS  N*dN  S*dS

  10..1      1.346   452.6   165.4  0.3594  0.3039  0.8455 137.5 139.8
  10..9      0.166   452.6   165.4  0.3594  0.0375  0.1043  17.0  17.2
  10..11     0.101   452.6   165.4  0.3594  0.0228  0.0634  10.3  10.5
  11..12     0.016   452.6   165.4  0.3594  0.0037  0.0104   1.7   1.7
  12..13     0.018   452.6   165.4  0.3594  0.0040  0.0112   1.8   1.8
  13..14     0.026   452.6   165.4  0.3594  0.0058  0.0160   2.6   2.6
  14..6      0.020   452.6   165.4  0.3594  0.0046  0.0128   2.1   2.1
  14..5      0.000   452.6   165.4  0.3594  0.0000  0.0000   0.0   0.0
  13..7      0.005   452.6   165.4  0.3594  0.0011  0.0032   0.5   0.5
  12..15     0.030   452.6   165.4  0.3594  0.0068  0.0190   3.1   3.1
  15..4      0.028   452.6   165.4  0.3594  0.0064  0.0177   2.9   2.9
  15..16     0.000   452.6   165.4  0.3594  0.0000  0.0000   0.0   0.0
  16..3      0.028   452.6   165.4  0.3594  0.0064  0.0177   2.9   2.9
  16..2      0.022   452.6   165.4  0.3594  0.0051  0.0141   2.3   2.3
  11..8      0.064   452.6   165.4  0.3594  0.0144  0.0400   6.5   6.6

tree length for dN:       0.4223
tree length for dS:       1.1752


Time used:  2:06
