
Loaded 'libv3/all-terms.bf' from /usr/local/lib/hyphy/TemplateBatchFiles/libv3/all-terms.bf
Loaded 'libv3/UtilityFunctions.bf' from /usr/local/lib/hyphy/TemplateBatchFiles/libv3/UtilityFunctions.bf
Loaded 'IOFunctions.bf' from /usr/local/lib/hyphy/TemplateBatchFiles/libv3/IOFunctions.bf
Already loaded 'libv3/UtilityFunctions.bf' from /usr/local/lib/hyphy/TemplateBatchFiles/libv3/UtilityFunctions.bf
Loaded 'convenience/regexp.bf' from /usr/local/lib/hyphy/TemplateBatchFiles/libv3/convenience/regexp.bf
Already loaded 'libv3/all-terms.bf' from /usr/local/lib/hyphy/TemplateBatchFiles/libv3/all-terms.bf
Already loaded 'libv3/IOFunctions.bf' from /usr/local/lib/hyphy/TemplateBatchFiles/libv3/IOFunctions.bf
Loaded 'libv3/tasks/estimators.bf' from /usr/local/lib/hyphy/TemplateBatchFiles/libv3/tasks/estimators.bf
Loaded '../models/model_functions.bf' from /usr/local/lib/hyphy/TemplateBatchFiles/libv3/models/model_functions.bf
Loaded 'DNA.bf' from /usr/local/lib/hyphy/TemplateBatchFiles/libv3/models/DNA.bf
Loaded 'frequencies.bf' from /usr/local/lib/hyphy/TemplateBatchFiles/libv3/models/frequencies.bf
Already loaded '../all-terms.bf' from /usr/local/lib/hyphy/TemplateBatchFiles/libv3/all-terms.bf
Loaded 'parameters.bf' from /usr/local/lib/hyphy/TemplateBatchFiles/libv3/models/parameters.bf
Loaded 'GrabBag' from /usr/local/lib/hyphy/TemplateBatchFiles/Utility/GrabBag.bf
Overwritten previously defined function:'_sortStringsAux'
Already loaded 'libv3/all-terms.bf' from /usr/local/lib/hyphy/TemplateBatchFiles/libv3/all-terms.bf
Already loaded '../UtilityFunctions.bf' from /usr/local/lib/hyphy/TemplateBatchFiles/libv3/UtilityFunctions.bf
Already loaded 'model_functions.bf' from /usr/local/lib/hyphy/TemplateBatchFiles/libv3/models/model_functions.bf
Already loaded 'libv3/all-terms.bf' from /usr/local/lib/hyphy/TemplateBatchFiles/libv3/all-terms.bf
Already loaded 'parameters.bf' from /usr/local/lib/hyphy/TemplateBatchFiles/libv3/models/parameters.bf
Already loaded 'frequencies.bf' from /usr/local/lib/hyphy/TemplateBatchFiles/libv3/models/frequencies.bf
Already loaded '../UtilityFunctions.bf' from /usr/local/lib/hyphy/TemplateBatchFiles/libv3/UtilityFunctions.bf
Already loaded '../convenience/regexp.bf' from /usr/local/lib/hyphy/TemplateBatchFiles/libv3/convenience/regexp.bf
Loaded '../models/DNA/GTR.bf' from /usr/local/lib/hyphy/TemplateBatchFiles/libv3/models/DNA/GTR.bf
Already loaded '../DNA.bf' from /usr/local/lib/hyphy/TemplateBatchFiles/libv3/models/DNA.bf
Already loaded '../parameters.bf' from /usr/local/lib/hyphy/TemplateBatchFiles/libv3/models/parameters.bf
Already loaded '../frequencies.bf' from /usr/local/lib/hyphy/TemplateBatchFiles/libv3/models/frequencies.bf
Already loaded '../../UtilityFunctions.bf' from /usr/local/lib/hyphy/TemplateBatchFiles/libv3/UtilityFunctions.bf
Already loaded 'libv3/all-terms.bf' from /usr/local/lib/hyphy/TemplateBatchFiles/libv3/all-terms.bf
Already loaded '../convenience/regexp.bf' from /usr/local/lib/hyphy/TemplateBatchFiles/libv3/convenience/regexp.bf
Already loaded 'libv3/all-terms.bf' from /usr/local/lib/hyphy/TemplateBatchFiles/libv3/all-terms.bf
Loaded 'libv3/tasks/alignments.bf' from /usr/local/lib/hyphy/TemplateBatchFiles/libv3/tasks/alignments.bf
Already loaded '../IOFunctions.bf' from /usr/local/lib/hyphy/TemplateBatchFiles/libv3/IOFunctions.bf
Already loaded '../all-terms.bf' from /usr/local/lib/hyphy/TemplateBatchFiles/libv3/all-terms.bf
Loaded 'libv3/models/codon.bf' from /usr/local/lib/hyphy/TemplateBatchFiles/libv3/models/codon.bf
Loaded '../tasks/genetic_code.bf' from /usr/local/lib/hyphy/TemplateBatchFiles/libv3/tasks/genetic_code.bf
Loaded 'libv3/convenience/matrix.bf' from /usr/local/lib/hyphy/TemplateBatchFiles/libv3/convenience/matrix.bf
Already loaded 'libv3/UtilityFunctions.bf' from /usr/local/lib/hyphy/TemplateBatchFiles/libv3/UtilityFunctions.bf
Already loaded 'libv3/all-terms.bf' from /usr/local/lib/hyphy/TemplateBatchFiles/libv3/all-terms.bf
Already loaded '../UtilityFunctions.bf' from /usr/local/lib/hyphy/TemplateBatchFiles/libv3/UtilityFunctions.bf
Loaded 'libv3/tasks/trees.bf' from /usr/local/lib/hyphy/TemplateBatchFiles/libv3/tasks/trees.bf
Already loaded '../IOFunctions.bf' from /usr/local/lib/hyphy/TemplateBatchFiles/libv3/IOFunctions.bf
Already loaded '../all-terms.bf' from /usr/local/lib/hyphy/TemplateBatchFiles/libv3/all-terms.bf
Already loaded '../convenience/regexp.bf' from /usr/local/lib/hyphy/TemplateBatchFiles/libv3/convenience/regexp.bf
Already loaded '../UtilityFunctions.bf' from /usr/local/lib/hyphy/TemplateBatchFiles/libv3/UtilityFunctions.bf
Loaded 'TreeTools' from /usr/local/lib/hyphy/TemplateBatchFiles/TreeTools.ibf
Already loaded 'libv3/tasks/genetic_code.bf' from /usr/local/lib/hyphy/TemplateBatchFiles/libv3/tasks/genetic_code.bf
Loaded 'modules/io_functions.ibf' from /usr/local/lib/hyphy/TemplateBatchFiles/SelectionAnalyses/modules/io_functions.ibf
Already loaded 'libv3/UtilityFunctions.bf' from /usr/local/lib/hyphy/TemplateBatchFiles/libv3/UtilityFunctions.bf
Already loaded 'libv3/IOFunctions.bf' from /usr/local/lib/hyphy/TemplateBatchFiles/libv3/IOFunctions.bf
Already loaded 'libv3/convenience/regexp.bf' from /usr/local/lib/hyphy/TemplateBatchFiles/libv3/convenience/regexp.bf
Already loaded 'libv3/all-terms.bf' from /usr/local/lib/hyphy/TemplateBatchFiles/libv3/all-terms.bf
Loaded 'modules/selection_lib.ibf' from /usr/local/lib/hyphy/TemplateBatchFiles/SelectionAnalyses/modules/selection_lib.ibf
Loaded 'libv3/models/codon/BS_REL.bf' from /usr/local/lib/hyphy/TemplateBatchFiles/libv3/models/codon/BS_REL.bf
Already loaded '../codon.bf' from /usr/local/lib/hyphy/TemplateBatchFiles/libv3/models/codon.bf
Already loaded '../DNA.bf' from /usr/local/lib/hyphy/TemplateBatchFiles/libv3/models/DNA.bf
Already loaded '../parameters.bf' from /usr/local/lib/hyphy/TemplateBatchFiles/libv3/models/parameters.bf
Already loaded '../frequencies.bf' from /usr/local/lib/hyphy/TemplateBatchFiles/libv3/models/frequencies.bf
Already loaded '../../UtilityFunctions.bf' from /usr/local/lib/hyphy/TemplateBatchFiles/libv3/UtilityFunctions.bf
Loaded 'MG_REV.bf' from /usr/local/lib/hyphy/TemplateBatchFiles/libv3/models/codon/MG_REV.bf
Already loaded '../codon.bf' from /usr/local/lib/hyphy/TemplateBatchFiles/libv3/models/codon.bf
Already loaded '../DNA.bf' from /usr/local/lib/hyphy/TemplateBatchFiles/libv3/models/DNA.bf
Already loaded '../parameters.bf' from /usr/local/lib/hyphy/TemplateBatchFiles/libv3/models/parameters.bf
Already loaded '../frequencies.bf' from /usr/local/lib/hyphy/TemplateBatchFiles/libv3/models/frequencies.bf
Already loaded '../../UtilityFunctions.bf' from /usr/local/lib/hyphy/TemplateBatchFiles/libv3/UtilityFunctions.bf
Loaded '../../convenience/math.bf' from /usr/local/lib/hyphy/TemplateBatchFiles/libv3/convenience/math.bf
Already loaded 'libv3/UtilityFunctions.bf' from /usr/local/lib/hyphy/TemplateBatchFiles/libv3/UtilityFunctions.bf
Already loaded 'libv3/convenience/math.bf' from /usr/local/lib/hyphy/TemplateBatchFiles/libv3/convenience/math.bf
Variable 'NORMALIZE_SEQUENCE_NAMES' was not initialized prior to being used
Loaded 'modules/shared-load-file.bf' from /usr/local/lib/hyphy/TemplateBatchFiles/SelectionAnalyses/modules/shared-load-file.bf
Variable 'MARKDOWN_OUTPUT' was not initialized prior to being used
Already loaded 'libv3/convenience/matrix.bf' from /usr/local/lib/hyphy/TemplateBatchFiles/libv3/convenience/matrix.bf
Already loaded 'libv3/UtilityFunctions.bf' from /usr/local/lib/hyphy/TemplateBatchFiles/libv3/UtilityFunctions.bf
Variable 'L_XTWjVt.skipCodeSelectionStep' was not initialized prior to being used
Row and/or column partition is empty. All the data will be used by default.
Variable 'NEXUS_FILE_TREE_MATRIX' was not initialized prior to being used
Variable 'utility.ToggleEnvVariable.cache' was not initialized prior to being used
Variable 'TREE_NODE_NAME_MAPPING' was not initialized prior to being used
Variable 'CUeMVQBo.PROMPT_FOR_FILE' was not initialized prior to being used
Variable 'END_OF_FILE' was not initialized prior to being used
Variable '_DO_TREE_REBALANCE_' was not initialized prior to being used
Variable '_KEEP_I_LABELS_' was not initialized prior to being used
Variable 'INCLUDE_MODEL_SPECS' was not initialized prior to being used
Variable 'utility.ForEachPair.warn_non_rentrant' was not initialized prior to being used
Row and/or column partition is empty. All the data will be used by default.
Row and/or column partition is empty. All the data will be used by default.
Variable 'cXVSyDWb.cache' was not initialized prior to being used
Row and/or column partition is empty. All the data will be used by default.
Variable 'COUNT_GAPS_IN_FREQUENCIES' was not initialized prior to being used
Variable 'zUtHqpJf.model_pi' was not initialized prior to being used
Model zUtHqpJf.model assigned to Leptosomus_discolor
Model zUtHqpJf.model assigned to Colius_striatus
Model zUtHqpJf.model assigned to Node2
Model zUtHqpJf.model assigned to Tyto_alba
Model zUtHqpJf.model assigned to Node1
Model zUtHqpJf.model assigned to Haliaeetus_leucocephalus
Model zUtHqpJf.model assigned to Aquila_chrysaetos
Model zUtHqpJf.model assigned to Node6
Model zUtHqpJf.model assigned to Camarhynchus_parvulus
Model zUtHqpJf.model assigned to Falco_peregrinus
Model zUtHqpJf.model assigned to Falco_tinnunculus
Model zUtHqpJf.model assigned to Node11
Model zUtHqpJf.model assigned to Node9
The tips of the tree:zUtHqpJf.tree_0 were matched with the species names from the data in the following numeric order (0-based) {6,7,5,4,3,0,1,2}

Pseudo-optimal path's cost 971 vs 1691 for 1..k=> a 1.7415 x improvement
Partition 0 reversible model flag computed as 1
Variable 'USE_LAST_RESULTS' was not initialized prior to being used
Variable 'zUtHqpJf.tree_0.Leptosomus_discolor.t' was not initialized prior to being used
models.generic.SetBranchLength: zUtHqpJf.tree_0.Leptosomus_discolor.t=180.2720388389744
Variable 'zUtHqpJf.tree_0.Colius_striatus.t' was not initialized prior to being used
models.generic.SetBranchLength: zUtHqpJf.tree_0.Colius_striatus.t=180.2720388389744
Variable 'zUtHqpJf.tree_0.Node2.t' was not initialized prior to being used
models.generic.SetBranchLength: zUtHqpJf.tree_0.Node2.t=7.027933256555586
Variable 'zUtHqpJf.tree_0.Tyto_alba.t' was not initialized prior to being used
models.generic.SetBranchLength: zUtHqpJf.tree_0.Tyto_alba.t=185.0332621145982
Variable 'zUtHqpJf.tree_0.Node1.t' was not initialized prior to being used
models.generic.SetBranchLength: zUtHqpJf.tree_0.Node1.t=5.298225348185358
Variable 'zUtHqpJf.tree_0.Haliaeetus_leucocephalus.t' was not initialized prior to being used
models.generic.SetBranchLength: zUtHqpJf.tree_0.Haliaeetus_leucocephalus.t=77.85676712800098
Variable 'zUtHqpJf.tree_0.Aquila_chrysaetos.t' was not initialized prior to being used
models.generic.SetBranchLength: zUtHqpJf.tree_0.Aquila_chrysaetos.t=77.85676712800098
Variable 'zUtHqpJf.tree_0.Node6.t' was not initialized prior to being used
models.generic.SetBranchLength: zUtHqpJf.tree_0.Node6.t=114.7414303157144
Variable 'zUtHqpJf.tree_0.Camarhynchus_parvulus.t' was not initialized prior to being used
models.generic.SetBranchLength: zUtHqpJf.tree_0.Camarhynchus_parvulus.t=180.6416277666776
Variable 'zUtHqpJf.tree_0.Falco_peregrinus.t' was not initialized prior to being used
models.generic.SetBranchLength: zUtHqpJf.tree_0.Falco_peregrinus.t=19.03811014874156
Variable 'zUtHqpJf.tree_0.Falco_tinnunculus.t' was not initialized prior to being used
models.generic.SetBranchLength: zUtHqpJf.tree_0.Falco_tinnunculus.t=19.03811014874156
Variable 'zUtHqpJf.tree_0.Node11.t' was not initialized prior to being used
models.generic.SetBranchLength: zUtHqpJf.tree_0.Node11.t=161.603517617936
Variable 'zUtHqpJf.tree_0.Node9.t' was not initialized prior to being used
models.generic.SetBranchLength: zUtHqpJf.tree_0.Node9.t=11.95656967703773
Variable 'zUtHqpJf.zUtHqpJf.likelihoodFunction' was not initialized prior to being used
Variable 'SAVE_OPT_STATUS_TO' was not initialized prior to being used
Auto-benchmarked an optimal number (1) of threads.
Set GUI update interval to every 3703-th LF evaluation.
Optimization settings:
	OPTIMIZATION_METHOD = 4
	OPTIMIZATION_PRECISION = 0.001
	MAXIMUM_ITERATIONS_PER_VARIABLE = 5000

Initial parameter values

zUtHqpJf.model.theta_GT = 0.25
zUtHqpJf.model.theta_CT = 1
zUtHqpJf.model.theta_AC = 0.25
zUtHqpJf.model.theta_CG = 0.25
zUtHqpJf.model.theta_AT = 0.25
zUtHqpJf.tree_0.Leptosomus_discolor.t = 180.272
zUtHqpJf.tree_0.Colius_striatus.t = 180.272
zUtHqpJf.tree_0.Node2.t = 7.02793
zUtHqpJf.tree_0.Tyto_alba.t = 185.033
zUtHqpJf.tree_0.Node1.t = 5.29823
zUtHqpJf.tree_0.Haliaeetus_leucocephalus.t = 77.8568
zUtHqpJf.tree_0.Aquila_chrysaetos.t = 77.8568
zUtHqpJf.tree_0.Node6.t = 114.741
zUtHqpJf.tree_0.Camarhynchus_parvulus.t = 180.642
zUtHqpJf.tree_0.Falco_peregrinus.t = 19.0381
zUtHqpJf.tree_0.Falco_tinnunculus.t = 19.0381
zUtHqpJf.tree_0.Node11.t = 161.604
zUtHqpJf.tree_0.Node9.t = 11.9566
Optimization finished in 28 loop passes.
1622 likelihood evaluation calls and 9106 matrix exponentiations calls were made

Variable 'BRANCH_LENGTH_STENCIL' was not initialized prior to being used
Variable 'zUtHqpJf.option' was not initialized prior to being used
Variable 'busted.terms.json.nucleotide_gtr' was not initialized prior to being used
Variable 'Unknown' was not initialized prior to being used
Variable 'zoWJdddI.initial_value' was not initialized prior to being used
Variable 'KXWxfcKM.data_filter' was not initialized prior to being used
Row and/or column partition is empty. All the data will be used by default.
Auto-benchmarked an optimal number (2) of threads.
Set GUI update interval to every 2645-th LF evaluation.
Optimization settings:
	OPTIMIZATION_METHOD = 4
	OPTIMIZATION_PRECISION = 0.001
	MAXIMUM_ITERATIONS_PER_VARIABLE = 5000

Initial parameter values

frequencies._aux.CF3x4.p0_0 = 0.350376
frequencies._aux.CF3x4.p0_1 = 0.264232
frequencies._aux.CF3x4.p0_2 = 0.490259
frequencies._aux.CF3x4.p1_0 = 0.259044
frequencies._aux.CF3x4.p1_1 = 0.310453
frequencies._aux.CF3x4.p1_2 = 0.26586
frequencies._aux.CF3x4.p2_0 = 0.256537
frequencies._aux.CF3x4.p2_1 = 0.317596
frequencies._aux.CF3x4.p2_2 = 0.389869
Optimization finished in 5 loop passes.
182 likelihood evaluation calls and 0 matrix exponentiations calls were made

Variable 'KXWxfcKM.model_MGREV_pi' was not initialized prior to being used
Model KXWxfcKM.model_MGREV assigned to Leptosomus_discolor
Model KXWxfcKM.model_MGREV assigned to Colius_striatus
Model KXWxfcKM.model_MGREV assigned to Node2
Model KXWxfcKM.model_MGREV assigned to Tyto_alba
Model KXWxfcKM.model_MGREV assigned to Node1
Model KXWxfcKM.model_MGREV assigned to Haliaeetus_leucocephalus
Model KXWxfcKM.model_MGREV assigned to Aquila_chrysaetos
Model KXWxfcKM.model_MGREV assigned to Node6
Model KXWxfcKM.model_MGREV assigned to Camarhynchus_parvulus
Model KXWxfcKM.model_MGREV assigned to Falco_peregrinus
Model KXWxfcKM.model_MGREV assigned to Falco_tinnunculus
Model KXWxfcKM.model_MGREV assigned to Node11
Model KXWxfcKM.model_MGREV assigned to Node9
The tips of the tree:KXWxfcKM.tree_0 were matched with the species names from the data in the following numeric order (0-based) {6,7,5,4,3,0,1,2}

Pseudo-optimal path's cost 2275 vs 3207 for 1..k=> a 1.40967 x improvement
Partition 0 reversible model flag computed as 1
Variable 'KXWxfcKM.KXWxfcKM.likelihoodFunction' was not initialized prior to being used
Variable 'KXWxfcKM.tree_0.Leptosomus_discolor.alpha' was not initialized prior to being used
Variable 'KXWxfcKM.tree_0.Colius_striatus.alpha' was not initialized prior to being used
Variable 'KXWxfcKM.tree_0.Node2.alpha' was not initialized prior to being used
Variable 'KXWxfcKM.tree_0.Tyto_alba.alpha' was not initialized prior to being used
Variable 'KXWxfcKM.tree_0.Node1.alpha' was not initialized prior to being used
Variable 'KXWxfcKM.tree_0.Haliaeetus_leucocephalus.alpha' was not initialized prior to being used
Variable 'KXWxfcKM.tree_0.Aquila_chrysaetos.alpha' was not initialized prior to being used
Variable 'KXWxfcKM.tree_0.Node6.alpha' was not initialized prior to being used
Variable 'KXWxfcKM.tree_0.Camarhynchus_parvulus.alpha' was not initialized prior to being used
Variable 'KXWxfcKM.tree_0.Falco_peregrinus.alpha' was not initialized prior to being used
Variable 'KXWxfcKM.tree_0.Falco_tinnunculus.alpha' was not initialized prior to being used
Variable 'KXWxfcKM.tree_0.Node11.alpha' was not initialized prior to being used
Variable 'KXWxfcKM.tree_0.Node9.alpha' was not initialized prior to being used
Site 20 evaluated to a 0 probability in ComputeTreeBlockByBranch
Site 74 evaluated to a 0 probability in ComputeTreeBlockByBranch
Site 20 evaluated to a 0 probability in ComputeTreeBlockByBranch
Auto-benchmarked an optimal number (1) of threads.
Set GUI update interval to every 103-th LF evaluation.
Initial guess for KXWxfcKM.tree_0.Node2.alpha is -9.61177e-07
Initial guess for KXWxfcKM.tree_0.Leptosomus_discolor.alpha is 2.0882e-05
Initial guess for KXWxfcKM.tree_0.Colius_striatus.alpha is 5.39273e-05
Initial guess for KXWxfcKM.tree_0.Tyto_alba.alpha is 1.82729e-05
Initial guess for KXWxfcKM.tree_0.Node6.alpha is -2.1564e-06
Initial guess for KXWxfcKM.tree_0.Haliaeetus_leucocephalus.alpha is 4.68888e-06
Initial guess for KXWxfcKM.tree_0.Aquila_chrysaetos.alpha is 5.04177e-06
Initial guess for KXWxfcKM.tree_0.Node9.alpha is 1.35396e-05
Initial guess for KXWxfcKM.tree_0.Camarhynchus_parvulus.alpha is 8.61739e-05
Initial guess for KXWxfcKM.tree_0.Node11.alpha is 3.04826e-06
Initial guess for KXWxfcKM.tree_0.Falco_peregrinus.alpha is 2.83e-06
Initial guess for KXWxfcKM.tree_0.Falco_tinnunculus.alpha is 2.0353e-06
Optimization settings:
	OPTIMIZATION_METHOD = 4
	OPTIMIZATION_PRECISION = 0.001
	MAXIMUM_ITERATIONS_PER_VARIABLE = 5000

Initial parameter values

KXWxfcKM.model_MGREV.theta_GT = 1
KXWxfcKM.model_MGREV.theta_CT = 1
KXWxfcKM.model_MGREV.theta_CG = 1
KXWxfcKM.model_MGREV.theta_AC = 1
KXWxfcKM.model_MGREV.theta_AT = 1
KXWxfcKM.model_MGREV.omega_0 = 1
KXWxfcKM.tree_0.Leptosomus_discolor.alpha = 2.0882e-05
KXWxfcKM.tree_0.Colius_striatus.alpha = 5.39273e-05
KXWxfcKM.tree_0.Node2.alpha = 0
KXWxfcKM.tree_0.Tyto_alba.alpha = 1.82729e-05
KXWxfcKM.tree_0.Node1.alpha = 0.1
KXWxfcKM.tree_0.Haliaeetus_leucocephalus.alpha = 4.68888e-06
KXWxfcKM.tree_0.Aquila_chrysaetos.alpha = 5.04177e-06
KXWxfcKM.tree_0.Node6.alpha = 0
KXWxfcKM.tree_0.Camarhynchus_parvulus.alpha = 8.61739e-05
KXWxfcKM.tree_0.Falco_peregrinus.alpha = 2.83e-06
KXWxfcKM.tree_0.Falco_tinnunculus.alpha = 2.0353e-06
KXWxfcKM.tree_0.Node11.alpha = 3.04826e-06
KXWxfcKM.tree_0.Node9.alpha = 1.35396e-05
KXWxfcKM.model_MGREV.omega_1 = 1
Failing bound checks on KXWxfcKM.tree_0.Node6.beta =         10000.34121818898
Optimization finished in 18 loop passes.
1240 likelihood evaluation calls and 6614 matrix exponentiations calls were made

Row and/or column partition is empty. All the data will be used by default.
Auto-benchmarked an optimal number (2) of threads.
Set GUI update interval to every 2873-th LF evaluation.
Optimization settings:
	OPTIMIZATION_METHOD = 4
	OPTIMIZATION_PRECISION = 0.001
	MAXIMUM_ITERATIONS_PER_VARIABLE = 5000

Initial parameter values

frequencies._aux.CF3x4.p0_0 = 0.350376
frequencies._aux.CF3x4.p0_1 = 0.264232
frequencies._aux.CF3x4.p0_2 = 0.490259
frequencies._aux.CF3x4.p1_0 = 0.259044
frequencies._aux.CF3x4.p1_1 = 0.310453
frequencies._aux.CF3x4.p1_2 = 0.26586
frequencies._aux.CF3x4.p2_0 = 0.256537
frequencies._aux.CF3x4.p2_1 = 0.317596
frequencies._aux.CF3x4.p2_2 = 0.389869
Optimization finished in 5 loop passes.
182 likelihood evaluation calls and 0 matrix exponentiations calls were made

Variable 'KXWxfcKM.model_MGREV_pi' was not initialized prior to being used
Model KXWxfcKM.model_MGREV assigned to Leptosomus_discolor
Model KXWxfcKM.model_MGREV assigned to Colius_striatus
Model KXWxfcKM.model_MGREV assigned to Node2
Model KXWxfcKM.model_MGREV assigned to Tyto_alba
Model KXWxfcKM.model_MGREV assigned to Node1
Model KXWxfcKM.model_MGREV assigned to Haliaeetus_leucocephalus
Model KXWxfcKM.model_MGREV assigned to Aquila_chrysaetos
Model KXWxfcKM.model_MGREV assigned to Node6
Model KXWxfcKM.model_MGREV assigned to Camarhynchus_parvulus
Model KXWxfcKM.model_MGREV assigned to Falco_peregrinus
Model KXWxfcKM.model_MGREV assigned to Falco_tinnunculus
Model KXWxfcKM.model_MGREV assigned to Node11
Model KXWxfcKM.model_MGREV assigned to Node9
The tips of the tree:KXWxfcKM.tree_0 were matched with the species names from the data in the following numeric order (0-based) {6,7,5,4,3,0,1,2}

Pseudo-optimal path's cost 2275 vs 3207 for 1..k=> a 1.40967 x improvement
Partition 0 reversible model flag computed as 1
Variable 'KXWxfcKM.tree_0.Falco_tinnunculus.alpha' was not initialized prior to being used
Variable 'KXWxfcKM.tree_0.Falco_peregrinus.alpha' was not initialized prior to being used
Variable 'KXWxfcKM.tree_0.Node11.alpha' was not initialized prior to being used
Variable 'KXWxfcKM.tree_0.Node2.alpha' was not initialized prior to being used
Variable 'KXWxfcKM.tree_0.Camarhynchus_parvulus.alpha' was not initialized prior to being used
Variable 'KXWxfcKM.tree_0.Node6.alpha' was not initialized prior to being used
Variable 'KXWxfcKM.tree_0.Aquila_chrysaetos.alpha' was not initialized prior to being used
Variable 'KXWxfcKM.tree_0.Haliaeetus_leucocephalus.alpha' was not initialized prior to being used
Variable 'KXWxfcKM.tree_0.Node1.alpha' was not initialized prior to being used
Variable 'KXWxfcKM.tree_0.Tyto_alba.alpha' was not initialized prior to being used
Variable 'KXWxfcKM.tree_0.Colius_striatus.alpha' was not initialized prior to being used
Variable 'KXWxfcKM.tree_0.Leptosomus_discolor.alpha' was not initialized prior to being used
Variable 'KXWxfcKM.tree_0.Node9.alpha' was not initialized prior to being used
Site 20 evaluated to a 0 probability in ComputeTreeBlockByBranch
Site 74 evaluated to a 0 probability in ComputeTreeBlockByBranch
Site 20 evaluated to a 0 probability in ComputeTreeBlockByBranch
Site 25 evaluated to a 0 probability in ComputeTreeBlockByBranch
Site 20 evaluated to a 0 probability in ComputeTreeBlockByBranch
Site 244 evaluated to a 0 probability in ComputeTreeBlockByBranch
Auto-benchmarked an optimal number (2) of threads.
Set GUI update interval to every 144-th LF evaluation.
Initial guess for KXWxfcKM.tree_0.Node2.alpha is -9.61177e-07
Initial guess for KXWxfcKM.tree_0.Leptosomus_discolor.alpha is 2.0882e-05
Initial guess for KXWxfcKM.tree_0.Colius_striatus.alpha is 5.39273e-05
Initial guess for KXWxfcKM.tree_0.Tyto_alba.alpha is 1.82729e-05
Initial guess for KXWxfcKM.tree_0.Node6.alpha is -2.1564e-06
Initial guess for KXWxfcKM.tree_0.Haliaeetus_leucocephalus.alpha is 4.68888e-06
Initial guess for KXWxfcKM.tree_0.Aquila_chrysaetos.alpha is 5.04177e-06
Initial guess for KXWxfcKM.tree_0.Node9.alpha is 1.35396e-05
Initial guess for KXWxfcKM.tree_0.Camarhynchus_parvulus.alpha is 8.61739e-05
Initial guess for KXWxfcKM.tree_0.Node11.alpha is 3.04826e-06
Initial guess for KXWxfcKM.tree_0.Falco_peregrinus.alpha is 2.83e-06
Initial guess for KXWxfcKM.tree_0.Falco_tinnunculus.alpha is 2.0353e-06
Optimization settings:
	OPTIMIZATION_METHOD = 4
	OPTIMIZATION_PRECISION = 0.001
	MAXIMUM_ITERATIONS_PER_VARIABLE = 5000

Initial parameter values

KXWxfcKM.model_MGREV.theta_CG = 1
KXWxfcKM.model_MGREV.theta_CT = 1
KXWxfcKM.model_MGREV.theta_GT = 1
KXWxfcKM.model_MGREV.theta_AT = 1
KXWxfcKM.model_MGREV.theta_AC = 1
KXWxfcKM.model_MGREV.omega_0 = 1
KXWxfcKM.tree_0.Leptosomus_discolor.alpha = 2.0882e-05
KXWxfcKM.tree_0.Colius_striatus.alpha = 5.39273e-05
KXWxfcKM.tree_0.Node2.alpha = 0
KXWxfcKM.tree_0.Tyto_alba.alpha = 1.82729e-05
KXWxfcKM.tree_0.Node1.alpha = 0.1
KXWxfcKM.tree_0.Haliaeetus_leucocephalus.alpha = 4.68888e-06
KXWxfcKM.tree_0.Aquila_chrysaetos.alpha = 5.04177e-06
KXWxfcKM.tree_0.Node6.alpha = 0
KXWxfcKM.tree_0.Camarhynchus_parvulus.alpha = 8.61739e-05
KXWxfcKM.tree_0.Falco_peregrinus.alpha = 2.83e-06
KXWxfcKM.tree_0.Falco_tinnunculus.alpha = 2.0353e-06
KXWxfcKM.tree_0.Node11.alpha = 3.04826e-06
KXWxfcKM.tree_0.Node9.alpha = 1.35396e-05
KXWxfcKM.model_MGREV.omega_1 = 1
Failing bound checks on KXWxfcKM.tree_0.Node6.beta =          10000.3412181876
Optimization finished in 25 loop passes.
1855 likelihood evaluation calls and 10010 matrix exponentiations calls were made

Overwritten previously defined function:'gkgoQILX.rate_generator'
Overwritten previously defined function:'gkgoQILX.rate_generator'
Auto-benchmarked an optimal number (2) of threads.
Set GUI update interval to every 2857-th LF evaluation.
Optimization settings:
	OPTIMIZATION_METHOD = 4
	OPTIMIZATION_PRECISION = 0.001
	MAXIMUM_ITERATIONS_PER_VARIABLE = 5000

Initial parameter values

frequencies._aux.CF3x4.p0_0 = 0.350376
frequencies._aux.CF3x4.p0_1 = 0.264232
frequencies._aux.CF3x4.p0_2 = 0.490259
frequencies._aux.CF3x4.p1_0 = 0.259044
frequencies._aux.CF3x4.p1_1 = 0.310453
frequencies._aux.CF3x4.p1_2 = 0.26586
frequencies._aux.CF3x4.p2_0 = 0.256537
frequencies._aux.CF3x4.p2_1 = 0.317596
frequencies._aux.CF3x4.p2_2 = 0.389869
Optimization finished in 5 loop passes.
182 likelihood evaluation calls and 0 matrix exponentiations calls were made

Variable 'busted.test_pi' was not initialized prior to being used
Overwritten previously defined function:'gkgoQILX.rate_generator'
Overwritten previously defined function:'gkgoQILX.rate_generator'
Overwritten previously defined function:'gkgoQILX.rate_generator'
Auto-benchmarked an optimal number (1) of threads.
Set GUI update interval to every 2673-th LF evaluation.
Optimization settings:
	OPTIMIZATION_METHOD = 4
	OPTIMIZATION_PRECISION = 0.001
	MAXIMUM_ITERATIONS_PER_VARIABLE = 5000

Initial parameter values

frequencies._aux.CF3x4.p0_0 = 0.350376
frequencies._aux.CF3x4.p0_1 = 0.264232
frequencies._aux.CF3x4.p0_2 = 0.490259
frequencies._aux.CF3x4.p1_0 = 0.259044
frequencies._aux.CF3x4.p1_1 = 0.310453
frequencies._aux.CF3x4.p1_2 = 0.26586
frequencies._aux.CF3x4.p2_0 = 0.256537
frequencies._aux.CF3x4.p2_1 = 0.317596
frequencies._aux.CF3x4.p2_2 = 0.389869
Optimization finished in 5 loop passes.
181 likelihood evaluation calls and 0 matrix exponentiations calls were made

Variable 'busted.background_pi' was not initialized prior to being used
Variable 'ASSUME_REVERSIBLE_MODELS' was not initialized prior to being used
No nodel was assigned to Leptosomus_discolor
No nodel was assigned to Colius_striatus
No nodel was assigned to Node2
No nodel was assigned to Tyto_alba
No nodel was assigned to Node1
No nodel was assigned to Haliaeetus_leucocephalus
No nodel was assigned to Aquila_chrysaetos
No nodel was assigned to Node6
No nodel was assigned to Camarhynchus_parvulus
No nodel was assigned to Falco_peregrinus
No nodel was assigned to Falco_tinnunculus
No nodel was assigned to Node11
No nodel was assigned to Node9
The tips of the tree:iwGAvAVX.tree_id_0 were matched with the species names from the data in the following numeric order (0-based) {6,7,5,4,3,0,1,2}

Pseudo-optimal path's cost 2275 vs 3207 for 1..k=> a 1.40967 x improvement
Partition 0 is ASSUMED to have a reversible model
busted.background.theta_AC was already constrained in estimators.SetGlobals2
busted.background.theta_AG was already constrained in estimators.SetGlobals2
busted.background.theta_AT was already constrained in estimators.SetGlobals2
busted.background.theta_CG was already constrained in estimators.SetGlobals2
busted.background.theta_CT was already constrained in estimators.SetGlobals2
busted.background.theta_GT was already constrained in estimators.SetGlobals2
busted.test.theta_AG was already constrained in estimators.SetGlobals2
Variable 'iwGAvAVX.tree_id_0.Leptosomus_discolor.t' was not initialized prior to being used
models.generic.SetBranchLength: iwGAvAVX.tree_id_0.Leptosomus_discolor.t=0.3473430630754068
Variable 'iwGAvAVX.tree_id_0.Colius_striatus.t' was not initialized prior to being used
models.generic.SetBranchLength: iwGAvAVX.tree_id_0.Colius_striatus.t=0.9782162661387892
Variable 'iwGAvAVX.tree_id_0.Node2.t' was not initialized prior to being used
models.generic.SetBranchLength: iwGAvAVX.tree_id_0.Node2.t=0
Variable 'iwGAvAVX.tree_id_0.Tyto_alba.t' was not initialized prior to being used
models.generic.SetBranchLength: iwGAvAVX.tree_id_0.Tyto_alba.t=0.3077463806603109
Variable 'iwGAvAVX.tree_id_0.Node1.t' was not initialized prior to being used
models.generic.SetBranchLength: iwGAvAVX.tree_id_0.Node1.t=0.01045220872887606
Variable 'iwGAvAVX.tree_id_0.Haliaeetus_leucocephalus.t' was not initialized prior to being used
models.generic.SetBranchLength: iwGAvAVX.tree_id_0.Haliaeetus_leucocephalus.t=0.07835574810577607
Variable 'iwGAvAVX.tree_id_0.Aquila_chrysaetos.t' was not initialized prior to being used
models.generic.SetBranchLength: iwGAvAVX.tree_id_0.Aquila_chrysaetos.t=0.07410326938238111
Variable 'iwGAvAVX.tree_id_0.Node6.t' was not initialized prior to being used
models.generic.SetBranchLength: iwGAvAVX.tree_id_0.Node6.t=0.2269073045756576
Variable 'iwGAvAVX.tree_id_0.Camarhynchus_parvulus.t' was not initialized prior to being used
models.generic.SetBranchLength: iwGAvAVX.tree_id_0.Camarhynchus_parvulus.t=1.168167507599141
Variable 'iwGAvAVX.tree_id_0.Falco_peregrinus.t' was not initialized prior to being used
models.generic.SetBranchLength: iwGAvAVX.tree_id_0.Falco_peregrinus.t=0.04574386898868536
Variable 'iwGAvAVX.tree_id_0.Falco_tinnunculus.t' was not initialized prior to being used
models.generic.SetBranchLength: iwGAvAVX.tree_id_0.Falco_tinnunculus.t=0.02852611177084531
Variable 'iwGAvAVX.tree_id_0.Node11.t' was not initialized prior to being used
models.generic.SetBranchLength: iwGAvAVX.tree_id_0.Node11.t=0.4573156161158003
Variable 'iwGAvAVX.tree_id_0.Node9.t' was not initialized prior to being used
models.generic.SetBranchLength: iwGAvAVX.tree_id_0.Node9.t=0.3273961600280466
Variable 'iwGAvAVX.iwGAvAVX.likelihoodFunction' was not initialized prior to being used
Auto-benchmarked an optimal number (2) of threads.
Set GUI update interval to every 11-th LF evaluation.
Optimization settings:
	OPTIMIZATION_METHOD = 4
	OPTIMIZATION_PRECISION = 0.001
	MAXIMUM_ITERATIONS_PER_VARIABLE = 5000

Initial parameter values

busted.test.theta_GT = 0.146895
busted.test.theta_CT = 0.861623
busted.test.theta_AC = 0.261868
busted.test.theta_CG = 0.36623
busted.test.theta_AT = 0.143318
busted.background.omega3 = 9.52381
busted.background.omega2 = 0.238095
busted.background.omega1 = 0
busted.background.bsrel_mixture_aux_1 = 0.666667
busted.test.bsrel_mixture_aux_0 = 0.7
busted.background.bsrel_mixture_aux_0 = 0.7
busted.test.omega1 = 0
busted.test.bsrel_mixture_aux_1 = 0.666667
busted.test.omega3 = 9.52381
busted.test.omega2 = 0.238095
iwGAvAVX.tree_id_0.Leptosomus_discolor.t = 0.347343
iwGAvAVX.tree_id_0.Colius_striatus.t = 0.978216
iwGAvAVX.tree_id_0.Node2.t = 0
iwGAvAVX.tree_id_0.Tyto_alba.t = 0.307746
iwGAvAVX.tree_id_0.Node1.t = 0.0104522
iwGAvAVX.tree_id_0.Haliaeetus_leucocephalus.t = 0.0783557
iwGAvAVX.tree_id_0.Aquila_chrysaetos.t = 0.0741033
iwGAvAVX.tree_id_0.Node6.t = 0.226907
iwGAvAVX.tree_id_0.Camarhynchus_parvulus.t = 1.16817
iwGAvAVX.tree_id_0.Falco_peregrinus.t = 0.0457439
iwGAvAVX.tree_id_0.Falco_tinnunculus.t = 0.0285261
iwGAvAVX.tree_id_0.Node11.t = 0.457316
iwGAvAVX.tree_id_0.Node9.t = 0.327396
Optimization finished in 58 loop passes.
6203 likelihood evaluation calls and 131511 matrix exponentiations calls were made

Variable 'KgXdCxfc.iwGAvAVX.likelihoodFunction' was not initialized prior to being used
Auto-benchmarked an optimal number (1) of threads.
Set GUI update interval to every 15-th LF evaluation.
Optimization settings:
	OPTIMIZATION_METHOD = 4
	OPTIMIZATION_PRECISION = 0.001
	MAXIMUM_ITERATIONS_PER_VARIABLE = 5000

Initial parameter values

busted.test.theta_GT = 0.147175
busted.test.theta_CT = 0.808191
busted.test.theta_AC = 0.234637
busted.test.theta_CG = 0.333683
busted.test.theta_AT = 0.131633
busted.background.omega3 = 1.72038
busted.background.omega1 = 0.134507
busted.background.bsrel_mixture_aux_1 = 0.675178
busted.background.omega2 = 0.317324
busted.background.bsrel_mixture_aux_0 = 0.748073
busted.test.bsrel_mixture_aux_0 = 0.442441
busted.test.omega1 = 0.840095
busted.test.omega2 = 0.803003
busted.test.bsrel_mixture_aux_1 = 0.782215
iwGAvAVX.tree_id_0.Leptosomus_discolor.t = 0.233855
iwGAvAVX.tree_id_0.Colius_striatus.t = 0.706463
iwGAvAVX.tree_id_0.Node2.t = 0
iwGAvAVX.tree_id_0.Tyto_alba.t = 0.226442
iwGAvAVX.tree_id_0.Node1.t = 0.0102633
iwGAvAVX.tree_id_0.Haliaeetus_leucocephalus.t = 0.0529708
iwGAvAVX.tree_id_0.Aquila_chrysaetos.t = 0.0525745
iwGAvAVX.tree_id_0.Node6.t = 0.17371
iwGAvAVX.tree_id_0.Camarhynchus_parvulus.t = 0.436302
iwGAvAVX.tree_id_0.Falco_peregrinus.t = 0.0322662
iwGAvAVX.tree_id_0.Falco_tinnunculus.t = 0.0193783
iwGAvAVX.tree_id_0.Node11.t = 0.178141
iwGAvAVX.tree_id_0.Node9.t = 0
Optimization finished in 13 loop passes.
1055 likelihood evaluation calls and 20631 matrix exponentiations calls were made

Variable 'USE_JSON_FOR_MATRIX' was not initialized prior to being used