
Loaded 'libv3/all-terms.bf' from /usr/local/lib/hyphy/TemplateBatchFiles/libv3/all-terms.bf
Loaded 'libv3/UtilityFunctions.bf' from /usr/local/lib/hyphy/TemplateBatchFiles/libv3/UtilityFunctions.bf
Loaded 'IOFunctions.bf' from /usr/local/lib/hyphy/TemplateBatchFiles/libv3/IOFunctions.bf
Already loaded 'libv3/UtilityFunctions.bf' from /usr/local/lib/hyphy/TemplateBatchFiles/libv3/UtilityFunctions.bf
Loaded 'convenience/regexp.bf' from /usr/local/lib/hyphy/TemplateBatchFiles/libv3/convenience/regexp.bf
Already loaded 'libv3/all-terms.bf' from /usr/local/lib/hyphy/TemplateBatchFiles/libv3/all-terms.bf
Already loaded 'libv3/IOFunctions.bf' from /usr/local/lib/hyphy/TemplateBatchFiles/libv3/IOFunctions.bf
Loaded 'libv3/tasks/estimators.bf' from /usr/local/lib/hyphy/TemplateBatchFiles/libv3/tasks/estimators.bf
Loaded '../models/model_functions.bf' from /usr/local/lib/hyphy/TemplateBatchFiles/libv3/models/model_functions.bf
Loaded 'DNA.bf' from /usr/local/lib/hyphy/TemplateBatchFiles/libv3/models/DNA.bf
Loaded 'frequencies.bf' from /usr/local/lib/hyphy/TemplateBatchFiles/libv3/models/frequencies.bf
Already loaded '../all-terms.bf' from /usr/local/lib/hyphy/TemplateBatchFiles/libv3/all-terms.bf
Loaded 'parameters.bf' from /usr/local/lib/hyphy/TemplateBatchFiles/libv3/models/parameters.bf
Loaded 'GrabBag' from /usr/local/lib/hyphy/TemplateBatchFiles/Utility/GrabBag.bf
Overwritten previously defined function:'_sortStringsAux'
Already loaded 'libv3/all-terms.bf' from /usr/local/lib/hyphy/TemplateBatchFiles/libv3/all-terms.bf
Already loaded '../UtilityFunctions.bf' from /usr/local/lib/hyphy/TemplateBatchFiles/libv3/UtilityFunctions.bf
Already loaded 'model_functions.bf' from /usr/local/lib/hyphy/TemplateBatchFiles/libv3/models/model_functions.bf
Already loaded 'libv3/all-terms.bf' from /usr/local/lib/hyphy/TemplateBatchFiles/libv3/all-terms.bf
Already loaded 'parameters.bf' from /usr/local/lib/hyphy/TemplateBatchFiles/libv3/models/parameters.bf
Already loaded 'frequencies.bf' from /usr/local/lib/hyphy/TemplateBatchFiles/libv3/models/frequencies.bf
Already loaded '../UtilityFunctions.bf' from /usr/local/lib/hyphy/TemplateBatchFiles/libv3/UtilityFunctions.bf
Already loaded '../convenience/regexp.bf' from /usr/local/lib/hyphy/TemplateBatchFiles/libv3/convenience/regexp.bf
Loaded '../models/DNA/GTR.bf' from /usr/local/lib/hyphy/TemplateBatchFiles/libv3/models/DNA/GTR.bf
Already loaded '../DNA.bf' from /usr/local/lib/hyphy/TemplateBatchFiles/libv3/models/DNA.bf
Already loaded '../parameters.bf' from /usr/local/lib/hyphy/TemplateBatchFiles/libv3/models/parameters.bf
Already loaded '../frequencies.bf' from /usr/local/lib/hyphy/TemplateBatchFiles/libv3/models/frequencies.bf
Already loaded '../../UtilityFunctions.bf' from /usr/local/lib/hyphy/TemplateBatchFiles/libv3/UtilityFunctions.bf
Already loaded 'libv3/all-terms.bf' from /usr/local/lib/hyphy/TemplateBatchFiles/libv3/all-terms.bf
Already loaded '../convenience/regexp.bf' from /usr/local/lib/hyphy/TemplateBatchFiles/libv3/convenience/regexp.bf
Already loaded 'libv3/all-terms.bf' from /usr/local/lib/hyphy/TemplateBatchFiles/libv3/all-terms.bf
Loaded 'libv3/tasks/alignments.bf' from /usr/local/lib/hyphy/TemplateBatchFiles/libv3/tasks/alignments.bf
Already loaded '../IOFunctions.bf' from /usr/local/lib/hyphy/TemplateBatchFiles/libv3/IOFunctions.bf
Already loaded '../all-terms.bf' from /usr/local/lib/hyphy/TemplateBatchFiles/libv3/all-terms.bf
Loaded 'libv3/models/codon.bf' from /usr/local/lib/hyphy/TemplateBatchFiles/libv3/models/codon.bf
Loaded '../tasks/genetic_code.bf' from /usr/local/lib/hyphy/TemplateBatchFiles/libv3/tasks/genetic_code.bf
Loaded 'libv3/convenience/matrix.bf' from /usr/local/lib/hyphy/TemplateBatchFiles/libv3/convenience/matrix.bf
Already loaded 'libv3/UtilityFunctions.bf' from /usr/local/lib/hyphy/TemplateBatchFiles/libv3/UtilityFunctions.bf
Already loaded 'libv3/all-terms.bf' from /usr/local/lib/hyphy/TemplateBatchFiles/libv3/all-terms.bf
Already loaded '../UtilityFunctions.bf' from /usr/local/lib/hyphy/TemplateBatchFiles/libv3/UtilityFunctions.bf
Loaded 'libv3/tasks/trees.bf' from /usr/local/lib/hyphy/TemplateBatchFiles/libv3/tasks/trees.bf
Already loaded '../IOFunctions.bf' from /usr/local/lib/hyphy/TemplateBatchFiles/libv3/IOFunctions.bf
Already loaded '../all-terms.bf' from /usr/local/lib/hyphy/TemplateBatchFiles/libv3/all-terms.bf
Already loaded '../convenience/regexp.bf' from /usr/local/lib/hyphy/TemplateBatchFiles/libv3/convenience/regexp.bf
Already loaded '../UtilityFunctions.bf' from /usr/local/lib/hyphy/TemplateBatchFiles/libv3/UtilityFunctions.bf
Loaded 'TreeTools' from /usr/local/lib/hyphy/TemplateBatchFiles/TreeTools.ibf
Already loaded 'libv3/tasks/genetic_code.bf' from /usr/local/lib/hyphy/TemplateBatchFiles/libv3/tasks/genetic_code.bf
Loaded 'modules/io_functions.ibf' from /usr/local/lib/hyphy/TemplateBatchFiles/SelectionAnalyses/modules/io_functions.ibf
Already loaded 'libv3/UtilityFunctions.bf' from /usr/local/lib/hyphy/TemplateBatchFiles/libv3/UtilityFunctions.bf
Already loaded 'libv3/IOFunctions.bf' from /usr/local/lib/hyphy/TemplateBatchFiles/libv3/IOFunctions.bf
Already loaded 'libv3/convenience/regexp.bf' from /usr/local/lib/hyphy/TemplateBatchFiles/libv3/convenience/regexp.bf
Already loaded 'libv3/all-terms.bf' from /usr/local/lib/hyphy/TemplateBatchFiles/libv3/all-terms.bf
Loaded 'modules/selection_lib.ibf' from /usr/local/lib/hyphy/TemplateBatchFiles/SelectionAnalyses/modules/selection_lib.ibf
Loaded 'libv3/models/codon/BS_REL.bf' from /usr/local/lib/hyphy/TemplateBatchFiles/libv3/models/codon/BS_REL.bf
Already loaded '../codon.bf' from /usr/local/lib/hyphy/TemplateBatchFiles/libv3/models/codon.bf
Already loaded '../DNA.bf' from /usr/local/lib/hyphy/TemplateBatchFiles/libv3/models/DNA.bf
Already loaded '../parameters.bf' from /usr/local/lib/hyphy/TemplateBatchFiles/libv3/models/parameters.bf
Already loaded '../frequencies.bf' from /usr/local/lib/hyphy/TemplateBatchFiles/libv3/models/frequencies.bf
Already loaded '../../UtilityFunctions.bf' from /usr/local/lib/hyphy/TemplateBatchFiles/libv3/UtilityFunctions.bf
Loaded 'MG_REV.bf' from /usr/local/lib/hyphy/TemplateBatchFiles/libv3/models/codon/MG_REV.bf
Already loaded '../codon.bf' from /usr/local/lib/hyphy/TemplateBatchFiles/libv3/models/codon.bf
Already loaded '../DNA.bf' from /usr/local/lib/hyphy/TemplateBatchFiles/libv3/models/DNA.bf
Already loaded '../parameters.bf' from /usr/local/lib/hyphy/TemplateBatchFiles/libv3/models/parameters.bf
Already loaded '../frequencies.bf' from /usr/local/lib/hyphy/TemplateBatchFiles/libv3/models/frequencies.bf
Already loaded '../../UtilityFunctions.bf' from /usr/local/lib/hyphy/TemplateBatchFiles/libv3/UtilityFunctions.bf
Loaded '../../convenience/math.bf' from /usr/local/lib/hyphy/TemplateBatchFiles/libv3/convenience/math.bf
Already loaded 'libv3/UtilityFunctions.bf' from /usr/local/lib/hyphy/TemplateBatchFiles/libv3/UtilityFunctions.bf
Already loaded 'libv3/convenience/math.bf' from /usr/local/lib/hyphy/TemplateBatchFiles/libv3/convenience/math.bf
Variable 'NORMALIZE_SEQUENCE_NAMES' was not initialized prior to being used
Loaded 'modules/shared-load-file.bf' from /usr/local/lib/hyphy/TemplateBatchFiles/SelectionAnalyses/modules/shared-load-file.bf
Variable 'MARKDOWN_OUTPUT' was not initialized prior to being used
Already loaded 'libv3/convenience/matrix.bf' from /usr/local/lib/hyphy/TemplateBatchFiles/libv3/convenience/matrix.bf
Already loaded 'libv3/UtilityFunctions.bf' from /usr/local/lib/hyphy/TemplateBatchFiles/libv3/UtilityFunctions.bf
Variable 'ZjLCxYsY.skipCodeSelectionStep' was not initialized prior to being used
Row and/or column partition is empty. All the data will be used by default.
Variable 'NEXUS_FILE_TREE_MATRIX' was not initialized prior to being used
Variable 'utility.ToggleEnvVariable.cache' was not initialized prior to being used
Variable 'TREE_NODE_NAME_MAPPING' was not initialized prior to being used
Variable 'OzJrmxHM.PROMPT_FOR_FILE' was not initialized prior to being used
Variable 'END_OF_FILE' was not initialized prior to being used
Variable '_DO_TREE_REBALANCE_' was not initialized prior to being used
Variable '_KEEP_I_LABELS_' was not initialized prior to being used
Variable 'INCLUDE_MODEL_SPECS' was not initialized prior to being used
Variable 'utility.ForEachPair.warn_non_rentrant' was not initialized prior to being used
Row and/or column partition is empty. All the data will be used by default.
Row and/or column partition is empty. All the data will be used by default.
Variable 'hSUXYurb.cache' was not initialized prior to being used
Row and/or column partition is empty. All the data will be used by default.
Variable 'COUNT_GAPS_IN_FREQUENCIES' was not initialized prior to being used
Variable 'eSjbBWNm.model_pi' was not initialized prior to being used
Model eSjbBWNm.model assigned to Leptosomus_discolor
Model eSjbBWNm.model assigned to Colius_striatus
Model eSjbBWNm.model assigned to Node2
Model eSjbBWNm.model assigned to Tyto_alba
Model eSjbBWNm.model assigned to Node1
Model eSjbBWNm.model assigned to Haliaeetus_leucocephalus
Model eSjbBWNm.model assigned to Aquila_chrysaetos
Model eSjbBWNm.model assigned to Node6
Model eSjbBWNm.model assigned to Taeniopygia_guttata
Model eSjbBWNm.model assigned to Falco_peregrinus
Model eSjbBWNm.model assigned to Falco_tinnunculus
Model eSjbBWNm.model assigned to Node11
Model eSjbBWNm.model assigned to Node9
The tips of the tree:eSjbBWNm.tree_0 were matched with the species names from the data in the following numeric order (0-based) {1,5,4,3,2,0,6,7}

Pseudo-optimal path's cost 974 vs 1684 for 1..k=> a 1.72895 x improvement
Partition 0 reversible model flag computed as 1
Variable 'USE_LAST_RESULTS' was not initialized prior to being used
Variable 'eSjbBWNm.tree_0.Leptosomus_discolor.t' was not initialized prior to being used
models.generic.SetBranchLength: eSjbBWNm.tree_0.Leptosomus_discolor.t=180.1532538774707
Variable 'eSjbBWNm.tree_0.Colius_striatus.t' was not initialized prior to being used
models.generic.SetBranchLength: eSjbBWNm.tree_0.Colius_striatus.t=180.1532538774707
Variable 'eSjbBWNm.tree_0.Node2.t' was not initialized prior to being used
models.generic.SetBranchLength: eSjbBWNm.tree_0.Node2.t=7.023302406498598
Variable 'eSjbBWNm.tree_0.Tyto_alba.t' was not initialized prior to being used
models.generic.SetBranchLength: eSjbBWNm.tree_0.Tyto_alba.t=184.9113398849571
Variable 'eSjbBWNm.tree_0.Node1.t' was not initialized prior to being used
models.generic.SetBranchLength: eSjbBWNm.tree_0.Node1.t=5.294734238315656
Variable 'eSjbBWNm.tree_0.Haliaeetus_leucocephalus.t' was not initialized prior to being used
models.generic.SetBranchLength: eSjbBWNm.tree_0.Haliaeetus_leucocephalus.t=77.80546569963936
Variable 'eSjbBWNm.tree_0.Aquila_chrysaetos.t' was not initialized prior to being used
models.generic.SetBranchLength: eSjbBWNm.tree_0.Aquila_chrysaetos.t=77.80546569963936
Variable 'eSjbBWNm.tree_0.Node6.t' was not initialized prior to being used
models.generic.SetBranchLength: eSjbBWNm.tree_0.Node6.t=114.6658248226456
Variable 'eSjbBWNm.tree_0.Taeniopygia_guttata.t' was not initialized prior to being used
models.generic.SetBranchLength: eSjbBWNm.tree_0.Taeniopygia_guttata.t=180.5225992754128
Variable 'eSjbBWNm.tree_0.Falco_peregrinus.t' was not initialized prior to being used
models.generic.SetBranchLength: eSjbBWNm.tree_0.Falco_peregrinus.t=19.02556554562016
Variable 'eSjbBWNm.tree_0.Falco_tinnunculus.t' was not initialized prior to being used
models.generic.SetBranchLength: eSjbBWNm.tree_0.Falco_tinnunculus.t=19.02556554562016
Variable 'eSjbBWNm.tree_0.Node11.t' was not initialized prior to being used
models.generic.SetBranchLength: eSjbBWNm.tree_0.Node11.t=161.4970337297927
Variable 'eSjbBWNm.tree_0.Node9.t' was not initialized prior to being used
models.generic.SetBranchLength: eSjbBWNm.tree_0.Node9.t=11.94869124687213
Variable 'eSjbBWNm.eSjbBWNm.likelihoodFunction' was not initialized prior to being used
Variable 'SAVE_OPT_STATUS_TO' was not initialized prior to being used
Auto-benchmarked an optimal number (1) of threads.
Set GUI update interval to every 3333-th LF evaluation.
Optimization settings:
	OPTIMIZATION_METHOD = 4
	OPTIMIZATION_PRECISION = 0.001
	MAXIMUM_ITERATIONS_PER_VARIABLE = 5000

Initial parameter values

eSjbBWNm.model.theta_GT = 0.25
eSjbBWNm.model.theta_CT = 1
eSjbBWNm.model.theta_AC = 0.25
eSjbBWNm.model.theta_CG = 0.25
eSjbBWNm.model.theta_AT = 0.25
eSjbBWNm.tree_0.Leptosomus_discolor.t = 180.153
eSjbBWNm.tree_0.Colius_striatus.t = 180.153
eSjbBWNm.tree_0.Node2.t = 7.0233
eSjbBWNm.tree_0.Tyto_alba.t = 184.911
eSjbBWNm.tree_0.Node1.t = 5.29473
eSjbBWNm.tree_0.Haliaeetus_leucocephalus.t = 77.8055
eSjbBWNm.tree_0.Aquila_chrysaetos.t = 77.8055
eSjbBWNm.tree_0.Node6.t = 114.666
eSjbBWNm.tree_0.Taeniopygia_guttata.t = 180.523
eSjbBWNm.tree_0.Falco_peregrinus.t = 19.0256
eSjbBWNm.tree_0.Falco_tinnunculus.t = 19.0256
eSjbBWNm.tree_0.Node11.t = 161.497
eSjbBWNm.tree_0.Node9.t = 11.9487
Optimization finished in 31 loop passes.
1838 likelihood evaluation calls and 10634 matrix exponentiations calls were made

Variable 'BRANCH_LENGTH_STENCIL' was not initialized prior to being used
Variable 'eSjbBWNm.option' was not initialized prior to being used
Variable 'busted.terms.json.nucleotide_gtr' was not initialized prior to being used
Variable 'Unknown' was not initialized prior to being used
Variable 'PvMD_hnA.initial_value' was not initialized prior to being used
Variable 'fygt_aTv.data_filter' was not initialized prior to being used
Row and/or column partition is empty. All the data will be used by default.
Auto-benchmarked an optimal number (1) of threads.
Set GUI update interval to every 2906-th LF evaluation.
Optimization settings:
	OPTIMIZATION_METHOD = 4
	OPTIMIZATION_PRECISION = 0.001
	MAXIMUM_ITERATIONS_PER_VARIABLE = 5000

Initial parameter values

frequencies._aux.CF3x4.p0_0 = 0.34909
frequencies._aux.CF3x4.p0_1 = 0.260893
frequencies._aux.CF3x4.p0_2 = 0.489083
frequencies._aux.CF3x4.p1_0 = 0.257003
frequencies._aux.CF3x4.p1_1 = 0.311027
frequencies._aux.CF3x4.p1_2 = 0.272914
frequencies._aux.CF3x4.p2_0 = 0.257003
frequencies._aux.CF3x4.p2_1 = 0.317154
frequencies._aux.CF3x4.p2_2 = 0.390614
Optimization finished in 4 loop passes.
167 likelihood evaluation calls and 0 matrix exponentiations calls were made

Variable 'fygt_aTv.model_MGREV_pi' was not initialized prior to being used
Model fygt_aTv.model_MGREV assigned to Leptosomus_discolor
Model fygt_aTv.model_MGREV assigned to Colius_striatus
Model fygt_aTv.model_MGREV assigned to Node2
Model fygt_aTv.model_MGREV assigned to Tyto_alba
Model fygt_aTv.model_MGREV assigned to Node1
Model fygt_aTv.model_MGREV assigned to Haliaeetus_leucocephalus
Model fygt_aTv.model_MGREV assigned to Aquila_chrysaetos
Model fygt_aTv.model_MGREV assigned to Node6
Model fygt_aTv.model_MGREV assigned to Taeniopygia_guttata
Model fygt_aTv.model_MGREV assigned to Falco_peregrinus
Model fygt_aTv.model_MGREV assigned to Falco_tinnunculus
Model fygt_aTv.model_MGREV assigned to Node11
Model fygt_aTv.model_MGREV assigned to Node9
The tips of the tree:fygt_aTv.tree_0 were matched with the species names from the data in the following numeric order (0-based) {1,5,4,3,2,0,6,7}

Pseudo-optimal path's cost 2336 vs 3304 for 1..k=> a 1.41438 x improvement
Partition 0 reversible model flag computed as 1
Variable 'fygt_aTv.fygt_aTv.likelihoodFunction' was not initialized prior to being used
Variable 'fygt_aTv.tree_0.Leptosomus_discolor.alpha' was not initialized prior to being used
Variable 'fygt_aTv.tree_0.Colius_striatus.alpha' was not initialized prior to being used
Variable 'fygt_aTv.tree_0.Node2.alpha' was not initialized prior to being used
Variable 'fygt_aTv.tree_0.Tyto_alba.alpha' was not initialized prior to being used
Variable 'fygt_aTv.tree_0.Node1.alpha' was not initialized prior to being used
Variable 'fygt_aTv.tree_0.Haliaeetus_leucocephalus.alpha' was not initialized prior to being used
Variable 'fygt_aTv.tree_0.Aquila_chrysaetos.alpha' was not initialized prior to being used
Variable 'fygt_aTv.tree_0.Node6.alpha' was not initialized prior to being used
Variable 'fygt_aTv.tree_0.Taeniopygia_guttata.alpha' was not initialized prior to being used
Variable 'fygt_aTv.tree_0.Falco_peregrinus.alpha' was not initialized prior to being used
Variable 'fygt_aTv.tree_0.Falco_tinnunculus.alpha' was not initialized prior to being used
Variable 'fygt_aTv.tree_0.Node11.alpha' was not initialized prior to being used
Variable 'fygt_aTv.tree_0.Node9.alpha' was not initialized prior to being used
Site 22 evaluated to a 0 probability in ComputeTreeBlockByBranch
Site 22 evaluated to a 0 probability in ComputeTreeBlockByBranch
Site 236 evaluated to a 0 probability in ComputeTreeBlockByBranch
Auto-benchmarked an optimal number (1) of threads.
Set GUI update interval to every 26-th LF evaluation.
Initial guess for fygt_aTv.tree_0.Node2.alpha is -9.89222e-07
Initial guess for fygt_aTv.tree_0.Leptosomus_discolor.alpha is 1.99098e-05
Initial guess for fygt_aTv.tree_0.Colius_striatus.alpha is 5.1584e-05
Initial guess for fygt_aTv.tree_0.Tyto_alba.alpha is 1.6828e-05
Initial guess for fygt_aTv.tree_0.Node6.alpha is -1.42574e-06
Initial guess for fygt_aTv.tree_0.Haliaeetus_leucocephalus.alpha is 4.47858e-06
Initial guess for fygt_aTv.tree_0.Aquila_chrysaetos.alpha is 4.82084e-06
Initial guess for fygt_aTv.tree_0.Node9.alpha is 1.27985e-05
Initial guess for fygt_aTv.tree_0.Taeniopygia_guttata.alpha is 9.74393e-05
Initial guess for fygt_aTv.tree_0.Node11.alpha is 2.8266e-06
Initial guess for fygt_aTv.tree_0.Falco_peregrinus.alpha is 2.81783e-06
Initial guess for fygt_aTv.tree_0.Falco_tinnunculus.alpha is 1.83186e-06
Optimization settings:
	OPTIMIZATION_METHOD = 4
	OPTIMIZATION_PRECISION = 0.001
	MAXIMUM_ITERATIONS_PER_VARIABLE = 5000

Initial parameter values

fygt_aTv.model_MGREV.theta_GT = 1
fygt_aTv.model_MGREV.theta_CT = 1
fygt_aTv.model_MGREV.theta_CG = 1
fygt_aTv.model_MGREV.theta_AC = 1
fygt_aTv.model_MGREV.theta_AT = 1
fygt_aTv.model_MGREV.omega_0 = 1
fygt_aTv.tree_0.Leptosomus_discolor.alpha = 1.99098e-05
fygt_aTv.tree_0.Colius_striatus.alpha = 5.1584e-05
fygt_aTv.tree_0.Node2.alpha = 0
fygt_aTv.tree_0.Tyto_alba.alpha = 1.6828e-05
fygt_aTv.tree_0.Node1.alpha = 0.1
fygt_aTv.tree_0.Haliaeetus_leucocephalus.alpha = 4.47858e-06
fygt_aTv.tree_0.Aquila_chrysaetos.alpha = 4.82084e-06
fygt_aTv.tree_0.Node6.alpha = 0
fygt_aTv.tree_0.Taeniopygia_guttata.alpha = 9.74393e-05
fygt_aTv.tree_0.Falco_peregrinus.alpha = 2.81783e-06
fygt_aTv.tree_0.Falco_tinnunculus.alpha = 1.83186e-06
fygt_aTv.tree_0.Node11.alpha = 2.8266e-06
fygt_aTv.tree_0.Node9.alpha = 1.27985e-05
fygt_aTv.model_MGREV.omega_1 = 1
Failing bound checks on fygt_aTv.tree_0.Node6.beta =         10000.32836999429
Optimization finished in 25 loop passes.
1832 likelihood evaluation calls and 10721 matrix exponentiations calls were made

Row and/or column partition is empty. All the data will be used by default.
Auto-benchmarked an optimal number (2) of threads.
Set GUI update interval to every 2840-th LF evaluation.
Optimization settings:
	OPTIMIZATION_METHOD = 4
	OPTIMIZATION_PRECISION = 0.001
	MAXIMUM_ITERATIONS_PER_VARIABLE = 5000

Initial parameter values

frequencies._aux.CF3x4.p0_0 = 0.34909
frequencies._aux.CF3x4.p0_1 = 0.260893
frequencies._aux.CF3x4.p0_2 = 0.489083
frequencies._aux.CF3x4.p1_0 = 0.257003
frequencies._aux.CF3x4.p1_1 = 0.311027
frequencies._aux.CF3x4.p1_2 = 0.272914
frequencies._aux.CF3x4.p2_0 = 0.257003
frequencies._aux.CF3x4.p2_1 = 0.317154
frequencies._aux.CF3x4.p2_2 = 0.390614
Optimization finished in 4 loop passes.
168 likelihood evaluation calls and 0 matrix exponentiations calls were made

Variable 'fygt_aTv.model_MGREV_pi' was not initialized prior to being used
Model fygt_aTv.model_MGREV assigned to Leptosomus_discolor
Model fygt_aTv.model_MGREV assigned to Colius_striatus
Model fygt_aTv.model_MGREV assigned to Node2
Model fygt_aTv.model_MGREV assigned to Tyto_alba
Model fygt_aTv.model_MGREV assigned to Node1
Model fygt_aTv.model_MGREV assigned to Haliaeetus_leucocephalus
Model fygt_aTv.model_MGREV assigned to Aquila_chrysaetos
Model fygt_aTv.model_MGREV assigned to Node6
Model fygt_aTv.model_MGREV assigned to Taeniopygia_guttata
Model fygt_aTv.model_MGREV assigned to Falco_peregrinus
Model fygt_aTv.model_MGREV assigned to Falco_tinnunculus
Model fygt_aTv.model_MGREV assigned to Node11
Model fygt_aTv.model_MGREV assigned to Node9
The tips of the tree:fygt_aTv.tree_0 were matched with the species names from the data in the following numeric order (0-based) {1,5,4,3,2,0,6,7}

Pseudo-optimal path's cost 2336 vs 3304 for 1..k=> a 1.41438 x improvement
Partition 0 reversible model flag computed as 1
Variable 'fygt_aTv.tree_0.Falco_tinnunculus.alpha' was not initialized prior to being used
Variable 'fygt_aTv.tree_0.Falco_peregrinus.alpha' was not initialized prior to being used
Variable 'fygt_aTv.tree_0.Node11.alpha' was not initialized prior to being used
Variable 'fygt_aTv.tree_0.Taeniopygia_guttata.alpha' was not initialized prior to being used
Variable 'fygt_aTv.tree_0.Colius_striatus.alpha' was not initialized prior to being used
Variable 'fygt_aTv.tree_0.Node6.alpha' was not initialized prior to being used
Variable 'fygt_aTv.tree_0.Aquila_chrysaetos.alpha' was not initialized prior to being used
Variable 'fygt_aTv.tree_0.Haliaeetus_leucocephalus.alpha' was not initialized prior to being used
Variable 'fygt_aTv.tree_0.Node1.alpha' was not initialized prior to being used
Variable 'fygt_aTv.tree_0.Leptosomus_discolor.alpha' was not initialized prior to being used
Variable 'fygt_aTv.tree_0.Tyto_alba.alpha' was not initialized prior to being used
Variable 'fygt_aTv.tree_0.Node2.alpha' was not initialized prior to being used
Variable 'fygt_aTv.tree_0.Node9.alpha' was not initialized prior to being used
Site 22 evaluated to a 0 probability in ComputeTreeBlockByBranch
Site 22 evaluated to a 0 probability in ComputeTreeBlockByBranch
Site 236 evaluated to a 0 probability in ComputeTreeBlockByBranch
Site 251 evaluated to a 0 probability in ComputeTreeBlockByBranch
Site 22 evaluated to a 0 probability in ComputeTreeBlockByBranch
Site 158 evaluated to a 0 probability in ComputeTreeBlockByBranch
Auto-benchmarked an optimal number (2) of threads.
Set GUI update interval to every 56-th LF evaluation.
Initial guess for fygt_aTv.tree_0.Node2.alpha is -9.89222e-07
Initial guess for fygt_aTv.tree_0.Leptosomus_discolor.alpha is 1.99098e-05
Initial guess for fygt_aTv.tree_0.Colius_striatus.alpha is 5.1584e-05
Initial guess for fygt_aTv.tree_0.Tyto_alba.alpha is 1.6828e-05
Initial guess for fygt_aTv.tree_0.Node6.alpha is -1.42574e-06
Initial guess for fygt_aTv.tree_0.Haliaeetus_leucocephalus.alpha is 4.47858e-06
Initial guess for fygt_aTv.tree_0.Aquila_chrysaetos.alpha is 4.82084e-06
Initial guess for fygt_aTv.tree_0.Node9.alpha is 1.27985e-05
Initial guess for fygt_aTv.tree_0.Taeniopygia_guttata.alpha is 9.74393e-05
Initial guess for fygt_aTv.tree_0.Node11.alpha is 2.8266e-06
Initial guess for fygt_aTv.tree_0.Falco_peregrinus.alpha is 2.81783e-06
Initial guess for fygt_aTv.tree_0.Falco_tinnunculus.alpha is 1.83186e-06
Optimization settings:
	OPTIMIZATION_METHOD = 4
	OPTIMIZATION_PRECISION = 0.001
	MAXIMUM_ITERATIONS_PER_VARIABLE = 5000

Initial parameter values

fygt_aTv.model_MGREV.theta_CG = 1
fygt_aTv.model_MGREV.theta_CT = 1
fygt_aTv.model_MGREV.theta_AT = 1
fygt_aTv.model_MGREV.theta_AC = 1
fygt_aTv.model_MGREV.theta_GT = 1
fygt_aTv.model_MGREV.omega_0 = 1
fygt_aTv.tree_0.Leptosomus_discolor.alpha = 1.99098e-05
fygt_aTv.tree_0.Colius_striatus.alpha = 5.1584e-05
fygt_aTv.tree_0.Node2.alpha = 0
fygt_aTv.tree_0.Tyto_alba.alpha = 1.6828e-05
fygt_aTv.tree_0.Node1.alpha = 0.1
fygt_aTv.tree_0.Haliaeetus_leucocephalus.alpha = 4.47858e-06
fygt_aTv.tree_0.Aquila_chrysaetos.alpha = 4.82084e-06
fygt_aTv.tree_0.Node6.alpha = 0
fygt_aTv.tree_0.Taeniopygia_guttata.alpha = 9.74393e-05
fygt_aTv.tree_0.Falco_peregrinus.alpha = 2.81783e-06
fygt_aTv.tree_0.Falco_tinnunculus.alpha = 1.83186e-06
fygt_aTv.tree_0.Node11.alpha = 2.8266e-06
fygt_aTv.tree_0.Node9.alpha = 1.27985e-05
fygt_aTv.model_MGREV.omega_1 = 1
Failing bound checks on fygt_aTv.tree_0.Node6.beta =         10000.32836999295
Optimization finished in 26 loop passes.
1578 likelihood evaluation calls and 8870 matrix exponentiations calls were made

Overwritten previously defined function:'NYZrcbFK.rate_generator'
Overwritten previously defined function:'NYZrcbFK.rate_generator'
Auto-benchmarked an optimal number (2) of threads.
Set GUI update interval to every 2824-th LF evaluation.
Optimization settings:
	OPTIMIZATION_METHOD = 4
	OPTIMIZATION_PRECISION = 0.001
	MAXIMUM_ITERATIONS_PER_VARIABLE = 5000

Initial parameter values

frequencies._aux.CF3x4.p0_0 = 0.34909
frequencies._aux.CF3x4.p0_1 = 0.260893
frequencies._aux.CF3x4.p0_2 = 0.489083
frequencies._aux.CF3x4.p1_0 = 0.257003
frequencies._aux.CF3x4.p1_1 = 0.311027
frequencies._aux.CF3x4.p1_2 = 0.272914
frequencies._aux.CF3x4.p2_0 = 0.257003
frequencies._aux.CF3x4.p2_1 = 0.317154
frequencies._aux.CF3x4.p2_2 = 0.390614
Optimization finished in 4 loop passes.
168 likelihood evaluation calls and 0 matrix exponentiations calls were made

Variable 'busted.test_pi' was not initialized prior to being used
Overwritten previously defined function:'NYZrcbFK.rate_generator'
Overwritten previously defined function:'NYZrcbFK.rate_generator'
Overwritten previously defined function:'NYZrcbFK.rate_generator'
Auto-benchmarked an optimal number (2) of threads.
Set GUI update interval to every 3067-th LF evaluation.
Optimization settings:
	OPTIMIZATION_METHOD = 4
	OPTIMIZATION_PRECISION = 0.001
	MAXIMUM_ITERATIONS_PER_VARIABLE = 5000

Initial parameter values

frequencies._aux.CF3x4.p0_0 = 0.34909
frequencies._aux.CF3x4.p0_1 = 0.260893
frequencies._aux.CF3x4.p0_2 = 0.489083
frequencies._aux.CF3x4.p1_0 = 0.257003
frequencies._aux.CF3x4.p1_1 = 0.311027
frequencies._aux.CF3x4.p1_2 = 0.272914
frequencies._aux.CF3x4.p2_0 = 0.257003
frequencies._aux.CF3x4.p2_1 = 0.317154
frequencies._aux.CF3x4.p2_2 = 0.390614
Optimization finished in 4 loop passes.
168 likelihood evaluation calls and 0 matrix exponentiations calls were made

Variable 'busted.background_pi' was not initialized prior to being used
Variable 'ASSUME_REVERSIBLE_MODELS' was not initialized prior to being used
No nodel was assigned to Leptosomus_discolor
No nodel was assigned to Colius_striatus
No nodel was assigned to Node2
No nodel was assigned to Tyto_alba
No nodel was assigned to Node1
No nodel was assigned to Haliaeetus_leucocephalus
No nodel was assigned to Aquila_chrysaetos
No nodel was assigned to Node6
No nodel was assigned to Taeniopygia_guttata
No nodel was assigned to Falco_peregrinus
No nodel was assigned to Falco_tinnunculus
No nodel was assigned to Node11
No nodel was assigned to Node9
The tips of the tree:lSGkMTSI.tree_id_0 were matched with the species names from the data in the following numeric order (0-based) {1,5,4,3,2,0,6,7}

Pseudo-optimal path's cost 2336 vs 3304 for 1..k=> a 1.41438 x improvement
Partition 0 is ASSUMED to have a reversible model
busted.background.theta_AC was already constrained in estimators.SetGlobals2
busted.background.theta_AG was already constrained in estimators.SetGlobals2
busted.background.theta_AT was already constrained in estimators.SetGlobals2
busted.background.theta_CG was already constrained in estimators.SetGlobals2
busted.background.theta_CT was already constrained in estimators.SetGlobals2
busted.background.theta_GT was already constrained in estimators.SetGlobals2
busted.test.theta_AG was already constrained in estimators.SetGlobals2
Variable 'lSGkMTSI.tree_id_0.Leptosomus_discolor.t' was not initialized prior to being used
models.generic.SetBranchLength: lSGkMTSI.tree_id_0.Leptosomus_discolor.t=0.3404555548306465
Variable 'lSGkMTSI.tree_id_0.Colius_striatus.t' was not initialized prior to being used
models.generic.SetBranchLength: lSGkMTSI.tree_id_0.Colius_striatus.t=0.9409638787578675
Variable 'lSGkMTSI.tree_id_0.Node2.t' was not initialized prior to being used
models.generic.SetBranchLength: lSGkMTSI.tree_id_0.Node2.t=0
Variable 'lSGkMTSI.tree_id_0.Tyto_alba.t' was not initialized prior to being used
models.generic.SetBranchLength: lSGkMTSI.tree_id_0.Tyto_alba.t=0.290675491062958
Variable 'lSGkMTSI.tree_id_0.Node1.t' was not initialized prior to being used
models.generic.SetBranchLength: lSGkMTSI.tree_id_0.Node1.t=0.008434292484811336
Variable 'lSGkMTSI.tree_id_0.Haliaeetus_leucocephalus.t' was not initialized prior to being used
models.generic.SetBranchLength: lSGkMTSI.tree_id_0.Haliaeetus_leucocephalus.t=0.07585756631091697
Variable 'lSGkMTSI.tree_id_0.Aquila_chrysaetos.t' was not initialized prior to being used
models.generic.SetBranchLength: lSGkMTSI.tree_id_0.Aquila_chrysaetos.t=0.07217884445929144
Variable 'lSGkMTSI.tree_id_0.Node6.t' was not initialized prior to being used
models.generic.SetBranchLength: lSGkMTSI.tree_id_0.Node6.t=0.2184512313857814
Variable 'lSGkMTSI.tree_id_0.Taeniopygia_guttata.t' was not initialized prior to being used
models.generic.SetBranchLength: lSGkMTSI.tree_id_0.Taeniopygia_guttata.t=1.35810772325411
Variable 'lSGkMTSI.tree_id_0.Falco_peregrinus.t' was not initialized prior to being used
models.generic.SetBranchLength: lSGkMTSI.tree_id_0.Falco_peregrinus.t=0.04495776149358546
Variable 'lSGkMTSI.tree_id_0.Falco_tinnunculus.t' was not initialized prior to being used
models.generic.SetBranchLength: lSGkMTSI.tree_id_0.Falco_tinnunculus.t=0.02710852840208446
Variable 'lSGkMTSI.tree_id_0.Node11.t' was not initialized prior to being used
models.generic.SetBranchLength: lSGkMTSI.tree_id_0.Node11.t=0.4740371183863819
Variable 'lSGkMTSI.tree_id_0.Node9.t' was not initialized prior to being used
models.generic.SetBranchLength: lSGkMTSI.tree_id_0.Node9.t=0.3219401289046701
Variable 'lSGkMTSI.lSGkMTSI.likelihoodFunction' was not initialized prior to being used
Auto-benchmarked an optimal number (4) of threads.
Set GUI update interval to every 8-th LF evaluation.
Optimization settings:
	OPTIMIZATION_METHOD = 4
	OPTIMIZATION_PRECISION = 0.001
	MAXIMUM_ITERATIONS_PER_VARIABLE = 5000

Initial parameter values

busted.test.theta_GT = 0.205341
busted.test.theta_CT = 0.805014
busted.test.theta_AC = 0.292935
busted.test.theta_CG = 0.391664
busted.test.theta_AT = 0.17337
busted.background.omega3 = 9.52381
busted.background.omega2 = 0.238095
busted.background.omega1 = 0
busted.background.bsrel_mixture_aux_1 = 0.666667
busted.test.bsrel_mixture_aux_0 = 0.7
busted.background.bsrel_mixture_aux_0 = 0.7
busted.test.omega1 = 0
busted.test.bsrel_mixture_aux_1 = 0.666667
busted.test.omega3 = 9.52381
busted.test.omega2 = 0.238095
lSGkMTSI.tree_id_0.Leptosomus_discolor.t = 0.340456
lSGkMTSI.tree_id_0.Colius_striatus.t = 0.940964
lSGkMTSI.tree_id_0.Node2.t = 0
lSGkMTSI.tree_id_0.Tyto_alba.t = 0.290675
lSGkMTSI.tree_id_0.Node1.t = 0.00843429
lSGkMTSI.tree_id_0.Haliaeetus_leucocephalus.t = 0.0758576
lSGkMTSI.tree_id_0.Aquila_chrysaetos.t = 0.0721788
lSGkMTSI.tree_id_0.Node6.t = 0.218451
lSGkMTSI.tree_id_0.Taeniopygia_guttata.t = 1.35811
lSGkMTSI.tree_id_0.Falco_peregrinus.t = 0.0449578
lSGkMTSI.tree_id_0.Falco_tinnunculus.t = 0.0271085
lSGkMTSI.tree_id_0.Node11.t = 0.474037
lSGkMTSI.tree_id_0.Node9.t = 0.32194
Optimization finished in 39 loop passes.
4280 likelihood evaluation calls and 90162 matrix exponentiations calls were made

Variable 'eJGADBMQ.lSGkMTSI.likelihoodFunction' was not initialized prior to being used
Auto-benchmarked an optimal number (10) of threads.
Set GUI update interval to every 6-th LF evaluation.
Optimization settings:
	OPTIMIZATION_METHOD = 4
	OPTIMIZATION_PRECISION = 0.001
	MAXIMUM_ITERATIONS_PER_VARIABLE = 5000

Initial parameter values

busted.test.theta_GT = 0.159379
busted.test.theta_CT = 0.754391
busted.test.theta_AC = 0.245251
busted.test.theta_CG = 0.34969
busted.test.theta_AT = 0.122381
busted.background.omega3 = 1.68452
busted.background.omega1 = 0.141362
busted.background.bsrel_mixture_aux_1 = 0.710958
busted.background.omega2 = 0.364326
busted.background.bsrel_mixture_aux_0 = 0.756056
busted.test.bsrel_mixture_aux_0 = 0.608403
busted.test.omega1 = 0.678896
busted.test.omega2 = 1
busted.test.bsrel_mixture_aux_1 = 0.791921
lSGkMTSI.tree_id_0.Leptosomus_discolor.t = 0.253364
lSGkMTSI.tree_id_0.Colius_striatus.t = 0.712195
lSGkMTSI.tree_id_0.Node2.t = 0
lSGkMTSI.tree_id_0.Tyto_alba.t = 0.216693
lSGkMTSI.tree_id_0.Node1.t = 0.00939096
lSGkMTSI.tree_id_0.Haliaeetus_leucocephalus.t = 0.0545074
lSGkMTSI.tree_id_0.Aquila_chrysaetos.t = 0.0542966
lSGkMTSI.tree_id_0.Node6.t = 0.162985
lSGkMTSI.tree_id_0.Taeniopygia_guttata.t = 0.484405
lSGkMTSI.tree_id_0.Falco_peregrinus.t = 0.0333456
lSGkMTSI.tree_id_0.Falco_tinnunculus.t = 0.0198752
lSGkMTSI.tree_id_0.Node11.t = 0.188339
lSGkMTSI.tree_id_0.Node9.t = 0.0153249
Optimization finished in 20 loop passes.
1690 likelihood evaluation calls and 32079 matrix exponentiations calls were made

Variable 'USE_JSON_FOR_MATRIX' was not initialized prior to being used