
Loaded 'libv3/all-terms.bf' from /usr/local/lib/hyphy/TemplateBatchFiles/libv3/all-terms.bf
Loaded 'libv3/UtilityFunctions.bf' from /usr/local/lib/hyphy/TemplateBatchFiles/libv3/UtilityFunctions.bf
Loaded 'IOFunctions.bf' from /usr/local/lib/hyphy/TemplateBatchFiles/libv3/IOFunctions.bf
Already loaded 'libv3/UtilityFunctions.bf' from /usr/local/lib/hyphy/TemplateBatchFiles/libv3/UtilityFunctions.bf
Loaded 'convenience/regexp.bf' from /usr/local/lib/hyphy/TemplateBatchFiles/libv3/convenience/regexp.bf
Already loaded 'libv3/all-terms.bf' from /usr/local/lib/hyphy/TemplateBatchFiles/libv3/all-terms.bf
Already loaded 'libv3/IOFunctions.bf' from /usr/local/lib/hyphy/TemplateBatchFiles/libv3/IOFunctions.bf
Loaded 'libv3/models/codon/MG_REV.bf' from /usr/local/lib/hyphy/TemplateBatchFiles/libv3/models/codon/MG_REV.bf
Loaded '../codon.bf' from /usr/local/lib/hyphy/TemplateBatchFiles/libv3/models/codon.bf
Loaded '../tasks/genetic_code.bf' from /usr/local/lib/hyphy/TemplateBatchFiles/libv3/tasks/genetic_code.bf
Loaded 'libv3/convenience/matrix.bf' from /usr/local/lib/hyphy/TemplateBatchFiles/libv3/convenience/matrix.bf
Already loaded 'libv3/UtilityFunctions.bf' from /usr/local/lib/hyphy/TemplateBatchFiles/libv3/UtilityFunctions.bf
Already loaded 'libv3/all-terms.bf' from /usr/local/lib/hyphy/TemplateBatchFiles/libv3/all-terms.bf
Already loaded '../UtilityFunctions.bf' from /usr/local/lib/hyphy/TemplateBatchFiles/libv3/UtilityFunctions.bf
Loaded '../DNA.bf' from /usr/local/lib/hyphy/TemplateBatchFiles/libv3/models/DNA.bf
Loaded 'frequencies.bf' from /usr/local/lib/hyphy/TemplateBatchFiles/libv3/models/frequencies.bf
Already loaded '../all-terms.bf' from /usr/local/lib/hyphy/TemplateBatchFiles/libv3/all-terms.bf
Loaded 'parameters.bf' from /usr/local/lib/hyphy/TemplateBatchFiles/libv3/models/parameters.bf
Loaded 'GrabBag' from /usr/local/lib/hyphy/TemplateBatchFiles/Utility/GrabBag.bf
Overwritten previously defined function:'_sortStringsAux'
Already loaded 'libv3/all-terms.bf' from /usr/local/lib/hyphy/TemplateBatchFiles/libv3/all-terms.bf
Already loaded '../UtilityFunctions.bf' from /usr/local/lib/hyphy/TemplateBatchFiles/libv3/UtilityFunctions.bf
Loaded 'model_functions.bf' from /usr/local/lib/hyphy/TemplateBatchFiles/libv3/models/model_functions.bf
Already loaded 'DNA.bf' from /usr/local/lib/hyphy/TemplateBatchFiles/libv3/models/DNA.bf
Already loaded 'parameters.bf' from /usr/local/lib/hyphy/TemplateBatchFiles/libv3/models/parameters.bf
Already loaded 'frequencies.bf' from /usr/local/lib/hyphy/TemplateBatchFiles/libv3/models/frequencies.bf
Already loaded '../UtilityFunctions.bf' from /usr/local/lib/hyphy/TemplateBatchFiles/libv3/UtilityFunctions.bf
Already loaded '../convenience/regexp.bf' from /usr/local/lib/hyphy/TemplateBatchFiles/libv3/convenience/regexp.bf
Already loaded 'libv3/all-terms.bf' from /usr/local/lib/hyphy/TemplateBatchFiles/libv3/all-terms.bf
Already loaded '../parameters.bf' from /usr/local/lib/hyphy/TemplateBatchFiles/libv3/models/parameters.bf
Already loaded '../frequencies.bf' from /usr/local/lib/hyphy/TemplateBatchFiles/libv3/models/frequencies.bf
Already loaded '../../UtilityFunctions.bf' from /usr/local/lib/hyphy/TemplateBatchFiles/libv3/UtilityFunctions.bf
Loaded 'libv3/tasks/estimators.bf' from /usr/local/lib/hyphy/TemplateBatchFiles/libv3/tasks/estimators.bf
Already loaded '../models/model_functions.bf' from /usr/local/lib/hyphy/TemplateBatchFiles/libv3/models/model_functions.bf
Loaded '../models/DNA/GTR.bf' from /usr/local/lib/hyphy/TemplateBatchFiles/libv3/models/DNA/GTR.bf
Already loaded '../DNA.bf' from /usr/local/lib/hyphy/TemplateBatchFiles/libv3/models/DNA.bf
Already loaded '../parameters.bf' from /usr/local/lib/hyphy/TemplateBatchFiles/libv3/models/parameters.bf
Already loaded '../frequencies.bf' from /usr/local/lib/hyphy/TemplateBatchFiles/libv3/models/frequencies.bf
Already loaded '../../UtilityFunctions.bf' from /usr/local/lib/hyphy/TemplateBatchFiles/libv3/UtilityFunctions.bf
Already loaded 'libv3/all-terms.bf' from /usr/local/lib/hyphy/TemplateBatchFiles/libv3/all-terms.bf
Already loaded '../convenience/regexp.bf' from /usr/local/lib/hyphy/TemplateBatchFiles/libv3/convenience/regexp.bf
Already loaded 'libv3/all-terms.bf' from /usr/local/lib/hyphy/TemplateBatchFiles/libv3/all-terms.bf
Loaded 'libv3/tasks/alignments.bf' from /usr/local/lib/hyphy/TemplateBatchFiles/libv3/tasks/alignments.bf
Already loaded '../IOFunctions.bf' from /usr/local/lib/hyphy/TemplateBatchFiles/libv3/IOFunctions.bf
Already loaded '../all-terms.bf' from /usr/local/lib/hyphy/TemplateBatchFiles/libv3/all-terms.bf
Loaded 'libv3/tasks/mpi.bf' from /usr/local/lib/hyphy/TemplateBatchFiles/libv3/tasks/mpi.bf
Already loaded '../all-terms.bf' from /usr/local/lib/hyphy/TemplateBatchFiles/libv3/all-terms.bf
Already loaded '../models/parameters.bf' from /usr/local/lib/hyphy/TemplateBatchFiles/libv3/models/parameters.bf
Loaded 'libv3/tasks/trees.bf' from /usr/local/lib/hyphy/TemplateBatchFiles/libv3/tasks/trees.bf
Already loaded '../IOFunctions.bf' from /usr/local/lib/hyphy/TemplateBatchFiles/libv3/IOFunctions.bf
Already loaded '../all-terms.bf' from /usr/local/lib/hyphy/TemplateBatchFiles/libv3/all-terms.bf
Already loaded '../convenience/regexp.bf' from /usr/local/lib/hyphy/TemplateBatchFiles/libv3/convenience/regexp.bf
Already loaded '../UtilityFunctions.bf' from /usr/local/lib/hyphy/TemplateBatchFiles/libv3/UtilityFunctions.bf
Loaded 'TreeTools' from /usr/local/lib/hyphy/TemplateBatchFiles/TreeTools.ibf
Loaded 'modules/io_functions.ibf' from /usr/local/lib/hyphy/TemplateBatchFiles/SelectionAnalyses/modules/io_functions.ibf
Already loaded 'libv3/UtilityFunctions.bf' from /usr/local/lib/hyphy/TemplateBatchFiles/libv3/UtilityFunctions.bf
Already loaded 'libv3/IOFunctions.bf' from /usr/local/lib/hyphy/TemplateBatchFiles/libv3/IOFunctions.bf
Already loaded 'libv3/convenience/regexp.bf' from /usr/local/lib/hyphy/TemplateBatchFiles/libv3/convenience/regexp.bf
Already loaded 'libv3/all-terms.bf' from /usr/local/lib/hyphy/TemplateBatchFiles/libv3/all-terms.bf
Loaded 'modules/selection_lib.ibf' from /usr/local/lib/hyphy/TemplateBatchFiles/SelectionAnalyses/modules/selection_lib.ibf
Loaded 'libv3/models/codon/BS_REL.bf' from /usr/local/lib/hyphy/TemplateBatchFiles/libv3/models/codon/BS_REL.bf
Already loaded '../codon.bf' from /usr/local/lib/hyphy/TemplateBatchFiles/libv3/models/codon.bf
Already loaded '../DNA.bf' from /usr/local/lib/hyphy/TemplateBatchFiles/libv3/models/DNA.bf
Already loaded '../parameters.bf' from /usr/local/lib/hyphy/TemplateBatchFiles/libv3/models/parameters.bf
Already loaded '../frequencies.bf' from /usr/local/lib/hyphy/TemplateBatchFiles/libv3/models/frequencies.bf
Already loaded '../../UtilityFunctions.bf' from /usr/local/lib/hyphy/TemplateBatchFiles/libv3/UtilityFunctions.bf
Already loaded 'MG_REV.bf' from /usr/local/lib/hyphy/TemplateBatchFiles/libv3/models/codon/MG_REV.bf
Loaded '../../convenience/math.bf' from /usr/local/lib/hyphy/TemplateBatchFiles/libv3/convenience/math.bf
Already loaded 'libv3/UtilityFunctions.bf' from /usr/local/lib/hyphy/TemplateBatchFiles/libv3/UtilityFunctions.bf
Already loaded 'libv3/convenience/math.bf' from /usr/local/lib/hyphy/TemplateBatchFiles/libv3/convenience/math.bf
Variable 'NORMALIZE_SEQUENCE_NAMES' was not initialized prior to being used
Variable 'ASSUME_REVERSIBLE_MODELS' was not initialized prior to being used
Loaded 'modules/shared-load-file.bf' from /usr/local/lib/hyphy/TemplateBatchFiles/SelectionAnalyses/modules/shared-load-file.bf
Variable 'MARKDOWN_OUTPUT' was not initialized prior to being used
Already loaded 'libv3/convenience/matrix.bf' from /usr/local/lib/hyphy/TemplateBatchFiles/libv3/convenience/matrix.bf
Already loaded 'libv3/UtilityFunctions.bf' from /usr/local/lib/hyphy/TemplateBatchFiles/libv3/UtilityFunctions.bf
Variable 'rTPScsXz.skipCodeSelectionStep' was not initialized prior to being used
Row and/or column partition is empty. All the data will be used by default.
Variable 'NEXUS_FILE_TREE_MATRIX' was not initialized prior to being used
Variable 'utility.ToggleEnvVariable.cache' was not initialized prior to being used
Variable 'TREE_NODE_NAME_MAPPING' was not initialized prior to being used
Variable 'abjYirAg.PROMPT_FOR_FILE' was not initialized prior to being used
Variable 'END_OF_FILE' was not initialized prior to being used
Variable '_DO_TREE_REBALANCE_' was not initialized prior to being used
Variable '_KEEP_I_LABELS_' was not initialized prior to being used
Variable 'INCLUDE_MODEL_SPECS' was not initialized prior to being used
Variable 'utility.ForEachPair.warn_non_rentrant' was not initialized prior to being used
Row and/or column partition is empty. All the data will be used by default.
Row and/or column partition is empty. All the data will be used by default.
Variable 'VjgK_bNq.cache' was not initialized prior to being used
Row and/or column partition is empty. All the data will be used by default.
Variable 'COUNT_GAPS_IN_FREQUENCIES' was not initialized prior to being used
Variable 'zmiiEEed.model_pi' was not initialized prior to being used
Model zmiiEEed.model assigned to Leptosomus_discolor
Model zmiiEEed.model assigned to Colius_striatus
Model zmiiEEed.model assigned to Node2
Model zmiiEEed.model assigned to Tyto_alba
Model zmiiEEed.model assigned to Node1
Model zmiiEEed.model assigned to Haliaeetus_leucocephalus
Model zmiiEEed.model assigned to Aquila_chrysaetos
Model zmiiEEed.model assigned to Node6
Model zmiiEEed.model assigned to Lonchura_striata
Model zmiiEEed.model assigned to Falco_peregrinus
Model zmiiEEed.model assigned to Falco_tinnunculus
Model zmiiEEed.model assigned to Node11
Model zmiiEEed.model assigned to Node9
The tips of the tree:zmiiEEed.tree_0 were matched with the species names from the data in the following numeric order (0-based) {1,5,4,3,2,0,6,7}

Pseudo-optimal path's cost 959 vs 1669 for 1..k=> a 1.74035 x improvement
Partition 0 is ASSUMED to have a reversible model
Variable 'USE_LAST_RESULTS' was not initialized prior to being used
Variable 'zmiiEEed.tree_0.Leptosomus_discolor.t' was not initialized prior to being used
models.generic.SetBranchLength: zmiiEEed.tree_0.Leptosomus_discolor.t=180.2237693363249
Variable 'zmiiEEed.tree_0.Colius_striatus.t' was not initialized prior to being used
models.generic.SetBranchLength: zmiiEEed.tree_0.Colius_striatus.t=180.2237693363249
Variable 'zmiiEEed.tree_0.Node2.t' was not initialized prior to being used
models.generic.SetBranchLength: zmiiEEed.tree_0.Node2.t=7.026051462545084
Variable 'zmiiEEed.tree_0.Tyto_alba.t' was not initialized prior to being used
models.generic.SetBranchLength: zmiiEEed.tree_0.Tyto_alba.t=184.9837177504615
Variable 'zmiiEEed.tree_0.Node1.t' was not initialized prior to being used
models.generic.SetBranchLength: zmiiEEed.tree_0.Node1.t=5.296806699435784
Variable 'zmiiEEed.tree_0.Haliaeetus_leucocephalus.t' was not initialized prior to being used
models.generic.SetBranchLength: zmiiEEed.tree_0.Haliaeetus_leucocephalus.t=77.83592025983789
Variable 'zmiiEEed.tree_0.Aquila_chrysaetos.t' was not initialized prior to being used
models.generic.SetBranchLength: zmiiEEed.tree_0.Aquila_chrysaetos.t=77.83592025983789
Variable 'zmiiEEed.tree_0.Node6.t' was not initialized prior to being used
models.generic.SetBranchLength: zmiiEEed.tree_0.Node6.t=114.7107072384678
Variable 'zmiiEEed.tree_0.Lonchura_striata.t' was not initialized prior to being used
models.generic.SetBranchLength: zmiiEEed.tree_0.Lonchura_striata.t=180.5932593031807
Variable 'zmiiEEed.tree_0.Falco_peregrinus.t' was not initialized prior to being used
models.generic.SetBranchLength: zmiiEEed.tree_0.Falco_peregrinus.t=19.03301251899163
Variable 'zmiiEEed.tree_0.Falco_tinnunculus.t' was not initialized prior to being used
models.generic.SetBranchLength: zmiiEEed.tree_0.Falco_tinnunculus.t=19.03301251899163
Variable 'zmiiEEed.tree_0.Node11.t' was not initialized prior to being used
models.generic.SetBranchLength: zmiiEEed.tree_0.Node11.t=161.5602467841891
Variable 'zmiiEEed.tree_0.Node9.t' was not initialized prior to being used
models.generic.SetBranchLength: zmiiEEed.tree_0.Node9.t=11.95336819512505
Variable 'zmiiEEed.zmiiEEed.likelihoodFunction' was not initialized prior to being used
Variable 'SAVE_OPT_STATUS_TO' was not initialized prior to being used
Auto-benchmarked an optimal number (1) of threads.
Set GUI update interval to every 3401-th LF evaluation.
Optimization settings:
	OPTIMIZATION_METHOD = 4
	OPTIMIZATION_PRECISION = 0.001
	MAXIMUM_ITERATIONS_PER_VARIABLE = 5000

Initial parameter values

zmiiEEed.model.theta_GT = 0.25
zmiiEEed.model.theta_CT = 1
zmiiEEed.model.theta_AC = 0.25
zmiiEEed.model.theta_CG = 0.25
zmiiEEed.model.theta_AT = 0.25
zmiiEEed.tree_0.Leptosomus_discolor.t = 180.224
zmiiEEed.tree_0.Colius_striatus.t = 180.224
zmiiEEed.tree_0.Node2.t = 7.02605
zmiiEEed.tree_0.Tyto_alba.t = 184.984
zmiiEEed.tree_0.Node1.t = 5.29681
zmiiEEed.tree_0.Haliaeetus_leucocephalus.t = 77.8359
zmiiEEed.tree_0.Aquila_chrysaetos.t = 77.8359
zmiiEEed.tree_0.Node6.t = 114.711
zmiiEEed.tree_0.Lonchura_striata.t = 180.593
zmiiEEed.tree_0.Falco_peregrinus.t = 19.033
zmiiEEed.tree_0.Falco_tinnunculus.t = 19.033
zmiiEEed.tree_0.Node11.t = 161.56
zmiiEEed.tree_0.Node9.t = 11.9534
Optimization finished in 27 loop passes.
1824 likelihood evaluation calls and 10407 matrix exponentiations calls were made

Variable 'BRANCH_LENGTH_STENCIL' was not initialized prior to being used
Variable 'zmiiEEed.option' was not initialized prior to being used
Variable 'absrel.terms.json.nucleotide_gtr' was not initialized prior to being used
Variable 'Unknown' was not initialized prior to being used
Variable 'fFsvwZEo.initial_value' was not initialized prior to being used
Variable 'NnlAjawv.data_filter' was not initialized prior to being used
Row and/or column partition is empty. All the data will be used by default.
Auto-benchmarked an optimal number (2) of threads.
Set GUI update interval to every 2617-th LF evaluation.
Optimization settings:
	OPTIMIZATION_METHOD = 4
	OPTIMIZATION_PRECISION = 0.001
	MAXIMUM_ITERATIONS_PER_VARIABLE = 5000

Initial parameter values

frequencies._aux.CF3x4.p0_0 = 0.34944
frequencies._aux.CF3x4.p0_1 = 0.26211
frequencies._aux.CF3x4.p0_2 = 0.489424
frequencies._aux.CF3x4.p1_0 = 0.257003
frequencies._aux.CF3x4.p1_1 = 0.309614
frequencies._aux.CF3x4.p1_2 = 0.270307
frequencies._aux.CF3x4.p2_0 = 0.256303
frequencies._aux.CF3x4.p2_1 = 0.316384
frequencies._aux.CF3x4.p2_2 = 0.389118
Optimization finished in 4 loop passes.
163 likelihood evaluation calls and 0 matrix exponentiations calls were made

Variable 'NnlAjawv.model_MGREV_pi' was not initialized prior to being used
Model NnlAjawv.model_MGREV assigned to Leptosomus_discolor
Model NnlAjawv.model_MGREV assigned to Colius_striatus
Model NnlAjawv.model_MGREV assigned to Node2
Model NnlAjawv.model_MGREV assigned to Tyto_alba
Model NnlAjawv.model_MGREV assigned to Node1
Model NnlAjawv.model_MGREV assigned to Haliaeetus_leucocephalus
Model NnlAjawv.model_MGREV assigned to Aquila_chrysaetos
Model NnlAjawv.model_MGREV assigned to Node6
Model NnlAjawv.model_MGREV assigned to Lonchura_striata
Model NnlAjawv.model_MGREV assigned to Falco_peregrinus
Model NnlAjawv.model_MGREV assigned to Falco_tinnunculus
Model NnlAjawv.model_MGREV assigned to Node11
Model NnlAjawv.model_MGREV assigned to Node9
The tips of the tree:NnlAjawv.tree_0 were matched with the species names from the data in the following numeric order (0-based) {1,5,4,3,2,0,6,7}

Pseudo-optimal path's cost 2323 vs 3283 for 1..k=> a 1.41326 x improvement
Partition 0 is ASSUMED to have a reversible model
Variable 'NnlAjawv.NnlAjawv.likelihoodFunction' was not initialized prior to being used
Variable 'NnlAjawv.tree_0.Leptosomus_discolor.alpha' was not initialized prior to being used
Variable 'NnlAjawv.tree_0.Leptosomus_discolor.beta' was not initialized prior to being used
Variable 'NnlAjawv.tree_0.Colius_striatus.alpha' was not initialized prior to being used
Variable 'NnlAjawv.tree_0.Colius_striatus.beta' was not initialized prior to being used
Variable 'NnlAjawv.tree_0.Tyto_alba.alpha' was not initialized prior to being used
Variable 'NnlAjawv.tree_0.Tyto_alba.beta' was not initialized prior to being used
Variable 'NnlAjawv.tree_0.Haliaeetus_leucocephalus.alpha' was not initialized prior to being used
Variable 'NnlAjawv.tree_0.Haliaeetus_leucocephalus.beta' was not initialized prior to being used
Variable 'NnlAjawv.tree_0.Aquila_chrysaetos.alpha' was not initialized prior to being used
Variable 'NnlAjawv.tree_0.Aquila_chrysaetos.beta' was not initialized prior to being used
Variable 'NnlAjawv.tree_0.Lonchura_striata.alpha' was not initialized prior to being used
Variable 'NnlAjawv.tree_0.Lonchura_striata.beta' was not initialized prior to being used
Variable 'NnlAjawv.tree_0.Falco_peregrinus.alpha' was not initialized prior to being used
Variable 'NnlAjawv.tree_0.Falco_peregrinus.beta' was not initialized prior to being used
Variable 'NnlAjawv.tree_0.Falco_tinnunculus.alpha' was not initialized prior to being used
Variable 'NnlAjawv.tree_0.Falco_tinnunculus.beta' was not initialized prior to being used
Variable 'NnlAjawv.tree_0.Node2.alpha' was not initialized prior to being used
Variable 'NnlAjawv.tree_0.Node2.beta' was not initialized prior to being used
Variable 'NnlAjawv.tree_0.Node1.alpha' was not initialized prior to being used
Variable 'NnlAjawv.tree_0.Node1.beta' was not initialized prior to being used
Variable 'NnlAjawv.tree_0.Node6.alpha' was not initialized prior to being used
Variable 'NnlAjawv.tree_0.Node6.beta' was not initialized prior to being used
Variable 'NnlAjawv.tree_0.Node11.alpha' was not initialized prior to being used
Variable 'NnlAjawv.tree_0.Node11.beta' was not initialized prior to being used
Variable 'NnlAjawv.tree_0.Node9.alpha' was not initialized prior to being used
Variable 'NnlAjawv.tree_0.Node9.beta' was not initialized prior to being used
Site 22 evaluated to a 0 probability in ComputeTreeBlockByBranch
Site 22 evaluated to a 0 probability in ComputeTreeBlockByBranch
Site 234 evaluated to a 0 probability in ComputeTreeBlockByBranch
Site 113 evaluated to a 0 probability in ComputeTreeBlockByBranch
Site 22 evaluated to a 0 probability in ComputeTreeBlockByBranch
Site 259 evaluated to a 0 probability in ComputeTreeBlockByBranch
Auto-benchmarked an optimal number (2) of threads.
Set GUI update interval to every 59-th LF evaluation.
Initial guess for NnlAjawv.tree_0.Node2.beta is -0.000636902
Initial guess for NnlAjawv.tree_0.Node2.alpha is -0.00041435
Initial guess for NnlAjawv.tree_0.Leptosomus_discolor.beta is 0.0260453
Initial guess for NnlAjawv.tree_0.Leptosomus_discolor.alpha is 0.00702543
Initial guess for NnlAjawv.tree_0.Colius_striatus.beta is 0.0618283
Initial guess for NnlAjawv.tree_0.Colius_striatus.alpha is 0.0317943
Initial guess for NnlAjawv.tree_0.Tyto_alba.beta is 0.0184962
Initial guess for NnlAjawv.tree_0.Tyto_alba.alpha is 0.0096203
Initial guess for NnlAjawv.tree_0.Node6.beta is -0.00316414
Initial guess for NnlAjawv.tree_0.Node6.alpha is -3.63651e-05
Initial guess for NnlAjawv.tree_0.Haliaeetus_leucocephalus.beta is 0.00648185
Initial guess for NnlAjawv.tree_0.Haliaeetus_leucocephalus.alpha is 0.000767929
Initial guess for NnlAjawv.tree_0.Aquila_chrysaetos.beta is 0.00681658
Initial guess for NnlAjawv.tree_0.Aquila_chrysaetos.alpha is 0.00110299
Initial guess for NnlAjawv.tree_0.Node9.beta is 0.0165678
Initial guess for NnlAjawv.tree_0.Node9.alpha is 0.00477715
Initial guess for NnlAjawv.tree_0.Lonchura_striata.beta is 0.0981972
Initial guess for NnlAjawv.tree_0.Lonchura_striata.alpha is 0.0551292
Initial guess for NnlAjawv.tree_0.Node11.beta is 0.00775113
Initial guess for NnlAjawv.tree_0.Node11.alpha is 0.000397674
Initial guess for NnlAjawv.tree_0.Falco_peregrinus.beta is 0.0034563
Initial guess for NnlAjawv.tree_0.Falco_peregrinus.alpha is 0.00110333
Initial guess for NnlAjawv.tree_0.Falco_tinnunculus.beta is 0.00218868
Initial guess for NnlAjawv.tree_0.Falco_tinnunculus.alpha is 0.000767591
Optimization settings:
	OPTIMIZATION_METHOD = 4
	OPTIMIZATION_PRECISION = 0.001
	MAXIMUM_ITERATIONS_PER_VARIABLE = 5000

Initial parameter values

NnlAjawv.model_MGREV.theta_GT = 1
NnlAjawv.model_MGREV.theta_CT = 1
NnlAjawv.model_MGREV.theta_AC = 1
NnlAjawv.model_MGREV.theta_CG = 1
NnlAjawv.model_MGREV.theta_AT = 1
NnlAjawv.tree_0.Leptosomus_discolor.alpha = 0.00702543
NnlAjawv.tree_0.Leptosomus_discolor.beta = 0.0260453
NnlAjawv.tree_0.Colius_striatus.alpha = 0.0317943
NnlAjawv.tree_0.Colius_striatus.beta = 0.0618283
NnlAjawv.tree_0.Node2.alpha = 0
NnlAjawv.tree_0.Node2.beta = 0
NnlAjawv.tree_0.Tyto_alba.alpha = 0.0096203
NnlAjawv.tree_0.Tyto_alba.beta = 0.0184962
NnlAjawv.tree_0.Node1.alpha = 0.1
NnlAjawv.tree_0.Node1.beta = 0.1
NnlAjawv.tree_0.Haliaeetus_leucocephalus.alpha = 0.000767929
NnlAjawv.tree_0.Haliaeetus_leucocephalus.beta = 0.00648185
NnlAjawv.tree_0.Aquila_chrysaetos.alpha = 0.00110299
NnlAjawv.tree_0.Aquila_chrysaetos.beta = 0.00681658
NnlAjawv.tree_0.Node6.alpha = 0
NnlAjawv.tree_0.Node6.beta = 0
NnlAjawv.tree_0.Lonchura_striata.alpha = 0.0551292
NnlAjawv.tree_0.Lonchura_striata.beta = 0.0981972
NnlAjawv.tree_0.Falco_peregrinus.alpha = 0.00110333
NnlAjawv.tree_0.Falco_peregrinus.beta = 0.0034563
NnlAjawv.tree_0.Falco_tinnunculus.alpha = 0.000767591
NnlAjawv.tree_0.Falco_tinnunculus.beta = 0.00218868
NnlAjawv.tree_0.Node11.alpha = 0.000397674
NnlAjawv.tree_0.Node11.beta = 0.00775113
NnlAjawv.tree_0.Node9.alpha = 0.00477715
NnlAjawv.tree_0.Node9.beta = 0.0165678
Optimization finished in 20 loop passes.
3063 likelihood evaluation calls and 11259 matrix exponentiations calls were made

Variable 'bsrel_mixture_aux_0' was not initialized prior to being used
Overwritten previously defined function:'Oy_pWQmH.rate_generator'
Auto-benchmarked an optimal number (1) of threads.
Set GUI update interval to every 2976-th LF evaluation.
Optimization settings:
	OPTIMIZATION_METHOD = 4
	OPTIMIZATION_PRECISION = 0.001
	MAXIMUM_ITERATIONS_PER_VARIABLE = 5000

Initial parameter values

frequencies._aux.CF3x4.p0_0 = 0.34944
frequencies._aux.CF3x4.p0_1 = 0.26211
frequencies._aux.CF3x4.p0_2 = 0.489424
frequencies._aux.CF3x4.p1_0 = 0.257003
frequencies._aux.CF3x4.p1_1 = 0.309614
frequencies._aux.CF3x4.p1_2 = 0.270307
frequencies._aux.CF3x4.p2_0 = 0.256303
frequencies._aux.CF3x4.p2_1 = 0.316384
frequencies._aux.CF3x4.p2_2 = 0.389118
Optimization finished in 4 loop passes.
162 likelihood evaluation calls and 0 matrix exponentiations calls were made

Variable 'absrel.model.2_pi' was not initialized prior to being used
Variable 'omega1' was not initialized prior to being used
Variable 'omega2' was not initialized prior to being used
Overwritten previously defined function:'Oy_pWQmH.rate_generator'
Overwritten previously defined function:'Oy_pWQmH.rate_generator'
Variable 'bsrel_mixture_aux_1' was not initialized prior to being used
Overwritten previously defined function:'Oy_pWQmH.rate_generator'
Auto-benchmarked an optimal number (2) of threads.
Set GUI update interval to every 2659-th LF evaluation.
Optimization settings:
	OPTIMIZATION_METHOD = 4
	OPTIMIZATION_PRECISION = 0.001
	MAXIMUM_ITERATIONS_PER_VARIABLE = 5000

Initial parameter values

frequencies._aux.CF3x4.p0_0 = 0.34944
frequencies._aux.CF3x4.p0_1 = 0.26211
frequencies._aux.CF3x4.p0_2 = 0.489424
frequencies._aux.CF3x4.p1_0 = 0.257003
frequencies._aux.CF3x4.p1_1 = 0.309614
frequencies._aux.CF3x4.p1_2 = 0.270307
frequencies._aux.CF3x4.p2_0 = 0.256303
frequencies._aux.CF3x4.p2_1 = 0.316384
frequencies._aux.CF3x4.p2_2 = 0.389118
Optimization finished in 4 loop passes.
163 likelihood evaluation calls and 0 matrix exponentiations calls were made

Variable 'absrel.model.3_pi' was not initialized prior to being used
Variable 'omega3' was not initialized prior to being used
Overwritten previously defined function:'Oy_pWQmH.rate_generator'
Overwritten previously defined function:'Oy_pWQmH.rate_generator'
Overwritten previously defined function:'Oy_pWQmH.rate_generator'
Variable 'bsrel_mixture_aux_2' was not initialized prior to being used
Overwritten previously defined function:'Oy_pWQmH.rate_generator'
Auto-benchmarked an optimal number (3) of threads.
Set GUI update interval to every 3205-th LF evaluation.
Optimization settings:
	OPTIMIZATION_METHOD = 4
	OPTIMIZATION_PRECISION = 0.001
	MAXIMUM_ITERATIONS_PER_VARIABLE = 5000

Initial parameter values

frequencies._aux.CF3x4.p0_0 = 0.34944
frequencies._aux.CF3x4.p0_1 = 0.26211
frequencies._aux.CF3x4.p0_2 = 0.489424
frequencies._aux.CF3x4.p1_0 = 0.257003
frequencies._aux.CF3x4.p1_1 = 0.309614
frequencies._aux.CF3x4.p1_2 = 0.270307
frequencies._aux.CF3x4.p2_0 = 0.256303
frequencies._aux.CF3x4.p2_1 = 0.316384
frequencies._aux.CF3x4.p2_2 = 0.389118
Optimization finished in 4 loop passes.
164 likelihood evaluation calls and 0 matrix exponentiations calls were made

Variable 'absrel.model.4_pi' was not initialized prior to being used
Variable 'omega4' was not initialized prior to being used
Overwritten previously defined function:'Oy_pWQmH.rate_generator'
Overwritten previously defined function:'Oy_pWQmH.rate_generator'
Overwritten previously defined function:'Oy_pWQmH.rate_generator'
Overwritten previously defined function:'Oy_pWQmH.rate_generator'
Variable 'bsrel_mixture_aux_3' was not initialized prior to being used
Overwritten previously defined function:'Oy_pWQmH.rate_generator'
Auto-benchmarked an optimal number (2) of threads.
Set GUI update interval to every 2906-th LF evaluation.
Optimization settings:
	OPTIMIZATION_METHOD = 4
	OPTIMIZATION_PRECISION = 0.001
	MAXIMUM_ITERATIONS_PER_VARIABLE = 5000

Initial parameter values

frequencies._aux.CF3x4.p0_0 = 0.34944
frequencies._aux.CF3x4.p0_1 = 0.26211
frequencies._aux.CF3x4.p0_2 = 0.489424
frequencies._aux.CF3x4.p1_0 = 0.257003
frequencies._aux.CF3x4.p1_1 = 0.309614
frequencies._aux.CF3x4.p1_2 = 0.270307
frequencies._aux.CF3x4.p2_0 = 0.256303
frequencies._aux.CF3x4.p2_1 = 0.316384
frequencies._aux.CF3x4.p2_2 = 0.389118
Optimization finished in 4 loop passes.
163 likelihood evaluation calls and 0 matrix exponentiations calls were made

Variable 'absrel.model.5_pi' was not initialized prior to being used
Variable 'omega5' was not initialized prior to being used
The tips of the tree:NnlAjawv.tree_0 were matched with the species names from the data in the following numeric order (0-based) {1,5,4,3,2,0,6,7}

Pseudo-optimal path's cost 2323 vs 3283 for 1..k=> a 1.41326 x improvement
Variable 'wSFOPHkz.best_val' was not initialized prior to being used
Variable 'NnlAjawv.likelihoodFunction' was not initialized prior to being used
Auto-benchmarked an optimal number (2) of threads.
Set GUI update interval to every 30-th LF evaluation.
Optimization settings:
	OPTIMIZATION_METHOD = 4
	OPTIMIZATION_PRECISION = 0.001
	MAXIMUM_ITERATIONS_PER_VARIABLE = 5000

Initial parameter values

NnlAjawv.tree_0.Lonchura_striata.alpha = 0.529608
NnlAjawv.tree_0.Lonchura_striata.bsrel_mixture_aux_0 = 0.9
NnlAjawv.tree_0.Lonchura_striata.omega1 = 0.6
NnlAjawv.tree_0.Lonchura_striata.omega2 = 9
NnlAjawv.tree_0.Lonchura_striata.beta = 0.497216
Optimization finished in 5 loop passes.
208 likelihood evaluation calls and 388 matrix exponentiations calls were made

The tips of the tree:NnlAjawv.tree_0 were matched with the species names from the data in the following numeric order (0-based) {1,5,4,3,2,0,6,7}

Pseudo-optimal path's cost 2323 vs 3283 for 1..k=> a 1.41326 x improvement
Auto-benchmarked an optimal number (4) of threads.
Set GUI update interval to every 20-th LF evaluation.
Optimization settings:
	OPTIMIZATION_METHOD = 4
	OPTIMIZATION_PRECISION = 0.001
	MAXIMUM_ITERATIONS_PER_VARIABLE = 5000

Initial parameter values

NnlAjawv.tree_0.Lonchura_striata.bsrel_mixture_aux_1 = 0.5
NnlAjawv.tree_0.Lonchura_striata.omega1 = 0.602516
NnlAjawv.tree_0.Lonchura_striata.bsrel_mixture_aux_0 = 0.891183
NnlAjawv.tree_0.Lonchura_striata.alpha = 0.482176
NnlAjawv.tree_0.Lonchura_striata.omega2 = 0.8
NnlAjawv.tree_0.Lonchura_striata.omega3 = 9
Optimization finished in 15 loop passes.
355 likelihood evaluation calls and 1053 matrix exponentiations calls were made

The tips of the tree:NnlAjawv.tree_0 were matched with the species names from the data in the following numeric order (0-based) {1,5,4,3,2,0,6,7}

Pseudo-optimal path's cost 2323 vs 3283 for 1..k=> a 1.41326 x improvement
Variable 'NnlAjawv.tree_0.Lonchura_striata.alpha' was not initialized prior to being used
Variable 'NnlAjawv.tree_0.Lonchura_striata.omega1' was not initialized prior to being used
Variable 'NnlAjawv.tree_0.Lonchura_striata.omega2' was not initialized prior to being used
The tips of the tree:NnlAjawv.tree_0 were matched with the species names from the data in the following numeric order (0-based) {1,5,4,3,2,0,6,7}

Pseudo-optimal path's cost 2323 vs 3283 for 1..k=> a 1.41326 x improvement
Auto-benchmarked an optimal number (2) of threads.
Set GUI update interval to every 29-th LF evaluation.
Optimization settings:
	OPTIMIZATION_METHOD = 4
	OPTIMIZATION_PRECISION = 0.001
	MAXIMUM_ITERATIONS_PER_VARIABLE = 5000

Initial parameter values

NnlAjawv.tree_0.Colius_striatus.alpha = 0.760438
NnlAjawv.tree_0.Colius_striatus.bsrel_mixture_aux_0 = 0.75
NnlAjawv.tree_0.Colius_striatus.omega1 = 0
NnlAjawv.tree_0.Colius_striatus.omega2 = 1
NnlAjawv.tree_0.Colius_striatus.beta = 0.155972
Optimization finished in 12 loop passes.
202 likelihood evaluation calls and 397 matrix exponentiations calls were made

The tips of the tree:NnlAjawv.tree_0 were matched with the species names from the data in the following numeric order (0-based) {1,5,4,3,2,0,6,7}

Pseudo-optimal path's cost 2323 vs 3283 for 1..k=> a 1.41326 x improvement
The tips of the tree:NnlAjawv.tree_0 were matched with the species names from the data in the following numeric order (0-based) {1,5,4,3,2,0,6,7}

Pseudo-optimal path's cost 2323 vs 3283 for 1..k=> a 1.41326 x improvement
Auto-benchmarked an optimal number (2) of threads.
Set GUI update interval to every 187-th LF evaluation.
Optimization settings:
	OPTIMIZATION_METHOD = 4
	OPTIMIZATION_PRECISION = 0.001
	MAXIMUM_ITERATIONS_PER_VARIABLE = 5000

Initial parameter values

NnlAjawv.tree_0.Leptosomus_discolor.alpha = 0.246909
NnlAjawv.tree_0.Leptosomus_discolor.bsrel_mixture_aux_0 = 0.9
NnlAjawv.tree_0.Leptosomus_discolor.beta = 0.0615832
NnlAjawv.tree_0.Leptosomus_discolor.omega1 = 0.2
NnlAjawv.tree_0.Leptosomus_discolor.omega2 = 0.75
Optimization finished in 16 loop passes.
405 likelihood evaluation calls and 795 matrix exponentiations calls were made

The tips of the tree:NnlAjawv.tree_0 were matched with the species names from the data in the following numeric order (0-based) {1,5,4,3,2,0,6,7}

Pseudo-optimal path's cost 2323 vs 3283 for 1..k=> a 1.41326 x improvement
The tips of the tree:NnlAjawv.tree_0 were matched with the species names from the data in the following numeric order (0-based) {1,5,4,3,2,0,6,7}

Pseudo-optimal path's cost 2323 vs 3283 for 1..k=> a 1.41326 x improvement
Auto-benchmarked an optimal number (5) of threads.
Set GUI update interval to every 57-th LF evaluation.
Optimization settings:
	OPTIMIZATION_METHOD = 4
	OPTIMIZATION_PRECISION = 0.001
	MAXIMUM_ITERATIONS_PER_VARIABLE = 5000

Initial parameter values

NnlAjawv.tree_0.Tyto_alba.beta = 0.052688
NnlAjawv.tree_0.Tyto_alba.omega1 = 0.2
NnlAjawv.tree_0.Tyto_alba.omega2 = 0.25
NnlAjawv.tree_0.Tyto_alba.alpha = 0.244757
NnlAjawv.tree_0.Tyto_alba.bsrel_mixture_aux_0 = 0.75
Optimization finished in 3 loop passes.
134 likelihood evaluation calls and 239 matrix exponentiations calls were made

The tips of the tree:NnlAjawv.tree_0 were matched with the species names from the data in the following numeric order (0-based) {1,5,4,3,2,0,6,7}

Pseudo-optimal path's cost 2323 vs 3283 for 1..k=> a 1.41326 x improvement
The tips of the tree:NnlAjawv.tree_0 were matched with the species names from the data in the following numeric order (0-based) {1,5,4,3,2,0,6,7}

Pseudo-optimal path's cost 2323 vs 3283 for 1..k=> a 1.41326 x improvement
Auto-benchmarked an optimal number (2) of threads.
Set GUI update interval to every 202-th LF evaluation.
Optimization settings:
	OPTIMIZATION_METHOD = 4
	OPTIMIZATION_PRECISION = 0.001
	MAXIMUM_ITERATIONS_PER_VARIABLE = 5000

Initial parameter values

NnlAjawv.tree_0.Node11.omega2 = 2
NnlAjawv.tree_0.Node11.beta = 0.0727646
NnlAjawv.tree_0.Node11.omega1 = 0.2
NnlAjawv.tree_0.Node11.alpha = 0.108075
NnlAjawv.tree_0.Node11.bsrel_mixture_aux_0 = 0.75
Optimization finished in 20 loop passes.
428 likelihood evaluation calls and 843 matrix exponentiations calls were made

The tips of the tree:NnlAjawv.tree_0 were matched with the species names from the data in the following numeric order (0-based) {1,5,4,3,2,0,6,7}

Pseudo-optimal path's cost 2323 vs 3283 for 1..k=> a 1.41326 x improvement
The tips of the tree:NnlAjawv.tree_0 were matched with the species names from the data in the following numeric order (0-based) {1,5,4,3,2,0,6,7}

Pseudo-optimal path's cost 2323 vs 3283 for 1..k=> a 1.41326 x improvement
Auto-benchmarked an optimal number (2) of threads.
Set GUI update interval to every 21-th LF evaluation.
Optimization settings:
	OPTIMIZATION_METHOD = 4
	OPTIMIZATION_PRECISION = 0.001
	MAXIMUM_ITERATIONS_PER_VARIABLE = 5000

Initial parameter values

NnlAjawv.tree_0.Node6.omega2 = 0.25
NnlAjawv.tree_0.Node6.alpha = 0.182629
NnlAjawv.tree_0.Node6.bsrel_mixture_aux_0 = 0.5
NnlAjawv.tree_0.Node6.beta = 0.040752
NnlAjawv.tree_0.Node6.omega1 = 0.2
Optimization finished in 3 loop passes.
132 likelihood evaluation calls and 257 matrix exponentiations calls were made

The tips of the tree:NnlAjawv.tree_0 were matched with the species names from the data in the following numeric order (0-based) {1,5,4,3,2,0,6,7}

Pseudo-optimal path's cost 2323 vs 3283 for 1..k=> a 1.41326 x improvement
The tips of the tree:NnlAjawv.tree_0 were matched with the species names from the data in the following numeric order (0-based) {1,5,4,3,2,0,6,7}

Pseudo-optimal path's cost 2323 vs 3283 for 1..k=> a 1.41326 x improvement
Auto-benchmarked an optimal number (5) of threads.
Set GUI update interval to every 25-th LF evaluation.
Optimization settings:
	OPTIMIZATION_METHOD = 4
	OPTIMIZATION_PRECISION = 0.001
	MAXIMUM_ITERATIONS_PER_VARIABLE = 5000

Initial parameter values

NnlAjawv.tree_0.Haliaeetus_leucocephalus.alpha = 0.0530686
NnlAjawv.tree_0.Haliaeetus_leucocephalus.bsrel_mixture_aux_0 = 0.75
NnlAjawv.tree_0.Haliaeetus_leucocephalus.beta = 0.0145507
NnlAjawv.tree_0.Haliaeetus_leucocephalus.omega1 = 0.2
NnlAjawv.tree_0.Haliaeetus_leucocephalus.omega2 = 0.5
Optimization finished in 3 loop passes.
125 likelihood evaluation calls and 239 matrix exponentiations calls were made

The tips of the tree:NnlAjawv.tree_0 were matched with the species names from the data in the following numeric order (0-based) {1,5,4,3,2,0,6,7}

Pseudo-optimal path's cost 2323 vs 3283 for 1..k=> a 1.41326 x improvement
The tips of the tree:NnlAjawv.tree_0 were matched with the species names from the data in the following numeric order (0-based) {1,5,4,3,2,0,6,7}

Pseudo-optimal path's cost 2323 vs 3283 for 1..k=> a 1.41326 x improvement
Auto-benchmarked an optimal number (5) of threads.
Set GUI update interval to every 91-th LF evaluation.
Optimization settings:
	OPTIMIZATION_METHOD = 4
	OPTIMIZATION_PRECISION = 0.001
	MAXIMUM_ITERATIONS_PER_VARIABLE = 5000

Initial parameter values

NnlAjawv.tree_0.Aquila_chrysaetos.beta = 0.0205912
NnlAjawv.tree_0.Aquila_chrysaetos.omega1 = 0.6
NnlAjawv.tree_0.Aquila_chrysaetos.alpha = 0.0374348
NnlAjawv.tree_0.Aquila_chrysaetos.bsrel_mixture_aux_0 = 0.5
NnlAjawv.tree_0.Aquila_chrysaetos.omega2 = 0.5
Optimization finished in 3 loop passes.
109 likelihood evaluation calls and 189 matrix exponentiations calls were made

The tips of the tree:NnlAjawv.tree_0 were matched with the species names from the data in the following numeric order (0-based) {1,5,4,3,2,0,6,7}

Pseudo-optimal path's cost 2323 vs 3283 for 1..k=> a 1.41326 x improvement
The tips of the tree:NnlAjawv.tree_0 were matched with the species names from the data in the following numeric order (0-based) {1,5,4,3,2,0,6,7}

Pseudo-optimal path's cost 2323 vs 3283 for 1..k=> a 1.41326 x improvement
Auto-benchmarked an optimal number (2) of threads.
Set GUI update interval to every 219-th LF evaluation.
Optimization settings:
	OPTIMIZATION_METHOD = 4
	OPTIMIZATION_PRECISION = 0.001
	MAXIMUM_ITERATIONS_PER_VARIABLE = 5000

Initial parameter values

NnlAjawv.tree_0.Falco_peregrinus.omega2 = 0.5
NnlAjawv.tree_0.Falco_peregrinus.beta = 0.00892385
NnlAjawv.tree_0.Falco_peregrinus.omega1 = 0.2
NnlAjawv.tree_0.Falco_peregrinus.alpha = 0.0323763
NnlAjawv.tree_0.Falco_peregrinus.bsrel_mixture_aux_0 = 0.75
Optimization finished in 3 loop passes.
121 likelihood evaluation calls and 229 matrix exponentiations calls were made

The tips of the tree:NnlAjawv.tree_0 were matched with the species names from the data in the following numeric order (0-based) {1,5,4,3,2,0,6,7}

Pseudo-optimal path's cost 2323 vs 3283 for 1..k=> a 1.41326 x improvement
The tips of the tree:NnlAjawv.tree_0 were matched with the species names from the data in the following numeric order (0-based) {1,5,4,3,2,0,6,7}

Pseudo-optimal path's cost 2323 vs 3283 for 1..k=> a 1.41326 x improvement
Auto-benchmarked an optimal number (3) of threads.
Set GUI update interval to every 22-th LF evaluation.
Optimization settings:
	OPTIMIZATION_METHOD = 4
	OPTIMIZATION_PRECISION = 0.001
	MAXIMUM_ITERATIONS_PER_VARIABLE = 5000

Initial parameter values

NnlAjawv.tree_0.Falco_tinnunculus.omega2 = 0.25
NnlAjawv.tree_0.Falco_tinnunculus.beta = 0.00428736
NnlAjawv.tree_0.Falco_tinnunculus.omega1 = 0.2
NnlAjawv.tree_0.Falco_tinnunculus.alpha = 0.0221931
NnlAjawv.tree_0.Falco_tinnunculus.bsrel_mixture_aux_0 = 0.98
Optimization finished in 6 loop passes.
134 likelihood evaluation calls and 265 matrix exponentiations calls were made

The tips of the tree:NnlAjawv.tree_0 were matched with the species names from the data in the following numeric order (0-based) {1,5,4,3,2,0,6,7}

Pseudo-optimal path's cost 2323 vs 3283 for 1..k=> a 1.41326 x improvement
The tips of the tree:NnlAjawv.tree_0 were matched with the species names from the data in the following numeric order (0-based) {1,5,4,3,2,0,6,7}

Pseudo-optimal path's cost 2323 vs 3283 for 1..k=> a 1.41326 x improvement
Auto-benchmarked an optimal number (2) of threads.
Set GUI update interval to every 45-th LF evaluation.
Optimization settings:
	OPTIMIZATION_METHOD = 4
	OPTIMIZATION_PRECISION = 0.001
	MAXIMUM_ITERATIONS_PER_VARIABLE = 5000

Initial parameter values

NnlAjawv.tree_0.Node9.omega2 = 0.25
NnlAjawv.tree_0.Node9.beta = 0.00717743
NnlAjawv.tree_0.Node9.omega1 = 0
NnlAjawv.tree_0.Node9.alpha = 0
NnlAjawv.tree_0.Node9.bsrel_mixture_aux_0 = 0.98
Optimization finished in 3 loop passes.
131 likelihood evaluation calls and 123 matrix exponentiations calls were made

The tips of the tree:NnlAjawv.tree_0 were matched with the species names from the data in the following numeric order (0-based) {1,5,4,3,2,0,6,7}

Pseudo-optimal path's cost 2323 vs 3283 for 1..k=> a 1.41326 x improvement
The tips of the tree:NnlAjawv.tree_0 were matched with the species names from the data in the following numeric order (0-based) {1,5,4,3,2,0,6,7}

Pseudo-optimal path's cost 2323 vs 3283 for 1..k=> a 1.41326 x improvement
Auto-benchmarked an optimal number (2) of threads.
Set GUI update interval to every 211-th LF evaluation.
Optimization settings:
	OPTIMIZATION_METHOD = 4
	OPTIMIZATION_PRECISION = 0.001
	MAXIMUM_ITERATIONS_PER_VARIABLE = 5000

Initial parameter values

NnlAjawv.tree_0.Node1.alpha = 0.00102371
NnlAjawv.tree_0.Node1.bsrel_mixture_aux_0 = 0.5
NnlAjawv.tree_0.Node1.omega2 = 9
NnlAjawv.tree_0.Node1.beta = 0.00434725
NnlAjawv.tree_0.Node1.omega1 = 0
Optimization finished in 3 loop passes.
99 likelihood evaluation calls and 191 matrix exponentiations calls were made

The tips of the tree:NnlAjawv.tree_0 were matched with the species names from the data in the following numeric order (0-based) {1,5,4,3,2,0,6,7}

Pseudo-optimal path's cost 2323 vs 3283 for 1..k=> a 1.41326 x improvement
The tips of the tree:NnlAjawv.tree_0 were matched with the species names from the data in the following numeric order (0-based) {1,5,4,3,2,0,6,7}

Pseudo-optimal path's cost 2323 vs 3283 for 1..k=> a 1.41326 x improvement
Auto-benchmarked an optimal number (3) of threads.
Set GUI update interval to every 43-th LF evaluation.
Optimization settings:
	OPTIMIZATION_METHOD = 4
	OPTIMIZATION_PRECISION = 0.001
	MAXIMUM_ITERATIONS_PER_VARIABLE = 5000

Initial parameter values

NnlAjawv.tree_0.Node2.alpha = 0
NnlAjawv.tree_0.Node2.bsrel_mixture_aux_0 = 0.98
NnlAjawv.tree_0.Node2.beta = 0
NnlAjawv.tree_0.Node2.omega1 = 0
NnlAjawv.tree_0.Node2.omega2 = 0.25
Optimization finished in 3 loop passes.
132 likelihood evaluation calls and 123 matrix exponentiations calls were made

The tips of the tree:NnlAjawv.tree_0 were matched with the species names from the data in the following numeric order (0-based) {1,5,4,3,2,0,6,7}

Pseudo-optimal path's cost 2323 vs 3283 for 1..k=> a 1.41326 x improvement
Variable 'sZPPtipF.NnlAjawv.likelihoodFunction' was not initialized prior to being used
Auto-benchmarked an optimal number (4) of threads.
Set GUI update interval to every 13-th LF evaluation.
Optimization settings:
	OPTIMIZATION_METHOD = 4
	OPTIMIZATION_PRECISION = 0.001
	MAXIMUM_ITERATIONS_PER_VARIABLE = 5000

Initial parameter values

NnlAjawv.model_MGREV.theta_CT = 0.787583
NnlAjawv.model_MGREV.theta_GT = 0.208681
NnlAjawv.model_MGREV.theta_CG = 0.320307
NnlAjawv.model_MGREV.theta_AC = 0.260132
NnlAjawv.model_MGREV.theta_AT = 0.152601
NnlAjawv.tree_0.Leptosomus_discolor.beta = 0.0615832
NnlAjawv.tree_0.Leptosomus_discolor.alpha = 0.246909
NnlAjawv.tree_0.Colius_striatus.alpha = 0.760438
NnlAjawv.tree_0.Colius_striatus.beta = 0.155972
NnlAjawv.tree_0.Node2.beta = 0
NnlAjawv.tree_0.Node2.alpha = 0
NnlAjawv.tree_0.Tyto_alba.alpha = 0.244757
NnlAjawv.tree_0.Tyto_alba.beta = 0.052688
NnlAjawv.tree_0.Node1.beta = 0.00434725
NnlAjawv.tree_0.Node1.alpha = 0.00102371
NnlAjawv.tree_0.Haliaeetus_leucocephalus.alpha = 0.0530686
NnlAjawv.tree_0.Haliaeetus_leucocephalus.beta = 0.0145507
NnlAjawv.tree_0.Aquila_chrysaetos.beta = 0.0205912
NnlAjawv.tree_0.Aquila_chrysaetos.alpha = 0.0374348
NnlAjawv.tree_0.Node6.alpha = 0.182629
NnlAjawv.tree_0.Node6.beta = 0.040752
NnlAjawv.tree_0.Lonchura_striata.alpha = 0.482176
NnlAjawv.tree_0.Lonchura_striata.bsrel_mixture_aux_0 = 0.891183
NnlAjawv.tree_0.Lonchura_striata.omega2 = 8.5896
NnlAjawv.tree_0.Lonchura_striata.omega1 = 0.602516
NnlAjawv.tree_0.Falco_peregrinus.beta = 0.00892385
NnlAjawv.tree_0.Falco_peregrinus.alpha = 0.0323763
NnlAjawv.tree_0.Falco_tinnunculus.alpha = 0.0221931
NnlAjawv.tree_0.Falco_tinnunculus.beta = 0.00428736
NnlAjawv.tree_0.Node11.beta = 0.0727646
NnlAjawv.tree_0.Node11.alpha = 0.108075
NnlAjawv.tree_0.Node9.alpha = 0
NnlAjawv.tree_0.Node9.beta = 0.00717743
Optimization finished in 21 loop passes.
2200 likelihood evaluation calls and 9203 matrix exponentiations calls were made

Auto-benchmarked an optimal number (6) of threads.
Set GUI update interval to every 23-th LF evaluation.
Optimization settings:
	OPTIMIZATION_METHOD = 4
	OPTIMIZATION_PRECISION = 0.001
	MAXIMUM_ITERATIONS_PER_VARIABLE = 5000

Initial parameter values

NnlAjawv.model_MGREV.theta_CT = 0.770269
NnlAjawv.model_MGREV.theta_GT = 0.180899
NnlAjawv.model_MGREV.theta_CG = 0.304901
NnlAjawv.model_MGREV.theta_AC = 0.251697
NnlAjawv.model_MGREV.theta_AT = 0.119846
NnlAjawv.tree_0.Leptosomus_discolor.beta = 0.0657325
NnlAjawv.tree_0.Leptosomus_discolor.alpha = 0.255779
NnlAjawv.tree_0.Colius_striatus.alpha = 0.788578
NnlAjawv.tree_0.Colius_striatus.beta = 0.163249
NnlAjawv.tree_0.Node2.beta = 0
NnlAjawv.tree_0.Node2.alpha = 0
NnlAjawv.tree_0.Tyto_alba.alpha = 0.253279
NnlAjawv.tree_0.Tyto_alba.beta = 0.0540689
NnlAjawv.tree_0.Node1.beta = 0.00454873
NnlAjawv.tree_0.Node1.alpha = 4.66527e-05
NnlAjawv.tree_0.Haliaeetus_leucocephalus.beta = 0.0150901
NnlAjawv.tree_0.Haliaeetus_leucocephalus.alpha = 0.0548142
NnlAjawv.tree_0.Aquila_chrysaetos.beta = 0.0216926
NnlAjawv.tree_0.Aquila_chrysaetos.alpha = 0.038598
NnlAjawv.tree_0.Node6.alpha = 0.18987
NnlAjawv.tree_0.Node6.beta = 0.0429422
NnlAjawv.tree_0.Lonchura_striata.omega1 = 0.613336
NnlAjawv.tree_0.Lonchura_striata.bsrel_mixture_aux_0 = 0.894359
NnlAjawv.tree_0.Lonchura_striata.alpha = 0.497066
NnlAjawv.tree_0.Falco_peregrinus.alpha = 0.0334095
NnlAjawv.tree_0.Falco_peregrinus.beta = 0.00933939
NnlAjawv.tree_0.Falco_tinnunculus.alpha = 0.0229356
NnlAjawv.tree_0.Falco_tinnunculus.beta = 0.00450023
NnlAjawv.tree_0.Node11.alpha = 0.112132
NnlAjawv.tree_0.Node11.beta = 0.0733238
NnlAjawv.tree_0.Node9.alpha = 0
NnlAjawv.tree_0.Node9.beta = 0.0104589
Optimization finished in 14 loop passes.
1188 likelihood evaluation calls and 4878 matrix exponentiations calls were made

Variable 'USE_JSON_FOR_MATRIX' was not initialized prior to being used