
Before deleting alignment gaps
      8   1044

Serinus_canaria                 ATG GCA ACA ACA GAT NNN --- --- TTT TAT TAT AGC TTT TCC ATC ACT GAC CCC TAT AAA AAC AGA AAT GAG AAT TTT CAT GTT ATT NNN AGA GTC TTC CTG CCA CAT ATG TAT TTT GTT GTT TTC ATC CTT AGC CTA GGA GGA AAT GCA CTG GTC TTT GTC AAA CTA AGT TTC TAC ATG AAA CTG AAG ACA CAG ACA GAA ACT GAC NNN GTA CTT TTG CTG AAC CTG GCT ATA GCT AAC NNN GTT TTT CTT TGG ATG CAG CCC CTC NNN GCA TAT TCT GCT GCT CAA GAG TGG ATT TCA GGG ACT GTG GCA TGT CAT NNN CTT --- --- --- --- --- --- --- GTA TAC ACT TCA ATG TTA ACT CTA ATG TCT ATC ACC TTT GAC CAG CTT ATT GCT GTT ACT TTT GCT ACC AAA GCA NNN ATG TGC CAA ACC AAA CAA ATT ACA TGG GGC AAA TTA ATC TCT GTC TTG ATC --- --- --- TCA CAA GCA TTT GCT GCA CCA CAC TTT GTT TTT TGG GAG GTG NNN AAT TTT GAT AAG GCA ATA TGT CAG GAA GAA TAC CCA AAC TGT CGC ACA GAA CTG GTT CTG GAA GTG ATC CAA GTG ACT CTT GCT TAT TTT ATT CCC ATG GTA GCC ATG ATC ATC TGC NNN TCA CTA ATT ATT AAA ACC TTA CTG TGT GCT AGA AGT CTC CAA AAG AAC AAA TGT ATA --- AAA TTA TTC TCT GTA GTT CTC CTG TTT ATT CTT ACC CAG ATA CCC TAT ACT TTC TTC AGA TTG ATA AAA ATC ATA GAC TGG AGC TTT AAA TTG AAC AGC AGC TTT AAA TAT GCA ATT ACT GTA ACA AAA GCT CTT ACT TAT TTT TAT GCC TAT CTT AAC --- --- CTG CTA TTT CTT CAC AGA ATG AAA ATC AGA AGT ACT NNN CAC AAA GTT ATT ATA AAA TCA AGA TGT GCC AAA TGG AAA GTT ACA GCT CAA CAG TGG CAA ACC ACC AAA AAG GAA GAT TCT AAA TCT TTT ACT GCT TTA TAT AGT GCA GAT GCC ACA AAC ATT TAC CCA CTA 
Falco_peregrinus                ATG GCA ACT ACA GAT GCT GTT AAC TTT TAT TAT AAC TTC TCC ATC AAT GAT CCC AAT GAA AAC GGA AGT GAG AAT CTT CAC AGA TTT ACA AAT GTC TTC CTG CCC TGT ATG TAT TCA GCT GTT TTC ATC CTT GGG CTA GCA GGA AAT ACA CTG GTC TTT GTC ATA CTA GTT TTC TAC GAG AAA CTG AAG GTG CTG ACA --- --- --- GAT ATA TTT TTG CTG AAC TTG GCT ATA GCT GAC TGG GTC TTC CTT TGG ACG CTG CCA TTC TGG GCA TAT TCT GGT GTT CAG GAG TGG ACT TTT GGC ACT GTG GCA TGT CGT GTT ATA CGG GGC TTG TAT ACT CTG AAC TTG TAC ACT TCG ATG TTA ACT CTA ACG TCT ATC ACC TTT GAC CGG CTT ATT GCT ATT ACT TTT GCC ACA AAA GCA CAT GTG TGT CAA ACC AAA CGA ATG ACA TGG GGC AAA CTG ATC TGT GTC TTG ATC TGG GCG ATC TCA CTA GCA TTT GCT GCA CCA CAG TTT ATT TTT AGT GAG GTG TTT AGT ATT GAT AAG GCA ATA TGT CAG GAA GAA TAC CCA AAC TAT CGC ACA GAA CTA GTT CTT GAA GTG ATC CAA GTG ACC CTT GGC TAT TTT ATT CCC ATG CTA GCC ATG GTC ATC TGC TAC TCA CTA ATC ATT AGA ACC TTA CTG CAT GCC AGG AGT TTT CAA AAG AAC AAA TCT CTA AAA AAA ATA TTT TCT GTA GTT GCC ATA TTT ATT CTT ACT CAG TCA CCC TAT ACT TTC TTG AGA CTG TTA AAG ATC ATA GAT TGG AGC TTT AAC TTG AAC AGC AAC TTT GAA TAT GCA ATC ATC ATA ACA GAA GCT CTT GCT TAT TTC CAT GGC TGT CTT AAC CCT GTT CTG TAT TTC TTC ATG GGG GTG AAA TTC AGG AGG AAC TTA CGG AAA ATT ATT AAA AAC TCA AGA TGC ACT AAA TGG CAA GTT ACA GCT AAA CAG TGG CAA ACC ACA GAA GAG GAA GGC TCT AAA ACT TTT ACT GCC TCA AAT AAT GCA GAT GCA ACA AGC ATG TAC CCG CTA 
Falco_tinnunculus               ATG GCA ACT ACA GAT GCT GTT AAC TTT TAT TAT AAC TTC TCC ATC AAT GAT CCC AAT GAA AAT GGA AGT GAG AAT CTT CAC AGA TTT ACA AAT GTC TTC CTG CCC TGT ATG TAT TCA GCT GTT TTC ATC CTT GGG CTA GCA GGA AAT ACA CTG GTC TTT GTC ATA CTA GTT TTC TAC GAG AAA CTG AAG GTG CTG ACA --- --- --- GAT ATA TTT TTG CTG AAC TTG GCT ATA GCT GAC TGG GTC TTC CTT TGG ACG CTG CCA TTC TGG GCA TAT TCT GCT GTT CAG GAG TGG ACT TTT GGC ACT GTG GCA TGT CGT GTT ATA CGG GGC TTG TAT ACT CTG AAC TTG TAC ACT TCA ATG TTA ACT CTA ACG TCT ATC ACC TTT GAC CGG CTT ATT GCT ATT ACT TTT GCC ACA AAA GCA CAT GTG TGT CAA ACC AAA CGA ATG ACA TGG GGC AAA CTG ATC TGT GTC TTG ATC TGG GCG ATC TCA CTA GCA TTT GCT GCA CCA CAG TTT ATT TTT AGT GAG GTG TTT AGT ATT GAT AAG GCA ATA TGT CAG GAA GAA TAC CCA AAC TAT CGC ACA GAA CTA GTT CTT GAA GTG ATC CAA GTG ACC CTT GGC TAT TTT ATT CCC ATG CTA GCC ATG GTC ATC TGC TAC TCA CTA ATC ATT AGA ACC TTA CTG CAT GCC AGG AGT TTT CAA AAG AAC AAA TCT CTA AAA AAA ATA TTT TCT GTA GTT GCC ATA TTT ATT CTT ACT CAG TCA CCC TAT ACT TTC TTG AGA CTG TTA AAG ATC ATA GAC TGG AGC TTT AAC TTG AAC AGC AAC TTT GAA TAT GCA ATC ATC ATA ACA GAA GCT CTT GCT TAT TTC CAT GGC TGT CTT AAC CCT GTT CTG TAT TTC TTC ATG GGG GTG AAA TTC AGG AGG AAC TTA CGG AAA ATT GTT AAA AAC TCA AGA TGC ATT AAA TGG CAA GTT ACA GCT AAA CAG TGG CAA ACC ACA GAA GAG GAA GGC TCT AAA ACA TTT ACT GCC TCA AAT AAT GCA GAT GCA ACA AGC ATG TAC CCA CTA 
Aquila_chrysaetos               ATG GCA ACT ACA GAT GCT GCC AAC TTT TAT TAT AAC TTC TCC ATC ATT GAT CCC AAC GAA AAT GGA AGT GAG AAT TTT CAC ACA TTT ACA AGA GTC TTC CTG CCC TGT ATG TAT TCG GCT GTT TTC ATC CTT GGG CTA GCA GGA AAT GCA CTT GTC TTT GTC ATA CTA GCT TTC TAT GAG AAA CAG AAG ATG CTA ACA --- --- --- GAT ATA TTT TTG CTG AAC TTG GCT ATA GCT GAC TGG GTC TTC CTT TGG ACG CTG CCA TTC TGG GCA TAT TCT GCT GCT CAG GAG TGG ACT TTT GGC ACC ATG GCA TGT CGT ATT ATA CGA GGC TTG TAT ACT CTG AAC TTT TAC ACT TCA ATG CTA ACT CTA ACA TCT ATC ACC TTT GAC CGG CTT ATT GCT ATT ACT TTT GCG ACC AAA GCA CGT ATG TGT CAA ACC AAA CGA ATG ACA TGG GGC AAA TTA ATC TGT GTC TTG ATC TGG GTG ATC TCA CTA GCA TTT GCT GCA CCA CAG TTT ATT TTT AGT GAG GTG TTT AGT ATT GAT AAG ACA ATA TGC CAG GAA GAA TAC CCA AAC CAT CAC ACA GAA ATG GTT CTT GAA GTG ATC CAA GTG ACC CTT GGC TAT TTT ATT CCC ATG CTA GCC ATG ATC ATC TGC TAC TCA CTA ATT ATT AGA ACC TTA CTG CAT GCC AGG AGT TTT CAA AAG AAC AAA TCT CTA AAG AAA ATA TTT TCT GTA GTT GCT ATA TTT ATT CTT ACT CAG TCA CCC TAC ACT TTC TTG AGA CTG ATA AAG ATC ATA GAC TGG AGC TTT AAC CTG AAC AGC AGC TTT GAA TAT GCA ATC ATT ATA ACA GAA GCT CTT GCT TAT TTC CAC GGC TGT CTT AAT CCT GTT CTG TAT TTC TTC ATG GGG GTG AAA TTC AGG AGG AAC TTA CAG AAA ATT ATT AAA AAT TCA AGA TGC GTC AAA CGG CAA ATT ATA GCT AAA CAG CGG CAA ACC ACT GAA GAA GAA GGC TCT AAA ACT TTT ACT GCC TCA AAT AAT GCA GAT GCA ACA AGC ATG TAC CAG CTA 
Haliaeetus_leucocephalus        ATG GCA ACT ACA GAT ACT GCC AAC TTT TAT TAT AAC TTC TCC ATC ATT GAT CCC AAC GAA AAT GGA AGT GAG AAT TTT CAT ACA TTT ACA AGA GTC TTC CTG CCC TGT ATG TAT TCG GCT GTT TTC ATC CTT GGG CTA GCA GGA AAT GCA CTT GTC TTT GTC ATA CTA GCT TTC TAT GAG AAA CGG AAG ATG CTG ACA --- --- --- GAT ATA TTT TTG CTG AAC TTG GCC ATA GCT GAC TGG GTC TTC CTT TGG ACA CTG CCA TTC TGG GCA TAT TCT GCT GCT CAG GAG TGG ACT TTT GGC ACC GTG GCA TGT CGT ATT ATA CGA GGC TTG TAT ACT CTG AAC TTG TAC ACT TCA ATG CTA ACT CTA ACG TCT ATC ACC TTT GAC CGG CTT ATT GCT ATT ACT TTT GCA ACC AAA GCA CGT ATG TGT CAA ACC AAA CGA ATG ACA TGG GGC AAA TTA ATC TGT GTC TTG ATC TGG GTG ATC TCA CTA GCA TTT GCT GCA CCA CAG TTT ATT TTT AGT GAG GTG TTT AGT ATT GAT AAG ACA ATA TGC CAG GAA GAA TAC CCA AAC CAT CAC ACA GAA ATG GTT CTT GAA GTG ATC CAA GTG ACC CTT GGC TAT TTT ATT CCC ATG CTA GCC ATG ATC ATC TGC TAC TCA CTA ATT ATT AGA ACC TTA CTG CAT GCC AGG AGT TTT CAA AAG AAC AAA TCT CTA AAG AAA ATA TTT TCT GTA GTT GCC ATA TTT ATT CTT ACT CAG TCA CCC TAC ACT TTC TTG AGA CTG ATA AAG ATC ATA GAC TGG AGC TTT AAC CTG AAC AGC AGC TTT GAA TAT GCA ATC ATT ATA ACA GAA GCT CTT GCT TAT TTC CAC GGC TGT CTT AAT CCT GTT CTG TAT TTC TTC ATG GGG GTG AAA TTC AGG AGG AAC TTA CAG AAA ATT ATT AAA AAT TCA AGA TGC GTC AAA CGG CAA GTT ATG GTT AAA CAG TGG CAA ACC ACT GAA GAA GAA GGC TCT AAA ACT TTT ACT GCC TCC AAT AAT GCA GAT GCA ACA AGC ATG TAC CAG CTA 
Tyto_alba                       ATG GCA AAT ACA GAT GCT GCC AAC TTT TAT TAT AAC TTC TCC ATC ATT GAT CCC AAT GAA AAT GGA AGT GAG AAT TTT CAC ACA TTT ACA ACA ATC TTC CTG CCC TGC ATG TAC TCG GCT GTT TTC ATC CTT GGG CTA GCA GGA AAT GCC CTG GTC TTT GTC ATA CTA GTT TTC TAT GAG AAA CTG AAG ATG CTG ACA --- --- --- GAT ATA TTT TTG CTG AAC TTG GCT ATA GCT GAC TGG GTC TTC CTT TGG ACG CTG CCA TTC TGG GCA TAT TCT GCA GCT CAG GAG TGG ACT TTT GGC ACC GTG GCA TGT CGT ATT ATA CGG GGC TTG TAT ACT CTG AAC TTG TAC ACT TCA ATG TTA ACT CTA ACA TCT ATC ACC TTT GAT CGG CTT ATT GCT ATT ACT TTT GCC ACC AAA GCA CAT ATG TGT CAA ACC AAA CGA ATG ATA TGG GGC AAA TTA ATC TGT GTC TTG ATC TGG GTT ATA TCA CTA GCA TTT GCC ACA CCG CAG TTT ATT TTT AGT GAG GTG TTT AGT ATT GAT AAG GCA ATA TGT CAG GAA GAA TAC TCA AAC CAT CAC ACA GAA CTG GTT CTT GAA GTG ATC CAA GTG ACC CTT GGC TAT TTT ATT CCC ATG CTA GCC ATG ATC ATC TGC TAC TCA CTA ATT ATT AGA ACC TTA CTG CAT GCC AGG AGT TTT CAA AAG AAC AAA TCT CTG AAA AAA ATA TTT TCT GTA GTT GTT ATA TTT ATT CTT ACT CAG TCA CCC TAT ACT TTC TTG AGA CTA ATA AAG ATC ATA GAC TGG AGC TTT AAC TTG AAC AGC AGC TTT GAA TAC GCA ATC ATT GTA ACA GAA GCT CTA GCT TAT TTC CAT GGC TGT CTT AAC CCT GTT CTG TAT TTC TTC ATG GGG GTG AAA TTC AGG AGG AAC TTA CAG AAA ATA ATT AAA AAC TCA AGA TGC ATC AAA CGG CAA GTT GCA GCT AAA CCA TGG CAA ACC ACC GAA GAG GAA GGC TCT AAA ACT TTT TCT GCC TCA AAT AAT GCA GAT GCA ACA AGC ATG TAC CCG CTA 
Leptosomus_discolor             ATG GCA ACT TCA GAT GCC ACT AAC TTT TAT TAT AAC TTC TCC ATC ATT GAT CCC AAC GAA AAC AGA AGC GAC AAT TTT CAC ACA TTT ACA AAA GTC TTC CTG CCC TGT ATG TAT TTG ACT GTT TTC ATC CTT GGG CTA GCA GGA AAT GCG CTG GTC TTT GTC ATA CTA GTT TTC TAC GAG AAA CTG AAG ATG CTG ACA --- --- --- GAT ATA TTT TTG CTG AAC TTG GCT ACA GCT GAC TGG GTC TTC CTT TGG ACA CTT CCA TTC TGG GCA TAT TCT GCT GCT CAG GAG TGG ACT TTT GGC ACT GTG GCA TGT CGT ATT ATA CGG GGC TTG TAT ACT CTA AAC TTG TAC ACT TCA ATG TTA ACT CTA ACG TCT ATC ACC TTT GAC CGG CTT ATT GCT ATT ACT TTT GCC ACC AAA GCA CGT ATG TGT CAA ACC AAA CGA ATG ACA TGG GGC AAA TTA ATC TGT GTC TTG ATC TGG GTG ATC TCA CTA GCA TTT GCT GCA CCA CAG TTT ATT TTT AGT GAG GTG TTC AGT ATT GAT AAG GCA ATA TGT GAG GAA GAA TAC CCA AGC CAT CGC ACA GAA CTG GTT CTT GAG GTG ATT CAA GTG ACC CTT GGC TAT TTT ATT CCC ATG CTA GCC ATG ATC ATC TGC TAC TCA CTA ATT ATT AGA ACC TTA CTG CAC GCC AGG AGT TTT CAA AAG AAC AAA TCT CTG AAA AAG ATA TTT TCT GTA GTT GCC GTA TTT ATT CTT ACT CAG TCA CCC TAT ACT TTC TTG AGA CTG ATA AAG ATC ATA GAT TGG AGC TTT AAC TTG AAC AGC AGC TTT GAA TAT GCA ATC ATC GTA ACA GAA GCT CTT GCT TAT TTC CAT GGC TGT CTT AAC CCT GTT CTG TAT TTC TTC ATG GGG GTG AAA TTC AGG AGG AAC CTC CAG AAA ATT ATT AAA AAC TCA AGA TGC GTC AAA TGG CAA GTT ACG GCT AAA CAG TGG CAA CCA ACT GAA GAG GAA GGC TCT AAA ACT TTC ACT GCC TCA AAT AAT GCA GAT GCA ACA AGC ATG TAC CCA CTA 
Colius_striatus                 ATG GCA ACG ACA GAC GCA GAT AAC TTT TAT TAT AAC TTC TCC ATC GTT GAT CCA GAC GAA AAT GGA AGT GAG AAT TTT CAC ACG TTT ACA AGA GTC TTC CTG CCC TGT ACC TAC TCG GTT GTT TTC ATC CTG GGG CTA GCA GGA AAC ACA CTG GTC TTT GTC ATA CTG GTT TTC TAT GAG AAG CTG AAG ATG CTG ACA --- --- --- GAT ATA TTT TTG CTG AAC TTG GCT GTA GCT GAC TGG GTC TTC CTT TGG ACG CTG CCA TTC TGG GCG CAT TCG GCC GCT CAG GAG TGG GCT TTC GGC ACG GTG GCG TGT CGT GTC ATA CGG GGC TTG TAT ACG CTG AAC TTG TAC ACT TCC ATG TTA ACC CTG ACA TCT ATC ACC TTT GAC AGG CTT GTT GCT ATT ACT TTT GCC ACC AAA GCA CAC ATG TGT CAA ACC AAA CGA ACG ACG TGG GGC AAG GCA GTG TGT GTC TTG ATC TGG GTG ATC TCA CTA GGC TTT GCC ACA CCA CAG TTT ATT TTT AGT GAG GTG GTT AGC ATT GAT AAG GCG ATA TGT CAC GAA AAA TAC CCA AAC CAC GGC ACA GAA CTG GTT CTT GAA GTG ATC CAA GTG ACA CTT GGC TAT TTT ATT CCC ATG CTA GCC ATG ATC ATC TGC TAC TCA CTA ATT GTT AGA ACC TTA CTG CAC GCC AGG AAT TTC CAA AAG AAG AAA TCT CTC AAG AAA ATA TTT TCT GTA GTT GCC ATA TTT ATT CTG ACT CAG TCA CCT TAT ACT TTC CTG AGA CTC ATA AAG ATC ATA GAC TGG AGC TTT AAC TTG AAC AGC AGC TTT GAA TAT GCA ATC ATC GTA ACA GAA GCT CTC GCT TAC CTC CAC GGC TGT CTC AAC CCT ATC CTG TAT TTC TTC ATG GGG GTC AAA TTC AGG AGG AAC TTA AGG AAA ATT ATT AAG AGT TTA AGA TGC ATC AAA GGG AGA GTT ACA GCG AAG CAC TGG CAA ACC ACT GAA GAG GAA GGC TCT AAA ACA TTT ACT GCC TCC AAT AAC GCA GAT GCC ACA AGC ATG GAT CCG CTA 



After deleting gaps. 960 sites
      8    960

Serinus_canaria                 ATG GCA ACA ACA GAT TTT TAT TAT AGC TTT TCC ATC ACT GAC CCC TAT AAA AAC AGA AAT GAG AAT TTT CAT GTT ATT AGA GTC TTC CTG CCA CAT ATG TAT TTT GTT GTT TTC ATC CTT AGC CTA GGA GGA AAT GCA CTG GTC TTT GTC AAA CTA AGT TTC TAC ATG AAA CTG AAG ACA CAG ACA GTA CTT TTG CTG AAC CTG GCT ATA GCT AAC GTT TTT CTT TGG ATG CAG CCC CTC GCA TAT TCT GCT GCT CAA GAG TGG ATT TCA GGG ACT GTG GCA TGT CAT CTT GTA TAC ACT TCA ATG TTA ACT CTA ATG TCT ATC ACC TTT GAC CAG CTT ATT GCT GTT ACT TTT GCT ACC AAA GCA ATG TGC CAA ACC AAA CAA ATT ACA TGG GGC AAA TTA ATC TCT GTC TTG ATC TCA CAA GCA TTT GCT GCA CCA CAC TTT GTT TTT TGG GAG GTG AAT TTT GAT AAG GCA ATA TGT CAG GAA GAA TAC CCA AAC TGT CGC ACA GAA CTG GTT CTG GAA GTG ATC CAA GTG ACT CTT GCT TAT TTT ATT CCC ATG GTA GCC ATG ATC ATC TGC TCA CTA ATT ATT AAA ACC TTA CTG TGT GCT AGA AGT CTC CAA AAG AAC AAA TGT ATA AAA TTA TTC TCT GTA GTT CTC CTG TTT ATT CTT ACC CAG ATA CCC TAT ACT TTC TTC AGA TTG ATA AAA ATC ATA GAC TGG AGC TTT AAA TTG AAC AGC AGC TTT AAA TAT GCA ATT ACT GTA ACA AAA GCT CTT ACT TAT TTT TAT GCC TAT CTT AAC CTG CTA TTT CTT CAC AGA ATG AAA ATC AGA AGT ACT CAC AAA GTT ATT ATA AAA TCA AGA TGT GCC AAA TGG AAA GTT ACA GCT CAA CAG TGG CAA ACC ACC AAA AAG GAA GAT TCT AAA TCT TTT ACT GCT TTA TAT AGT GCA GAT GCC ACA AAC ATT TAC CCA CTA 
Falco_peregrinus                ATG GCA ACT ACA GAT TTT TAT TAT AAC TTC TCC ATC AAT GAT CCC AAT GAA AAC GGA AGT GAG AAT CTT CAC AGA TTT AAT GTC TTC CTG CCC TGT ATG TAT TCA GCT GTT TTC ATC CTT GGG CTA GCA GGA AAT ACA CTG GTC TTT GTC ATA CTA GTT TTC TAC GAG AAA CTG AAG GTG CTG ACA ATA TTT TTG CTG AAC TTG GCT ATA GCT GAC GTC TTC CTT TGG ACG CTG CCA TTC GCA TAT TCT GGT GTT CAG GAG TGG ACT TTT GGC ACT GTG GCA TGT CGT ATA TTG TAC ACT TCG ATG TTA ACT CTA ACG TCT ATC ACC TTT GAC CGG CTT ATT GCT ATT ACT TTT GCC ACA AAA GCA GTG TGT CAA ACC AAA CGA ATG ACA TGG GGC AAA CTG ATC TGT GTC TTG ATC TCA CTA GCA TTT GCT GCA CCA CAG TTT ATT TTT AGT GAG GTG AGT ATT GAT AAG GCA ATA TGT CAG GAA GAA TAC CCA AAC TAT CGC ACA GAA CTA GTT CTT GAA GTG ATC CAA GTG ACC CTT GGC TAT TTT ATT CCC ATG CTA GCC ATG GTC ATC TGC TCA CTA ATC ATT AGA ACC TTA CTG CAT GCC AGG AGT TTT CAA AAG AAC AAA TCT CTA AAA ATA TTT TCT GTA GTT GCC ATA TTT ATT CTT ACT CAG TCA CCC TAT ACT TTC TTG AGA CTG TTA AAG ATC ATA GAT TGG AGC TTT AAC TTG AAC AGC AAC TTT GAA TAT GCA ATC ATC ATA ACA GAA GCT CTT GCT TAT TTC CAT GGC TGT CTT AAC CTG TAT TTC TTC ATG GGG GTG AAA TTC AGG AGG AAC CGG AAA ATT ATT AAA AAC TCA AGA TGC ACT AAA TGG CAA GTT ACA GCT AAA CAG TGG CAA ACC ACA GAA GAG GAA GGC TCT AAA ACT TTT ACT GCC TCA AAT AAT GCA GAT GCA ACA AGC ATG TAC CCG CTA 
Falco_tinnunculus               ATG GCA ACT ACA GAT TTT TAT TAT AAC TTC TCC ATC AAT GAT CCC AAT GAA AAT GGA AGT GAG AAT CTT CAC AGA TTT AAT GTC TTC CTG CCC TGT ATG TAT TCA GCT GTT TTC ATC CTT GGG CTA GCA GGA AAT ACA CTG GTC TTT GTC ATA CTA GTT TTC TAC GAG AAA CTG AAG GTG CTG ACA ATA TTT TTG CTG AAC TTG GCT ATA GCT GAC GTC TTC CTT TGG ACG CTG CCA TTC GCA TAT TCT GCT GTT CAG GAG TGG ACT TTT GGC ACT GTG GCA TGT CGT ATA TTG TAC ACT TCA ATG TTA ACT CTA ACG TCT ATC ACC TTT GAC CGG CTT ATT GCT ATT ACT TTT GCC ACA AAA GCA GTG TGT CAA ACC AAA CGA ATG ACA TGG GGC AAA CTG ATC TGT GTC TTG ATC TCA CTA GCA TTT GCT GCA CCA CAG TTT ATT TTT AGT GAG GTG AGT ATT GAT AAG GCA ATA TGT CAG GAA GAA TAC CCA AAC TAT CGC ACA GAA CTA GTT CTT GAA GTG ATC CAA GTG ACC CTT GGC TAT TTT ATT CCC ATG CTA GCC ATG GTC ATC TGC TCA CTA ATC ATT AGA ACC TTA CTG CAT GCC AGG AGT TTT CAA AAG AAC AAA TCT CTA AAA ATA TTT TCT GTA GTT GCC ATA TTT ATT CTT ACT CAG TCA CCC TAT ACT TTC TTG AGA CTG TTA AAG ATC ATA GAC TGG AGC TTT AAC TTG AAC AGC AAC TTT GAA TAT GCA ATC ATC ATA ACA GAA GCT CTT GCT TAT TTC CAT GGC TGT CTT AAC CTG TAT TTC TTC ATG GGG GTG AAA TTC AGG AGG AAC CGG AAA ATT GTT AAA AAC TCA AGA TGC ATT AAA TGG CAA GTT ACA GCT AAA CAG TGG CAA ACC ACA GAA GAG GAA GGC TCT AAA ACA TTT ACT GCC TCA AAT AAT GCA GAT GCA ACA AGC ATG TAC CCA CTA 
Aquila_chrysaetos               ATG GCA ACT ACA GAT TTT TAT TAT AAC TTC TCC ATC ATT GAT CCC AAC GAA AAT GGA AGT GAG AAT TTT CAC ACA TTT AGA GTC TTC CTG CCC TGT ATG TAT TCG GCT GTT TTC ATC CTT GGG CTA GCA GGA AAT GCA CTT GTC TTT GTC ATA CTA GCT TTC TAT GAG AAA CAG AAG ATG CTA ACA ATA TTT TTG CTG AAC TTG GCT ATA GCT GAC GTC TTC CTT TGG ACG CTG CCA TTC GCA TAT TCT GCT GCT CAG GAG TGG ACT TTT GGC ACC ATG GCA TGT CGT ATA TTT TAC ACT TCA ATG CTA ACT CTA ACA TCT ATC ACC TTT GAC CGG CTT ATT GCT ATT ACT TTT GCG ACC AAA GCA ATG TGT CAA ACC AAA CGA ATG ACA TGG GGC AAA TTA ATC TGT GTC TTG ATC TCA CTA GCA TTT GCT GCA CCA CAG TTT ATT TTT AGT GAG GTG AGT ATT GAT AAG ACA ATA TGC CAG GAA GAA TAC CCA AAC CAT CAC ACA GAA ATG GTT CTT GAA GTG ATC CAA GTG ACC CTT GGC TAT TTT ATT CCC ATG CTA GCC ATG ATC ATC TGC TCA CTA ATT ATT AGA ACC TTA CTG CAT GCC AGG AGT TTT CAA AAG AAC AAA TCT CTA AAA ATA TTT TCT GTA GTT GCT ATA TTT ATT CTT ACT CAG TCA CCC TAC ACT TTC TTG AGA CTG ATA AAG ATC ATA GAC TGG AGC TTT AAC CTG AAC AGC AGC TTT GAA TAT GCA ATC ATT ATA ACA GAA GCT CTT GCT TAT TTC CAC GGC TGT CTT AAT CTG TAT TTC TTC ATG GGG GTG AAA TTC AGG AGG AAC CAG AAA ATT ATT AAA AAT TCA AGA TGC GTC AAA CGG CAA ATT ATA GCT AAA CAG CGG CAA ACC ACT GAA GAA GAA GGC TCT AAA ACT TTT ACT GCC TCA AAT AAT GCA GAT GCA ACA AGC ATG TAC CAG CTA 
Haliaeetus_leucocephalus        ATG GCA ACT ACA GAT TTT TAT TAT AAC TTC TCC ATC ATT GAT CCC AAC GAA AAT GGA AGT GAG AAT TTT CAT ACA TTT AGA GTC TTC CTG CCC TGT ATG TAT TCG GCT GTT TTC ATC CTT GGG CTA GCA GGA AAT GCA CTT GTC TTT GTC ATA CTA GCT TTC TAT GAG AAA CGG AAG ATG CTG ACA ATA TTT TTG CTG AAC TTG GCC ATA GCT GAC GTC TTC CTT TGG ACA CTG CCA TTC GCA TAT TCT GCT GCT CAG GAG TGG ACT TTT GGC ACC GTG GCA TGT CGT ATA TTG TAC ACT TCA ATG CTA ACT CTA ACG TCT ATC ACC TTT GAC CGG CTT ATT GCT ATT ACT TTT GCA ACC AAA GCA ATG TGT CAA ACC AAA CGA ATG ACA TGG GGC AAA TTA ATC TGT GTC TTG ATC TCA CTA GCA TTT GCT GCA CCA CAG TTT ATT TTT AGT GAG GTG AGT ATT GAT AAG ACA ATA TGC CAG GAA GAA TAC CCA AAC CAT CAC ACA GAA ATG GTT CTT GAA GTG ATC CAA GTG ACC CTT GGC TAT TTT ATT CCC ATG CTA GCC ATG ATC ATC TGC TCA CTA ATT ATT AGA ACC TTA CTG CAT GCC AGG AGT TTT CAA AAG AAC AAA TCT CTA AAA ATA TTT TCT GTA GTT GCC ATA TTT ATT CTT ACT CAG TCA CCC TAC ACT TTC TTG AGA CTG ATA AAG ATC ATA GAC TGG AGC TTT AAC CTG AAC AGC AGC TTT GAA TAT GCA ATC ATT ATA ACA GAA GCT CTT GCT TAT TTC CAC GGC TGT CTT AAT CTG TAT TTC TTC ATG GGG GTG AAA TTC AGG AGG AAC CAG AAA ATT ATT AAA AAT TCA AGA TGC GTC AAA CGG CAA GTT ATG GTT AAA CAG TGG CAA ACC ACT GAA GAA GAA GGC TCT AAA ACT TTT ACT GCC TCC AAT AAT GCA GAT GCA ACA AGC ATG TAC CAG CTA 
Tyto_alba                       ATG GCA AAT ACA GAT TTT TAT TAT AAC TTC TCC ATC ATT GAT CCC AAT GAA AAT GGA AGT GAG AAT TTT CAC ACA TTT ACA ATC TTC CTG CCC TGC ATG TAC TCG GCT GTT TTC ATC CTT GGG CTA GCA GGA AAT GCC CTG GTC TTT GTC ATA CTA GTT TTC TAT GAG AAA CTG AAG ATG CTG ACA ATA TTT TTG CTG AAC TTG GCT ATA GCT GAC GTC TTC CTT TGG ACG CTG CCA TTC GCA TAT TCT GCA GCT CAG GAG TGG ACT TTT GGC ACC GTG GCA TGT CGT ATA TTG TAC ACT TCA ATG TTA ACT CTA ACA TCT ATC ACC TTT GAT CGG CTT ATT GCT ATT ACT TTT GCC ACC AAA GCA ATG TGT CAA ACC AAA CGA ATG ATA TGG GGC AAA TTA ATC TGT GTC TTG ATC TCA CTA GCA TTT GCC ACA CCG CAG TTT ATT TTT AGT GAG GTG AGT ATT GAT AAG GCA ATA TGT CAG GAA GAA TAC TCA AAC CAT CAC ACA GAA CTG GTT CTT GAA GTG ATC CAA GTG ACC CTT GGC TAT TTT ATT CCC ATG CTA GCC ATG ATC ATC TGC TCA CTA ATT ATT AGA ACC TTA CTG CAT GCC AGG AGT TTT CAA AAG AAC AAA TCT CTG AAA ATA TTT TCT GTA GTT GTT ATA TTT ATT CTT ACT CAG TCA CCC TAT ACT TTC TTG AGA CTA ATA AAG ATC ATA GAC TGG AGC TTT AAC TTG AAC AGC AGC TTT GAA TAC GCA ATC ATT GTA ACA GAA GCT CTA GCT TAT TTC CAT GGC TGT CTT AAC CTG TAT TTC TTC ATG GGG GTG AAA TTC AGG AGG AAC CAG AAA ATA ATT AAA AAC TCA AGA TGC ATC AAA CGG CAA GTT GCA GCT AAA CCA TGG CAA ACC ACC GAA GAG GAA GGC TCT AAA ACT TTT TCT GCC TCA AAT AAT GCA GAT GCA ACA AGC ATG TAC CCG CTA 
Leptosomus_discolor             ATG GCA ACT TCA GAT TTT TAT TAT AAC TTC TCC ATC ATT GAT CCC AAC GAA AAC AGA AGC GAC AAT TTT CAC ACA TTT AAA GTC TTC CTG CCC TGT ATG TAT TTG ACT GTT TTC ATC CTT GGG CTA GCA GGA AAT GCG CTG GTC TTT GTC ATA CTA GTT TTC TAC GAG AAA CTG AAG ATG CTG ACA ATA TTT TTG CTG AAC TTG GCT ACA GCT GAC GTC TTC CTT TGG ACA CTT CCA TTC GCA TAT TCT GCT GCT CAG GAG TGG ACT TTT GGC ACT GTG GCA TGT CGT ATA TTG TAC ACT TCA ATG TTA ACT CTA ACG TCT ATC ACC TTT GAC CGG CTT ATT GCT ATT ACT TTT GCC ACC AAA GCA ATG TGT CAA ACC AAA CGA ATG ACA TGG GGC AAA TTA ATC TGT GTC TTG ATC TCA CTA GCA TTT GCT GCA CCA CAG TTT ATT TTT AGT GAG GTG AGT ATT GAT AAG GCA ATA TGT GAG GAA GAA TAC CCA AGC CAT CGC ACA GAA CTG GTT CTT GAG GTG ATT CAA GTG ACC CTT GGC TAT TTT ATT CCC ATG CTA GCC ATG ATC ATC TGC TCA CTA ATT ATT AGA ACC TTA CTG CAC GCC AGG AGT TTT CAA AAG AAC AAA TCT CTG AAG ATA TTT TCT GTA GTT GCC GTA TTT ATT CTT ACT CAG TCA CCC TAT ACT TTC TTG AGA CTG ATA AAG ATC ATA GAT TGG AGC TTT AAC TTG AAC AGC AGC TTT GAA TAT GCA ATC ATC GTA ACA GAA GCT CTT GCT TAT TTC CAT GGC TGT CTT AAC CTG TAT TTC TTC ATG GGG GTG AAA TTC AGG AGG AAC CAG AAA ATT ATT AAA AAC TCA AGA TGC GTC AAA TGG CAA GTT ACG GCT AAA CAG TGG CAA CCA ACT GAA GAG GAA GGC TCT AAA ACT TTC ACT GCC TCA AAT AAT GCA GAT GCA ACA AGC ATG TAC CCA CTA 
Colius_striatus                 ATG GCA ACG ACA GAC TTT TAT TAT AAC TTC TCC ATC GTT GAT CCA GAC GAA AAT GGA AGT GAG AAT TTT CAC ACG TTT AGA GTC TTC CTG CCC TGT ACC TAC TCG GTT GTT TTC ATC CTG GGG CTA GCA GGA AAC ACA CTG GTC TTT GTC ATA CTG GTT TTC TAT GAG AAG CTG AAG ATG CTG ACA ATA TTT TTG CTG AAC TTG GCT GTA GCT GAC GTC TTC CTT TGG ACG CTG CCA TTC GCG CAT TCG GCC GCT CAG GAG TGG GCT TTC GGC ACG GTG GCG TGT CGT ATA TTG TAC ACT TCC ATG TTA ACC CTG ACA TCT ATC ACC TTT GAC AGG CTT GTT GCT ATT ACT TTT GCC ACC AAA GCA ATG TGT CAA ACC AAA CGA ACG ACG TGG GGC AAG GCA GTG TGT GTC TTG ATC TCA CTA GGC TTT GCC ACA CCA CAG TTT ATT TTT AGT GAG GTG AGC ATT GAT AAG GCG ATA TGT CAC GAA AAA TAC CCA AAC CAC GGC ACA GAA CTG GTT CTT GAA GTG ATC CAA GTG ACA CTT GGC TAT TTT ATT CCC ATG CTA GCC ATG ATC ATC TGC TCA CTA ATT GTT AGA ACC TTA CTG CAC GCC AGG AAT TTC CAA AAG AAG AAA TCT CTC AAA ATA TTT TCT GTA GTT GCC ATA TTT ATT CTG ACT CAG TCA CCT TAT ACT TTC CTG AGA CTC ATA AAG ATC ATA GAC TGG AGC TTT AAC TTG AAC AGC AGC TTT GAA TAT GCA ATC ATC GTA ACA GAA GCT CTC GCT TAC CTC CAC GGC TGT CTC AAC CTG TAT TTC TTC ATG GGG GTC AAA TTC AGG AGG AAC AGG AAA ATT ATT AAG AGT TTA AGA TGC ATC AAA GGG AGA GTT ACA GCG AAG CAC TGG CAA ACC ACT GAA GAG GAA GGC TCT AAA ACA TTT ACT GCC TCC AAT AAC GCA GAT GCC ACA AGC ATG GAT CCG CTA 



Printing out site pattern counts


         8        693  P

Serinus_canaria                 AAA AAA AAA AAA AAA AAA AAA AAA AAA AAA AAC AAC AAC AAC AAC AAC AAC AAG AAG AAT AAT AAT AAT ACA ACA ACA ACA ACA ACA ACC ACC ACC ACC ACC ACT ACT ACT ACT ACT ACT ACT ACT ACT AGA AGA AGA AGA AGA AGC AGC AGC AGC AGT AGT AGT AGT ATA ATA ATA ATA ATA ATA ATC ATC ATC ATC ATC ATG ATG ATG ATG ATG ATG ATG ATT ATT ATT ATT ATT ATT ATT ATT ATT CAA CAA CAA CAA CAA CAC CAC CAC CAG CAG CAG CAG CAG CAG CAT CAT CAT CCA CCA CCA CCA CCC CCC CCC CCC CGC CTA CTA CTA CTC CTC CTC CTG CTG CTG CTG CTG CTG CTG CTT CTT CTT CTT CTT CTT CTT GAA GAA GAA GAC GAC GAC GAG GAG GAT GAT GAT GCA GCA GCA GCA GCA GCA GCC GCC GCC GCC GCT GCT GCT GCT GCT GCT GCT GCT GCT GGA GGA GGC GGG GTA GTA GTA GTA GTA GTC GTC GTG GTG GTT GTT GTT GTT GTT GTT GTT TAC TAC TAC TAT TAT TAT TAT TAT TAT TAT TAT TAT TAT TCA TCA TCA TCA TCC TCT TCT TCT TCT TGC TGC TGG TGG TGG TGG TGT TGT TGT TGT TGT TGT TTA TTA TTA TTA TTA TTC TTC TTC TTG TTG TTG TTT TTT TTT TTT TTT TTT TTT 
Falco_peregrinus                ... ... ... ..C ..C ..G .G. .T. C.. G.. ... ... ... ... ... .G. G.. ... G.. ... ... .G. .G. ... ... ... ... ..T GTG ..A ..A ... ... ..T .AC .A. ..C ... ... ... ... .TC G.. .AT ... ..G G.. G.G .A. .A. ... G.G .A. ..G ... GT. .A. ... ... C.. TC. T.. ... ... ... G.. T.. .C. .C. ... ... GA. G.. G.. .C. ..C ..C ..G ..G ... ... ... T.. A.. ... ..G .G. .T. ATG ..G .GG ... ... ... .G. .T. .T. ..C .G. TG. ... ... ..C ..G ..A ... ... ... ... ... ... TAT GC. T.. T.T A.A ..A ... ... ... ..T T.. A.A ... ... ... ... T.C T.. ... ... ... ... ..T ..T ... ... ... ... .GC A.. ... ... ... ... ... A.T ..A ... .G. ..C ..C ... ... ... ... .GC .G. .T. .C. ... ... ..C A.. A.. C.. ... T.G ... ... ... ... AGA A.. A.. .C. ..C ... ... ... ... ... A.. A.. C.. ... ... ... ... ... ... .G. ... ... ..G .TT ... A.. ... ... .G. ... ..T A.T ... ... ... CA. .A. .C. ..C ... ... A.. C.G .C. ... ... ... ..G ..T C.. ... ... A.. C.. .CA ..C ..C ... ... 
Falco_tinnunculus               ... ... ... ..C ..C ..G .G. .T. C.. G.. ... ... ... ... ..T .G. G.. ... G.. ... ... .G. .G. ... ... ... ... ..T GTG ..A ..A ... ... ..T .AC .A. ..C ... ... ... ... .TC G.. .AT ... ..G G.. G.G .A. .A. ... G.G .A. ..G ... GT. .A. ... ... C.. TC. T.. ... ... ... G.. T.. .C. .C. ... ... GA. G.. G.. .C. ..C ..C ..G ..G ... ... G.. T.. A.. ... ..G .G. .T. ATG ..G .GG ... ... ... .G. .T. .T. ..C .G. TG. ... ... ..C ... ..A ... ... ... ... ... ... TAT GC. T.. T.T A.A ..A ... ... ... ..T T.. A.A ... ... ... ... T.C T.. ... ... ... ... ... ..T ... ... ... ... .GC A.. ... ... ... ... ... ATT ..A ... .G. ..C ..C ... ... ... ... .GC ... .T. .C. ... ... ..C A.. A.. C.. ... T.G ... ... ... ... AGA A.. A.. .C. ..C ... ... ... ... ... A.. A.. C.. ... ... ... ... ... ... .G. ... ... ... .TT ... A.A ... ... .G. ... ..T A.T ... ... ... CA. .A. .C. ..C ... ... A.. C.G .C. ... ... ... ..G ..T C.. ... ... A.. C.. .CA ..C ..C ... ... 
Aquila_chrysaetos               ... ... ... ..C ..T ..G .G. .T. C.. G.. ... ... ... ..T ..T .G. G.. ... G.A ... ... .G. .G. ... ... ... .T. ..T .TG ... ..T ... ... ..T .AC .T. ..C ..C ... ... ... .T. G.. ... ... ..G G.. G.G .A. ... ... G.G .A. ..G ... GC. .A. ... ... C.. TC. ... ... ... ... ... T.. .CA .C. ... ... GA. ... G.. .C. ..C ... ..G ..G ... ... ... T.. A.. ... ..G .G. .T. ATG ..G ..G ... ... ... .G. .TA .T. ..C .G. TG. ... ... ..C .AG ..A ... ... ... .A. ... ... TAT GCT T.. T.T A.A A.. .A. ... ..T ..T T.. A.A ... ... ... ... T.C T.. ... ... ... ... ... ..T ... ... ... ... .GC ... A.. ... ... ... ... .T. ..A ... .G. ..C ..G ... ... ... ... .GC ... ... .C. ... ... ..C A.. A.. C.. ... T.T ... ... A.. ... ACA A.. A.. .C. ..C A.. ... ... ... ..T A.C A.. C.C ..C ... ... ... ... ... .G. ... ... ... .TT ... A.. ... ... .G. ... ..T A.T C.. C.. ... CA. CA. .C. ..C ..C ... A.. ... .C. C.. ... ... ..G ..T C.. C.. ... A.. ... .CG ..C ..C ... ... 
Haliaeetus_leucocephalus        ... ... ... ..C ..T ..G .G. .T. C.. G.. ... ... ... ..T ..T .G. G.. ... G.A ... ... .G. .G. ... ... ... .TG ..T .TG ... ..T ... ... ..T .AC .T. ..C ..C ... ... ... .T. G.. ... ... ..G G.. G.G .A. ... ... G.G .A. ..G ... GC. .A. ... ... C.. TC. ... ... ... ... ... T.. .C. .CA ... ... GA. ... G.. .C. ..C ... ..G ..G ... ... ... T.. A.. ... ..G .G. .T. ATG ..G ..G ... ... ... .G. .T. .T. ... .G. TG. ... ... ..C .AG ..A ... ... ... .A. ... ... TAT GC. T.. T.T A.A A.. .G. ... ..T ..T T.. A.A ... ... ... ... T.C T.. ... ... ... ... ... ..T ... ... ... ... .GC ... A.. ... ... ... ... .T. ..A ... .G. ..C ..A ..C ... ... .T. .GC ... ... .C. ... ... ..C A.. A.. C.. ... T.G ... ... ... ... ACA A.. A.. .C. ..C ... ... ... ... ..T A.C A.. C.C ..C ... ... ... ... ... .G. ... ... ... .TT ... A.. ... ... .G. ... ..T A.T C.. ... ... CA. CA. .C. ..C ..C ... A.. ... .CC C.. ... ... ..G ..T C.. C.. ... A.. ... .CG ..C ..C ... ... 
Tyto_alba                       ... ... ... ..C ..C ..G .G. .T. C.. G.. ... ... ... ... ..T .G. G.. ... G.. ... ... .G. .G. ... ... .T. G.. .AT .TG ... ... ... ... ..T .AC .T. ..C ..C ... ... T.. .T. G.. .C. ... ..G G.. G.G .A. ... ... G.G .A. ..G ... GT. .A. ... ... C.G TC. ... ... ... ... ... T.. .CA .C. ... ... GA. ... G.. .C. ..C ... ..G ..G ... ... ... T.. A.. ... ..G .G. .T. ATG ..G ..G ... ... .CA .G. .T. .T. ..C .G. TGC ..G T.. ..C ..G ..A ... ... ... .A. ... ... TAT G.T T.. T.T A.A ... ... ... ... ..T T.. A.A ..A ... ... ... T.C T.. ... ... ... ..T ... ..T ... ... ... ... .GC ..C ... A.. ... ... ... AT. ..A ... .G. ..C ..C ... ..C ... ... .GC ..A ... .C. ... ... ..C A.. ... C.. ... T.G A.. ... ... ... ACA A.A A.. .C. ..C ... ... ... ... ..T A.. A.. C.. ... ..C ..C ... ... ... .G. ... ... ... .TT ... A.. ... ... .G. ... ..T A.T C.. ... ... CA. CA. .C. ..C ... ... A.. ... .C. ... ... ... ..G ..T C.A ... ... A.. ... .CG ..C ..C ... ... 
Leptosomus_discolor             ... ... ..G ..C ..C ..G .G. .T. C.. G.. ... ... .G. ... ... .G. G.. ... G.. ... ... .GC .G. ... T.. ... ..G ..T .TG ... ..T ... C.A ..T .AC .T. ..C ... ... ... ... .TC G.. .A. ... ..G ... G.G .A. ... ... G.G .A. ..G ... GT. .A. .C. ... C.G TC. ... ... ... ..T ... T.. .C. .CA ... ... GA. ... G.. .C. ..C ... ..G ..G ... ... ... T.. A.. ... ..G .G. .T. ATG ..G ..G ... G.. ... .G. .T. .TT ..C .G. TG. ... ... ..C ... ..A ... ... ... ... ... ... TAT GC. T.. T.T G.A ... ... ... ... ..T T.. A.A ... ... ... ... T.C T.. ... ... ..G ... ..T ..T ..C ... ... ... .GC ..G ... ... ... ... ... .T. ..A ... .G. ..C ..C ... ... ... ... .GC ... ... .C. ... ... ..C A.. ... C.. ... T.G ... ... ... ... ACA A.. A.. AC. ..C ... ... ... ... ... A.C A.. C.. ... ... ... ... ... ... .G. ... ... ... .TT ... A.. ... ... .G. ... ..T A.T ... ... ... CAC CA. .C. ..C ... ... A.. ... .C. ... ... ... ..G ..T C.. ... ... A.. ... ..G ..C ..C ..C ... 
Colius_striatus                 ... ..G ... ..C .GT ..G .G. .T. .G. G.. ... ..G ... ... ..T .G. G.. ... G.. ..C ... .G. .GC ... ... ..G ... ..G .TG ... ..T ... ... ..T .AC GT. ..A ..G ..C ... ... .TC G.. ... ... ..G G.. G.G .A. ... ... G.G .AC ..G .A. GT. .AG G.. ... C.C TC. ... ... G.G ... ... T.. .CA .C. .CC ... GA. ... G.C GC. ..C ... .CG ..G ... G.. ... T.. A.G ... ..G .G. .T. ATG ..G AGG ... ..C ..C AG. .T. .T. ..C .G. TG. ... ... ..C ..G ..A ..A ... ..T G.. ... ..G TAT GC. T.. T.. A.A ... ... ... ... ..T T.. A.A ..C ..C ..G ... T.C T.. A.. ... ... ... ... ..T ... ... ..C ... .GC A.. ..G A.. ... ..G .GC AT. ... ... .G. ..C ..C ... ..C ... ..G .GC ..C ... .C. ... ... ..C A.. ... C.. ... T.G ... ... ... ... ACG A.. A.. ... ..C ... ... G.T ... ..T G.C A.. C.C ... ..C ... C.. ..C ... .G. ... .T. ..C .TC ... A.A ..G ... .G. ... ..T A.T G.. ... ... CAC CAC .C. ..C ... ... A.. GC. .CC ... ... ... C.G ..T C.C ... ... A.. ... .CG C.C ..C ... ... 

    7    2    1    1    1    1    1    1    1    4    2    1    1    1    1
    1    1    3    1    1    1    1    1    4    1    1    1    1    1    1
    1    3    1    1    1    1    1    1    1    3    1    1    1    1    2
    2    1    1    1    1    2    1    1    1    1    1    1    1    2    1
    1    1    6    1    1    1    1    1    1    1    4    1    1    1    1
    1    1    1    1    2    2    1    1    1    4    1    1    1    1    1
    1    1    1    1    1    1    1    1    1    1    1    1    1    1    1
    1    1    1    1    3    2    1    1    1    1    1    1    1    4    1
    1    1    1    1    1    2    3    1    1    1    3    1    1    1    1
    1    2    1    2    1    1    1    1    4    2    1    1    1    1    1
    2    1    1    1    3    1    1    1    1    1    1    1    1    1    1
    1    1    1    1    3    1    3    1    1    2    1    1    1    3    1
    2    1    1    1    1    1    1    1    1    1    3    1    2    1    1
    1    1    1    1    3    1    1    1    1    1    1    4    1    1    1
    1    1    1    1    1    1    1    1    4    1    1    1    1    2    1
    1    1    1    3    1   11

CODONML (in paml version 4.9, March 2015)  Serinus_canaria.aln.faa
Model: several dN/dS ratios for branches for branches,  omega = 1.000 fixed

Codon frequency model: F1x4
ns =   8  ls = 320

Codon usage in sequences
--------------------------------------------------------------------------------------------------------------------------------------
Phe TTT  19  17  17  19  18  18 | Ser TCT   6   5   5   5   5   6 | Tyr TAT  12  10  10   9   9   8 | Cys TGT   6   6   6   5   5   5
    TTC   6  11  11  11  11  11 |     TCC   1   1   1   1   2   1 |     TAC   4   4   4   4   4   5 |     TGC   2   2   2   3   3   3
Leu TTA   5   3   3   2   2   3 |     TCA   5   6   7   6   5   7 | *** TAA   0   0   0   0   0   0 | *** TGA   0   0   0   0   0   0
    TTG   4   6   6   4   5   6 |     TCG   0   1   0   1   1   1 |     TAG   0   0   0   0   0   0 | Trp TGG   7   6   6   4   5   5
--------------------------------------------------------------------------------------------------------------------------------------
Leu CTT  10   9   9   9   9   7 | Pro CCT   0   0   0   0   0   0 | His CAT   3   2   2   2   3   3 | Arg CGT   0   1   1   1   1   1
    CTC   3   0   0   0   0   0 |     CCC   4   4   4   4   4   4 |     CAC   3   1   1   3   2   2 |     CGC   1   1   1   0   0   0
    CTA   6   9   9  10   9   9 |     CCA   4   3   4   3   3   2 | Gln CAA   8   5   5   5   5   5 |     CGA   0   1   1   1   1   1
    CTG  10  10  10   7   8  10 |     CCG   0   1   0   0   0   2 |     CAG   6   5   5   8   7   5 |     CGG   0   2   2   3   3   2
--------------------------------------------------------------------------------------------------------------------------------------
Ile ATT  11   9   9  13  12  11 | Thr ACT  11  11   9  10  10   7 | Asn AAT   4   7   8   7   7   7 | Ser AGT   4   4   4   4   4   4
    ATC  10  11  11  10  10  12 |     ACC   7   5   5   7   7   8 |     AAC   8  11  10   8   8   9 |     AGC   5   3   3   4   4   4
    ATA   7   9   9  11  10  11 |     ACA   9  10  11   9   9   9 | Lys AAA  20  12  12  12  12  12 | Arg AGA   7   4   4   4   4   3
Met ATG  10   8   8  12  12  10 |     ACG   0   2   2   1   1   1 |     AAG   4   4   4   4   4   4 |     AGG   0   3   3   3   3   3
--------------------------------------------------------------------------------------------------------------------------------------
Val GTT  10   6   7   3   5   6 | Ala GCT  12   8   9  12   9   8 | Asp GAT   4   5   4   4   4   5 | Gly GGT   0   1   0   0   0   0
    GTC   4   6   6   6   6   4 |     GCC   4   5   5   3   5   6 |     GAC   3   2   3   3   3   2 |     GGC   1   5   5   5   5   5
    GTA   5   1   1   1   1   2 |     GCA  10  11  11  11  12  12 | Glu GAA   5   9   9  10  10   9 |     GGA   2   2   2   2   2   2
    GTG   4   7   7   4   5   5 |     GCG   0   0   0   1   0   0 |     GAG   3   5   5   4   4   5 |     GGG   1   2   2   2   2   2
--------------------------------------------------------------------------------------------------------------------------------------

----------------------------------------------------------------------
Phe TTT  17  16 | Ser TCT   5   4 | Tyr TAT   9   7 | Cys TGT   6   6
    TTC  12  12 |     TCC   1   3 |     TAC   4   4 |     TGC   2   2
Leu TTA   3   3 |     TCA   7   3 | *** TAA   0   0 | *** TGA   0   0
    TTG   7   5 |     TCG   0   2 |     TAG   0   0 | Trp TGG   6   5
----------------------------------------------------------------------
Leu CTT   9   4 | Pro CCT   0   1 | His CAT   2   1 | Arg CGT   1   1
    CTC   0   5 |     CCC   4   2 |     CAC   2   6 |     CGC   1   0
    CTA   7   5 |     CCA   5   4 | Gln CAA   5   4 |     CGA   1   1
    CTG  10  14 |     CCG   0   1 |     CAG   5   3 |     CGG   1   0
----------------------------------------------------------------------
Ile ATT  12   8 | Thr ACT  12   6 | Asn AAT   4   4 | Ser AGT   3   3
    ATC  10  11 |     ACC   5   7 |     AAC  10   9 |     AGC   6   5
    ATA   7   8 |     ACA   8  11 | Lys AAA  12   9 | Arg AGA   4   5
Met ATG  10   8 |     ACG   2   6 |     AAG   5   9 |     AGG   3   5
----------------------------------------------------------------------
Val GTT   5   9 | Ala GCT   9   7 | Asp GAT   5   4 | Gly GGT   0   0
    GTC   6   6 |     GCC   5   8 |     GAC   3   5 |     GGC   5   7
    GTA   3   3 |     GCA  11   6 | Glu GAA   8   8 |     GGA   1   2
    GTG   5   5 |     GCG   1   4 |     GAG   6   5 |     GGG   2   3
----------------------------------------------------------------------

Codon position x base (3x4) table for each sequence.

#1: Serinus_canaria
position  1:    T:0.24063    C:0.18125    A:0.36563    G:0.21250
position  2:    T:0.38750    C:0.22813    A:0.27188    G:0.11250
position  3:    T:0.35000    C:0.20625    A:0.29063    G:0.15313
Average         T:0.32604    C:0.20521    A:0.30938    G:0.15938

#2: Falco_peregrinus
position  1:    T:0.24375    C:0.16875    A:0.35313    G:0.23438
position  2:    T:0.38125    C:0.22813    A:0.25625    G:0.13437
position  3:    T:0.31563    C:0.22500    A:0.26562    G:0.19375
Average         T:0.31354    C:0.20729    A:0.29167    G:0.18750

#3: Falco_tinnunculus
position  1:    T:0.24375    C:0.16875    A:0.35000    G:0.23750
position  2:    T:0.38438    C:0.22813    A:0.25625    G:0.13125
position  3:    T:0.31250    C:0.22500    A:0.27500    G:0.18750
Average         T:0.31354    C:0.20729    A:0.29375    G:0.18542

#4: Aquila_chrysaetos
position  1:    T:0.23125    C:0.17500    A:0.37188    G:0.22188
position  2:    T:0.38125    C:0.23125    A:0.25938    G:0.12813
position  3:    T:0.32188    C:0.22500    A:0.27188    G:0.18125
Average         T:0.31146    C:0.21042    A:0.30104    G:0.17708

#5: Haliaeetus_leucocephalus
position  1:    T:0.23438    C:0.17188    A:0.36563    G:0.22813
position  2:    T:0.38438    C:0.22813    A:0.25625    G:0.13125
position  3:    T:0.31563    C:0.23125    A:0.26562    G:0.18750
Average         T:0.31146    C:0.21042    A:0.29583    G:0.18229

#6: Tyto_alba      
position  1:    T:0.24688    C:0.16563    A:0.35938    G:0.22813
position  2:    T:0.39062    C:0.23125    A:0.25312    G:0.12500
position  3:    T:0.30000    C:0.23750    A:0.27188    G:0.19063
Average         T:0.31250    C:0.21146    A:0.29479    G:0.18125

#7: Leptosomus_discolor
position  1:    T:0.24688    C:0.16563    A:0.35313    G:0.23438
position  2:    T:0.38438    C:0.23438    A:0.25000    G:0.13125
position  3:    T:0.30938    C:0.23750    A:0.25625    G:0.19688
Average         T:0.31354    C:0.21250    A:0.28646    G:0.18750

#8: Colius_striatus
position  1:    T:0.22500    C:0.16250    A:0.35625    G:0.25625
position  2:    T:0.38125    C:0.23438    A:0.24375    G:0.14062
position  3:    T:0.25312    C:0.28750    A:0.22500    G:0.23438
Average         T:0.28646    C:0.22812    A:0.27500    G:0.21042

Sums of codon usage counts
------------------------------------------------------------------------------
Phe F TTT     141 | Ser S TCT      41 | Tyr Y TAT      74 | Cys C TGT      45
      TTC      85 |       TCC      11 |       TAC      33 |       TGC      19
Leu L TTA      24 |       TCA      46 | *** * TAA       0 | *** * TGA       0
      TTG      43 |       TCG       6 |       TAG       0 | Trp W TGG      44
------------------------------------------------------------------------------
Leu L CTT      66 | Pro P CCT       1 | His H CAT      18 | Arg R CGT       7
      CTC       8 |       CCC      30 |       CAC      20 |       CGC       4
      CTA      64 |       CCA      28 | Gln Q CAA      42 |       CGA       7
      CTG      79 |       CCG       4 |       CAG      44 |       CGG      13
------------------------------------------------------------------------------
Ile I ATT      85 | Thr T ACT      76 | Asn N AAT      48 | Ser S AGT      30
      ATC      85 |       ACC      51 |       AAC      73 |       AGC      34
      ATA      72 |       ACA      76 | Lys K AAA     101 | Arg R AGA      35
Met M ATG      78 |       ACG      15 |       AAG      38 |       AGG      23
------------------------------------------------------------------------------
Val V GTT      51 | Ala A GCT      74 | Asp D GAT      35 | Gly G GGT       1
      GTC      44 |       GCC      41 |       GAC      24 |       GGC      38
      GTA      17 |       GCA      84 | Glu E GAA      68 |       GGA      15
      GTG      42 |       GCG       6 |       GAG      37 |       GGG      16
------------------------------------------------------------------------------


Codon position x base (3x4) table, overall

position  1:    T:0.23906    C:0.16992    A:0.35938    G:0.23164
position  2:    T:0.38438    C:0.23047    A:0.25586    G:0.12930
position  3:    T:0.30977    C:0.23438    A:0.26523    G:0.19063
Average         T:0.31107    C:0.21159    A:0.29349    G:0.18385

Codon frequencies under model, for use in evolver (TTT TTC TTA TTG ... GGG):
  0.03203356  0.02178926  0.03022338  0.01893319
  0.02178926  0.01482107  0.02055797  0.01287837
  0.03022338  0.02055797  0.00000000  0.00000000
  0.01893319  0.01287837  0.00000000  0.01119031
  0.02178926  0.01482107  0.02055797  0.01287837
  0.01482107  0.01008131  0.01398355  0.00875988
  0.02055797  0.01398355  0.01939626  0.01215063
  0.01287837  0.00875988  0.01215063  0.00761166
  0.03022338  0.02055797  0.02851548  0.01786329
  0.02055797  0.01398355  0.01939626  0.01215063
  0.02851548  0.01939626  0.02690410  0.01685386
  0.01786329  0.01215063  0.01685386  0.01055796
  0.01893319  0.01287837  0.01786329  0.01119031
  0.01287837  0.00875988  0.01215063  0.00761166
  0.01786329  0.01215063  0.01685386  0.01055796
  0.01119031  0.00761166  0.01055796  0.00661395



Nei & Gojobori 1986. dN/dS (dN, dS)
(Note: This matrix is not used in later ML. analysis.
Use runmode = -2 for ML pairwise comparison.)

Serinus_canaria     
Falco_peregrinus     0.6015 (0.1695 0.2817)
Falco_tinnunculus    0.6221 (0.1712 0.2751) 0.1808 (0.0041 0.0226)
Aquila_chrysaetos    0.5333 (0.1695 0.3178) 0.3017 (0.0410 0.1360) 0.3033 (0.0396 0.1306)
Haliaeetus_leucocephalus 0.5326 (0.1670 0.3136) 0.2604 (0.0375 0.1439) 0.2605 (0.0361 0.1384) 0.2527 (0.0095 0.0376)
Tyto_alba            0.5246 (0.1707 0.3254) 0.2624 (0.0383 0.1458) 0.2625 (0.0368 0.1403) 0.2350 (0.0303 0.1290) 0.1661 (0.0266 0.1600)
Leptosomus_discolor  0.5312 (0.1622 0.3053) 0.3370 (0.0375 0.1114) 0.3097 (0.0361 0.1166) 0.2195 (0.0338 0.1540) 0.1988 (0.0289 0.1454) 0.1970 (0.0318 0.1612)
Colius_striatus      0.3795 (0.2029 0.5347) 0.1776 (0.0616 0.3471) 0.1807 (0.0602 0.3330) 0.1890 (0.0621 0.3286) 0.1727 (0.0585 0.3385) 0.1810 (0.0571 0.3155) 0.1677 (0.0607 0.3620)


TREE #  1:  (((7, 8), 6), (5, 4), (1, (2, 3)));   MP score: 313
lnL(ntime: 13  np: 15):  -2857.285423      +0.000000
   9..10   10..11   11..7    11..8    10..6     9..12   12..5    12..4     9..13   13..1    13..14   14..2    14..3  
 0.001609 0.000004 0.087175 0.296445 0.099312 0.071039 0.021962 0.025931 0.000004 0.522760 0.080356 0.015335 0.009581 3.982810 0.273350

Note: Branch length is defined as number of nucleotide substitutions per codon (not per neucleotide site).

tree length =   1.23151

(((7: 0.087175, 8: 0.296445): 0.000004, 6: 0.099312): 0.001609, (5: 0.021962, 4: 0.025931): 0.071039, (1: 0.522760, (2: 0.015335, 3: 0.009581): 0.080356): 0.000004);

(((Leptosomus_discolor: 0.087175, Colius_striatus: 0.296445): 0.000004, Tyto_alba: 0.099312): 0.001609, (Haliaeetus_leucocephalus: 0.021962, Aquila_chrysaetos: 0.025931): 0.071039, (Serinus_canaria: 0.522760, (Falco_peregrinus: 0.015335, Falco_tinnunculus: 0.009581): 0.080356): 0.000004);

Detailed output identifying parameters

kappa (ts/tv) =  3.98281

w (dN/dS) for branches:  0.27335 1.00000

dN & dS for each branch

 branch          t       N       S   dN/dS      dN      dS  N*dN  S*dS

   9..10     0.002   683.8   276.2  0.2733  0.0003  0.0011   0.2   0.3
  10..11     0.000   683.8   276.2  0.2733  0.0000  0.0000   0.0   0.0
  11..7      0.087   683.8   276.2  0.2733  0.0165  0.0602  11.3  16.6
  11..8      0.296   683.8   276.2  0.2733  0.0560  0.2048  38.3  56.6
  10..6      0.099   683.8   276.2  0.2733  0.0188  0.0686  12.8  19.0
   9..12     0.071   683.8   276.2  0.2733  0.0134  0.0491   9.2  13.6
  12..5      0.022   683.8   276.2  0.2733  0.0041  0.0152   2.8   4.2
  12..4      0.026   683.8   276.2  0.2733  0.0049  0.0179   3.3   4.9
   9..13     0.000   683.8   276.2  0.2733  0.0000  0.0000   0.0   0.0
  13..1      0.523   683.8   276.2  1.0000  0.1743  0.1743 119.2  48.1
  13..14     0.080   683.8   276.2  0.2733  0.0152  0.0555  10.4  15.3
  14..2      0.015   683.8   276.2  0.2733  0.0029  0.0106   2.0   2.9
  14..3      0.010   683.8   276.2  0.2733  0.0018  0.0066   1.2   1.8

tree length for dN:       0.3081
tree length for dS:       0.6640

dS tree:
(((Leptosomus_discolor: 0.060240, Colius_striatus: 0.204848): 0.000003, Tyto_alba: 0.068626): 0.001112, (Haliaeetus_leucocephalus: 0.015176, Aquila_chrysaetos: 0.017919): 0.049089, (Serinus_canaria: 0.174253, (Falco_peregrinus: 0.010597, Falco_tinnunculus: 0.006621): 0.055528): 0.000003);
dN tree:
(((Leptosomus_discolor: 0.016467, Colius_striatus: 0.055995): 0.000001, Tyto_alba: 0.018759): 0.000304, (Haliaeetus_leucocephalus: 0.004148, Aquila_chrysaetos: 0.004898): 0.013418, (Serinus_canaria: 0.174253, (Falco_peregrinus: 0.002897, Falco_tinnunculus: 0.001810): 0.015178): 0.000001);

w ratios as labels for TreeView:
(((Leptosomus_discolor #0.27335 , Colius_striatus #0.27335 ) #0.27335 , Tyto_alba #0.27335 ) #0.27335 , (Haliaeetus_leucocephalus #0.27335 , Aquila_chrysaetos #0.27335 ) #0.27335 , (Serinus_canaria #1 , (Falco_peregrinus #0.27335 , Falco_tinnunculus #0.27335 ) #0.27335 ) #0.27335 );


Time used:  0:11
