
Before deleting alignment gaps
      9   1038

Alligator_mississippiensis      ATG GAA ATG --- GAT TTA AGT TAC CTG TAT GGT AAC CTC ACA CCC ATT GAT TTC AGC TTG AAT GAG AAA TTC TTC GCC TTT AGC AAA ATC TTT NNN GCC TTT ATG TAT TCA TTT GCT TCT GTC TTT GGG CTG ATG GGA AAC NNN CTC --- CTT AAC ATG TAC ATT CTC TAT GAG AAA TTT AAG ACC CTA CCA GAT GTA TTT TTG GTT ACC NNN GCT GGC TTG GTT AAT GAT GAC CTA CTT TTT TTT TAC ATC CTG CCA TTC NNN ACA TAT TCT GCT GCT TAC AAG TGG ATT TTT GAC ACC ACA ATG TGT TGT ATT ATA NNN AGC ATT TAT AAC TTG AAT CTC TAC ACT TCA GTG TTG ACA TTA ACC TGT ATA AGT ACT GTC AGG TTT ATT GCT ATT GCT CAA GCA ACC AAA GCC AAT GTG AGT CAA GCC AAA ATA ATG GTG TGG GGC AAA GCA GTC TGT ATT TTG GTA TGG ATG ATA TCA GTA GCA TTT GCC ATG TCA CAG TTT ATT TAT AGT ACA CAG --- --- --- --- --- --- --- --- --- --- --- --- --- --- --- --- --- --- --- --- TTC AAA TGT TTC --- --- --- --- --- --- --- --- --- --- --- --- --- ATA TTC TGT TTC CAG TTG CTT GTT GAG NNN TTG CCT ATG GCT TAC CCT TTC AAC CTG AAC AAA TAT TTA TCA --- --- --- AGC AAA CAT TTT TTT TTT AAA GCT ACA GAT --- --- --- --- --- --- --- --- --- GAA AAC ACA CAA CTA AAA GTT AAA TTA CAA TAC --- --- --- --- --- --- --- --- --- --- --- --- --- --- ATG CCT GCG GTC CAT TCC CTA ACT TTT AGA ATT CTG ATT NNN TTA AAA CTC CTA AAG GAA --- --- --- --- --- --- --- --- --- ACA ATT AAT CAC TTG TCC TTT --- --- --- --- --- --- --- --- --- --- --- --- --- --- --- --- --- --- --- --- --- --- --- --- AAA ATG ATT AGC ACA 
Chelonoidis_abingdonii          ATG GAG CTT CCA GAA TGT TAT TAC CCA GAC CTT AAC CTC ACG TGC AAC GAT TAC AAT GAG AAT GAA CAT TTT CTC AAG GCC AGC AAA ATC TTT CTG CCC TGT ATG TAT GCA TTA GCT TTT GCC TTT GGG CTG ATA GGA AAT TCT TTG GTC CTT ATC ATA TAC ATT TTC TGT GAG AAA CTG AAG ACA CTG ACA GAT GTA TTT TTA GTG AGC TTG GCT --- --- --- ACA GCA GAC TTG CTT TTC CTT TCC ACC TTG CCA TTC TGG GCA TAT TCT GCT GCT CAC GAA TGG ATT TTT GGC TCC TTA ATG TGT AAA ATT ATA CGG GGC CTG TAC ACT TTG AAT CTG TAC ACT TCA ATG TTA ACG CTC ACT TGT ATA ACT ATT GAC AGG TTT ATT GCT ATT GCC CAA GCC ACA AAA GCC CAC ATG TGT CAA GCC AAA AGA ATG GTT TGG GGG AAA GTC ATC TGC ATT TTA GTT TGG GTG GTT TCA CTA GTA TTT GCA ATA CCA CAA TTT AAA TAC AGT ACA CAA TCG AAC TAC GAT AAG TCA GTC TGT CAT GCA GTA TAC CCT TCA CAG CTC ATA GAA TTG GCT TTT AAA GTA ATC CAA ATG ACC CTT GGA TTC TTT ATC CCC CTG CTA ACC ATG ATT ATC TGC TAC TCA ATA ATT ATC AAA ACT TTA CTT CAT GCC AGG AGT TTC CAA AAG CAC AAA TCC TTA AAA ATC ATA TTT TCC ATA GTA GTG GTG TTC ATT CTT ACT CAG TTA CCC TAC AAT TTA CTG ATA CTC ATA CGT AAT ATA CAT GTG GAA TTC AAC CTG GAC TAC AAT TTC GAC TCT GCG GTG GTC ATA ACA GAA GCA ATT GCT TAT CTC CAT GGC TGT CTC AAC CCC GTT CTG TAT TTC TTT ATT GGG GTG AAG TTC AGG AAG AAC TTC CAG AAA ATC ATT AAG AAC ATC ACA TGT GTT AAG CGC CAA GGT ATC GTG AAG CAA TGG CAA ACC ACT GAA GAG GAG GGC TCG AAA ACT TGT ACC GCC TCA CCC AAT GTA GAA GCA ACA AGC ATG TAT CCA TTA 
Gopherus_evgoodei               ATG GAG TTT TCA GAA TGT TAT TAC CCA GAC CTT AAC CTC ACC TGC AAC GAT TAC AGT GAG AAT GAA CAT TTT CTC AAG GCC AGC AAA ATC TTT CTG CCG TGT ATG TAT GCA TTA GCT TTT GCC TTT GGG CTG ATA GGA AAT TCT TTG GTC CTT ATC ATA TAC ATT TTC TGT GAG AAA CTG AAG ACA CTG ACA GAC GTA TTT TTA GTG AGC TTG GCT --- --- --- TCA GCA GAC TTG CTT TTC CTT TCC ACC TTG CCA TTC TGG GCA TAT TCT GCT GCA CAC GAG TGG ATT TTT GGC TCC TTA ATG TGT AAA ATT ATA CGG GGC CTG TAC ACT TTG AAT CTG TAC ACT TCA ATG TTA ACG CTC ACT TGT ATA ACT ATT GAC AGG TTT ATT GCT ATT GCC CAA GCC ACA AAA GCC CAC ATG TGT CAA GCC AAA AGA ATG GTT TGG GGG AAA GTC ATC TGC ATT TTA GTT TGG GTG GTT TCA CTA GCA TTT GCA ATA CCA CAA TTT AAA TAC AGT ACA CAA CTG AAT TAC GAT AAG TCA GTC TGT CAT GCA ATA TAC CCT TCA CAT CTC ATA GAA TTG GCT TTT AAA GTA TTC CAA ATG ACC CTT GGA TTC TTT ATT CCC ATG ATA ACC ATG ATT ATC TGC TAC TCA ATA ATT ATC AAA ACT TTA CTT CAT GCC AGG AGT TTC CAA AAG CAC AAA TCC TTA AAA ATC ATA TTT TCC ATA GTA GTG GTG TTC ATT CTT ACT CAG TTA CCC TAC AAT TTA CTG ATA CTC ATA CGC AAT ATA CAT GTG GAA TTC AAC CTG GAC TAC AAT TTC GAC TCT GCA GTG GTC ATA ACA GAA GCA ATT GCT TAT CTC CAT GGC TGT CTC AAC CCC GTT CTG TAT TTC TTT ATT GGG GTG AAG TTC AGG AAG AAC TTC CAG AAA ATC ATT AAG AAC ATC ACA TGT GTT AAG CGT CAA GGT ATT GTG AAG CAA TGG CAA ACC ACT GAA GAG GAG GGC TCG AAA ACT TAT ACC GCC TCA CCC AAT GTA GAA GCA ACA AGC ATG TAT CCA TTA 
Mauremys_reevesii               ATG GAG TTT CCA GAA TGT TAT TAC CCA GAC CTT AAC CTC ACC TGC AAC GAT TAC AGT GAG AAT GAA CAT TTT CTC AAG GCC AGC AAA ATC TTT CTG CCC TGT ATG TAT GCA TTA GCT TTT GCC TTT GGG CTG ATA GGA AAT TCT TTG GTC GTT ATC ATA TAC ATT TTC TGT GAG AAA CTG AAG ACA CTG ACA GAT GTA TTT TTA GTG AGC TTG GCT --- --- --- ACA GCA GAC TTG CTT TTC CTT TCC ACC TTG CCA TTC TGG GCA TAT TCT GCT GCT CAC GAG TGG ATT TTT GGA TCC TTA ATG TGT AAA ATT ATA CGG GGC CTG TAC ACT TTG AAT CTG TAC ACT TCA ATG TTA ACG CTC ACT TGT ATA ACT ATT GAC AGG TTT ATT GCT ATT GCC CAA GCC ACA AAA GCC CAC ATG TGT CAA GCC AAA AGA ATG GTT TGG GGG AAA CTC ATC TGC ATT TTA GTT TGG GTG GTT TCA CTA GCA TTT GCA ATA CCA CAA TTT AAA TAC AGT ACA CAA CTG AAC TAC GAT AAG TCA GTC TGT CAA TCA ATA TAC CCT TCA CAA CTC ATA GAA TTG GCT TTT ACA GTA TTC CAA ATG ACC CTT GGA TTC TTT ATC CCC ATG GTA ACC ATG ATT ATC TGC TAC TCA ATA ATT ATC AAA ACT TTA CTT CAT GCC AGG AGT TTC CAA AAG CAC AAA TCC TTA AAA ATC ATA TTT TCC ATA GTA GTG GTG TTC ATT CTT ACT CAG TTA CCC TAC AAT TTA CTG ATA CTC ATA CGC AAT ATA CAT GTG GAA TTC AAC CTG GAC TAC AAT TTC GAC TCT GCA GTG GTC ATA ACA GAA GCA ATT GCT TAT CTC CAT GGC TGT CTC AAC CCT GTT CTG TAT TTC TTT ATT GGG GTG AAG TTC AGG AAG AAC TTC CAG AAA ATC ATT AAG AAC ATC ACA TGT GTT AAG CGT CAA GGT ATC ATG AAG CCA TGG CAA ACC ACT GAA GAG GAT GGC TCG AAA ACT TGT ACC GCC TCA CCC AAT GTA GAA GCA ACA AGC ATG TAT CCA TTA 
Chrysemys_picta                 ATG GAG CTT CCA GAA TGT TAT TAC CCA GAC CTT AAC CTC ACG TGC AAC GAT TAC AAT GAA AAT GAA CAT TTT CTC CAG GCC AGC AAA ATC TTT CTG CCC TGT ATG TAT GCA TTA GCT TTC GCC TTT GGG CTG ATA GGA AAT TCT TTG GTC CTT ATC ATA TAC ATT TTC TGT GAG AAA CTG AAG ACA TTG ACG GAT GTA TTT TTA GTG AGC TTG GCT --- --- --- ACA GCA GAC TTG CTT TTC CTT TCC ACC TTG CCA TTC TGG GCA TAT TCT GCT GCT CAT GAG TGG ATT TTT GGC TCC TTG ATG TGT AAA ATT ATA CGG GGC CTG TAC ACT TTG AAT CTG TAC ACT TCA ATG TTA ACG CTC ACT TGT ATA ACT ATT GAC AGG TTT ATT GCT ATT GCC CAA GCC ACA AAA GCC CAC ATG TGT CAA GCC AAA AGA ATG GTT TGG GGG AAA GTC ATC TGC ATG TTA GTT TGG GTG ATT TCA CTA GCA TTT GCA ATG CCA CAA TTT AAA TAC AGT AGA CAA TCG AAC TAC GAT AAG TCA GTC TGT CAT GCA ATA TAC CCT TCA CAT CTC ATA GAG TTG GTT TTT AAA GTA CTC CAA ATG ACT CTT GGA TTC TTT ATC CCC ATG CTA ACC ATG ATT ATC TGC TAC TCA ATA ATT ATC AAA ACT TTA TTT CAT GCC AGG AGT TTC CAA AAG CAC AAA TCC TTA AAA ATA ATA TTT TCT ATA GTA GTG GTG TTC ATT CTT ACT CAG TTA CCC TAC AAT TTA TTG ATA CTC ATA CGC AAT ATA CAT GTG GAA TTC AAC CTG GAC TAC AAT TTC GAC TCT GCG GTG GTC ATA ACA GAA GCA ATT GCT TAT CTC CAT GGC TGT CTC AAC CCC GTT CTG TAT TTC TTT ATT GGG GTG AAG TTC AGG AAG AAC TTC CAG AAA ATC ATT AAG AAC ATC AGA TGT GTT AAG CGC CAA GGT ATC GTG AAG CAA TGG CAA ACC ACT GAA GAG GAG GGC TCG AAA ACT TGT ACT GCC TCA CCC AAT GTA GAA GCA ACA AGC ATG TAT CCA TTA 
Trachemys_scripta               ATG GAG CTT CCA GAA TGT TAT TAC CCA GAC CTT AAC CTC ACA TGC AAC GAT TAC AAT GAA AAT GAA CAT TTT CTC CAG GCC AGC AAA ATC TTT CTG CCC TGT ATG TAT GCA TTA GCT TTC GCC TTT GGG CTG ATA GGA AAT TCT TTG GTC CTT ATC ATA TAC ATT TTC TGT GAG AAA CTG AAG ACA TTG ACG GAT GTA TTT TTA GTG AGC TTG GCT --- --- --- ACA GCA GAC TTG CTT TTC CTT TCC ACC TTG CCA TTC TGG GCA TAT TCT GCT GCT CAT GAG TGG ATT TTT GGC TCC TTG ATG TGT AAA ATT ATA CGG GGC CTG TAT ACT TTG AAT CTG TAC ACT TCA ATG TTA ACG CTC ACT TGT ATA ACT ATT GAC AGG TTT ATT GCT ATT GCC CAA GCC ACA AAA GCC CAC ATG TGT CAA GCC AAA AGA ATG GTT TGG GGG AAA GTC ATC TGC ATG TTA GTT TGG GTG ATT TCA CTA GCA TTT GCA ATG CCA CAA TTT AAA TAC AGT AGA CAA TCG AAC TAC GAT AAG TCA GTC TGT CAT GCA ATA TAT CCT TCA CAT CTC ATA GAG TTG GTT TTT AAA GTA CTC CAA ATG ACC CTT GGA TTC TTT ATC CCC ATG CTA ACC ATG ATT ATC TGC TAC TCA ATA ATT ATC AAA ACT TTA TTT CAT GCC AGG AAT TTC CAA AAG CAC AAA TCC TTA AAA ATA ATA ATT TCT ATA GTA GTG GTG TTC ATT CTT ACT CAG TTA CCC TAC AAT TTA TTG ATA CTC ATA CGC AAT ATA CAT GTG GAA TTC AAC CTG GAC TAC AAT TTC GAC TCT GCG GTG GTC ATA ACA GAA GCA ATT GCT TAT CTC CAT GGC TGT CTC AAC CCC GTT CTG TAT TTC TTT ATT GGG GTG AAG TTC AGG AAG AAC TTC CAG AAA ATC ATT AAG AAC ATC AGA TGT GTT AAG CGC CAA GGT ATC GTG AAG CAA TGG CAA ACC ACT GAA GAG GAG GGC TCA AAA ACT TGT ACT GCC TCA CCC AAT GTA GAA GCA ACA AGC ATG TAT CCA TTA 
Terrapene_carolina              ATG GAG CTT CCA GAA TGT TAT TAC CCA GAC CTT AAC CTC ACG TGC AAC GAT GAC AAT GAA AAT GAA CAT TTT CTC AAG GCC AGC AAA ATC TTT CTG CCC TGT ATG TAT GCA TTA GCT TTT GCC TTT GGG CTG ATA GGA AAT TCT TTG GTC CTT ATC ATA TAC ATT TTC TGT GAG AAA CTG AAG ACA TTG ACG GAT GTA TTT TTA GTG AGC TTG GCT --- --- --- ACA GCA GAC TTG CTT TTC CTT TCC ACC TTG CCA TTC TGG GCA TAT TCT GCT GCT CAC GAG TGG ATT TTT GGC TCC TTG ATG TGT AAA ATT ATA CGG GGC CTG TAC ACT TTG AAT CTG TAC ACT TCA ATG TTA ACG CTC ACT TGT ATA ACT ATT GAC AGG TTT ATT GCT ATT GCC CAA GCC ACA AAA GCC CAC ATG TGT CAA GCC AAA AGA ATG GTT TGG GGG AAA GTC ATC TGC ATT TTA GTT TGG GTG ATT TCA CTA GCA TTT GCA ATG CCA CAA TTT AAA TAC AGT AGA CAA TCG AAC TAC GAT AAG TCA GTC TGT CAT GCA ATA TAC CCT TCA CAT CTC ATA GAG TTG GTT TTT AAA GTA CTC CAA ATG ACC CTT GGA TTC TTT ATC CCC ATG CTA ACC ATG ATT ATC TGC TAC TCA ATA ATT ATC AAA ACT TTA CTT CAT GCC AGG AGT TTC CAA AAG CAC AAA TCC TTA AAA ATA ATA TTT TCT ATA GTA GTG GTG TTC ATT CTT ACT CAG TTA CCC TAC AAT TTA TTG ATA CTC ATA CGC AAT ATA CAT GTG GAA TTC AAC CTG GAC TAC AAT TTC GAC TCT GCG GTG GTC ATA ACA GAA GCA ATT GCT TAT CTC CAT GGC TGT CTC AAC CCC ATT CTG TAT TTC TTT ATT GGG GTG AAG TTC AGG AAG AAC TTC CAG AAA ATC ATT AAG AAC ATC AGA TGT GTT AAG CGC CAA GGT ATC GTG AAG CAA TGG CAA ACC ACT GAA GAG GAG GGC TCG AAA ACT TGT ACT GCC TCA CCC AAT GTA GAA GCA ACA AGC ATG TAT CCA TTA 
Chelonia_mydas                  ATG GAG CTT CCA GAT TGT TAT TAC CCA GAC CTT AAC CTT ACG TGC AAC GAT TAC AAT GAG AAT GAA CAT TTT CTC AGG GCC AGC AAA ATC TTT CTG CCC TGT ATG TAT GCA TTT GCT TTT GCC TTC GGG CTG ATA GGA AAT TCT TTG GTC CTT ATC ATA TAC ATT TTC TGT GAG AAA CTG AAG ACG TTG ACA GAT GTA TTT TTA GTG AGC TTG GCT --- --- --- ACA GCA GAC TTG CTT TTC CTT TCC ACC TTG CCA TTC TGG GCA TAT TCT GCT GCT CGC GAG TGG ATT TTT GGC TCC TTG ATG TGT AAA ATT ATA CGG GGC CTG TAC ACT TTG AAT CTG TAC ACT TCA ATG TTA ACA CTC ACT TGT ATA ACT ATT GAC AGA TTT ATT GCT ATT GCC CAA GCC ACA AAA GCC CAC ATG TGT CAA GCC AAA AGA ATG GTT TGG GGG AAA GTG ATC TGC ATT TTA GTT TGG GTG ATT TCA CTA GCA TTT GCA ACG CCA CAA TTT AAA TAC AGT ACA CAA TCA AAC TAT GAT AAG TCA GTC TGT CAT GCA GTG TAT CCT TCA GAT CTC ACA GAA TTG GTT TTT AAA GTA CTT CAA ATG ACC CTT GGA TTC TTT ATC CCC ATG CTA ACC ATG ATT ATC TGC TAC TCA ATA ATT ATC AAA ACT TTA CTT CGT GCC AGG AGT TTC CAA AAA CAC AAA TCC TTA AAA ATA ATA TTT TCT ATA GTA GTG ACG TTC ATT CTT ACT CAG TTA CCC TAC AAT TTG TTG ATA CTC ATA CGC AAT ATA CAT GTG GAA TTC AAC CTG GAC TAC AAT TTC GAC TCT GCG GTG GTT ATA ACA GAA GCA ATT GCT TAT CTC CAT GGC TGT CTC AAC CCT GTT CTA TAT TTC TTT ATT GGG GTG AAG TTC AGG AAG AAC TTC CAG AAA ATC ATC AAG AAC ATC AGA TGT GTT AAG CGC CAA GGT ATT GTG AAG CAA TGG CAA ACC ACT GAA GAT GAG GGC TCG AAA ACT TGT ACT GCC TCA CCC AAT GTA GAA GCA ACA AGC ATG TAT CCA TTA 
Pelodiscus_sinensis             ATG GAG GAT CTG GAT TGT TAT TAC CCC GAG CTT AAC CTC ACG TGC AAC GAT TAT AGT GAG AGT GAT GAT TTT CTC AGG GCC AGC AAA ATT TTT CTG CCC TGT ATG TAT GCA TTA GCT TTT GTC TTT GGG CTG ATA GGA AAT GCT TTG GTC ATT ATC ATA TAC ATT TTC TGT GAA AAA CTG AAG ACA CTG ACA GAT GTA TTT TTA GTG AGC TTG GCT --- --- --- ACA GCT GAC TTG CTT TTT CTT TCT ACC TTG CCA TTC TGG GCA TAT TCT GCT GCT CAC GAG TGG ATT TTT GGC TCT GTG ACG TGT AAA ATT ATA CGG GGC CTG TAC ACT TTG AAT CTG TAT ACA TCA ATG CTA ACC CTC ACT TGT ATA ACT ATT GAG AGG TTT ATC GCT ATT GTC CAA GCC ACC AAA GCC CAT GTG AAT CAA GCC AAA AGA ATG GTG TGG GGG AAA GTT ATC TGC ATT TTA GTT TGG GTG ATG TCA GTA GTA TTT GCA ATA CCA CAA TTT ATA TAT AGT ACA CAA TCC ACA TAT GAT AAG TCA ATT TGT CAT GCA ACG TAC CCA TCC CGT CTC GTA GAA TTG GTT CTT AAA GTA CTT CAA ATG ACT CTT GGA TTC CTT ATC CCT CTG CTA ACA ATG ATT ATC TGC TAC TCG ATC ATT ATC AAA ACT TTA CTA CAT GCC AGG AGT TTC CAA AAG CAC AAA TCC TTA AAA ATA ATA TTT TCT GTA GTA GTG GTG TTC ATT CTT ACC CAG TTA CCC TAT AAC TTC CTG ATA CTC TTA CGC AAT ATA TAC TTA GAA TTC TAC CTG GAC TAC AAT TAT GAT GCT GCG GTA GTC ATA ACA GAA GCA ATT GCT TAT CTC CAT GGC TGT CTC AAC CCT ATT CTG TAT TTC TTT ATT GGG GCC AAG TTC AGA AAG AAC GTT CAG AAA ATC ATG AAG AAC ATC AGA CAT GTT AAG CAC CAA GGC TTC ATG AAG CAA TGG CAA ACC ACT GAA GAG GAA GGC TCA AAA ACT TGC ACT GCT TCC CAG AAT GCA GAA GCA ACA AGC ATG TAT CCA TTA 



After deleting gaps. 726 sites
      9    726

Alligator_mississippiensis      ATG GAA ATG GAT TTA AGT TAC CTG TAT GGT AAC CTC ACA CCC ATT GAT TTC AGC TTG AAT GAG AAA TTC TTC GCC TTT AGC AAA ATC TTT GCC TTT ATG TAT TCA TTT GCT TCT GTC TTT GGG CTG ATG GGA AAC CTC CTT AAC ATG TAC ATT CTC TAT GAG AAA TTT AAG ACC CTA CCA GAT GTA TTT TTG GTT ACC GCT AAT GAT GAC CTA CTT TTT TTT TAC ATC CTG CCA TTC ACA TAT TCT GCT GCT TAC AAG TGG ATT TTT GAC ACC ACA ATG TGT TGT ATT ATA AGC ATT TAT AAC TTG AAT CTC TAC ACT TCA GTG TTG ACA TTA ACC TGT ATA AGT ACT GTC AGG TTT ATT GCT ATT GCT CAA GCA ACC AAA GCC AAT GTG AGT CAA GCC AAA ATA ATG GTG TGG GGC AAA GCA GTC TGT ATT TTG GTA TGG ATG ATA TCA GTA GCA TTT GCC ATG TCA CAG TTT ATT TAT AGT ACA CAG TTC AAA TGT TTC ATA TTC TGT TTC CAG TTG CTT GTT GAG TTG CCT ATG GCT TAC CCT TTC AAC CTG AAC AAA TAT TTA TCA AGC AAA CAT TTT TTT TTT AAA GCT ACA GAT GAA AAC ACA CAA CTA AAA GTT AAA TTA CAA TAC ATG CCT GCG GTC CAT TCC CTA ACT TTT AGA ATT CTG ATT TTA AAA CTC CTA AAG GAA ACA ATT AAT CAC TTG TCC TTT AAA ATG ATT AGC ACA 
Chelonoidis_abingdonii          ATG GAG CTT GAA TGT TAT TAC CCA GAC CTT AAC CTC ACG TGC AAC GAT TAC AAT GAG AAT GAA CAT TTT CTC AAG GCC AGC AAA ATC TTT CCC TGT ATG TAT GCA TTA GCT TTT GCC TTT GGG CTG ATA GGA AAT TTG CTT ATC ATA TAC ATT TTC TGT GAG AAA CTG AAG ACA CTG ACA GAT GTA TTT TTA GTG AGC GCT ACA GCA GAC TTG CTT TTC CTT TCC ACC TTG CCA TTC GCA TAT TCT GCT GCT CAC GAA TGG ATT TTT GGC TCC TTA ATG TGT AAA ATT ATA GGC CTG TAC ACT TTG AAT CTG TAC ACT TCA ATG TTA ACG CTC ACT TGT ATA ACT ATT GAC AGG TTT ATT GCT ATT GCC CAA GCC ACA AAA GCC CAC ATG TGT CAA GCC AAA AGA ATG GTT TGG GGG AAA GTC ATC TGC ATT TTA GTT TGG GTG GTT TCA CTA GTA TTT GCA ATA CCA CAA TTT AAA TAC AGT ACA CAA TTT AAA GTA ATC ATT ATC TGC TAC TCA ATA ATT ATC AAA TTA CTT CAT GCC AGG AGT TTC CAA AAG CAC AAA TCC TTA AAA TCC ATA GTA GTG GTG TTC ATT CTT ACT CAG CGT AAT ATA CAT GTG GAA TTC AAC CTG GAC TAC CTC CAT GGC TGT CTC AAC CCC GTT CTG TAT TTC TTT ATT GTG AAG TTC AGG AAG AAC TGT GTT AAG CGC CAA GGT ATC AGC ATG TAT CCA TTA 
Gopherus_evgoodei               ATG GAG TTT GAA TGT TAT TAC CCA GAC CTT AAC CTC ACC TGC AAC GAT TAC AGT GAG AAT GAA CAT TTT CTC AAG GCC AGC AAA ATC TTT CCG TGT ATG TAT GCA TTA GCT TTT GCC TTT GGG CTG ATA GGA AAT TTG CTT ATC ATA TAC ATT TTC TGT GAG AAA CTG AAG ACA CTG ACA GAC GTA TTT TTA GTG AGC GCT TCA GCA GAC TTG CTT TTC CTT TCC ACC TTG CCA TTC GCA TAT TCT GCT GCA CAC GAG TGG ATT TTT GGC TCC TTA ATG TGT AAA ATT ATA GGC CTG TAC ACT TTG AAT CTG TAC ACT TCA ATG TTA ACG CTC ACT TGT ATA ACT ATT GAC AGG TTT ATT GCT ATT GCC CAA GCC ACA AAA GCC CAC ATG TGT CAA GCC AAA AGA ATG GTT TGG GGG AAA GTC ATC TGC ATT TTA GTT TGG GTG GTT TCA CTA GCA TTT GCA ATA CCA CAA TTT AAA TAC AGT ACA CAA TTT AAA GTA TTC ATT ATC TGC TAC TCA ATA ATT ATC AAA TTA CTT CAT GCC AGG AGT TTC CAA AAG CAC AAA TCC TTA AAA TCC ATA GTA GTG GTG TTC ATT CTT ACT CAG CGC AAT ATA CAT GTG GAA TTC AAC CTG GAC TAC CTC CAT GGC TGT CTC AAC CCC GTT CTG TAT TTC TTT ATT GTG AAG TTC AGG AAG AAC TGT GTT AAG CGT CAA GGT ATT AGC ATG TAT CCA TTA 
Mauremys_reevesii               ATG GAG TTT GAA TGT TAT TAC CCA GAC CTT AAC CTC ACC TGC AAC GAT TAC AGT GAG AAT GAA CAT TTT CTC AAG GCC AGC AAA ATC TTT CCC TGT ATG TAT GCA TTA GCT TTT GCC TTT GGG CTG ATA GGA AAT TTG GTT ATC ATA TAC ATT TTC TGT GAG AAA CTG AAG ACA CTG ACA GAT GTA TTT TTA GTG AGC GCT ACA GCA GAC TTG CTT TTC CTT TCC ACC TTG CCA TTC GCA TAT TCT GCT GCT CAC GAG TGG ATT TTT GGA TCC TTA ATG TGT AAA ATT ATA GGC CTG TAC ACT TTG AAT CTG TAC ACT TCA ATG TTA ACG CTC ACT TGT ATA ACT ATT GAC AGG TTT ATT GCT ATT GCC CAA GCC ACA AAA GCC CAC ATG TGT CAA GCC AAA AGA ATG GTT TGG GGG AAA CTC ATC TGC ATT TTA GTT TGG GTG GTT TCA CTA GCA TTT GCA ATA CCA CAA TTT AAA TAC AGT ACA CAA TTT ACA GTA TTC ATT ATC TGC TAC TCA ATA ATT ATC AAA TTA CTT CAT GCC AGG AGT TTC CAA AAG CAC AAA TCC TTA AAA TCC ATA GTA GTG GTG TTC ATT CTT ACT CAG CGC AAT ATA CAT GTG GAA TTC AAC CTG GAC TAC CTC CAT GGC TGT CTC AAC CCT GTT CTG TAT TTC TTT ATT GTG AAG TTC AGG AAG AAC TGT GTT AAG CGT CAA GGT ATC AGC ATG TAT CCA TTA 
Chrysemys_picta                 ATG GAG CTT GAA TGT TAT TAC CCA GAC CTT AAC CTC ACG TGC AAC GAT TAC AAT GAA AAT GAA CAT TTT CTC CAG GCC AGC AAA ATC TTT CCC TGT ATG TAT GCA TTA GCT TTC GCC TTT GGG CTG ATA GGA AAT TTG CTT ATC ATA TAC ATT TTC TGT GAG AAA CTG AAG ACA TTG ACG GAT GTA TTT TTA GTG AGC GCT ACA GCA GAC TTG CTT TTC CTT TCC ACC TTG CCA TTC GCA TAT TCT GCT GCT CAT GAG TGG ATT TTT GGC TCC TTG ATG TGT AAA ATT ATA GGC CTG TAC ACT TTG AAT CTG TAC ACT TCA ATG TTA ACG CTC ACT TGT ATA ACT ATT GAC AGG TTT ATT GCT ATT GCC CAA GCC ACA AAA GCC CAC ATG TGT CAA GCC AAA AGA ATG GTT TGG GGG AAA GTC ATC TGC ATG TTA GTT TGG GTG ATT TCA CTA GCA TTT GCA ATG CCA CAA TTT AAA TAC AGT AGA CAA TTT AAA GTA CTC ATT ATC TGC TAC TCA ATA ATT ATC AAA TTA TTT CAT GCC AGG AGT TTC CAA AAG CAC AAA TCC TTA AAA TCT ATA GTA GTG GTG TTC ATT CTT ACT CAG CGC AAT ATA CAT GTG GAA TTC AAC CTG GAC TAC CTC CAT GGC TGT CTC AAC CCC GTT CTG TAT TTC TTT ATT GTG AAG TTC AGG AAG AAC TGT GTT AAG CGC CAA GGT ATC AGC ATG TAT CCA TTA 
Trachemys_scripta               ATG GAG CTT GAA TGT TAT TAC CCA GAC CTT AAC CTC ACA TGC AAC GAT TAC AAT GAA AAT GAA CAT TTT CTC CAG GCC AGC AAA ATC TTT CCC TGT ATG TAT GCA TTA GCT TTC GCC TTT GGG CTG ATA GGA AAT TTG CTT ATC ATA TAC ATT TTC TGT GAG AAA CTG AAG ACA TTG ACG GAT GTA TTT TTA GTG AGC GCT ACA GCA GAC TTG CTT TTC CTT TCC ACC TTG CCA TTC GCA TAT TCT GCT GCT CAT GAG TGG ATT TTT GGC TCC TTG ATG TGT AAA ATT ATA GGC CTG TAT ACT TTG AAT CTG TAC ACT TCA ATG TTA ACG CTC ACT TGT ATA ACT ATT GAC AGG TTT ATT GCT ATT GCC CAA GCC ACA AAA GCC CAC ATG TGT CAA GCC AAA AGA ATG GTT TGG GGG AAA GTC ATC TGC ATG TTA GTT TGG GTG ATT TCA CTA GCA TTT GCA ATG CCA CAA TTT AAA TAC AGT AGA CAA TTT AAA GTA CTC ATT ATC TGC TAC TCA ATA ATT ATC AAA TTA TTT CAT GCC AGG AAT TTC CAA AAG CAC AAA TCC TTA AAA TCT ATA GTA GTG GTG TTC ATT CTT ACT CAG CGC AAT ATA CAT GTG GAA TTC AAC CTG GAC TAC CTC CAT GGC TGT CTC AAC CCC GTT CTG TAT TTC TTT ATT GTG AAG TTC AGG AAG AAC TGT GTT AAG CGC CAA GGT ATC AGC ATG TAT CCA TTA 
Terrapene_carolina              ATG GAG CTT GAA TGT TAT TAC CCA GAC CTT AAC CTC ACG TGC AAC GAT GAC AAT GAA AAT GAA CAT TTT CTC AAG GCC AGC AAA ATC TTT CCC TGT ATG TAT GCA TTA GCT TTT GCC TTT GGG CTG ATA GGA AAT TTG CTT ATC ATA TAC ATT TTC TGT GAG AAA CTG AAG ACA TTG ACG GAT GTA TTT TTA GTG AGC GCT ACA GCA GAC TTG CTT TTC CTT TCC ACC TTG CCA TTC GCA TAT TCT GCT GCT CAC GAG TGG ATT TTT GGC TCC TTG ATG TGT AAA ATT ATA GGC CTG TAC ACT TTG AAT CTG TAC ACT TCA ATG TTA ACG CTC ACT TGT ATA ACT ATT GAC AGG TTT ATT GCT ATT GCC CAA GCC ACA AAA GCC CAC ATG TGT CAA GCC AAA AGA ATG GTT TGG GGG AAA GTC ATC TGC ATT TTA GTT TGG GTG ATT TCA CTA GCA TTT GCA ATG CCA CAA TTT AAA TAC AGT AGA CAA TTT AAA GTA CTC ATT ATC TGC TAC TCA ATA ATT ATC AAA TTA CTT CAT GCC AGG AGT TTC CAA AAG CAC AAA TCC TTA AAA TCT ATA GTA GTG GTG TTC ATT CTT ACT CAG CGC AAT ATA CAT GTG GAA TTC AAC CTG GAC TAC CTC CAT GGC TGT CTC AAC CCC ATT CTG TAT TTC TTT ATT GTG AAG TTC AGG AAG AAC TGT GTT AAG CGC CAA GGT ATC AGC ATG TAT CCA TTA 
Chelonia_mydas                  ATG GAG CTT GAT TGT TAT TAC CCA GAC CTT AAC CTT ACG TGC AAC GAT TAC AAT GAG AAT GAA CAT TTT CTC AGG GCC AGC AAA ATC TTT CCC TGT ATG TAT GCA TTT GCT TTT GCC TTC GGG CTG ATA GGA AAT TTG CTT ATC ATA TAC ATT TTC TGT GAG AAA CTG AAG ACG TTG ACA GAT GTA TTT TTA GTG AGC GCT ACA GCA GAC TTG CTT TTC CTT TCC ACC TTG CCA TTC GCA TAT TCT GCT GCT CGC GAG TGG ATT TTT GGC TCC TTG ATG TGT AAA ATT ATA GGC CTG TAC ACT TTG AAT CTG TAC ACT TCA ATG TTA ACA CTC ACT TGT ATA ACT ATT GAC AGA TTT ATT GCT ATT GCC CAA GCC ACA AAA GCC CAC ATG TGT CAA GCC AAA AGA ATG GTT TGG GGG AAA GTG ATC TGC ATT TTA GTT TGG GTG ATT TCA CTA GCA TTT GCA ACG CCA CAA TTT AAA TAC AGT ACA CAA TTT AAA GTA CTT ATT ATC TGC TAC TCA ATA ATT ATC AAA TTA CTT CGT GCC AGG AGT TTC CAA AAA CAC AAA TCC TTA AAA TCT ATA GTA GTG ACG TTC ATT CTT ACT CAG CGC AAT ATA CAT GTG GAA TTC AAC CTG GAC TAC CTC CAT GGC TGT CTC AAC CCT GTT CTA TAT TTC TTT ATT GTG AAG TTC AGG AAG AAC TGT GTT AAG CGC CAA GGT ATT AGC ATG TAT CCA TTA 
Pelodiscus_sinensis             ATG GAG GAT GAT TGT TAT TAC CCC GAG CTT AAC CTC ACG TGC AAC GAT TAT AGT GAG AGT GAT GAT TTT CTC AGG GCC AGC AAA ATT TTT CCC TGT ATG TAT GCA TTA GCT TTT GTC TTT GGG CTG ATA GGA AAT TTG ATT ATC ATA TAC ATT TTC TGT GAA AAA CTG AAG ACA CTG ACA GAT GTA TTT TTA GTG AGC GCT ACA GCT GAC TTG CTT TTT CTT TCT ACC TTG CCA TTC GCA TAT TCT GCT GCT CAC GAG TGG ATT TTT GGC TCT GTG ACG TGT AAA ATT ATA GGC CTG TAC ACT TTG AAT CTG TAT ACA TCA ATG CTA ACC CTC ACT TGT ATA ACT ATT GAG AGG TTT ATC GCT ATT GTC CAA GCC ACC AAA GCC CAT GTG AAT CAA GCC AAA AGA ATG GTG TGG GGG AAA GTT ATC TGC ATT TTA GTT TGG GTG ATG TCA GTA GTA TTT GCA ATA CCA CAA TTT ATA TAT AGT ACA CAA CTT AAA GTA CTT ATT ATC TGC TAC TCG ATC ATT ATC AAA TTA CTA CAT GCC AGG AGT TTC CAA AAG CAC AAA TCC TTA AAA TCT GTA GTA GTG GTG TTC ATT CTT ACC CAG CGC AAT ATA TAC TTA GAA TTC TAC CTG GAC TAC CTC CAT GGC TGT CTC AAC CCT ATT CTG TAT TTC TTT ATT GCC AAG TTC AGA AAG AAC CAT GTT AAG CAC CAA GGC TTC AGC ATG TAT CCA TTA 



Printing out site pattern counts


         9        609  P

Alligator_mississippiensis      AAA AAA AAA AAA AAA AAA AAA AAA AAA AAC AAC AAC AAC AAC AAC AAG AAG AAT AAT AAT AAT AAT ACA ACA ACA ACA ACA ACA ACA ACA ACA ACC ACC ACC ACC ACC ACT ACT ACT AGA AGC AGC AGC AGC AGC AGG AGT AGT AGT AGT ATA ATA ATA ATA ATC ATC ATG ATG ATG ATG ATG ATG ATG ATG ATT ATT ATT ATT ATT ATT ATT ATT ATT CAA CAA CAA CAC CAG CAG CAT CAT CCA CCA CCC CCT CCT CCT CTA CTA CTA CTA CTA CTC CTC CTC CTC CTG CTG CTG CTG CTG CTT CTT CTT GAA GAA GAA GAC GAC GAG GAG GAG GAT GAT GAT GAT GAT GCA GCA GCA GCC GCC GCC GCC GCG GCT GCT GCT GCT GCT GGA GGC GGG GGT GTA GTA GTA GTC GTC GTC GTC GTG GTG GTG GTT GTT GTT TAC TAC TAC TAC TAC TAT TAT TAT TAT TAT TAT TCA TCA TCA TCA TCC TCC TCT TCT TGG TGT TGT TGT TGT TTA TTA TTA TTA TTA TTC TTC TTC TTC TTC TTC TTC TTC TTG TTG TTG TTG TTG TTG TTT TTT TTT TTT TTT TTT TTT TTT TTT TTT TTT TTT TTT 
Chelonoidis_abingdonii          ... ... ..C ..G .GC .T. .TT C.T G.. ... ..T .CT .T. C.A C.. ... G.A ..G ... ... .CA C.C ... ..G ..G ..T .T. G.. TGT TT. TT. ..A ..A ..T .G. T.. ... .T. GT. TAT .AT ... CCA G.. TC. ... .C. ... TA. T.. .G. ... ..T G.T .C. ... ..A ..A ... ... CAT C.C C.T G.. .AA .AC ... ... ... C.G G.. TA. T.C ... ..T G.C .G. ..A TCA .TC GTA A.. ... TG. AG. .A. .T. AGG .CC ..G G.G T.G ... ..G T.. T.G AA. .CA ... T.. T.T A.. ... ... A.C CGT ..G ... .G. A.A ..A ... C.G ..A ... ... .CA ..C .T. .TC AAG C.. ..A ... .GC CT. ..C ..C ... ... ... ..G ... CT. C.. ... ..T A.. .A. .C. TGT A.. A.. ..T A.C ..G T.C AGG C.. ... ... .C. G.C ..C ..C ... .CC .G. AA. C.. G.. ... AA. GGT ... .T. ... AAA GTA ..C ... C.C C.G G.G .GT ... A.. A.. C.. .A. .A. ... ..T ..T A.A CAA GA. ..A ..A ... A.C C.G C.G C.. GCC G.G G.G .G. ..A ..C ..C ... ... 
Gopherus_evgoodei               ... ... ..C ..G .GC .T. .TT C.T G.. ... ..T .CT .T. C.A C.. ... G.. ..G ... ... TCA C.C ... ..C ..G ..T .T. G.. TGT TT. TT. ..A ..A ..T .G. T.. ... .T. GT. TAT ..T ... CCA G.. TC. ... .C. ... TA. T.. .G. ... ..T G.T .C. ... ..A ..A ... ... CAT C.C T.T G.. .AA .AC ... ... ... C.G G.. TA. T.C ... ..T G.C .GT ..A TCA .TC GTA A.. ... TG. AG. .A. .T. AGG .CC ..G G.G T.G ... ..G T.. T.G AA. .CA ... T.. T.T A.. ... ... A.C CGC ..G ... .G. A.A ..A ... C.G ..A ..C ... .CA ..C ... .TC AAG C.G ..A ... .GC CT. ..C ..C ..A ... ... ..G ... CT. C.. ... ..T A.. .A. .C. TGT A.. A.. ..T A.C ..G T.C AGG C.. ... ... .C. G.C ..C ..C ... .CC .G. AA. C.. G.. ... AA. GGT ... .T. ... AAA GTA ..C ... C.C C.G G.G .GT ... A.. ... C.. .A. .A. ... ..T ..T A.A CAA GA. ..A ..A ... A.. C.G C.G C.. GCC G.G G.G .G. ..A ..C ..C ... ... 
Mauremys_reevesii               ... .C. ..C ..G .GC .T. .TT C.T G.. ... ..T .CT .T. C.A C.. ... G.. ..G ... ... .CA C.C ... ..C ..G ..T .T. G.. TGT TT. TT. ..A ..A ..T .G. T.. ... .T. GT. TAT ..T ... CCA G.. TC. ... .C. ... TA. T.. .G. ... ..T G.T .C. ... ..A ..A ... ... CAT C.C T.T G.. .AA .AC ... ... ... C.G G.. TA. T.C ... ..T G.C .GT ..A TCA .TC GTA A.. ... TG. AG. .A. .T. AGG .CT ..G G.G T.G ... ..G T.. T.G AA. .CA ... T.. T.T A.. ... G.. A.C CGC ..G ... .GA A.A ..A ... C.G ..A ... ... .CA ..C ... CTC AAG C.. ..A ... .GC CT. ..C ..C ... ... ... ..G ... CT. C.. ... ..T A.. .A. .C. TGT A.. A.. ..T A.C ..G T.C AGG C.. ... ... .C. G.C ..C ..C ... .CC .G. AA. C.. G.. ... AA. GGT ... .T. ... AAA GTA ..C ... C.C C.G G.G .GT ... A.. ... C.. .A. .A. ... ..T ..T A.A CAA GA. ..A ..A ... A.C C.G C.G C.. GCC G.G G.G .G. ..A ..C ..C ... ... 
Chrysemys_picta                 ... ... ..C ..G .GC .T. .TT C.T G.. ... ..T .CT .T. C.A C.. ... G.. ..G ... ... .CA C.C .G. ..G ..G ..T .T. G.. TGT TT. TTG ..A ..A ..T .G. T.. ... .T. GT. TAT .AT ... CCA G.. TCT ... .C. ... TA. T.. .G. ... ..T ..T .C. ... ..A ... ... ... CAT C.C C.T G.. .AA .AC ..G ... ... C.G G.. TA. T.C ... ..T G.C .G. ..A TCA .TC GTA A.G ... TG. AG. .A. TT. AGG .CC T.G G.G T.G ... ..G T.. T.G AA. .CA ... T.. T.T A.. ... ... A.C CGC ..G ... .G. A.A ..A ... C.G ..A ... ... .CA ..C ... .TC CAG C.. ..A ... .GC CT. ..C ..C ... ... ... ..G ... CT. C.. ... ..T A.. .A. .C. TGT A.. A.. ..T A.C ..G T.C AGG C.T ... ... .C. G.C ..C ..C ... .CC .G. AA. C.. G.. ... AA. GGT ... .TC ... AAA GTA ..C ... C.C C.G G.G .GT ... A.. C.. C.. .A. .A. ... ..T ..T A.A CAA GAA ..A ..A ... A.C C.G C.G C.. GCC G.G G.G .G. ..A ..C ..C ... ... 
Trachemys_scripta               ... ... ..C ..G .GC .T. .TT C.T G.. ... ..T .CT .T. C.A C.. ... G.. ..G ... ... .CA C.C .G. ... ..G ..T .T. G.. TGT TT. TTG ..A ..A ..T .G. T.. ... .T. GT. TAT .AT ... CCA G.. TCT ... .C. ... TA. T.. .G. ... ..T ..T .C. ... ..A ... ... ... CAT C.C C.T G.. .AA .AC ..G ... ... C.G G.. TA. T.C ... ..T G.C .G. ..A TCA .TC GTA A.G ... TG. AA. .A. TT. AGG .CC T.G G.G T.G ... ..G T.. T.G AA. .CA ... T.. T.T A.. ... ... A.C CGC ..G ... .G. A.A ..A ... C.G ..A ... ... .CA ..C ... .TC CAG C.. ..A ... .GC CT. ..C ..C ... ... ... ..G ... CT. C.. ... ..T A.. .A. .C. TGT A.. A.. ..T A.C ..G T.C AGG C.T ... ... .C. G.C ..C ... ... .CC .G. AA. C.. G.. ... AA. GGT ... .TC ... AAA GTA ..C ... C.C C.G G.G .GT ... A.. C.. C.. .A. .A. ... ..T ..T A.A CAA GAA ..A ..A ... A.C C.G C.G C.. GCC G.G G.G .G. ..A ..C ..C ... ... 
Terrapene_carolina              ... ... ..C ..G .GC .T. .TT C.T G.. ... ..T .CT .T. C.A C.. ... G.. ..G ... ... .CA C.C .G. ..G ..G ..T .T. G.. TGT TT. TTG ..A ..A ..T .G. T.. ... .T. .T. TAT .AT ... CCA G.. TCT ... .C. ... TA. T.. .G. ... ..T ..T .C. ... ..A ... ... ... CAT C.C C.T G.. .AA .AC ... ... ... C.G G.. TA. T.C ... ..T G.C .G. ..A TCA .TC GTA A.G ... TG. AG. .A. .T. AGG .CC T.G G.G T.G ... ..G T.. T.G AA. .CA ... T.. T.T A.. ... ... A.C CGC ..G ... .G. A.A ..A ... C.G ..A ... ... .CA ..C ... .TC AAG C.. ..A ... .GC CT. ..C ..C ... ... ... ..G ... CT. C.. ... ..T A.. .A. .C. TGT A.. A.. ..T A.C ..G T.C AGG C.. ... ... .C. G.C ..C ..C ... .CC .G. AA. C.. G.. ... AA. GGT ... .T. ... AAA GTA ..C ... C.C C.G G.G .GT ... A.. C.. C.. GA. .A. ... ..T ..T A.A CAA GAA ..A ..A ... A.C C.G C.G C.. GCC G.G G.G .G. ..A ..C ..C ... ... 
Chelonia_mydas                  ... ... ..C ..G .GC .T. .TT C.T G.. ... ..T .CT .T. C.A C.. ... G.. ..G ... ... .CA C.C ... ..G ... ..T .T. G.. TGT TT. TTG ..A ..G ..T .G. T.. ... .T. GT. TAT .AT ... CCA G.. TCT ..A .C. ... TA. T.. .G. ... ..T ..T .C. ... ..A .C. ... ... CGT C.C C.T G.. .AA .AC ... ... ... C.G G.. TA. T.C ... ..T G.C .G. ..A TCA .TC GTA A.. ... TG. AG. .A. .T. AGG .CT T.G G.G T.G ..T ..G T.. T.G AAA .CA ... T.. T.T A.. ... ... A.C CGC ..G ... .G. A.A ..A ... C.G ... ... ... .CA ..C ... .TG AGG C.. ..A ... .GC CT. ..C ..C ... ... ... ..G ... CT. C.. ... ..T A.. .A. .C. TGT A.. A.. ..T A.C ..G T.C AGG CG. ... ... .C. G.C ..C ..C ... .CC .G. AA. C.. G.. ... AA. GGT ... .T. ... AAA GTA ..C ... C.C C.G G.G .GT ... A.. C.T C.. .A. .A. ... ..T ..T A.A CAA GA. ..A ..A ... A.. C.A C.G C.. GCC ACG G.G .G. ... ..C ..C ..C ... 
Pelodiscus_sinensis             ... ... T.C ..G .GC GT. .TT G.T G.. ... ..T .CT .T. C.A C.. ... G.. ..G ... .G. .CA C.. ... ..G ..C ..C .T. G.. CAT TT. GTG ... ..A ..T .G. T.T ..A .T. .T. TAT ..T ... CCA G.. TCT ... .C. ... TA. .A. .G. ... ..T ..G .C. ..T ..A ..A .C. ... CAT C.C GAT G.. ..A .AC ... ..C ... C.G G.. TA. T.C ... T.C G.C ... ..A TC. .TC GTA A.. ... TG. AG. .A. .TA AG. .CT ..G T.. T.G ... ..G T.. T.G AA. .CC ... T.. T.T A.. ... A.. A.C CGC ..G ... .G. A.A ..T ..A C.G ... ... ... .C. ..C .T. .TT AGG C.. ..A ... .GC CT. ..C .TC ... ... ... ..G ... CT. ... ... ..T A.. .AG ... TGT A.. ... ... A.C ..G T.C AGG C.. ... ..T .CT G.G ... ..C ... .CC .G. AA. C.. G.. ... AA. GG. ... .T. ... AAA GTA ..C ... C.C C.G GCC .GT ... A.. C.T C.. .AT .A. ... C.T ..T A.C CAA GA. C.A ..A ... ..C C.G C.G C.. GCC G.G G.G .G. ..A ..C ... ... ... 

    6    1    1    1    1    1    1    1    1    1    2    1    1    1    1
    2    1    1    1    1    1    1    1    1    1    1    1    1    1    1
    1    1    1    1    1    1    1    1    1    1    1    1    1    1    1
    1    1    1    1    1    1    2    1    1    1    1    2    1    1    4
    1    1    1    1    1    1    1    1    5    1    1    1    1    2    1
    1    1    2    1    1    1    1    1    1    1    1    1    1    1    1
    1    1    1    1    2    1    1    1    1    1    1    1    1    1    1
    1    1    1    1    1    1    1    1    1    1    1    1    1    1    1
    1    1    1    2    1    1    1    1    1    4    1    1    1    1    1
    1    1    1    1    1    1    1    1    1    1    1    1    1    1    3
    1    1    1    1    1    2    1    1    1    1    1    2    1    1    1
    1    3    1    1    2    2    1    1    1    1    1    1    1    1    1
    1    2    1    1    1    1    1    1    3    1    1    1    1    1    1
    1    1    1    1    1    1    1    6

CODONML (in paml version 4.9, March 2015)  Alligator_mississippiensis.aln
Model: free dN/dS Ratios for branches for branches, 
Codon frequency model: F3x4
ns =   9  ls = 242

Codon usage in sequences
--------------------------------------------------------------------------------------------------------------------------------------
Phe TTT  18  11  12  12  11  11 | Ser TCT   2   1   1   1   2   2 | Tyr TAT   7   5   5   5   5   6 | Cys TGT   6   8   8   8   8   8
    TTC   9   8   9   9   9   9 |     TCC   2   4   4   4   3   3 |     TAC   7   8   8   8   8   7 |     TGC   0   3   3   3   3   3
Leu TTA   5   8   8   8   7   7 |     TCA   5   3   4   3   3   3 | *** TAA   0   0   0   0   0   0 | *** TGA   0   0   0   0   0   0
    TTG   8   4   4   4   6   6 |     TCG   0   0   0   0   0   0 |     TAG   0   0   0   0   0   0 | Trp TGG   3   3   3   3   3   3
--------------------------------------------------------------------------------------------------------------------------------------
Leu CTT   3   7   6   5   6   6 | Pro CCT   3   0   0   1   0   0 | His CAT   2   4   4   4   5   5 | Arg CGT   0   1   1   1   0   0
    CTC   5   5   5   6   6   6 |     CCC   1   2   1   1   2   2 |     CAC   1   3   3   3   2   2 |     CGC   0   1   1   1   2   2
    CTA   5   1   1   1   1   1 |     CCA   2   4   4   4   4   4 | Gln CAA   4   6   6   6   6   6 |     CGA   0   0   0   0   0   0
    CTG   5   7   7   7   6   6 |     CCG   0   0   1   0   0   0 |     CAG   3   1   1   1   2   2 |     CGG   0   0   0   0   0   0
--------------------------------------------------------------------------------------------------------------------------------------
Ile ATT  13  11  12  11  11  11 | Thr ACT   3   5   5   5   5   5 | Asn AAT   5   5   4   4   5   6 | Ser AGT   4   2   3   3   2   1
    ATC   2   7   5   6   6   6 |     ACC   5   1   2   2   1   1 |     AAC   7   5   5   5   5   5 |     AGC   5   3   3   3   3   3
    ATA   5   8   8   8   7   7 |     ACA   9   5   4   6   3   4 | Lys AAA  14  11  11  10  11  11 | Arg AGA   1   1   1   1   2   2
Met ATG  12   7   7   7   9   9 |     ACG   0   2   1   1   3   2 |     AAG   3   6   6   6   5   5 |     AGG   1   3   3   3   3   3
--------------------------------------------------------------------------------------------------------------------------------------
Val GTT   3   5   5   6   4   4 | Ala GCT   8   5   4   5   5   5 | Asp GAT   5   2   1   2   2   2 | Gly GGT   1   1   1   1   1   1
    GTC   4   1   1   0   1   1 |     GCC   5   7   7   7   7   7 |     GAC   2   4   5   4   4   4 |     GGC   1   3   3   2   3   3
    GTA   3   4   3   3   3   3 |     GCA   3   4   6   5   5   5 | Glu GAA   3   4   3   3   4   4 |     GGA   1   1   1   2   1   1
    GTG   3   6   6   6   6   6 |     GCG   1   0   0   0   0   0 |     GAG   3   3   4   4   3   3 |     GGG   1   2   2   2   2   2
--------------------------------------------------------------------------------------------------------------------------------------

--------------------------------------------------------------------------------------
Phe TTT  11  11  11 | Ser TCT   2   2   4 | Tyr TAT   5   5   8 | Cys TGT   8   8   6
    TTC   8   9   8 |     TCC   3   3   1 |     TAC   7   8   7 |     TGC   3   3   3
Leu TTA   7   6   7 |     TCA   3   3   2 | *** TAA   0   0   0 | *** TGA   0   0   0
    TTG   6   6   4 |     TCG   0   0   1 |     TAG   0   0   0 | Trp TGG   3   3   3
--------------------------------------------------------------------------------------
Leu CTT   7   9   6 | Pro CCT   0   1   1 | His CAT   4   3   4 | Arg CGT   0   1   0
    CTC   6   4   5 |     CCC   2   1   2 |     CAC   3   2   3 |     CGC   2   3   1
    CTA   1   2   2 |     CCA   4   4   3 | Gln CAA   6   6   6 |     CGA   0   0   0
    CTG   6   5   7 |     CCG   0   0   0 |     CAG   1   1   1 |     CGG   0   0   0
--------------------------------------------------------------------------------------
Ile ATT  13  13  13 | Thr ACT   5   5   3 | Asn AAT   5   5   4 | Ser AGT   2   2   4
    ATC   6   5   6 |     ACC   1   1   4 |     AAC   5   5   4 |     AGC   3   3   3
    ATA   7   7   7 |     ACA   3   5   5 | Lys AAA  11  12  10 | Arg AGA   2   2   2
Met ATG   8   7   6 |     ACG   3   4   2 |     AAG   6   4   5 |     AGG   3   3   3
--------------------------------------------------------------------------------------
Val GTT   3   4   3 | Ala GCT   5   5   6 | Asp GAT   2   3   6 | Gly GGT   1   1   0
    GTC   1   0   2 |     GCC   7   7   6 |     GAC   5   4   2 |     GGC   3   3   4
    GTA   3   3   6 |     GCA   5   5   3 | Glu GAA   4   2   2 |     GGA   1   1   1
    GTG   6   6   7 |     GCG   0   0   0 |     GAG   3   4   5 |     GGG   2   2   2
--------------------------------------------------------------------------------------

Codon position x base (3x4) table for each sequence.

#1: Alligator_mississippiensis
position  1:    T:0.29752    C:0.14050    A:0.36777    G:0.19421
position  2:    T:0.42562    C:0.20248    A:0.27273    G:0.09917
position  3:    T:0.34298    C:0.23140    A:0.24793    G:0.17769
Average         T:0.35537    C:0.19146    A:0.29614    G:0.15702

#2: Chelonoidis_abingdonii
position  1:    T:0.27273    C:0.17355    A:0.33884    G:0.21488
position  2:    T:0.41322    C:0.17769    A:0.27686    G:0.13223
position  3:    T:0.30165    C:0.26860    A:0.24793    G:0.18182
Average         T:0.32920    C:0.20661    A:0.28788    G:0.17631

#3: Gopherus_evgoodei
position  1:    T:0.28512    C:0.16942    A:0.33058    G:0.21488
position  2:    T:0.40909    C:0.18182    A:0.27273    G:0.13636
position  3:    T:0.29752    C:0.26860    A:0.24793    G:0.18595
Average         T:0.33058    C:0.20661    A:0.28375    G:0.17906

#4: Mauremys_reevesii
position  1:    T:0.28099    C:0.16942    A:0.33471    G:0.21488
position  2:    T:0.40909    C:0.18595    A:0.26860    G:0.13636
position  3:    T:0.30579    C:0.26446    A:0.24793    G:0.18182
Average         T:0.33196    C:0.20661    A:0.28375    G:0.17769

#5: Chrysemys_picta
position  1:    T:0.28099    C:0.17355    A:0.33471    G:0.21074
position  2:    T:0.40909    C:0.17769    A:0.27686    G:0.13636
position  3:    T:0.29752    C:0.26860    A:0.23554    G:0.19835
Average         T:0.32920    C:0.20661    A:0.28237    G:0.18182

#6: Trachemys_scripta
position  1:    T:0.28099    C:0.17355    A:0.33471    G:0.21074
position  2:    T:0.40909    C:0.17769    A:0.28099    G:0.13223
position  3:    T:0.30165    C:0.26446    A:0.23967    G:0.19421
Average         T:0.33058    C:0.20523    A:0.28512    G:0.17906

#7: Terrapene_carolina
position  1:    T:0.27273    C:0.17355    A:0.34298    G:0.21074
position  2:    T:0.40909    C:0.17769    A:0.27686    G:0.13636
position  3:    T:0.30165    C:0.26860    A:0.23554    G:0.19421
Average         T:0.32782    C:0.20661    A:0.28512    G:0.18044

#8: Chelonia_mydas 
position  1:    T:0.27686    C:0.17355    A:0.34298    G:0.20661
position  2:    T:0.40083    C:0.19008    A:0.26446    G:0.14463
position  3:    T:0.32231    C:0.25207    A:0.23967    G:0.18595
Average         T:0.33333    C:0.20523    A:0.28237    G:0.17906

#9: Pelodiscus_sinensis
position  1:    T:0.26860    C:0.16942    A:0.33471    G:0.22727
position  2:    T:0.41322    C:0.17769    A:0.27686    G:0.13223
position  3:    T:0.32645    C:0.25207    A:0.23140    G:0.19008
Average         T:0.33609    C:0.19972    A:0.28099    G:0.18320

Sums of codon usage counts
------------------------------------------------------------------------------
Phe F TTT     108 | Ser S TCT      17 | Tyr Y TAT      51 | Cys C TGT      68
      TTC      78 |       TCC      27 |       TAC      68 |       TGC      24
Leu L TTA      63 |       TCA      29 | *** * TAA       0 | *** * TGA       0
      TTG      48 |       TCG       1 |       TAG       0 | Trp W TGG      27
------------------------------------------------------------------------------
Leu L CTT      55 | Pro P CCT       6 | His H CAT      35 | Arg R CGT       4
      CTC      48 |       CCC      14 |       CAC      22 |       CGC      13
      CTA      15 |       CCA      33 | Gln Q CAA      52 |       CGA       0
      CTG      56 |       CCG       1 |       CAG      13 |       CGG       0
------------------------------------------------------------------------------
Ile I ATT     108 | Thr T ACT      41 | Asn N AAT      43 | Ser S AGT      23
      ATC      49 |       ACC      18 |       AAC      46 |       AGC      29
      ATA      64 |       ACA      44 | Lys K AAA     101 | Arg R AGA      14
Met M ATG      72 |       ACG      18 |       AAG      46 |       AGG      25
------------------------------------------------------------------------------
Val V GTT      37 | Ala A GCT      48 | Asp D GAT      25 | Gly G GGT       8
      GTC      11 |       GCC      60 |       GAC      34 |       GGC      25
      GTA      31 |       GCA      41 | Glu E GAA      29 |       GGA      10
      GTG      52 |       GCG       1 |       GAG      32 |       GGG      17
------------------------------------------------------------------------------


Codon position x base (3x4) table, overall

position  1:    T:0.27961    C:0.16850    A:0.34022    G:0.21166
position  2:    T:0.41093    C:0.18320    A:0.27410    G:0.13177
position  3:    T:0.31084    C:0.25987    A:0.24151    G:0.18779
Average         T:0.33379    C:0.20386    A:0.28528    G:0.17707

Codon frequencies under model, for use in evolver (TTT TTC TTA TTG ... GGG):
  0.03727345  0.03116215  0.02895988  0.02251823
  0.01661688  0.01389240  0.01291060  0.01003885
  0.02486285  0.02078637  0.00000000  0.00000000
  0.01195249  0.00999278  0.00000000  0.00722093
  0.02246200  0.01877916  0.01745201  0.01357010
  0.01001378  0.00837194  0.00778028  0.00604969
  0.01498303  0.01252643  0.01164117  0.00905179
  0.00720290  0.00602192  0.00559634  0.00435153
  0.04535243  0.03791651  0.03523689  0.02739903
  0.02021857  0.01690356  0.01570896  0.01221476
  0.03025184  0.02529179  0.02350439  0.01827622
  0.01454318  0.01215870  0.01129943  0.00878606
  0.02821521  0.02358908  0.02192201  0.01704582
  0.01257862  0.01051625  0.00977305  0.00759920
  0.01882065  0.01573484  0.01462284  0.01137023
  0.00904778  0.00756432  0.00702974  0.00546609



Nei & Gojobori 1986. dN/dS (dN, dS)
(Note: This matrix is not used in later ML. analysis.
Use runmode = -2 for ML pairwise comparison.)

Alligator_mississippiensis
Chelonoidis_abingdonii 0.4280 (0.3859 0.9017)
Gopherus_evgoodei    0.4025 (0.3804 0.9451) 0.1713 (0.0089 0.0518)
Mauremys_reevesii    0.4302 (0.3887 0.9036) 0.3241 (0.0125 0.0385) 0.1839 (0.0071 0.0386)
Chrysemys_picta      0.3635 (0.3850 1.0593) 0.2413 (0.0142 0.0590) 0.2047 (0.0178 0.0870) 0.2944 (0.0214 0.0728)
Trachemys_scripta    0.3819 (0.3850 1.0082) 0.2204 (0.0160 0.0728) 0.2084 (0.0196 0.0942) 0.2914 (0.0233 0.0798) 0.1371 (0.0018 0.0128)
Terrapene_carolina   0.3788 (0.3796 1.0021) 0.2746 (0.0125 0.0453) 0.2204 (0.0160 0.0728) 0.3337 (0.0197 0.0589) 0.6910 (0.0088 0.0128) 0.4115 (0.0106 0.0258)
Chelonia_mydas       0.3725 (0.3794 1.0185) 0.1866 (0.0206 0.1105) 0.1932 (0.0242 0.1255) 0.2523 (0.0279 0.1106) 0.1970 (0.0206 0.1044) 0.1881 (0.0224 0.1190) 0.2280 (0.0197 0.0863)
Pelodiscus_sinensis  0.4384 (0.3946 0.9000) 0.2530 (0.0617 0.2441) 0.2270 (0.0636 0.2803) 0.2683 (0.0656 0.2444) 0.2710 (0.0693 0.2556) 0.2603 (0.0712 0.2735) 0.2767 (0.0645 0.2331) 0.2666 (0.0695 0.2607)


TREE #  1:  (1, 9, ((((6, 5), 7), (4, (3, 2))), 8));   MP score: 265
lnL(ntime: 15  np: 31):  -2303.758715      +0.000000
  10..1    10..9    10..11   11..12   12..13   13..14   14..6    14..5    13..7    12..15   15..4    15..16   16..3    16..2    11..8  
 1.547475 0.160287 0.122349 0.017469 0.015513 0.021507 0.013118 0.000004 0.008337 0.032074 0.030290 0.000004 0.031006 0.025606 0.069565 2.091345 0.516391 0.494040 0.235556 0.334410 0.177859 0.518723 0.171845 0.000100 999.000000 0.482956 0.344198 0.000100 0.091724 0.505847 0.221158

Note: Branch length is defined as number of nucleotide substitutions per codon (not per neucleotide site).

tree length =   2.09461

(1: 1.547475, 9: 0.160287, ((((6: 0.013118, 5: 0.000004): 0.021507, 7: 0.008337): 0.015513, (4: 0.030290, (3: 0.031006, 2: 0.025606): 0.000004): 0.032074): 0.017469, 8: 0.069565): 0.122349);

(Alligator_mississippiensis: 1.547475, Pelodiscus_sinensis: 0.160287, ((((Trachemys_scripta: 0.013118, Chrysemys_picta: 0.000004): 0.021507, Terrapene_carolina: 0.008337): 0.015513, (Mauremys_reevesii: 0.030290, (Gopherus_evgoodei: 0.031006, Chelonoidis_abingdonii: 0.025606): 0.000004): 0.032074): 0.017469, Chelonia_mydas: 0.069565): 0.122349);

Detailed output identifying parameters

kappa (ts/tv) =  2.09134

w (dN/dS) for branches:  0.51639 0.49404 0.23556 0.33441 0.17786 0.51872 0.17185 0.00010 999.00000 0.48296 0.34420 0.00010 0.09172 0.50585 0.22116

dN & dS for each branch

 branch          t       N       S   dN/dS      dN      dS  N*dN  S*dS

  10..1      1.547   529.7   196.3  0.5164  0.4116  0.7971 218.0 156.5
  10..9      0.160   529.7   196.3  0.4940  0.0418  0.0847  22.2  16.6
  10..11     0.122   529.7   196.3  0.2356  0.0217  0.0922  11.5  18.1
  11..12     0.017   529.7   196.3  0.3344  0.0038  0.0113   2.0   2.2
  12..13     0.016   529.7   196.3  0.1779  0.0023  0.0129   1.2   2.5
  13..14     0.022   529.7   196.3  0.5187  0.0057  0.0110   3.0   2.2
  14..6      0.013   529.7   196.3  0.1718  0.0019  0.0110   1.0   2.2
  14..5      0.000   529.7   196.3  0.0001  0.0000  0.0000   0.0   0.0
  13..7      0.008   529.7   196.3 999.0000  0.0038  0.0000   2.0   0.0
  12..15     0.032   529.7   196.3  0.4830  0.0083  0.0172   4.4   3.4
  15..4      0.030   529.7   196.3  0.3442  0.0067  0.0194   3.5   3.8
  15..16     0.000   529.7   196.3  0.0001  0.0000  0.0000   0.0   0.0
  16..3      0.031   529.7   196.3  0.0917  0.0028  0.0306   1.5   6.0
  16..2      0.026   529.7   196.3  0.5058  0.0068  0.0133   3.6   2.6
  11..8      0.070   529.7   196.3  0.2212  0.0119  0.0537   6.3  10.5

tree length for dN:       0.5291
tree length for dS:       1.1546

dS tree:
(Alligator_mississippiensis: 0.797083, Pelodiscus_sinensis: 0.084696, ((((Trachemys_scripta: 0.011049, Chrysemys_picta: 0.000005): 0.011049, Terrapene_carolina: 0.000004): 0.012924, (Mauremys_reevesii: 0.019361, (Gopherus_evgoodei: 0.030642, Chelonoidis_abingdonii: 0.013348): 0.000005): 0.017168): 0.011321, Chelonia_mydas: 0.053711): 0.092221);
dN tree:
(Alligator_mississippiensis: 0.411607, Pelodiscus_sinensis: 0.041843, ((((Trachemys_scripta: 0.001899, Chrysemys_picta: 0.000000): 0.005731, Terrapene_carolina: 0.003807): 0.002299, (Mauremys_reevesii: 0.006664, (Gopherus_evgoodei: 0.002811, Chelonoidis_abingdonii: 0.006752): 0.000000): 0.008291): 0.003786, Chelonia_mydas: 0.011879): 0.021723);

w ratios as labels for TreeView:
(Alligator_mississippiensis #0.516391 , Pelodiscus_sinensis #0.49404 , ((((Trachemys_scripta #0.171845 , Chrysemys_picta #0.0001 ) #0.518723 , Terrapene_carolina #999 ) #0.177859 , (Mauremys_reevesii #0.344198 , (Gopherus_evgoodei #0.0917238 , Chelonoidis_abingdonii #0.505847 ) #0.0001 ) #0.482956 ) #0.33441 , Chelonia_mydas #0.221158 ) #0.235556 );


Time used:  5:02
