
Loaded 'libv3/all-terms.bf' from /usr/local/lib/hyphy/TemplateBatchFiles/libv3/all-terms.bf
Loaded 'libv3/UtilityFunctions.bf' from /usr/local/lib/hyphy/TemplateBatchFiles/libv3/UtilityFunctions.bf
Loaded 'IOFunctions.bf' from /usr/local/lib/hyphy/TemplateBatchFiles/libv3/IOFunctions.bf
Already loaded 'libv3/UtilityFunctions.bf' from /usr/local/lib/hyphy/TemplateBatchFiles/libv3/UtilityFunctions.bf
Loaded 'convenience/regexp.bf' from /usr/local/lib/hyphy/TemplateBatchFiles/libv3/convenience/regexp.bf
Already loaded 'libv3/all-terms.bf' from /usr/local/lib/hyphy/TemplateBatchFiles/libv3/all-terms.bf
Already loaded 'libv3/IOFunctions.bf' from /usr/local/lib/hyphy/TemplateBatchFiles/libv3/IOFunctions.bf
Loaded 'libv3/tasks/estimators.bf' from /usr/local/lib/hyphy/TemplateBatchFiles/libv3/tasks/estimators.bf
Loaded '../models/model_functions.bf' from /usr/local/lib/hyphy/TemplateBatchFiles/libv3/models/model_functions.bf
Loaded 'DNA.bf' from /usr/local/lib/hyphy/TemplateBatchFiles/libv3/models/DNA.bf
Loaded 'frequencies.bf' from /usr/local/lib/hyphy/TemplateBatchFiles/libv3/models/frequencies.bf
Already loaded '../all-terms.bf' from /usr/local/lib/hyphy/TemplateBatchFiles/libv3/all-terms.bf
Loaded 'parameters.bf' from /usr/local/lib/hyphy/TemplateBatchFiles/libv3/models/parameters.bf
Loaded 'GrabBag' from /usr/local/lib/hyphy/TemplateBatchFiles/Utility/GrabBag.bf
Overwritten previously defined function:'_sortStringsAux'
Already loaded 'libv3/all-terms.bf' from /usr/local/lib/hyphy/TemplateBatchFiles/libv3/all-terms.bf
Already loaded '../UtilityFunctions.bf' from /usr/local/lib/hyphy/TemplateBatchFiles/libv3/UtilityFunctions.bf
Already loaded 'model_functions.bf' from /usr/local/lib/hyphy/TemplateBatchFiles/libv3/models/model_functions.bf
Already loaded 'libv3/all-terms.bf' from /usr/local/lib/hyphy/TemplateBatchFiles/libv3/all-terms.bf
Already loaded 'parameters.bf' from /usr/local/lib/hyphy/TemplateBatchFiles/libv3/models/parameters.bf
Already loaded 'frequencies.bf' from /usr/local/lib/hyphy/TemplateBatchFiles/libv3/models/frequencies.bf
Already loaded '../UtilityFunctions.bf' from /usr/local/lib/hyphy/TemplateBatchFiles/libv3/UtilityFunctions.bf
Already loaded '../convenience/regexp.bf' from /usr/local/lib/hyphy/TemplateBatchFiles/libv3/convenience/regexp.bf
Loaded '../models/DNA/GTR.bf' from /usr/local/lib/hyphy/TemplateBatchFiles/libv3/models/DNA/GTR.bf
Already loaded '../DNA.bf' from /usr/local/lib/hyphy/TemplateBatchFiles/libv3/models/DNA.bf
Already loaded '../parameters.bf' from /usr/local/lib/hyphy/TemplateBatchFiles/libv3/models/parameters.bf
Already loaded '../frequencies.bf' from /usr/local/lib/hyphy/TemplateBatchFiles/libv3/models/frequencies.bf
Already loaded '../../UtilityFunctions.bf' from /usr/local/lib/hyphy/TemplateBatchFiles/libv3/UtilityFunctions.bf
Already loaded 'libv3/all-terms.bf' from /usr/local/lib/hyphy/TemplateBatchFiles/libv3/all-terms.bf
Already loaded '../convenience/regexp.bf' from /usr/local/lib/hyphy/TemplateBatchFiles/libv3/convenience/regexp.bf
Already loaded 'libv3/all-terms.bf' from /usr/local/lib/hyphy/TemplateBatchFiles/libv3/all-terms.bf
Loaded 'libv3/tasks/alignments.bf' from /usr/local/lib/hyphy/TemplateBatchFiles/libv3/tasks/alignments.bf
Already loaded '../IOFunctions.bf' from /usr/local/lib/hyphy/TemplateBatchFiles/libv3/IOFunctions.bf
Already loaded '../all-terms.bf' from /usr/local/lib/hyphy/TemplateBatchFiles/libv3/all-terms.bf
Loaded 'libv3/models/codon.bf' from /usr/local/lib/hyphy/TemplateBatchFiles/libv3/models/codon.bf
Loaded '../tasks/genetic_code.bf' from /usr/local/lib/hyphy/TemplateBatchFiles/libv3/tasks/genetic_code.bf
Loaded 'libv3/convenience/matrix.bf' from /usr/local/lib/hyphy/TemplateBatchFiles/libv3/convenience/matrix.bf
Already loaded 'libv3/UtilityFunctions.bf' from /usr/local/lib/hyphy/TemplateBatchFiles/libv3/UtilityFunctions.bf
Already loaded 'libv3/all-terms.bf' from /usr/local/lib/hyphy/TemplateBatchFiles/libv3/all-terms.bf
Already loaded '../UtilityFunctions.bf' from /usr/local/lib/hyphy/TemplateBatchFiles/libv3/UtilityFunctions.bf
Loaded 'libv3/tasks/trees.bf' from /usr/local/lib/hyphy/TemplateBatchFiles/libv3/tasks/trees.bf
Already loaded '../IOFunctions.bf' from /usr/local/lib/hyphy/TemplateBatchFiles/libv3/IOFunctions.bf
Already loaded '../all-terms.bf' from /usr/local/lib/hyphy/TemplateBatchFiles/libv3/all-terms.bf
Already loaded '../convenience/regexp.bf' from /usr/local/lib/hyphy/TemplateBatchFiles/libv3/convenience/regexp.bf
Already loaded '../UtilityFunctions.bf' from /usr/local/lib/hyphy/TemplateBatchFiles/libv3/UtilityFunctions.bf
Loaded 'TreeTools' from /usr/local/lib/hyphy/TemplateBatchFiles/TreeTools.ibf
Already loaded 'libv3/tasks/genetic_code.bf' from /usr/local/lib/hyphy/TemplateBatchFiles/libv3/tasks/genetic_code.bf
Loaded 'modules/io_functions.ibf' from /usr/local/lib/hyphy/TemplateBatchFiles/SelectionAnalyses/modules/io_functions.ibf
Already loaded 'libv3/UtilityFunctions.bf' from /usr/local/lib/hyphy/TemplateBatchFiles/libv3/UtilityFunctions.bf
Already loaded 'libv3/IOFunctions.bf' from /usr/local/lib/hyphy/TemplateBatchFiles/libv3/IOFunctions.bf
Already loaded 'libv3/convenience/regexp.bf' from /usr/local/lib/hyphy/TemplateBatchFiles/libv3/convenience/regexp.bf
Already loaded 'libv3/all-terms.bf' from /usr/local/lib/hyphy/TemplateBatchFiles/libv3/all-terms.bf
Loaded 'modules/selection_lib.ibf' from /usr/local/lib/hyphy/TemplateBatchFiles/SelectionAnalyses/modules/selection_lib.ibf
Loaded 'libv3/models/codon/BS_REL.bf' from /usr/local/lib/hyphy/TemplateBatchFiles/libv3/models/codon/BS_REL.bf
Already loaded '../codon.bf' from /usr/local/lib/hyphy/TemplateBatchFiles/libv3/models/codon.bf
Already loaded '../DNA.bf' from /usr/local/lib/hyphy/TemplateBatchFiles/libv3/models/DNA.bf
Already loaded '../parameters.bf' from /usr/local/lib/hyphy/TemplateBatchFiles/libv3/models/parameters.bf
Already loaded '../frequencies.bf' from /usr/local/lib/hyphy/TemplateBatchFiles/libv3/models/frequencies.bf
Already loaded '../../UtilityFunctions.bf' from /usr/local/lib/hyphy/TemplateBatchFiles/libv3/UtilityFunctions.bf
Loaded 'MG_REV.bf' from /usr/local/lib/hyphy/TemplateBatchFiles/libv3/models/codon/MG_REV.bf
Already loaded '../codon.bf' from /usr/local/lib/hyphy/TemplateBatchFiles/libv3/models/codon.bf
Already loaded '../DNA.bf' from /usr/local/lib/hyphy/TemplateBatchFiles/libv3/models/DNA.bf
Already loaded '../parameters.bf' from /usr/local/lib/hyphy/TemplateBatchFiles/libv3/models/parameters.bf
Already loaded '../frequencies.bf' from /usr/local/lib/hyphy/TemplateBatchFiles/libv3/models/frequencies.bf
Already loaded '../../UtilityFunctions.bf' from /usr/local/lib/hyphy/TemplateBatchFiles/libv3/UtilityFunctions.bf
Loaded '../../convenience/math.bf' from /usr/local/lib/hyphy/TemplateBatchFiles/libv3/convenience/math.bf
Already loaded 'libv3/UtilityFunctions.bf' from /usr/local/lib/hyphy/TemplateBatchFiles/libv3/UtilityFunctions.bf
Already loaded 'libv3/convenience/math.bf' from /usr/local/lib/hyphy/TemplateBatchFiles/libv3/convenience/math.bf
Variable 'NORMALIZE_SEQUENCE_NAMES' was not initialized prior to being used
Loaded 'modules/shared-load-file.bf' from /usr/local/lib/hyphy/TemplateBatchFiles/SelectionAnalyses/modules/shared-load-file.bf
Variable 'MARKDOWN_OUTPUT' was not initialized prior to being used
Already loaded 'libv3/convenience/matrix.bf' from /usr/local/lib/hyphy/TemplateBatchFiles/libv3/convenience/matrix.bf
Already loaded 'libv3/UtilityFunctions.bf' from /usr/local/lib/hyphy/TemplateBatchFiles/libv3/UtilityFunctions.bf
Variable 'Cuyogmfv.skipCodeSelectionStep' was not initialized prior to being used
Row and/or column partition is empty. All the data will be used by default.
Variable 'NEXUS_FILE_TREE_MATRIX' was not initialized prior to being used
Variable 'utility.ToggleEnvVariable.cache' was not initialized prior to being used
Variable 'TREE_NODE_NAME_MAPPING' was not initialized prior to being used
Variable 'wtBbUaMT.PROMPT_FOR_FILE' was not initialized prior to being used
Variable 'END_OF_FILE' was not initialized prior to being used
Variable '_DO_TREE_REBALANCE_' was not initialized prior to being used
Variable '_KEEP_I_LABELS_' was not initialized prior to being used
Variable 'INCLUDE_MODEL_SPECS' was not initialized prior to being used
Variable 'utility.ForEachPair.warn_non_rentrant' was not initialized prior to being used
Row and/or column partition is empty. All the data will be used by default.
Row and/or column partition is empty. All the data will be used by default.
Variable 'rwsSabrv.cache' was not initialized prior to being used
Row and/or column partition is empty. All the data will be used by default.
Variable 'COUNT_GAPS_IN_FREQUENCIES' was not initialized prior to being used
Variable 'foaKO_gB.model_pi' was not initialized prior to being used
Model foaKO_gB.model assigned to Gavialis_gangeticus
Model foaKO_gB.model assigned to Pelodiscus_sinensis
Model foaKO_gB.model assigned to Trachemys_scripta
Model foaKO_gB.model assigned to Chrysemys_picta
Model foaKO_gB.model assigned to Node6
Model foaKO_gB.model assigned to Terrapene_carolina
Model foaKO_gB.model assigned to Node5
Model foaKO_gB.model assigned to Mauremys_reevesii
Model foaKO_gB.model assigned to Gopherus_evgoodei
Model foaKO_gB.model assigned to Chelonoidis_abingdonii
Model foaKO_gB.model assigned to Node12
Model foaKO_gB.model assigned to Node10
Model foaKO_gB.model assigned to Node4
Model foaKO_gB.model assigned to Chelonia_mydas
Model foaKO_gB.model assigned to Node3
The tips of the tree:foaKO_gB.tree_0 were matched with the species names from the data in the following numeric order (0-based) {0,8,5,4,6,3,2,1,7}

Pseudo-optimal path's cost 882 vs 1816 for 1..k=> a 2.05896 x improvement
Partition 0 reversible model flag computed as 1
Variable 'USE_LAST_RESULTS' was not initialized prior to being used
Variable 'foaKO_gB.tree_0.Gavialis_gangeticus.t' was not initialized prior to being used
models.generic.SetBranchLength: foaKO_gB.tree_0.Gavialis_gangeticus.t=953.4772656995301
Variable 'foaKO_gB.tree_0.Pelodiscus_sinensis.t' was not initialized prior to being used
models.generic.SetBranchLength: foaKO_gB.tree_0.Pelodiscus_sinensis.t=479.8370089647948
Variable 'foaKO_gB.tree_0.Trachemys_scripta.t' was not initialized prior to being used
models.generic.SetBranchLength: foaKO_gB.tree_0.Trachemys_scripta.t=71.67717498291609
Variable 'foaKO_gB.tree_0.Chrysemys_picta.t' was not initialized prior to being used
models.generic.SetBranchLength: foaKO_gB.tree_0.Chrysemys_picta.t=71.67717498291609
Variable 'foaKO_gB.tree_0.Node6.t' was not initialized prior to being used
models.generic.SetBranchLength: foaKO_gB.tree_0.Node6.t=31.14504122382567
Variable 'foaKO_gB.tree_0.Terrapene_carolina.t' was not initialized prior to being used
models.generic.SetBranchLength: foaKO_gB.tree_0.Terrapene_carolina.t=102.8222162067418
Variable 'foaKO_gB.tree_0.Node5.t' was not initialized prior to being used
models.generic.SetBranchLength: foaKO_gB.tree_0.Node5.t=105.2493140558586
Variable 'foaKO_gB.tree_0.Mauremys_reevesii.t' was not initialized prior to being used
models.generic.SetBranchLength: foaKO_gB.tree_0.Mauremys_reevesii.t=163.3230549961075
Variable 'foaKO_gB.tree_0.Gopherus_evgoodei.t' was not initialized prior to being used
models.generic.SetBranchLength: foaKO_gB.tree_0.Gopherus_evgoodei.t=138.6196748117171
Variable 'foaKO_gB.tree_0.Chelonoidis_abingdonii.t' was not initialized prior to being used
models.generic.SetBranchLength: foaKO_gB.tree_0.Chelonoidis_abingdonii.t=138.6196748117171
Variable 'foaKO_gB.tree_0.Node12.t' was not initialized prior to being used
models.generic.SetBranchLength: foaKO_gB.tree_0.Node12.t=24.70338018439039
Variable 'foaKO_gB.tree_0.Node10.t' was not initialized prior to being used
models.generic.SetBranchLength: foaKO_gB.tree_0.Node10.t=44.7484752664929
Variable 'foaKO_gB.tree_0.Node4.t' was not initialized prior to being used
models.generic.SetBranchLength: foaKO_gB.tree_0.Node4.t=96.28222970935519
Variable 'foaKO_gB.tree_0.Chelonia_mydas.t' was not initialized prior to being used
models.generic.SetBranchLength: foaKO_gB.tree_0.Chelonia_mydas.t=304.3537599719556
Variable 'foaKO_gB.tree_0.Node3.t' was not initialized prior to being used
models.generic.SetBranchLength: foaKO_gB.tree_0.Node3.t=175.4832489928393
Variable 'foaKO_gB.foaKO_gB.likelihoodFunction' was not initialized prior to being used
Variable 'SAVE_OPT_STATUS_TO' was not initialized prior to being used
Auto-benchmarked an optimal number (1) of threads.
Set GUI update interval to every 5050-th LF evaluation.
Optimization settings:
	OPTIMIZATION_METHOD = 4
	OPTIMIZATION_PRECISION = 0.001
	MAXIMUM_ITERATIONS_PER_VARIABLE = 5000

Initial parameter values

foaKO_gB.model.theta_GT = 0.25
foaKO_gB.model.theta_CT = 1
foaKO_gB.model.theta_CG = 0.25
foaKO_gB.model.theta_AT = 0.25
foaKO_gB.model.theta_AC = 0.25
foaKO_gB.tree_0.Gavialis_gangeticus.t = 953.477
foaKO_gB.tree_0.Pelodiscus_sinensis.t = 479.837
foaKO_gB.tree_0.Trachemys_scripta.t = 71.6772
foaKO_gB.tree_0.Chrysemys_picta.t = 71.6772
foaKO_gB.tree_0.Node6.t = 31.145
foaKO_gB.tree_0.Terrapene_carolina.t = 102.822
foaKO_gB.tree_0.Node5.t = 105.249
foaKO_gB.tree_0.Mauremys_reevesii.t = 163.323
foaKO_gB.tree_0.Gopherus_evgoodei.t = 138.62
foaKO_gB.tree_0.Chelonoidis_abingdonii.t = 138.62
foaKO_gB.tree_0.Node12.t = 24.7034
foaKO_gB.tree_0.Node10.t = 44.7485
foaKO_gB.tree_0.Node4.t = 96.2822
foaKO_gB.tree_0.Chelonia_mydas.t = 304.354
foaKO_gB.tree_0.Node3.t = 175.483
Site 33 evaluated to a 0 probability in ComputeLLWithBranchCache
Optimization finished in 37 loop passes.
3191 likelihood evaluation calls and 18548 matrix exponentiations calls were made

Variable 'BRANCH_LENGTH_STENCIL' was not initialized prior to being used
Variable 'foaKO_gB.option' was not initialized prior to being used
Variable 'busted.terms.json.nucleotide_gtr' was not initialized prior to being used
Variable 'Unknown' was not initialized prior to being used
Variable 'pTxPyDCa.initial_value' was not initialized prior to being used
Variable 'vCVCWqNd.data_filter' was not initialized prior to being used
Row and/or column partition is empty. All the data will be used by default.
Auto-benchmarked an optimal number (2) of threads.
Set GUI update interval to every 3105-th LF evaluation.
Optimization settings:
	OPTIMIZATION_METHOD = 4
	OPTIMIZATION_PRECISION = 0.001
	MAXIMUM_ITERATIONS_PER_VARIABLE = 5000

Initial parameter values

frequencies._aux.CF3x4.p0_0 = 0.336615
frequencies._aux.CF3x4.p0_1 = 0.26077
frequencies._aux.CF3x4.p0_2 = 0.451355
frequencies._aux.CF3x4.p1_0 = 0.272574
frequencies._aux.CF3x4.p1_1 = 0.292396
frequencies._aux.CF3x4.p1_2 = 0.249611
frequencies._aux.CF3x4.p2_0 = 0.256884
frequencies._aux.CF3x4.p2_1 = 0.341377
frequencies._aux.CF3x4.p2_2 = 0.41037
Optimization finished in 7 loop passes.
229 likelihood evaluation calls and 0 matrix exponentiations calls were made

Variable 'vCVCWqNd.model_MGREV_pi' was not initialized prior to being used
Model vCVCWqNd.model_MGREV assigned to Gavialis_gangeticus
Model vCVCWqNd.model_MGREV assigned to Pelodiscus_sinensis
Model vCVCWqNd.model_MGREV assigned to Trachemys_scripta
Model vCVCWqNd.model_MGREV assigned to Chrysemys_picta
Model vCVCWqNd.model_MGREV assigned to Node6
Model vCVCWqNd.model_MGREV assigned to Terrapene_carolina
Model vCVCWqNd.model_MGREV assigned to Node5
Model vCVCWqNd.model_MGREV assigned to Mauremys_reevesii
Model vCVCWqNd.model_MGREV assigned to Gopherus_evgoodei
Model vCVCWqNd.model_MGREV assigned to Chelonoidis_abingdonii
Model vCVCWqNd.model_MGREV assigned to Node12
Model vCVCWqNd.model_MGREV assigned to Node10
Model vCVCWqNd.model_MGREV assigned to Node4
Model vCVCWqNd.model_MGREV assigned to Chelonia_mydas
Model vCVCWqNd.model_MGREV assigned to Node3
The tips of the tree:vCVCWqNd.tree_0 were matched with the species names from the data in the following numeric order (0-based) {0,8,5,4,6,3,2,1,7}

Pseudo-optimal path's cost 2203 vs 4155 for 1..k=> a 1.88606 x improvement
Partition 0 reversible model flag computed as 1
Variable 'vCVCWqNd.vCVCWqNd.likelihoodFunction' was not initialized prior to being used
Variable 'vCVCWqNd.tree_0.Gavialis_gangeticus.alpha' was not initialized prior to being used
Variable 'vCVCWqNd.tree_0.Pelodiscus_sinensis.alpha' was not initialized prior to being used
Variable 'vCVCWqNd.tree_0.Trachemys_scripta.alpha' was not initialized prior to being used
Variable 'vCVCWqNd.tree_0.Chrysemys_picta.alpha' was not initialized prior to being used
Variable 'vCVCWqNd.tree_0.Node6.alpha' was not initialized prior to being used
Variable 'vCVCWqNd.tree_0.Terrapene_carolina.alpha' was not initialized prior to being used
Variable 'vCVCWqNd.tree_0.Node5.alpha' was not initialized prior to being used
Variable 'vCVCWqNd.tree_0.Mauremys_reevesii.alpha' was not initialized prior to being used
Variable 'vCVCWqNd.tree_0.Gopherus_evgoodei.alpha' was not initialized prior to being used
Variable 'vCVCWqNd.tree_0.Chelonoidis_abingdonii.alpha' was not initialized prior to being used
Variable 'vCVCWqNd.tree_0.Node12.alpha' was not initialized prior to being used
Variable 'vCVCWqNd.tree_0.Node10.alpha' was not initialized prior to being used
Variable 'vCVCWqNd.tree_0.Node4.alpha' was not initialized prior to being used
Variable 'vCVCWqNd.tree_0.Chelonia_mydas.alpha' was not initialized prior to being used
Variable 'vCVCWqNd.tree_0.Node3.alpha' was not initialized prior to being used
Site 14 evaluated to a 0 probability in ComputeTreeBlockByBranch
Site 16 evaluated to a 0 probability in ComputeTreeBlockByBranch
Site 14 evaluated to a 0 probability in ComputeTreeBlockByBranch
Site 22 evaluated to a 0 probability in ComputeTreeBlockByBranch
Site 82 evaluated to a 0 probability in ComputeTreeBlockByBranch
Site 14 evaluated to a 0 probability in ComputeTreeBlockByBranch
Site 89 evaluated to a 0 probability in ComputeTreeBlockByBranch
Site 112 evaluated to a 0 probability in ComputeTreeBlockByBranch
Site 16 evaluated to a 0 probability in ComputeTreeBlockByBranch
Site 14 evaluated to a 0 probability in ComputeTreeBlockByBranch
Site 207 evaluated to a 0 probability in ComputeTreeBlockByBranch
Site 229 evaluated to a 0 probability in ComputeTreeBlockByBranch
Site 179 evaluated to a 0 probability in ComputeTreeBlockByBranch
Site 14 evaluated to a 0 probability in ComputeTreeBlockByBranch
Site 203 evaluated to a 0 probability in ComputeTreeBlockByBranch
Site 61 evaluated to a 0 probability in ComputeTreeBlockByBranch
Site 20 evaluated to a 0 probability in ComputeTreeBlockByBranch
Site 114 evaluated to a 0 probability in ComputeTreeBlockByBranch
Site 132 evaluated to a 0 probability in ComputeTreeBlockByBranch
Site 14 evaluated to a 0 probability in ComputeTreeBlockByBranch
Site 221 evaluated to a 0 probability in ComputeTreeBlockByBranch
Auto-benchmarked an optimal number (5) of threads.
Set GUI update interval to every 334-th LF evaluation.
Initial guess for vCVCWqNd.tree_0.Pelodiscus_sinensis.alpha is 0.00032367
Initial guess for vCVCWqNd.tree_0.Node3.alpha is 2.51026e-05
Initial guess for vCVCWqNd.tree_0.Node4.alpha is 3.67912e-06
Initial guess for vCVCWqNd.tree_0.Node5.alpha is 5.4028e-06
Initial guess for vCVCWqNd.tree_0.Node6.alpha is 3.06054e-06
Initial guess for vCVCWqNd.tree_0.Trachemys_scripta.alpha is 3.25533e-05
Initial guess for vCVCWqNd.tree_0.Chrysemys_picta.alpha is 3.0556e-06
Initial guess for vCVCWqNd.tree_0.Terrapene_carolina.alpha is 1.25075e-06
Initial guess for vCVCWqNd.tree_0.Node10.alpha is 5.732e-06
Initial guess for vCVCWqNd.tree_0.Mauremys_reevesii.alpha is 1.24583e-06
Initial guess for vCVCWqNd.tree_0.Node12.alpha is -1.80812e-06
Initial guess for vCVCWqNd.tree_0.Gopherus_evgoodei.alpha is 8.57531e-06
Initial guess for vCVCWqNd.tree_0.Chelonoidis_abingdonii.alpha is 9.81979e-06
Initial guess for vCVCWqNd.tree_0.Chelonia_mydas.alpha is 4.945e-06
Optimization settings:
	OPTIMIZATION_METHOD = 4
	OPTIMIZATION_PRECISION = 0.001
	MAXIMUM_ITERATIONS_PER_VARIABLE = 5000

Initial parameter values

vCVCWqNd.model_MGREV.theta_CT = 1
vCVCWqNd.model_MGREV.theta_GT = 1
vCVCWqNd.model_MGREV.theta_CG = 1
vCVCWqNd.model_MGREV.theta_AC = 1
vCVCWqNd.model_MGREV.theta_AT = 1
vCVCWqNd.model_MGREV.omega_0 = 1
vCVCWqNd.tree_0.Gavialis_gangeticus.alpha = 0.1
vCVCWqNd.tree_0.Pelodiscus_sinensis.alpha = 0.00032367
vCVCWqNd.tree_0.Trachemys_scripta.alpha = 3.25533e-05
vCVCWqNd.tree_0.Chrysemys_picta.alpha = 3.0556e-06
vCVCWqNd.tree_0.Node6.alpha = 3.06054e-06
vCVCWqNd.tree_0.Terrapene_carolina.alpha = 1.25075e-06
vCVCWqNd.tree_0.Node5.alpha = 5.4028e-06
vCVCWqNd.tree_0.Mauremys_reevesii.alpha = 1.24583e-06
vCVCWqNd.tree_0.Gopherus_evgoodei.alpha = 8.57531e-06
vCVCWqNd.tree_0.Chelonoidis_abingdonii.alpha = 9.81979e-06
vCVCWqNd.tree_0.Node12.alpha = 0
vCVCWqNd.tree_0.Node10.alpha = 5.732e-06
vCVCWqNd.tree_0.Node4.alpha = 3.67912e-06
vCVCWqNd.tree_0.Chelonia_mydas.alpha = 4.945e-06
vCVCWqNd.tree_0.Node3.alpha = 2.51026e-05
vCVCWqNd.model_MGREV.omega_1 = 1
Failing bound checks on vCVCWqNd.tree_0.Mauremys_reevesii.beta =         10002.05802667477
Optimization finished in 37 loop passes.
4374 likelihood evaluation calls and 26143 matrix exponentiations calls were made

Row and/or column partition is empty. All the data will be used by default.
Auto-benchmarked an optimal number (3) of threads.
Set GUI update interval to every 3267-th LF evaluation.
Optimization settings:
	OPTIMIZATION_METHOD = 4
	OPTIMIZATION_PRECISION = 0.001
	MAXIMUM_ITERATIONS_PER_VARIABLE = 5000

Initial parameter values

frequencies._aux.CF3x4.p0_0 = 0.336615
frequencies._aux.CF3x4.p0_1 = 0.26077
frequencies._aux.CF3x4.p0_2 = 0.451355
frequencies._aux.CF3x4.p1_0 = 0.272574
frequencies._aux.CF3x4.p1_1 = 0.292396
frequencies._aux.CF3x4.p1_2 = 0.249611
frequencies._aux.CF3x4.p2_0 = 0.256884
frequencies._aux.CF3x4.p2_1 = 0.341377
frequencies._aux.CF3x4.p2_2 = 0.41037
Optimization finished in 7 loop passes.
230 likelihood evaluation calls and 0 matrix exponentiations calls were made

Variable 'vCVCWqNd.model_MGREV_pi' was not initialized prior to being used
Model vCVCWqNd.model_MGREV assigned to Gavialis_gangeticus
Model vCVCWqNd.model_MGREV assigned to Pelodiscus_sinensis
Model vCVCWqNd.model_MGREV assigned to Trachemys_scripta
Model vCVCWqNd.model_MGREV assigned to Chrysemys_picta
Model vCVCWqNd.model_MGREV assigned to Node6
Model vCVCWqNd.model_MGREV assigned to Terrapene_carolina
Model vCVCWqNd.model_MGREV assigned to Node5
Model vCVCWqNd.model_MGREV assigned to Mauremys_reevesii
Model vCVCWqNd.model_MGREV assigned to Gopherus_evgoodei
Model vCVCWqNd.model_MGREV assigned to Chelonoidis_abingdonii
Model vCVCWqNd.model_MGREV assigned to Node12
Model vCVCWqNd.model_MGREV assigned to Node10
Model vCVCWqNd.model_MGREV assigned to Node4
Model vCVCWqNd.model_MGREV assigned to Chelonia_mydas
Model vCVCWqNd.model_MGREV assigned to Node3
The tips of the tree:vCVCWqNd.tree_0 were matched with the species names from the data in the following numeric order (0-based) {0,8,5,4,6,3,2,1,7}

Pseudo-optimal path's cost 2203 vs 4155 for 1..k=> a 1.88606 x improvement
Partition 0 reversible model flag computed as 1
Variable 'vCVCWqNd.tree_0.Node4.alpha' was not initialized prior to being used
Variable 'vCVCWqNd.tree_0.Node10.alpha' was not initialized prior to being used
Variable 'vCVCWqNd.tree_0.Chelonia_mydas.alpha' was not initialized prior to being used
Variable 'vCVCWqNd.tree_0.Node12.alpha' was not initialized prior to being used
Variable 'vCVCWqNd.tree_0.Chelonoidis_abingdonii.alpha' was not initialized prior to being used
Variable 'vCVCWqNd.tree_0.Node6.alpha' was not initialized prior to being used
Variable 'vCVCWqNd.tree_0.Gopherus_evgoodei.alpha' was not initialized prior to being used
Variable 'vCVCWqNd.tree_0.Gavialis_gangeticus.alpha' was not initialized prior to being used
Variable 'vCVCWqNd.tree_0.Mauremys_reevesii.alpha' was not initialized prior to being used
Variable 'vCVCWqNd.tree_0.Pelodiscus_sinensis.alpha' was not initialized prior to being used
Variable 'vCVCWqNd.tree_0.Chrysemys_picta.alpha' was not initialized prior to being used
Variable 'vCVCWqNd.tree_0.Node5.alpha' was not initialized prior to being used
Variable 'vCVCWqNd.tree_0.Terrapene_carolina.alpha' was not initialized prior to being used
Variable 'vCVCWqNd.tree_0.Trachemys_scripta.alpha' was not initialized prior to being used
Variable 'vCVCWqNd.tree_0.Node3.alpha' was not initialized prior to being used
Site 14 evaluated to a 0 probability in ComputeTreeBlockByBranch
Site 16 evaluated to a 0 probability in ComputeTreeBlockByBranch
Site 14 evaluated to a 0 probability in ComputeTreeBlockByBranch
Site 22 evaluated to a 0 probability in ComputeTreeBlockByBranch
Site 82 evaluated to a 0 probability in ComputeTreeBlockByBranch
Site 14 evaluated to a 0 probability in ComputeTreeBlockByBranch
Site 112 evaluated to a 0 probability in ComputeTreeBlockByBranch
Site 89 evaluated to a 0 probability in ComputeTreeBlockByBranch
Site 16 evaluated to a 0 probability in ComputeTreeBlockByBranch
Site 14 evaluated to a 0 probability in ComputeTreeBlockByBranch
Site 207 evaluated to a 0 probability in ComputeTreeBlockByBranch
Site 179 evaluated to a 0 probability in ComputeTreeBlockByBranch
Site 229 evaluated to a 0 probability in ComputeTreeBlockByBranch
Site 14 evaluated to a 0 probability in ComputeTreeBlockByBranch
Site 203 evaluated to a 0 probability in ComputeTreeBlockByBranch
Site 61 evaluated to a 0 probability in ComputeTreeBlockByBranch
Site 20 evaluated to a 0 probability in ComputeTreeBlockByBranch
Site 132 evaluated to a 0 probability in ComputeTreeBlockByBranch
Site 114 evaluated to a 0 probability in ComputeTreeBlockByBranch
Site 14 evaluated to a 0 probability in ComputeTreeBlockByBranch
Site 221 evaluated to a 0 probability in ComputeTreeBlockByBranch
Auto-benchmarked an optimal number (5) of threads.
Set GUI update interval to every 362-th LF evaluation.
Initial guess for vCVCWqNd.tree_0.Pelodiscus_sinensis.alpha is 0.00032367
Initial guess for vCVCWqNd.tree_0.Node3.alpha is 2.51026e-05
Initial guess for vCVCWqNd.tree_0.Node4.alpha is 3.67912e-06
Initial guess for vCVCWqNd.tree_0.Node5.alpha is 5.4028e-06
Initial guess for vCVCWqNd.tree_0.Node6.alpha is 3.06054e-06
Initial guess for vCVCWqNd.tree_0.Trachemys_scripta.alpha is 3.25533e-05
Initial guess for vCVCWqNd.tree_0.Chrysemys_picta.alpha is 3.0556e-06
Initial guess for vCVCWqNd.tree_0.Terrapene_carolina.alpha is 1.25075e-06
Initial guess for vCVCWqNd.tree_0.Node10.alpha is 5.732e-06
Initial guess for vCVCWqNd.tree_0.Mauremys_reevesii.alpha is 1.24583e-06
Initial guess for vCVCWqNd.tree_0.Node12.alpha is -1.80812e-06
Initial guess for vCVCWqNd.tree_0.Gopherus_evgoodei.alpha is 8.57531e-06
Initial guess for vCVCWqNd.tree_0.Chelonoidis_abingdonii.alpha is 9.81979e-06
Initial guess for vCVCWqNd.tree_0.Chelonia_mydas.alpha is 4.945e-06
Optimization settings:
	OPTIMIZATION_METHOD = 4
	OPTIMIZATION_PRECISION = 0.001
	MAXIMUM_ITERATIONS_PER_VARIABLE = 5000

Initial parameter values

vCVCWqNd.model_MGREV.theta_CG = 1
vCVCWqNd.model_MGREV.theta_CT = 1
vCVCWqNd.model_MGREV.theta_GT = 1
vCVCWqNd.model_MGREV.theta_AT = 1
vCVCWqNd.model_MGREV.theta_AC = 1
vCVCWqNd.model_MGREV.omega_0 = 1
vCVCWqNd.tree_0.Gavialis_gangeticus.alpha = 0.1
vCVCWqNd.tree_0.Pelodiscus_sinensis.alpha = 0.00032367
vCVCWqNd.tree_0.Trachemys_scripta.alpha = 3.25533e-05
vCVCWqNd.tree_0.Chrysemys_picta.alpha = 3.0556e-06
vCVCWqNd.tree_0.Node6.alpha = 3.06054e-06
vCVCWqNd.tree_0.Terrapene_carolina.alpha = 1.25075e-06
vCVCWqNd.tree_0.Node5.alpha = 5.4028e-06
vCVCWqNd.tree_0.Mauremys_reevesii.alpha = 1.24583e-06
vCVCWqNd.tree_0.Gopherus_evgoodei.alpha = 8.57531e-06
vCVCWqNd.tree_0.Chelonoidis_abingdonii.alpha = 9.81979e-06
vCVCWqNd.tree_0.Node12.alpha = 0
vCVCWqNd.tree_0.Node10.alpha = 5.732e-06
vCVCWqNd.tree_0.Node4.alpha = 3.67912e-06
vCVCWqNd.tree_0.Chelonia_mydas.alpha = 4.945e-06
vCVCWqNd.tree_0.Node3.alpha = 2.51026e-05
vCVCWqNd.model_MGREV.omega_1 = 1
Failing bound checks on vCVCWqNd.tree_0.Mauremys_reevesii.beta =         10002.05802667477
Optimization finished in 36 loop passes.
3907 likelihood evaluation calls and 22692 matrix exponentiations calls were made

Overwritten previously defined function:'EWQVCJRk.rate_generator'
Overwritten previously defined function:'EWQVCJRk.rate_generator'
Auto-benchmarked an optimal number (2) of threads.
Set GUI update interval to every 2840-th LF evaluation.
Optimization settings:
	OPTIMIZATION_METHOD = 4
	OPTIMIZATION_PRECISION = 0.001
	MAXIMUM_ITERATIONS_PER_VARIABLE = 5000

Initial parameter values

frequencies._aux.CF3x4.p0_0 = 0.336615
frequencies._aux.CF3x4.p0_1 = 0.26077
frequencies._aux.CF3x4.p0_2 = 0.451355
frequencies._aux.CF3x4.p1_0 = 0.272574
frequencies._aux.CF3x4.p1_1 = 0.292396
frequencies._aux.CF3x4.p1_2 = 0.249611
frequencies._aux.CF3x4.p2_0 = 0.256884
frequencies._aux.CF3x4.p2_1 = 0.341377
frequencies._aux.CF3x4.p2_2 = 0.41037
Optimization finished in 7 loop passes.
229 likelihood evaluation calls and 0 matrix exponentiations calls were made

Variable 'busted.test_pi' was not initialized prior to being used
Overwritten previously defined function:'EWQVCJRk.rate_generator'
Overwritten previously defined function:'EWQVCJRk.rate_generator'
Overwritten previously defined function:'EWQVCJRk.rate_generator'
Auto-benchmarked an optimal number (2) of threads.
Set GUI update interval to every 2890-th LF evaluation.
Optimization settings:
	OPTIMIZATION_METHOD = 4
	OPTIMIZATION_PRECISION = 0.001
	MAXIMUM_ITERATIONS_PER_VARIABLE = 5000

Initial parameter values

frequencies._aux.CF3x4.p0_0 = 0.336615
frequencies._aux.CF3x4.p0_1 = 0.26077
frequencies._aux.CF3x4.p0_2 = 0.451355
frequencies._aux.CF3x4.p1_0 = 0.272574
frequencies._aux.CF3x4.p1_1 = 0.292396
frequencies._aux.CF3x4.p1_2 = 0.249611
frequencies._aux.CF3x4.p2_0 = 0.256884
frequencies._aux.CF3x4.p2_1 = 0.341377
frequencies._aux.CF3x4.p2_2 = 0.41037
Optimization finished in 7 loop passes.
229 likelihood evaluation calls and 0 matrix exponentiations calls were made

Variable 'busted.background_pi' was not initialized prior to being used
Variable 'ASSUME_REVERSIBLE_MODELS' was not initialized prior to being used
No nodel was assigned to Gavialis_gangeticus
No nodel was assigned to Pelodiscus_sinensis
No nodel was assigned to Trachemys_scripta
No nodel was assigned to Chrysemys_picta
No nodel was assigned to Node6
No nodel was assigned to Terrapene_carolina
No nodel was assigned to Node5
No nodel was assigned to Mauremys_reevesii
No nodel was assigned to Gopherus_evgoodei
No nodel was assigned to Chelonoidis_abingdonii
No nodel was assigned to Node12
No nodel was assigned to Node10
No nodel was assigned to Node4
No nodel was assigned to Chelonia_mydas
No nodel was assigned to Node3
The tips of the tree:ocxNLJGW.tree_id_0 were matched with the species names from the data in the following numeric order (0-based) {0,8,5,4,6,3,2,1,7}

Pseudo-optimal path's cost 2203 vs 4155 for 1..k=> a 1.88606 x improvement
Partition 0 is ASSUMED to have a reversible model
busted.background.theta_AC was already constrained in estimators.SetGlobals2
busted.background.theta_AG was already constrained in estimators.SetGlobals2
busted.background.theta_AT was already constrained in estimators.SetGlobals2
busted.background.theta_CG was already constrained in estimators.SetGlobals2
busted.background.theta_CT was already constrained in estimators.SetGlobals2
busted.background.theta_GT was already constrained in estimators.SetGlobals2
busted.test.theta_AG was already constrained in estimators.SetGlobals2
Variable 'ocxNLJGW.tree_id_0.Gavialis_gangeticus.t' was not initialized prior to being used
models.generic.SetBranchLength: ocxNLJGW.tree_id_0.Gavialis_gangeticus.t=2.906737982602154
Variable 'ocxNLJGW.tree_id_0.Pelodiscus_sinensis.t' was not initialized prior to being used
models.generic.SetBranchLength: ocxNLJGW.tree_id_0.Pelodiscus_sinensis.t=0.3320182236196341
Variable 'ocxNLJGW.tree_id_0.Trachemys_scripta.t' was not initialized prior to being used
models.generic.SetBranchLength: ocxNLJGW.tree_id_0.Trachemys_scripta.t=0.03852601136942981
Variable 'ocxNLJGW.tree_id_0.Chrysemys_picta.t' was not initialized prior to being used
models.generic.SetBranchLength: ocxNLJGW.tree_id_0.Chrysemys_picta.t=0.006187268443868671
Variable 'ocxNLJGW.tree_id_0.Node6.t' was not initialized prior to being used
models.generic.SetBranchLength: ocxNLJGW.tree_id_0.Node6.t=0.03216006449969702
Variable 'ocxNLJGW.tree_id_0.Terrapene_carolina.t' was not initialized prior to being used
models.generic.SetBranchLength: ocxNLJGW.tree_id_0.Terrapene_carolina.t=0.0127356169384401
Variable 'ocxNLJGW.tree_id_0.Node5.t' was not initialized prior to being used
models.generic.SetBranchLength: ocxNLJGW.tree_id_0.Node5.t=0.0277833944665844
Variable 'ocxNLJGW.tree_id_0.Mauremys_reevesii.t' was not initialized prior to being used
models.generic.SetBranchLength: ocxNLJGW.tree_id_0.Mauremys_reevesii.t=0.1079852354673525
Variable 'ocxNLJGW.tree_id_0.Gopherus_evgoodei.t' was not initialized prior to being used
models.generic.SetBranchLength: ocxNLJGW.tree_id_0.Gopherus_evgoodei.t=0.0949340572582459
Variable 'ocxNLJGW.tree_id_0.Chelonoidis_abingdonii.t' was not initialized prior to being used
models.generic.SetBranchLength: ocxNLJGW.tree_id_0.Chelonoidis_abingdonii.t=0.05857007664588475
Variable 'ocxNLJGW.tree_id_0.Node12.t' was not initialized prior to being used
models.generic.SetBranchLength: ocxNLJGW.tree_id_0.Node12.t=0
Variable 'ocxNLJGW.tree_id_0.Node10.t' was not initialized prior to being used
models.generic.SetBranchLength: ocxNLJGW.tree_id_0.Node10.t=0.08295411311317474
Variable 'ocxNLJGW.tree_id_0.Node4.t' was not initialized prior to being used
models.generic.SetBranchLength: ocxNLJGW.tree_id_0.Node4.t=0.0383683871820123
Variable 'ocxNLJGW.tree_id_0.Chelonia_mydas.t' was not initialized prior to being used
models.generic.SetBranchLength: ocxNLJGW.tree_id_0.Chelonia_mydas.t=0.1595443652223163
Variable 'ocxNLJGW.tree_id_0.Node3.t' was not initialized prior to being used
models.generic.SetBranchLength: ocxNLJGW.tree_id_0.Node3.t=0.3779333317450782
Variable 'ocxNLJGW.ocxNLJGW.likelihoodFunction' was not initialized prior to being used
Auto-benchmarked an optimal number (5) of threads.
Set GUI update interval to every 13-th LF evaluation.
Optimization settings:
	OPTIMIZATION_METHOD = 4
	OPTIMIZATION_PRECISION = 0.001
	MAXIMUM_ITERATIONS_PER_VARIABLE = 5000

Initial parameter values

busted.test.theta_CT = 1.15515
busted.test.theta_CG = 0.675347
busted.test.theta_GT = 0.440708
busted.test.theta_AC = 0.453654
busted.test.theta_AT = 0.391418
busted.background.omega3 = 9.52381
busted.background.omega1 = 0
busted.background.bsrel_mixture_aux_1 = 0.666667
busted.background.omega2 = 0.238095
busted.background.bsrel_mixture_aux_0 = 0.7
busted.test.bsrel_mixture_aux_1 = 0.666667
busted.test.omega2 = 0.238095
busted.test.bsrel_mixture_aux_0 = 0.7
busted.test.omega1 = 0
busted.test.omega3 = 9.52381
ocxNLJGW.tree_id_0.Gavialis_gangeticus.t = 2.90674
ocxNLJGW.tree_id_0.Pelodiscus_sinensis.t = 0.332018
ocxNLJGW.tree_id_0.Trachemys_scripta.t = 0.038526
ocxNLJGW.tree_id_0.Chrysemys_picta.t = 0.00618727
ocxNLJGW.tree_id_0.Node6.t = 0.0321601
ocxNLJGW.tree_id_0.Terrapene_carolina.t = 0.0127356
ocxNLJGW.tree_id_0.Node5.t = 0.0277834
ocxNLJGW.tree_id_0.Mauremys_reevesii.t = 0.107985
ocxNLJGW.tree_id_0.Gopherus_evgoodei.t = 0.0949341
ocxNLJGW.tree_id_0.Chelonoidis_abingdonii.t = 0.0585701
ocxNLJGW.tree_id_0.Node12.t = 0
ocxNLJGW.tree_id_0.Node10.t = 0.0829541
ocxNLJGW.tree_id_0.Node4.t = 0.0383684
ocxNLJGW.tree_id_0.Chelonia_mydas.t = 0.159544
ocxNLJGW.tree_id_0.Node3.t = 0.377933
Optimization finished in 156 loop passes.
15296 likelihood evaluation calls and 333777 matrix exponentiations calls were made

Variable 'RSSiNgAT.ocxNLJGW.likelihoodFunction' was not initialized prior to being used
Auto-benchmarked an optimal number (6) of threads.
Set GUI update interval to every 68-th LF evaluation.
Optimization settings:
	OPTIMIZATION_METHOD = 4
	OPTIMIZATION_PRECISION = 0.001
	MAXIMUM_ITERATIONS_PER_VARIABLE = 5000

Initial parameter values

busted.test.theta_AC = 0.368614
busted.test.theta_CT = 1.09125
busted.test.theta_GT = 0.310729
busted.test.theta_CG = 0.60224
busted.test.theta_AT = 0.290561
busted.background.bsrel_mixture_aux_1 = 0.944217
busted.background.omega1 = 0.191663
busted.background.bsrel_mixture_aux_0 = 0.732025
busted.test.bsrel_mixture_aux_0 = 0.398542
busted.background.omega2 = 0.591032
busted.background.omega3 = 7.45164
busted.test.omega1 = 0
busted.test.bsrel_mixture_aux_1 = 0.752812
busted.test.omega2 = 1
ocxNLJGW.tree_id_0.Gavialis_gangeticus.t = 1.37157
ocxNLJGW.tree_id_0.Pelodiscus_sinensis.t = 0.25315
ocxNLJGW.tree_id_0.Trachemys_scripta.t = 0.0256573
ocxNLJGW.tree_id_0.Chrysemys_picta.t = 0.00407656
ocxNLJGW.tree_id_0.Node6.t = 0.0211882
ocxNLJGW.tree_id_0.Terrapene_carolina.t = 0.0083522
ocxNLJGW.tree_id_0.Node5.t = 0.0184935
ocxNLJGW.tree_id_0.Mauremys_reevesii.t = 0.0718475
ocxNLJGW.tree_id_0.Gopherus_evgoodei.t = 0.0647143
ocxNLJGW.tree_id_0.Chelonoidis_abingdonii.t = 0.0375713
ocxNLJGW.tree_id_0.Node12.t = 0
ocxNLJGW.tree_id_0.Node10.t = 0.0543441
ocxNLJGW.tree_id_0.Node4.t = 0.0250072
ocxNLJGW.tree_id_0.Chelonia_mydas.t = 0.107275
ocxNLJGW.tree_id_0.Node3.t = 0.246607
Optimization finished in 18 loop passes.
1642 likelihood evaluation calls and 34602 matrix exponentiations calls were made

Variable 'USE_JSON_FOR_MATRIX' was not initialized prior to being used