Aotus_nancymaae	Primates	0.19	0.237	0.999	0.892	0.999	0.966	0.93	0.868	0.202	0.869	0.231	0.452	0.511	0.352	0.71	0.496	0.501
Callithrix_jacchus	Primates	0.197	0.265	0.999	0.892	0.999	0.963	0.925	0.87	0.203	0.876	0.232	0.45	0.515	0.339	0.717	0.496	0.501
Carlito_syrichta	Primates	0.497	0.302	0.992	0.888	0.996	0.904	0.925	0.855	0.202	0.882	0.238	0.515	0.535	0.379	0.674	0.495	0.501
Cebus_capucinus	Primates	0.183	0.26	0.999	0.89	0.999	0.95	0.93	0.867	0.207	0.861	0.225	0.449	0.533	0.364	0.725	0.496	0.501
Cercocebus_atys	Primates	0.353	0.113	1.0	0.903	1.0	1.0	0.987	0.885	0.345	0.686	0.155	0.46	0.684	0.231	0.8	0.497	0.501
Chlorocebus_sabaeus	Primates	0.2	0.234	0.999	0.903	0.999	0.948	0.95	0.877	0.215	0.867	0.279	0.503	0.553	0.379	0.724	0.496	0.501
Colobus_angolensis	Primates	0.194	0.236	0.999	0.906	0.999	0.953	0.951	0.878	0.216	0.864	0.28	0.494	0.563	0.384	0.71	0.496	0.501
Gorilla_gorilla	Primates	0.168	0.232	0.999	0.904	0.999	0.932	0.945	0.875	0.213	0.853	0.258	0.493	0.531	0.358	0.699	0.497	0.501
Homo_sapiens	Primates	0.171	0.215	0.999	0.906	0.999	0.933	0.948	0.873	0.214	0.85	0.256	0.495	0.532	0.364	0.709	0.497	0.501
Hylobates_moloch	Primates	0.166	0.226	0.999	0.903	0.999	0.927	0.947	0.875	0.212	0.855	0.257	0.494	0.548	0.383	0.708	0.496	0.501
Lemur_catta	Primates	0.239	0.311	0.999	0.896	0.999	0.93	0.928	0.876	0.215	0.836	0.222	0.459	0.564	0.389	0.821	0.497	0.501
Macaca_fascicularis	Primates	0.197	0.236	0.999	0.902	0.999	0.96	0.95	0.878	0.22	0.866	0.265	0.494	0.563	0.399	0.761	0.496	0.501
Macaca_mulatta	Primates	0.305	0.153	1.0	0.912	1.0	0.999	0.979	0.905	0.288	0.826	0.276	0.482	0.693	0.353	0.778	0.497	0.501
Macaca_nemestrina	Primates	0.297	0.152	1.0	0.912	1.0	0.999	0.979	0.905	0.289	0.829	0.275	0.482	0.695	0.359	0.765	0.497	0.501
Macaca_thibetana	Primates	0.19	0.238	0.999	0.903	0.999	0.959	0.95	0.877	0.219	0.859	0.264	0.498	0.559	0.396	0.747	0.496	0.501
Mandrillus_leucophaeus	Primates	0.303	0.206	1.0	0.926	1.0	0.999	0.985	0.911	0.301	0.863	0.453	0.549	0.729	0.39	0.794	0.499	0.501
Microcebus_murinus	Primates	0.242	0.22	0.999	0.894	0.999	0.959	0.953	0.882	0.214	0.896	0.259	0.495	0.618	0.408	0.762	0.496	0.501
Nomascus_leucogenys	Primates	0.166	0.218	0.999	0.903	0.999	0.93	0.948	0.876	0.212	0.854	0.26	0.498	0.542	0.375	0.7	0.496	0.501
Nycticebus_coucang	Primates	0.3	0.103	1.0	0.919	1.0	1.0	0.982	0.888	0.328	0.668	0.173	0.415	0.74	0.234	0.818	0.498	0.501
Otolemur_garnettii	Primates	0.179	0.19	0.999	0.902	0.999	0.941	0.944	0.885	0.209	0.856	0.262	0.493	0.55	0.408	0.716	0.496	0.501
Pan_paniscus	Primates	0.168	0.232	0.999	0.904	0.999	0.932	0.945	0.875	0.213	0.853	0.258	0.493	0.531	0.358	0.699	0.497	0.501
Pan_troglodytes	Primates	0.168	0.232	0.999	0.904	0.999	0.932	0.945	0.875	0.213	0.853	0.258	0.493	0.531	0.358	0.699	0.497	0.501
Papio_anubis	Primates	0.207	0.232	0.999	0.9	0.999	0.957	0.952	0.878	0.218	0.861	0.274	0.49	0.568	0.375	0.769	0.496	0.501
Piliocolobus_tephrosceles	Primates	0.341	0.184	1.0	0.921	1.0	0.998	0.979	0.908	0.286	0.833	0.293	0.483	0.711	0.358	0.756	0.498	0.501
Pongo_abelii	Primates	0.163	0.233	0.999	0.904	0.999	0.931	0.944	0.875	0.212	0.852	0.258	0.493	0.52	0.353	0.689	0.497	0.501
Pongo_pygmaeus	Primates	0.163	0.233	0.999	0.904	0.999	0.931	0.944	0.875	0.212	0.852	0.258	0.493	0.52	0.353	0.689	0.497	0.501
Prolemur_simus	Primates	0.214	0.316	0.999	0.892	0.999	0.934	0.93	0.879	0.216	0.83	0.22	0.464	0.557	0.391	0.779	0.497	0.501
Propithecus_coquereli	Primates	0.191	0.27	0.999	0.891	0.999	0.93	0.943	0.879	0.21	0.848	0.241	0.472	0.577	0.375	0.847	0.497	0.501
Rhinopithecus_bieti	Primates	0.213	0.246	0.999	0.903	0.999	0.952	0.95	0.877	0.216	0.856	0.284	0.499	0.555	0.38	0.728	0.497	0.501
Rhinopithecus_roxellana	Primates	0.333	0.163	1.0	0.914	1.0	0.999	0.979	0.904	0.287	0.816	0.272	0.475	0.697	0.355	0.763	0.497	0.501
Saimiri_boliviensis	Primates	0.194	0.258	0.999	0.895	0.999	0.966	0.938	0.87	0.205	0.888	0.219	0.469	0.522	0.387	0.765	0.496	0.501
Sapajus_apella	Primates	0.181	0.252	0.999	0.892	0.999	0.949	0.932	0.867	0.206	0.864	0.227	0.453	0.529	0.353	0.716	0.496	0.501
Symphalangus_syndactylus	Primates	0.166	0.226	0.999	0.903	0.999	0.927	0.947	0.875	0.212	0.855	0.257	0.494	0.548	0.383	0.708	0.496	0.501
Theropithecus_gelada	Primates	0.307	0.236	1.0	0.923	1.0	0.999	0.983	0.913	0.3	0.855	0.451	0.534	0.726	0.364	0.778	0.499	0.501
Trachypithecus_francoisi	Primates	0.338	0.17	1.0	0.918	1.0	0.999	0.98	0.909	0.283	0.837	0.327	0.494	0.722	0.385	0.751	0.498	0.501
