
Loaded 'libv3/all-terms.bf' from /usr/local/lib/hyphy/TemplateBatchFiles/libv3/all-terms.bf
Loaded 'libv3/UtilityFunctions.bf' from /usr/local/lib/hyphy/TemplateBatchFiles/libv3/UtilityFunctions.bf
Loaded 'IOFunctions.bf' from /usr/local/lib/hyphy/TemplateBatchFiles/libv3/IOFunctions.bf
Already loaded 'libv3/UtilityFunctions.bf' from /usr/local/lib/hyphy/TemplateBatchFiles/libv3/UtilityFunctions.bf
Loaded 'convenience/regexp.bf' from /usr/local/lib/hyphy/TemplateBatchFiles/libv3/convenience/regexp.bf
Already loaded 'libv3/all-terms.bf' from /usr/local/lib/hyphy/TemplateBatchFiles/libv3/all-terms.bf
Already loaded 'libv3/IOFunctions.bf' from /usr/local/lib/hyphy/TemplateBatchFiles/libv3/IOFunctions.bf
Loaded 'libv3/models/codon/MG_REV.bf' from /usr/local/lib/hyphy/TemplateBatchFiles/libv3/models/codon/MG_REV.bf
Loaded '../codon.bf' from /usr/local/lib/hyphy/TemplateBatchFiles/libv3/models/codon.bf
Loaded '../tasks/genetic_code.bf' from /usr/local/lib/hyphy/TemplateBatchFiles/libv3/tasks/genetic_code.bf
Loaded 'libv3/convenience/matrix.bf' from /usr/local/lib/hyphy/TemplateBatchFiles/libv3/convenience/matrix.bf
Already loaded 'libv3/UtilityFunctions.bf' from /usr/local/lib/hyphy/TemplateBatchFiles/libv3/UtilityFunctions.bf
Already loaded 'libv3/all-terms.bf' from /usr/local/lib/hyphy/TemplateBatchFiles/libv3/all-terms.bf
Already loaded '../UtilityFunctions.bf' from /usr/local/lib/hyphy/TemplateBatchFiles/libv3/UtilityFunctions.bf
Loaded '../DNA.bf' from /usr/local/lib/hyphy/TemplateBatchFiles/libv3/models/DNA.bf
Loaded 'frequencies.bf' from /usr/local/lib/hyphy/TemplateBatchFiles/libv3/models/frequencies.bf
Already loaded '../all-terms.bf' from /usr/local/lib/hyphy/TemplateBatchFiles/libv3/all-terms.bf
Loaded 'parameters.bf' from /usr/local/lib/hyphy/TemplateBatchFiles/libv3/models/parameters.bf
Loaded 'GrabBag' from /usr/local/lib/hyphy/TemplateBatchFiles/Utility/GrabBag.bf
Overwritten previously defined function:'_sortStringsAux'
Already loaded 'libv3/all-terms.bf' from /usr/local/lib/hyphy/TemplateBatchFiles/libv3/all-terms.bf
Already loaded '../UtilityFunctions.bf' from /usr/local/lib/hyphy/TemplateBatchFiles/libv3/UtilityFunctions.bf
Loaded 'model_functions.bf' from /usr/local/lib/hyphy/TemplateBatchFiles/libv3/models/model_functions.bf
Already loaded 'DNA.bf' from /usr/local/lib/hyphy/TemplateBatchFiles/libv3/models/DNA.bf
Already loaded 'parameters.bf' from /usr/local/lib/hyphy/TemplateBatchFiles/libv3/models/parameters.bf
Already loaded 'frequencies.bf' from /usr/local/lib/hyphy/TemplateBatchFiles/libv3/models/frequencies.bf
Already loaded '../UtilityFunctions.bf' from /usr/local/lib/hyphy/TemplateBatchFiles/libv3/UtilityFunctions.bf
Already loaded '../convenience/regexp.bf' from /usr/local/lib/hyphy/TemplateBatchFiles/libv3/convenience/regexp.bf
Already loaded 'libv3/all-terms.bf' from /usr/local/lib/hyphy/TemplateBatchFiles/libv3/all-terms.bf
Already loaded '../parameters.bf' from /usr/local/lib/hyphy/TemplateBatchFiles/libv3/models/parameters.bf
Already loaded '../frequencies.bf' from /usr/local/lib/hyphy/TemplateBatchFiles/libv3/models/frequencies.bf
Already loaded '../../UtilityFunctions.bf' from /usr/local/lib/hyphy/TemplateBatchFiles/libv3/UtilityFunctions.bf
Loaded 'libv3/tasks/estimators.bf' from /usr/local/lib/hyphy/TemplateBatchFiles/libv3/tasks/estimators.bf
Already loaded '../models/model_functions.bf' from /usr/local/lib/hyphy/TemplateBatchFiles/libv3/models/model_functions.bf
Loaded '../models/DNA/GTR.bf' from /usr/local/lib/hyphy/TemplateBatchFiles/libv3/models/DNA/GTR.bf
Already loaded '../DNA.bf' from /usr/local/lib/hyphy/TemplateBatchFiles/libv3/models/DNA.bf
Already loaded '../parameters.bf' from /usr/local/lib/hyphy/TemplateBatchFiles/libv3/models/parameters.bf
Already loaded '../frequencies.bf' from /usr/local/lib/hyphy/TemplateBatchFiles/libv3/models/frequencies.bf
Already loaded '../../UtilityFunctions.bf' from /usr/local/lib/hyphy/TemplateBatchFiles/libv3/UtilityFunctions.bf
Already loaded 'libv3/all-terms.bf' from /usr/local/lib/hyphy/TemplateBatchFiles/libv3/all-terms.bf
Already loaded '../convenience/regexp.bf' from /usr/local/lib/hyphy/TemplateBatchFiles/libv3/convenience/regexp.bf
Already loaded 'libv3/all-terms.bf' from /usr/local/lib/hyphy/TemplateBatchFiles/libv3/all-terms.bf
Loaded 'libv3/tasks/alignments.bf' from /usr/local/lib/hyphy/TemplateBatchFiles/libv3/tasks/alignments.bf
Already loaded '../IOFunctions.bf' from /usr/local/lib/hyphy/TemplateBatchFiles/libv3/IOFunctions.bf
Already loaded '../all-terms.bf' from /usr/local/lib/hyphy/TemplateBatchFiles/libv3/all-terms.bf
Loaded 'libv3/tasks/mpi.bf' from /usr/local/lib/hyphy/TemplateBatchFiles/libv3/tasks/mpi.bf
Already loaded '../all-terms.bf' from /usr/local/lib/hyphy/TemplateBatchFiles/libv3/all-terms.bf
Already loaded '../models/parameters.bf' from /usr/local/lib/hyphy/TemplateBatchFiles/libv3/models/parameters.bf
Loaded 'libv3/tasks/trees.bf' from /usr/local/lib/hyphy/TemplateBatchFiles/libv3/tasks/trees.bf
Already loaded '../IOFunctions.bf' from /usr/local/lib/hyphy/TemplateBatchFiles/libv3/IOFunctions.bf
Already loaded '../all-terms.bf' from /usr/local/lib/hyphy/TemplateBatchFiles/libv3/all-terms.bf
Already loaded '../convenience/regexp.bf' from /usr/local/lib/hyphy/TemplateBatchFiles/libv3/convenience/regexp.bf
Already loaded '../UtilityFunctions.bf' from /usr/local/lib/hyphy/TemplateBatchFiles/libv3/UtilityFunctions.bf
Loaded 'TreeTools' from /usr/local/lib/hyphy/TemplateBatchFiles/TreeTools.ibf
Loaded 'modules/io_functions.ibf' from /usr/local/lib/hyphy/TemplateBatchFiles/SelectionAnalyses/modules/io_functions.ibf
Already loaded 'libv3/UtilityFunctions.bf' from /usr/local/lib/hyphy/TemplateBatchFiles/libv3/UtilityFunctions.bf
Already loaded 'libv3/IOFunctions.bf' from /usr/local/lib/hyphy/TemplateBatchFiles/libv3/IOFunctions.bf
Already loaded 'libv3/convenience/regexp.bf' from /usr/local/lib/hyphy/TemplateBatchFiles/libv3/convenience/regexp.bf
Already loaded 'libv3/all-terms.bf' from /usr/local/lib/hyphy/TemplateBatchFiles/libv3/all-terms.bf
Loaded 'modules/selection_lib.ibf' from /usr/local/lib/hyphy/TemplateBatchFiles/SelectionAnalyses/modules/selection_lib.ibf
Loaded 'libv3/models/codon/BS_REL.bf' from /usr/local/lib/hyphy/TemplateBatchFiles/libv3/models/codon/BS_REL.bf
Already loaded '../codon.bf' from /usr/local/lib/hyphy/TemplateBatchFiles/libv3/models/codon.bf
Already loaded '../DNA.bf' from /usr/local/lib/hyphy/TemplateBatchFiles/libv3/models/DNA.bf
Already loaded '../parameters.bf' from /usr/local/lib/hyphy/TemplateBatchFiles/libv3/models/parameters.bf
Already loaded '../frequencies.bf' from /usr/local/lib/hyphy/TemplateBatchFiles/libv3/models/frequencies.bf
Already loaded '../../UtilityFunctions.bf' from /usr/local/lib/hyphy/TemplateBatchFiles/libv3/UtilityFunctions.bf
Already loaded 'MG_REV.bf' from /usr/local/lib/hyphy/TemplateBatchFiles/libv3/models/codon/MG_REV.bf
Loaded '../../convenience/math.bf' from /usr/local/lib/hyphy/TemplateBatchFiles/libv3/convenience/math.bf
Already loaded 'libv3/UtilityFunctions.bf' from /usr/local/lib/hyphy/TemplateBatchFiles/libv3/UtilityFunctions.bf
Already loaded 'libv3/convenience/math.bf' from /usr/local/lib/hyphy/TemplateBatchFiles/libv3/convenience/math.bf
Variable 'NORMALIZE_SEQUENCE_NAMES' was not initialized prior to being used
Variable 'ASSUME_REVERSIBLE_MODELS' was not initialized prior to being used
Loaded 'modules/shared-load-file.bf' from /usr/local/lib/hyphy/TemplateBatchFiles/SelectionAnalyses/modules/shared-load-file.bf
Variable 'MARKDOWN_OUTPUT' was not initialized prior to being used
Already loaded 'libv3/convenience/matrix.bf' from /usr/local/lib/hyphy/TemplateBatchFiles/libv3/convenience/matrix.bf
Already loaded 'libv3/UtilityFunctions.bf' from /usr/local/lib/hyphy/TemplateBatchFiles/libv3/UtilityFunctions.bf
Variable 'Gyf_PNAg.skipCodeSelectionStep' was not initialized prior to being used
Row and/or column partition is empty. All the data will be used by default.
Variable 'NEXUS_FILE_TREE_MATRIX' was not initialized prior to being used
Variable 'utility.ToggleEnvVariable.cache' was not initialized prior to being used
Variable 'TREE_NODE_NAME_MAPPING' was not initialized prior to being used
Variable 'DsRzpoZz.PROMPT_FOR_FILE' was not initialized prior to being used
Variable 'END_OF_FILE' was not initialized prior to being used
Variable '_DO_TREE_REBALANCE_' was not initialized prior to being used
Variable '_KEEP_I_LABELS_' was not initialized prior to being used
Variable 'INCLUDE_MODEL_SPECS' was not initialized prior to being used
Variable 'utility.ForEachPair.warn_non_rentrant' was not initialized prior to being used
Row and/or column partition is empty. All the data will be used by default.
Row and/or column partition is empty. All the data will be used by default.
Variable 'TUihGlFs.cache' was not initialized prior to being used
Row and/or column partition is empty. All the data will be used by default.
Variable 'COUNT_GAPS_IN_FREQUENCIES' was not initialized prior to being used
Variable 'otUVqbbt.model_pi' was not initialized prior to being used
Model otUVqbbt.model assigned to Leptosomus_discolor
Model otUVqbbt.model assigned to Colius_striatus
Model otUVqbbt.model assigned to Node2
Model otUVqbbt.model assigned to Tyto_alba
Model otUVqbbt.model assigned to Node1
Model otUVqbbt.model assigned to Haliaeetus_leucocephalus
Model otUVqbbt.model assigned to Aquila_chrysaetos
Model otUVqbbt.model assigned to Node6
Model otUVqbbt.model assigned to Corvus_moneduloides
Model otUVqbbt.model assigned to Falco_peregrinus
Model otUVqbbt.model assigned to Falco_tinnunculus
Model otUVqbbt.model assigned to Node11
Model otUVqbbt.model assigned to Node9
The tips of the tree:otUVqbbt.tree_0 were matched with the species names from the data in the following numeric order (0-based) {4,7,3,2,1,0,5,6}

Pseudo-optimal path's cost 999 vs 1667 for 1..k=> a 1.66867 x improvement
Partition 0 is ASSUMED to have a reversible model
Variable 'USE_LAST_RESULTS' was not initialized prior to being used
Variable 'otUVqbbt.tree_0.Leptosomus_discolor.t' was not initialized prior to being used
models.generic.SetBranchLength: otUVqbbt.tree_0.Leptosomus_discolor.t=180.0977399422954
Variable 'otUVqbbt.tree_0.Colius_striatus.t' was not initialized prior to being used
models.generic.SetBranchLength: otUVqbbt.tree_0.Colius_striatus.t=180.0977399422954
Variable 'otUVqbbt.tree_0.Node2.t' was not initialized prior to being used
models.generic.SetBranchLength: otUVqbbt.tree_0.Node2.t=7.021138187168007
Variable 'otUVqbbt.tree_0.Tyto_alba.t' was not initialized prior to being used
models.generic.SetBranchLength: otUVqbbt.tree_0.Tyto_alba.t=184.8543597532381
Variable 'otUVqbbt.tree_0.Node1.t' was not initialized prior to being used
models.generic.SetBranchLength: otUVqbbt.tree_0.Node1.t=5.293102674483475
Variable 'otUVqbbt.tree_0.Haliaeetus_leucocephalus.t' was not initialized prior to being used
models.generic.SetBranchLength: otUVqbbt.tree_0.Haliaeetus_leucocephalus.t=77.78149007063368
Variable 'otUVqbbt.tree_0.Aquila_chrysaetos.t' was not initialized prior to being used
models.generic.SetBranchLength: otUVqbbt.tree_0.Aquila_chrysaetos.t=77.78149007063368
Variable 'otUVqbbt.tree_0.Node6.t' was not initialized prior to being used
models.generic.SetBranchLength: otUVqbbt.tree_0.Node6.t=114.6304907333132
Variable 'otUVqbbt.tree_0.Corvus_moneduloides.t' was not initialized prior to being used
models.generic.SetBranchLength: otUVqbbt.tree_0.Corvus_moneduloides.t=180.4669715270477
Variable 'otUVqbbt.tree_0.Falco_peregrinus.t' was not initialized prior to being used
models.generic.SetBranchLength: otUVqbbt.tree_0.Falco_peregrinus.t=19.01970284822425
Variable 'otUVqbbt.tree_0.Falco_tinnunculus.t' was not initialized prior to being used
models.generic.SetBranchLength: otUVqbbt.tree_0.Falco_tinnunculus.t=19.01970284822425
Variable 'otUVqbbt.tree_0.Node11.t' was not initialized prior to being used
models.generic.SetBranchLength: otUVqbbt.tree_0.Node11.t=161.4472686788235
Variable 'otUVqbbt.tree_0.Node9.t' was not initialized prior to being used
models.generic.SetBranchLength: otUVqbbt.tree_0.Node9.t=11.94500927689917
Variable 'otUVqbbt.otUVqbbt.likelihoodFunction' was not initialized prior to being used
Variable 'SAVE_OPT_STATUS_TO' was not initialized prior to being used
Auto-benchmarked an optimal number (1) of threads.
Set GUI update interval to every 3289-th LF evaluation.
Optimization settings:
	OPTIMIZATION_METHOD = 4
	OPTIMIZATION_PRECISION = 0.001
	MAXIMUM_ITERATIONS_PER_VARIABLE = 5000

Initial parameter values

otUVqbbt.model.theta_GT = 0.25
otUVqbbt.model.theta_CT = 1
otUVqbbt.model.theta_AC = 0.25
otUVqbbt.model.theta_CG = 0.25
otUVqbbt.model.theta_AT = 0.25
otUVqbbt.tree_0.Leptosomus_discolor.t = 180.098
otUVqbbt.tree_0.Colius_striatus.t = 180.098
otUVqbbt.tree_0.Node2.t = 7.02114
otUVqbbt.tree_0.Tyto_alba.t = 184.854
otUVqbbt.tree_0.Node1.t = 5.2931
otUVqbbt.tree_0.Haliaeetus_leucocephalus.t = 77.7815
otUVqbbt.tree_0.Aquila_chrysaetos.t = 77.7815
otUVqbbt.tree_0.Node6.t = 114.63
otUVqbbt.tree_0.Corvus_moneduloides.t = 180.467
otUVqbbt.tree_0.Falco_peregrinus.t = 19.0197
otUVqbbt.tree_0.Falco_tinnunculus.t = 19.0197
otUVqbbt.tree_0.Node11.t = 161.447
otUVqbbt.tree_0.Node9.t = 11.945
Optimization finished in 29 loop passes.
1742 likelihood evaluation calls and 10110 matrix exponentiations calls were made

Variable 'BRANCH_LENGTH_STENCIL' was not initialized prior to being used
Variable 'otUVqbbt.option' was not initialized prior to being used
Variable 'absrel.terms.json.nucleotide_gtr' was not initialized prior to being used
Variable 'Unknown' was not initialized prior to being used
Variable 'HXjVpgsq.initial_value' was not initialized prior to being used
Variable 'FseRfWgX.data_filter' was not initialized prior to being used
Row and/or column partition is empty. All the data will be used by default.
Auto-benchmarked an optimal number (5) of threads.
Set GUI update interval to every 2976-th LF evaluation.
Optimization settings:
	OPTIMIZATION_METHOD = 4
	OPTIMIZATION_PRECISION = 0.001
	MAXIMUM_ITERATIONS_PER_VARIABLE = 5000

Initial parameter values

frequencies._aux.CF3x4.p0_0 = 0.349432
frequencies._aux.CF3x4.p0_1 = 0.262009
frequencies._aux.CF3x4.p0_2 = 0.494083
frequencies._aux.CF3x4.p1_0 = 0.253906
frequencies._aux.CF3x4.p1_1 = 0.306997
frequencies._aux.CF3x4.p1_2 = 0.267857
frequencies._aux.CF3x4.p2_0 = 0.256037
frequencies._aux.CF3x4.p2_1 = 0.318377
frequencies._aux.CF3x4.p2_2 = 0.392857
Optimization finished in 4 loop passes.
168 likelihood evaluation calls and 0 matrix exponentiations calls were made

Variable 'FseRfWgX.model_MGREV_pi' was not initialized prior to being used
Model FseRfWgX.model_MGREV assigned to Leptosomus_discolor
Model FseRfWgX.model_MGREV assigned to Colius_striatus
Model FseRfWgX.model_MGREV assigned to Node2
Model FseRfWgX.model_MGREV assigned to Tyto_alba
Model FseRfWgX.model_MGREV assigned to Node1
Model FseRfWgX.model_MGREV assigned to Haliaeetus_leucocephalus
Model FseRfWgX.model_MGREV assigned to Aquila_chrysaetos
Model FseRfWgX.model_MGREV assigned to Node6
Model FseRfWgX.model_MGREV assigned to Corvus_moneduloides
Model FseRfWgX.model_MGREV assigned to Falco_peregrinus
Model FseRfWgX.model_MGREV assigned to Falco_tinnunculus
Model FseRfWgX.model_MGREV assigned to Node11
Model FseRfWgX.model_MGREV assigned to Node9
The tips of the tree:FseRfWgX.tree_0 were matched with the species names from the data in the following numeric order (0-based) {4,7,3,2,1,0,5,6}

Pseudo-optimal path's cost 2288 vs 3226 for 1..k=> a 1.40997 x improvement
Partition 0 is ASSUMED to have a reversible model
Variable 'FseRfWgX.FseRfWgX.likelihoodFunction' was not initialized prior to being used
Variable 'FseRfWgX.tree_0.Leptosomus_discolor.alpha' was not initialized prior to being used
Variable 'FseRfWgX.tree_0.Leptosomus_discolor.beta' was not initialized prior to being used
Variable 'FseRfWgX.tree_0.Colius_striatus.alpha' was not initialized prior to being used
Variable 'FseRfWgX.tree_0.Colius_striatus.beta' was not initialized prior to being used
Variable 'FseRfWgX.tree_0.Tyto_alba.alpha' was not initialized prior to being used
Variable 'FseRfWgX.tree_0.Tyto_alba.beta' was not initialized prior to being used
Variable 'FseRfWgX.tree_0.Haliaeetus_leucocephalus.alpha' was not initialized prior to being used
Variable 'FseRfWgX.tree_0.Haliaeetus_leucocephalus.beta' was not initialized prior to being used
Variable 'FseRfWgX.tree_0.Aquila_chrysaetos.alpha' was not initialized prior to being used
Variable 'FseRfWgX.tree_0.Aquila_chrysaetos.beta' was not initialized prior to being used
Variable 'FseRfWgX.tree_0.Corvus_moneduloides.alpha' was not initialized prior to being used
Variable 'FseRfWgX.tree_0.Corvus_moneduloides.beta' was not initialized prior to being used
Variable 'FseRfWgX.tree_0.Falco_peregrinus.alpha' was not initialized prior to being used
Variable 'FseRfWgX.tree_0.Falco_peregrinus.beta' was not initialized prior to being used
Variable 'FseRfWgX.tree_0.Falco_tinnunculus.alpha' was not initialized prior to being used
Variable 'FseRfWgX.tree_0.Falco_tinnunculus.beta' was not initialized prior to being used
Variable 'FseRfWgX.tree_0.Node2.alpha' was not initialized prior to being used
Variable 'FseRfWgX.tree_0.Node2.beta' was not initialized prior to being used
Variable 'FseRfWgX.tree_0.Node1.alpha' was not initialized prior to being used
Variable 'FseRfWgX.tree_0.Node1.beta' was not initialized prior to being used
Variable 'FseRfWgX.tree_0.Node6.alpha' was not initialized prior to being used
Variable 'FseRfWgX.tree_0.Node6.beta' was not initialized prior to being used
Variable 'FseRfWgX.tree_0.Node11.alpha' was not initialized prior to being used
Variable 'FseRfWgX.tree_0.Node11.beta' was not initialized prior to being used
Variable 'FseRfWgX.tree_0.Node9.alpha' was not initialized prior to being used
Variable 'FseRfWgX.tree_0.Node9.beta' was not initialized prior to being used
Site 21 evaluated to a 0 probability in ComputeTreeBlockByBranch
Site 21 evaluated to a 0 probability in ComputeTreeBlockByBranch
Site 74 evaluated to a 0 probability in ComputeTreeBlockByBranch
Auto-benchmarked an optimal number (1) of threads.
Set GUI update interval to every 39-th LF evaluation.
Initial guess for FseRfWgX.tree_0.Node2.beta is -0.00166789
Initial guess for FseRfWgX.tree_0.Node2.alpha is -0.000693863
Initial guess for FseRfWgX.tree_0.Leptosomus_discolor.beta is 0.0281341
Initial guess for FseRfWgX.tree_0.Leptosomus_discolor.alpha is 0.00774992
Initial guess for FseRfWgX.tree_0.Colius_striatus.beta is 0.0611506
Initial guess for FseRfWgX.tree_0.Colius_striatus.alpha is 0.0316436
Initial guess for FseRfWgX.tree_0.Tyto_alba.beta is 0.0192584
Initial guess for FseRfWgX.tree_0.Tyto_alba.alpha is 0.0104811
Initial guess for FseRfWgX.tree_0.Node6.beta is -0.0037113
Initial guess for FseRfWgX.tree_0.Node6.alpha is -0.000757312
Initial guess for FseRfWgX.tree_0.Haliaeetus_leucocephalus.beta is 0.00636581
Initial guess for FseRfWgX.tree_0.Haliaeetus_leucocephalus.alpha is 0.000874928
Initial guess for FseRfWgX.tree_0.Aquila_chrysaetos.beta is 0.00712449
Initial guess for FseRfWgX.tree_0.Aquila_chrysaetos.alpha is 0.00102261
Initial guess for FseRfWgX.tree_0.Node9.beta is 0.0180075
Initial guess for FseRfWgX.tree_0.Node9.alpha is 0.0053586
Initial guess for FseRfWgX.tree_0.Corvus_moneduloides.beta is 0.0869039
Initial guess for FseRfWgX.tree_0.Corvus_moneduloides.alpha is 0.0492267
Initial guess for FseRfWgX.tree_0.Node11.beta is 0.00319435
Initial guess for FseRfWgX.tree_0.Node11.alpha is -0.000705651
Initial guess for FseRfWgX.tree_0.Falco_peregrinus.beta is 0.00350045
Initial guess for FseRfWgX.tree_0.Falco_peregrinus.alpha is 0.00111921
Initial guess for FseRfWgX.tree_0.Falco_tinnunculus.beta is 0.0022253
Initial guess for FseRfWgX.tree_0.Falco_tinnunculus.alpha is 0.000778329
Optimization settings:
	OPTIMIZATION_METHOD = 4
	OPTIMIZATION_PRECISION = 0.001
	MAXIMUM_ITERATIONS_PER_VARIABLE = 5000

Initial parameter values

FseRfWgX.model_MGREV.theta_GT = 1
FseRfWgX.model_MGREV.theta_CT = 1
FseRfWgX.model_MGREV.theta_AC = 1
FseRfWgX.model_MGREV.theta_CG = 1
FseRfWgX.model_MGREV.theta_AT = 1
FseRfWgX.tree_0.Leptosomus_discolor.alpha = 0.00774992
FseRfWgX.tree_0.Leptosomus_discolor.beta = 0.0281341
FseRfWgX.tree_0.Colius_striatus.alpha = 0.0316436
FseRfWgX.tree_0.Colius_striatus.beta = 0.0611506
FseRfWgX.tree_0.Node2.alpha = 0
FseRfWgX.tree_0.Node2.beta = 0
FseRfWgX.tree_0.Tyto_alba.alpha = 0.0104811
FseRfWgX.tree_0.Tyto_alba.beta = 0.0192584
FseRfWgX.tree_0.Node1.alpha = 0.1
FseRfWgX.tree_0.Node1.beta = 0.1
FseRfWgX.tree_0.Haliaeetus_leucocephalus.alpha = 0.000874928
FseRfWgX.tree_0.Haliaeetus_leucocephalus.beta = 0.00636581
FseRfWgX.tree_0.Aquila_chrysaetos.alpha = 0.00102261
FseRfWgX.tree_0.Aquila_chrysaetos.beta = 0.00712449
FseRfWgX.tree_0.Node6.alpha = 0
FseRfWgX.tree_0.Node6.beta = 0
FseRfWgX.tree_0.Corvus_moneduloides.alpha = 0.0492267
FseRfWgX.tree_0.Corvus_moneduloides.beta = 0.0869039
FseRfWgX.tree_0.Falco_peregrinus.alpha = 0.00111921
FseRfWgX.tree_0.Falco_peregrinus.beta = 0.00350045
FseRfWgX.tree_0.Falco_tinnunculus.alpha = 0.000778329
FseRfWgX.tree_0.Falco_tinnunculus.beta = 0.0022253
FseRfWgX.tree_0.Node11.alpha = 0
FseRfWgX.tree_0.Node11.beta = 0.00319435
FseRfWgX.tree_0.Node9.alpha = 0.0053586
FseRfWgX.tree_0.Node9.beta = 0.0180075
Optimization finished in 22 loop passes.
3027 likelihood evaluation calls and 11220 matrix exponentiations calls were made

Variable 'bsrel_mixture_aux_0' was not initialized prior to being used
Overwritten previously defined function:'rDfJ_HiI.rate_generator'
Auto-benchmarked an optimal number (2) of threads.
Set GUI update interval to every 2923-th LF evaluation.
Optimization settings:
	OPTIMIZATION_METHOD = 4
	OPTIMIZATION_PRECISION = 0.001
	MAXIMUM_ITERATIONS_PER_VARIABLE = 5000

Initial parameter values

frequencies._aux.CF3x4.p0_0 = 0.349432
frequencies._aux.CF3x4.p0_1 = 0.262009
frequencies._aux.CF3x4.p0_2 = 0.494083
frequencies._aux.CF3x4.p1_0 = 0.253906
frequencies._aux.CF3x4.p1_1 = 0.306997
frequencies._aux.CF3x4.p1_2 = 0.267857
frequencies._aux.CF3x4.p2_0 = 0.256037
frequencies._aux.CF3x4.p2_1 = 0.318377
frequencies._aux.CF3x4.p2_2 = 0.392857
Optimization finished in 4 loop passes.
165 likelihood evaluation calls and 0 matrix exponentiations calls were made

Variable 'absrel.model.2_pi' was not initialized prior to being used
Variable 'omega1' was not initialized prior to being used
Variable 'omega2' was not initialized prior to being used
Overwritten previously defined function:'rDfJ_HiI.rate_generator'
Overwritten previously defined function:'rDfJ_HiI.rate_generator'
Variable 'bsrel_mixture_aux_1' was not initialized prior to being used
Overwritten previously defined function:'rDfJ_HiI.rate_generator'
Auto-benchmarked an optimal number (3) of threads.
Set GUI update interval to every 2958-th LF evaluation.
Optimization settings:
	OPTIMIZATION_METHOD = 4
	OPTIMIZATION_PRECISION = 0.001
	MAXIMUM_ITERATIONS_PER_VARIABLE = 5000

Initial parameter values

frequencies._aux.CF3x4.p0_0 = 0.349432
frequencies._aux.CF3x4.p0_1 = 0.262009
frequencies._aux.CF3x4.p0_2 = 0.494083
frequencies._aux.CF3x4.p1_0 = 0.253906
frequencies._aux.CF3x4.p1_1 = 0.306997
frequencies._aux.CF3x4.p1_2 = 0.267857
frequencies._aux.CF3x4.p2_0 = 0.256037
frequencies._aux.CF3x4.p2_1 = 0.318377
frequencies._aux.CF3x4.p2_2 = 0.392857
Optimization finished in 4 loop passes.
166 likelihood evaluation calls and 0 matrix exponentiations calls were made

Variable 'absrel.model.3_pi' was not initialized prior to being used
Variable 'omega3' was not initialized prior to being used
Overwritten previously defined function:'rDfJ_HiI.rate_generator'
Overwritten previously defined function:'rDfJ_HiI.rate_generator'
Overwritten previously defined function:'rDfJ_HiI.rate_generator'
Variable 'bsrel_mixture_aux_2' was not initialized prior to being used
Overwritten previously defined function:'rDfJ_HiI.rate_generator'
Auto-benchmarked an optimal number (3) of threads.
Set GUI update interval to every 2840-th LF evaluation.
Optimization settings:
	OPTIMIZATION_METHOD = 4
	OPTIMIZATION_PRECISION = 0.001
	MAXIMUM_ITERATIONS_PER_VARIABLE = 5000

Initial parameter values

frequencies._aux.CF3x4.p0_0 = 0.349432
frequencies._aux.CF3x4.p0_1 = 0.262009
frequencies._aux.CF3x4.p0_2 = 0.494083
frequencies._aux.CF3x4.p1_0 = 0.253906
frequencies._aux.CF3x4.p1_1 = 0.306997
frequencies._aux.CF3x4.p1_2 = 0.267857
frequencies._aux.CF3x4.p2_0 = 0.256037
frequencies._aux.CF3x4.p2_1 = 0.318377
frequencies._aux.CF3x4.p2_2 = 0.392857
Optimization finished in 4 loop passes.
166 likelihood evaluation calls and 0 matrix exponentiations calls were made

Variable 'absrel.model.4_pi' was not initialized prior to being used
Variable 'omega4' was not initialized prior to being used
Overwritten previously defined function:'rDfJ_HiI.rate_generator'
Overwritten previously defined function:'rDfJ_HiI.rate_generator'
Overwritten previously defined function:'rDfJ_HiI.rate_generator'
Overwritten previously defined function:'rDfJ_HiI.rate_generator'
Variable 'bsrel_mixture_aux_3' was not initialized prior to being used
Overwritten previously defined function:'rDfJ_HiI.rate_generator'
Auto-benchmarked an optimal number (2) of threads.
Set GUI update interval to every 2824-th LF evaluation.
Optimization settings:
	OPTIMIZATION_METHOD = 4
	OPTIMIZATION_PRECISION = 0.001
	MAXIMUM_ITERATIONS_PER_VARIABLE = 5000

Initial parameter values

frequencies._aux.CF3x4.p0_0 = 0.349432
frequencies._aux.CF3x4.p0_1 = 0.262009
frequencies._aux.CF3x4.p0_2 = 0.494083
frequencies._aux.CF3x4.p1_0 = 0.253906
frequencies._aux.CF3x4.p1_1 = 0.306997
frequencies._aux.CF3x4.p1_2 = 0.267857
frequencies._aux.CF3x4.p2_0 = 0.256037
frequencies._aux.CF3x4.p2_1 = 0.318377
frequencies._aux.CF3x4.p2_2 = 0.392857
Optimization finished in 4 loop passes.
165 likelihood evaluation calls and 0 matrix exponentiations calls were made

Variable 'absrel.model.5_pi' was not initialized prior to being used
Variable 'omega5' was not initialized prior to being used
The tips of the tree:FseRfWgX.tree_0 were matched with the species names from the data in the following numeric order (0-based) {4,7,3,2,1,0,5,6}

Pseudo-optimal path's cost 2288 vs 3226 for 1..k=> a 1.40997 x improvement
Variable 'sqSzSPln.best_val' was not initialized prior to being used
Variable 'FseRfWgX.likelihoodFunction' was not initialized prior to being used
Auto-benchmarked an optimal number (4) of threads.
Set GUI update interval to every 188-th LF evaluation.
Optimization settings:
	OPTIMIZATION_METHOD = 4
	OPTIMIZATION_PRECISION = 0.001
	MAXIMUM_ITERATIONS_PER_VARIABLE = 5000

Initial parameter values

FseRfWgX.tree_0.Corvus_moneduloides.alpha = 0.501373
FseRfWgX.tree_0.Corvus_moneduloides.bsrel_mixture_aux_0 = 0.95
FseRfWgX.tree_0.Corvus_moneduloides.omega1 = 0.6
FseRfWgX.tree_0.Corvus_moneduloides.omega2 = 28
FseRfWgX.tree_0.Corvus_moneduloides.beta = 0.396757
Optimization finished in 15 loop passes.
313 likelihood evaluation calls and 612 matrix exponentiations calls were made

The tips of the tree:FseRfWgX.tree_0 were matched with the species names from the data in the following numeric order (0-based) {4,7,3,2,1,0,5,6}

Pseudo-optimal path's cost 2288 vs 3226 for 1..k=> a 1.40997 x improvement
Auto-benchmarked an optimal number (3) of threads.
Set GUI update interval to every 51-th LF evaluation.
Optimization settings:
	OPTIMIZATION_METHOD = 4
	OPTIMIZATION_PRECISION = 0.001
	MAXIMUM_ITERATIONS_PER_VARIABLE = 5000

Initial parameter values

FseRfWgX.tree_0.Corvus_moneduloides.bsrel_mixture_aux_1 = 0.5
FseRfWgX.tree_0.Corvus_moneduloides.omega1 = 0.724402
FseRfWgX.tree_0.Corvus_moneduloides.bsrel_mixture_aux_0 = 0.967646
FseRfWgX.tree_0.Corvus_moneduloides.alpha = 0.437509
FseRfWgX.tree_0.Corvus_moneduloides.omega2 = 0.8
FseRfWgX.tree_0.Corvus_moneduloides.omega3 = 65
Optimization finished in 6 loop passes.
231 likelihood evaluation calls and 681 matrix exponentiations calls were made

The tips of the tree:FseRfWgX.tree_0 were matched with the species names from the data in the following numeric order (0-based) {4,7,3,2,1,0,5,6}

Pseudo-optimal path's cost 2288 vs 3226 for 1..k=> a 1.40997 x improvement
Variable 'FseRfWgX.tree_0.Corvus_moneduloides.alpha' was not initialized prior to being used
Variable 'FseRfWgX.tree_0.Corvus_moneduloides.omega1' was not initialized prior to being used
Variable 'FseRfWgX.tree_0.Corvus_moneduloides.omega2' was not initialized prior to being used
The tips of the tree:FseRfWgX.tree_0 were matched with the species names from the data in the following numeric order (0-based) {4,7,3,2,1,0,5,6}

Pseudo-optimal path's cost 2288 vs 3226 for 1..k=> a 1.40997 x improvement
Auto-benchmarked an optimal number (5) of threads.
Set GUI update interval to every 73-th LF evaluation.
Optimization settings:
	OPTIMIZATION_METHOD = 4
	OPTIMIZATION_PRECISION = 0.001
	MAXIMUM_ITERATIONS_PER_VARIABLE = 5000

Initial parameter values

FseRfWgX.tree_0.Colius_striatus.alpha = 0.731563
FseRfWgX.tree_0.Colius_striatus.bsrel_mixture_aux_0 = 0.98
FseRfWgX.tree_0.Colius_striatus.omega1 = 0.2
FseRfWgX.tree_0.Colius_striatus.omega2 = 2
FseRfWgX.tree_0.Colius_striatus.beta = 0.147473
Optimization finished in 6 loop passes.
94 likelihood evaluation calls and 183 matrix exponentiations calls were made

The tips of the tree:FseRfWgX.tree_0 were matched with the species names from the data in the following numeric order (0-based) {4,7,3,2,1,0,5,6}

Pseudo-optimal path's cost 2288 vs 3226 for 1..k=> a 1.40997 x improvement
The tips of the tree:FseRfWgX.tree_0 were matched with the species names from the data in the following numeric order (0-based) {4,7,3,2,1,0,5,6}

Pseudo-optimal path's cost 2288 vs 3226 for 1..k=> a 1.40997 x improvement
Auto-benchmarked an optimal number (6) of threads.
Set GUI update interval to every 70-th LF evaluation.
Optimization settings:
	OPTIMIZATION_METHOD = 4
	OPTIMIZATION_PRECISION = 0.001
	MAXIMUM_ITERATIONS_PER_VARIABLE = 5000

Initial parameter values

FseRfWgX.tree_0.Leptosomus_discolor.alpha = 0.231095
FseRfWgX.tree_0.Leptosomus_discolor.bsrel_mixture_aux_0 = 0.9
FseRfWgX.tree_0.Leptosomus_discolor.beta = 0.0582165
FseRfWgX.tree_0.Leptosomus_discolor.omega1 = 0.2
FseRfWgX.tree_0.Leptosomus_discolor.omega2 = 0.75
Optimization finished in 7 loop passes.
316 likelihood evaluation calls and 603 matrix exponentiations calls were made

The tips of the tree:FseRfWgX.tree_0 were matched with the species names from the data in the following numeric order (0-based) {4,7,3,2,1,0,5,6}

Pseudo-optimal path's cost 2288 vs 3226 for 1..k=> a 1.40997 x improvement
The tips of the tree:FseRfWgX.tree_0 were matched with the species names from the data in the following numeric order (0-based) {4,7,3,2,1,0,5,6}

Pseudo-optimal path's cost 2288 vs 3226 for 1..k=> a 1.40997 x improvement
Auto-benchmarked an optimal number (5) of threads.
Set GUI update interval to every 149-th LF evaluation.
Optimization settings:
	OPTIMIZATION_METHOD = 4
	OPTIMIZATION_PRECISION = 0.001
	MAXIMUM_ITERATIONS_PER_VARIABLE = 5000

Initial parameter values

FseRfWgX.tree_0.Tyto_alba.beta = 0.0521676
FseRfWgX.tree_0.Tyto_alba.omega1 = 0.2
FseRfWgX.tree_0.Tyto_alba.omega2 = 0.25
FseRfWgX.tree_0.Tyto_alba.alpha = 0.230207
FseRfWgX.tree_0.Tyto_alba.bsrel_mixture_aux_0 = 0.5
Optimization finished in 6 loop passes.
185 likelihood evaluation calls and 333 matrix exponentiations calls were made

The tips of the tree:FseRfWgX.tree_0 were matched with the species names from the data in the following numeric order (0-based) {4,7,3,2,1,0,5,6}

Pseudo-optimal path's cost 2288 vs 3226 for 1..k=> a 1.40997 x improvement
The tips of the tree:FseRfWgX.tree_0 were matched with the species names from the data in the following numeric order (0-based) {4,7,3,2,1,0,5,6}

Pseudo-optimal path's cost 2288 vs 3226 for 1..k=> a 1.40997 x improvement
Auto-benchmarked an optimal number (4) of threads.
Set GUI update interval to every 82-th LF evaluation.
Optimization settings:
	OPTIMIZATION_METHOD = 4
	OPTIMIZATION_PRECISION = 0.001
	MAXIMUM_ITERATIONS_PER_VARIABLE = 5000

Initial parameter values

FseRfWgX.tree_0.Node11.omega2 = 9
FseRfWgX.tree_0.Node11.beta = 0.0802042
FseRfWgX.tree_0.Node11.omega1 = 0.6
FseRfWgX.tree_0.Node11.alpha = 0.10659
FseRfWgX.tree_0.Node11.bsrel_mixture_aux_0 = 0.98
Optimization finished in 36 loop passes.
729 likelihood evaluation calls and 1415 matrix exponentiations calls were made

The tips of the tree:FseRfWgX.tree_0 were matched with the species names from the data in the following numeric order (0-based) {4,7,3,2,1,0,5,6}

Pseudo-optimal path's cost 2288 vs 3226 for 1..k=> a 1.40997 x improvement
The tips of the tree:FseRfWgX.tree_0 were matched with the species names from the data in the following numeric order (0-based) {4,7,3,2,1,0,5,6}

Pseudo-optimal path's cost 2288 vs 3226 for 1..k=> a 1.40997 x improvement
Auto-benchmarked an optimal number (3) of threads.
Set GUI update interval to every 145-th LF evaluation.
Optimization settings:
	OPTIMIZATION_METHOD = 4
	OPTIMIZATION_PRECISION = 0.001
	MAXIMUM_ITERATIONS_PER_VARIABLE = 5000

Initial parameter values

FseRfWgX.tree_0.Node6.omega2 = 0.5
FseRfWgX.tree_0.Node6.alpha = 0.175193
FseRfWgX.tree_0.Node6.bsrel_mixture_aux_0 = 0.9
FseRfWgX.tree_0.Node6.beta = 0.0430965
FseRfWgX.tree_0.Node6.omega1 = 0.2
Optimization finished in 13 loop passes.
507 likelihood evaluation calls and 989 matrix exponentiations calls were made

The tips of the tree:FseRfWgX.tree_0 were matched with the species names from the data in the following numeric order (0-based) {4,7,3,2,1,0,5,6}

Pseudo-optimal path's cost 2288 vs 3226 for 1..k=> a 1.40997 x improvement
The tips of the tree:FseRfWgX.tree_0 were matched with the species names from the data in the following numeric order (0-based) {4,7,3,2,1,0,5,6}

Pseudo-optimal path's cost 2288 vs 3226 for 1..k=> a 1.40997 x improvement
Auto-benchmarked an optimal number (8) of threads.
Set GUI update interval to every 85-th LF evaluation.
Optimization settings:
	OPTIMIZATION_METHOD = 4
	OPTIMIZATION_PRECISION = 0.001
	MAXIMUM_ITERATIONS_PER_VARIABLE = 5000

Initial parameter values

FseRfWgX.tree_0.Haliaeetus_leucocephalus.alpha = 0.0502582
FseRfWgX.tree_0.Haliaeetus_leucocephalus.bsrel_mixture_aux_0 = 0.75
FseRfWgX.tree_0.Haliaeetus_leucocephalus.beta = 0.0139915
FseRfWgX.tree_0.Haliaeetus_leucocephalus.omega1 = 0.2
FseRfWgX.tree_0.Haliaeetus_leucocephalus.omega2 = 0.5
Optimization finished in 3 loop passes.
119 likelihood evaluation calls and 227 matrix exponentiations calls were made

The tips of the tree:FseRfWgX.tree_0 were matched with the species names from the data in the following numeric order (0-based) {4,7,3,2,1,0,5,6}

Pseudo-optimal path's cost 2288 vs 3226 for 1..k=> a 1.40997 x improvement
The tips of the tree:FseRfWgX.tree_0 were matched with the species names from the data in the following numeric order (0-based) {4,7,3,2,1,0,5,6}

Pseudo-optimal path's cost 2288 vs 3226 for 1..k=> a 1.40997 x improvement
Auto-benchmarked an optimal number (3) of threads.
Set GUI update interval to every 233-th LF evaluation.
Optimization settings:
	OPTIMIZATION_METHOD = 4
	OPTIMIZATION_PRECISION = 0.001
	MAXIMUM_ITERATIONS_PER_VARIABLE = 5000

Initial parameter values

FseRfWgX.tree_0.Aquila_chrysaetos.beta = 0.0196175
FseRfWgX.tree_0.Aquila_chrysaetos.omega1 = 0.6
FseRfWgX.tree_0.Aquila_chrysaetos.alpha = 0.0356849
FseRfWgX.tree_0.Aquila_chrysaetos.bsrel_mixture_aux_0 = 0.5
FseRfWgX.tree_0.Aquila_chrysaetos.omega2 = 0.5
Optimization finished in 3 loop passes.
110 likelihood evaluation calls and 195 matrix exponentiations calls were made

The tips of the tree:FseRfWgX.tree_0 were matched with the species names from the data in the following numeric order (0-based) {4,7,3,2,1,0,5,6}

Pseudo-optimal path's cost 2288 vs 3226 for 1..k=> a 1.40997 x improvement
The tips of the tree:FseRfWgX.tree_0 were matched with the species names from the data in the following numeric order (0-based) {4,7,3,2,1,0,5,6}

Pseudo-optimal path's cost 2288 vs 3226 for 1..k=> a 1.40997 x improvement
Auto-benchmarked an optimal number (5) of threads.
Set GUI update interval to every 58-th LF evaluation.
Optimization settings:
	OPTIMIZATION_METHOD = 4
	OPTIMIZATION_PRECISION = 0.001
	MAXIMUM_ITERATIONS_PER_VARIABLE = 5000

Initial parameter values

FseRfWgX.tree_0.Falco_peregrinus.omega2 = 0.5
FseRfWgX.tree_0.Falco_peregrinus.beta = 0.00858071
FseRfWgX.tree_0.Falco_peregrinus.omega1 = 0.2
FseRfWgX.tree_0.Falco_peregrinus.alpha = 0.0307384
FseRfWgX.tree_0.Falco_peregrinus.bsrel_mixture_aux_0 = 0.75
Optimization finished in 3 loop passes.
121 likelihood evaluation calls and 231 matrix exponentiations calls were made

The tips of the tree:FseRfWgX.tree_0 were matched with the species names from the data in the following numeric order (0-based) {4,7,3,2,1,0,5,6}

Pseudo-optimal path's cost 2288 vs 3226 for 1..k=> a 1.40997 x improvement
The tips of the tree:FseRfWgX.tree_0 were matched with the species names from the data in the following numeric order (0-based) {4,7,3,2,1,0,5,6}

Pseudo-optimal path's cost 2288 vs 3226 for 1..k=> a 1.40997 x improvement
Auto-benchmarked an optimal number (5) of threads.
Set GUI update interval to every 72-th LF evaluation.
Optimization settings:
	OPTIMIZATION_METHOD = 4
	OPTIMIZATION_PRECISION = 0.001
	MAXIMUM_ITERATIONS_PER_VARIABLE = 5000

Initial parameter values

FseRfWgX.tree_0.Falco_tinnunculus.omega2 = 0.25
FseRfWgX.tree_0.Falco_tinnunculus.beta = 0.0040412
FseRfWgX.tree_0.Falco_tinnunculus.omega1 = 0.2
FseRfWgX.tree_0.Falco_tinnunculus.alpha = 0.0211172
FseRfWgX.tree_0.Falco_tinnunculus.bsrel_mixture_aux_0 = 0.98
Optimization finished in 6 loop passes.
129 likelihood evaluation calls and 255 matrix exponentiations calls were made

The tips of the tree:FseRfWgX.tree_0 were matched with the species names from the data in the following numeric order (0-based) {4,7,3,2,1,0,5,6}

Pseudo-optimal path's cost 2288 vs 3226 for 1..k=> a 1.40997 x improvement
The tips of the tree:FseRfWgX.tree_0 were matched with the species names from the data in the following numeric order (0-based) {4,7,3,2,1,0,5,6}

Pseudo-optimal path's cost 2288 vs 3226 for 1..k=> a 1.40997 x improvement
Auto-benchmarked an optimal number (2) of threads.
Set GUI update interval to every 310-th LF evaluation.
Optimization settings:
	OPTIMIZATION_METHOD = 4
	OPTIMIZATION_PRECISION = 0.001
	MAXIMUM_ITERATIONS_PER_VARIABLE = 5000

Initial parameter values

FseRfWgX.tree_0.Node2.alpha = 0
FseRfWgX.tree_0.Node2.bsrel_mixture_aux_0 = 0.98
FseRfWgX.tree_0.Node2.omega2 = 0.25
FseRfWgX.tree_0.Node2.beta = 0
FseRfWgX.tree_0.Node2.omega1 = 0
Optimization finished in 3 loop passes.
131 likelihood evaluation calls and 121 matrix exponentiations calls were made

The tips of the tree:FseRfWgX.tree_0 were matched with the species names from the data in the following numeric order (0-based) {4,7,3,2,1,0,5,6}

Pseudo-optimal path's cost 2288 vs 3226 for 1..k=> a 1.40997 x improvement
The tips of the tree:FseRfWgX.tree_0 were matched with the species names from the data in the following numeric order (0-based) {4,7,3,2,1,0,5,6}

Pseudo-optimal path's cost 2288 vs 3226 for 1..k=> a 1.40997 x improvement
Auto-benchmarked an optimal number (3) of threads.
Set GUI update interval to every 694-th LF evaluation.
Optimization settings:
	OPTIMIZATION_METHOD = 4
	OPTIMIZATION_PRECISION = 0.001
	MAXIMUM_ITERATIONS_PER_VARIABLE = 5000

Initial parameter values

FseRfWgX.tree_0.Node1.beta = 0
FseRfWgX.tree_0.Node1.omega1 = 0
FseRfWgX.tree_0.Node1.alpha = 0
FseRfWgX.tree_0.Node1.bsrel_mixture_aux_0 = 0.98
FseRfWgX.tree_0.Node1.omega2 = 0.25
Optimization finished in 3 loop passes.
135 likelihood evaluation calls and 107 matrix exponentiations calls were made

The tips of the tree:FseRfWgX.tree_0 were matched with the species names from the data in the following numeric order (0-based) {4,7,3,2,1,0,5,6}

Pseudo-optimal path's cost 2288 vs 3226 for 1..k=> a 1.40997 x improvement
The tips of the tree:FseRfWgX.tree_0 were matched with the species names from the data in the following numeric order (0-based) {4,7,3,2,1,0,5,6}

Pseudo-optimal path's cost 2288 vs 3226 for 1..k=> a 1.40997 x improvement
Auto-benchmarked an optimal number (3) of threads.
Set GUI update interval to every 416-th LF evaluation.
Optimization settings:
	OPTIMIZATION_METHOD = 4
	OPTIMIZATION_PRECISION = 0.001
	MAXIMUM_ITERATIONS_PER_VARIABLE = 5000

Initial parameter values

FseRfWgX.tree_0.Node9.omega2 = 0.25
FseRfWgX.tree_0.Node9.beta = 0
FseRfWgX.tree_0.Node9.omega1 = 0
FseRfWgX.tree_0.Node9.alpha = 0
FseRfWgX.tree_0.Node9.bsrel_mixture_aux_0 = 0.98
Optimization finished in 3 loop passes.
135 likelihood evaluation calls and 125 matrix exponentiations calls were made

The tips of the tree:FseRfWgX.tree_0 were matched with the species names from the data in the following numeric order (0-based) {4,7,3,2,1,0,5,6}

Pseudo-optimal path's cost 2288 vs 3226 for 1..k=> a 1.40997 x improvement
Variable 'uZstpLlU.FseRfWgX.likelihoodFunction' was not initialized prior to being used
Auto-benchmarked an optimal number (2) of threads.
Set GUI update interval to every 70-th LF evaluation.
Optimization settings:
	OPTIMIZATION_METHOD = 4
	OPTIMIZATION_PRECISION = 0.001
	MAXIMUM_ITERATIONS_PER_VARIABLE = 5000

Initial parameter values

FseRfWgX.model_MGREV.theta_GT = 0.22811
FseRfWgX.model_MGREV.theta_CT = 0.854314
FseRfWgX.model_MGREV.theta_AC = 0.262063
FseRfWgX.model_MGREV.theta_CG = 0.312457
FseRfWgX.model_MGREV.theta_AT = 0.178818
FseRfWgX.tree_0.Leptosomus_discolor.alpha = 0.231095
FseRfWgX.tree_0.Leptosomus_discolor.beta = 0.0582165
FseRfWgX.tree_0.Colius_striatus.alpha = 0.731563
FseRfWgX.tree_0.Colius_striatus.beta = 0.147473
FseRfWgX.tree_0.Node2.beta = 0
FseRfWgX.tree_0.Node2.alpha = 0
FseRfWgX.tree_0.Tyto_alba.alpha = 0.230207
FseRfWgX.tree_0.Tyto_alba.beta = 0.0521676
FseRfWgX.tree_0.Node1.beta = 0
FseRfWgX.tree_0.Node1.alpha = 0
FseRfWgX.tree_0.Haliaeetus_leucocephalus.beta = 0.0139915
FseRfWgX.tree_0.Haliaeetus_leucocephalus.alpha = 0.0502582
FseRfWgX.tree_0.Aquila_chrysaetos.beta = 0.0196175
FseRfWgX.tree_0.Aquila_chrysaetos.alpha = 0.0356849
FseRfWgX.tree_0.Node6.alpha = 0.175193
FseRfWgX.tree_0.Node6.beta = 0.0430965
FseRfWgX.tree_0.Corvus_moneduloides.omega1 = 0.724402
FseRfWgX.tree_0.Corvus_moneduloides.alpha = 0.437509
FseRfWgX.tree_0.Corvus_moneduloides.omega2 = 4999.99
FseRfWgX.tree_0.Corvus_moneduloides.bsrel_mixture_aux_0 = 0.967646
FseRfWgX.tree_0.Falco_peregrinus.beta = 0.00858071
FseRfWgX.tree_0.Falco_peregrinus.alpha = 0.0307384
FseRfWgX.tree_0.Falco_tinnunculus.alpha = 0.0211172
FseRfWgX.tree_0.Falco_tinnunculus.beta = 0.0040412
FseRfWgX.tree_0.Node11.alpha = 0.10659
FseRfWgX.tree_0.Node11.beta = 0.0802042
FseRfWgX.tree_0.Node9.alpha = 0
FseRfWgX.tree_0.Node9.beta = 0
Optimization finished in 14 loop passes.
1513 likelihood evaluation calls and 5933 matrix exponentiations calls were made

Auto-benchmarked an optimal number (1) of threads.
Set GUI update interval to every 23-th LF evaluation.
Optimization settings:
	OPTIMIZATION_METHOD = 4
	OPTIMIZATION_PRECISION = 0.001
	MAXIMUM_ITERATIONS_PER_VARIABLE = 5000

Initial parameter values

FseRfWgX.model_MGREV.theta_CT = 0.837545
FseRfWgX.model_MGREV.theta_GT = 0.172452
FseRfWgX.model_MGREV.theta_CG = 0.291853
FseRfWgX.model_MGREV.theta_AC = 0.256947
FseRfWgX.model_MGREV.theta_AT = 0.141626
FseRfWgX.tree_0.Leptosomus_discolor.beta = 0.0617048
FseRfWgX.tree_0.Leptosomus_discolor.alpha = 0.238495
FseRfWgX.tree_0.Colius_striatus.alpha = 0.76123
FseRfWgX.tree_0.Colius_striatus.beta = 0.15699
FseRfWgX.tree_0.Node2.beta = 0
FseRfWgX.tree_0.Node2.alpha = 0
FseRfWgX.tree_0.Tyto_alba.alpha = 0.240494
FseRfWgX.tree_0.Tyto_alba.beta = 0.055501
FseRfWgX.tree_0.Node1.beta = 0
FseRfWgX.tree_0.Node1.alpha = 0
FseRfWgX.tree_0.Haliaeetus_leucocephalus.alpha = 0.0519699
FseRfWgX.tree_0.Haliaeetus_leucocephalus.beta = 0.0148662
FseRfWgX.tree_0.Aquila_chrysaetos.beta = 0.0207372
FseRfWgX.tree_0.Aquila_chrysaetos.alpha = 0.0371142
FseRfWgX.tree_0.Node6.alpha = 0.180693
FseRfWgX.tree_0.Node6.beta = 0.0455519
FseRfWgX.tree_0.Corvus_moneduloides.bsrel_mixture_aux_0 = 0.964915
FseRfWgX.tree_0.Corvus_moneduloides.alpha = 0.448483
FseRfWgX.tree_0.Corvus_moneduloides.omega1 = 0.740026
FseRfWgX.tree_0.Falco_peregrinus.alpha = 0.0318454
FseRfWgX.tree_0.Falco_peregrinus.beta = 0.00911921
FseRfWgX.tree_0.Falco_tinnunculus.alpha = 0.0219604
FseRfWgX.tree_0.Falco_tinnunculus.beta = 0.00427144
FseRfWgX.tree_0.Node11.alpha = 0.111531
FseRfWgX.tree_0.Node11.beta = 0.085399
FseRfWgX.tree_0.Node9.alpha = 0
FseRfWgX.tree_0.Node9.beta = 0
Optimization finished in 31 loop passes.
3204 likelihood evaluation calls and 13591 matrix exponentiations calls were made

Variable 'USE_JSON_FOR_MATRIX' was not initialized prior to being used