Acinonyx_jubatus	Carnivora	0.17	0.213	1.0	0.898	0.998	0.986	0.94	0.881	0.201	0.894	0.264	0.444	0.554	0.429	0.772	0.497	0.501
Ailuropoda_melanoleuca	Carnivora	0.244	0.227	1.0	0.911	0.999	0.978	0.947	0.889	0.21	0.877	0.324	0.468	0.497	0.353	0.851	0.497	0.501
Callorhinus_ursinus	Carnivora	0.147	0.193	1.0	0.92	0.999	0.989	0.945	0.886	0.212	0.861	0.298	0.483	0.519	0.404	0.767	0.497	0.501
Canis_lupus	Carnivora	0.17	0.192	0.999	0.903	0.999	0.979	0.952	0.886	0.202	0.87	0.273	0.496	0.519	0.385	0.706	0.497	0.501
Enhydra_lutris	Carnivora	0.171	0.205	1.0	0.904	0.999	0.985	0.947	0.882	0.199	0.855	0.297	0.473	0.498	0.408	0.786	0.498	0.501
Eumetopias_jubatus	Carnivora	0.187	0.249	0.999	0.907	0.999	0.985	0.938	0.883	0.207	0.879	0.296	0.486	0.485	0.399	0.758	0.497	0.501
Felis_catus	Carnivora	0.171	0.222	1.0	0.899	0.998	0.985	0.939	0.881	0.2	0.893	0.266	0.441	0.549	0.42	0.751	0.498	0.501
Halichoerus_grypus	Carnivora	0.165	0.201	1.0	0.921	1.0	0.993	0.943	0.893	0.215	0.86	0.317	0.462	0.519	0.404	0.824	0.498	0.501
Hyaena_hyaena	Carnivora	0.287	0.136	1.0	0.912	1.0	1.0	0.973	0.889	0.302	0.681	0.182	0.368	0.614	0.243	0.765	0.498	0.501
Leopardus_geoffroyi	Carnivora	0.221	0.169	1.0	0.916	0.999	0.999	0.964	0.901	0.226	0.881	0.334	0.448	0.653	0.462	0.841	0.498	0.501
Leptonychotes_weddellii	Carnivora	0.169	0.22	0.999	0.912	0.999	0.992	0.945	0.884	0.205	0.872	0.281	0.492	0.498	0.433	0.755	0.497	0.501
Lontra_canadensis	Carnivora	0.202	0.177	1.0	0.927	0.999	0.997	0.959	0.902	0.207	0.813	0.357	0.455	0.569	0.358	0.828	0.499	0.501
Lutra_lutra	Carnivora	0.163	0.197	0.999	0.904	0.999	0.966	0.935	0.88	0.185	0.839	0.283	0.457	0.44	0.348	0.743	0.498	0.501
Lynx_canadensis	Carnivora	0.171	0.218	1.0	0.904	0.998	0.986	0.935	0.883	0.197	0.892	0.267	0.437	0.529	0.388	0.775	0.498	0.501
Lynx_rufus	Carnivora	0.174	0.226	1.0	0.9	0.998	0.986	0.938	0.882	0.199	0.89	0.26	0.435	0.543	0.407	0.776	0.498	0.501
Meles_meles	Carnivora	0.182	0.174	0.999	0.902	0.998	0.972	0.94	0.876	0.191	0.866	0.274	0.47	0.471	0.353	0.819	0.497	0.501
Mirounga_angustirostris	Carnivora	0.161	0.176	0.999	0.916	0.999	0.98	0.937	0.881	0.206	0.86	0.254	0.473	0.511	0.393	0.766	0.497	0.501
Mirounga_leonina	Carnivora	0.161	0.176	0.999	0.916	0.999	0.98	0.937	0.881	0.206	0.86	0.254	0.473	0.511	0.393	0.766	0.497	0.501
Mustela_erminea	Carnivora	0.186	0.275	0.999	0.901	0.998	0.959	0.932	0.881	0.192	0.825	0.291	0.451	0.464	0.349	0.788	0.498	0.501
Mustela_putorius	Carnivora	0.189	0.275	0.999	0.896	0.998	0.961	0.935	0.879	0.19	0.85	0.295	0.457	0.482	0.362	0.799	0.498	0.501
Neofelis_nebulosa	Carnivora	0.188	0.221	1.0	0.899	0.998	0.987	0.939	0.883	0.201	0.886	0.258	0.432	0.563	0.395	0.79	0.498	0.501
Neogale_vison	Carnivora	0.164	0.248	0.999	0.911	0.998	0.982	0.934	0.883	0.195	0.827	0.287	0.451	0.471	0.371	0.791	0.498	0.501
Neomonachus_schauinslandi	Carnivora	0.159	0.221	0.999	0.906	0.999	0.979	0.939	0.882	0.203	0.863	0.272	0.481	0.494	0.402	0.748	0.497	0.501
Nyctereutes_procyonoides	Carnivora	0.165	0.203	0.999	0.904	0.999	0.979	0.948	0.885	0.199	0.877	0.272	0.483	0.504	0.37	0.719	0.497	0.501
Odobenus_rosmarus	Carnivora	0.161	0.196	0.999	0.909	0.999	0.984	0.939	0.882	0.203	0.868	0.276	0.479	0.49	0.394	0.725	0.497	0.501
Panthera_leo	Carnivora	0.171	0.213	1.0	0.901	0.998	0.986	0.939	0.882	0.201	0.894	0.263	0.438	0.55	0.399	0.785	0.498	0.501
Panthera_pardus	Carnivora	0.171	0.213	1.0	0.901	0.998	0.986	0.939	0.882	0.201	0.894	0.263	0.438	0.55	0.399	0.785	0.498	0.501
Panthera_tigris	Carnivora	0.171	0.213	1.0	0.901	0.998	0.986	0.939	0.882	0.201	0.894	0.263	0.438	0.55	0.399	0.785	0.498	0.501
Panthera_uncia	Carnivora	0.171	0.213	1.0	0.901	0.998	0.986	0.939	0.882	0.201	0.894	0.263	0.438	0.55	0.399	0.785	0.498	0.501
Phoca_vitulina	Carnivora	0.167	0.206	1.0	0.922	1.0	0.993	0.944	0.892	0.215	0.864	0.318	0.469	0.524	0.408	0.815	0.498	0.501
Prionailurus_bengalensis	Carnivora	0.176	0.227	1.0	0.902	0.998	0.987	0.936	0.883	0.2	0.89	0.259	0.43	0.539	0.378	0.788	0.498	0.501
Prionailurus_viverrinus	Carnivora	0.17	0.213	1.0	0.898	0.998	0.986	0.94	0.881	0.201	0.894	0.264	0.444	0.554	0.429	0.772	0.497	0.501
Puma_concolor	Carnivora	0.168	0.212	1.0	0.897	0.998	0.986	0.941	0.881	0.202	0.892	0.264	0.449	0.554	0.428	0.758	0.497	0.501
Puma_yagouaroundi	Carnivora	0.17	0.213	1.0	0.898	0.998	0.986	0.94	0.881	0.201	0.894	0.264	0.444	0.554	0.429	0.772	0.497	0.501
Suricata_suricatta	Carnivora	0.145	0.245	1.0	0.912	0.998	0.98	0.926	0.879	0.183	0.876	0.287	0.387	0.47	0.372	0.655	0.498	0.5
Ursus_americanus	Carnivora	0.228	0.201	1.0	0.915	0.998	0.985	0.952	0.89	0.214	0.859	0.321	0.47	0.52	0.345	0.843	0.498	0.501
Ursus_arctos	Carnivora	0.228	0.201	1.0	0.915	0.998	0.985	0.952	0.89	0.214	0.859	0.321	0.47	0.52	0.345	0.843	0.498	0.501
Ursus_maritimus	Carnivora	0.228	0.201	1.0	0.915	0.998	0.985	0.952	0.89	0.214	0.859	0.321	0.47	0.52	0.345	0.843	0.498	0.501
Ursus_thibetanus	Carnivora	0.228	0.206	1.0	0.916	0.998	0.984	0.952	0.891	0.211	0.85	0.326	0.472	0.52	0.339	0.847	0.498	0.501
Vulpes_lagopus	Carnivora	0.161	0.196	0.999	0.904	0.999	0.98	0.951	0.885	0.199	0.884	0.272	0.494	0.497	0.383	0.711	0.497	0.501
Vulpes_vulpes	Carnivora	0.275	0.126	1.0	0.914	0.999	1.0	0.973	0.894	0.267	0.733	0.214	0.425	0.524	0.259	0.815	0.497	0.501
Zalophus_californianus	Carnivora	0.187	0.249	0.999	0.907	0.999	0.985	0.938	0.883	0.207	0.879	0.296	0.486	0.485	0.399	0.758	0.497	0.501
