
Loaded 'libv3/convenience/matrix.bf' from /usr/local/lib/hyphy/TemplateBatchFiles/libv3/convenience/matrix.bf
Loaded 'libv3/UtilityFunctions.bf' from /usr/local/lib/hyphy/TemplateBatchFiles/libv3/UtilityFunctions.bf
Loaded 'IOFunctions.bf' from /usr/local/lib/hyphy/TemplateBatchFiles/libv3/IOFunctions.bf
Already loaded 'libv3/UtilityFunctions.bf' from /usr/local/lib/hyphy/TemplateBatchFiles/libv3/UtilityFunctions.bf
Loaded 'convenience/regexp.bf' from /usr/local/lib/hyphy/TemplateBatchFiles/libv3/convenience/regexp.bf
Loaded 'libv3/all-terms.bf' from /usr/local/lib/hyphy/TemplateBatchFiles/libv3/all-terms.bf
Variable 'skipCodeSelectionStep' was not initialized prior to being used
Row and/or column partition is empty. All the data will be used by default.
Overwritten previously defined function:'GaussLaguerreQuardature'
Overwritten previously defined function:'GammaQuadWeight'
Variable 'SKIP_HARVEST_FREQ' was not initialized prior to being used
Variable '_WRAP_PASSTHROUGH_FLAG_' was not initialized prior to being used
Variable 'END_OF_FILE' was not initialized prior to being used
Variable '_DO_TREE_REBALANCE_' was not initialized prior to being used
Variable '_KEEP_I_LABELS_' was not initialized prior to being used
Model MG94customModel assigned to Thylacinus_cynocephalus
Thylacinus_cynocephalus has 2 parameters - branch length not assigned
Model MG94customModel assigned to Antechinus_flavipes
Antechinus_flavipes has 2 parameters - branch length not assigned
Model MG94customModel assigned to Node3
Node3 has 2 parameters - branch length not assigned
Model MG94customModel assigned to Trichosurus_vulpecula
Trichosurus_vulpecula has 2 parameters - branch length not assigned
Model MG94customModel assigned to Phascolarctos_cinereus
Phascolarctos_cinereus has 2 parameters - branch length not assigned
Model MG94customModel assigned to Vombatus_ursinus
Vombatus_ursinus has 2 parameters - branch length not assigned
Model MG94customModel assigned to Node8
Node8 has 2 parameters - branch length not assigned
Model MG94customModel assigned to Node6
Node6 has 2 parameters - branch length not assigned
Model MG94customModel assigned to Node2
Node2 has 2 parameters - branch length not assigned
Model MG94customModel assigned to Dromiciops_gliroides
Dromiciops_gliroides has 2 parameters - branch length not assigned
Model MG94customModel assigned to Node1
Node1 has 2 parameters - branch length not assigned
Model MG94customModel assigned to Monodelphis_domestica
Monodelphis_domestica has 2 parameters - branch length not assigned
Model MG94customModel assigned to Gracilinanus_agilis
Gracilinanus_agilis has 2 parameters - branch length not assigned
Model MG94customModel assigned to Node12
Node12 has 2 parameters - branch length not assigned
Model MG94customModel assigned to Tachyglossus_aculeatus
Tachyglossus_aculeatus has 2 parameters - branch length not assigned
Model MG94customModel assigned to Ornithorhynchus_anatinus
Ornithorhynchus_anatinus has 2 parameters - branch length not assigned
Model MG94customModel assigned to Node15
Node15 has 2 parameters - branch length not assigned
The tips of the tree:givenTree were matched with the species names from the data in the following numeric order (0-based) {3,2,6,4,5,7,9,8,1,0}

Pseudo-optimal path's cost 4098 vs 5330 for 1..k=> a 1.30063 x improvement
Partition 0 reversible model flag computed as 1
Variable 'theLnLik' was not initialized prior to being used
Variable 'SAVE_OPT_STATUS_TO' was not initialized prior to being used
Variable 'givenTree.Thylacinus_cynocephalus.nonSynRate' was not initialized prior to being used
Variable 'givenTree.Thylacinus_cynocephalus.synRate' was not initialized prior to being used
Variable 'givenTree.Antechinus_flavipes.nonSynRate' was not initialized prior to being used
Variable 'givenTree.Antechinus_flavipes.synRate' was not initialized prior to being used
Variable 'givenTree.Trichosurus_vulpecula.nonSynRate' was not initialized prior to being used
Variable 'givenTree.Trichosurus_vulpecula.synRate' was not initialized prior to being used
Variable 'givenTree.Phascolarctos_cinereus.nonSynRate' was not initialized prior to being used
Variable 'givenTree.Phascolarctos_cinereus.synRate' was not initialized prior to being used
Variable 'givenTree.Vombatus_ursinus.nonSynRate' was not initialized prior to being used
Variable 'givenTree.Vombatus_ursinus.synRate' was not initialized prior to being used
Variable 'givenTree.Dromiciops_gliroides.nonSynRate' was not initialized prior to being used
Variable 'givenTree.Dromiciops_gliroides.synRate' was not initialized prior to being used
Variable 'givenTree.Monodelphis_domestica.nonSynRate' was not initialized prior to being used
Variable 'givenTree.Monodelphis_domestica.synRate' was not initialized prior to being used
Variable 'givenTree.Gracilinanus_agilis.nonSynRate' was not initialized prior to being used
Variable 'givenTree.Gracilinanus_agilis.synRate' was not initialized prior to being used
Variable 'givenTree.Tachyglossus_aculeatus.nonSynRate' was not initialized prior to being used
Variable 'givenTree.Tachyglossus_aculeatus.synRate' was not initialized prior to being used
Variable 'givenTree.Ornithorhynchus_anatinus.nonSynRate' was not initialized prior to being used
Variable 'givenTree.Ornithorhynchus_anatinus.synRate' was not initialized prior to being used
Variable 'givenTree.Node3.nonSynRate' was not initialized prior to being used
Variable 'givenTree.Node3.synRate' was not initialized prior to being used
Variable 'givenTree.Node8.nonSynRate' was not initialized prior to being used
Variable 'givenTree.Node8.synRate' was not initialized prior to being used
Variable 'givenTree.Node6.nonSynRate' was not initialized prior to being used
Variable 'givenTree.Node6.synRate' was not initialized prior to being used
Variable 'givenTree.Node2.nonSynRate' was not initialized prior to being used
Variable 'givenTree.Node2.synRate' was not initialized prior to being used
Variable 'givenTree.Node1.nonSynRate' was not initialized prior to being used
Variable 'givenTree.Node1.synRate' was not initialized prior to being used
Variable 'givenTree.Node12.nonSynRate' was not initialized prior to being used
Variable 'givenTree.Node12.synRate' was not initialized prior to being used
Variable 'givenTree.Node15.nonSynRate' was not initialized prior to being used
Variable 'givenTree.Node15.synRate' was not initialized prior to being used
Site 164 evaluated to a 0 probability in ComputeTreeBlockByBranch
Site 194 evaluated to a 0 probability in ComputeTreeBlockByBranch
Site 164 evaluated to a 0 probability in ComputeTreeBlockByBranch
Site 42 evaluated to a 0 probability in ComputeTreeBlockByBranch
Site 281 evaluated to a 0 probability in ComputeTreeBlockByBranch
Site 164 evaluated to a 0 probability in ComputeTreeBlockByBranch
Site 110 evaluated to a 0 probability in ComputeTreeBlockByBranch
Site 92 evaluated to a 0 probability in ComputeTreeBlockByBranch
Site 164 evaluated to a 0 probability in ComputeTreeBlockByBranch
Site 163 evaluated to a 0 probability in ComputeTreeBlockByBranch
Auto-benchmarked an optimal number (3) of threads.
Set GUI update interval to every 154-th LF evaluation.
Initial guess for givenTree.Node2.nonSynRate is 0.00844356
Initial guess for givenTree.Node2.synRate is 0.00575957
Initial guess for givenTree.Node3.nonSynRate is 0.0126338
Initial guess for givenTree.Node3.synRate is -0.00156039
Initial guess for givenTree.Thylacinus_cynocephalus.nonSynRate is 0.0226998
Initial guess for givenTree.Thylacinus_cynocephalus.synRate is 0.00579947
Initial guess for givenTree.Antechinus_flavipes.nonSynRate is 0.0225489
Initial guess for givenTree.Antechinus_flavipes.synRate is 0.0122544
Initial guess for givenTree.Node6.nonSynRate is 0.0285645
Initial guess for givenTree.Node6.synRate is 0.0214675
Initial guess for givenTree.Trichosurus_vulpecula.nonSynRate is 0.0260475
Initial guess for givenTree.Trichosurus_vulpecula.synRate is 0.00617133
Initial guess for givenTree.Node8.nonSynRate is 0.0089107
Initial guess for givenTree.Node8.synRate is 0.00854001
Initial guess for givenTree.Phascolarctos_cinereus.nonSynRate is 0.0161119
Initial guess for givenTree.Phascolarctos_cinereus.synRate is 0.00451711
Initial guess for givenTree.Vombatus_ursinus.nonSynRate is 0.0172606
Initial guess for givenTree.Vombatus_ursinus.synRate is 0.0107454
Initial guess for givenTree.Dromiciops_gliroides.nonSynRate is 0.0498694
Initial guess for givenTree.Dromiciops_gliroides.synRate is 0.0231728
Initial guess for givenTree.Node12.nonSynRate is 0.0118371
Initial guess for givenTree.Node12.synRate is 0.00105451
Initial guess for givenTree.Monodelphis_domestica.nonSynRate is 0.017934
Initial guess for givenTree.Monodelphis_domestica.synRate is 0.0140023
Initial guess for givenTree.Gracilinanus_agilis.nonSynRate is 0.0162924
Initial guess for givenTree.Gracilinanus_agilis.synRate is 0.0174355
Initial guess for givenTree.Node15.nonSynRate is 0.0359325
Initial guess for givenTree.Node15.synRate is 0.0155229
Initial guess for givenTree.Tachyglossus_aculeatus.nonSynRate is 0.0280379
Initial guess for givenTree.Tachyglossus_aculeatus.synRate is 0.00482088
Initial guess for givenTree.Ornithorhynchus_anatinus.nonSynRate is 0.0280398
Initial guess for givenTree.Ornithorhynchus_anatinus.synRate is 0.0131842
Optimization settings:
	OPTIMIZATION_METHOD = 4
	OPTIMIZATION_PRECISION = 0.001
	MAXIMUM_ITERATIONS_PER_VARIABLE = 5000

Initial parameter values

GT = 1
CT = 1
CG = 1
AC = 1
AT = 1
givenTree.Thylacinus_cynocephalus.synRate = 0.00579947
givenTree.Thylacinus_cynocephalus.nonSynRate = 0.0226998
givenTree.Antechinus_flavipes.synRate = 0.0122544
givenTree.Antechinus_flavipes.nonSynRate = 0.0225489
givenTree.Node3.synRate = 0
givenTree.Node3.nonSynRate = 0.0126338
givenTree.Trichosurus_vulpecula.synRate = 0.00617133
givenTree.Trichosurus_vulpecula.nonSynRate = 0.0260475
givenTree.Phascolarctos_cinereus.synRate = 0.00451711
givenTree.Phascolarctos_cinereus.nonSynRate = 0.0161119
givenTree.Vombatus_ursinus.synRate = 0.0107454
givenTree.Vombatus_ursinus.nonSynRate = 0.0172606
givenTree.Node8.synRate = 0.00854001
givenTree.Node8.nonSynRate = 0.0089107
givenTree.Node6.synRate = 0.0214675
givenTree.Node6.nonSynRate = 0.0285645
givenTree.Node2.synRate = 0.00575957
givenTree.Node2.nonSynRate = 0.00844356
givenTree.Dromiciops_gliroides.synRate = 0.0231728
givenTree.Dromiciops_gliroides.nonSynRate = 0.0498694
givenTree.Node1.synRate = 0.1
givenTree.Node1.nonSynRate = 0.1
givenTree.Monodelphis_domestica.synRate = 0.0140023
givenTree.Monodelphis_domestica.nonSynRate = 0.017934
givenTree.Gracilinanus_agilis.synRate = 0.0174355
givenTree.Gracilinanus_agilis.nonSynRate = 0.0162924
givenTree.Node12.synRate = 0.00105451
givenTree.Node12.nonSynRate = 0.0118371
givenTree.Tachyglossus_aculeatus.synRate = 0.00482088
givenTree.Tachyglossus_aculeatus.nonSynRate = 0.0280379
givenTree.Ornithorhynchus_anatinus.synRate = 0.0131842
givenTree.Ornithorhynchus_anatinus.nonSynRate = 0.0280398
givenTree.Node15.synRate = 0.0155229
givenTree.Node15.nonSynRate = 0.0359325
Optimization finished in 22 loop passes.
4187 likelihood evaluation calls and 16344 matrix exponentiations calls were made

Variable 'lastDepth' was not initialized prior to being used
No nodel was assigned to Thylacinus_cynocephalus
Thylacinus_cynocephalus has 0 parameters - branch length not assigned
No nodel was assigned to Antechinus_flavipes
Antechinus_flavipes has 0 parameters - branch length not assigned
No nodel was assigned to Node3
Node3 has 0 parameters - branch length not assigned
No nodel was assigned to Trichosurus_vulpecula
Trichosurus_vulpecula has 0 parameters - branch length not assigned
No nodel was assigned to Phascolarctos_cinereus
Phascolarctos_cinereus has 0 parameters - branch length not assigned
No nodel was assigned to Vombatus_ursinus
Vombatus_ursinus has 0 parameters - branch length not assigned
No nodel was assigned to Node8
Node8 has 0 parameters - branch length not assigned
No nodel was assigned to Node6
Node6 has 0 parameters - branch length not assigned
No nodel was assigned to Node2
Node2 has 0 parameters - branch length not assigned
No nodel was assigned to Dromiciops_gliroides
Dromiciops_gliroides has 0 parameters - branch length not assigned
No nodel was assigned to Node1
Node1 has 0 parameters - branch length not assigned
No nodel was assigned to Monodelphis_domestica
Monodelphis_domestica has 0 parameters - branch length not assigned
No nodel was assigned to Gracilinanus_agilis
Gracilinanus_agilis has 0 parameters - branch length not assigned
No nodel was assigned to Node12
Node12 has 0 parameters - branch length not assigned
No nodel was assigned to Tachyglossus_aculeatus
Tachyglossus_aculeatus has 0 parameters - branch length not assigned
No nodel was assigned to Ornithorhynchus_anatinus
Ornithorhynchus_anatinus has 0 parameters - branch length not assigned
No nodel was assigned to Node15
Node15 has 0 parameters - branch length not assigned
No nodel was assigned to Thylacinus_cynocephalus
Thylacinus_cynocephalus has 0 parameters - branch length not assigned
No nodel was assigned to Antechinus_flavipes
Antechinus_flavipes has 0 parameters - branch length not assigned
No nodel was assigned to Node3
Node3 has 0 parameters - branch length not assigned
No nodel was assigned to Trichosurus_vulpecula
Trichosurus_vulpecula has 0 parameters - branch length not assigned
No nodel was assigned to Phascolarctos_cinereus
Phascolarctos_cinereus has 0 parameters - branch length not assigned
No nodel was assigned to Vombatus_ursinus
Vombatus_ursinus has 0 parameters - branch length not assigned
No nodel was assigned to Node8
Node8 has 0 parameters - branch length not assigned
No nodel was assigned to Node6
Node6 has 0 parameters - branch length not assigned
No nodel was assigned to Node2
Node2 has 0 parameters - branch length not assigned
No nodel was assigned to Dromiciops_gliroides
Dromiciops_gliroides has 0 parameters - branch length not assigned
No nodel was assigned to Node1
Node1 has 0 parameters - branch length not assigned
No nodel was assigned to Monodelphis_domestica
Monodelphis_domestica has 0 parameters - branch length not assigned
No nodel was assigned to Gracilinanus_agilis
Gracilinanus_agilis has 0 parameters - branch length not assigned
No nodel was assigned to Node12
Node12 has 0 parameters - branch length not assigned
No nodel was assigned to Tachyglossus_aculeatus
Tachyglossus_aculeatus has 0 parameters - branch length not assigned
No nodel was assigned to Ornithorhynchus_anatinus
Ornithorhynchus_anatinus has 0 parameters - branch length not assigned
No nodel was assigned to Node15
Node15 has 0 parameters - branch length not assigned
No nodel was assigned to Thylacinus_cynocephalus
Thylacinus_cynocephalus has 0 parameters - branch length not assigned
No nodel was assigned to Antechinus_flavipes
Antechinus_flavipes has 0 parameters - branch length not assigned
No nodel was assigned to Node3
Node3 has 0 parameters - branch length not assigned
No nodel was assigned to Trichosurus_vulpecula
Trichosurus_vulpecula has 0 parameters - branch length not assigned
No nodel was assigned to Phascolarctos_cinereus
Phascolarctos_cinereus has 0 parameters - branch length not assigned
No nodel was assigned to Vombatus_ursinus
Vombatus_ursinus has 0 parameters - branch length not assigned
No nodel was assigned to Node8
Node8 has 0 parameters - branch length not assigned
No nodel was assigned to Node6
Node6 has 0 parameters - branch length not assigned
No nodel was assigned to Node2
Node2 has 0 parameters - branch length not assigned
No nodel was assigned to Dromiciops_gliroides
Dromiciops_gliroides has 0 parameters - branch length not assigned
No nodel was assigned to Node1
Node1 has 0 parameters - branch length not assigned
No nodel was assigned to Monodelphis_domestica
Monodelphis_domestica has 0 parameters - branch length not assigned
No nodel was assigned to Gracilinanus_agilis
Gracilinanus_agilis has 0 parameters - branch length not assigned
No nodel was assigned to Node12
Node12 has 0 parameters - branch length not assigned
No nodel was assigned to Tachyglossus_aculeatus
Tachyglossus_aculeatus has 0 parameters - branch length not assigned
No nodel was assigned to Ornithorhynchus_anatinus
Ornithorhynchus_anatinus has 0 parameters - branch length not assigned
No nodel was assigned to Node15
Node15 has 0 parameters - branch length not assigned
No nodel was assigned to Thylacinus_cynocephalus
Thylacinus_cynocephalus has 0 parameters - branch length not assigned
No nodel was assigned to Antechinus_flavipes
Antechinus_flavipes has 0 parameters - branch length not assigned
No nodel was assigned to Node3
Node3 has 0 parameters - branch length not assigned
No nodel was assigned to Trichosurus_vulpecula
Trichosurus_vulpecula has 0 parameters - branch length not assigned
No nodel was assigned to Phascolarctos_cinereus
Phascolarctos_cinereus has 0 parameters - branch length not assigned
No nodel was assigned to Vombatus_ursinus
Vombatus_ursinus has 0 parameters - branch length not assigned
No nodel was assigned to Node8
Node8 has 0 parameters - branch length not assigned
No nodel was assigned to Node6
Node6 has 0 parameters - branch length not assigned
No nodel was assigned to Node2
Node2 has 0 parameters - branch length not assigned
No nodel was assigned to Dromiciops_gliroides
Dromiciops_gliroides has 0 parameters - branch length not assigned
No nodel was assigned to Node1
Node1 has 0 parameters - branch length not assigned
No nodel was assigned to Monodelphis_domestica
Monodelphis_domestica has 0 parameters - branch length not assigned
No nodel was assigned to Gracilinanus_agilis
Gracilinanus_agilis has 0 parameters - branch length not assigned
No nodel was assigned to Node12
Node12 has 0 parameters - branch length not assigned
No nodel was assigned to Tachyglossus_aculeatus
Tachyglossus_aculeatus has 0 parameters - branch length not assigned
No nodel was assigned to Ornithorhynchus_anatinus
Ornithorhynchus_anatinus has 0 parameters - branch length not assigned
No nodel was assigned to Node15
Node15 has 0 parameters - branch length not assigned
Variable 'nodeName' was not initialized prior to being used
Variable 'speciesIndex' was not initialized prior to being used
Row and/or column partition is empty. All the data will be used by default.
Model MG94customModel assigned to Thylacinus_cynocephalus
Model MG94customModel assigned to Antechinus_flavipes
One branch tree supplied - hopefully this IS what you meant to do.
Rooted tree. Removing one branch - the left root child has been promoted to be the new root
Partition 0 reversible model flag computed as 1
Variable 'twoLnLik' was not initialized prior to being used
Variable 't2.Antechinus_flavipes.nonSynRate' was not initialized prior to being used
Variable 't2.Antechinus_flavipes.synRate' was not initialized prior to being used
Auto-benchmarked an optimal number (3) of threads.
Set GUI update interval to every 5494-th LF evaluation.
Optimization settings:
	OPTIMIZATION_METHOD = 4
	OPTIMIZATION_PRECISION = 0.001
	MAXIMUM_ITERATIONS_PER_VARIABLE = 5000

Initial parameter values

t2.Antechinus_flavipes.nonSynRate = 0.1
t2.Antechinus_flavipes.synRate = 0.1
Optimization finished in 7 loop passes.
128 likelihood evaluation calls and 116 matrix exponentiations calls were made

Row and/or column partition is empty. All the data will be used by default.
Model MG94customModel assigned to Thylacinus_cynocephalus
Model MG94customModel assigned to Trichosurus_vulpecula
One branch tree supplied - hopefully this IS what you meant to do.
Rooted tree. Removing one branch - the left root child has been promoted to be the new root
Partition 0 reversible model flag computed as 1
Variable 't2.Trichosurus_vulpecula.nonSynRate' was not initialized prior to being used
Variable 't2.Trichosurus_vulpecula.synRate' was not initialized prior to being used
Auto-benchmarked an optimal number (4) of threads.
Set GUI update interval to every 5617-th LF evaluation.
Optimization settings:
	OPTIMIZATION_METHOD = 4
	OPTIMIZATION_PRECISION = 0.001
	MAXIMUM_ITERATIONS_PER_VARIABLE = 5000

Initial parameter values

t2.Trichosurus_vulpecula.nonSynRate = 0.1
t2.Trichosurus_vulpecula.synRate = 0.1
Optimization finished in 6 loop passes.
211 likelihood evaluation calls and 193 matrix exponentiations calls were made

Row and/or column partition is empty. All the data will be used by default.
Model MG94customModel assigned to Thylacinus_cynocephalus
Model MG94customModel assigned to Phascolarctos_cinereus
One branch tree supplied - hopefully this IS what you meant to do.
Rooted tree. Removing one branch - the left root child has been promoted to be the new root
Partition 0 reversible model flag computed as 1
Variable 't2.Phascolarctos_cinereus.synRate' was not initialized prior to being used
Variable 't2.Phascolarctos_cinereus.nonSynRate' was not initialized prior to being used
Auto-benchmarked an optimal number (4) of threads.
Set GUI update interval to every 5494-th LF evaluation.
Optimization settings:
	OPTIMIZATION_METHOD = 4
	OPTIMIZATION_PRECISION = 0.001
	MAXIMUM_ITERATIONS_PER_VARIABLE = 5000

Initial parameter values

t2.Phascolarctos_cinereus.synRate = 0.1
t2.Phascolarctos_cinereus.nonSynRate = 0.1
Optimization finished in 6 loop passes.
180 likelihood evaluation calls and 158 matrix exponentiations calls were made

Row and/or column partition is empty. All the data will be used by default.
Model MG94customModel assigned to Thylacinus_cynocephalus
Model MG94customModel assigned to Vombatus_ursinus
One branch tree supplied - hopefully this IS what you meant to do.
Rooted tree. Removing one branch - the left root child has been promoted to be the new root
Partition 0 reversible model flag computed as 1
Variable 't2.Vombatus_ursinus.synRate' was not initialized prior to being used
Variable 't2.Vombatus_ursinus.nonSynRate' was not initialized prior to being used
Auto-benchmarked an optimal number (4) of threads.
Set GUI update interval to every 5494-th LF evaluation.
Optimization settings:
	OPTIMIZATION_METHOD = 4
	OPTIMIZATION_PRECISION = 0.001
	MAXIMUM_ITERATIONS_PER_VARIABLE = 5000

Initial parameter values

t2.Vombatus_ursinus.synRate = 0.1
t2.Vombatus_ursinus.nonSynRate = 0.1
Optimization finished in 6 loop passes.
215 likelihood evaluation calls and 195 matrix exponentiations calls were made

Row and/or column partition is empty. All the data will be used by default.
Model MG94customModel assigned to Thylacinus_cynocephalus
Model MG94customModel assigned to Dromiciops_gliroides
One branch tree supplied - hopefully this IS what you meant to do.
Rooted tree. Removing one branch - the left root child has been promoted to be the new root
Partition 0 reversible model flag computed as 1
Variable 't2.Dromiciops_gliroides.synRate' was not initialized prior to being used
Variable 't2.Dromiciops_gliroides.nonSynRate' was not initialized prior to being used
Auto-benchmarked an optimal number (5) of threads.
Set GUI update interval to every 5555-th LF evaluation.
Optimization settings:
	OPTIMIZATION_METHOD = 4
	OPTIMIZATION_PRECISION = 0.001
	MAXIMUM_ITERATIONS_PER_VARIABLE = 5000

Initial parameter values

t2.Dromiciops_gliroides.synRate = 0.1
t2.Dromiciops_gliroides.nonSynRate = 0.1
Optimization finished in 6 loop passes.
219 likelihood evaluation calls and 198 matrix exponentiations calls were made

Row and/or column partition is empty. All the data will be used by default.
Model MG94customModel assigned to Thylacinus_cynocephalus
Model MG94customModel assigned to Monodelphis_domestica
One branch tree supplied - hopefully this IS what you meant to do.
Rooted tree. Removing one branch - the left root child has been promoted to be the new root
Partition 0 reversible model flag computed as 1
Variable 't2.Monodelphis_domestica.nonSynRate' was not initialized prior to being used
Variable 't2.Monodelphis_domestica.synRate' was not initialized prior to being used
Auto-benchmarked an optimal number (5) of threads.
Set GUI update interval to every 5555-th LF evaluation.
Optimization settings:
	OPTIMIZATION_METHOD = 4
	OPTIMIZATION_PRECISION = 0.001
	MAXIMUM_ITERATIONS_PER_VARIABLE = 5000

Initial parameter values

t2.Monodelphis_domestica.nonSynRate = 0.1
t2.Monodelphis_domestica.synRate = 0.1
Optimization finished in 6 loop passes.
227 likelihood evaluation calls and 208 matrix exponentiations calls were made

Row and/or column partition is empty. All the data will be used by default.
Model MG94customModel assigned to Thylacinus_cynocephalus
Model MG94customModel assigned to Gracilinanus_agilis
One branch tree supplied - hopefully this IS what you meant to do.
Rooted tree. Removing one branch - the left root child has been promoted to be the new root
Partition 0 reversible model flag computed as 1
Variable 't2.Gracilinanus_agilis.nonSynRate' was not initialized prior to being used
Variable 't2.Gracilinanus_agilis.synRate' was not initialized prior to being used
Auto-benchmarked an optimal number (3) of threads.
Set GUI update interval to every 5555-th LF evaluation.
Optimization settings:
	OPTIMIZATION_METHOD = 4
	OPTIMIZATION_PRECISION = 0.001
	MAXIMUM_ITERATIONS_PER_VARIABLE = 5000

Initial parameter values

t2.Gracilinanus_agilis.nonSynRate = 0.1
t2.Gracilinanus_agilis.synRate = 0.1
Optimization finished in 6 loop passes.
246 likelihood evaluation calls and 224 matrix exponentiations calls were made

Row and/or column partition is empty. All the data will be used by default.
Model MG94customModel assigned to Thylacinus_cynocephalus
Model MG94customModel assigned to Tachyglossus_aculeatus
One branch tree supplied - hopefully this IS what you meant to do.
Rooted tree. Removing one branch - the left root child has been promoted to be the new root
Partition 0 reversible model flag computed as 1
Variable 't2.Tachyglossus_aculeatus.synRate' was not initialized prior to being used
Variable 't2.Tachyglossus_aculeatus.nonSynRate' was not initialized prior to being used
Auto-benchmarked an optimal number (4) of threads.
Set GUI update interval to every 5494-th LF evaluation.
Optimization settings:
	OPTIMIZATION_METHOD = 4
	OPTIMIZATION_PRECISION = 0.001
	MAXIMUM_ITERATIONS_PER_VARIABLE = 5000

Initial parameter values

t2.Tachyglossus_aculeatus.synRate = 0.1
t2.Tachyglossus_aculeatus.nonSynRate = 0.1
Optimization finished in 6 loop passes.
167 likelihood evaluation calls and 147 matrix exponentiations calls were made

Row and/or column partition is empty. All the data will be used by default.
Model MG94customModel assigned to Thylacinus_cynocephalus
Model MG94customModel assigned to Ornithorhynchus_anatinus
One branch tree supplied - hopefully this IS what you meant to do.
Rooted tree. Removing one branch - the left root child has been promoted to be the new root
Partition 0 reversible model flag computed as 1
Variable 't2.Ornithorhynchus_anatinus.nonSynRate' was not initialized prior to being used
Variable 't2.Ornithorhynchus_anatinus.synRate' was not initialized prior to being used
Auto-benchmarked an optimal number (3) of threads.
Set GUI update interval to every 5434-th LF evaluation.
Optimization settings:
	OPTIMIZATION_METHOD = 4
	OPTIMIZATION_PRECISION = 0.001
	MAXIMUM_ITERATIONS_PER_VARIABLE = 5000

Initial parameter values

t2.Ornithorhynchus_anatinus.nonSynRate = 0.1
t2.Ornithorhynchus_anatinus.synRate = 0.1
Optimization finished in 6 loop passes.
155 likelihood evaluation calls and 134 matrix exponentiations calls were made

Row and/or column partition is empty. All the data will be used by default.
Model MG94customModel assigned to Antechinus_flavipes
Model MG94customModel assigned to Trichosurus_vulpecula
One branch tree supplied - hopefully this IS what you meant to do.
Rooted tree. Removing one branch - the left root child has been promoted to be the new root
Partition 0 reversible model flag computed as 1
Variable 't2.Trichosurus_vulpecula.nonSynRate' was not initialized prior to being used
Variable 't2.Trichosurus_vulpecula.synRate' was not initialized prior to being used
Auto-benchmarked an optimal number (3) of threads.
Set GUI update interval to every 5617-th LF evaluation.
Optimization settings:
	OPTIMIZATION_METHOD = 4
	OPTIMIZATION_PRECISION = 0.001
	MAXIMUM_ITERATIONS_PER_VARIABLE = 5000

Initial parameter values

t2.Trichosurus_vulpecula.nonSynRate = 0.1
t2.Trichosurus_vulpecula.synRate = 0.1
Optimization finished in 6 loop passes.
209 likelihood evaluation calls and 190 matrix exponentiations calls were made

Row and/or column partition is empty. All the data will be used by default.
Model MG94customModel assigned to Antechinus_flavipes
Model MG94customModel assigned to Phascolarctos_cinereus
One branch tree supplied - hopefully this IS what you meant to do.
Rooted tree. Removing one branch - the left root child has been promoted to be the new root
Partition 0 reversible model flag computed as 1
Variable 't2.Phascolarctos_cinereus.nonSynRate' was not initialized prior to being used
Variable 't2.Phascolarctos_cinereus.synRate' was not initialized prior to being used
Auto-benchmarked an optimal number (2) of threads.
Set GUI update interval to every 5434-th LF evaluation.
Optimization settings:
	OPTIMIZATION_METHOD = 4
	OPTIMIZATION_PRECISION = 0.001
	MAXIMUM_ITERATIONS_PER_VARIABLE = 5000

Initial parameter values

t2.Phascolarctos_cinereus.nonSynRate = 0.1
t2.Phascolarctos_cinereus.synRate = 0.1
Optimization finished in 6 loop passes.
214 likelihood evaluation calls and 195 matrix exponentiations calls were made

Row and/or column partition is empty. All the data will be used by default.
Model MG94customModel assigned to Antechinus_flavipes
Model MG94customModel assigned to Vombatus_ursinus
One branch tree supplied - hopefully this IS what you meant to do.
Rooted tree. Removing one branch - the left root child has been promoted to be the new root
Partition 0 reversible model flag computed as 1
Variable 't2.Vombatus_ursinus.nonSynRate' was not initialized prior to being used
Variable 't2.Vombatus_ursinus.synRate' was not initialized prior to being used
Auto-benchmarked an optimal number (4) of threads.
Set GUI update interval to every 5376-th LF evaluation.
Optimization settings:
	OPTIMIZATION_METHOD = 4
	OPTIMIZATION_PRECISION = 0.001
	MAXIMUM_ITERATIONS_PER_VARIABLE = 5000

Initial parameter values

t2.Vombatus_ursinus.nonSynRate = 0.1
t2.Vombatus_ursinus.synRate = 0.1
Optimization finished in 6 loop passes.
214 likelihood evaluation calls and 195 matrix exponentiations calls were made

Row and/or column partition is empty. All the data will be used by default.
Model MG94customModel assigned to Antechinus_flavipes
Model MG94customModel assigned to Dromiciops_gliroides
One branch tree supplied - hopefully this IS what you meant to do.
Rooted tree. Removing one branch - the left root child has been promoted to be the new root
Partition 0 reversible model flag computed as 1
Variable 't2.Dromiciops_gliroides.nonSynRate' was not initialized prior to being used
Variable 't2.Dromiciops_gliroides.synRate' was not initialized prior to being used
Auto-benchmarked an optimal number (3) of threads.
Set GUI update interval to every 5376-th LF evaluation.
Optimization settings:
	OPTIMIZATION_METHOD = 4
	OPTIMIZATION_PRECISION = 0.001
	MAXIMUM_ITERATIONS_PER_VARIABLE = 5000

Initial parameter values

t2.Dromiciops_gliroides.nonSynRate = 0.1
t2.Dromiciops_gliroides.synRate = 0.1
Optimization finished in 6 loop passes.
237 likelihood evaluation calls and 219 matrix exponentiations calls were made

Row and/or column partition is empty. All the data will be used by default.
Model MG94customModel assigned to Antechinus_flavipes
Model MG94customModel assigned to Monodelphis_domestica
One branch tree supplied - hopefully this IS what you meant to do.
Rooted tree. Removing one branch - the left root child has been promoted to be the new root
Partition 0 reversible model flag computed as 1
Variable 't2.Monodelphis_domestica.nonSynRate' was not initialized prior to being used
Variable 't2.Monodelphis_domestica.synRate' was not initialized prior to being used
Auto-benchmarked an optimal number (4) of threads.
Set GUI update interval to every 5434-th LF evaluation.
Optimization settings:
	OPTIMIZATION_METHOD = 4
	OPTIMIZATION_PRECISION = 0.001
	MAXIMUM_ITERATIONS_PER_VARIABLE = 5000

Initial parameter values

t2.Monodelphis_domestica.nonSynRate = 0.1
t2.Monodelphis_domestica.synRate = 0.1
Optimization finished in 6 loop passes.
199 likelihood evaluation calls and 180 matrix exponentiations calls were made

Row and/or column partition is empty. All the data will be used by default.
Model MG94customModel assigned to Antechinus_flavipes
Model MG94customModel assigned to Gracilinanus_agilis
One branch tree supplied - hopefully this IS what you meant to do.
Rooted tree. Removing one branch - the left root child has been promoted to be the new root
Partition 0 reversible model flag computed as 1
Variable 't2.Gracilinanus_agilis.nonSynRate' was not initialized prior to being used
Variable 't2.Gracilinanus_agilis.synRate' was not initialized prior to being used
Auto-benchmarked an optimal number (4) of threads.
Set GUI update interval to every 5681-th LF evaluation.
Optimization settings:
	OPTIMIZATION_METHOD = 4
	OPTIMIZATION_PRECISION = 0.001
	MAXIMUM_ITERATIONS_PER_VARIABLE = 5000

Initial parameter values

t2.Gracilinanus_agilis.nonSynRate = 0.1
t2.Gracilinanus_agilis.synRate = 0.1
Optimization finished in 6 loop passes.
187 likelihood evaluation calls and 171 matrix exponentiations calls were made

Row and/or column partition is empty. All the data will be used by default.
Model MG94customModel assigned to Antechinus_flavipes
Model MG94customModel assigned to Tachyglossus_aculeatus
One branch tree supplied - hopefully this IS what you meant to do.
Rooted tree. Removing one branch - the left root child has been promoted to be the new root
Partition 0 reversible model flag computed as 1
Variable 't2.Tachyglossus_aculeatus.nonSynRate' was not initialized prior to being used
Variable 't2.Tachyglossus_aculeatus.synRate' was not initialized prior to being used
Auto-benchmarked an optimal number (4) of threads.
Set GUI update interval to every 5617-th LF evaluation.
Optimization settings:
	OPTIMIZATION_METHOD = 4
	OPTIMIZATION_PRECISION = 0.001
	MAXIMUM_ITERATIONS_PER_VARIABLE = 5000

Initial parameter values

t2.Tachyglossus_aculeatus.nonSynRate = 0.1
t2.Tachyglossus_aculeatus.synRate = 0.1
Optimization finished in 6 loop passes.
165 likelihood evaluation calls and 144 matrix exponentiations calls were made

Row and/or column partition is empty. All the data will be used by default.
Model MG94customModel assigned to Antechinus_flavipes
Model MG94customModel assigned to Ornithorhynchus_anatinus
One branch tree supplied - hopefully this IS what you meant to do.
Rooted tree. Removing one branch - the left root child has been promoted to be the new root
Partition 0 reversible model flag computed as 1
Variable 't2.Ornithorhynchus_anatinus.nonSynRate' was not initialized prior to being used
Variable 't2.Ornithorhynchus_anatinus.synRate' was not initialized prior to being used
Auto-benchmarked an optimal number (6) of threads.
Set GUI update interval to every 5681-th LF evaluation.
Optimization settings:
	OPTIMIZATION_METHOD = 4
	OPTIMIZATION_PRECISION = 0.001
	MAXIMUM_ITERATIONS_PER_VARIABLE = 5000

Initial parameter values

t2.Ornithorhynchus_anatinus.nonSynRate = 0.1
t2.Ornithorhynchus_anatinus.synRate = 0.1
Optimization finished in 6 loop passes.
185 likelihood evaluation calls and 169 matrix exponentiations calls were made

Row and/or column partition is empty. All the data will be used by default.
Model MG94customModel assigned to Trichosurus_vulpecula
Model MG94customModel assigned to Phascolarctos_cinereus
One branch tree supplied - hopefully this IS what you meant to do.
Rooted tree. Removing one branch - the left root child has been promoted to be the new root
Partition 0 reversible model flag computed as 1
Variable 't2.Phascolarctos_cinereus.nonSynRate' was not initialized prior to being used
Variable 't2.Phascolarctos_cinereus.synRate' was not initialized prior to being used
Auto-benchmarked an optimal number (5) of threads.
Set GUI update interval to every 5263-th LF evaluation.
Optimization settings:
	OPTIMIZATION_METHOD = 4
	OPTIMIZATION_PRECISION = 0.001
	MAXIMUM_ITERATIONS_PER_VARIABLE = 5000

Initial parameter values

t2.Phascolarctos_cinereus.nonSynRate = 0.1
t2.Phascolarctos_cinereus.synRate = 0.1
Optimization finished in 7 loop passes.
168 likelihood evaluation calls and 158 matrix exponentiations calls were made

Row and/or column partition is empty. All the data will be used by default.
Model MG94customModel assigned to Trichosurus_vulpecula
Model MG94customModel assigned to Vombatus_ursinus
One branch tree supplied - hopefully this IS what you meant to do.
Rooted tree. Removing one branch - the left root child has been promoted to be the new root
Partition 0 reversible model flag computed as 1
Variable 't2.Vombatus_ursinus.nonSynRate' was not initialized prior to being used
Variable 't2.Vombatus_ursinus.synRate' was not initialized prior to being used
Auto-benchmarked an optimal number (3) of threads.
Set GUI update interval to every 5263-th LF evaluation.
Optimization settings:
	OPTIMIZATION_METHOD = 4
	OPTIMIZATION_PRECISION = 0.001
	MAXIMUM_ITERATIONS_PER_VARIABLE = 5000

Initial parameter values

t2.Vombatus_ursinus.nonSynRate = 0.1
t2.Vombatus_ursinus.synRate = 0.1
Optimization finished in 5 loop passes.
215 likelihood evaluation calls and 197 matrix exponentiations calls were made

Row and/or column partition is empty. All the data will be used by default.
Model MG94customModel assigned to Trichosurus_vulpecula
Model MG94customModel assigned to Dromiciops_gliroides
One branch tree supplied - hopefully this IS what you meant to do.
Rooted tree. Removing one branch - the left root child has been promoted to be the new root
Partition 0 reversible model flag computed as 1
Variable 't2.Dromiciops_gliroides.nonSynRate' was not initialized prior to being used
Variable 't2.Dromiciops_gliroides.synRate' was not initialized prior to being used
Auto-benchmarked an optimal number (4) of threads.
Set GUI update interval to every 5208-th LF evaluation.
Optimization settings:
	OPTIMIZATION_METHOD = 4
	OPTIMIZATION_PRECISION = 0.001
	MAXIMUM_ITERATIONS_PER_VARIABLE = 5000

Initial parameter values

t2.Dromiciops_gliroides.nonSynRate = 0.1
t2.Dromiciops_gliroides.synRate = 0.1
Optimization finished in 6 loop passes.
160 likelihood evaluation calls and 135 matrix exponentiations calls were made

Row and/or column partition is empty. All the data will be used by default.
Model MG94customModel assigned to Trichosurus_vulpecula
Model MG94customModel assigned to Monodelphis_domestica
One branch tree supplied - hopefully this IS what you meant to do.
Rooted tree. Removing one branch - the left root child has been promoted to be the new root
Partition 0 reversible model flag computed as 1
Variable 't2.Monodelphis_domestica.nonSynRate' was not initialized prior to being used
Variable 't2.Monodelphis_domestica.synRate' was not initialized prior to being used
Auto-benchmarked an optimal number (4) of threads.
Set GUI update interval to every 5263-th LF evaluation.
Optimization settings:
	OPTIMIZATION_METHOD = 4
	OPTIMIZATION_PRECISION = 0.001
	MAXIMUM_ITERATIONS_PER_VARIABLE = 5000

Initial parameter values

t2.Monodelphis_domestica.nonSynRate = 0.1
t2.Monodelphis_domestica.synRate = 0.1
Optimization finished in 6 loop passes.
212 likelihood evaluation calls and 196 matrix exponentiations calls were made

Row and/or column partition is empty. All the data will be used by default.
Model MG94customModel assigned to Trichosurus_vulpecula
Model MG94customModel assigned to Gracilinanus_agilis
One branch tree supplied - hopefully this IS what you meant to do.
Rooted tree. Removing one branch - the left root child has been promoted to be the new root
Partition 0 reversible model flag computed as 1
Variable 't2.Gracilinanus_agilis.nonSynRate' was not initialized prior to being used
Variable 't2.Gracilinanus_agilis.synRate' was not initialized prior to being used
Auto-benchmarked an optimal number (3) of threads.
Set GUI update interval to every 5263-th LF evaluation.
Optimization settings:
	OPTIMIZATION_METHOD = 4
	OPTIMIZATION_PRECISION = 0.001
	MAXIMUM_ITERATIONS_PER_VARIABLE = 5000

Initial parameter values

t2.Gracilinanus_agilis.nonSynRate = 0.1
t2.Gracilinanus_agilis.synRate = 0.1
Optimization finished in 3 loop passes.
116 likelihood evaluation calls and 102 matrix exponentiations calls were made

Row and/or column partition is empty. All the data will be used by default.
Model MG94customModel assigned to Trichosurus_vulpecula
Model MG94customModel assigned to Tachyglossus_aculeatus
One branch tree supplied - hopefully this IS what you meant to do.
Rooted tree. Removing one branch - the left root child has been promoted to be the new root
Partition 0 reversible model flag computed as 1
Variable 't2.Tachyglossus_aculeatus.nonSynRate' was not initialized prior to being used
Variable 't2.Tachyglossus_aculeatus.synRate' was not initialized prior to being used
Auto-benchmarked an optimal number (6) of threads.
Set GUI update interval to every 5494-th LF evaluation.
Optimization settings:
	OPTIMIZATION_METHOD = 4
	OPTIMIZATION_PRECISION = 0.001
	MAXIMUM_ITERATIONS_PER_VARIABLE = 5000

Initial parameter values

t2.Tachyglossus_aculeatus.nonSynRate = 0.1
t2.Tachyglossus_aculeatus.synRate = 0.1
Optimization finished in 5 loop passes.
174 likelihood evaluation calls and 158 matrix exponentiations calls were made

Row and/or column partition is empty. All the data will be used by default.
Model MG94customModel assigned to Trichosurus_vulpecula
Model MG94customModel assigned to Ornithorhynchus_anatinus
One branch tree supplied - hopefully this IS what you meant to do.
Rooted tree. Removing one branch - the left root child has been promoted to be the new root
Partition 0 reversible model flag computed as 1
Variable 't2.Ornithorhynchus_anatinus.nonSynRate' was not initialized prior to being used
Variable 't2.Ornithorhynchus_anatinus.synRate' was not initialized prior to being used
Auto-benchmarked an optimal number (3) of threads.
Set GUI update interval to every 5050-th LF evaluation.
Optimization settings:
	OPTIMIZATION_METHOD = 4
	OPTIMIZATION_PRECISION = 0.001
	MAXIMUM_ITERATIONS_PER_VARIABLE = 5000

Initial parameter values

t2.Ornithorhynchus_anatinus.nonSynRate = 0.1
t2.Ornithorhynchus_anatinus.synRate = 0.1
Optimization finished in 6 loop passes.
155 likelihood evaluation calls and 141 matrix exponentiations calls were made

Row and/or column partition is empty. All the data will be used by default.
Model MG94customModel assigned to Phascolarctos_cinereus
Model MG94customModel assigned to Vombatus_ursinus
One branch tree supplied - hopefully this IS what you meant to do.
Rooted tree. Removing one branch - the left root child has been promoted to be the new root
Partition 0 reversible model flag computed as 1
Variable 't2.Vombatus_ursinus.nonSynRate' was not initialized prior to being used
Variable 't2.Vombatus_ursinus.synRate' was not initialized prior to being used
Auto-benchmarked an optimal number (2) of threads.
Set GUI update interval to every 5555-th LF evaluation.
Optimization settings:
	OPTIMIZATION_METHOD = 4
	OPTIMIZATION_PRECISION = 0.001
	MAXIMUM_ITERATIONS_PER_VARIABLE = 5000

Initial parameter values

t2.Vombatus_ursinus.nonSynRate = 0.1
t2.Vombatus_ursinus.synRate = 0.1
Optimization finished in 6 loop passes.
218 likelihood evaluation calls and 201 matrix exponentiations calls were made

Row and/or column partition is empty. All the data will be used by default.
Model MG94customModel assigned to Phascolarctos_cinereus
Model MG94customModel assigned to Dromiciops_gliroides
One branch tree supplied - hopefully this IS what you meant to do.
Rooted tree. Removing one branch - the left root child has been promoted to be the new root
Partition 0 reversible model flag computed as 1
Variable 't2.Dromiciops_gliroides.nonSynRate' was not initialized prior to being used
Variable 't2.Dromiciops_gliroides.synRate' was not initialized prior to being used
Auto-benchmarked an optimal number (4) of threads.
Set GUI update interval to every 5747-th LF evaluation.
Optimization settings:
	OPTIMIZATION_METHOD = 4
	OPTIMIZATION_PRECISION = 0.001
	MAXIMUM_ITERATIONS_PER_VARIABLE = 5000

Initial parameter values

t2.Dromiciops_gliroides.nonSynRate = 0.1
t2.Dromiciops_gliroides.synRate = 0.1
Optimization finished in 6 loop passes.
177 likelihood evaluation calls and 159 matrix exponentiations calls were made

Row and/or column partition is empty. All the data will be used by default.
Model MG94customModel assigned to Phascolarctos_cinereus
Model MG94customModel assigned to Monodelphis_domestica
One branch tree supplied - hopefully this IS what you meant to do.
Rooted tree. Removing one branch - the left root child has been promoted to be the new root
Partition 0 reversible model flag computed as 1
Variable 't2.Monodelphis_domestica.nonSynRate' was not initialized prior to being used
Variable 't2.Monodelphis_domestica.synRate' was not initialized prior to being used
Auto-benchmarked an optimal number (6) of threads.
Set GUI update interval to every 5050-th LF evaluation.
Optimization settings:
	OPTIMIZATION_METHOD = 4
	OPTIMIZATION_PRECISION = 0.001
	MAXIMUM_ITERATIONS_PER_VARIABLE = 5000

Initial parameter values

t2.Monodelphis_domestica.nonSynRate = 0.1
t2.Monodelphis_domestica.synRate = 0.1
Optimization finished in 6 loop passes.
171 likelihood evaluation calls and 158 matrix exponentiations calls were made

Row and/or column partition is empty. All the data will be used by default.
Model MG94customModel assigned to Phascolarctos_cinereus
Model MG94customModel assigned to Gracilinanus_agilis
One branch tree supplied - hopefully this IS what you meant to do.
Rooted tree. Removing one branch - the left root child has been promoted to be the new root
Partition 0 reversible model flag computed as 1
Variable 't2.Gracilinanus_agilis.nonSynRate' was not initialized prior to being used
Variable 't2.Gracilinanus_agilis.synRate' was not initialized prior to being used
Auto-benchmarked an optimal number (8) of threads.
Set GUI update interval to every 5813-th LF evaluation.
Optimization settings:
	OPTIMIZATION_METHOD = 4
	OPTIMIZATION_PRECISION = 0.001
	MAXIMUM_ITERATIONS_PER_VARIABLE = 5000

Initial parameter values

t2.Gracilinanus_agilis.nonSynRate = 0.1
t2.Gracilinanus_agilis.synRate = 0.1
Optimization finished in 3 loop passes.
132 likelihood evaluation calls and 119 matrix exponentiations calls were made

Row and/or column partition is empty. All the data will be used by default.
Model MG94customModel assigned to Phascolarctos_cinereus
Model MG94customModel assigned to Tachyglossus_aculeatus
One branch tree supplied - hopefully this IS what you meant to do.
Rooted tree. Removing one branch - the left root child has been promoted to be the new root
Partition 0 reversible model flag computed as 1
Variable 't2.Tachyglossus_aculeatus.nonSynRate' was not initialized prior to being used
Variable 't2.Tachyglossus_aculeatus.synRate' was not initialized prior to being used
Auto-benchmarked an optimal number (7) of threads.
Set GUI update interval to every 5555-th LF evaluation.
Optimization settings:
	OPTIMIZATION_METHOD = 4
	OPTIMIZATION_PRECISION = 0.001
	MAXIMUM_ITERATIONS_PER_VARIABLE = 5000

Initial parameter values

t2.Tachyglossus_aculeatus.nonSynRate = 0.1
t2.Tachyglossus_aculeatus.synRate = 0.1
Optimization finished in 5 loop passes.
166 likelihood evaluation calls and 150 matrix exponentiations calls were made

Row and/or column partition is empty. All the data will be used by default.
Model MG94customModel assigned to Phascolarctos_cinereus
Model MG94customModel assigned to Ornithorhynchus_anatinus
One branch tree supplied - hopefully this IS what you meant to do.
Rooted tree. Removing one branch - the left root child has been promoted to be the new root
Partition 0 reversible model flag computed as 1
Variable 't2.Ornithorhynchus_anatinus.nonSynRate' was not initialized prior to being used
Variable 't2.Ornithorhynchus_anatinus.synRate' was not initialized prior to being used
Auto-benchmarked an optimal number (6) of threads.
Set GUI update interval to every 5000-th LF evaluation.
Optimization settings:
	OPTIMIZATION_METHOD = 4
	OPTIMIZATION_PRECISION = 0.001
	MAXIMUM_ITERATIONS_PER_VARIABLE = 5000

Initial parameter values

t2.Ornithorhynchus_anatinus.nonSynRate = 0.1
t2.Ornithorhynchus_anatinus.synRate = 0.1
Optimization finished in 5 loop passes.
184 likelihood evaluation calls and 170 matrix exponentiations calls were made

Row and/or column partition is empty. All the data will be used by default.
Model MG94customModel assigned to Vombatus_ursinus
Model MG94customModel assigned to Dromiciops_gliroides
One branch tree supplied - hopefully this IS what you meant to do.
Rooted tree. Removing one branch - the left root child has been promoted to be the new root
Partition 0 reversible model flag computed as 1
Variable 't2.Dromiciops_gliroides.nonSynRate' was not initialized prior to being used
Variable 't2.Dromiciops_gliroides.synRate' was not initialized prior to being used
Auto-benchmarked an optimal number (3) of threads.
Set GUI update interval to every 5813-th LF evaluation.
Optimization settings:
	OPTIMIZATION_METHOD = 4
	OPTIMIZATION_PRECISION = 0.001
	MAXIMUM_ITERATIONS_PER_VARIABLE = 5000

Initial parameter values

t2.Dromiciops_gliroides.nonSynRate = 0.1
t2.Dromiciops_gliroides.synRate = 0.1
Optimization finished in 6 loop passes.
201 likelihood evaluation calls and 176 matrix exponentiations calls were made

Row and/or column partition is empty. All the data will be used by default.
Model MG94customModel assigned to Vombatus_ursinus
Model MG94customModel assigned to Monodelphis_domestica
One branch tree supplied - hopefully this IS what you meant to do.
Rooted tree. Removing one branch - the left root child has been promoted to be the new root
Partition 0 reversible model flag computed as 1
Variable 't2.Monodelphis_domestica.nonSynRate' was not initialized prior to being used
Variable 't2.Monodelphis_domestica.synRate' was not initialized prior to being used
Auto-benchmarked an optimal number (3) of threads.
Set GUI update interval to every 4807-th LF evaluation.
Optimization settings:
	OPTIMIZATION_METHOD = 4
	OPTIMIZATION_PRECISION = 0.001
	MAXIMUM_ITERATIONS_PER_VARIABLE = 5000

Initial parameter values

t2.Monodelphis_domestica.nonSynRate = 0.1
t2.Monodelphis_domestica.synRate = 0.1
Optimization finished in 5 loop passes.
142 likelihood evaluation calls and 129 matrix exponentiations calls were made

Row and/or column partition is empty. All the data will be used by default.
Model MG94customModel assigned to Vombatus_ursinus
Model MG94customModel assigned to Gracilinanus_agilis
One branch tree supplied - hopefully this IS what you meant to do.
Rooted tree. Removing one branch - the left root child has been promoted to be the new root
Partition 0 reversible model flag computed as 1
Variable 't2.Gracilinanus_agilis.nonSynRate' was not initialized prior to being used
Variable 't2.Gracilinanus_agilis.synRate' was not initialized prior to being used
Auto-benchmarked an optimal number (5) of threads.
Set GUI update interval to every 7936-th LF evaluation.
Optimization settings:
	OPTIMIZATION_METHOD = 4
	OPTIMIZATION_PRECISION = 0.001
	MAXIMUM_ITERATIONS_PER_VARIABLE = 5000

Initial parameter values

t2.Gracilinanus_agilis.nonSynRate = 0.1
t2.Gracilinanus_agilis.synRate = 0.1
Optimization finished in 7 loop passes.
151 likelihood evaluation calls and 141 matrix exponentiations calls were made

Row and/or column partition is empty. All the data will be used by default.
Model MG94customModel assigned to Vombatus_ursinus
Model MG94customModel assigned to Tachyglossus_aculeatus
One branch tree supplied - hopefully this IS what you meant to do.
Rooted tree. Removing one branch - the left root child has been promoted to be the new root
Partition 0 reversible model flag computed as 1
Variable 't2.Tachyglossus_aculeatus.nonSynRate' was not initialized prior to being used
Variable 't2.Tachyglossus_aculeatus.synRate' was not initialized prior to being used
Auto-benchmarked an optimal number (5) of threads.
Set GUI update interval to every 8771-th LF evaluation.
Optimization settings:
	OPTIMIZATION_METHOD = 4
	OPTIMIZATION_PRECISION = 0.001
	MAXIMUM_ITERATIONS_PER_VARIABLE = 5000

Initial parameter values

t2.Tachyglossus_aculeatus.nonSynRate = 0.1
t2.Tachyglossus_aculeatus.synRate = 0.1
Optimization finished in 6 loop passes.
159 likelihood evaluation calls and 144 matrix exponentiations calls were made

Row and/or column partition is empty. All the data will be used by default.
Model MG94customModel assigned to Vombatus_ursinus
Model MG94customModel assigned to Ornithorhynchus_anatinus
One branch tree supplied - hopefully this IS what you meant to do.
Rooted tree. Removing one branch - the left root child has been promoted to be the new root
Partition 0 reversible model flag computed as 1
Variable 't2.Ornithorhynchus_anatinus.nonSynRate' was not initialized prior to being used
Variable 't2.Ornithorhynchus_anatinus.synRate' was not initialized prior to being used
Auto-benchmarked an optimal number (4) of threads.
Set GUI update interval to every 7812-th LF evaluation.
Optimization settings:
	OPTIMIZATION_METHOD = 4
	OPTIMIZATION_PRECISION = 0.001
	MAXIMUM_ITERATIONS_PER_VARIABLE = 5000

Initial parameter values

t2.Ornithorhynchus_anatinus.nonSynRate = 0.1
t2.Ornithorhynchus_anatinus.synRate = 0.1
Optimization finished in 5 loop passes.
189 likelihood evaluation calls and 170 matrix exponentiations calls were made

Row and/or column partition is empty. All the data will be used by default.
Model MG94customModel assigned to Dromiciops_gliroides
Model MG94customModel assigned to Monodelphis_domestica
One branch tree supplied - hopefully this IS what you meant to do.
Rooted tree. Removing one branch - the left root child has been promoted to be the new root
Partition 0 reversible model flag computed as 1
Variable 't2.Monodelphis_domestica.nonSynRate' was not initialized prior to being used
Variable 't2.Monodelphis_domestica.synRate' was not initialized prior to being used
Auto-benchmarked an optimal number (5) of threads.
Set GUI update interval to every 5882-th LF evaluation.
Optimization settings:
	OPTIMIZATION_METHOD = 4
	OPTIMIZATION_PRECISION = 0.001
	MAXIMUM_ITERATIONS_PER_VARIABLE = 5000

Initial parameter values

t2.Monodelphis_domestica.nonSynRate = 0.1
t2.Monodelphis_domestica.synRate = 0.1
Optimization finished in 5 loop passes.
155 likelihood evaluation calls and 134 matrix exponentiations calls were made

Row and/or column partition is empty. All the data will be used by default.
Model MG94customModel assigned to Dromiciops_gliroides
Model MG94customModel assigned to Gracilinanus_agilis
One branch tree supplied - hopefully this IS what you meant to do.
Rooted tree. Removing one branch - the left root child has been promoted to be the new root
Partition 0 reversible model flag computed as 1
Variable 't2.Gracilinanus_agilis.nonSynRate' was not initialized prior to being used
Variable 't2.Gracilinanus_agilis.synRate' was not initialized prior to being used
Auto-benchmarked an optimal number (7) of threads.
Set GUI update interval to every 5952-th LF evaluation.
Optimization settings:
	OPTIMIZATION_METHOD = 4
	OPTIMIZATION_PRECISION = 0.001
	MAXIMUM_ITERATIONS_PER_VARIABLE = 5000

Initial parameter values

t2.Gracilinanus_agilis.nonSynRate = 0.1
t2.Gracilinanus_agilis.synRate = 0.1
Optimization finished in 6 loop passes.
154 likelihood evaluation calls and 141 matrix exponentiations calls were made

Row and/or column partition is empty. All the data will be used by default.
Model MG94customModel assigned to Dromiciops_gliroides
Model MG94customModel assigned to Tachyglossus_aculeatus
One branch tree supplied - hopefully this IS what you meant to do.
Rooted tree. Removing one branch - the left root child has been promoted to be the new root
Partition 0 reversible model flag computed as 1
Variable 't2.Tachyglossus_aculeatus.nonSynRate' was not initialized prior to being used
Variable 't2.Tachyglossus_aculeatus.synRate' was not initialized prior to being used
Auto-benchmarked an optimal number (3) of threads.
Set GUI update interval to every 8620-th LF evaluation.
Optimization settings:
	OPTIMIZATION_METHOD = 4
	OPTIMIZATION_PRECISION = 0.001
	MAXIMUM_ITERATIONS_PER_VARIABLE = 5000

Initial parameter values

t2.Tachyglossus_aculeatus.nonSynRate = 0.1
t2.Tachyglossus_aculeatus.synRate = 0.1
Optimization finished in 6 loop passes.
177 likelihood evaluation calls and 163 matrix exponentiations calls were made

Row and/or column partition is empty. All the data will be used by default.
Model MG94customModel assigned to Dromiciops_gliroides
Model MG94customModel assigned to Ornithorhynchus_anatinus
One branch tree supplied - hopefully this IS what you meant to do.
Rooted tree. Removing one branch - the left root child has been promoted to be the new root
Partition 0 reversible model flag computed as 1
Variable 't2.Ornithorhynchus_anatinus.nonSynRate' was not initialized prior to being used
Variable 't2.Ornithorhynchus_anatinus.synRate' was not initialized prior to being used
Auto-benchmarked an optimal number (4) of threads.
Set GUI update interval to every 4950-th LF evaluation.
Optimization settings:
	OPTIMIZATION_METHOD = 4
	OPTIMIZATION_PRECISION = 0.001
	MAXIMUM_ITERATIONS_PER_VARIABLE = 5000

Initial parameter values

t2.Ornithorhynchus_anatinus.nonSynRate = 0.1
t2.Ornithorhynchus_anatinus.synRate = 0.1
Optimization finished in 5 loop passes.
154 likelihood evaluation calls and 136 matrix exponentiations calls were made

Row and/or column partition is empty. All the data will be used by default.
Model MG94customModel assigned to Monodelphis_domestica
Model MG94customModel assigned to Gracilinanus_agilis
One branch tree supplied - hopefully this IS what you meant to do.
Rooted tree. Removing one branch - the left root child has been promoted to be the new root
Partition 0 reversible model flag computed as 1
Variable 't2.Gracilinanus_agilis.nonSynRate' was not initialized prior to being used
Variable 't2.Gracilinanus_agilis.synRate' was not initialized prior to being used
Auto-benchmarked an optimal number (4) of threads.
Set GUI update interval to every 5882-th LF evaluation.
Optimization settings:
	OPTIMIZATION_METHOD = 4
	OPTIMIZATION_PRECISION = 0.001
	MAXIMUM_ITERATIONS_PER_VARIABLE = 5000

Initial parameter values

t2.Gracilinanus_agilis.nonSynRate = 0.1
t2.Gracilinanus_agilis.synRate = 0.1
Optimization finished in 6 loop passes.
100 likelihood evaluation calls and 91 matrix exponentiations calls were made

Row and/or column partition is empty. All the data will be used by default.
Model MG94customModel assigned to Monodelphis_domestica
Model MG94customModel assigned to Tachyglossus_aculeatus
One branch tree supplied - hopefully this IS what you meant to do.
Rooted tree. Removing one branch - the left root child has been promoted to be the new root
Partition 0 reversible model flag computed as 1
Variable 't2.Tachyglossus_aculeatus.nonSynRate' was not initialized prior to being used
Variable 't2.Tachyglossus_aculeatus.synRate' was not initialized prior to being used
Auto-benchmarked an optimal number (5) of threads.
Set GUI update interval to every 8620-th LF evaluation.
Optimization settings:
	OPTIMIZATION_METHOD = 4
	OPTIMIZATION_PRECISION = 0.001
	MAXIMUM_ITERATIONS_PER_VARIABLE = 5000

Initial parameter values

t2.Tachyglossus_aculeatus.nonSynRate = 0.1
t2.Tachyglossus_aculeatus.synRate = 0.1
Optimization finished in 6 loop passes.
156 likelihood evaluation calls and 143 matrix exponentiations calls were made

Row and/or column partition is empty. All the data will be used by default.
Model MG94customModel assigned to Monodelphis_domestica
Model MG94customModel assigned to Ornithorhynchus_anatinus
One branch tree supplied - hopefully this IS what you meant to do.
Rooted tree. Removing one branch - the left root child has been promoted to be the new root
Partition 0 reversible model flag computed as 1
Variable 't2.Ornithorhynchus_anatinus.nonSynRate' was not initialized prior to being used
Variable 't2.Ornithorhynchus_anatinus.synRate' was not initialized prior to being used
Auto-benchmarked an optimal number (5) of threads.
Set GUI update interval to every 5952-th LF evaluation.
Optimization settings:
	OPTIMIZATION_METHOD = 4
	OPTIMIZATION_PRECISION = 0.001
	MAXIMUM_ITERATIONS_PER_VARIABLE = 5000

Initial parameter values

t2.Ornithorhynchus_anatinus.nonSynRate = 0.1
t2.Ornithorhynchus_anatinus.synRate = 0.1
Optimization finished in 6 loop passes.
175 likelihood evaluation calls and 161 matrix exponentiations calls were made

Row and/or column partition is empty. All the data will be used by default.
Model MG94customModel assigned to Gracilinanus_agilis
Model MG94customModel assigned to Tachyglossus_aculeatus
One branch tree supplied - hopefully this IS what you meant to do.
Rooted tree. Removing one branch - the left root child has been promoted to be the new root
Partition 0 reversible model flag computed as 1
Variable 't2.Tachyglossus_aculeatus.nonSynRate' was not initialized prior to being used
Variable 't2.Tachyglossus_aculeatus.synRate' was not initialized prior to being used
Auto-benchmarked an optimal number (3) of threads.
Set GUI update interval to every 6410-th LF evaluation.
Optimization settings:
	OPTIMIZATION_METHOD = 4
	OPTIMIZATION_PRECISION = 0.001
	MAXIMUM_ITERATIONS_PER_VARIABLE = 5000

Initial parameter values

t2.Tachyglossus_aculeatus.nonSynRate = 0.1
t2.Tachyglossus_aculeatus.synRate = 0.1
Optimization finished in 6 loop passes.
171 likelihood evaluation calls and 158 matrix exponentiations calls were made

Row and/or column partition is empty. All the data will be used by default.
Model MG94customModel assigned to Gracilinanus_agilis
Model MG94customModel assigned to Ornithorhynchus_anatinus
One branch tree supplied - hopefully this IS what you meant to do.
Rooted tree. Removing one branch - the left root child has been promoted to be the new root
Partition 0 reversible model flag computed as 1
Variable 't2.Ornithorhynchus_anatinus.nonSynRate' was not initialized prior to being used
Variable 't2.Ornithorhynchus_anatinus.synRate' was not initialized prior to being used
Auto-benchmarked an optimal number (4) of threads.
Set GUI update interval to every 4950-th LF evaluation.
Optimization settings:
	OPTIMIZATION_METHOD = 4
	OPTIMIZATION_PRECISION = 0.001
	MAXIMUM_ITERATIONS_PER_VARIABLE = 5000

Initial parameter values

t2.Ornithorhynchus_anatinus.nonSynRate = 0.1
t2.Ornithorhynchus_anatinus.synRate = 0.1
Optimization finished in 6 loop passes.
173 likelihood evaluation calls and 159 matrix exponentiations calls were made

Row and/or column partition is empty. All the data will be used by default.
Model MG94customModel assigned to Tachyglossus_aculeatus
Model MG94customModel assigned to Ornithorhynchus_anatinus
One branch tree supplied - hopefully this IS what you meant to do.
Rooted tree. Removing one branch - the left root child has been promoted to be the new root
Partition 0 reversible model flag computed as 1
Auto-benchmarked an optimal number (4) of threads.
Set GUI update interval to every 607-th LF evaluation.
Optimization settings:
	OPTIMIZATION_METHOD = 4
	OPTIMIZATION_PRECISION = 0.001
	MAXIMUM_ITERATIONS_PER_VARIABLE = 5000

Initial parameter values

t2.Ornithorhynchus_anatinus.nonSynRate = 0.1
t2.Ornithorhynchus_anatinus.synRate = 0.1
Optimization finished in 6 loop passes.
223 likelihood evaluation calls and 204 matrix exponentiations calls were made
