      6   1035

Gymnogyps_californianus         ATG GCA ACT ACA GAT GCT GCT AAC TTT TAT TAT AAC TTC TCC ATC ATT GAT CCC AAC GAA AAC GGA AGT GAG AAT TTT CAC ACA TTT ACA AGA GTC TTC CTG CCC TGT ATG TAT TCG GCT GTT TTC ATC CTT GGG CTA GCA GGA AAT GCG CTG GTC TTT GTC ATA CTA GTT TTC TAT GAG AAA CTG AAG ATG CTG ACA GAT ATA TTT TTG CTG AAC TTG GCT ATA GCT GAC TGG GTC TTC CTT TGG ACA CTG CCA TTC TGG GCA TAT TCT GCT GCT CAG GAG TGG ACT TTT GGC ACC GTG GCA TGT CGT ATT ATA CGG GGC TTG TAT ACT CTG AAC TTG TAC ACT TCA ATG TTA ACT CTG ACG TCT ATC ACC TTT GAC AGG CTC ATT GCT ATT ACT TTT GCC ACC AAA GCA CAT ATG TGT CAA ACC AAA CGA ATG ACA CGG GGC AAA TTA ATC TGT GTC TTG ATC TGG GTG ATC TCA CTA GCA TTT GCC ATA CCT CAG TTT ATT TTT AGT GAG GTG TTT AGT ATT GAT AAG GCA ATA TGT CAG GAA GAA TAC TCA AAC CAT CGC ACA GAA CTG GTT CTT GAA GTG ATC CAA GTG ACC CTG GGC TAT TTT ATT CCC GTG CTA GCC ATG ATC ATC TGC TAC TCA CTA ATT ATT AGA ACC TTA CTG CAC GCC AGG AGT TTT CAA AAG AAC AAA TCT CTA AAA AAA ATA TTT TCT GTA GTT GCC GTA TTT ATT CTT ACT CAG TCA CCC TAT ACT TTC TTG AGA CTG ATA AAG ATC ATA GAC TGG AGC TTT AAC TTG AAC AGC AGC TTT GAA TAT GCA ATC ATC GTA ACA GAA GCT CTT GCT TAT TTC CAT GGC TGT CTT AAC CCT GTT CTG TAT TTC TTC ATG GGG GTG AAA TTC AGG AGG AAC TTA CAG AAA ATT ATT AAA AAC TCA AGA TGC ATC AAA CGG CAA GTT ACG GCT AAA CAG TGG CAA ACC ACT GAA GAG GAA GGC TCT AAA ACT TTT ACT GCC TCA AAT AAT GCA GAT GCA ACA AGC ATG TAC CCG CTA 
Haliaeetus_albicilla            ATG GCA ACT ACA GAT ACT GCC AAC TTT TAT TAT AAC TTC TCC ATC ATT GAT CCC AAC GAA AAT GGA AGT GAG AAT TTT CAT ACA TTT ACA AGA GTC TTC CTG CCC TGT ATG TAT TCG GCT GTT TTC ATC CTT GGG CTA GCA GGA AAT GCA CTT GTC TTT GTC ATA CTA GCT TTC TAT GAG AAA CGG AAG ATG CTG ACA GAT ATA TTT TTG CTG AAC TTG GCC ATA GCT GAC TGG GTC TTC CTT TGG ACA CTG CCA TTC TGG GCA TAT TCT GCT GCT CAG GAG TGG ACT TTT GGC ACC GTG GCA TGT CGT ATT ATA CGA GGC TTG TAT ACT CTG AAC TTG TAC ACT TCA ATG CTA ACT CTA ACG TCT ATC ACC TTT GAC CGG CTT ATT GCT ATT ACT TTT GCA ACC AAA GCA CGT ATG TGT CAA ACC AAA CGA ATG ACA TGG GGC AAA TTA ATC TGT GTC TTG ATC TGG GTG ATC TCA CTA GCA TTT GCT GCA CCA CAG TTT ATT TTT AGT GAG GTG TTT AGT ATT GAT AAG ACA ATA TGC CAG GAA GAA TAC CCA AAC CAT CAC ACA GAA ATG GTT CTT GAA GTG ATC CAA GTG ACC CTT GGC TAT TTT ATT CCC ATG CTA GCC ATG ATC ATC TGC TAC TCA CTA ATT ATT AGA ACC TTA CTG CAT GCC AGG AGT TTT CAA AAG AAC AAA TCT CTA AAG AAA ATA TTT TCT GTA GTT GCC ATA TTT ATT CTT ACT CAG TCA CCC TAC ACT TTC TTG AGA CTG ATA AAG ATC ATA GAC TGG AGC TTT AAC CTG AAC AGC AGC TTT GAA TAT GCA ATC ATT ATA ACA GAA GCT CTT GCT TAT TTC CAC GGC TGT CTT AAT CCT GTT CTG TAT TTC TTC ATG GGG GTG AAA TTC AGG AGG AAC TTA CAG AAA ATT ATT AAA AAT TCA AGA TGC GTC AAA CGG CAA GTT ATG GTT AAA CAG TGG CAA ACC ACT GAA GAA GAA GGC TCT AAA ACT TTT ACT GCC TCC AAT AAT GCA GAT GCA ACA AGC ATG TAC CAG CTA 
Haliaeetus_leucocephalus        ATG GCA ACT ACA GAT ACT GCC AAC TTT TAT TAT AAC TTC TCC ATC ATT GAT CCC AAC GAA AAT GGA AGT GAG AAT TTT CAT ACA TTT ACA AGA GTC TTC CTG CCC TGT ATG TAT TCG GCT GTT TTC ATC CTT GGG CTA GCA GGA AAT GCA CTT GTC TTT GTC ATA CTA GCT TTC TAT GAG AAA CGG AAG ATG CTG ACA GAT ATA TTT TTG CTG AAC TTG GCC ATA GCT GAC TGG GTC TTC CTT TGG ACA CTG CCA TTC TGG GCA TAT TCT GCT GCT CAG GAG TGG ACT TTT GGC ACC GTG GCA TGT CGT ATT ATA CGA GGC TTG TAT ACT CTG AAC TTG TAC ACT TCA ATG CTA ACT CTA ACG TCT ATC ACC TTT GAC CGG CTT ATT GCT ATT ACT TTT GCA ACC AAA GCA CGT ATG TGT CAA ACC AAA CGA ATG ACA TGG GGC AAA TTA ATC TGT GTC TTG ATC TGG GTG ATC TCA CTA GCA TTT GCT GCA CCA CAG TTT ATT TTT AGT GAG GTG TTT AGT ATT GAT AAG ACA ATA TGC CAG GAA GAA TAC CCA AAC CAT CAC ACA GAA ATG GTT CTT GAA GTG ATC CAA GTG ACC CTT GGC TAT TTT ATT CCC ATG CTA GCC ATG ATC ATC TGC TAC TCA CTA ATT ATT AGA ACC TTA CTG CAT GCC AGG AGT TTT CAA AAG AAC AAA TCT CTA AAG AAA ATA TTT TCT GTA GTT GCC ATA TTT ATT CTT ACT CAG TCA CCC TAC ACT TTC TTG AGA CTG ATA AAG ATC ATA GAC TGG AGC TTT AAC CTG AAC AGC AGC TTT GAA TAT GCA ATC ATT ATA ACA GAA GCT CTT GCT TAT TTC CAC GGC TGT CTT AAT CCT GTT CTG TAT TTC TTC ATG GGG GTG AAA TTC AGG AGG AAC TTA CAG AAA ATT ATT AAA AAT TCA AGA TGC GTC AAA CGG CAA GTT ATG GTT AAA CAG TGG CAA ACC ACT GAA GAA GAA GGC TCT AAA ACT TTT ACT GCC TCC AAT AAT GCA GAT GCA ACA AGC ATG TAC CAG CTA 
Accipiter_gentilis              ATG GCA ACT ACA GAT ACT GCC AAC TTT TAT TAT AAC TTC TCC ATC ATT GAT GCC AAT GAA AAT GGA AGT GAG AAT TTT CAC ACA TTT ACA AGA GTC TTC CTG CCC TGT ATG TAT TCA GCT GTT TTC ATC CTT GGG CTA GCA GGA AAT GCA CTT GTT TTT GTC ATA CTA GCT TTC TAT GAG AAA CGG AAG ATG CTG ACA GAT ATA TTT TTG CTG AAC TTG GCT ATA GCT GAC TGG GTC TTC CTT TGG ACA CTG CCA TTC TGG GCA TAT TCT GCT GCT CAG GAG TGG ACT TTT GGC ACC ATG ACA TGT CGT ATT ATA CGA GGC TTG TAT ACT CTG AAC TTG TAC ACT TCA ATG CTA ACT CTA ACG TCT ATC ACC TTT GAC CGG CTT ATT GCT ATT ACT TTT GCG ACC AAA GCA CGT ATG TGT CAA ACC AAA CGA ATG ACA TGG GGC AAA TTA ATC TGT GTC TTG ATC TGG GTG ATC TCA CTA GCA TTT GCT GCA CCA CAG TTT ATT TTT AGT GAG GTG TTT AGT ATT GAT AAG ACA ATA TGC CAG GAA GAA TAC CCA AAC CAT CAC ACA GAA ATG GTT CTT GAA GTG ATC CAA GTG ACC CTT GGC TAT TTT ATT CCC ATG CTA GCC ATG ATC ATC TGC TAC TCA CTA ATT ATT AGA ACC TTA CTG CAT GCC AGG AGT TTT CAA AAG AAC AAA TCT CTA AAG AAA ATA TTT TCT GTA GTT GCC ATA TTT ATT CTT ACT CAG TCA CCC TAC ACT TTC TTG AGA CTG ATA AAG ATC ATA GAC TGG AGC TTT AAC CTG AAC AGC AGC TTT GAA TAT GCA ATC ATT ATA ACA GAA GCT CTT GCT TAT TTC CAT GGC TGT CTT AAT CCT GTT CTG TAT TTC TTC ATG GGG GTG AAA TTC AGG AGG AAC TTA CAG AAA ATT ATT AAA AAT TCA AGA TGT GTC AAA CGG CAA GTT ATG GCT AAA CAG TGG CAA ACC ACT GAA GAA GAA GGC TCT AAA ACT TTT ACT GCC TCA AAT AAT GCA GAT GCA ACA AGC ATG TAC CAG CTG 
Harpia_harpyja                  ATG GCA ACT ACA GAT GCT GCC AAC TTT TAT TAT AAC TTC TCC ATC ATT GAT CCC AAC GAA AAT GGA AGT GAG AAT TTT CAC ACA TTT ACA AGA GTC TTC CTG CCT TGT ATG TAT TCG GCT GTT TTC ATC CTT GGG CTA GCA GGA AAT GCA CTT GTC TTT GTC ATA CTA GCT TTC TAT GAG AAA CGG AAG ATG CTG ACA GAT ATA TTT TTG CTG AAC TTG GCT ATA GCT GAC TGG GTC TTC CTT TGG ACG CTG CCA TTC TGG GCA TAT TCT GCT GCT CAG GAG TGG ACT TTT GGC ACC GTG GCA TGT CGT ATT ATA CGA GGC TTG TAT ACT CTG AAC TTG TAC ACT TCA ATG CTA ACT CTA ACG TCT ATC ACC TTT GAC CGG TTT ATT GCT ATT ACT TTT GCA ACC AAA GCA CGT ATG TGT CAA ACC AAA CGA ATG ACA TGG GGC AAA TTA ATC TGT GTC TTG ATC TGG GTG ATC TCA CTA GCA TTT GCT GCA CCA CAG TTT ATT TTT AGT GAG GTG TTT AGT ATT GAT AAG ACA ATA TGC CAG GAA GAA TAC CCA AAC CAT CAC ACA GAA ATG GTT CTT GAA GTG ATC CAA GTG ACC CTT GGC TAT TTT ATT CCC ATG CTA GCC ATG ATC ATC TGC TAC TCA CTA ATT ATT AGA ACC TTA CTG CAT GCC AGG AGT TTT CAA AAG AAC AAA TCT CTA AAG AAA ATA TTT TCT GTA GTT GCC ATA TTT ATT CTT ACT CAG TCA CCC TAC ACT TTC TTG AGA CTG ATA AAG ATC ATA GAC TGG AGC TTT AAC CTG AAC AGC AGC TTT GAA TAT GCA ATC ATT ATA ACA GAA GCT CTT GCT TAT TTC CAC GGC TGT CTT AAT CCT GTT CTG TAT TTC TTC ATG GGG GTG AAA TTC AGG AGG AAC TTA CAG AAA ATT ATT AAA AAT TCA AGA TGC GTC AAA CGG CAA GTT ATG GCT AAA CAG TGG CAA ACC ACT GAA GAA GAA GGC TCT AAA ACT TTT ACT GCC TCA AAT AAT GCA GAT GCA ACA AGC ATG TAC CAG CTA 
Aquila_chrysaetos               ATG GCA ACT ACA GAT GCT GCC AAC TTT TAT TAT AAC TTC TCC ATC ATT GAT CCC AAC GAA AAT GGA AGT GAG AAT TTT CAC ACA TTT ACA AGA GTC TTC CTG CCC TGT ATG TAT TCG GCT GTT TTC ATC CTT GGG CTA GCA GGA AAT GCA CTT GTC TTT GTC ATA CTA GCT TTC TAT GAG AAA CAG AAG ATG CTA ACA GAT ATA TTT TTG CTG AAC TTG GCT ATA GCT GAC TGG GTC TTC CTT TGG ACG CTG CCA TTC TGG GCA TAT TCT GCT GCT CAG GAG TGG ACT TTT GGC ACC ATG GCA TGT CGT ATT ATA CGA GGC TTG TAT ACT CTG AAC TTT TAC ACT TCA ATG CTA ACT CTA ACA TCT ATC ACC TTT GAC CGG CTT ATT GCT ATT ACT TTT GCG ACC AAA GCA CGT ATG TGT CAA ACC AAA CGA ATG ACA TGG GGC AAA TTA ATC TGT GTC TTG ATC TGG GTG ATC TCA CTA GCA TTT GCT GCA CCA CAG TTT ATT TTT AGT GAG GTG TTT AGT ATT GAT AAG ACA ATA TGC CAG GAA GAA TAC CCA AAC CAT CAC ACA GAA ATG GTT CTT GAA GTG ATC CAA GTG ACC CTT GGC TAT TTT ATT CCC ATG CTA GCC ATG ATC ATC TGC TAC TCA CTA ATT ATT AGA ACC TTA CTG CAT GCC AGG AGT TTT CAA AAG AAC AAA TCT CTA AAG AAA ATA TTT TCT GTA GTT GCT ATA TTT ATT CTT ACT CAG TCA CCC TAC ACT TTC TTG AGA CTG ATA AAG ATC ATA GAC TGG AGC TTT AAC CTG AAC AGC AGC TTT GAA TAT GCA ATC ATT ATA ACA GAA GCT CTT GCT TAT TTC CAC GGC TGT CTT AAT CCT GTT CTG TAT TTC TTC ATG GGG GTG AAA TTC AGG AGG AAC TTA CAG AAA ATT ATT AAA AAT TCA AGA TGC GTC AAA CGG CAA ATT ATA GCT AAA CAG CGG CAA ACC ACT GAA GAA GAA GGC TCT AAA ACT TTT ACT GCC TCA AAT AAT GCA GAT GCA ACA AGC ATG TAC CAG CTA 



Printing out site pattern counts


         6        324  P

Gymnogyps_californianus         AAA AAA AAC AAC AAC AAG AAT ACA ACA ACC ACG ACG ACT AGA AGC AGG AGG AGT ATA ATA ATC ATC ATC ATG ATT CAA CAC CAC CAG CAT CAT CAT CCA CCC CCC CCC CCG CCT CCT CGA CGC CGG CGG CGG CGT CTA CTA CTC CTG CTG CTG CTG CTG CTG CTT GAA GAC GAG GAG GAT GCA GCA GCA GCC GCC GCC GCC GCG GCT GCT GCT GCT GCT GGA GGC GGG GTA GTA GTC GTC GTG GTG GTG GTT GTT GTT TAC TAT TAT TCA TCA TCA TCC TCG TCT TGC TGC TGG TGG TGT TGT TTA TTA TTC TTG TTG TTG TTT 
Haliaeetus_albicilla            ... ..G ... ... ..T ... ... ... ... ... ... .T. ... ... ... ... C.. ... ... GC. ... ..T G.. ... ... ... ..T ..T ... ..C ... .G. ... ... ... ... .A. ..A ... ... .A. ..A ... T.. ... ... ... ..T A.. .G. ..A ... ... ..T ... ... ... ..A ... ... A.. ... ... ..A ... ... ..T ..A A.. ..C ..C ... .T. ... ... ... A.. ... ... ... A.. ... ... .C. ... ... ... ..C ... C.. ... ..C ... ... ... ... ... ... ... ..C ... C.. ... ... C.. ... ... ... 
Haliaeetus_leucocephalus        ... ..G ... ... ..T ... ... ... ... ... ... .T. ... ... ... ... C.. ... ... GC. ... ..T G.. ... ... ... ..T ..T ... ..C ... .G. ... ... ... ... .A. ..A ... ... .A. ..A ... T.. ... ... ... ..T A.. .G. ..A ... ... ..T ... ... ... ..A ... ... A.. ... ... ..A ... ... ..T ..A A.. ..C ..C ... .T. ... ... ... A.. ... ... ... A.. ... ... .C. ... ... ... ..C ... C.. ... ..C ... ... ... ... ... ... ... ..C ... C.. ... ... C.. ... ... ... 
Accipiter_gentilis              ... ..G ... ..T ..T ... ... ... ... ... ... .T. ... ... ... ... C.. ... ... GC. ... ..T G.. ... ... ... ... ..T ... ... ... .G. ... ... ... G.. .A. ..A ... ... .A. ..A ... T.. ... ... ..G ..T A.. .G. ..A ... ... ..T ... ... ... ..A ... ... A.. A.. ... ..G ... ... ..T ..A A.. ..C ... ... ... ... ... ... A.. ... ... ..T A.. A.. ... .C. ... ... ... ..C ... C.. ... ... ... ..A ... ... ..T ... ... ..C ... C.. ... ... C.. ... ... ... 
Harpia_harpyja                  ... ..G ... ... ..T ... ... ... ..G ... ... .T. ... ... ... ... C.. ... ... GC. ... ..T G.. ... ... ... ... ..T ... ..C ... .G. ... ... ..T ... .A. ..A ... ... .A. ..A ... T.. ... ... ... T.T A.. .G. ..A ... ... ..T ... ... ... ..A ... ... A.. ... ... ..A ... ... ..T ..A ... ..C ... ... ... ... ... ... A.. ... ... ... A.. ... ... .C. ... ... ... ..C ... C.. ... ... ... ... ... ... ... ... ... ..C ... C.. ... ... C.. ... ... ... 
Aquila_chrysaetos               ... ..G ... ... ..T ... ... ... ..G ... ..A .TA ... ... ... ... C.. ... ... GC. ... ..T G.. ... ... ... ... ..T ... ..C ... .G. ... ... ... ... .A. ..A ... ... .A. ..A ... T.. ... ... ... ..T A.. .A. ..A ..A ... ..T ... ... ... ..A ... ... A.. ... ... ..G ... ..T ..T ..A ... ..C ... ... ... ... ... ... A.. ... ... ... A.. A.. ... .C. A.. ... ... ..C ... C.. ... ... ... ... ... ... ... C.. ... ..C ... C.. ... ... C.. ... ..T ... 

   12    1    9    1    3    4    4    8    1    7    1    1   11    4    4
    3    1    4    8    1   11    1    1    9   12    5    1    1    6    1
    1    1    1    2    1    1    1    1    1    1    1    1    1    1    1
    6    1    1    1    1    1    1    7    2    6    9    3    1    4    5
    1    1    8    1    3    1    1    1    1    1    1    7    1    2    6
    2    2    1    4    1    1    1    5    1    1    4    4    1   10    1
    5    1    1    1    5    1    1    1    6    1    5    1    3   11    1
    5    1   19

CODONML (in paml version 4.10.7, June 2023)  Accipitriformes.aln.faa
Model: several dN/dS ratios for branches, 
Codon frequency model: F1x4
ns =   6  ls = 345

Codon usage in sequences
--------------------------------------------------------------------------------------------------------------------------------------
Phe TTT  19  19  19  19  20  20 | Ser TCT   5   5   5   5   5   5 | Tyr TAT  11  10  10  10  10  10 | Cys TGT   6   5   5   6   5   5
    TTC  11  11  11  11  11  11 |     TCC   1   2   2   1   1   1 |     TAC   4   5   5   5   5   5 |     TGC   2   3   3   2   3   3
Leu TTA   4   3   3   3   3   3 |     TCA   7   5   5   7   6   6 | *** TAA   0   0   0   0   0   0 | *** TGA   0   0   0   0   0   0
    TTG   7   6   6   6   6   5 |     TCG   1   1   1   0   1   1 |     TAG   0   0   0   0   0   0 | Trp TGG   7   8   8   8   8   7
--------------------------------------------------------------------------------------------------------------------------------------
Leu CTT   6   9   9   9   8   9 | Pro CCT   2   1   1   1   2   1 | His CAT   3   3   3   3   2   2 | Arg CGT   1   2   2   2   2   2
    CTC   1   0   0   0   0   0 |     CCC   4   4   4   3   3   4 |     CAC   2   2   2   2   3   3 |     CGC   1   0   0   0   0   0
    CTA   7   9   9   8   9  10 |     CCA   1   3   3   3   3   3 | Gln CAA   5   5   5   5   5   5 |     CGA   1   2   2   2   2   2
    CTG  13   9   9  10   9   8 |     CCG   1   0   0   0   0   0 |     CAG   6   7   7   7   7   8 |     CGG   3   3   3   3   3   3
--------------------------------------------------------------------------------------------------------------------------------------
Ile ATT  12  13  13  13  13  14 | Thr ACT  11  12  12  12  11  11 | Asn AAT   4   7   7   8   7   7 | Ser AGT   4   4   4   4   4   4
    ATC  13  11  11  11  11  11 |     ACC   7   7   7   7   7   7 |     AAC  13  10  10   9  10  10 |     AGC   4   4   4   4   4   4
    ATA   9  10  10  10  10  11 |     ACA   9  10  10  11   9  10 | Lys AAA  13  12  12  12  12  12 | Arg AGA   4   4   4   4   4   4
Met ATG   9  12  12  13  12  12 |     ACG   2   1   1   1   2   1 |     AAG   4   5   5   5   5   5 |     AGG   4   3   3   3   3   3
--------------------------------------------------------------------------------------------------------------------------------------
Val GTT   6   6   6   6   5   4 | Ala GCT  11   9   9  11  12  13 | Asp GAT   5   5   5   5   5   5 | Gly GGT   0   0   0   0   0   0
    GTC   5   6   6   5   6   6 |     GCC   6   6   6   6   5   4 |     GAC   3   3   3   3   3   3 |     GGC   6   6   6   6   6   6
    GTA   3   1   1   1   1   1 |     GCA  10  12  12  10  12  11 | Glu GAA   9  10  10  10  10  10 |     GGA   2   2   2   2   2   2
    GTG   7   6   6   5   6   5 |     GCG   1   0   0   1   0   1 |     GAG   5   4   4   4   4   4 |     GGG   2   2   2   2   2   2
--------------------------------------------------------------------------------------------------------------------------------------

Codon position x base (3x4) table for each sequence.

#1: Gymnogyps_californianus
position  1:    T:0.24638    C:0.16522    A:0.35362    G:0.23478
position  2:    T:0.38261    C:0.22899    A:0.25217    G:0.13623
position  3:    T:0.30725    C:0.24058    A:0.24348    G:0.20870
Average         T:0.31208    C:0.21159    A:0.28309    G:0.19324

#2: Haliaeetus_albicilla
position  1:    T:0.24058    C:0.17101    A:0.36232    G:0.22609
position  2:    T:0.37971    C:0.22609    A:0.25507    G:0.13913
position  3:    T:0.31884    C:0.23188    A:0.25507    G:0.19420
Average         T:0.31304    C:0.20966    A:0.29082    G:0.18647

#3: Haliaeetus_leucocephalus
position  1:    T:0.24058    C:0.17101    A:0.36232    G:0.22609
position  2:    T:0.37971    C:0.22609    A:0.25507    G:0.13913
position  3:    T:0.31884    C:0.23188    A:0.25507    G:0.19420
Average         T:0.31304    C:0.20966    A:0.29082    G:0.18647

#4: Accipiter_gentilis
position  1:    T:0.24058    C:0.16812    A:0.36812    G:0.22319
position  2:    T:0.37681    C:0.22899    A:0.25507    G:0.13913
position  3:    T:0.33043    C:0.21739    A:0.25507    G:0.19710
Average         T:0.31594    C:0.20483    A:0.29275    G:0.18647

#5: Harpia_harpyja 
position  1:    T:0.24348    C:0.16812    A:0.35942    G:0.22899
position  2:    T:0.37681    C:0.22899    A:0.25507    G:0.13913
position  3:    T:0.32174    C:0.22609    A:0.25507    G:0.19710
Average         T:0.31401    C:0.20773    A:0.28986    G:0.18841

#6: Aquila_chrysaetos
position  1:    T:0.23768    C:0.17391    A:0.36522    G:0.22319
position  2:    T:0.37681    C:0.22899    A:0.25797    G:0.13623
position  3:    T:0.32464    C:0.22609    A:0.26087    G:0.18841
Average         T:0.31304    C:0.20966    A:0.29469    G:0.18261

Sums of codon usage counts
------------------------------------------------------------------------------
Phe F TTT     116 | Ser S TCT      30 | Tyr Y TAT      61 | Cys C TGT      32
      TTC      66 |       TCC       8 |       TAC      29 |       TGC      16
Leu L TTA      19 |       TCA      36 | *** * TAA       0 | *** * TGA       0
      TTG      36 |       TCG       5 |       TAG       0 | Trp W TGG      46
------------------------------------------------------------------------------
Leu L CTT      50 | Pro P CCT       8 | His H CAT      16 | Arg R CGT      11
      CTC       1 |       CCC      22 |       CAC      14 |       CGC       1
      CTA      52 |       CCA      16 | Gln Q CAA      30 |       CGA      11
      CTG      58 |       CCG       1 |       CAG      42 |       CGG      18
------------------------------------------------------------------------------
Ile I ATT      78 | Thr T ACT      69 | Asn N AAT      40 | Ser S AGT      24
      ATC      68 |       ACC      42 |       AAC      62 |       AGC      24
      ATA      60 |       ACA      59 | Lys K AAA      73 | Arg R AGA      24
Met M ATG      70 |       ACG       8 |       AAG      29 |       AGG      19
------------------------------------------------------------------------------
Val V GTT      33 | Ala A GCT      65 | Asp D GAT      30 | Gly G GGT       0
      GTC      34 |       GCC      33 |       GAC      18 |       GGC      36
      GTA       8 |       GCA      67 | Glu E GAA      59 |       GGA      12
      GTG      35 |       GCG       3 |       GAG      25 |       GGG      12
------------------------------------------------------------------------------


Codon position x base (3x4) table, overall

position  1:    T:0.24155    C:0.16957    A:0.36184    G:0.22705
position  2:    T:0.37874    C:0.22802    A:0.25507    G:0.13816
position  3:    T:0.32029    C:0.22899    A:0.25411    G:0.19662
Average         T:0.31353    C:0.20886    A:0.29034    G:0.18728

Codon frequencies under model, for use in evolver (TTT TTC TTA TTG ... GGG):
  0.03280482  0.02185303  0.03037858  0.01959528
  0.02185303  0.01455746  0.02023678  0.01305345
  0.03037858  0.02023678  0.00000000  0.00000000
  0.01959528  0.01305345  0.00000000  0.01170483
  0.02185303  0.01455746  0.02023678  0.01305345
  0.01455746  0.00969750  0.01348079  0.00869560
  0.02023678  0.01348079  0.01874007  0.01208802
  0.01305345  0.00869560  0.01208802  0.00779721
  0.03037858  0.02023678  0.02813178  0.01814601
  0.02023678  0.01348079  0.01874007  0.01208802
  0.02813178  0.01874007  0.02605115  0.01680393
  0.01814601  0.01208802  0.01680393  0.01083914
  0.01959528  0.01305345  0.01814601  0.01170483
  0.01305345  0.00869560  0.01208802  0.00779721
  0.01814601  0.01208802  0.01680393  0.01083914
  0.01170483  0.00779721  0.01083914  0.00699164



Nei & Gojobori 1986. dN/dS (dN, dS)
(Note: This matrix is not used in later ML. analysis.
Use runmode = -2 for ML pairwise comparison.)

Gymnogyps_californianus
Haliaeetus_albicilla 0.1949 (0.0229 0.1177)
Haliaeetus_leucocephalus 0.1949 (0.0229 0.1177)-1.0000 (0.0000 0.0000)
Accipiter_gentilis   0.2078 (0.0255 0.1229) 0.1152 (0.0050 0.0436) 0.1152 (0.0050 0.0436)
Harpia_harpyja       0.1916 (0.0216 0.1130) 0.1753 (0.0038 0.0215) 0.1753 (0.0038 0.0215) 0.1603 (0.0063 0.0392)
Aquila_chrysaetos    0.2089 (0.0262 0.1253) 0.2907 (0.0101 0.0347) 0.2907 (0.0101 0.0347) 0.2307 (0.0101 0.0437) 0.4096 (0.0088 0.0215)
TREE #  1:  ((5, 6), ((3, 2), 4), 1);   MP score: 66
lnL(ntime:  9  np: 12):  -1757.580101      +0.000000
   7..8     8..5     8..6     7..9     9..10   10..3    10..2     9..4     7..1  
 0.002724 0.006162 0.029200 0.003054 0.012034 0.000004 0.000004 0.029343 0.118529 7.995078 0.341779 0.191578

Note: Branch length is defined as number of nucleotide substitutions per codon (not per nucleotide site).

tree length =  0.201054

((5: 0.006162, 6: 0.029200): 0.002724, ((3: 0.000004, 2: 0.000004): 0.012034, 4: 0.029343): 0.003054, 1: 0.118529);

((Harpia_harpyja: 0.006162, Aquila_chrysaetos: 0.029200): 0.002724, ((Haliaeetus_leucocephalus: 0.000004, Haliaeetus_albicilla: 0.000004): 0.012034, Accipiter_gentilis: 0.029343): 0.003054, Gymnogyps_californianus: 0.118529);

Detailed output identifying parameters

kappa (ts/tv) =  7.99508

w (dN/dS) for branches:  0.34178 0.19158

dN & dS for each branch

 branch          t       N       S   dN/dS      dN      dS  N*dN  S*dS

   7..8      0.003   711.2   323.8  0.3418  0.0006  0.0017   0.4   0.5
   8..5      0.006   711.2   323.8  0.3418  0.0013  0.0038   0.9   1.2
   8..6      0.029   711.2   323.8  0.3418  0.0061  0.0178   4.3   5.8
   7..9      0.003   711.2   323.8  0.3418  0.0006  0.0019   0.5   0.6
   9..10     0.012   711.2   323.8  0.3418  0.0025  0.0073   1.8   2.4
  10..3      0.000   711.2   323.8  0.3418  0.0000  0.0000   0.0   0.0
  10..2      0.000   711.2   323.8  0.3418  0.0000  0.0000   0.0   0.0
   9..4      0.029   711.2   323.8  0.1916  0.0042  0.0220   3.0   7.1
   7..1      0.119   711.2   323.8  0.3418  0.0247  0.0721  17.5  23.4

tree length for dN:       0.0399
tree length for dS:       0.1265

dS tree:
((Harpia_harpyja: 0.003750, Aquila_chrysaetos: 0.017771): 0.001658, ((Haliaeetus_leucocephalus: 0.000002, Haliaeetus_albicilla: 0.000002): 0.007324, Accipiter_gentilis: 0.022005): 0.001859, Gymnogyps_californianus: 0.072137);
dN tree:
((Harpia_harpyja: 0.001282, Aquila_chrysaetos: 0.006074): 0.000567, ((Haliaeetus_leucocephalus: 0.000001, Haliaeetus_albicilla: 0.000001): 0.002503, Accipiter_gentilis: 0.004216): 0.000635, Gymnogyps_californianus: 0.024655);

w ratios as node labels:
((Harpia_harpyja #0.341779 , Aquila_chrysaetos #0.341779 ) #0.341779 , ((Haliaeetus_leucocephalus #0.341779 , Haliaeetus_albicilla #0.341779 ) #0.341779 , Accipiter_gentilis #0.191578 ) #0.341779 , Gymnogyps_californianus #0.341779 );

