
Loaded 'libv3/all-terms.bf' from /usr/local/lib/hyphy/TemplateBatchFiles/libv3/all-terms.bf
Loaded 'libv3/UtilityFunctions.bf' from /usr/local/lib/hyphy/TemplateBatchFiles/libv3/UtilityFunctions.bf
Loaded 'IOFunctions.bf' from /usr/local/lib/hyphy/TemplateBatchFiles/libv3/IOFunctions.bf
Already loaded 'libv3/UtilityFunctions.bf' from /usr/local/lib/hyphy/TemplateBatchFiles/libv3/UtilityFunctions.bf
Loaded 'convenience/regexp.bf' from /usr/local/lib/hyphy/TemplateBatchFiles/libv3/convenience/regexp.bf
Already loaded 'libv3/all-terms.bf' from /usr/local/lib/hyphy/TemplateBatchFiles/libv3/all-terms.bf
Already loaded 'libv3/IOFunctions.bf' from /usr/local/lib/hyphy/TemplateBatchFiles/libv3/IOFunctions.bf
Loaded 'libv3/tasks/estimators.bf' from /usr/local/lib/hyphy/TemplateBatchFiles/libv3/tasks/estimators.bf
Loaded '../models/model_functions.bf' from /usr/local/lib/hyphy/TemplateBatchFiles/libv3/models/model_functions.bf
Loaded 'DNA.bf' from /usr/local/lib/hyphy/TemplateBatchFiles/libv3/models/DNA.bf
Loaded 'frequencies.bf' from /usr/local/lib/hyphy/TemplateBatchFiles/libv3/models/frequencies.bf
Already loaded '../all-terms.bf' from /usr/local/lib/hyphy/TemplateBatchFiles/libv3/all-terms.bf
Loaded 'parameters.bf' from /usr/local/lib/hyphy/TemplateBatchFiles/libv3/models/parameters.bf
Loaded 'GrabBag' from /usr/local/lib/hyphy/TemplateBatchFiles/Utility/GrabBag.bf
Overwritten previously defined function:'_sortStringsAux'
Already loaded 'libv3/all-terms.bf' from /usr/local/lib/hyphy/TemplateBatchFiles/libv3/all-terms.bf
Already loaded '../UtilityFunctions.bf' from /usr/local/lib/hyphy/TemplateBatchFiles/libv3/UtilityFunctions.bf
Already loaded 'model_functions.bf' from /usr/local/lib/hyphy/TemplateBatchFiles/libv3/models/model_functions.bf
Already loaded 'libv3/all-terms.bf' from /usr/local/lib/hyphy/TemplateBatchFiles/libv3/all-terms.bf
Already loaded 'parameters.bf' from /usr/local/lib/hyphy/TemplateBatchFiles/libv3/models/parameters.bf
Already loaded 'frequencies.bf' from /usr/local/lib/hyphy/TemplateBatchFiles/libv3/models/frequencies.bf
Already loaded '../UtilityFunctions.bf' from /usr/local/lib/hyphy/TemplateBatchFiles/libv3/UtilityFunctions.bf
Already loaded '../convenience/regexp.bf' from /usr/local/lib/hyphy/TemplateBatchFiles/libv3/convenience/regexp.bf
Loaded '../models/DNA/GTR.bf' from /usr/local/lib/hyphy/TemplateBatchFiles/libv3/models/DNA/GTR.bf
Already loaded '../DNA.bf' from /usr/local/lib/hyphy/TemplateBatchFiles/libv3/models/DNA.bf
Already loaded '../parameters.bf' from /usr/local/lib/hyphy/TemplateBatchFiles/libv3/models/parameters.bf
Already loaded '../frequencies.bf' from /usr/local/lib/hyphy/TemplateBatchFiles/libv3/models/frequencies.bf
Already loaded '../../UtilityFunctions.bf' from /usr/local/lib/hyphy/TemplateBatchFiles/libv3/UtilityFunctions.bf
Already loaded 'libv3/all-terms.bf' from /usr/local/lib/hyphy/TemplateBatchFiles/libv3/all-terms.bf
Already loaded '../convenience/regexp.bf' from /usr/local/lib/hyphy/TemplateBatchFiles/libv3/convenience/regexp.bf
Already loaded 'libv3/all-terms.bf' from /usr/local/lib/hyphy/TemplateBatchFiles/libv3/all-terms.bf
Loaded 'libv3/tasks/alignments.bf' from /usr/local/lib/hyphy/TemplateBatchFiles/libv3/tasks/alignments.bf
Already loaded '../IOFunctions.bf' from /usr/local/lib/hyphy/TemplateBatchFiles/libv3/IOFunctions.bf
Already loaded '../all-terms.bf' from /usr/local/lib/hyphy/TemplateBatchFiles/libv3/all-terms.bf
Loaded 'libv3/models/codon.bf' from /usr/local/lib/hyphy/TemplateBatchFiles/libv3/models/codon.bf
Loaded '../tasks/genetic_code.bf' from /usr/local/lib/hyphy/TemplateBatchFiles/libv3/tasks/genetic_code.bf
Loaded 'libv3/convenience/matrix.bf' from /usr/local/lib/hyphy/TemplateBatchFiles/libv3/convenience/matrix.bf
Already loaded 'libv3/UtilityFunctions.bf' from /usr/local/lib/hyphy/TemplateBatchFiles/libv3/UtilityFunctions.bf
Already loaded 'libv3/all-terms.bf' from /usr/local/lib/hyphy/TemplateBatchFiles/libv3/all-terms.bf
Already loaded '../UtilityFunctions.bf' from /usr/local/lib/hyphy/TemplateBatchFiles/libv3/UtilityFunctions.bf
Loaded 'libv3/tasks/trees.bf' from /usr/local/lib/hyphy/TemplateBatchFiles/libv3/tasks/trees.bf
Already loaded '../IOFunctions.bf' from /usr/local/lib/hyphy/TemplateBatchFiles/libv3/IOFunctions.bf
Already loaded '../all-terms.bf' from /usr/local/lib/hyphy/TemplateBatchFiles/libv3/all-terms.bf
Already loaded '../convenience/regexp.bf' from /usr/local/lib/hyphy/TemplateBatchFiles/libv3/convenience/regexp.bf
Already loaded '../UtilityFunctions.bf' from /usr/local/lib/hyphy/TemplateBatchFiles/libv3/UtilityFunctions.bf
Loaded 'TreeTools' from /usr/local/lib/hyphy/TemplateBatchFiles/TreeTools.ibf
Already loaded 'libv3/tasks/genetic_code.bf' from /usr/local/lib/hyphy/TemplateBatchFiles/libv3/tasks/genetic_code.bf
Loaded 'modules/io_functions.ibf' from /usr/local/lib/hyphy/TemplateBatchFiles/SelectionAnalyses/modules/io_functions.ibf
Already loaded 'libv3/UtilityFunctions.bf' from /usr/local/lib/hyphy/TemplateBatchFiles/libv3/UtilityFunctions.bf
Already loaded 'libv3/IOFunctions.bf' from /usr/local/lib/hyphy/TemplateBatchFiles/libv3/IOFunctions.bf
Already loaded 'libv3/convenience/regexp.bf' from /usr/local/lib/hyphy/TemplateBatchFiles/libv3/convenience/regexp.bf
Already loaded 'libv3/all-terms.bf' from /usr/local/lib/hyphy/TemplateBatchFiles/libv3/all-terms.bf
Loaded 'modules/selection_lib.ibf' from /usr/local/lib/hyphy/TemplateBatchFiles/SelectionAnalyses/modules/selection_lib.ibf
Loaded 'libv3/models/codon/BS_REL.bf' from /usr/local/lib/hyphy/TemplateBatchFiles/libv3/models/codon/BS_REL.bf
Already loaded '../codon.bf' from /usr/local/lib/hyphy/TemplateBatchFiles/libv3/models/codon.bf
Already loaded '../DNA.bf' from /usr/local/lib/hyphy/TemplateBatchFiles/libv3/models/DNA.bf
Already loaded '../parameters.bf' from /usr/local/lib/hyphy/TemplateBatchFiles/libv3/models/parameters.bf
Already loaded '../frequencies.bf' from /usr/local/lib/hyphy/TemplateBatchFiles/libv3/models/frequencies.bf
Already loaded '../../UtilityFunctions.bf' from /usr/local/lib/hyphy/TemplateBatchFiles/libv3/UtilityFunctions.bf
Loaded 'MG_REV.bf' from /usr/local/lib/hyphy/TemplateBatchFiles/libv3/models/codon/MG_REV.bf
Already loaded '../codon.bf' from /usr/local/lib/hyphy/TemplateBatchFiles/libv3/models/codon.bf
Already loaded '../DNA.bf' from /usr/local/lib/hyphy/TemplateBatchFiles/libv3/models/DNA.bf
Already loaded '../parameters.bf' from /usr/local/lib/hyphy/TemplateBatchFiles/libv3/models/parameters.bf
Already loaded '../frequencies.bf' from /usr/local/lib/hyphy/TemplateBatchFiles/libv3/models/frequencies.bf
Already loaded '../../UtilityFunctions.bf' from /usr/local/lib/hyphy/TemplateBatchFiles/libv3/UtilityFunctions.bf
Loaded '../../convenience/math.bf' from /usr/local/lib/hyphy/TemplateBatchFiles/libv3/convenience/math.bf
Already loaded 'libv3/UtilityFunctions.bf' from /usr/local/lib/hyphy/TemplateBatchFiles/libv3/UtilityFunctions.bf
Already loaded 'libv3/convenience/math.bf' from /usr/local/lib/hyphy/TemplateBatchFiles/libv3/convenience/math.bf
Variable 'NORMALIZE_SEQUENCE_NAMES' was not initialized prior to being used
Loaded 'modules/shared-load-file.bf' from /usr/local/lib/hyphy/TemplateBatchFiles/SelectionAnalyses/modules/shared-load-file.bf
Variable 'MARKDOWN_OUTPUT' was not initialized prior to being used
Already loaded 'libv3/convenience/matrix.bf' from /usr/local/lib/hyphy/TemplateBatchFiles/libv3/convenience/matrix.bf
Already loaded 'libv3/UtilityFunctions.bf' from /usr/local/lib/hyphy/TemplateBatchFiles/libv3/UtilityFunctions.bf
Variable 'DSlnXerc.skipCodeSelectionStep' was not initialized prior to being used
Row and/or column partition is empty. All the data will be used by default.
Variable 'NEXUS_FILE_TREE_MATRIX' was not initialized prior to being used
Variable 'utility.ToggleEnvVariable.cache' was not initialized prior to being used
Variable 'TREE_NODE_NAME_MAPPING' was not initialized prior to being used
Variable 'JGxRixWT.PROMPT_FOR_FILE' was not initialized prior to being used
Variable 'END_OF_FILE' was not initialized prior to being used
Variable '_DO_TREE_REBALANCE_' was not initialized prior to being used
Variable '_KEEP_I_LABELS_' was not initialized prior to being used
Variable 'INCLUDE_MODEL_SPECS' was not initialized prior to being used
Variable 'utility.ForEachPair.warn_non_rentrant' was not initialized prior to being used
Row and/or column partition is empty. All the data will be used by default.
Row and/or column partition is empty. All the data will be used by default.
Variable 'pMLKHqas.cache' was not initialized prior to being used
Row and/or column partition is empty. All the data will be used by default.
Variable 'COUNT_GAPS_IN_FREQUENCIES' was not initialized prior to being used
Variable 'bNDQIgvg.model_pi' was not initialized prior to being used
Model bNDQIgvg.model assigned to Leptosomus_discolor
Model bNDQIgvg.model assigned to Colius_striatus
Model bNDQIgvg.model assigned to Node2
Model bNDQIgvg.model assigned to Tyto_alba
Model bNDQIgvg.model assigned to Node1
Model bNDQIgvg.model assigned to Haliaeetus_leucocephalus
Model bNDQIgvg.model assigned to Aquila_chrysaetos
Model bNDQIgvg.model assigned to Node6
Model bNDQIgvg.model assigned to Oriolus_oriolus
Model bNDQIgvg.model assigned to Falco_peregrinus
Model bNDQIgvg.model assigned to Falco_tinnunculus
Model bNDQIgvg.model assigned to Node11
Model bNDQIgvg.model assigned to Node9
The tips of the tree:bNDQIgvg.tree_0 were matched with the species names from the data in the following numeric order (0-based) {4,5,3,2,1,0,6,7}

Pseudo-optimal path's cost 990 vs 1700 for 1..k=> a 1.71717 x improvement
Partition 0 reversible model flag computed as 1
Variable 'USE_LAST_RESULTS' was not initialized prior to being used
Variable 'bNDQIgvg.tree_0.Leptosomus_discolor.t' was not initialized prior to being used
models.generic.SetBranchLength: bNDQIgvg.tree_0.Leptosomus_discolor.t=180.0930281867455
Variable 'bNDQIgvg.tree_0.Colius_striatus.t' was not initialized prior to being used
models.generic.SetBranchLength: bNDQIgvg.tree_0.Colius_striatus.t=180.0930281867455
Variable 'bNDQIgvg.tree_0.Node2.t' was not initialized prior to being used
models.generic.SetBranchLength: bNDQIgvg.tree_0.Node2.t=7.0209544986507
Variable 'bNDQIgvg.tree_0.Tyto_alba.t' was not initialized prior to being used
models.generic.SetBranchLength: bNDQIgvg.tree_0.Tyto_alba.t=184.8495235539844
Variable 'bNDQIgvg.tree_0.Node1.t' was not initialized prior to being used
models.generic.SetBranchLength: bNDQIgvg.tree_0.Node1.t=5.292964195200443
Variable 'bNDQIgvg.tree_0.Haliaeetus_leucocephalus.t' was not initialized prior to being used
models.generic.SetBranchLength: bNDQIgvg.tree_0.Haliaeetus_leucocephalus.t=77.77945513467256
Variable 'bNDQIgvg.tree_0.Aquila_chrysaetos.t' was not initialized prior to being used
models.generic.SetBranchLength: bNDQIgvg.tree_0.Aquila_chrysaetos.t=77.77945513467256
Variable 'bNDQIgvg.tree_0.Node6.t' was not initialized prior to being used
models.generic.SetBranchLength: bNDQIgvg.tree_0.Node6.t=114.627491745924
Variable 'bNDQIgvg.tree_0.Oriolus_oriolus.t' was not initialized prior to being used
models.generic.SetBranchLength: bNDQIgvg.tree_0.Oriolus_oriolus.t=180.4622501115822
Variable 'bNDQIgvg.tree_0.Falco_peregrinus.t' was not initialized prior to being used
models.generic.SetBranchLength: bNDQIgvg.tree_0.Falco_peregrinus.t=19.0192052506948
Variable 'bNDQIgvg.tree_0.Falco_tinnunculus.t' was not initialized prior to being used
models.generic.SetBranchLength: bNDQIgvg.tree_0.Falco_tinnunculus.t=19.0192052506948
Variable 'bNDQIgvg.tree_0.Node11.t' was not initialized prior to being used
models.generic.SetBranchLength: bNDQIgvg.tree_0.Node11.t=161.4430448608874
Variable 'bNDQIgvg.tree_0.Node9.t' was not initialized prior to being used
models.generic.SetBranchLength: bNDQIgvg.tree_0.Node9.t=11.94469676901443
Variable 'bNDQIgvg.bNDQIgvg.likelihoodFunction' was not initialized prior to being used
Variable 'SAVE_OPT_STATUS_TO' was not initialized prior to being used
Auto-benchmarked an optimal number (1) of threads.
Set GUI update interval to every 3546-th LF evaluation.
Optimization settings:
	OPTIMIZATION_METHOD = 4
	OPTIMIZATION_PRECISION = 0.001
	MAXIMUM_ITERATIONS_PER_VARIABLE = 5000

Initial parameter values

bNDQIgvg.model.theta_GT = 0.25
bNDQIgvg.model.theta_CT = 1
bNDQIgvg.model.theta_AC = 0.25
bNDQIgvg.model.theta_CG = 0.25
bNDQIgvg.model.theta_AT = 0.25
bNDQIgvg.tree_0.Leptosomus_discolor.t = 180.093
bNDQIgvg.tree_0.Colius_striatus.t = 180.093
bNDQIgvg.tree_0.Node2.t = 7.02095
bNDQIgvg.tree_0.Tyto_alba.t = 184.85
bNDQIgvg.tree_0.Node1.t = 5.29296
bNDQIgvg.tree_0.Haliaeetus_leucocephalus.t = 77.7795
bNDQIgvg.tree_0.Aquila_chrysaetos.t = 77.7795
bNDQIgvg.tree_0.Node6.t = 114.627
bNDQIgvg.tree_0.Oriolus_oriolus.t = 180.462
bNDQIgvg.tree_0.Falco_peregrinus.t = 19.0192
bNDQIgvg.tree_0.Falco_tinnunculus.t = 19.0192
bNDQIgvg.tree_0.Node11.t = 161.443
bNDQIgvg.tree_0.Node9.t = 11.9447
Optimization finished in 26 loop passes.
1578 likelihood evaluation calls and 9305 matrix exponentiations calls were made

Variable 'BRANCH_LENGTH_STENCIL' was not initialized prior to being used
Variable 'bNDQIgvg.option' was not initialized prior to being used
Variable 'busted.terms.json.nucleotide_gtr' was not initialized prior to being used
Variable 'Unknown' was not initialized prior to being used
Variable 'noFhETOI.initial_value' was not initialized prior to being used
Variable 'PhIPnwnG.data_filter' was not initialized prior to being used
Row and/or column partition is empty. All the data will be used by default.
Auto-benchmarked an optimal number (6) of threads.
Set GUI update interval to every 2941-th LF evaluation.
Optimization settings:
	OPTIMIZATION_METHOD = 4
	OPTIMIZATION_PRECISION = 0.001
	MAXIMUM_ITERATIONS_PER_VARIABLE = 5000

Initial parameter values

frequencies._aux.CF3x4.p0_0 = 0.349375
frequencies._aux.CF3x4.p0_1 = 0.258131
frequencies._aux.CF3x4.p0_2 = 0.490751
frequencies._aux.CF3x4.p1_0 = 0.254375
frequencies._aux.CF3x4.p1_1 = 0.30667
frequencies._aux.CF3x4.p1_2 = 0.269603
frequencies._aux.CF3x4.p2_0 = 0.253304
frequencies._aux.CF3x4.p2_1 = 0.317709
frequencies._aux.CF3x4.p2_2 = 0.395549
Optimization finished in 4 loop passes.
169 likelihood evaluation calls and 0 matrix exponentiations calls were made

Variable 'PhIPnwnG.model_MGREV_pi' was not initialized prior to being used
Model PhIPnwnG.model_MGREV assigned to Leptosomus_discolor
Model PhIPnwnG.model_MGREV assigned to Colius_striatus
Model PhIPnwnG.model_MGREV assigned to Node2
Model PhIPnwnG.model_MGREV assigned to Tyto_alba
Model PhIPnwnG.model_MGREV assigned to Node1
Model PhIPnwnG.model_MGREV assigned to Haliaeetus_leucocephalus
Model PhIPnwnG.model_MGREV assigned to Aquila_chrysaetos
Model PhIPnwnG.model_MGREV assigned to Node6
Model PhIPnwnG.model_MGREV assigned to Oriolus_oriolus
Model PhIPnwnG.model_MGREV assigned to Falco_peregrinus
Model PhIPnwnG.model_MGREV assigned to Falco_tinnunculus
Model PhIPnwnG.model_MGREV assigned to Node11
Model PhIPnwnG.model_MGREV assigned to Node9
The tips of the tree:PhIPnwnG.tree_0 were matched with the species names from the data in the following numeric order (0-based) {4,5,3,2,1,0,6,7}

Pseudo-optimal path's cost 2279 vs 3229 for 1..k=> a 1.41685 x improvement
Partition 0 reversible model flag computed as 1
Variable 'PhIPnwnG.PhIPnwnG.likelihoodFunction' was not initialized prior to being used
Variable 'PhIPnwnG.tree_0.Leptosomus_discolor.alpha' was not initialized prior to being used
Variable 'PhIPnwnG.tree_0.Colius_striatus.alpha' was not initialized prior to being used
Variable 'PhIPnwnG.tree_0.Node2.alpha' was not initialized prior to being used
Variable 'PhIPnwnG.tree_0.Tyto_alba.alpha' was not initialized prior to being used
Variable 'PhIPnwnG.tree_0.Node1.alpha' was not initialized prior to being used
Variable 'PhIPnwnG.tree_0.Haliaeetus_leucocephalus.alpha' was not initialized prior to being used
Variable 'PhIPnwnG.tree_0.Aquila_chrysaetos.alpha' was not initialized prior to being used
Variable 'PhIPnwnG.tree_0.Node6.alpha' was not initialized prior to being used
Variable 'PhIPnwnG.tree_0.Oriolus_oriolus.alpha' was not initialized prior to being used
Variable 'PhIPnwnG.tree_0.Falco_peregrinus.alpha' was not initialized prior to being used
Variable 'PhIPnwnG.tree_0.Falco_tinnunculus.alpha' was not initialized prior to being used
Variable 'PhIPnwnG.tree_0.Node11.alpha' was not initialized prior to being used
Variable 'PhIPnwnG.tree_0.Node9.alpha' was not initialized prior to being used
Site 14 evaluated to a 0 probability in ComputeTreeBlockByBranch
Site 14 evaluated to a 0 probability in ComputeTreeBlockByBranch
Site 83 evaluated to a 0 probability in ComputeTreeBlockByBranch
Auto-benchmarked an optimal number (1) of threads.
Set GUI update interval to every 70-th LF evaluation.
Initial guess for PhIPnwnG.tree_0.Node2.alpha is -5.43872e-07
Initial guess for PhIPnwnG.tree_0.Leptosomus_discolor.alpha is 2.11379e-05
Initial guess for PhIPnwnG.tree_0.Colius_striatus.alpha is 5.32445e-05
Initial guess for PhIPnwnG.tree_0.Tyto_alba.alpha is 1.83302e-05
Initial guess for PhIPnwnG.tree_0.Node6.alpha is -2.30569e-06
Initial guess for PhIPnwnG.tree_0.Haliaeetus_leucocephalus.alpha is 4.7192e-06
Initial guess for PhIPnwnG.tree_0.Aquila_chrysaetos.alpha is 4.95592e-06
Initial guess for PhIPnwnG.tree_0.Node9.alpha is 1.31044e-05
Initial guess for PhIPnwnG.tree_0.Oriolus_oriolus.alpha is 7.97627e-05
Initial guess for PhIPnwnG.tree_0.Node11.alpha is 1.14325e-06
Initial guess for PhIPnwnG.tree_0.Falco_peregrinus.alpha is 2.87233e-06
Initial guess for PhIPnwnG.tree_0.Falco_tinnunculus.alpha is 1.96521e-06
Optimization settings:
	OPTIMIZATION_METHOD = 4
	OPTIMIZATION_PRECISION = 0.001
	MAXIMUM_ITERATIONS_PER_VARIABLE = 5000

Initial parameter values

PhIPnwnG.model_MGREV.theta_GT = 1
PhIPnwnG.model_MGREV.theta_CT = 1
PhIPnwnG.model_MGREV.theta_CG = 1
PhIPnwnG.model_MGREV.theta_AC = 1
PhIPnwnG.model_MGREV.theta_AT = 1
PhIPnwnG.model_MGREV.omega_0 = 1
PhIPnwnG.tree_0.Leptosomus_discolor.alpha = 2.11379e-05
PhIPnwnG.tree_0.Colius_striatus.alpha = 5.32445e-05
PhIPnwnG.tree_0.Node2.alpha = 0
PhIPnwnG.tree_0.Tyto_alba.alpha = 1.83302e-05
PhIPnwnG.tree_0.Node1.alpha = 0.1
PhIPnwnG.tree_0.Haliaeetus_leucocephalus.alpha = 4.7192e-06
PhIPnwnG.tree_0.Aquila_chrysaetos.alpha = 4.95592e-06
PhIPnwnG.tree_0.Node6.alpha = 0
PhIPnwnG.tree_0.Oriolus_oriolus.alpha = 7.97627e-05
PhIPnwnG.tree_0.Falco_peregrinus.alpha = 2.87233e-06
PhIPnwnG.tree_0.Falco_tinnunculus.alpha = 1.96521e-06
PhIPnwnG.tree_0.Node11.alpha = 1.14325e-06
PhIPnwnG.tree_0.Node9.alpha = 1.31044e-05
PhIPnwnG.model_MGREV.omega_1 = 1
Failing bound checks on PhIPnwnG.tree_0.Node6.beta =         10000.31219991522
Optimization finished in 25 loop passes.
1933 likelihood evaluation calls and 11133 matrix exponentiations calls were made

Row and/or column partition is empty. All the data will be used by default.
Auto-benchmarked an optimal number (3) of threads.
Set GUI update interval to every 3086-th LF evaluation.
Optimization settings:
	OPTIMIZATION_METHOD = 4
	OPTIMIZATION_PRECISION = 0.001
	MAXIMUM_ITERATIONS_PER_VARIABLE = 5000

Initial parameter values

frequencies._aux.CF3x4.p0_0 = 0.349375
frequencies._aux.CF3x4.p0_1 = 0.258131
frequencies._aux.CF3x4.p0_2 = 0.490751
frequencies._aux.CF3x4.p1_0 = 0.254375
frequencies._aux.CF3x4.p1_1 = 0.30667
frequencies._aux.CF3x4.p1_2 = 0.269603
frequencies._aux.CF3x4.p2_0 = 0.253304
frequencies._aux.CF3x4.p2_1 = 0.317709
frequencies._aux.CF3x4.p2_2 = 0.395549
Optimization finished in 4 loop passes.
166 likelihood evaluation calls and 0 matrix exponentiations calls were made

Variable 'PhIPnwnG.model_MGREV_pi' was not initialized prior to being used
Model PhIPnwnG.model_MGREV assigned to Leptosomus_discolor
Model PhIPnwnG.model_MGREV assigned to Colius_striatus
Model PhIPnwnG.model_MGREV assigned to Node2
Model PhIPnwnG.model_MGREV assigned to Tyto_alba
Model PhIPnwnG.model_MGREV assigned to Node1
Model PhIPnwnG.model_MGREV assigned to Haliaeetus_leucocephalus
Model PhIPnwnG.model_MGREV assigned to Aquila_chrysaetos
Model PhIPnwnG.model_MGREV assigned to Node6
Model PhIPnwnG.model_MGREV assigned to Oriolus_oriolus
Model PhIPnwnG.model_MGREV assigned to Falco_peregrinus
Model PhIPnwnG.model_MGREV assigned to Falco_tinnunculus
Model PhIPnwnG.model_MGREV assigned to Node11
Model PhIPnwnG.model_MGREV assigned to Node9
The tips of the tree:PhIPnwnG.tree_0 were matched with the species names from the data in the following numeric order (0-based) {4,5,3,2,1,0,6,7}

Pseudo-optimal path's cost 2279 vs 3229 for 1..k=> a 1.41685 x improvement
Partition 0 reversible model flag computed as 1
Variable 'PhIPnwnG.tree_0.Falco_tinnunculus.alpha' was not initialized prior to being used
Variable 'PhIPnwnG.tree_0.Falco_peregrinus.alpha' was not initialized prior to being used
Variable 'PhIPnwnG.tree_0.Node11.alpha' was not initialized prior to being used
Variable 'PhIPnwnG.tree_0.Oriolus_oriolus.alpha' was not initialized prior to being used
Variable 'PhIPnwnG.tree_0.Colius_striatus.alpha' was not initialized prior to being used
Variable 'PhIPnwnG.tree_0.Node6.alpha' was not initialized prior to being used
Variable 'PhIPnwnG.tree_0.Aquila_chrysaetos.alpha' was not initialized prior to being used
Variable 'PhIPnwnG.tree_0.Haliaeetus_leucocephalus.alpha' was not initialized prior to being used
Variable 'PhIPnwnG.tree_0.Node1.alpha' was not initialized prior to being used
Variable 'PhIPnwnG.tree_0.Leptosomus_discolor.alpha' was not initialized prior to being used
Variable 'PhIPnwnG.tree_0.Tyto_alba.alpha' was not initialized prior to being used
Variable 'PhIPnwnG.tree_0.Node2.alpha' was not initialized prior to being used
Variable 'PhIPnwnG.tree_0.Node9.alpha' was not initialized prior to being used
Site 14 evaluated to a 0 probability in ComputeTreeBlockByBranch
Site 83 evaluated to a 0 probability in ComputeTreeBlockByBranch
Site 14 evaluated to a 0 probability in ComputeTreeBlockByBranch
Auto-benchmarked an optimal number (1) of threads.
Set GUI update interval to every 106-th LF evaluation.
Initial guess for PhIPnwnG.tree_0.Node2.alpha is -5.43872e-07
Initial guess for PhIPnwnG.tree_0.Leptosomus_discolor.alpha is 2.11379e-05
Initial guess for PhIPnwnG.tree_0.Colius_striatus.alpha is 5.32445e-05
Initial guess for PhIPnwnG.tree_0.Tyto_alba.alpha is 1.83302e-05
Initial guess for PhIPnwnG.tree_0.Node6.alpha is -2.30569e-06
Initial guess for PhIPnwnG.tree_0.Haliaeetus_leucocephalus.alpha is 4.7192e-06
Initial guess for PhIPnwnG.tree_0.Aquila_chrysaetos.alpha is 4.95592e-06
Initial guess for PhIPnwnG.tree_0.Node9.alpha is 1.31044e-05
Initial guess for PhIPnwnG.tree_0.Oriolus_oriolus.alpha is 7.97627e-05
Initial guess for PhIPnwnG.tree_0.Node11.alpha is 1.14325e-06
Initial guess for PhIPnwnG.tree_0.Falco_peregrinus.alpha is 2.87233e-06
Initial guess for PhIPnwnG.tree_0.Falco_tinnunculus.alpha is 1.96521e-06
Optimization settings:
	OPTIMIZATION_METHOD = 4
	OPTIMIZATION_PRECISION = 0.001
	MAXIMUM_ITERATIONS_PER_VARIABLE = 5000

Initial parameter values

PhIPnwnG.model_MGREV.theta_CG = 1
PhIPnwnG.model_MGREV.theta_CT = 1
PhIPnwnG.model_MGREV.theta_AT = 1
PhIPnwnG.model_MGREV.theta_AC = 1
PhIPnwnG.model_MGREV.theta_GT = 1
PhIPnwnG.model_MGREV.omega_0 = 1
PhIPnwnG.tree_0.Leptosomus_discolor.alpha = 2.11379e-05
PhIPnwnG.tree_0.Colius_striatus.alpha = 5.32445e-05
PhIPnwnG.tree_0.Node2.alpha = 0
PhIPnwnG.tree_0.Tyto_alba.alpha = 1.83302e-05
PhIPnwnG.tree_0.Node1.alpha = 0.1
PhIPnwnG.tree_0.Haliaeetus_leucocephalus.alpha = 4.7192e-06
PhIPnwnG.tree_0.Aquila_chrysaetos.alpha = 4.95592e-06
PhIPnwnG.tree_0.Node6.alpha = 0
PhIPnwnG.tree_0.Oriolus_oriolus.alpha = 7.97627e-05
PhIPnwnG.tree_0.Falco_peregrinus.alpha = 2.87233e-06
PhIPnwnG.tree_0.Falco_tinnunculus.alpha = 1.96521e-06
PhIPnwnG.tree_0.Node11.alpha = 1.14325e-06
PhIPnwnG.tree_0.Node9.alpha = 1.31044e-05
PhIPnwnG.model_MGREV.omega_1 = 1
Failing bound checks on PhIPnwnG.tree_0.Node6.beta =         10000.31219991522
Optimization finished in 23 loop passes.
1481 likelihood evaluation calls and 7830 matrix exponentiations calls were made

Overwritten previously defined function:'kay_BCDE.rate_generator'
Overwritten previously defined function:'kay_BCDE.rate_generator'
Auto-benchmarked an optimal number (2) of threads.
Set GUI update interval to every 2857-th LF evaluation.
Optimization settings:
	OPTIMIZATION_METHOD = 4
	OPTIMIZATION_PRECISION = 0.001
	MAXIMUM_ITERATIONS_PER_VARIABLE = 5000

Initial parameter values

frequencies._aux.CF3x4.p0_0 = 0.349375
frequencies._aux.CF3x4.p0_1 = 0.258131
frequencies._aux.CF3x4.p0_2 = 0.490751
frequencies._aux.CF3x4.p1_0 = 0.254375
frequencies._aux.CF3x4.p1_1 = 0.30667
frequencies._aux.CF3x4.p1_2 = 0.269603
frequencies._aux.CF3x4.p2_0 = 0.253304
frequencies._aux.CF3x4.p2_1 = 0.317709
frequencies._aux.CF3x4.p2_2 = 0.395549
Optimization finished in 4 loop passes.
165 likelihood evaluation calls and 0 matrix exponentiations calls were made

Variable 'busted.test_pi' was not initialized prior to being used
Overwritten previously defined function:'kay_BCDE.rate_generator'
Overwritten previously defined function:'kay_BCDE.rate_generator'
Overwritten previously defined function:'kay_BCDE.rate_generator'
Auto-benchmarked an optimal number (3) of threads.
Set GUI update interval to every 2890-th LF evaluation.
Optimization settings:
	OPTIMIZATION_METHOD = 4
	OPTIMIZATION_PRECISION = 0.001
	MAXIMUM_ITERATIONS_PER_VARIABLE = 5000

Initial parameter values

frequencies._aux.CF3x4.p0_0 = 0.349375
frequencies._aux.CF3x4.p0_1 = 0.258131
frequencies._aux.CF3x4.p0_2 = 0.490751
frequencies._aux.CF3x4.p1_0 = 0.254375
frequencies._aux.CF3x4.p1_1 = 0.30667
frequencies._aux.CF3x4.p1_2 = 0.269603
frequencies._aux.CF3x4.p2_0 = 0.253304
frequencies._aux.CF3x4.p2_1 = 0.317709
frequencies._aux.CF3x4.p2_2 = 0.395549
Optimization finished in 4 loop passes.
166 likelihood evaluation calls and 0 matrix exponentiations calls were made

Variable 'busted.background_pi' was not initialized prior to being used
Variable 'ASSUME_REVERSIBLE_MODELS' was not initialized prior to being used
No nodel was assigned to Leptosomus_discolor
No nodel was assigned to Colius_striatus
No nodel was assigned to Node2
No nodel was assigned to Tyto_alba
No nodel was assigned to Node1
No nodel was assigned to Haliaeetus_leucocephalus
No nodel was assigned to Aquila_chrysaetos
No nodel was assigned to Node6
No nodel was assigned to Oriolus_oriolus
No nodel was assigned to Falco_peregrinus
No nodel was assigned to Falco_tinnunculus
No nodel was assigned to Node11
No nodel was assigned to Node9
The tips of the tree:_gSTrBlY.tree_id_0 were matched with the species names from the data in the following numeric order (0-based) {4,5,3,2,1,0,6,7}

Pseudo-optimal path's cost 2279 vs 3229 for 1..k=> a 1.41685 x improvement
Partition 0 is ASSUMED to have a reversible model
busted.background.theta_AC was already constrained in estimators.SetGlobals2
busted.background.theta_AG was already constrained in estimators.SetGlobals2
busted.background.theta_AT was already constrained in estimators.SetGlobals2
busted.background.theta_CG was already constrained in estimators.SetGlobals2
busted.background.theta_CT was already constrained in estimators.SetGlobals2
busted.background.theta_GT was already constrained in estimators.SetGlobals2
busted.test.theta_AG was already constrained in estimators.SetGlobals2
Variable '_gSTrBlY.tree_id_0.Leptosomus_discolor.t' was not initialized prior to being used
models.generic.SetBranchLength: _gSTrBlY.tree_id_0.Leptosomus_discolor.t=0.3455550784139136
Variable '_gSTrBlY.tree_id_0.Colius_striatus.t' was not initialized prior to being used
models.generic.SetBranchLength: _gSTrBlY.tree_id_0.Colius_striatus.t=0.9485606103979058
Variable '_gSTrBlY.tree_id_0.Node2.t' was not initialized prior to being used
models.generic.SetBranchLength: _gSTrBlY.tree_id_0.Node2.t=0
Variable '_gSTrBlY.tree_id_0.Tyto_alba.t' was not initialized prior to being used
models.generic.SetBranchLength: _gSTrBlY.tree_id_0.Tyto_alba.t=0.2989858808645703
Variable '_gSTrBlY.tree_id_0.Node1.t' was not initialized prior to being used
models.generic.SetBranchLength: _gSTrBlY.tree_id_0.Node1.t=0.01019410060571729
Variable '_gSTrBlY.tree_id_0.Haliaeetus_leucocephalus.t' was not initialized prior to being used
models.generic.SetBranchLength: _gSTrBlY.tree_id_0.Haliaeetus_leucocephalus.t=0.08293498566074417
Variable '_gSTrBlY.tree_id_0.Aquila_chrysaetos.t' was not initialized prior to being used
models.generic.SetBranchLength: _gSTrBlY.tree_id_0.Aquila_chrysaetos.t=0.06666100980311779
Variable '_gSTrBlY.tree_id_0.Node6.t' was not initialized prior to being used
models.generic.SetBranchLength: _gSTrBlY.tree_id_0.Node6.t=0.2186462512763496
Variable '_gSTrBlY.tree_id_0.Oriolus_oriolus.t' was not initialized prior to being used
models.generic.SetBranchLength: _gSTrBlY.tree_id_0.Oriolus_oriolus.t=0.9689985689657687
Variable '_gSTrBlY.tree_id_0.Falco_peregrinus.t' was not initialized prior to being used
models.generic.SetBranchLength: _gSTrBlY.tree_id_0.Falco_peregrinus.t=0.04469085048299109
Variable '_gSTrBlY.tree_id_0.Falco_tinnunculus.t' was not initialized prior to being used
models.generic.SetBranchLength: _gSTrBlY.tree_id_0.Falco_tinnunculus.t=0.02815214094587327
Variable '_gSTrBlY.tree_id_0.Node11.t' was not initialized prior to being used
models.generic.SetBranchLength: _gSTrBlY.tree_id_0.Node11.t=0.5053015986732011
Variable '_gSTrBlY.tree_id_0.Node9.t' was not initialized prior to being used
models.generic.SetBranchLength: _gSTrBlY.tree_id_0.Node9.t=0.3345270050690887
Variable '_gSTrBlY._gSTrBlY.likelihoodFunction' was not initialized prior to being used
Auto-benchmarked an optimal number (10) of threads.
Set GUI update interval to every 3-th LF evaluation.
Optimization settings:
	OPTIMIZATION_METHOD = 4
	OPTIMIZATION_PRECISION = 0.001
	MAXIMUM_ITERATIONS_PER_VARIABLE = 5000

Initial parameter values

busted.test.theta_GT = 0.189407
busted.test.theta_CT = 0.862225
busted.test.theta_AC = 0.25188
busted.test.theta_CG = 0.32219
busted.test.theta_AT = 0.175596
busted.background.omega3 = 9.52381
busted.background.omega2 = 0.238095
busted.background.omega1 = 0
busted.background.bsrel_mixture_aux_1 = 0.666667
busted.test.bsrel_mixture_aux_0 = 0.7
busted.background.bsrel_mixture_aux_0 = 0.7
busted.test.omega1 = 0
busted.test.bsrel_mixture_aux_1 = 0.666667
busted.test.omega3 = 9.52381
busted.test.omega2 = 0.238095
_gSTrBlY.tree_id_0.Leptosomus_discolor.t = 0.345555
_gSTrBlY.tree_id_0.Colius_striatus.t = 0.948561
_gSTrBlY.tree_id_0.Node2.t = 0
_gSTrBlY.tree_id_0.Tyto_alba.t = 0.298986
_gSTrBlY.tree_id_0.Node1.t = 0.0101941
_gSTrBlY.tree_id_0.Haliaeetus_leucocephalus.t = 0.082935
_gSTrBlY.tree_id_0.Aquila_chrysaetos.t = 0.066661
_gSTrBlY.tree_id_0.Node6.t = 0.218646
_gSTrBlY.tree_id_0.Oriolus_oriolus.t = 0.968999
_gSTrBlY.tree_id_0.Falco_peregrinus.t = 0.0446909
_gSTrBlY.tree_id_0.Falco_tinnunculus.t = 0.0281521
_gSTrBlY.tree_id_0.Node11.t = 0.505302
_gSTrBlY.tree_id_0.Node9.t = 0.334527
Optimization finished in 48 loop passes.
4809 likelihood evaluation calls and 98562 matrix exponentiations calls were made

Variable 'PNTIbVKm._gSTrBlY.likelihoodFunction' was not initialized prior to being used
Auto-benchmarked an optimal number (6) of threads.
Set GUI update interval to every 5-th LF evaluation.
Optimization settings:
	OPTIMIZATION_METHOD = 4
	OPTIMIZATION_PRECISION = 0.001
	MAXIMUM_ITERATIONS_PER_VARIABLE = 5000

Initial parameter values

busted.test.theta_GT = 0.183334
busted.test.theta_CT = 0.807335
busted.test.theta_AC = 0.243573
busted.test.theta_CG = 0.295157
busted.test.theta_AT = 0.150922
busted.background.omega3 = 1.65553
busted.background.omega1 = 0.15019
busted.background.bsrel_mixture_aux_1 = 0.717057
busted.background.omega2 = 0.337127
busted.background.bsrel_mixture_aux_0 = 0.751128
busted.test.bsrel_mixture_aux_0 = 0.451929
busted.test.omega1 = 0.618601
busted.test.omega2 = 0.755929
busted.test.bsrel_mixture_aux_1 = 0.830921
_gSTrBlY.tree_id_0.Leptosomus_discolor.t = 0.231765
_gSTrBlY.tree_id_0.Colius_striatus.t = 0.683678
_gSTrBlY.tree_id_0.Node2.t = 0
_gSTrBlY.tree_id_0.Tyto_alba.t = 0.224472
_gSTrBlY.tree_id_0.Node1.t = 0.0104058
_gSTrBlY.tree_id_0.Haliaeetus_leucocephalus.t = 0.0529738
_gSTrBlY.tree_id_0.Aquila_chrysaetos.t = 0.0517869
_gSTrBlY.tree_id_0.Node6.t = 0.163117
_gSTrBlY.tree_id_0.Oriolus_oriolus.t = 0.45753
_gSTrBlY.tree_id_0.Falco_peregrinus.t = 0.0321035
_gSTrBlY.tree_id_0.Falco_tinnunculus.t = 0.0191856
_gSTrBlY.tree_id_0.Node11.t = 0.18441
_gSTrBlY.tree_id_0.Node9.t = 7.77684e-12
Optimization finished in 21 loop passes.
1817 likelihood evaluation calls and 36132 matrix exponentiations calls were made

Variable 'USE_JSON_FOR_MATRIX' was not initialized prior to being used