Aeorestes_cinereus	Chiroptera	0.147	0.207	0.999	0.905	0.999	0.973	0.931	0.876	0.217	0.816	0.251	0.453	0.42	0.369	0.773	0.498	0.501
Artibeus_jamaicensis	Chiroptera	0.353	0.135	1.0	0.917	0.997	1.0	0.967	0.879	0.307	0.351	0.169	0.366	0.527	0.145	0.731	0.498	0.501
Desmodus_rotundus	Chiroptera	0.26	0.171	0.999	0.9	0.998	0.977	0.941	0.877	0.229	0.849	0.261	0.504	0.541	0.334	0.769	0.496	0.501
Hipposideros_armiger	Chiroptera	0.203	0.288	1.0	0.908	0.996	0.949	0.931	0.886	0.222	0.789	0.332	0.465	0.458	0.282	0.817	0.498	0.501
Megaderma_lyra	Chiroptera	0.198	0.245	0.999	0.904	0.998	0.966	0.925	0.886	0.197	0.841	0.208	0.461	0.429	0.329	0.789	0.497	0.501
Miniopterus_natalensis	Chiroptera	0.202	0.149	0.999	0.878	0.998	0.945	0.944	0.878	0.209	0.844	0.273	0.505	0.561	0.391	0.525	0.496	0.5
Molossus_molossus	Chiroptera	0.212	0.193	0.999	0.886	0.999	0.852	0.938	0.876	0.212	0.89	0.24	0.51	0.532	0.349	0.706	0.495	0.501
Myotis_brandtii	Chiroptera	0.157	0.185	0.999	0.893	0.999	0.97	0.94	0.873	0.224	0.848	0.221	0.478	0.471	0.41	0.806	0.496	0.501
Myotis_davidii	Chiroptera	0.174	0.232	0.999	0.89	0.999	0.965	0.932	0.871	0.231	0.845	0.214	0.475	0.504	0.446	0.766	0.496	0.501
Myotis_lucifugus	Chiroptera	0.153	0.201	0.999	0.896	0.999	0.97	0.934	0.873	0.223	0.839	0.21	0.464	0.461	0.404	0.776	0.497	0.501
Myotis_myotis	Chiroptera	0.161	0.189	0.999	0.894	0.999	0.97	0.942	0.877	0.228	0.858	0.218	0.478	0.5	0.425	0.794	0.497	0.501
Phyllostomus_discolor	Chiroptera	0.347	0.159	1.0	0.929	1.0	1.0	0.969	0.89	0.307	0.634	0.169	0.35	0.709	0.192	0.836	0.5	0.501
Phyllostomus_hastatus	Chiroptera	0.154	0.267	1.0	0.901	0.999	0.988	0.923	0.896	0.224	0.857	0.242	0.412	0.59	0.313	0.863	0.499	0.501
Pipistrellus_kuhlii	Chiroptera	0.342	0.09	1.0	0.931	1.0	1.0	0.972	0.893	0.315	0.652	0.161	0.414	0.508	0.191	0.758	0.497	0.501
Pipistrellus_pipistrellus	Chiroptera	0.232	0.159	0.999	0.904	0.999	0.957	0.926	0.883	0.206	0.869	0.224	0.439	0.442	0.285	0.828	0.497	0.501
Pteronotus_parnellii	Chiroptera	0.189	0.178	0.999	0.899	0.999	0.982	0.95	0.877	0.229	0.837	0.24	0.522	0.516	0.355	0.784	0.497	0.501
Pteropus_alecto	Chiroptera	0.416	0.214	0.999	0.901	0.988	0.878	0.867	0.859	0.212	0.79	0.172	0.45	0.501	0.345	0.779	0.499	0.501
Pteropus_giganteus	Chiroptera	0.292	0.305	0.999	0.901	0.995	0.917	0.893	0.877	0.214	0.777	0.229	0.433	0.47	0.315	0.829	0.498	0.501
Pteropus_vampyrus	Chiroptera	0.373	0.171	1.0	0.912	0.999	1.0	0.954	0.896	0.274	0.648	0.199	0.447	0.523	0.292	0.838	0.498	0.501
Rhinolophus_ferrumequinum	Chiroptera	0.212	0.355	1.0	0.914	0.999	0.984	0.928	0.89	0.224	0.847	0.274	0.458	0.538	0.332	0.847	0.498	0.501
Rousettus_aegyptiacus	Chiroptera	0.141	0.249	0.999	0.896	1.0	0.982	0.923	0.884	0.212	0.809	0.203	0.408	0.521	0.302	0.876	0.497	0.501
Sturnira_hondurensis	Chiroptera	0.25	0.274	0.999	0.9	0.998	0.925	0.934	0.881	0.224	0.759	0.253	0.465	0.535	0.335	0.758	0.497	0.501
