
Loaded 'libv3/convenience/matrix.bf' from /usr/local/lib/hyphy/TemplateBatchFiles/libv3/convenience/matrix.bf
Loaded 'libv3/UtilityFunctions.bf' from /usr/local/lib/hyphy/TemplateBatchFiles/libv3/UtilityFunctions.bf
Loaded 'IOFunctions.bf' from /usr/local/lib/hyphy/TemplateBatchFiles/libv3/IOFunctions.bf
Already loaded 'libv3/UtilityFunctions.bf' from /usr/local/lib/hyphy/TemplateBatchFiles/libv3/UtilityFunctions.bf
Loaded 'convenience/regexp.bf' from /usr/local/lib/hyphy/TemplateBatchFiles/libv3/convenience/regexp.bf
Loaded 'libv3/all-terms.bf' from /usr/local/lib/hyphy/TemplateBatchFiles/libv3/all-terms.bf
Variable 'skipCodeSelectionStep' was not initialized prior to being used
Row and/or column partition is empty. All the data will be used by default.
Overwritten previously defined function:'GaussLaguerreQuardature'
Overwritten previously defined function:'GammaQuadWeight'
Variable 'SKIP_HARVEST_FREQ' was not initialized prior to being used
Variable '_WRAP_PASSTHROUGH_FLAG_' was not initialized prior to being used
Variable 'END_OF_FILE' was not initialized prior to being used
Variable '_DO_TREE_REBALANCE_' was not initialized prior to being used
Variable '_KEEP_I_LABELS_' was not initialized prior to being used
Model MG94customModel assigned to Dasypus_novemcinctus
Dasypus_novemcinctus has 2 parameters - branch length not assigned
Model MG94customModel assigned to Tamandua_tetradactyla
Tamandua_tetradactyla has 2 parameters - branch length not assigned
Model MG94customModel assigned to Myrmecophaga_tridactyla
Myrmecophaga_tridactyla has 2 parameters - branch length not assigned
Model MG94customModel assigned to Node2
Node2 has 2 parameters - branch length not assigned
Model MG94customModel assigned to Choloepus_hoffmanni
Choloepus_hoffmanni has 2 parameters - branch length not assigned
Model MG94customModel assigned to Choloepus_didactylus
Choloepus_didactylus has 2 parameters - branch length not assigned
Model MG94customModel assigned to Node5
Node5 has 2 parameters - branch length not assigned
The tips of the tree:givenTree were matched with the species names from the data in the following numeric order (0-based) {0,4,3,2,1}

Pseudo-optimal path's cost 1101 vs 1457 for 1..k=> a 1.32334 x improvement
Partition 0 reversible model flag computed as 1
Variable 'theLnLik' was not initialized prior to being used
Variable 'SAVE_OPT_STATUS_TO' was not initialized prior to being used
Variable 'givenTree.Dasypus_novemcinctus.nonSynRate' was not initialized prior to being used
Variable 'givenTree.Dasypus_novemcinctus.synRate' was not initialized prior to being used
Variable 'givenTree.Tamandua_tetradactyla.nonSynRate' was not initialized prior to being used
Variable 'givenTree.Tamandua_tetradactyla.synRate' was not initialized prior to being used
Variable 'givenTree.Myrmecophaga_tridactyla.nonSynRate' was not initialized prior to being used
Variable 'givenTree.Myrmecophaga_tridactyla.synRate' was not initialized prior to being used
Variable 'givenTree.Choloepus_hoffmanni.nonSynRate' was not initialized prior to being used
Variable 'givenTree.Choloepus_hoffmanni.synRate' was not initialized prior to being used
Variable 'givenTree.Choloepus_didactylus.nonSynRate' was not initialized prior to being used
Variable 'givenTree.Choloepus_didactylus.synRate' was not initialized prior to being used
Variable 'givenTree.Node2.nonSynRate' was not initialized prior to being used
Variable 'givenTree.Node2.synRate' was not initialized prior to being used
Variable 'givenTree.Node5.nonSynRate' was not initialized prior to being used
Variable 'givenTree.Node5.synRate' was not initialized prior to being used
Site 169 evaluated to a 0 probability in ComputeTreeBlockByBranch
Site 140 evaluated to a 0 probability in ComputeTreeBlockByBranch
Site 169 evaluated to a 0 probability in ComputeTreeBlockByBranch
Site 130 evaluated to a 0 probability in ComputeTreeBlockByBranch
Site 169 evaluated to a 0 probability in ComputeTreeBlockByBranch
Site 182 evaluated to a 0 probability in ComputeTreeBlockByBranch
Site 121 evaluated to a 0 probability in ComputeTreeBlockByBranch
Site 169 evaluated to a 0 probability in ComputeTreeBlockByBranch
Site 210 evaluated to a 0 probability in ComputeTreeBlockByBranch
Site 140 evaluated to a 0 probability in ComputeTreeBlockByBranch
Site 136 evaluated to a 0 probability in ComputeTreeBlockByBranch
Site 169 evaluated to a 0 probability in ComputeTreeBlockByBranch
Site 83 evaluated to a 0 probability in ComputeTreeBlockByBranch
Site 178 evaluated to a 0 probability in ComputeTreeBlockByBranch
Site 141 evaluated to a 0 probability in ComputeTreeBlockByBranch
Site 47 evaluated to a 0 probability in ComputeTreeBlockByBranch
Site 140 evaluated to a 0 probability in ComputeTreeBlockByBranch
Site 182 evaluated to a 0 probability in ComputeTreeBlockByBranch
Site 169 evaluated to a 0 probability in ComputeTreeBlockByBranch
Site 130 evaluated to a 0 probability in ComputeTreeBlockByBranch
Site 173 evaluated to a 0 probability in ComputeTreeBlockByBranch
Site 169 evaluated to a 0 probability in ComputeTreeBlockByBranch
Site 202 evaluated to a 0 probability in ComputeTreeBlockByBranch
Site 102 evaluated to a 0 probability in ComputeTreeBlockByBranch
Site 87 evaluated to a 0 probability in ComputeTreeBlockByBranch
Site 37 evaluated to a 0 probability in ComputeTreeBlockByBranch
Site 163 evaluated to a 0 probability in ComputeTreeBlockByBranch
Site 186 evaluated to a 0 probability in ComputeTreeBlockByBranch
Site 98 evaluated to a 0 probability in ComputeTreeBlockByBranch
Site 75 evaluated to a 0 probability in ComputeTreeBlockByBranch
Site 42 evaluated to a 0 probability in ComputeTreeBlockByBranch
Site 133 evaluated to a 0 probability in ComputeTreeBlockByBranch
Site 30 evaluated to a 0 probability in ComputeTreeBlockByBranch
Site 129 evaluated to a 0 probability in ComputeTreeBlockByBranch
Site 169 evaluated to a 0 probability in ComputeTreeBlockByBranch
Site 144 evaluated to a 0 probability in ComputeTreeBlockByBranch
Site 219 evaluated to a 0 probability in ComputeTreeBlockByBranch
Site 221 evaluated to a 0 probability in ComputeTreeBlockByBranch
Site 169 evaluated to a 0 probability in ComputeTreeBlockByBranch
Site 123 evaluated to a 0 probability in ComputeTreeBlockByBranch
Site 115 evaluated to a 0 probability in ComputeTreeBlockByBranch
Site 68 evaluated to a 0 probability in ComputeTreeBlockByBranch
Site 180 evaluated to a 0 probability in ComputeTreeBlockByBranch
Site 169 evaluated to a 0 probability in ComputeTreeBlockByBranch
Site 204 evaluated to a 0 probability in ComputeTreeBlockByBranch
Site 213 evaluated to a 0 probability in ComputeTreeBlockByBranch
Site 141 evaluated to a 0 probability in ComputeTreeBlockByBranch
Site 178 evaluated to a 0 probability in ComputeTreeBlockByBranch
Site 113 evaluated to a 0 probability in ComputeTreeBlockByBranch
Site 83 evaluated to a 0 probability in ComputeTreeBlockByBranch
Site 165 evaluated to a 0 probability in ComputeTreeBlockByBranch
Site 136 evaluated to a 0 probability in ComputeTreeBlockByBranch
Site 164 evaluated to a 0 probability in ComputeTreeBlockByBranch
Site 169 evaluated to a 0 probability in ComputeTreeBlockByBranch
Site 82 evaluated to a 0 probability in ComputeTreeBlockByBranch
Site 34 evaluated to a 0 probability in ComputeTreeBlockByBranch
Site 127 evaluated to a 0 probability in ComputeTreeBlockByBranch
Site 138 evaluated to a 0 probability in ComputeTreeBlockByBranch
Site 125 evaluated to a 0 probability in ComputeTreeBlockByBranch
Site 171 evaluated to a 0 probability in ComputeTreeBlockByBranch
Site 46 evaluated to a 0 probability in ComputeTreeBlockByBranch
Site 91 evaluated to a 0 probability in ComputeTreeBlockByBranch
Auto-benchmarked an optimal number (10) of threads.
Set GUI update interval to every 714-th LF evaluation.
Initial guess for givenTree.Node2.nonSynRate is 0.0508786
Initial guess for givenTree.Node2.synRate is 0.0165068
Initial guess for givenTree.Tamandua_tetradactyla.nonSynRate is 0.0977856
Initial guess for givenTree.Tamandua_tetradactyla.synRate is 0.0679773
Initial guess for givenTree.Myrmecophaga_tridactyla.nonSynRate is 0.00621191
Initial guess for givenTree.Myrmecophaga_tridactyla.synRate is 0
Initial guess for givenTree.Node5.nonSynRate is 0.0321139
Initial guess for givenTree.Node5.synRate is 0.017969
Initial guess for givenTree.Choloepus_hoffmanni.nonSynRate is 0.00529593
Initial guess for givenTree.Choloepus_hoffmanni.synRate is 9.63735e-19
Initial guess for givenTree.Choloepus_didactylus.nonSynRate is 0.000738821
Initial guess for givenTree.Choloepus_didactylus.synRate is 0.00189327
Optimization settings:
	OPTIMIZATION_METHOD = 4
	OPTIMIZATION_PRECISION = 0.001
	MAXIMUM_ITERATIONS_PER_VARIABLE = 5000

Initial parameter values

GT = 1
CT = 1
CG = 1
AC = 1
AT = 1
givenTree.Dasypus_novemcinctus.synRate = 0.1
givenTree.Dasypus_novemcinctus.nonSynRate = 0.1
givenTree.Tamandua_tetradactyla.synRate = 0.0679773
givenTree.Tamandua_tetradactyla.nonSynRate = 0.0977856
givenTree.Myrmecophaga_tridactyla.synRate = 0
givenTree.Myrmecophaga_tridactyla.nonSynRate = 0.00621191
givenTree.Node2.synRate = 0.0165068
givenTree.Node2.nonSynRate = 0.0508786
givenTree.Choloepus_hoffmanni.synRate = 9.63735e-19
givenTree.Choloepus_hoffmanni.nonSynRate = 0.00529593
givenTree.Choloepus_didactylus.synRate = 0.00189327
givenTree.Choloepus_didactylus.nonSynRate = 0.000738821
givenTree.Node5.synRate = 0.017969
givenTree.Node5.nonSynRate = 0.0321139
Site 205 evaluated to a 0 probability in ComputeTreeBlockByBranch
Optimization finished in 23 loop passes.
1975 likelihood evaluation calls and 6011 matrix exponentiations calls were made

Variable 'lastDepth' was not initialized prior to being used
No nodel was assigned to Dasypus_novemcinctus
Dasypus_novemcinctus has 0 parameters - branch length not assigned
No nodel was assigned to Tamandua_tetradactyla
Tamandua_tetradactyla has 0 parameters - branch length not assigned
No nodel was assigned to Myrmecophaga_tridactyla
Myrmecophaga_tridactyla has 0 parameters - branch length not assigned
No nodel was assigned to Node2
Node2 has 0 parameters - branch length not assigned
No nodel was assigned to Choloepus_hoffmanni
Choloepus_hoffmanni has 0 parameters - branch length not assigned
No nodel was assigned to Choloepus_didactylus
Choloepus_didactylus has 0 parameters - branch length not assigned
No nodel was assigned to Node5
Node5 has 0 parameters - branch length not assigned
No nodel was assigned to Dasypus_novemcinctus
Dasypus_novemcinctus has 0 parameters - branch length not assigned
No nodel was assigned to Tamandua_tetradactyla
Tamandua_tetradactyla has 0 parameters - branch length not assigned
No nodel was assigned to Myrmecophaga_tridactyla
Myrmecophaga_tridactyla has 0 parameters - branch length not assigned
No nodel was assigned to Node2
Node2 has 0 parameters - branch length not assigned
No nodel was assigned to Choloepus_hoffmanni
Choloepus_hoffmanni has 0 parameters - branch length not assigned
No nodel was assigned to Choloepus_didactylus
Choloepus_didactylus has 0 parameters - branch length not assigned
No nodel was assigned to Node5
Node5 has 0 parameters - branch length not assigned
No nodel was assigned to Dasypus_novemcinctus
Dasypus_novemcinctus has 0 parameters - branch length not assigned
No nodel was assigned to Tamandua_tetradactyla
Tamandua_tetradactyla has 0 parameters - branch length not assigned
No nodel was assigned to Myrmecophaga_tridactyla
Myrmecophaga_tridactyla has 0 parameters - branch length not assigned
No nodel was assigned to Node2
Node2 has 0 parameters - branch length not assigned
No nodel was assigned to Choloepus_hoffmanni
Choloepus_hoffmanni has 0 parameters - branch length not assigned
No nodel was assigned to Choloepus_didactylus
Choloepus_didactylus has 0 parameters - branch length not assigned
No nodel was assigned to Node5
Node5 has 0 parameters - branch length not assigned
No nodel was assigned to Dasypus_novemcinctus
Dasypus_novemcinctus has 0 parameters - branch length not assigned
No nodel was assigned to Tamandua_tetradactyla
Tamandua_tetradactyla has 0 parameters - branch length not assigned
No nodel was assigned to Myrmecophaga_tridactyla
Myrmecophaga_tridactyla has 0 parameters - branch length not assigned
No nodel was assigned to Node2
Node2 has 0 parameters - branch length not assigned
No nodel was assigned to Choloepus_hoffmanni
Choloepus_hoffmanni has 0 parameters - branch length not assigned
No nodel was assigned to Choloepus_didactylus
Choloepus_didactylus has 0 parameters - branch length not assigned
No nodel was assigned to Node5
Node5 has 0 parameters - branch length not assigned
Variable 'nodeName' was not initialized prior to being used
Variable 'speciesIndex' was not initialized prior to being used
Row and/or column partition is empty. All the data will be used by default.
Model MG94customModel assigned to Dasypus_novemcinctus
Model MG94customModel assigned to Tamandua_tetradactyla
One branch tree supplied - hopefully this IS what you meant to do.
Rooted tree. Removing one branch - the left root child has been promoted to be the new root
Partition 0 reversible model flag computed as 1
Variable 'twoLnLik' was not initialized prior to being used
Variable 't2.Tamandua_tetradactyla.nonSynRate' was not initialized prior to being used
Variable 't2.Tamandua_tetradactyla.synRate' was not initialized prior to being used
Auto-benchmarked an optimal number (5) of threads.
Set GUI update interval to every 5208-th LF evaluation.
Optimization settings:
	OPTIMIZATION_METHOD = 4
	OPTIMIZATION_PRECISION = 0.001
	MAXIMUM_ITERATIONS_PER_VARIABLE = 5000

Initial parameter values

t2.Tamandua_tetradactyla.nonSynRate = 0.1
t2.Tamandua_tetradactyla.synRate = 0.1
Optimization finished in 6 loop passes.
158 likelihood evaluation calls and 142 matrix exponentiations calls were made

Row and/or column partition is empty. All the data will be used by default.
Model MG94customModel assigned to Dasypus_novemcinctus
Model MG94customModel assigned to Myrmecophaga_tridactyla
One branch tree supplied - hopefully this IS what you meant to do.
Rooted tree. Removing one branch - the left root child has been promoted to be the new root
Partition 0 reversible model flag computed as 1
Variable 't2.Myrmecophaga_tridactyla.nonSynRate' was not initialized prior to being used
Variable 't2.Myrmecophaga_tridactyla.synRate' was not initialized prior to being used
Auto-benchmarked an optimal number (6) of threads.
Set GUI update interval to every 5263-th LF evaluation.
Optimization settings:
	OPTIMIZATION_METHOD = 4
	OPTIMIZATION_PRECISION = 0.001
	MAXIMUM_ITERATIONS_PER_VARIABLE = 5000

Initial parameter values

t2.Myrmecophaga_tridactyla.nonSynRate = 0.1
t2.Myrmecophaga_tridactyla.synRate = 0.1
Optimization finished in 6 loop passes.
184 likelihood evaluation calls and 166 matrix exponentiations calls were made

Row and/or column partition is empty. All the data will be used by default.
Model MG94customModel assigned to Dasypus_novemcinctus
Model MG94customModel assigned to Choloepus_hoffmanni
One branch tree supplied - hopefully this IS what you meant to do.
Rooted tree. Removing one branch - the left root child has been promoted to be the new root
Partition 0 reversible model flag computed as 1
Variable 't2.Choloepus_hoffmanni.synRate' was not initialized prior to being used
Variable 't2.Choloepus_hoffmanni.nonSynRate' was not initialized prior to being used
Auto-benchmarked an optimal number (5) of threads.
Set GUI update interval to every 5154-th LF evaluation.
Optimization settings:
	OPTIMIZATION_METHOD = 4
	OPTIMIZATION_PRECISION = 0.001
	MAXIMUM_ITERATIONS_PER_VARIABLE = 5000

Initial parameter values

t2.Choloepus_hoffmanni.synRate = 0.1
t2.Choloepus_hoffmanni.nonSynRate = 0.1
Optimization finished in 6 loop passes.
190 likelihood evaluation calls and 175 matrix exponentiations calls were made

Row and/or column partition is empty. All the data will be used by default.
Model MG94customModel assigned to Dasypus_novemcinctus
Model MG94customModel assigned to Choloepus_didactylus
One branch tree supplied - hopefully this IS what you meant to do.
Rooted tree. Removing one branch - the left root child has been promoted to be the new root
Partition 0 reversible model flag computed as 1
Variable 't2.Choloepus_didactylus.synRate' was not initialized prior to being used
Variable 't2.Choloepus_didactylus.nonSynRate' was not initialized prior to being used
Auto-benchmarked an optimal number (3) of threads.
Set GUI update interval to every 5000-th LF evaluation.
Optimization settings:
	OPTIMIZATION_METHOD = 4
	OPTIMIZATION_PRECISION = 0.001
	MAXIMUM_ITERATIONS_PER_VARIABLE = 5000

Initial parameter values

t2.Choloepus_didactylus.synRate = 0.1
t2.Choloepus_didactylus.nonSynRate = 0.1
Optimization finished in 6 loop passes.
175 likelihood evaluation calls and 161 matrix exponentiations calls were made

Row and/or column partition is empty. All the data will be used by default.
Model MG94customModel assigned to Tamandua_tetradactyla
Model MG94customModel assigned to Myrmecophaga_tridactyla
One branch tree supplied - hopefully this IS what you meant to do.
Rooted tree. Removing one branch - the left root child has been promoted to be the new root
Partition 0 reversible model flag computed as 1
Variable 't2.Myrmecophaga_tridactyla.synRate' was not initialized prior to being used
Variable 't2.Myrmecophaga_tridactyla.nonSynRate' was not initialized prior to being used
Auto-benchmarked an optimal number (2) of threads.
Set GUI update interval to every 4629-th LF evaluation.
Optimization settings:
	OPTIMIZATION_METHOD = 4
	OPTIMIZATION_PRECISION = 0.001
	MAXIMUM_ITERATIONS_PER_VARIABLE = 5000

Initial parameter values

t2.Myrmecophaga_tridactyla.synRate = 0.1
t2.Myrmecophaga_tridactyla.nonSynRate = 0.1
Optimization finished in 3 loop passes.
90 likelihood evaluation calls and 78 matrix exponentiations calls were made

Row and/or column partition is empty. All the data will be used by default.
Model MG94customModel assigned to Tamandua_tetradactyla
Model MG94customModel assigned to Choloepus_hoffmanni
One branch tree supplied - hopefully this IS what you meant to do.
Rooted tree. Removing one branch - the left root child has been promoted to be the new root
Partition 0 reversible model flag computed as 1
Variable 't2.Choloepus_hoffmanni.nonSynRate' was not initialized prior to being used
Variable 't2.Choloepus_hoffmanni.synRate' was not initialized prior to being used
Auto-benchmarked an optimal number (4) of threads.
Set GUI update interval to every 5050-th LF evaluation.
Optimization settings:
	OPTIMIZATION_METHOD = 4
	OPTIMIZATION_PRECISION = 0.001
	MAXIMUM_ITERATIONS_PER_VARIABLE = 5000

Initial parameter values

t2.Choloepus_hoffmanni.nonSynRate = 0.1
t2.Choloepus_hoffmanni.synRate = 0.1
Optimization finished in 5 loop passes.
182 likelihood evaluation calls and 168 matrix exponentiations calls were made

Row and/or column partition is empty. All the data will be used by default.
Model MG94customModel assigned to Tamandua_tetradactyla
Model MG94customModel assigned to Choloepus_didactylus
One branch tree supplied - hopefully this IS what you meant to do.
Rooted tree. Removing one branch - the left root child has been promoted to be the new root
Partition 0 reversible model flag computed as 1
Variable 't2.Choloepus_didactylus.nonSynRate' was not initialized prior to being used
Variable 't2.Choloepus_didactylus.synRate' was not initialized prior to being used
Auto-benchmarked an optimal number (4) of threads.
Set GUI update interval to every 5000-th LF evaluation.
Optimization settings:
	OPTIMIZATION_METHOD = 4
	OPTIMIZATION_PRECISION = 0.001
	MAXIMUM_ITERATIONS_PER_VARIABLE = 5000

Initial parameter values

t2.Choloepus_didactylus.nonSynRate = 0.1
t2.Choloepus_didactylus.synRate = 0.1
Optimization finished in 6 loop passes.
184 likelihood evaluation calls and 171 matrix exponentiations calls were made

Row and/or column partition is empty. All the data will be used by default.
Model MG94customModel assigned to Myrmecophaga_tridactyla
Model MG94customModel assigned to Choloepus_hoffmanni
One branch tree supplied - hopefully this IS what you meant to do.
Rooted tree. Removing one branch - the left root child has been promoted to be the new root
Partition 0 reversible model flag computed as 1
Variable 't2.Choloepus_hoffmanni.synRate' was not initialized prior to being used
Variable 't2.Choloepus_hoffmanni.nonSynRate' was not initialized prior to being used
Auto-benchmarked an optimal number (4) of threads.
Set GUI update interval to every 5154-th LF evaluation.
Optimization settings:
	OPTIMIZATION_METHOD = 4
	OPTIMIZATION_PRECISION = 0.001
	MAXIMUM_ITERATIONS_PER_VARIABLE = 5000

Initial parameter values

t2.Choloepus_hoffmanni.synRate = 0.1
t2.Choloepus_hoffmanni.nonSynRate = 0.1
Optimization finished in 3 loop passes.
132 likelihood evaluation calls and 119 matrix exponentiations calls were made

Row and/or column partition is empty. All the data will be used by default.
Model MG94customModel assigned to Myrmecophaga_tridactyla
Model MG94customModel assigned to Choloepus_didactylus
One branch tree supplied - hopefully this IS what you meant to do.
Rooted tree. Removing one branch - the left root child has been promoted to be the new root
Partition 0 reversible model flag computed as 1
Variable 't2.Choloepus_didactylus.nonSynRate' was not initialized prior to being used
Variable 't2.Choloepus_didactylus.synRate' was not initialized prior to being used
Auto-benchmarked an optimal number (2) of threads.
Set GUI update interval to every 4807-th LF evaluation.
Optimization settings:
	OPTIMIZATION_METHOD = 4
	OPTIMIZATION_PRECISION = 0.001
	MAXIMUM_ITERATIONS_PER_VARIABLE = 5000

Initial parameter values

t2.Choloepus_didactylus.nonSynRate = 0.1
t2.Choloepus_didactylus.synRate = 0.1
Optimization finished in 6 loop passes.
195 likelihood evaluation calls and 180 matrix exponentiations calls were made

Row and/or column partition is empty. All the data will be used by default.
Model MG94customModel assigned to Choloepus_hoffmanni
Model MG94customModel assigned to Choloepus_didactylus
One branch tree supplied - hopefully this IS what you meant to do.
Rooted tree. Removing one branch - the left root child has been promoted to be the new root
Partition 0 reversible model flag computed as 1
Auto-benchmarked an optimal number (2) of threads.
Set GUI update interval to every 586-th LF evaluation.
Optimization settings:
	OPTIMIZATION_METHOD = 4
	OPTIMIZATION_PRECISION = 0.001
	MAXIMUM_ITERATIONS_PER_VARIABLE = 5000

Initial parameter values

t2.Choloepus_didactylus.nonSynRate = 0.1
t2.Choloepus_didactylus.synRate = 0.1
Optimization finished in 6 loop passes.
179 likelihood evaluation calls and 163 matrix exponentiations calls were made
