
Before deleting alignment gaps
      5   1143

Dasypus_novemcinctus            ATG TTT AAC GGA AAC GCA GAC CAC ATC ACA GAG AGC TGG AGG CAG ACC CTG CTG CCA GGA GTG AGC TGT CTG GAA GAG GCC GAC AGT GCA TCT CTG CTG ACG CCC TGC TGC TCT GAC ACC ATG GAG AAC GAG GAC TAC --- --- GAC GAG AAC CTC ACC CTT GCG GAC GCC AGC AGC CAG GAG CAC GAG CGC TTC CTG CGC TTC CGC CAG CTG TTC CTG CCC TGC ATG TAC GCG GGC GTG TTC GTC TGC GGC CTG GTG GGC AAC TCC CTC GTG CTG GTC ATC TAC GTC TTC TAC CAG AAG CTG AAG AGC CTG ACC GAC ACG CTC CTG GTG AAC CTG CCG CTG GCC GAC CTG GTG TTT GTC TGC ACG CTG CCC TTC TGG GCC TAC GCC GGC ATC CAC GAG TGG GTC TTC GGC AAG GTG GTG TGC AAA ACC CTG CTG GGC ATC TAC ACG CTC AAC TTC TAC ACC TCC ATG CTC ATC CTC ACC TGC ATC ACG GTG GAC CGC TTC CTC GCG GTG GTC CGG GCC ACC AAG ACC TAC AAC CAG CAG GCC AAG TGC ACG GCC TGG GGC AAG GTC ATC TGC GCG TCG GTC TGG GCG AGC TCG CTG CTG GTC TCC TTG CCG CAG GTC ATC TAC GGC GAC GTC TTT CAT CAC GAC AAG TCC GTC TGC CGT TAC CAC AGC GAG TCC ATT TCC ACG GTG GTC CTT GCC ACC CAG ATG ACG CTG GGC TTC TTC CTG CCG CTG CTG ACC ATG ATG GCC TGT TAC CCG GTC ATC ATC AAG ACG CTG CTC CGT GCC CGA GGC TTC CGG AAG CAC CGG TCC CTG AAG ATC ATC GTC CTG GTG GTG GCT GTG TTC CTG CTG ACC CAG ACG CCC TAC AAC CTG GCG AAG CTC GTC CGC AGC ACG CGC TGG GAG TAC AGA GCC ATG ACC AGC TTC GAC TAC GCC ATC GTG GTG ACG GAG GCC GTG GCC TAC CTG CGG GCC TGC CTG AAC CCT GTG CTC TAC GCC TTC GTC GGC CTC AAG TTT CGC AAG AAC TTC TGG AAG CTC GTG AGG GAC CTC GGC TGC CTC CCG TAT CTC GGG ACC ATA AGC CAG TTC AAG TCT TCC GAG GAC GGT TCT AAA ACC TGT TCT GCC TCT CAC AAC GTG GAG GTC ACC AAC ATG GTC CAG GTG 
Choloepus_didactylus            --- --- --- --- --- --- --- --- --- --- --- --- --- --- --- --- --- --- --- --- --- --- --- --- --- --- --- --- --- --- --- --- --- --- --- --- --- --- --- --- ATG GAG GAG GGT GAC TAC ATA GTC TCT GAT ATT TTT GAT GCT TCC AAT GAC AGC AGA GAG GCA CAT AAA AAC TTT CTG CAG TTC AGC AAG TTC TTT CTG CCA TGC ACA TAT GTG CTG GTG TTT GTC TGT GGC CTG GTG GGG AAC TCC CTA GTG CTG GTC ATA TAC ATC TTC TAC CAG AAG CTG AAG AGC CTG ACG GAT GTG TTC TTG GTG AAC CTG CCA CTG GCT GAC TTG GTG TTT GTC TGC ACT CTG CCC TTC TGG GCC TAT GCA GGC ATC CAT GGG TGG GTC TTT GGC AAG TTT GTG TGC AAA ACT CTG CTG GGC ATC TAC ACT TTG AAC TTC TAC ACA TCC ATG CTC ATC CTT ACC TGC ATC ACT GTG GAT CGC TTC ATC ATG GTG GTT CAG GCC ACC AAG GCC CAC AAC CAG CAG GCC AAA TGG ATG ACC TGG GGC AAG GTC ATC TGC TCG GCC ATC TGG GCC ATC TCC CTG CTG GTT TCC TTG CCA CAG ATC ATC TAT GGT GAT GTC TTT TAT CTT GAC AAG ACC ATC TGT GGC TAC CAC AAT GAT GAT ATT TCC ACT GTG GTC CTT GCC AGC CAG ATG ATA CTG GGG TTC TTT CTA CCG CTG CTT GCC ATG ATT GCC TGT TAC ACA GTC ATA ATC AAG ACA CTG CTT CAT GCC CGA GGC TTC CGG AAG CAC AAG TCT CTA AAG ATC ATC TTC CTG GTG GTG GCT GTG TTC CTG CTG ACT CAG ACG CCC TTC AAC CTC GTG ATG CTC ATC CGT AGC ACG AGA TGG GAG TAC TAT GCC ATG ACC AGC TTT GAC TAT GCC ATC ACA GTG ACA GAG GCC ATT GCC TAC CTG CGG GCC TGC CTT AAC CCT GTG CTC TAC GCC TTT GTT TGC CTG AAG TTT CGG AAA AAC TTC TGG AAA CTT GTG AAG GAC ATT GGC TGC CTC CCT TTT CTT GGT GCC TCA AAC CAA CTG AAG ACT TCT GAA GAC ACT TCT AAA ACT TGT TCT GCC TCT CAC AAC ATG GAG GCC ACC AGC ATG TTC CAG TTG 
Choloepus_hoffmanni             --- --- --- --- --- --- --- --- --- --- --- --- --- --- --- --- --- --- --- --- --- --- --- --- --- --- --- --- --- --- --- --- --- --- --- --- --- --- --- --- ATG GAG GAG GGT GAC TAC ATA GTC TCT GAT ATT TTT GAT GCT TCC AAT GAC AGC AGA GAG GCA CAT AAA AAC TTT CTG CAG TTC AGC AAG TTC TTC CTG CCA TGC ACA TAT GTG CTG GTG TTT GTC TGT GGC CTG GTG GGG AAC TCC CTA GTG CTG GTC ATA TAC ATC TTC TAC CAG AAG CTG AAG AGC CTG ACG GAT GTG TTC CTG GTG AAC CTG CCA CTG GCT GAC TTG GTG TTT GTC TGC ACT CTG CCC TTC TGG GCC TAT GCA GGC ATC CAT GGG TGG GTC TTT GGC AAG TTT GTG TGC AAA ACT CTG CTG GGC ATC TAC ACT TTG AAC TTC TAC ACA TCC ATG CTC ATC CTT ACC TGC ATC ACT GTG GAT CGC TTC ATC ATG GTG GTT CAG GCC ACC AAG GCC CAC AAC CAG CAG GCC AAG TGG ATG ACC TGG GGC AAG GTC ATC TGC TCG GCC ATC TGG GCC ATC TCC CTG CTG GTT TCC TTG CCA CAG ATC ATC TAT GGT GAT GTC TTT TAT CTT GAC AAG ACC ATC TGT GGC TAC CAC AAT GAT GAT ATT TCC ACT GTG GTC CTT GCC AGC CAG ATG ATA CTG GGG TTC TTT CTA CCG CTG CTT GCC ATG ATT GCC TGT TAC ACA GTC ATA ATC AAG ACA CTG CTT CAT GCC CGA GGC TTC CGG AAG CAC AAA TCT CTA AAG ATC ATC TTC CTG GTG GTG GCT GTG TTC CTG CTG ACT CAG ACG CCA TTC AAC CTT GTG ATG CTC ATC CGT AGC ACG AGA TGG GAG TAC TAT GCC ATG ACC AGC TTT GAC TAT GCC ATC ACA GTG ACA GAG GCC ATT GCC TAC CTG CGG GCC TGC CTT AAC CCT GTG CTC TAC GCC TTT GTT TGC CTG AAG TTT CGG AAA AAC TTC TGG AAA CTT GTG AAG GAC ATT GGC TGC ATC CCT TTT CTT GGT GCC TCA AAC CAA CTG AAG ACT TCT GAA GAC ACT TCT AAA ACT TGT TCT GCC TCT CAC AAC ATG GAG GCC ACC AGC ATG TTC CAG TTG 
Myrmecophaga_tridactyla         --- --- --- --- --- --- --- --- --- --- --- --- --- --- --- --- --- --- --- --- --- --- --- --- --- --- --- --- --- --- --- --- --- --- --- --- --- --- --- --- ATG GTG GAG GAT GAC TAC ATA GAT CCT GGG TTT TTT AAC ACC TCT AAA GAC AGC AGC CAG GAG CAC AAA CAC TTC GTG CAG TTC AGA AAT TTC TTC CTG CCC TGC GTG TAT GTG GTG GTG TTC ATC TGT GGC CTG CTG GGA AAC TCC CTA GTG CTG ATC ATA TAC ATC TTC TAC CAG AAG CTG AAG AGC CTA ACA GAT GTG TTC CTG GTG AAC CTG CCC CTG GCT GAC TTG GTG TTT GTG TGC ACT TTG CCC TTC TGG GCC TAT GCG GGC ATC CAT GAG TGG ATC TTT GGC AAT TTT GTG TGC AAA ACC CTG CTA GGC ATC TAC ACT TTG AAC TTC TAC ACA TCC ATG CTC ATT CTT ACC TGC ATC ACT GTG GAC CGC TTC ATT GCG GTG GTT CAG GCC ACT AAG GCC CAC AAC CAG CAG GCG AAG AGG ATG ACC TGG GGC AAG GTC ATC TGT TTG TCC GTC TGG GCC GTC TCC CTG CTG GTT TCC TTG CCA CAA ATC ATC TAT GGC AAT GTC TCT CAT TTC AAC AAG TCC ATC TGT GAC TAC CAC GAT GAC ACC ATT TTC ACT GTG GTC CTT GCC ACC CAA ATG ACA CTG GGG TTC TTC CTG CCA CTG CTT GCC ATG ATT GTC TGT TAT TCA GTC ATA GTC AAG ACC CTG CTT CAT GCC CGA GGC TTT CAG AAG CAC AAA TCT CTA AAG ATC ATC TTT CTG GTG GTA GCT GTG TTC CTG CTG ACC CAG ACA CCC TTC AAC ATG GTG AAG CTC ATC CGG AGC ACG AAC TGG GAA TAC CAC ACC ATG ACC AGT TTT GAC TAT GCC ATT ACA GTG ACA GAG GCC ATT GCC TAC CTG CGG GCC TGC CTT AAC CCT GTG CTC TAT GCC TTT GTC AGT CTG AAG TTT CGG AGG AAT TTC TGG AAA CTT GTG AAG GAC ATT GGC TGC CTC CCT TAT CTC GGT GCC TCA GGT CAA TGG AAA TCT TCT GAG GAC ACT TCT AAA ACT TAT TCT GCA TCT CAC AAT GTG GAA GCA ACC AGC ATG ATC CAG TTG 
Tamandua_tetradactyla           --- --- --- --- --- --- --- --- --- --- --- --- --- --- --- --- --- --- --- --- --- --- --- --- --- --- --- --- --- --- --- --- --- --- --- --- --- --- --- --- ATG GTG GAG GAT GAC TAC ATA GAT CCT GGG TTT TTT AAC ACC TCC AAA GAC AGC AGC CAG GAG CAC AAA CAC TTC GTG CAG TTC AGA AAT TTC TTC CTG CCC TGT GTG TAT GTG GTG GTG TTC ATC TGT GGC CTG CTG GGA AAC TCC CTA GTG CTG ATC ATA TAC ATC TTC TAC CAG AAG CTG AAG AGC CTA ACA GAT GTG TTC CTG GTG AAC CTG CCC CTG GCT GAC TTG GTG TTT GTG TGC ACT TTG CCC TTC TGG GCC TAT GCG GGC ATC CAT GAG TGG ATC TTC GGC AAT TTT GTG TGC AAA ACC CTG CTA GGC ATC TAC ACT TTG AAC TTC TAC ACA TCC ATG CTC ATT CTT ACC TGC ATC ACT GTG GAC CGC TTC ATT GCG GTG GTT CAG GCC ACT AAG GCC CAC AAC CAG CAA GCG AAG AGG ATG ACC TGG GGC AAG GTC ATC TGT TTG TCT GTC TGG GCC ATC TCC CTG CTG GTT TCC TTG CCA CAA ATC ATC TAT GGC AAT GTC TCT CAT TTC AAC AAG TCC ATC TGT GAC TAC CAC GAT GAC ACC ATT TTC ACT GTG GTC CTT GCC ACC CAA ATG ACA CTG GGG TTC TTC CTG CCA CTG CTT GCC ATG ATT GTC TGT TAT TCA GTC ATA GTC AAG ACC CTG CTT CAT GCC CGA GGC TTT CAG AAG CAC AAG TCT CTA AAG ATC ATC TTT CTG GTG GTA GCT GTG TTC CTG CTG ACC CAG ACA CCC TTC AAC ATG GTG AAG CTC ATC CGG AGC ACA AAC TGG GAA TAC CAC ACC ATG ACC AGT TTT GAC TAC GCC ATT ACA GTG ACA GAG GCC ATT GCC TAC CTG CGG GCC TGC CTT AAC CCT GTG CTC TAT GCC TTT GTC AGC CTG AAG TTT CGG AGG AAT TTC TGG AAA CTT GTG AAG GAC ATT GGT TGC CTC CCT TAT CTT GGT GCC TCA AGT CAA TGG AAA TCT TCT GAG GAC ACT TCT AAA ACT TAT TCT GCA TCT CAC AAT GTG GAA GCA ACC AGC ATG ATC CAG TTG 



After deleting gaps. 1017 sites
      5   1017

Dasypus_novemcinctus            ATG GAG AAC GAG GAC TAC GAC GAG AAC CTC ACC CTT GCG GAC GCC AGC AGC CAG GAG CAC GAG CGC TTC CTG CGC TTC CGC CAG CTG TTC CTG CCC TGC ATG TAC GCG GGC GTG TTC GTC TGC GGC CTG GTG GGC AAC TCC CTC GTG CTG GTC ATC TAC GTC TTC TAC CAG AAG CTG AAG AGC CTG ACC GAC ACG CTC CTG GTG AAC CTG CCG CTG GCC GAC CTG GTG TTT GTC TGC ACG CTG CCC TTC TGG GCC TAC GCC GGC ATC CAC GAG TGG GTC TTC GGC AAG GTG GTG TGC AAA ACC CTG CTG GGC ATC TAC ACG CTC AAC TTC TAC ACC TCC ATG CTC ATC CTC ACC TGC ATC ACG GTG GAC CGC TTC CTC GCG GTG GTC CGG GCC ACC AAG ACC TAC AAC CAG CAG GCC AAG TGC ACG GCC TGG GGC AAG GTC ATC TGC GCG TCG GTC TGG GCG AGC TCG CTG CTG GTC TCC TTG CCG CAG GTC ATC TAC GGC GAC GTC TTT CAT CAC GAC AAG TCC GTC TGC CGT TAC CAC AGC GAG TCC ATT TCC ACG GTG GTC CTT GCC ACC CAG ATG ACG CTG GGC TTC TTC CTG CCG CTG CTG ACC ATG ATG GCC TGT TAC CCG GTC ATC ATC AAG ACG CTG CTC CGT GCC CGA GGC TTC CGG AAG CAC CGG TCC CTG AAG ATC ATC GTC CTG GTG GTG GCT GTG TTC CTG CTG ACC CAG ACG CCC TAC AAC CTG GCG AAG CTC GTC CGC AGC ACG CGC TGG GAG TAC AGA GCC ATG ACC AGC TTC GAC TAC GCC ATC GTG GTG ACG GAG GCC GTG GCC TAC CTG CGG GCC TGC CTG AAC CCT GTG CTC TAC GCC TTC GTC GGC CTC AAG TTT CGC AAG AAC TTC TGG AAG CTC GTG AGG GAC CTC GGC TGC CTC CCG TAT CTC GGG ACC ATA AGC CAG TTC AAG TCT TCC GAG GAC GGT TCT AAA ACC TGT TCT GCC TCT CAC AAC GTG GAG GTC ACC AAC ATG GTC CAG GTG 
Choloepus_didactylus            ATG GAG GAG GGT GAC TAC TCT GAT ATT TTT GAT GCT TCC AAT GAC AGC AGA GAG GCA CAT AAA AAC TTT CTG CAG TTC AGC AAG TTC TTT CTG CCA TGC ACA TAT GTG CTG GTG TTT GTC TGT GGC CTG GTG GGG AAC TCC CTA GTG CTG GTC ATA TAC ATC TTC TAC CAG AAG CTG AAG AGC CTG ACG GAT GTG TTC TTG GTG AAC CTG CCA CTG GCT GAC TTG GTG TTT GTC TGC ACT CTG CCC TTC TGG GCC TAT GCA GGC ATC CAT GGG TGG GTC TTT GGC AAG TTT GTG TGC AAA ACT CTG CTG GGC ATC TAC ACT TTG AAC TTC TAC ACA TCC ATG CTC ATC CTT ACC TGC ATC ACT GTG GAT CGC TTC ATC ATG GTG GTT CAG GCC ACC AAG GCC CAC AAC CAG CAG GCC AAA TGG ATG ACC TGG GGC AAG GTC ATC TGC TCG GCC ATC TGG GCC ATC TCC CTG CTG GTT TCC TTG CCA CAG ATC ATC TAT GGT GAT GTC TTT TAT CTT GAC AAG ACC ATC TGT GGC TAC CAC AAT GAT GAT ATT TCC ACT GTG GTC CTT GCC AGC CAG ATG ATA CTG GGG TTC TTT CTA CCG CTG CTT GCC ATG ATT GCC TGT TAC ACA GTC ATA ATC AAG ACA CTG CTT CAT GCC CGA GGC TTC CGG AAG CAC AAG TCT CTA AAG ATC ATC TTC CTG GTG GTG GCT GTG TTC CTG CTG ACT CAG ACG CCC TTC AAC CTC GTG ATG CTC ATC CGT AGC ACG AGA TGG GAG TAC TAT GCC ATG ACC AGC TTT GAC TAT GCC ATC ACA GTG ACA GAG GCC ATT GCC TAC CTG CGG GCC TGC CTT AAC CCT GTG CTC TAC GCC TTT GTT TGC CTG AAG TTT CGG AAA AAC TTC TGG AAA CTT GTG AAG GAC ATT GGC TGC CTC CCT TTT CTT GGT GCC TCA AAC CAA CTG AAG ACT TCT GAA GAC ACT TCT AAA ACT TGT TCT GCC TCT CAC AAC ATG GAG GCC ACC AGC ATG TTC CAG TTG 
Choloepus_hoffmanni             ATG GAG GAG GGT GAC TAC TCT GAT ATT TTT GAT GCT TCC AAT GAC AGC AGA GAG GCA CAT AAA AAC TTT CTG CAG TTC AGC AAG TTC TTC CTG CCA TGC ACA TAT GTG CTG GTG TTT GTC TGT GGC CTG GTG GGG AAC TCC CTA GTG CTG GTC ATA TAC ATC TTC TAC CAG AAG CTG AAG AGC CTG ACG GAT GTG TTC CTG GTG AAC CTG CCA CTG GCT GAC TTG GTG TTT GTC TGC ACT CTG CCC TTC TGG GCC TAT GCA GGC ATC CAT GGG TGG GTC TTT GGC AAG TTT GTG TGC AAA ACT CTG CTG GGC ATC TAC ACT TTG AAC TTC TAC ACA TCC ATG CTC ATC CTT ACC TGC ATC ACT GTG GAT CGC TTC ATC ATG GTG GTT CAG GCC ACC AAG GCC CAC AAC CAG CAG GCC AAG TGG ATG ACC TGG GGC AAG GTC ATC TGC TCG GCC ATC TGG GCC ATC TCC CTG CTG GTT TCC TTG CCA CAG ATC ATC TAT GGT GAT GTC TTT TAT CTT GAC AAG ACC ATC TGT GGC TAC CAC AAT GAT GAT ATT TCC ACT GTG GTC CTT GCC AGC CAG ATG ATA CTG GGG TTC TTT CTA CCG CTG CTT GCC ATG ATT GCC TGT TAC ACA GTC ATA ATC AAG ACA CTG CTT CAT GCC CGA GGC TTC CGG AAG CAC AAA TCT CTA AAG ATC ATC TTC CTG GTG GTG GCT GTG TTC CTG CTG ACT CAG ACG CCA TTC AAC CTT GTG ATG CTC ATC CGT AGC ACG AGA TGG GAG TAC TAT GCC ATG ACC AGC TTT GAC TAT GCC ATC ACA GTG ACA GAG GCC ATT GCC TAC CTG CGG GCC TGC CTT AAC CCT GTG CTC TAC GCC TTT GTT TGC CTG AAG TTT CGG AAA AAC TTC TGG AAA CTT GTG AAG GAC ATT GGC TGC ATC CCT TTT CTT GGT GCC TCA AAC CAA CTG AAG ACT TCT GAA GAC ACT TCT AAA ACT TGT TCT GCC TCT CAC AAC ATG GAG GCC ACC AGC ATG TTC CAG TTG 
Myrmecophaga_tridactyla         ATG GTG GAG GAT GAC TAC CCT GGG TTT TTT AAC ACC TCT AAA GAC AGC AGC CAG GAG CAC AAA CAC TTC GTG CAG TTC AGA AAT TTC TTC CTG CCC TGC GTG TAT GTG GTG GTG TTC ATC TGT GGC CTG CTG GGA AAC TCC CTA GTG CTG ATC ATA TAC ATC TTC TAC CAG AAG CTG AAG AGC CTA ACA GAT GTG TTC CTG GTG AAC CTG CCC CTG GCT GAC TTG GTG TTT GTG TGC ACT TTG CCC TTC TGG GCC TAT GCG GGC ATC CAT GAG TGG ATC TTT GGC AAT TTT GTG TGC AAA ACC CTG CTA GGC ATC TAC ACT TTG AAC TTC TAC ACA TCC ATG CTC ATT CTT ACC TGC ATC ACT GTG GAC CGC TTC ATT GCG GTG GTT CAG GCC ACT AAG GCC CAC AAC CAG CAG GCG AAG AGG ATG ACC TGG GGC AAG GTC ATC TGT TTG TCC GTC TGG GCC GTC TCC CTG CTG GTT TCC TTG CCA CAA ATC ATC TAT GGC AAT GTC TCT CAT TTC AAC AAG TCC ATC TGT GAC TAC CAC GAT GAC ACC ATT TTC ACT GTG GTC CTT GCC ACC CAA ATG ACA CTG GGG TTC TTC CTG CCA CTG CTT GCC ATG ATT GTC TGT TAT TCA GTC ATA GTC AAG ACC CTG CTT CAT GCC CGA GGC TTT CAG AAG CAC AAA TCT CTA AAG ATC ATC TTT CTG GTG GTA GCT GTG TTC CTG CTG ACC CAG ACA CCC TTC AAC ATG GTG AAG CTC ATC CGG AGC ACG AAC TGG GAA TAC CAC ACC ATG ACC AGT TTT GAC TAT GCC ATT ACA GTG ACA GAG GCC ATT GCC TAC CTG CGG GCC TGC CTT AAC CCT GTG CTC TAT GCC TTT GTC AGT CTG AAG TTT CGG AGG AAT TTC TGG AAA CTT GTG AAG GAC ATT GGC TGC CTC CCT TAT CTC GGT GCC TCA GGT CAA TGG AAA TCT TCT GAG GAC ACT TCT AAA ACT TAT TCT GCA TCT CAC AAT GTG GAA GCA ACC AGC ATG ATC CAG TTG 
Tamandua_tetradactyla           ATG GTG GAG GAT GAC TAC CCT GGG TTT TTT AAC ACC TCC AAA GAC AGC AGC CAG GAG CAC AAA CAC TTC GTG CAG TTC AGA AAT TTC TTC CTG CCC TGT GTG TAT GTG GTG GTG TTC ATC TGT GGC CTG CTG GGA AAC TCC CTA GTG CTG ATC ATA TAC ATC TTC TAC CAG AAG CTG AAG AGC CTA ACA GAT GTG TTC CTG GTG AAC CTG CCC CTG GCT GAC TTG GTG TTT GTG TGC ACT TTG CCC TTC TGG GCC TAT GCG GGC ATC CAT GAG TGG ATC TTC GGC AAT TTT GTG TGC AAA ACC CTG CTA GGC ATC TAC ACT TTG AAC TTC TAC ACA TCC ATG CTC ATT CTT ACC TGC ATC ACT GTG GAC CGC TTC ATT GCG GTG GTT CAG GCC ACT AAG GCC CAC AAC CAG CAA GCG AAG AGG ATG ACC TGG GGC AAG GTC ATC TGT TTG TCT GTC TGG GCC ATC TCC CTG CTG GTT TCC TTG CCA CAA ATC ATC TAT GGC AAT GTC TCT CAT TTC AAC AAG TCC ATC TGT GAC TAC CAC GAT GAC ACC ATT TTC ACT GTG GTC CTT GCC ACC CAA ATG ACA CTG GGG TTC TTC CTG CCA CTG CTT GCC ATG ATT GTC TGT TAT TCA GTC ATA GTC AAG ACC CTG CTT CAT GCC CGA GGC TTT CAG AAG CAC AAG TCT CTA AAG ATC ATC TTT CTG GTG GTA GCT GTG TTC CTG CTG ACC CAG ACA CCC TTC AAC ATG GTG AAG CTC ATC CGG AGC ACA AAC TGG GAA TAC CAC ACC ATG ACC AGT TTT GAC TAC GCC ATT ACA GTG ACA GAG GCC ATT GCC TAC CTG CGG GCC TGC CTT AAC CCT GTG CTC TAT GCC TTT GTC AGC CTG AAG TTT CGG AGG AAT TTC TGG AAA CTT GTG AAG GAC ATT GGT TGC CTC CCT TAT CTT GGT GCC TCA AGT CAA TGG AAA TCT TCT GAG GAC ACT TCT AAA ACT TAT TCT GCA TCT CAC AAT GTG GAA GCA ACC AGC ATG ATC CAG TTG 



Printing out site pattern counts


         5        594  P

Dasypus_novemcinctus            AAA AAC AAC AAC AAC AAC AAG AAG AAG AAG AAG AAG AAG ACC ACC ACC ACC ACC ACC ACC ACC ACC ACG ACG ACG ACG ACG ACG ACG ACG AGA AGC AGC AGC AGC AGC AGC AGG ATA ATC ATC ATC ATC ATG ATG ATG ATT CAC CAC CAC CAC CAG CAG CAG CAG CAG CAG CAT CCC CCC CCC CCG CCG CCG CCG CCG CCT CGA CGC CGC CGC CGC CGC CGC CGC CGG CGG CGG CGG CGT CGT CTC CTC CTC CTC CTC CTC CTC CTC CTC CTC CTC CTG CTG CTG CTG CTG CTG CTG CTG CTG CTG CTG CTT CTT GAC GAC GAC GAC GAC GAC GAC GAG GAG GAG GAG GAG GAG GAG GAG GAG GAG GCC GCC GCC GCC GCC GCC GCC GCC GCC GCG GCG GCG GCG GCG GCT GGC GGC GGC GGC GGC GGC GGC GGG GGT GTC GTC GTC GTC GTC GTC GTC GTC GTC GTC GTG GTG GTG GTG GTG GTG GTG GTG TAC TAC TAC TAC TAC TAC TAT TCC TCC TCC TCC TCC TCG TCG TCT TCT TGC TGC TGC TGC TGC TGG TGT TGT TTC TTC TTC TTC TTC TTC TTC TTG TTT TTT 
Choloepus_didactylus            ... ... ... .G. .TT G.G ..A ..A ..A ... ... ... .T. ..A ... ... ..G ..T ..T .G. GAT G.. ..A ..A ... ... ..T .TA .T. GT. TAT .A. .AT ..A ... ... .T. .A. TC. ..A ... ... ... .CA ... ..T ... ... ..T ..T .TT A.. ..A ... ... ... G.. T.. ..A ... ... A.A ..A ..A ... ..T ... ... AA. A.A A.. .AG ... ..G ..T AA. .A. ... ... .A. G.C A.. A.T ..A ... ... ..G ..T ..T T.. T.G T.T ..A ..A ..C ... ... ... ... ..T T.C T.. T.. ... GC. A.T ... ... ..T ..T ..T TCT A.A ..A ... ... ... ..T ..T .CA .G. .GT A.. .A. ..A ... ... ... ... ... ..T AT. ..C .T. T.C T.. ... CTG ... ... ..G ..G ..T T.. ..T AC. A.. A.. .C. ... ... ... ..T ..T T.. T.. ACA A.. A.T ... ... ... T.. T.T C.. ... ... ..T ..T .T. .T. A.. GAT ... ... ..T G.C ..C A.. ... ... ... ... ..G ..T ... ... ... C.G ... ... ..T ..T ..T ..T ... ... ... 
Choloepus_hoffmanni             ... ... ... .G. .TT G.G ..A ..A ... ... ... ... .T. ..A ... ... ..G ..T ..T .G. GAT G.. ..A ..A ... ... ..T .TA .T. GT. TAT .A. .AT ..A ... ... .T. .A. TC. ..A ... ... ... .CA ... ..T ... ... ..T ..T .TT A.. ..A ... ... ... G.. T.. ..A ..A ... A.A ..A ..A ... ..T ... ... AA. A.A A.. .AG ... ..G ..T AAA .A. ... ... .A. G.C A.. A.T ..A A.. ... ..G ..T ..T T.. T.G T.T ..A ..A ..T ... ... ... ... ..T T.C ... T.. ... GC. A.T ... ... ..T ..T ..T TCT A.A ..A ... ... ... ..T ..T .CA .G. .GT A.. .A. ..A ... ... ... ... ... ..T AT. ..C .T. T.C T.. ... CTG ... ... ..G ..G ..T T.. ..T AC. A.. A.. .C. ... ... ... ..T ..T T.. T.. ACA A.. A.T ... ... ... T.. T.T C.. ... ... ..T ..T .T. .T. A.. GAT ... ... ..T G.C ..C A.. ... ... ... ... ..G ..T ... ... ... C.G ... ... ... ..T ..T ..T ... ... ... 
Myrmecophaga_tridactyla         ... ... ..T .G. TTT G.G ..A .G. ... ..A ... ..T ... ..A ... ..T ..A ... ..T ... .A. G.. ..A ..C ..A ... ..T ..A .T. GT. CAC G.T GAT ... ... ..T GT. .A. TC. ..A ... ..T G.. G.. ... ..T ... ... ... ..T TT. A.T ..A ..A ... ... ... ... ... ... ... T.A ..A ..C ..A ..T ... ... .A. AA. A.A .AG ... ..G ..G AAA .A. .A. ... .A. GAC A.T A.T ..A ... ... ..G ... ..T T.. T.G T.T ..A ... A.. ..A ... G.. T.. ..T T.C ... T.. ... ACC A.A A.. ... A.T ... ..T CCT A.A ... ..A ... .T. ..C .G. ... ... ..T A.. .A. ..G A.. ..A ... ..G .T. ..T ... ..C .T. T.T TT. ... .TG ... ... ..A ..G ... A.T ..T AC. A.. ... .CA A.. ... ..G ... ..T A.. T.T ACA ... A.T C.. ..A ... T.. T.T C.. ... ..T ..T ..T .T. ... ... A.. ... .T. ..T ..C ..C ... ... ... ... ..T A.G ..T ... .A. ... .GG ... ..T ... ... ..T ..T ... .C. ... 
Tamandua_tetradactyla           ... ... ..T .G. TTT G.G ..A .G. ... ..A ... ..T ... ..A ... ..T ..A ... ..T ... .A. G.. ..A ..C ..A ..A ..T ..A .T. GT. CAC ..T GAT ... ... ..T .T. .A. TC. ..A ... ..T G.. G.. ... ..T ... ... ... ..T TT. A.T ..A ..A ..A ... ... ... ... ... ... T.A ..A ..C ..A ..T ... ... .A. AA. A.A .AG ... ..G ..G AA. .A. .A. ... .A. GAC A.T A.T ..A ... ... ..G ..T ..T T.. T.G T.T ..A ... A.. ..A ... G.. T.. ..T T.C ... T.. ... ACC A.A A.. ... A.T ... ..T CCT A.A ... ..A ... .T. ..C .G. ... ... ..T A.. .A. ..G A.. ..A ... ..G .T. ..T ... ..C .T. T.C TT. ... .TG ... ..T ..A ..G ... A.. ..T AC. A.. ... .CA A.. ... ..G ... ..T A.. T.T ACA ... A.T C.. ..A ... T.. T.T C.. ... ..T ... ..T .T. ... ... A.. ... .T. ..T ..T ..C ... ... ... ..T ..T A.G ..T ... .A. ... .GG ... ..T ... ... ... ..T ... .C. ... 

    2    6    2    1    1    1    1    1    1    1    9    1    1    1    3
    1    1    2    1    1    1    3    1    1    1    1    4    1    1    1
    1    1    1    1    3    1    1    1    1    2    7    2    1    1    6
    1    1    3    1    1    1    1    1    2    1    4    1    1    1    1
    1    1    1    1    1    1    1    1    1    1    1    1    1    1    1
    1    1    1    1    1    1    1    1    1    1    3    1    1    3    1
    1    1    1    1    1    2   16    1    1    2    1    1    1    1    1
    1    1    5    1    1    1    1    1    1    2    1    1    1    1    1
    1    1    1    1    1    1    1    9    1    1    1    1    1    2    1
    1    1    1    6    1    1    1    1    1    1    1    4    1    1    3
    4    1    1    2    1    1    1    1    1    1    1   13    1    1    1
    8    2    1    3    1    1    1    1    3    1    2    1    1    1    3
    5    1    1    1    2    6    1    1    1    8    1    1    3    1    2
    1    1    2

CODONML (in paml version 4.9, March 2015)  Xenarthra.aln
Model: free dN/dS Ratios for branches for branches, 
Codon frequency model: F3x4
ns =   5  ls = 339

Codon usage in sequences
----------------------------------------------------------------------------------------------------------------------
Phe TTT   3  13  12  10   9 | Ser TCT   4   6   6   8   8 | Tyr TAT   1   6   6   8   7 | Cys TGT   2   4   4   4   5
    TTC  17  14  15  17  18 |     TCC   8   6   6   6   6 |     TAC  16  10  10   8   9 |     TGC  10   8   8   6   5
Leu TTA   0   0   0   0   0 |     TCA   0   1   1   2   2 | *** TAA   0   0   0   0   0 | *** TGA   0   0   0   0   0
    TTG   1   5   4   6   6 |     TCG   2   1   1   0   0 |     TAG   0   0   0   0   0 | Trp TGG   6   7   7   7   7
----------------------------------------------------------------------------------------------------------------------
Leu CTT   2   8   9   6   7 | Pro CCT   1   2   2   3   3 | His CAT   1   3   3   3   3 | Arg CGT   2   1   1   0   0
    CTC  15   5   3   5   4 |     CCC   3   2   1   4   4 |     CAC   6   4   4   7   7 |     CGC   7   1   1   1   1
    CTA   0   3   3   4   4 |     CCA   0   3   4   2   2 | Gln CAA   0   1   1   3   4 |     CGA   1   1   1   1   1
    CTG  28  23  24  20  20 |     CCG   5   1   1   0   0 |     CAG  10   9   9   9   8 |     CGG   4   3   3   3   3
----------------------------------------------------------------------------------------------------------------------
Ile ATT   1   5   5   7   7 | Thr ACT   0   9   9   7   7 | Asn AAT   0   2   2   5   5 | Ser AGT   0   0   0   2   2
    ATC  12  17  18  15  16 |     ACC  14   6   6  11  11 |     AAC  11  10  10   9   9 |     AGC   8   7   7   5   6
    ATA   1   3   3   2   2 |     ACA   0   6   6   6   7 | Lys AAA   2   6   6   7   6 | Arg AGA   1   2   2   1   1
Met ATG   8  10  10   8   8 |     ACG  11   3   3   1   0 |     AAG  15  14  14  12  13 |     AGG   1   0   0   2   2
----------------------------------------------------------------------------------------------------------------------
Val GTT   0   3   3   2   2 | Ala GCT   1   3   3   2   2 | Asp GAT   0   7   7   3   3 | Gly GGT   1   3   3   2   2
    GTC  19   8   8   9   8 |     GCC  17  19  19  13  13 |     GAC  11   7   7   9   9 |     GGC  12   8   8   8   7
    GTA   0   0   0   1   1 |     GCA   0   2   2   2   2 | Glu GAA   0   1   1   2   2 |     GGA   0   0   0   1   1
    GTG  20  18  18  22  22 |     GCG   6   0   0   3   3 |     GAG  11   6   6   5   5 |     GGG   1   3   3   2   2
----------------------------------------------------------------------------------------------------------------------

Codon position x base (3x4) table for each sequence.

#1: Dasypus_novemcinctus
position  1:    T:0.20649    C:0.25074    A:0.25074    G:0.29204
position  2:    T:0.37463    C:0.21239    A:0.24779    G:0.16519
position  3:    T:0.05605    C:0.54867    A:0.01475    G:0.38053
Average         T:0.21239    C:0.33727    A:0.17109    G:0.27925

#2: Choloepus_didactylus
position  1:    T:0.23894    C:0.20649    A:0.29499    G:0.25959
position  2:    T:0.39823    C:0.20649    A:0.25369    G:0.14159
position  3:    T:0.22124    C:0.38938    A:0.08555    G:0.30383
Average         T:0.28614    C:0.26745    A:0.21141    G:0.23500

#3: Choloepus_hoffmanni
position  1:    T:0.23599    C:0.20649    A:0.29794    G:0.25959
position  2:    T:0.39823    C:0.20649    A:0.25369    G:0.14159
position  3:    T:0.22124    C:0.38643    A:0.08850    G:0.30383
Average         T:0.28515    C:0.26647    A:0.21337    G:0.23500

#4: Myrmecophaga_tridactyla
position  1:    T:0.24189    C:0.20944    A:0.29499    G:0.25369
position  2:    T:0.39528    C:0.20649    A:0.26549    G:0.13274
position  3:    T:0.21239    C:0.39233    A:0.10029    G:0.29499
Average         T:0.28319    C:0.26942    A:0.22026    G:0.22714

#5: Tamandua_tetradactyla
position  1:    T:0.24189    C:0.20944    A:0.30088    G:0.24779
position  2:    T:0.39528    C:0.20649    A:0.26549    G:0.13274
position  3:    T:0.21239    C:0.39233    A:0.10324    G:0.29204
Average         T:0.28319    C:0.26942    A:0.22321    G:0.22419

Sums of codon usage counts
------------------------------------------------------------------------------
Phe F TTT      47 | Ser S TCT      32 | Tyr Y TAT      28 | Cys C TGT      19
      TTC      81 |       TCC      32 |       TAC      53 |       TGC      37
Leu L TTA       0 |       TCA       6 | *** * TAA       0 | *** * TGA       0
      TTG      22 |       TCG       4 |       TAG       0 | Trp W TGG      34
------------------------------------------------------------------------------
Leu L CTT      32 | Pro P CCT      11 | His H CAT      13 | Arg R CGT       4
      CTC      32 |       CCC      14 |       CAC      28 |       CGC      11
      CTA      14 |       CCA      11 | Gln Q CAA       9 |       CGA       5
      CTG     115 |       CCG       7 |       CAG      45 |       CGG      16
------------------------------------------------------------------------------
Ile I ATT      25 | Thr T ACT      32 | Asn N AAT      14 | Ser S AGT       4
      ATC      78 |       ACC      48 |       AAC      49 |       AGC      33
      ATA      11 |       ACA      25 | Lys K AAA      27 | Arg R AGA       7
Met M ATG      44 |       ACG      18 |       AAG      68 |       AGG       5
------------------------------------------------------------------------------
Val V GTT      10 | Ala A GCT      11 | Asp D GAT      20 | Gly G GGT      11
      GTC      52 |       GCC      81 |       GAC      43 |       GGC      43
      GTA       2 |       GCA       8 | Glu E GAA       6 |       GGA       2
      GTG     100 |       GCG      12 |       GAG      33 |       GGG      11
------------------------------------------------------------------------------


Codon position x base (3x4) table, overall

position  1:    T:0.23304    C:0.21652    A:0.28791    G:0.26254
position  2:    T:0.39233    C:0.20767    A:0.25723    G:0.14277
position  3:    T:0.18466    C:0.42183    A:0.07847    G:0.31504
Average         T:0.27001    C:0.28201    A:0.20787    G:0.24012

Codon frequencies under model, for use in evolver (TTT TTC TTA TTG ... GGG):
  0.01733739  0.03960459  0.00736701  0.02957881
  0.00917709  0.02096363  0.00389953  0.01565676
  0.01136707  0.02596632  0.00000000  0.00000000
  0.00630925  0.01441250  0.00000000  0.01076402
  0.01610841  0.03679718  0.00684479  0.02748209
  0.00852656  0.01947760  0.00362311  0.01454691
  0.01056131  0.02412567  0.00448771  0.01801833
  0.00586201  0.01339085  0.00249089  0.01000100
  0.02141936  0.04892922  0.00910152  0.03654294
  0.01133777  0.02589938  0.00481765  0.01934303
  0.01404337  0.03207991  0.00596731  0.02395898
  0.00779472  0.01780582  0.00331213  0.01329833
  0.01953200  0.04461783  0.00829954  0.03332297
  0.01033874  0.02361726  0.00439314  0.01763862
  0.01280594  0.02925319  0.00544150  0.02184784
  0.00710789  0.01623686  0.00302028  0.01212655



Nei & Gojobori 1986. dN/dS (dN, dS)
(Note: This matrix is not used in later ML. analysis.
Use runmode = -2 for ML pairwise comparison.)

Dasypus_novemcinctus
Choloepus_didactylus 0.2754 (0.1409 0.5117)
Choloepus_hoffmanni  0.2831 (0.1425 0.5034) 0.0512 (0.0013 0.0252)
Myrmecophaga_tridactyla 0.2666 (0.1520 0.5699) 0.2786 (0.0899 0.3225) 0.3010 (0.0913 0.3035)
Tamandua_tetradactyla 0.2561 (0.1487 0.5804) 0.2535 (0.0869 0.3428) 0.2629 (0.0884 0.3360) 0.0548 (0.0026 0.0471)


TREE #  1:  (1, (5, 4), (3, 2));   MP score: 245
lnL(ntime:  7  np: 15):  -2487.475510      +0.000000
   6..1     6..7     7..5     7..4     6..8     8..3     8..2  
 0.684404 0.237164 0.025073 0.012751 0.178703 0.007631 0.012547 3.873192 0.154437 0.281821 0.000100 0.297426 0.376234 0.213890 0.000100

Note: Branch length is defined as number of nucleotide substitutions per codon (not per neucleotide site).

tree length =   1.15827

(1: 0.684404, (5: 0.025073, 4: 0.012751): 0.237164, (3: 0.007631, 2: 0.012547): 0.178703);

(Dasypus_novemcinctus: 0.684404, (Tamandua_tetradactyla: 0.025073, Myrmecophaga_tridactyla: 0.012751): 0.237164, (Choloepus_hoffmanni: 0.007631, Choloepus_didactylus: 0.012547): 0.178703);

Detailed output identifying parameters

kappa (ts/tv) =  3.87319

w (dN/dS) for branches:  0.15444 0.28182 0.00010 0.29743 0.37623 0.21389 0.00010

dN & dS for each branch

 branch          t       N       S   dN/dS      dN      dS  N*dN  S*dS

   6..1      0.684   778.1   238.9  0.1544  0.0998  0.6462  77.6 154.4
   6..7      0.237   778.1   238.9  0.2818  0.0495  0.1755  38.5  41.9
   7..5      0.025   778.1   238.9  0.0001  0.0000  0.0356   0.0   8.5
   7..4      0.013   778.1   238.9  0.2974  0.0027  0.0092   2.1   2.2
   6..8      0.179   778.1   238.9  0.3762  0.0429  0.1139  33.4  27.2
   8..3      0.008   778.1   238.9  0.2139  0.0014  0.0064   1.1   1.5
   8..2      0.013   778.1   238.9  0.0001  0.0000  0.0178   0.0   4.3

tree length for dN:       0.1962
tree length for dS:       1.0045

dS tree:
(Dasypus_novemcinctus: 0.646155, (Tamandua_tetradactyla: 0.035567, Myrmecophaga_tridactyla: 0.009190): 0.175472, (Choloepus_hoffmanni: 0.006382, Choloepus_didactylus: 0.017799): 0.113948);
dN tree:
(Dasypus_novemcinctus: 0.099790, (Tamandua_tetradactyla: 0.000004, Myrmecophaga_tridactyla: 0.002733): 0.049452, (Choloepus_hoffmanni: 0.001365, Choloepus_didactylus: 0.000002): 0.042871);

w ratios as labels for TreeView:
(Dasypus_novemcinctus #0.154437 , (Tamandua_tetradactyla #0.0001 , Myrmecophaga_tridactyla #0.297426 ) #0.281821 , (Choloepus_hoffmanni #0.21389 , Choloepus_didactylus #0.0001 ) #0.376234 );


Time used:  0:14
