
Loaded 'libv3/convenience/matrix.bf' from /usr/local/lib/hyphy/TemplateBatchFiles/libv3/convenience/matrix.bf
Loaded 'libv3/UtilityFunctions.bf' from /usr/local/lib/hyphy/TemplateBatchFiles/libv3/UtilityFunctions.bf
Loaded 'IOFunctions.bf' from /usr/local/lib/hyphy/TemplateBatchFiles/libv3/IOFunctions.bf
Already loaded 'libv3/UtilityFunctions.bf' from /usr/local/lib/hyphy/TemplateBatchFiles/libv3/UtilityFunctions.bf
Loaded 'convenience/regexp.bf' from /usr/local/lib/hyphy/TemplateBatchFiles/libv3/convenience/regexp.bf
Loaded 'libv3/all-terms.bf' from /usr/local/lib/hyphy/TemplateBatchFiles/libv3/all-terms.bf
Variable 'skipCodeSelectionStep' was not initialized prior to being used
Row and/or column partition is empty. All the data will be used by default.
Overwritten previously defined function:'GaussLaguerreQuardature'
Overwritten previously defined function:'GammaQuadWeight'
Variable 'SKIP_HARVEST_FREQ' was not initialized prior to being used
Variable '_WRAP_PASSTHROUGH_FLAG_' was not initialized prior to being used
Variable 'END_OF_FILE' was not initialized prior to being used
Variable '_DO_TREE_REBALANCE_' was not initialized prior to being used
Variable '_KEEP_I_LABELS_' was not initialized prior to being used
Model MG94customModel assigned to Leptosomus_discolor
Leptosomus_discolor has 2 parameters - branch length not assigned
Model MG94customModel assigned to Colius_striatus
Colius_striatus has 2 parameters - branch length not assigned
Model MG94customModel assigned to Node2
Node2 has 2 parameters - branch length not assigned
Model MG94customModel assigned to Tyto_alba
Tyto_alba has 2 parameters - branch length not assigned
Model MG94customModel assigned to Node1
Node1 has 2 parameters - branch length not assigned
Model MG94customModel assigned to Haliaeetus_leucocephalus
Haliaeetus_leucocephalus has 2 parameters - branch length not assigned
Model MG94customModel assigned to Aquila_chrysaetos
Aquila_chrysaetos has 2 parameters - branch length not assigned
Model MG94customModel assigned to Node6
Node6 has 2 parameters - branch length not assigned
Model MG94customModel assigned to Chloebia_gouldiae
Chloebia_gouldiae has 2 parameters - branch length not assigned
Model MG94customModel assigned to Falco_peregrinus
Falco_peregrinus has 2 parameters - branch length not assigned
Model MG94customModel assigned to Falco_tinnunculus
Falco_tinnunculus has 2 parameters - branch length not assigned
Model MG94customModel assigned to Node11
Node11 has 2 parameters - branch length not assigned
Model MG94customModel assigned to Node9
Node9 has 2 parameters - branch length not assigned
The tips of the tree:givenTree were matched with the species names from the data in the following numeric order (0-based) {4,5,3,2,1,0,6,7}

Pseudo-optimal path's cost 2400 vs 3372 for 1..k=> a 1.405 x improvement
Partition 0 reversible model flag computed as 1
Variable 'theLnLik' was not initialized prior to being used
Variable 'SAVE_OPT_STATUS_TO' was not initialized prior to being used
Variable 'givenTree.Leptosomus_discolor.nonSynRate' was not initialized prior to being used
Variable 'givenTree.Leptosomus_discolor.synRate' was not initialized prior to being used
Variable 'givenTree.Colius_striatus.nonSynRate' was not initialized prior to being used
Variable 'givenTree.Colius_striatus.synRate' was not initialized prior to being used
Variable 'givenTree.Tyto_alba.nonSynRate' was not initialized prior to being used
Variable 'givenTree.Tyto_alba.synRate' was not initialized prior to being used
Variable 'givenTree.Haliaeetus_leucocephalus.nonSynRate' was not initialized prior to being used
Variable 'givenTree.Haliaeetus_leucocephalus.synRate' was not initialized prior to being used
Variable 'givenTree.Aquila_chrysaetos.nonSynRate' was not initialized prior to being used
Variable 'givenTree.Aquila_chrysaetos.synRate' was not initialized prior to being used
Variable 'givenTree.Chloebia_gouldiae.nonSynRate' was not initialized prior to being used
Variable 'givenTree.Chloebia_gouldiae.synRate' was not initialized prior to being used
Variable 'givenTree.Falco_peregrinus.nonSynRate' was not initialized prior to being used
Variable 'givenTree.Falco_peregrinus.synRate' was not initialized prior to being used
Variable 'givenTree.Falco_tinnunculus.nonSynRate' was not initialized prior to being used
Variable 'givenTree.Falco_tinnunculus.synRate' was not initialized prior to being used
Variable 'givenTree.Node2.nonSynRate' was not initialized prior to being used
Variable 'givenTree.Node2.synRate' was not initialized prior to being used
Variable 'givenTree.Node1.nonSynRate' was not initialized prior to being used
Variable 'givenTree.Node1.synRate' was not initialized prior to being used
Variable 'givenTree.Node6.nonSynRate' was not initialized prior to being used
Variable 'givenTree.Node6.synRate' was not initialized prior to being used
Variable 'givenTree.Node11.nonSynRate' was not initialized prior to being used
Variable 'givenTree.Node11.synRate' was not initialized prior to being used
Variable 'givenTree.Node9.nonSynRate' was not initialized prior to being used
Variable 'givenTree.Node9.synRate' was not initialized prior to being used
Site 29 evaluated to a 0 probability in ComputeTreeBlockByBranch
Site 140 evaluated to a 0 probability in ComputeTreeBlockByBranch
Site 29 evaluated to a 0 probability in ComputeTreeBlockByBranch
Auto-benchmarked an optimal number (1) of threads.
Set GUI update interval to every 58-th LF evaluation.
Initial guess for givenTree.Node2.nonSynRate is 0.000684969
Initial guess for givenTree.Node2.synRate is -0.000545586
Initial guess for givenTree.Leptosomus_discolor.nonSynRate is 0.0254087
Initial guess for givenTree.Leptosomus_discolor.synRate is 0.00683958
Initial guess for givenTree.Colius_striatus.nonSynRate is 0.0607895
Initial guess for givenTree.Colius_striatus.synRate is 0.031313
Initial guess for givenTree.Tyto_alba.nonSynRate is 0.0180119
Initial guess for givenTree.Tyto_alba.synRate is 0.00965468
Initial guess for givenTree.Node6.nonSynRate is -0.00292069
Initial guess for givenTree.Node6.synRate is -0.000233424
Initial guess for givenTree.Haliaeetus_leucocephalus.nonSynRate is 0.00635484
Initial guess for givenTree.Haliaeetus_leucocephalus.synRate is 0.000755418
Initial guess for givenTree.Aquila_chrysaetos.nonSynRate is 0.0067191
Initial guess for givenTree.Aquila_chrysaetos.synRate is 0.00108452
Initial guess for givenTree.Node9.nonSynRate is 0.0149011
Initial guess for givenTree.Node9.synRate is 0.00490236
Initial guess for givenTree.Chloebia_gouldiae.nonSynRate is 0.116587
Initial guess for givenTree.Chloebia_gouldiae.synRate is 0.0631762
Initial guess for givenTree.Node11.nonSynRate is 0.00734269
Initial guess for givenTree.Node11.synRate is 6.26823e-05
Initial guess for givenTree.Falco_peregrinus.nonSynRate is 0.0033965
Initial guess for givenTree.Falco_peregrinus.synRate is 0.00108484
Initial guess for givenTree.Falco_tinnunculus.nonSynRate is 0.0021544
Initial guess for givenTree.Falco_tinnunculus.synRate is 0.000755092
Optimization settings:
	OPTIMIZATION_METHOD = 4
	OPTIMIZATION_PRECISION = 0.001
	MAXIMUM_ITERATIONS_PER_VARIABLE = 5000

Initial parameter values

GT = 1
CT = 1
AC = 1
CG = 1
AT = 1
givenTree.Leptosomus_discolor.synRate = 0.00683958
givenTree.Leptosomus_discolor.nonSynRate = 0.0254087
givenTree.Colius_striatus.synRate = 0.031313
givenTree.Colius_striatus.nonSynRate = 0.0607895
givenTree.Node2.synRate = 0
givenTree.Node2.nonSynRate = 0.000684969
givenTree.Tyto_alba.synRate = 0.00965468
givenTree.Tyto_alba.nonSynRate = 0.0180119
givenTree.Node1.synRate = 0.1
givenTree.Node1.nonSynRate = 0.1
givenTree.Haliaeetus_leucocephalus.synRate = 0.000755418
givenTree.Haliaeetus_leucocephalus.nonSynRate = 0.00635484
givenTree.Aquila_chrysaetos.synRate = 0.00108452
givenTree.Aquila_chrysaetos.nonSynRate = 0.0067191
givenTree.Node6.synRate = 0
givenTree.Node6.nonSynRate = 0
givenTree.Chloebia_gouldiae.synRate = 0.0631762
givenTree.Chloebia_gouldiae.nonSynRate = 0.116587
givenTree.Falco_peregrinus.synRate = 0.00108484
givenTree.Falco_peregrinus.nonSynRate = 0.0033965
givenTree.Falco_tinnunculus.synRate = 0.000755092
givenTree.Falco_tinnunculus.nonSynRate = 0.0021544
givenTree.Node11.synRate = 6.26823e-05
givenTree.Node11.nonSynRate = 0.00734269
givenTree.Node9.synRate = 0.00490236
givenTree.Node9.nonSynRate = 0.0149011
Optimization finished in 25 loop passes.
3378 likelihood evaluation calls and 12667 matrix exponentiations calls were made

Variable 'lastDepth' was not initialized prior to being used
No nodel was assigned to Leptosomus_discolor
Leptosomus_discolor has 0 parameters - branch length not assigned
No nodel was assigned to Colius_striatus
Colius_striatus has 0 parameters - branch length not assigned
No nodel was assigned to Node2
Node2 has 0 parameters - branch length not assigned
No nodel was assigned to Tyto_alba
Tyto_alba has 0 parameters - branch length not assigned
No nodel was assigned to Node1
Node1 has 0 parameters - branch length not assigned
No nodel was assigned to Haliaeetus_leucocephalus
Haliaeetus_leucocephalus has 0 parameters - branch length not assigned
No nodel was assigned to Aquila_chrysaetos
Aquila_chrysaetos has 0 parameters - branch length not assigned
No nodel was assigned to Node6
Node6 has 0 parameters - branch length not assigned
No nodel was assigned to Chloebia_gouldiae
Chloebia_gouldiae has 0 parameters - branch length not assigned
No nodel was assigned to Falco_peregrinus
Falco_peregrinus has 0 parameters - branch length not assigned
No nodel was assigned to Falco_tinnunculus
Falco_tinnunculus has 0 parameters - branch length not assigned
No nodel was assigned to Node11
Node11 has 0 parameters - branch length not assigned
No nodel was assigned to Node9
Node9 has 0 parameters - branch length not assigned
No nodel was assigned to Leptosomus_discolor
Leptosomus_discolor has 0 parameters - branch length not assigned
No nodel was assigned to Colius_striatus
Colius_striatus has 0 parameters - branch length not assigned
No nodel was assigned to Node2
Node2 has 0 parameters - branch length not assigned
No nodel was assigned to Tyto_alba
Tyto_alba has 0 parameters - branch length not assigned
No nodel was assigned to Node1
Node1 has 0 parameters - branch length not assigned
No nodel was assigned to Haliaeetus_leucocephalus
Haliaeetus_leucocephalus has 0 parameters - branch length not assigned
No nodel was assigned to Aquila_chrysaetos
Aquila_chrysaetos has 0 parameters - branch length not assigned
No nodel was assigned to Node6
Node6 has 0 parameters - branch length not assigned
No nodel was assigned to Chloebia_gouldiae
Chloebia_gouldiae has 0 parameters - branch length not assigned
No nodel was assigned to Falco_peregrinus
Falco_peregrinus has 0 parameters - branch length not assigned
No nodel was assigned to Falco_tinnunculus
Falco_tinnunculus has 0 parameters - branch length not assigned
No nodel was assigned to Node11
Node11 has 0 parameters - branch length not assigned
No nodel was assigned to Node9
Node9 has 0 parameters - branch length not assigned
No nodel was assigned to Leptosomus_discolor
Leptosomus_discolor has 0 parameters - branch length not assigned
No nodel was assigned to Colius_striatus
Colius_striatus has 0 parameters - branch length not assigned
No nodel was assigned to Node2
Node2 has 0 parameters - branch length not assigned
No nodel was assigned to Tyto_alba
Tyto_alba has 0 parameters - branch length not assigned
No nodel was assigned to Node1
Node1 has 0 parameters - branch length not assigned
No nodel was assigned to Haliaeetus_leucocephalus
Haliaeetus_leucocephalus has 0 parameters - branch length not assigned
No nodel was assigned to Aquila_chrysaetos
Aquila_chrysaetos has 0 parameters - branch length not assigned
No nodel was assigned to Node6
Node6 has 0 parameters - branch length not assigned
No nodel was assigned to Chloebia_gouldiae
Chloebia_gouldiae has 0 parameters - branch length not assigned
No nodel was assigned to Falco_peregrinus
Falco_peregrinus has 0 parameters - branch length not assigned
No nodel was assigned to Falco_tinnunculus
Falco_tinnunculus has 0 parameters - branch length not assigned
No nodel was assigned to Node11
Node11 has 0 parameters - branch length not assigned
No nodel was assigned to Node9
Node9 has 0 parameters - branch length not assigned
No nodel was assigned to Leptosomus_discolor
Leptosomus_discolor has 0 parameters - branch length not assigned
No nodel was assigned to Colius_striatus
Colius_striatus has 0 parameters - branch length not assigned
No nodel was assigned to Node2
Node2 has 0 parameters - branch length not assigned
No nodel was assigned to Tyto_alba
Tyto_alba has 0 parameters - branch length not assigned
No nodel was assigned to Node1
Node1 has 0 parameters - branch length not assigned
No nodel was assigned to Haliaeetus_leucocephalus
Haliaeetus_leucocephalus has 0 parameters - branch length not assigned
No nodel was assigned to Aquila_chrysaetos
Aquila_chrysaetos has 0 parameters - branch length not assigned
No nodel was assigned to Node6
Node6 has 0 parameters - branch length not assigned
No nodel was assigned to Chloebia_gouldiae
Chloebia_gouldiae has 0 parameters - branch length not assigned
No nodel was assigned to Falco_peregrinus
Falco_peregrinus has 0 parameters - branch length not assigned
No nodel was assigned to Falco_tinnunculus
Falco_tinnunculus has 0 parameters - branch length not assigned
No nodel was assigned to Node11
Node11 has 0 parameters - branch length not assigned
No nodel was assigned to Node9
Node9 has 0 parameters - branch length not assigned
Variable 'nodeName' was not initialized prior to being used
Variable 'speciesIndex' was not initialized prior to being used
Row and/or column partition is empty. All the data will be used by default.
Model MG94customModel assigned to Leptosomus_discolor
Model MG94customModel assigned to Colius_striatus
One branch tree supplied - hopefully this IS what you meant to do.
Rooted tree. Removing one branch - the left root child has been promoted to be the new root
Partition 0 reversible model flag computed as 1
Variable 'twoLnLik' was not initialized prior to being used
Variable 't2.Colius_striatus.nonSynRate' was not initialized prior to being used
Variable 't2.Colius_striatus.synRate' was not initialized prior to being used
Auto-benchmarked an optimal number (3) of threads.
Set GUI update interval to every 5494-th LF evaluation.
Optimization settings:
	OPTIMIZATION_METHOD = 4
	OPTIMIZATION_PRECISION = 0.001
	MAXIMUM_ITERATIONS_PER_VARIABLE = 5000

Initial parameter values

t2.Colius_striatus.nonSynRate = 0.1
t2.Colius_striatus.synRate = 0.1
Optimization finished in 6 loop passes.
155 likelihood evaluation calls and 138 matrix exponentiations calls were made

Row and/or column partition is empty. All the data will be used by default.
Model MG94customModel assigned to Leptosomus_discolor
Model MG94customModel assigned to Tyto_alba
One branch tree supplied - hopefully this IS what you meant to do.
Rooted tree. Removing one branch - the left root child has been promoted to be the new root
Partition 0 reversible model flag computed as 1
Variable 't2.Tyto_alba.nonSynRate' was not initialized prior to being used
Variable 't2.Tyto_alba.synRate' was not initialized prior to being used
Auto-benchmarked an optimal number (4) of threads.
Set GUI update interval to every 5434-th LF evaluation.
Optimization settings:
	OPTIMIZATION_METHOD = 4
	OPTIMIZATION_PRECISION = 0.001
	MAXIMUM_ITERATIONS_PER_VARIABLE = 5000

Initial parameter values

t2.Tyto_alba.nonSynRate = 0.1
t2.Tyto_alba.synRate = 0.1
Optimization finished in 5 loop passes.
185 likelihood evaluation calls and 168 matrix exponentiations calls were made

Row and/or column partition is empty. All the data will be used by default.
Model MG94customModel assigned to Leptosomus_discolor
Model MG94customModel assigned to Haliaeetus_leucocephalus
One branch tree supplied - hopefully this IS what you meant to do.
Rooted tree. Removing one branch - the left root child has been promoted to be the new root
Partition 0 reversible model flag computed as 1
Variable 't2.Haliaeetus_leucocephalus.synRate' was not initialized prior to being used
Variable 't2.Haliaeetus_leucocephalus.nonSynRate' was not initialized prior to being used
Auto-benchmarked an optimal number (2) of threads.
Set GUI update interval to every 5154-th LF evaluation.
Optimization settings:
	OPTIMIZATION_METHOD = 4
	OPTIMIZATION_PRECISION = 0.001
	MAXIMUM_ITERATIONS_PER_VARIABLE = 5000

Initial parameter values

t2.Haliaeetus_leucocephalus.synRate = 0.1
t2.Haliaeetus_leucocephalus.nonSynRate = 0.1
Optimization finished in 6 loop passes.
211 likelihood evaluation calls and 192 matrix exponentiations calls were made

Row and/or column partition is empty. All the data will be used by default.
Model MG94customModel assigned to Leptosomus_discolor
Model MG94customModel assigned to Aquila_chrysaetos
One branch tree supplied - hopefully this IS what you meant to do.
Rooted tree. Removing one branch - the left root child has been promoted to be the new root
Partition 0 reversible model flag computed as 1
Variable 't2.Aquila_chrysaetos.synRate' was not initialized prior to being used
Variable 't2.Aquila_chrysaetos.nonSynRate' was not initialized prior to being used
Auto-benchmarked an optimal number (4) of threads.
Set GUI update interval to every 5555-th LF evaluation.
Optimization settings:
	OPTIMIZATION_METHOD = 4
	OPTIMIZATION_PRECISION = 0.001
	MAXIMUM_ITERATIONS_PER_VARIABLE = 5000

Initial parameter values

t2.Aquila_chrysaetos.synRate = 0.1
t2.Aquila_chrysaetos.nonSynRate = 0.1
Optimization finished in 6 loop passes.
162 likelihood evaluation calls and 142 matrix exponentiations calls were made

Row and/or column partition is empty. All the data will be used by default.
Model MG94customModel assigned to Leptosomus_discolor
Model MG94customModel assigned to Chloebia_gouldiae
One branch tree supplied - hopefully this IS what you meant to do.
Rooted tree. Removing one branch - the left root child has been promoted to be the new root
Partition 0 reversible model flag computed as 1
Variable 't2.Chloebia_gouldiae.synRate' was not initialized prior to being used
Variable 't2.Chloebia_gouldiae.nonSynRate' was not initialized prior to being used
Auto-benchmarked an optimal number (4) of threads.
Set GUI update interval to every 5882-th LF evaluation.
Optimization settings:
	OPTIMIZATION_METHOD = 4
	OPTIMIZATION_PRECISION = 0.001
	MAXIMUM_ITERATIONS_PER_VARIABLE = 5000

Initial parameter values

t2.Chloebia_gouldiae.synRate = 0.1
t2.Chloebia_gouldiae.nonSynRate = 0.1
Optimization finished in 6 loop passes.
243 likelihood evaluation calls and 225 matrix exponentiations calls were made

Row and/or column partition is empty. All the data will be used by default.
Model MG94customModel assigned to Leptosomus_discolor
Model MG94customModel assigned to Falco_peregrinus
One branch tree supplied - hopefully this IS what you meant to do.
Rooted tree. Removing one branch - the left root child has been promoted to be the new root
Partition 0 reversible model flag computed as 1
Variable 't2.Falco_peregrinus.nonSynRate' was not initialized prior to being used
Variable 't2.Falco_peregrinus.synRate' was not initialized prior to being used
Auto-benchmarked an optimal number (4) of threads.
Set GUI update interval to every 5747-th LF evaluation.
Optimization settings:
	OPTIMIZATION_METHOD = 4
	OPTIMIZATION_PRECISION = 0.001
	MAXIMUM_ITERATIONS_PER_VARIABLE = 5000

Initial parameter values

t2.Falco_peregrinus.nonSynRate = 0.1
t2.Falco_peregrinus.synRate = 0.1
Optimization finished in 4 loop passes.
119 likelihood evaluation calls and 108 matrix exponentiations calls were made

Row and/or column partition is empty. All the data will be used by default.
Model MG94customModel assigned to Leptosomus_discolor
Model MG94customModel assigned to Falco_tinnunculus
One branch tree supplied - hopefully this IS what you meant to do.
Rooted tree. Removing one branch - the left root child has been promoted to be the new root
Partition 0 reversible model flag computed as 1
Variable 't2.Falco_tinnunculus.nonSynRate' was not initialized prior to being used
Variable 't2.Falco_tinnunculus.synRate' was not initialized prior to being used
Auto-benchmarked an optimal number (4) of threads.
Set GUI update interval to every 5747-th LF evaluation.
Optimization settings:
	OPTIMIZATION_METHOD = 4
	OPTIMIZATION_PRECISION = 0.001
	MAXIMUM_ITERATIONS_PER_VARIABLE = 5000

Initial parameter values

t2.Falco_tinnunculus.nonSynRate = 0.1
t2.Falco_tinnunculus.synRate = 0.1
Optimization finished in 6 loop passes.
162 likelihood evaluation calls and 145 matrix exponentiations calls were made

Row and/or column partition is empty. All the data will be used by default.
Model MG94customModel assigned to Colius_striatus
Model MG94customModel assigned to Tyto_alba
One branch tree supplied - hopefully this IS what you meant to do.
Rooted tree. Removing one branch - the left root child has been promoted to be the new root
Partition 0 reversible model flag computed as 1
Variable 't2.Tyto_alba.synRate' was not initialized prior to being used
Variable 't2.Tyto_alba.nonSynRate' was not initialized prior to being used
Auto-benchmarked an optimal number (3) of threads.
Set GUI update interval to every 5050-th LF evaluation.
Optimization settings:
	OPTIMIZATION_METHOD = 4
	OPTIMIZATION_PRECISION = 0.001
	MAXIMUM_ITERATIONS_PER_VARIABLE = 5000

Initial parameter values

t2.Tyto_alba.synRate = 0.1
t2.Tyto_alba.nonSynRate = 0.1
Optimization finished in 5 loop passes.
125 likelihood evaluation calls and 114 matrix exponentiations calls were made

Row and/or column partition is empty. All the data will be used by default.
Model MG94customModel assigned to Colius_striatus
Model MG94customModel assigned to Haliaeetus_leucocephalus
One branch tree supplied - hopefully this IS what you meant to do.
Rooted tree. Removing one branch - the left root child has been promoted to be the new root
Partition 0 reversible model flag computed as 1
Variable 't2.Haliaeetus_leucocephalus.nonSynRate' was not initialized prior to being used
Variable 't2.Haliaeetus_leucocephalus.synRate' was not initialized prior to being used
Auto-benchmarked an optimal number (2) of threads.
Set GUI update interval to every 5376-th LF evaluation.
Optimization settings:
	OPTIMIZATION_METHOD = 4
	OPTIMIZATION_PRECISION = 0.001
	MAXIMUM_ITERATIONS_PER_VARIABLE = 5000

Initial parameter values

t2.Haliaeetus_leucocephalus.nonSynRate = 0.1
t2.Haliaeetus_leucocephalus.synRate = 0.1
Optimization finished in 8 loop passes.
175 likelihood evaluation calls and 158 matrix exponentiations calls were made

Row and/or column partition is empty. All the data will be used by default.
Model MG94customModel assigned to Colius_striatus
Model MG94customModel assigned to Aquila_chrysaetos
One branch tree supplied - hopefully this IS what you meant to do.
Rooted tree. Removing one branch - the left root child has been promoted to be the new root
Partition 0 reversible model flag computed as 1
Variable 't2.Aquila_chrysaetos.nonSynRate' was not initialized prior to being used
Variable 't2.Aquila_chrysaetos.synRate' was not initialized prior to being used
Auto-benchmarked an optimal number (4) of threads.
Set GUI update interval to every 5208-th LF evaluation.
Optimization settings:
	OPTIMIZATION_METHOD = 4
	OPTIMIZATION_PRECISION = 0.001
	MAXIMUM_ITERATIONS_PER_VARIABLE = 5000

Initial parameter values

t2.Aquila_chrysaetos.nonSynRate = 0.1
t2.Aquila_chrysaetos.synRate = 0.1
Optimization finished in 8 loop passes.
123 likelihood evaluation calls and 114 matrix exponentiations calls were made

Row and/or column partition is empty. All the data will be used by default.
Model MG94customModel assigned to Colius_striatus
Model MG94customModel assigned to Chloebia_gouldiae
One branch tree supplied - hopefully this IS what you meant to do.
Rooted tree. Removing one branch - the left root child has been promoted to be the new root
Partition 0 reversible model flag computed as 1
Variable 't2.Chloebia_gouldiae.nonSynRate' was not initialized prior to being used
Variable 't2.Chloebia_gouldiae.synRate' was not initialized prior to being used
Auto-benchmarked an optimal number (4) of threads.
Set GUI update interval to every 5319-th LF evaluation.
Optimization settings:
	OPTIMIZATION_METHOD = 4
	OPTIMIZATION_PRECISION = 0.001
	MAXIMUM_ITERATIONS_PER_VARIABLE = 5000

Initial parameter values

t2.Chloebia_gouldiae.nonSynRate = 0.1
t2.Chloebia_gouldiae.synRate = 0.1
Optimization finished in 7 loop passes.
107 likelihood evaluation calls and 98 matrix exponentiations calls were made

Row and/or column partition is empty. All the data will be used by default.
Model MG94customModel assigned to Colius_striatus
Model MG94customModel assigned to Falco_peregrinus
One branch tree supplied - hopefully this IS what you meant to do.
Rooted tree. Removing one branch - the left root child has been promoted to be the new root
Partition 0 reversible model flag computed as 1
Variable 't2.Falco_peregrinus.nonSynRate' was not initialized prior to being used
Variable 't2.Falco_peregrinus.synRate' was not initialized prior to being used
Auto-benchmarked an optimal number (5) of threads.
Set GUI update interval to every 5263-th LF evaluation.
Optimization settings:
	OPTIMIZATION_METHOD = 4
	OPTIMIZATION_PRECISION = 0.001
	MAXIMUM_ITERATIONS_PER_VARIABLE = 5000

Initial parameter values

t2.Falco_peregrinus.nonSynRate = 0.1
t2.Falco_peregrinus.synRate = 0.1
Optimization finished in 6 loop passes.
227 likelihood evaluation calls and 206 matrix exponentiations calls were made

Row and/or column partition is empty. All the data will be used by default.
Model MG94customModel assigned to Colius_striatus
Model MG94customModel assigned to Falco_tinnunculus
One branch tree supplied - hopefully this IS what you meant to do.
Rooted tree. Removing one branch - the left root child has been promoted to be the new root
Partition 0 reversible model flag computed as 1
Variable 't2.Falco_tinnunculus.nonSynRate' was not initialized prior to being used
Variable 't2.Falco_tinnunculus.synRate' was not initialized prior to being used
Auto-benchmarked an optimal number (4) of threads.
Set GUI update interval to every 5263-th LF evaluation.
Optimization settings:
	OPTIMIZATION_METHOD = 4
	OPTIMIZATION_PRECISION = 0.001
	MAXIMUM_ITERATIONS_PER_VARIABLE = 5000

Initial parameter values

t2.Falco_tinnunculus.nonSynRate = 0.1
t2.Falco_tinnunculus.synRate = 0.1
Optimization finished in 7 loop passes.
175 likelihood evaluation calls and 159 matrix exponentiations calls were made

Row and/or column partition is empty. All the data will be used by default.
Model MG94customModel assigned to Tyto_alba
Model MG94customModel assigned to Haliaeetus_leucocephalus
One branch tree supplied - hopefully this IS what you meant to do.
Rooted tree. Removing one branch - the left root child has been promoted to be the new root
Partition 0 reversible model flag computed as 1
Variable 't2.Haliaeetus_leucocephalus.nonSynRate' was not initialized prior to being used
Variable 't2.Haliaeetus_leucocephalus.synRate' was not initialized prior to being used
Auto-benchmarked an optimal number (4) of threads.
Set GUI update interval to every 5681-th LF evaluation.
Optimization settings:
	OPTIMIZATION_METHOD = 4
	OPTIMIZATION_PRECISION = 0.001
	MAXIMUM_ITERATIONS_PER_VARIABLE = 5000

Initial parameter values

t2.Haliaeetus_leucocephalus.nonSynRate = 0.1
t2.Haliaeetus_leucocephalus.synRate = 0.1
Optimization finished in 5 loop passes.
136 likelihood evaluation calls and 118 matrix exponentiations calls were made

Row and/or column partition is empty. All the data will be used by default.
Model MG94customModel assigned to Tyto_alba
Model MG94customModel assigned to Aquila_chrysaetos
One branch tree supplied - hopefully this IS what you meant to do.
Rooted tree. Removing one branch - the left root child has been promoted to be the new root
Partition 0 reversible model flag computed as 1
Variable 't2.Aquila_chrysaetos.nonSynRate' was not initialized prior to being used
Variable 't2.Aquila_chrysaetos.synRate' was not initialized prior to being used
Auto-benchmarked an optimal number (4) of threads.
Set GUI update interval to every 5263-th LF evaluation.
Optimization settings:
	OPTIMIZATION_METHOD = 4
	OPTIMIZATION_PRECISION = 0.001
	MAXIMUM_ITERATIONS_PER_VARIABLE = 5000

Initial parameter values

t2.Aquila_chrysaetos.nonSynRate = 0.1
t2.Aquila_chrysaetos.synRate = 0.1
Optimization finished in 5 loop passes.
135 likelihood evaluation calls and 119 matrix exponentiations calls were made

Row and/or column partition is empty. All the data will be used by default.
Model MG94customModel assigned to Tyto_alba
Model MG94customModel assigned to Chloebia_gouldiae
One branch tree supplied - hopefully this IS what you meant to do.
Rooted tree. Removing one branch - the left root child has been promoted to be the new root
Partition 0 reversible model flag computed as 1
Variable 't2.Chloebia_gouldiae.nonSynRate' was not initialized prior to being used
Variable 't2.Chloebia_gouldiae.synRate' was not initialized prior to being used
Auto-benchmarked an optimal number (3) of threads.
Set GUI update interval to every 5555-th LF evaluation.
Optimization settings:
	OPTIMIZATION_METHOD = 4
	OPTIMIZATION_PRECISION = 0.001
	MAXIMUM_ITERATIONS_PER_VARIABLE = 5000

Initial parameter values

t2.Chloebia_gouldiae.nonSynRate = 0.1
t2.Chloebia_gouldiae.synRate = 0.1
Optimization finished in 5 loop passes.
173 likelihood evaluation calls and 157 matrix exponentiations calls were made

Row and/or column partition is empty. All the data will be used by default.
Model MG94customModel assigned to Tyto_alba
Model MG94customModel assigned to Falco_peregrinus
One branch tree supplied - hopefully this IS what you meant to do.
Rooted tree. Removing one branch - the left root child has been promoted to be the new root
Partition 0 reversible model flag computed as 1
Variable 't2.Falco_peregrinus.nonSynRate' was not initialized prior to being used
Variable 't2.Falco_peregrinus.synRate' was not initialized prior to being used
Auto-benchmarked an optimal number (4) of threads.
Set GUI update interval to every 4854-th LF evaluation.
Optimization settings:
	OPTIMIZATION_METHOD = 4
	OPTIMIZATION_PRECISION = 0.001
	MAXIMUM_ITERATIONS_PER_VARIABLE = 5000

Initial parameter values

t2.Falco_peregrinus.nonSynRate = 0.1
t2.Falco_peregrinus.synRate = 0.1
Optimization finished in 7 loop passes.
117 likelihood evaluation calls and 99 matrix exponentiations calls were made

Row and/or column partition is empty. All the data will be used by default.
Model MG94customModel assigned to Tyto_alba
Model MG94customModel assigned to Falco_tinnunculus
One branch tree supplied - hopefully this IS what you meant to do.
Rooted tree. Removing one branch - the left root child has been promoted to be the new root
Partition 0 reversible model flag computed as 1
Variable 't2.Falco_tinnunculus.nonSynRate' was not initialized prior to being used
Variable 't2.Falco_tinnunculus.synRate' was not initialized prior to being used
Auto-benchmarked an optimal number (4) of threads.
Set GUI update interval to every 5050-th LF evaluation.
Optimization settings:
	OPTIMIZATION_METHOD = 4
	OPTIMIZATION_PRECISION = 0.001
	MAXIMUM_ITERATIONS_PER_VARIABLE = 5000

Initial parameter values

t2.Falco_tinnunculus.nonSynRate = 0.1
t2.Falco_tinnunculus.synRate = 0.1
Optimization finished in 8 loop passes.
208 likelihood evaluation calls and 184 matrix exponentiations calls were made

Row and/or column partition is empty. All the data will be used by default.
Model MG94customModel assigned to Haliaeetus_leucocephalus
Model MG94customModel assigned to Aquila_chrysaetos
One branch tree supplied - hopefully this IS what you meant to do.
Rooted tree. Removing one branch - the left root child has been promoted to be the new root
Partition 0 reversible model flag computed as 1
Variable 't2.Aquila_chrysaetos.nonSynRate' was not initialized prior to being used
Variable 't2.Aquila_chrysaetos.synRate' was not initialized prior to being used
Auto-benchmarked an optimal number (3) of threads.
Set GUI update interval to every 5319-th LF evaluation.
Optimization settings:
	OPTIMIZATION_METHOD = 4
	OPTIMIZATION_PRECISION = 0.001
	MAXIMUM_ITERATIONS_PER_VARIABLE = 5000

Initial parameter values

t2.Aquila_chrysaetos.nonSynRate = 0.1
t2.Aquila_chrysaetos.synRate = 0.1
Optimization finished in 5 loop passes.
52 likelihood evaluation calls and 46 matrix exponentiations calls were made

Row and/or column partition is empty. All the data will be used by default.
Model MG94customModel assigned to Haliaeetus_leucocephalus
Model MG94customModel assigned to Chloebia_gouldiae
One branch tree supplied - hopefully this IS what you meant to do.
Rooted tree. Removing one branch - the left root child has been promoted to be the new root
Partition 0 reversible model flag computed as 1
Variable 't2.Chloebia_gouldiae.nonSynRate' was not initialized prior to being used
Variable 't2.Chloebia_gouldiae.synRate' was not initialized prior to being used
Auto-benchmarked an optimal number (4) of threads.
Set GUI update interval to every 6493-th LF evaluation.
Optimization settings:
	OPTIMIZATION_METHOD = 4
	OPTIMIZATION_PRECISION = 0.001
	MAXIMUM_ITERATIONS_PER_VARIABLE = 5000

Initial parameter values

t2.Chloebia_gouldiae.nonSynRate = 0.1
t2.Chloebia_gouldiae.synRate = 0.1
Optimization finished in 5 loop passes.
181 likelihood evaluation calls and 165 matrix exponentiations calls were made

Row and/or column partition is empty. All the data will be used by default.
Model MG94customModel assigned to Haliaeetus_leucocephalus
Model MG94customModel assigned to Falco_peregrinus
One branch tree supplied - hopefully this IS what you meant to do.
Rooted tree. Removing one branch - the left root child has been promoted to be the new root
Partition 0 reversible model flag computed as 1
Variable 't2.Falco_peregrinus.nonSynRate' was not initialized prior to being used
Variable 't2.Falco_peregrinus.synRate' was not initialized prior to being used
Auto-benchmarked an optimal number (4) of threads.
Set GUI update interval to every 6493-th LF evaluation.
Optimization settings:
	OPTIMIZATION_METHOD = 4
	OPTIMIZATION_PRECISION = 0.001
	MAXIMUM_ITERATIONS_PER_VARIABLE = 5000

Initial parameter values

t2.Falco_peregrinus.nonSynRate = 0.1
t2.Falco_peregrinus.synRate = 0.1
Optimization finished in 7 loop passes.
154 likelihood evaluation calls and 133 matrix exponentiations calls were made

Row and/or column partition is empty. All the data will be used by default.
Model MG94customModel assigned to Haliaeetus_leucocephalus
Model MG94customModel assigned to Falco_tinnunculus
One branch tree supplied - hopefully this IS what you meant to do.
Rooted tree. Removing one branch - the left root child has been promoted to be the new root
Partition 0 reversible model flag computed as 1
Variable 't2.Falco_tinnunculus.nonSynRate' was not initialized prior to being used
Variable 't2.Falco_tinnunculus.synRate' was not initialized prior to being used
Auto-benchmarked an optimal number (4) of threads.
Set GUI update interval to every 5747-th LF evaluation.
Optimization settings:
	OPTIMIZATION_METHOD = 4
	OPTIMIZATION_PRECISION = 0.001
	MAXIMUM_ITERATIONS_PER_VARIABLE = 5000

Initial parameter values

t2.Falco_tinnunculus.nonSynRate = 0.1
t2.Falco_tinnunculus.synRate = 0.1
Optimization finished in 7 loop passes.
125 likelihood evaluation calls and 108 matrix exponentiations calls were made

Row and/or column partition is empty. All the data will be used by default.
Model MG94customModel assigned to Aquila_chrysaetos
Model MG94customModel assigned to Chloebia_gouldiae
One branch tree supplied - hopefully this IS what you meant to do.
Rooted tree. Removing one branch - the left root child has been promoted to be the new root
Partition 0 reversible model flag computed as 1
Variable 't2.Chloebia_gouldiae.nonSynRate' was not initialized prior to being used
Variable 't2.Chloebia_gouldiae.synRate' was not initialized prior to being used
Auto-benchmarked an optimal number (4) of threads.
Set GUI update interval to every 5747-th LF evaluation.
Optimization settings:
	OPTIMIZATION_METHOD = 4
	OPTIMIZATION_PRECISION = 0.001
	MAXIMUM_ITERATIONS_PER_VARIABLE = 5000

Initial parameter values

t2.Chloebia_gouldiae.nonSynRate = 0.1
t2.Chloebia_gouldiae.synRate = 0.1
Optimization finished in 5 loop passes.
184 likelihood evaluation calls and 166 matrix exponentiations calls were made

Row and/or column partition is empty. All the data will be used by default.
Model MG94customModel assigned to Aquila_chrysaetos
Model MG94customModel assigned to Falco_peregrinus
One branch tree supplied - hopefully this IS what you meant to do.
Rooted tree. Removing one branch - the left root child has been promoted to be the new root
Partition 0 reversible model flag computed as 1
Variable 't2.Falco_peregrinus.nonSynRate' was not initialized prior to being used
Variable 't2.Falco_peregrinus.synRate' was not initialized prior to being used
Auto-benchmarked an optimal number (3) of threads.
Set GUI update interval to every 5263-th LF evaluation.
Optimization settings:
	OPTIMIZATION_METHOD = 4
	OPTIMIZATION_PRECISION = 0.001
	MAXIMUM_ITERATIONS_PER_VARIABLE = 5000

Initial parameter values

t2.Falco_peregrinus.nonSynRate = 0.1
t2.Falco_peregrinus.synRate = 0.1
Optimization finished in 7 loop passes.
113 likelihood evaluation calls and 107 matrix exponentiations calls were made

Row and/or column partition is empty. All the data will be used by default.
Model MG94customModel assigned to Aquila_chrysaetos
Model MG94customModel assigned to Falco_tinnunculus
One branch tree supplied - hopefully this IS what you meant to do.
Rooted tree. Removing one branch - the left root child has been promoted to be the new root
Partition 0 reversible model flag computed as 1
Variable 't2.Falco_tinnunculus.nonSynRate' was not initialized prior to being used
Variable 't2.Falco_tinnunculus.synRate' was not initialized prior to being used
Auto-benchmarked an optimal number (1) of threads.
Set GUI update interval to every 3597-th LF evaluation.
Optimization settings:
	OPTIMIZATION_METHOD = 4
	OPTIMIZATION_PRECISION = 0.001
	MAXIMUM_ITERATIONS_PER_VARIABLE = 5000

Initial parameter values

t2.Falco_tinnunculus.nonSynRate = 0.1
t2.Falco_tinnunculus.synRate = 0.1
Optimization finished in 5 loop passes.
52 likelihood evaluation calls and 44 matrix exponentiations calls were made

Row and/or column partition is empty. All the data will be used by default.
Model MG94customModel assigned to Chloebia_gouldiae
Model MG94customModel assigned to Falco_peregrinus
One branch tree supplied - hopefully this IS what you meant to do.
Rooted tree. Removing one branch - the left root child has been promoted to be the new root
Partition 0 reversible model flag computed as 1
Variable 't2.Falco_peregrinus.nonSynRate' was not initialized prior to being used
Variable 't2.Falco_peregrinus.synRate' was not initialized prior to being used
Auto-benchmarked an optimal number (4) of threads.
Set GUI update interval to every 5813-th LF evaluation.
Optimization settings:
	OPTIMIZATION_METHOD = 4
	OPTIMIZATION_PRECISION = 0.001
	MAXIMUM_ITERATIONS_PER_VARIABLE = 5000

Initial parameter values

t2.Falco_peregrinus.nonSynRate = 0.1
t2.Falco_peregrinus.synRate = 0.1
Optimization finished in 5 loop passes.
196 likelihood evaluation calls and 180 matrix exponentiations calls were made

Row and/or column partition is empty. All the data will be used by default.
Model MG94customModel assigned to Chloebia_gouldiae
Model MG94customModel assigned to Falco_tinnunculus
One branch tree supplied - hopefully this IS what you meant to do.
Rooted tree. Removing one branch - the left root child has been promoted to be the new root
Partition 0 reversible model flag computed as 1
Variable 't2.Falco_tinnunculus.nonSynRate' was not initialized prior to being used
Variable 't2.Falco_tinnunculus.synRate' was not initialized prior to being used
Auto-benchmarked an optimal number (4) of threads.
Set GUI update interval to every 6493-th LF evaluation.
Optimization settings:
	OPTIMIZATION_METHOD = 4
	OPTIMIZATION_PRECISION = 0.001
	MAXIMUM_ITERATIONS_PER_VARIABLE = 5000

Initial parameter values

t2.Falco_tinnunculus.nonSynRate = 0.1
t2.Falco_tinnunculus.synRate = 0.1
Optimization finished in 5 loop passes.
184 likelihood evaluation calls and 170 matrix exponentiations calls were made

Row and/or column partition is empty. All the data will be used by default.
Model MG94customModel assigned to Falco_peregrinus
Model MG94customModel assigned to Falco_tinnunculus
One branch tree supplied - hopefully this IS what you meant to do.
Rooted tree. Removing one branch - the left root child has been promoted to be the new root
Partition 0 reversible model flag computed as 1
Auto-benchmarked an optimal number (3) of threads.
Set GUI update interval to every 783-th LF evaluation.
Optimization settings:
	OPTIMIZATION_METHOD = 4
	OPTIMIZATION_PRECISION = 0.001
	MAXIMUM_ITERATIONS_PER_VARIABLE = 5000

Initial parameter values

t2.Falco_tinnunculus.nonSynRate = 0.1
t2.Falco_tinnunculus.synRate = 0.1
Optimization finished in 5 loop passes.
150 likelihood evaluation calls and 134 matrix exponentiations calls were made
